
================================================= ARGUMENT PARSING & VALIDATION =================================================

Raw FASTQ directory path: ../zymobiomics_folder/raw_data/
✅  Database set to: /scratch/users/k24087895/final_project/data/databases/k2_eupathdb48_20230407/
Quality Control & Trimming: Disabled ❌
⚠️  Optional, but must be done at least once on the raw reads for the pipeline to work.

Host DNA Removal: Disabled ❌
⚠️  Optional, but must be done at least once on the trimmed reads for the pipeline to work.

Kraken2/Bracken Database: /scratch/users/k24087895/final_project/data/databases/k2_eupathdb48_20230407/

================================================= CONDA ENVIRONMENT ACTIVATION ==================================================

✅ 'metagenomics' environment activated successfully.

====================================================== PROJECT STRUCTURE ======================================================

../zymobiomics_folder
├── processed_data
│   ├── human
│   │   ├── aligned_sam
│   │   ├── bed_files
│   │   └── sorted_bam
│   ├── metagenomic
│   │   ├── bracken
│   │   ├── classified
│   │   ├── filtered_fastq
│   │   ├── kraken2
│   │   └── unclassified
│   └── trimmed
│       ├── paired
│       └── unpaired
├── raw_data
└── results
    ├── fastqc
    │   ├── post_trimming
    │   └── pre_trimming
    ├── host_dna_analysis
    └── runs
        ├── run_2005_1637
        ├── run_2005_1655
        ├── run_2005_1658
        ├── run_2005_1706
        ├── run_2005_1730
        ├── run_2005_1744
        ├── run_2105_1617
        ├── run_2105_1632
        ├── run_2105_1640
        ├── run_2105_1653
        ├── run_2105_1700
        ├── run_2105_1708
        ├── run_2105_1713
        ├── run_2105_1722
        ├── run_2205_1556
        ├── run_2205_1603
        ├── run_2205_1608
        ├── run_2205_1648
        ├── run_2205_1702
        ├── run_2205_1708
        ├── run_2205_1718
        ├── run_2205_1725
        ├── run_2305_1437
        ├── run_2305_1444
        └── run_2305_1459

46 directories
Human DNA-related files (SAM, BAM, and BED) in the 'human' directory are created once per sub-project and remain unchanged across runs.
Intermediate metagenomic files in the 'metagenomic' directory are overwritten with each run and should be inspected beforehand if desired.
Results are stored in the 'results' directory (including FastQC, host DNA analysis, and run-specific results like Kraken2 and Bracken).

================================================= METAGENOMIC ABUNDANCE ESTIMATION =================================================
⚠️  This step assumes reads have already been trimmed with Trimmomatic and host DNA removed with Bowtie2. Processed reads must be in the correct directory.

Processing sample: ZC1_S4

Classifying metagenomic reads with Kraken2...
kraken2 --db "/scratch/users/k24087895/final_project/data/databases/k2_eupathdb48_20230407/" --threads 8 --report "../zymobiomics_folder/results/runs/run_2305_1459/reports/ZC1_S4.k2report" 		--report-minimizer-data --paired --minimum-hit-groups 10 		--classified-out "../zymobiomics_folder/processed_data/metagenomic/classified/ZC1_S4_classified#.fastq" --unclassified-out "../zymobiomics_folder/processed_data/metagenomic/unclassified/ZC1_S4_unclassified#.fastq" 		--output "../zymobiomics_folder/processed_data/metagenomic/kraken2/ZC1_S4.kraken2" --use-names "../zymobiomics_folder/processed_data/metagenomic/filtered_fastq/ZC1_S4_metagenomic.1" "../zymobiomics_folder/processed_data/metagenomic/filtered_fastq/ZC1_S4_metagenomic.2" 2>&1
Loading database information... done.
287710 sequences (51.71 Mbp) processed in 1.501s (11499.2 Kseq/m, 2066.77 Mbp/m).
  10899 sequences classified (3.79%)
  276811 sequences unclassified (96.21%)
✅  Classification complete.

Estimating species abundance with Bracken...
 >> Checking for Valid Options...
 >> Running Bracken 
      >> python src/est_abundance.py -i ../zymobiomics_folder/results/runs/run_2305_1459/reports/ZC1_S4.k2report -o ../zymobiomics_folder/processed_data/metagenomic/bracken/ZC1_S4.bracken -k /scratch/users/k24087895/final_project/data/databases/k2_eupathdb48_20230407/database100mers.kmer_distrib -l S -t 0
>> Checking report file: ../zymobiomics_folder/results/runs/run_2305_1459/reports/ZC1_S4.k2report
PROGRAM START TIME: 05-23-2025 14:00:09
BRACKEN SUMMARY (Kraken report: ../zymobiomics_folder/results/runs/run_2305_1459/reports/ZC1_S4.k2report)
    >>> Threshold: 0 
    >>> Number of species in sample: 18 
	  >> Number of species with reads > threshold: 18 
	  >> Number of species with reads < threshold: 0 
    >>> Total reads in sample: 287710
	  >> Total reads kept at species level (reads > threshold): 10823
	  >> Total reads discarded (species reads < threshold): 0
	  >> Reads distributed: 76
	  >> Reads not distributed (eg. no species above threshold): 0
	  >> Unclassified reads: 276811
BRACKEN OUTPUT PRODUCED: ../zymobiomics_folder/processed_data/metagenomic/bracken/ZC1_S4.bracken
PROGRAM END TIME: 05-23-2025 14:00:09
  Bracken complete.
✅  Abundance estimated.

Generating Krona visualization...
Writing ../zymobiomics_folder/results/runs/run_2305_1459/krona/ZC1_S4.krona.html...
✅  Krona plot generated.

Processing sample: ZC2_S5

Classifying metagenomic reads with Kraken2...
kraken2 --db "/scratch/users/k24087895/final_project/data/databases/k2_eupathdb48_20230407/" --threads 8 --report "../zymobiomics_folder/results/runs/run_2305_1459/reports/ZC2_S5.k2report" 		--report-minimizer-data --paired --minimum-hit-groups 10 		--classified-out "../zymobiomics_folder/processed_data/metagenomic/classified/ZC2_S5_classified#.fastq" --unclassified-out "../zymobiomics_folder/processed_data/metagenomic/unclassified/ZC2_S5_unclassified#.fastq" 		--output "../zymobiomics_folder/processed_data/metagenomic/kraken2/ZC2_S5.kraken2" --use-names "../zymobiomics_folder/processed_data/metagenomic/filtered_fastq/ZC2_S5_metagenomic.1" "../zymobiomics_folder/processed_data/metagenomic/filtered_fastq/ZC2_S5_metagenomic.2" 2>&1
Loading database information... done.
267582 sequences (38.37 Mbp) processed in 1.253s (12811.9 Kseq/m, 1837.03 Mbp/m).
  8695 sequences classified (3.25%)
  258887 sequences unclassified (96.75%)
✅  Classification complete.

Estimating species abundance with Bracken...
 >> Checking for Valid Options...
 >> Running Bracken 
      >> python src/est_abundance.py -i ../zymobiomics_folder/results/runs/run_2305_1459/reports/ZC2_S5.k2report -o ../zymobiomics_folder/processed_data/metagenomic/bracken/ZC2_S5.bracken -k /scratch/users/k24087895/final_project/data/databases/k2_eupathdb48_20230407/database100mers.kmer_distrib -l S -t 0
>> Checking report file: ../zymobiomics_folder/results/runs/run_2305_1459/reports/ZC2_S5.k2report
PROGRAM START TIME: 05-23-2025 14:00:16
BRACKEN SUMMARY (Kraken report: ../zymobiomics_folder/results/runs/run_2305_1459/reports/ZC2_S5.k2report)
    >>> Threshold: 0 
    >>> Number of species in sample: 14 
	  >> Number of species with reads > threshold: 14 
	  >> Number of species with reads < threshold: 0 
    >>> Total reads in sample: 267582
	  >> Total reads kept at species level (reads > threshold): 8635
	  >> Total reads discarded (species reads < threshold): 0
	  >> Reads distributed: 58
	  >> Reads not distributed (eg. no species above threshold): 2
	  >> Unclassified reads: 258887
BRACKEN OUTPUT PRODUCED: ../zymobiomics_folder/processed_data/metagenomic/bracken/ZC2_S5.bracken
PROGRAM END TIME: 05-23-2025 14:00:16
  Bracken complete.
✅  Abundance estimated.

Generating Krona visualization...
Writing ../zymobiomics_folder/results/runs/run_2305_1459/krona/ZC2_S5.krona.html...
✅  Krona plot generated.

Processing sample: ZC3_S6

Classifying metagenomic reads with Kraken2...
kraken2 --db "/scratch/users/k24087895/final_project/data/databases/k2_eupathdb48_20230407/" --threads 8 --report "../zymobiomics_folder/results/runs/run_2305_1459/reports/ZC3_S6.k2report" 		--report-minimizer-data --paired --minimum-hit-groups 10 		--classified-out "../zymobiomics_folder/processed_data/metagenomic/classified/ZC3_S6_classified#.fastq" --unclassified-out "../zymobiomics_folder/processed_data/metagenomic/unclassified/ZC3_S6_unclassified#.fastq" 		--output "../zymobiomics_folder/processed_data/metagenomic/kraken2/ZC3_S6.kraken2" --use-names "../zymobiomics_folder/processed_data/metagenomic/filtered_fastq/ZC3_S6_metagenomic.1" "../zymobiomics_folder/processed_data/metagenomic/filtered_fastq/ZC3_S6_metagenomic.2" 2>&1
Loading database information... done.
273941 sequences (42.88 Mbp) processed in 1.216s (13513.4 Kseq/m, 2115.03 Mbp/m).
  10680 sequences classified (3.90%)
  263261 sequences unclassified (96.10%)
✅  Classification complete.

Estimating species abundance with Bracken...
 >> Checking for Valid Options...
 >> Running Bracken 
      >> python src/est_abundance.py -i ../zymobiomics_folder/results/runs/run_2305_1459/reports/ZC3_S6.k2report -o ../zymobiomics_folder/processed_data/metagenomic/bracken/ZC3_S6.bracken -k /scratch/users/k24087895/final_project/data/databases/k2_eupathdb48_20230407/database100mers.kmer_distrib -l S -t 0
>> Checking report file: ../zymobiomics_folder/results/runs/run_2305_1459/reports/ZC3_S6.k2report
PROGRAM START TIME: 05-23-2025 14:00:22
BRACKEN SUMMARY (Kraken report: ../zymobiomics_folder/results/runs/run_2305_1459/reports/ZC3_S6.k2report)
    >>> Threshold: 0 
    >>> Number of species in sample: 16 
	  >> Number of species with reads > threshold: 16 
	  >> Number of species with reads < threshold: 0 
    >>> Total reads in sample: 273941
	  >> Total reads kept at species level (reads > threshold): 10604
	  >> Total reads discarded (species reads < threshold): 0
	  >> Reads distributed: 75
	  >> Reads not distributed (eg. no species above threshold): 1
	  >> Unclassified reads: 263261
BRACKEN OUTPUT PRODUCED: ../zymobiomics_folder/processed_data/metagenomic/bracken/ZC3_S6.bracken
PROGRAM END TIME: 05-23-2025 14:00:22
  Bracken complete.
✅  Abundance estimated.

Generating Krona visualization...
Writing ../zymobiomics_folder/results/runs/run_2305_1459/krona/ZC3_S6.krona.html...
✅  Krona plot generated.

Processing sample: ZC4_S7

Classifying metagenomic reads with Kraken2...
kraken2 --db "/scratch/users/k24087895/final_project/data/databases/k2_eupathdb48_20230407/" --threads 8 --report "../zymobiomics_folder/results/runs/run_2305_1459/reports/ZC4_S7.k2report" 		--report-minimizer-data --paired --minimum-hit-groups 10 		--classified-out "../zymobiomics_folder/processed_data/metagenomic/classified/ZC4_S7_classified#.fastq" --unclassified-out "../zymobiomics_folder/processed_data/metagenomic/unclassified/ZC4_S7_unclassified#.fastq" 		--output "../zymobiomics_folder/processed_data/metagenomic/kraken2/ZC4_S7.kraken2" --use-names "../zymobiomics_folder/processed_data/metagenomic/filtered_fastq/ZC4_S7_metagenomic.1" "../zymobiomics_folder/processed_data/metagenomic/filtered_fastq/ZC4_S7_metagenomic.2" 2>&1
Loading database information... done.
238874 sequences (35.00 Mbp) processed in 1.099s (13042.7 Kseq/m, 1911.16 Mbp/m).
  7733 sequences classified (3.24%)
  231141 sequences unclassified (96.76%)
✅  Classification complete.

Estimating species abundance with Bracken...
 >> Checking for Valid Options...
 >> Running Bracken 
      >> python src/est_abundance.py -i ../zymobiomics_folder/results/runs/run_2305_1459/reports/ZC4_S7.k2report -o ../zymobiomics_folder/processed_data/metagenomic/bracken/ZC4_S7.bracken -k /scratch/users/k24087895/final_project/data/databases/k2_eupathdb48_20230407/database100mers.kmer_distrib -l S -t 0
>> Checking report file: ../zymobiomics_folder/results/runs/run_2305_1459/reports/ZC4_S7.k2report
PROGRAM START TIME: 05-23-2025 14:00:28
BRACKEN SUMMARY (Kraken report: ../zymobiomics_folder/results/runs/run_2305_1459/reports/ZC4_S7.k2report)
    >>> Threshold: 0 
    >>> Number of species in sample: 15 
	  >> Number of species with reads > threshold: 15 
	  >> Number of species with reads < threshold: 0 
    >>> Total reads in sample: 238874
	  >> Total reads kept at species level (reads > threshold): 7683
	  >> Total reads discarded (species reads < threshold): 0
	  >> Reads distributed: 50
	  >> Reads not distributed (eg. no species above threshold): 0
	  >> Unclassified reads: 231141
BRACKEN OUTPUT PRODUCED: ../zymobiomics_folder/processed_data/metagenomic/bracken/ZC4_S7.bracken
PROGRAM END TIME: 05-23-2025 14:00:28
  Bracken complete.
✅  Abundance estimated.

Generating Krona visualization...
Writing ../zymobiomics_folder/results/runs/run_2305_1459/krona/ZC4_S7.krona.html...
✅  Krona plot generated.

Processing sample: ZP1_S20

Classifying metagenomic reads with Kraken2...
kraken2 --db "/scratch/users/k24087895/final_project/data/databases/k2_eupathdb48_20230407/" --threads 8 --report "../zymobiomics_folder/results/runs/run_2305_1459/reports/ZP1_S20.k2report" 		--report-minimizer-data --paired --minimum-hit-groups 10 		--classified-out "../zymobiomics_folder/processed_data/metagenomic/classified/ZP1_S20_classified#.fastq" --unclassified-out "../zymobiomics_folder/processed_data/metagenomic/unclassified/ZP1_S20_unclassified#.fastq" 		--output "../zymobiomics_folder/processed_data/metagenomic/kraken2/ZP1_S20.kraken2" --use-names "../zymobiomics_folder/processed_data/metagenomic/filtered_fastq/ZP1_S20_metagenomic.1" "../zymobiomics_folder/processed_data/metagenomic/filtered_fastq/ZP1_S20_metagenomic.2" 2>&1
Loading database information... done.
299531 sequences (46.78 Mbp) processed in 1.221s (14719.1 Kseq/m, 2299.01 Mbp/m).
  7810 sequences classified (2.61%)
  291721 sequences unclassified (97.39%)
✅  Classification complete.

Estimating species abundance with Bracken...
 >> Checking for Valid Options...
 >> Running Bracken 
      >> python src/est_abundance.py -i ../zymobiomics_folder/results/runs/run_2305_1459/reports/ZP1_S20.k2report -o ../zymobiomics_folder/processed_data/metagenomic/bracken/ZP1_S20.bracken -k /scratch/users/k24087895/final_project/data/databases/k2_eupathdb48_20230407/database100mers.kmer_distrib -l S -t 0
>> Checking report file: ../zymobiomics_folder/results/runs/run_2305_1459/reports/ZP1_S20.k2report
PROGRAM START TIME: 05-23-2025 14:00:34
BRACKEN SUMMARY (Kraken report: ../zymobiomics_folder/results/runs/run_2305_1459/reports/ZP1_S20.k2report)
    >>> Threshold: 0 
    >>> Number of species in sample: 15 
	  >> Number of species with reads > threshold: 15 
	  >> Number of species with reads < threshold: 0 
    >>> Total reads in sample: 299531
	  >> Total reads kept at species level (reads > threshold): 7759
	  >> Total reads discarded (species reads < threshold): 0
	  >> Reads distributed: 51
	  >> Reads not distributed (eg. no species above threshold): 0
	  >> Unclassified reads: 291721
BRACKEN OUTPUT PRODUCED: ../zymobiomics_folder/processed_data/metagenomic/bracken/ZP1_S20.bracken
PROGRAM END TIME: 05-23-2025 14:00:34
  Bracken complete.
✅  Abundance estimated.

Generating Krona visualization...
Writing ../zymobiomics_folder/results/runs/run_2305_1459/krona/ZP1_S20.krona.html...
✅  Krona plot generated.

Processing sample: ZP2_S21

Classifying metagenomic reads with Kraken2...
kraken2 --db "/scratch/users/k24087895/final_project/data/databases/k2_eupathdb48_20230407/" --threads 8 --report "../zymobiomics_folder/results/runs/run_2305_1459/reports/ZP2_S21.k2report" 		--report-minimizer-data --paired --minimum-hit-groups 10 		--classified-out "../zymobiomics_folder/processed_data/metagenomic/classified/ZP2_S21_classified#.fastq" --unclassified-out "../zymobiomics_folder/processed_data/metagenomic/unclassified/ZP2_S21_unclassified#.fastq" 		--output "../zymobiomics_folder/processed_data/metagenomic/kraken2/ZP2_S21.kraken2" --use-names "../zymobiomics_folder/processed_data/metagenomic/filtered_fastq/ZP2_S21_metagenomic.1" "../zymobiomics_folder/processed_data/metagenomic/filtered_fastq/ZP2_S21_metagenomic.2" 2>&1
Loading database information... done.
293442 sequences (42.99 Mbp) processed in 0.972s (18117.4 Kseq/m, 2654.30 Mbp/m).
  6944 sequences classified (2.37%)
  286498 sequences unclassified (97.63%)
✅  Classification complete.

Estimating species abundance with Bracken...
 >> Checking for Valid Options...
 >> Running Bracken 
      >> python src/est_abundance.py -i ../zymobiomics_folder/results/runs/run_2305_1459/reports/ZP2_S21.k2report -o ../zymobiomics_folder/processed_data/metagenomic/bracken/ZP2_S21.bracken -k /scratch/users/k24087895/final_project/data/databases/k2_eupathdb48_20230407/database100mers.kmer_distrib -l S -t 0
>> Checking report file: ../zymobiomics_folder/results/runs/run_2305_1459/reports/ZP2_S21.k2report
PROGRAM START TIME: 05-23-2025 14:00:40
BRACKEN SUMMARY (Kraken report: ../zymobiomics_folder/results/runs/run_2305_1459/reports/ZP2_S21.k2report)
    >>> Threshold: 0 
    >>> Number of species in sample: 10 
	  >> Number of species with reads > threshold: 10 
	  >> Number of species with reads < threshold: 0 
    >>> Total reads in sample: 293442
	  >> Total reads kept at species level (reads > threshold): 6908
	  >> Total reads discarded (species reads < threshold): 0
	  >> Reads distributed: 35
	  >> Reads not distributed (eg. no species above threshold): 1
	  >> Unclassified reads: 286498
BRACKEN OUTPUT PRODUCED: ../zymobiomics_folder/processed_data/metagenomic/bracken/ZP2_S21.bracken
PROGRAM END TIME: 05-23-2025 14:00:40
  Bracken complete.
✅  Abundance estimated.

Generating Krona visualization...
Writing ../zymobiomics_folder/results/runs/run_2305_1459/krona/ZP2_S21.krona.html...
✅  Krona plot generated.

Processing sample: ZP3_S22

Classifying metagenomic reads with Kraken2...
kraken2 --db "/scratch/users/k24087895/final_project/data/databases/k2_eupathdb48_20230407/" --threads 8 --report "../zymobiomics_folder/results/runs/run_2305_1459/reports/ZP3_S22.k2report" 		--report-minimizer-data --paired --minimum-hit-groups 10 		--classified-out "../zymobiomics_folder/processed_data/metagenomic/classified/ZP3_S22_classified#.fastq" --unclassified-out "../zymobiomics_folder/processed_data/metagenomic/unclassified/ZP3_S22_unclassified#.fastq" 		--output "../zymobiomics_folder/processed_data/metagenomic/kraken2/ZP3_S22.kraken2" --use-names "../zymobiomics_folder/processed_data/metagenomic/filtered_fastq/ZP3_S22_metagenomic.1" "../zymobiomics_folder/processed_data/metagenomic/filtered_fastq/ZP3_S22_metagenomic.2" 2>&1
Loading database information... done.
326854 sequences (47.05 Mbp) processed in 1.280s (15323.2 Kseq/m, 2205.66 Mbp/m).
  7619 sequences classified (2.33%)
  319235 sequences unclassified (97.67%)
✅  Classification complete.

Estimating species abundance with Bracken...
 >> Checking for Valid Options...
 >> Running Bracken 
      >> python src/est_abundance.py -i ../zymobiomics_folder/results/runs/run_2305_1459/reports/ZP3_S22.k2report -o ../zymobiomics_folder/processed_data/metagenomic/bracken/ZP3_S22.bracken -k /scratch/users/k24087895/final_project/data/databases/k2_eupathdb48_20230407/database100mers.kmer_distrib -l S -t 0
>> Checking report file: ../zymobiomics_folder/results/runs/run_2305_1459/reports/ZP3_S22.k2report
PROGRAM START TIME: 05-23-2025 14:00:46
BRACKEN SUMMARY (Kraken report: ../zymobiomics_folder/results/runs/run_2305_1459/reports/ZP3_S22.k2report)
    >>> Threshold: 0 
    >>> Number of species in sample: 14 
	  >> Number of species with reads > threshold: 14 
	  >> Number of species with reads < threshold: 0 
    >>> Total reads in sample: 326854
	  >> Total reads kept at species level (reads > threshold): 7574
	  >> Total reads discarded (species reads < threshold): 0
	  >> Reads distributed: 45
	  >> Reads not distributed (eg. no species above threshold): 0
	  >> Unclassified reads: 319235
BRACKEN OUTPUT PRODUCED: ../zymobiomics_folder/processed_data/metagenomic/bracken/ZP3_S22.bracken
PROGRAM END TIME: 05-23-2025 14:00:46
  Bracken complete.
✅  Abundance estimated.

Generating Krona visualization...
Writing ../zymobiomics_folder/results/runs/run_2305_1459/krona/ZP3_S22.krona.html...
✅  Krona plot generated.

Metagenomic classification completed in: 00:01:06

Calculating read length statistics...
ZC1_S4_metagenomic.1: mean = 90.3, median = 78.0
ZC2_S5_metagenomic.1: mean = 71.7, median = 63.0
ZC3_S6_metagenomic.1: mean = 78.4, median = 67.0
ZC4_S7_metagenomic.1: mean = 73.4, median = 62.0
ZP1_S20_metagenomic.1: mean = 78.2, median = 69.0
ZP2_S21_metagenomic.1: mean = 73.4, median = 64.0
ZP3_S22_metagenomic.1: mean = 72.0, median = 62.0
ZC1_S4_metagenomic.2: mean = 89.5, median = 78.0
ZC2_S5_metagenomic.2: mean = 71.7, median = 63.0
ZC3_S6_metagenomic.2: mean = 78.1, median = 67.0
ZC4_S7_metagenomic.2: mean = 73.2, median = 62.0
ZP1_S20_metagenomic.2: mean = 78.0, median = 69.0
ZP2_S21_metagenomic.2: mean = 73.1, median = 64.0
ZP3_S22_metagenomic.2: mean = 72.0, median = 63.0
ZC1_S4_classified_1.fastq: mean = 103.2, median = 92.0
ZC1_S4_classified_2.fastq: mean = 102.3, median = 92.0
ZC2_S5_classified_1.fastq: mean = 84.6, median = 76.0
ZC2_S5_classified_2.fastq: mean = 84.5, median = 76.0
ZC3_S6_classified_1.fastq: mean = 91.7, median = 81.0
ZC3_S6_classified_2.fastq: mean = 91.4, median = 81.0
ZC4_S7_classified_1.fastq: mean = 88.2, median = 77.0
ZC4_S7_classified_2.fastq: mean = 88.1, median = 77.0
ZP1_S20_classified_1.fastq: mean = 88.7, median = 80.0
ZP1_S20_classified_2.fastq: mean = 88.5, median = 80.0
ZP2_S21_classified_1.fastq: mean = 86.2, median = 77.0
ZP2_S21_classified_2.fastq: mean = 85.7, median = 77.0
ZP3_S22_classified_1.fastq: mean = 83.6, median = 75.0
ZP3_S22_classified_2.fastq: mean = 83.6, median = 75.0
ZC1_S4_unclassified_1.fastq: mean = 89.7, median = 78.0
ZC1_S4_unclassified_2.fastq: mean = 89.0, median = 78.0
ZC2_S5_unclassified_1.fastq: mean = 71.3, median = 62.0
ZC2_S5_unclassified_2.fastq: mean = 71.2, median = 62.0
ZC3_S6_unclassified_1.fastq: mean = 77.8, median = 67.0
ZC3_S6_unclassified_2.fastq: mean = 77.6, median = 67.0
ZC4_S7_unclassified_1.fastq: mean = 72.9, median = 61.0
ZC4_S7_unclassified_2.fastq: mean = 72.7, median = 61.0
ZP1_S20_unclassified_1.fastq: mean = 77.9, median = 69.0
ZP1_S20_unclassified_2.fastq: mean = 77.7, median = 69.0
ZP2_S21_unclassified_1.fastq: mean = 73.1, median = 64.0
ZP2_S21_unclassified_2.fastq: mean = 72.8, median = 64.0
ZP3_S22_unclassified_1.fastq: mean = 71.7, median = 62.0
ZP3_S22_unclassified_2.fastq: mean = 71.7, median = 62.0
✅ Statistics generated.

Combining Bracken reports...
Combined CSV file saved to: ../zymobiomics_folder/results/runs/run_2305_1459/combined_breports.csv 
✅ Bracken reports combined.

Copying SLURM job logs...
✅ SLURM job logs copied.

================================================= COMPARISON TO GROUND TRUTH =================================================

================================================= METAGENOMIC DIVERSITY ANALYSIS =================================================
Calculating alpha and beta diversity...
✅ Alpha diversity calculated.
null device 
          1 
Heatmap saved to: ../zymobiomics_folder/results/runs/run_2305_1459/diversity/beta_diversity_heatmap.png 
✅ Beta diversity heatmap generated.
✅  Diversity analysis completed successfully.

✅  Pipeline completed successfully.

Copying final SLURM job logs
