
================================================= ARGUMENT PARSING & VALIDATION =================================================

Raw FASTQ directory path: ../zymobiomics_folder/raw_data/
✅  Database set to: /scratch/users/k24087895/final_project/data/databases/k2_standard_16gb_20250402/
Quality Control & Trimming: Disabled ❌
⚠️  Optional, but must be done at least once on the raw reads for the pipeline to work.

Host DNA Removal: Disabled ❌
⚠️  Optional, but must be done at least once on the trimmed reads for the pipeline to work.

Kraken2/Bracken Database: /scratch/users/k24087895/final_project/data/databases/k2_standard_16gb_20250402/

================================================= CONDA ENVIRONMENT ACTIVATION ==================================================

✅ 'metagenomics' environment activated successfully.

====================================================== PROJECT STRUCTURE ======================================================

../zymobiomics_folder
├── processed_data
│   ├── human
│   │   ├── aligned_sam
│   │   ├── bed_files
│   │   └── sorted_bam
│   ├── metagenomic
│   │   ├── bracken
│   │   ├── classified
│   │   ├── filtered_fastq
│   │   ├── kraken2
│   │   └── unclassified
│   └── trimmed
│       ├── paired
│       └── unpaired
├── raw_data
└── results
    ├── fastqc
    │   ├── post_trimming
    │   └── pre_trimming
    ├── host_dna_analysis
    └── runs
        ├── run_2005_1637
        ├── run_2005_1655
        ├── run_2005_1658
        ├── run_2005_1706
        ├── run_2005_1730
        ├── run_2005_1744
        ├── run_2105_1617
        ├── run_2105_1632
        ├── run_2105_1640
        ├── run_2105_1653
        ├── run_2105_1700
        ├── run_2105_1708
        ├── run_2105_1713
        ├── run_2105_1722
        ├── run_2205_1556
        ├── run_2205_1603
        ├── run_2205_1608
        ├── run_2205_1648
        ├── run_2205_1702
        ├── run_2205_1708
        ├── run_2205_1718
        ├── run_2205_1725
        ├── run_2305_1437
        ├── run_2305_1444
        ├── run_2305_1459
        └── run_2305_1505

47 directories
Human DNA-related files (SAM, BAM, and BED) in the 'human' directory are created once per sub-project and remain unchanged across runs.
Intermediate metagenomic files in the 'metagenomic' directory are overwritten with each run and should be inspected beforehand if desired.
Results are stored in the 'results' directory (including FastQC, host DNA analysis, and run-specific results like Kraken2 and Bracken).

================================================= METAGENOMIC ABUNDANCE ESTIMATION =================================================
⚠️  This step assumes reads have already been trimmed with Trimmomatic and host DNA removed with Bowtie2. Processed reads must be in the correct directory.

Processing sample: ZC1_S4

Classifying metagenomic reads with Kraken2...
kraken2 --db "/scratch/users/k24087895/final_project/data/databases/k2_standard_16gb_20250402/" --threads 8 --report "../zymobiomics_folder/results/runs/run_2305_1505/reports/ZC1_S4.k2report" 		--report-minimizer-data --paired --minimum-hit-groups 10 		--classified-out "../zymobiomics_folder/processed_data/metagenomic/classified/ZC1_S4_classified#.fastq" --unclassified-out "../zymobiomics_folder/processed_data/metagenomic/unclassified/ZC1_S4_unclassified#.fastq" 		--output "../zymobiomics_folder/processed_data/metagenomic/kraken2/ZC1_S4.kraken2" --use-names "../zymobiomics_folder/processed_data/metagenomic/filtered_fastq/ZC1_S4_metagenomic.1" "../zymobiomics_folder/processed_data/metagenomic/filtered_fastq/ZC1_S4_metagenomic.2" 2>&1
Loading database information... done.
287710 sequences (51.71 Mbp) processed in 1.331s (12973.5 Kseq/m, 2331.74 Mbp/m).
  62771 sequences classified (21.82%)
  224939 sequences unclassified (78.18%)
✅  Classification complete.

Estimating species abundance with Bracken...
 >> Checking for Valid Options...
 >> Running Bracken 
      >> python src/est_abundance.py -i ../zymobiomics_folder/results/runs/run_2305_1505/reports/ZC1_S4.k2report -o ../zymobiomics_folder/processed_data/metagenomic/bracken/ZC1_S4.bracken -k /scratch/users/k24087895/final_project/data/databases/k2_standard_16gb_20250402/database100mers.kmer_distrib -l S -t 0
>> Checking report file: ../zymobiomics_folder/results/runs/run_2305_1505/reports/ZC1_S4.k2report
PROGRAM START TIME: 05-23-2025 14:05:46
BRACKEN SUMMARY (Kraken report: ../zymobiomics_folder/results/runs/run_2305_1505/reports/ZC1_S4.k2report)
    >>> Threshold: 0 
    >>> Number of species in sample: 113 
	  >> Number of species with reads > threshold: 113 
	  >> Number of species with reads < threshold: 0 
    >>> Total reads in sample: 287710
	  >> Total reads kept at species level (reads > threshold): 22947
	  >> Total reads discarded (species reads < threshold): 0
	  >> Reads distributed: 39821
	  >> Reads not distributed (eg. no species above threshold): 3
	  >> Unclassified reads: 224939
BRACKEN OUTPUT PRODUCED: ../zymobiomics_folder/processed_data/metagenomic/bracken/ZC1_S4.bracken
PROGRAM END TIME: 05-23-2025 14:05:46
  Bracken complete.
✅  Abundance estimated.

Generating Krona visualization...
Writing ../zymobiomics_folder/results/runs/run_2305_1505/krona/ZC1_S4.krona.html...
✅  Krona plot generated.

Processing sample: ZC2_S5

Classifying metagenomic reads with Kraken2...
kraken2 --db "/scratch/users/k24087895/final_project/data/databases/k2_standard_16gb_20250402/" --threads 8 --report "../zymobiomics_folder/results/runs/run_2305_1505/reports/ZC2_S5.k2report" 		--report-minimizer-data --paired --minimum-hit-groups 10 		--classified-out "../zymobiomics_folder/processed_data/metagenomic/classified/ZC2_S5_classified#.fastq" --unclassified-out "../zymobiomics_folder/processed_data/metagenomic/unclassified/ZC2_S5_unclassified#.fastq" 		--output "../zymobiomics_folder/processed_data/metagenomic/kraken2/ZC2_S5.kraken2" --use-names "../zymobiomics_folder/processed_data/metagenomic/filtered_fastq/ZC2_S5_metagenomic.1" "../zymobiomics_folder/processed_data/metagenomic/filtered_fastq/ZC2_S5_metagenomic.2" 2>&1
Loading database information... done.
267582 sequences (38.37 Mbp) processed in 0.965s (16631.4 Kseq/m, 2384.70 Mbp/m).
  28103 sequences classified (10.50%)
  239479 sequences unclassified (89.50%)
✅  Classification complete.

Estimating species abundance with Bracken...
 >> Checking for Valid Options...
 >> Running Bracken 
      >> python src/est_abundance.py -i ../zymobiomics_folder/results/runs/run_2305_1505/reports/ZC2_S5.k2report -o ../zymobiomics_folder/processed_data/metagenomic/bracken/ZC2_S5.bracken -k /scratch/users/k24087895/final_project/data/databases/k2_standard_16gb_20250402/database100mers.kmer_distrib -l S -t 0
>> Checking report file: ../zymobiomics_folder/results/runs/run_2305_1505/reports/ZC2_S5.k2report
PROGRAM START TIME: 05-23-2025 14:05:55
BRACKEN SUMMARY (Kraken report: ../zymobiomics_folder/results/runs/run_2305_1505/reports/ZC2_S5.k2report)
    >>> Threshold: 0 
    >>> Number of species in sample: 58 
	  >> Number of species with reads > threshold: 58 
	  >> Number of species with reads < threshold: 0 
    >>> Total reads in sample: 267582
	  >> Total reads kept at species level (reads > threshold): 9637
	  >> Total reads discarded (species reads < threshold): 0
	  >> Reads distributed: 18461
	  >> Reads not distributed (eg. no species above threshold): 5
	  >> Unclassified reads: 239479
BRACKEN OUTPUT PRODUCED: ../zymobiomics_folder/processed_data/metagenomic/bracken/ZC2_S5.bracken
PROGRAM END TIME: 05-23-2025 14:05:56
  Bracken complete.
✅  Abundance estimated.

Generating Krona visualization...
Writing ../zymobiomics_folder/results/runs/run_2305_1505/krona/ZC2_S5.krona.html...
✅  Krona plot generated.

Processing sample: ZC3_S6

Classifying metagenomic reads with Kraken2...
kraken2 --db "/scratch/users/k24087895/final_project/data/databases/k2_standard_16gb_20250402/" --threads 8 --report "../zymobiomics_folder/results/runs/run_2305_1505/reports/ZC3_S6.k2report" 		--report-minimizer-data --paired --minimum-hit-groups 10 		--classified-out "../zymobiomics_folder/processed_data/metagenomic/classified/ZC3_S6_classified#.fastq" --unclassified-out "../zymobiomics_folder/processed_data/metagenomic/unclassified/ZC3_S6_unclassified#.fastq" 		--output "../zymobiomics_folder/processed_data/metagenomic/kraken2/ZC3_S6.kraken2" --use-names "../zymobiomics_folder/processed_data/metagenomic/filtered_fastq/ZC3_S6_metagenomic.1" "../zymobiomics_folder/processed_data/metagenomic/filtered_fastq/ZC3_S6_metagenomic.2" 2>&1
Loading database information... done.
273941 sequences (42.88 Mbp) processed in 1.132s (14516.4 Kseq/m, 2272.01 Mbp/m).
  38391 sequences classified (14.01%)
  235550 sequences unclassified (85.99%)
✅  Classification complete.

Estimating species abundance with Bracken...
 >> Checking for Valid Options...
 >> Running Bracken 
      >> python src/est_abundance.py -i ../zymobiomics_folder/results/runs/run_2305_1505/reports/ZC3_S6.k2report -o ../zymobiomics_folder/processed_data/metagenomic/bracken/ZC3_S6.bracken -k /scratch/users/k24087895/final_project/data/databases/k2_standard_16gb_20250402/database100mers.kmer_distrib -l S -t 0
>> Checking report file: ../zymobiomics_folder/results/runs/run_2305_1505/reports/ZC3_S6.k2report
PROGRAM START TIME: 05-23-2025 14:06:04
BRACKEN SUMMARY (Kraken report: ../zymobiomics_folder/results/runs/run_2305_1505/reports/ZC3_S6.k2report)
    >>> Threshold: 0 
    >>> Number of species in sample: 75 
	  >> Number of species with reads > threshold: 75 
	  >> Number of species with reads < threshold: 0 
    >>> Total reads in sample: 273941
	  >> Total reads kept at species level (reads > threshold): 14266
	  >> Total reads discarded (species reads < threshold): 0
	  >> Reads distributed: 24119
	  >> Reads not distributed (eg. no species above threshold): 6
	  >> Unclassified reads: 235550
BRACKEN OUTPUT PRODUCED: ../zymobiomics_folder/processed_data/metagenomic/bracken/ZC3_S6.bracken
PROGRAM END TIME: 05-23-2025 14:06:05
  Bracken complete.
✅  Abundance estimated.

Generating Krona visualization...
Writing ../zymobiomics_folder/results/runs/run_2305_1505/krona/ZC3_S6.krona.html...
✅  Krona plot generated.

Processing sample: ZC4_S7

Classifying metagenomic reads with Kraken2...
kraken2 --db "/scratch/users/k24087895/final_project/data/databases/k2_standard_16gb_20250402/" --threads 8 --report "../zymobiomics_folder/results/runs/run_2305_1505/reports/ZC4_S7.k2report" 		--report-minimizer-data --paired --minimum-hit-groups 10 		--classified-out "../zymobiomics_folder/processed_data/metagenomic/classified/ZC4_S7_classified#.fastq" --unclassified-out "../zymobiomics_folder/processed_data/metagenomic/unclassified/ZC4_S7_unclassified#.fastq" 		--output "../zymobiomics_folder/processed_data/metagenomic/kraken2/ZC4_S7.kraken2" --use-names "../zymobiomics_folder/processed_data/metagenomic/filtered_fastq/ZC4_S7_metagenomic.1" "../zymobiomics_folder/processed_data/metagenomic/filtered_fastq/ZC4_S7_metagenomic.2" 2>&1
Loading database information... done.
238874 sequences (35.00 Mbp) processed in 0.867s (16537.4 Kseq/m, 2423.25 Mbp/m).
  28746 sequences classified (12.03%)
  210128 sequences unclassified (87.97%)
✅  Classification complete.

Estimating species abundance with Bracken...
 >> Checking for Valid Options...
 >> Running Bracken 
      >> python src/est_abundance.py -i ../zymobiomics_folder/results/runs/run_2305_1505/reports/ZC4_S7.k2report -o ../zymobiomics_folder/processed_data/metagenomic/bracken/ZC4_S7.bracken -k /scratch/users/k24087895/final_project/data/databases/k2_standard_16gb_20250402/database100mers.kmer_distrib -l S -t 0
>> Checking report file: ../zymobiomics_folder/results/runs/run_2305_1505/reports/ZC4_S7.k2report
PROGRAM START TIME: 05-23-2025 14:06:13
BRACKEN SUMMARY (Kraken report: ../zymobiomics_folder/results/runs/run_2305_1505/reports/ZC4_S7.k2report)
    >>> Threshold: 0 
    >>> Number of species in sample: 57 
	  >> Number of species with reads > threshold: 57 
	  >> Number of species with reads < threshold: 0 
    >>> Total reads in sample: 238874
	  >> Total reads kept at species level (reads > threshold): 10714
	  >> Total reads discarded (species reads < threshold): 0
	  >> Reads distributed: 18025
	  >> Reads not distributed (eg. no species above threshold): 7
	  >> Unclassified reads: 210128
BRACKEN OUTPUT PRODUCED: ../zymobiomics_folder/processed_data/metagenomic/bracken/ZC4_S7.bracken
PROGRAM END TIME: 05-23-2025 14:06:13
  Bracken complete.
✅  Abundance estimated.

Generating Krona visualization...
Writing ../zymobiomics_folder/results/runs/run_2305_1505/krona/ZC4_S7.krona.html...
✅  Krona plot generated.

Processing sample: ZP1_S20

Classifying metagenomic reads with Kraken2...
kraken2 --db "/scratch/users/k24087895/final_project/data/databases/k2_standard_16gb_20250402/" --threads 8 --report "../zymobiomics_folder/results/runs/run_2305_1505/reports/ZP1_S20.k2report" 		--report-minimizer-data --paired --minimum-hit-groups 10 		--classified-out "../zymobiomics_folder/processed_data/metagenomic/classified/ZP1_S20_classified#.fastq" --unclassified-out "../zymobiomics_folder/processed_data/metagenomic/unclassified/ZP1_S20_unclassified#.fastq" 		--output "../zymobiomics_folder/processed_data/metagenomic/kraken2/ZP1_S20.kraken2" --use-names "../zymobiomics_folder/processed_data/metagenomic/filtered_fastq/ZP1_S20_metagenomic.1" "../zymobiomics_folder/processed_data/metagenomic/filtered_fastq/ZP1_S20_metagenomic.2" 2>&1
Loading database information... done.
299531 sequences (46.78 Mbp) processed in 1.267s (14179.6 Kseq/m, 2214.73 Mbp/m).
  43352 sequences classified (14.47%)
  256179 sequences unclassified (85.53%)
✅  Classification complete.

Estimating species abundance with Bracken...
 >> Checking for Valid Options...
 >> Running Bracken 
      >> python src/est_abundance.py -i ../zymobiomics_folder/results/runs/run_2305_1505/reports/ZP1_S20.k2report -o ../zymobiomics_folder/processed_data/metagenomic/bracken/ZP1_S20.bracken -k /scratch/users/k24087895/final_project/data/databases/k2_standard_16gb_20250402/database100mers.kmer_distrib -l S -t 0
>> Checking report file: ../zymobiomics_folder/results/runs/run_2305_1505/reports/ZP1_S20.k2report
PROGRAM START TIME: 05-23-2025 14:06:22
BRACKEN SUMMARY (Kraken report: ../zymobiomics_folder/results/runs/run_2305_1505/reports/ZP1_S20.k2report)
    >>> Threshold: 0 
    >>> Number of species in sample: 78 
	  >> Number of species with reads > threshold: 78 
	  >> Number of species with reads < threshold: 0 
    >>> Total reads in sample: 299531
	  >> Total reads kept at species level (reads > threshold): 15337
	  >> Total reads discarded (species reads < threshold): 0
	  >> Reads distributed: 28012
	  >> Reads not distributed (eg. no species above threshold): 3
	  >> Unclassified reads: 256179
BRACKEN OUTPUT PRODUCED: ../zymobiomics_folder/processed_data/metagenomic/bracken/ZP1_S20.bracken
PROGRAM END TIME: 05-23-2025 14:06:23
  Bracken complete.
✅  Abundance estimated.

Generating Krona visualization...
Writing ../zymobiomics_folder/results/runs/run_2305_1505/krona/ZP1_S20.krona.html...
✅  Krona plot generated.

Processing sample: ZP2_S21

Classifying metagenomic reads with Kraken2...
kraken2 --db "/scratch/users/k24087895/final_project/data/databases/k2_standard_16gb_20250402/" --threads 8 --report "../zymobiomics_folder/results/runs/run_2305_1505/reports/ZP2_S21.k2report" 		--report-minimizer-data --paired --minimum-hit-groups 10 		--classified-out "../zymobiomics_folder/processed_data/metagenomic/classified/ZP2_S21_classified#.fastq" --unclassified-out "../zymobiomics_folder/processed_data/metagenomic/unclassified/ZP2_S21_unclassified#.fastq" 		--output "../zymobiomics_folder/processed_data/metagenomic/kraken2/ZP2_S21.kraken2" --use-names "../zymobiomics_folder/processed_data/metagenomic/filtered_fastq/ZP2_S21_metagenomic.1" "../zymobiomics_folder/processed_data/metagenomic/filtered_fastq/ZP2_S21_metagenomic.2" 2>&1
Loading database information... done.
293442 sequences (42.99 Mbp) processed in 1.270s (13862.9 Kseq/m, 2030.99 Mbp/m).
  34156 sequences classified (11.64%)
  259286 sequences unclassified (88.36%)
✅  Classification complete.

Estimating species abundance with Bracken...
 >> Checking for Valid Options...
 >> Running Bracken 
      >> python src/est_abundance.py -i ../zymobiomics_folder/results/runs/run_2305_1505/reports/ZP2_S21.k2report -o ../zymobiomics_folder/processed_data/metagenomic/bracken/ZP2_S21.bracken -k /scratch/users/k24087895/final_project/data/databases/k2_standard_16gb_20250402/database100mers.kmer_distrib -l S -t 0
>> Checking report file: ../zymobiomics_folder/results/runs/run_2305_1505/reports/ZP2_S21.k2report
PROGRAM START TIME: 05-23-2025 14:06:32
BRACKEN SUMMARY (Kraken report: ../zymobiomics_folder/results/runs/run_2305_1505/reports/ZP2_S21.k2report)
    >>> Threshold: 0 
    >>> Number of species in sample: 64 
	  >> Number of species with reads > threshold: 64 
	  >> Number of species with reads < threshold: 0 
    >>> Total reads in sample: 293442
	  >> Total reads kept at species level (reads > threshold): 12141
	  >> Total reads discarded (species reads < threshold): 0
	  >> Reads distributed: 22008
	  >> Reads not distributed (eg. no species above threshold): 7
	  >> Unclassified reads: 259286
BRACKEN OUTPUT PRODUCED: ../zymobiomics_folder/processed_data/metagenomic/bracken/ZP2_S21.bracken
PROGRAM END TIME: 05-23-2025 14:06:32
  Bracken complete.
✅  Abundance estimated.

Generating Krona visualization...
Writing ../zymobiomics_folder/results/runs/run_2305_1505/krona/ZP2_S21.krona.html...
✅  Krona plot generated.

Processing sample: ZP3_S22

Classifying metagenomic reads with Kraken2...
kraken2 --db "/scratch/users/k24087895/final_project/data/databases/k2_standard_16gb_20250402/" --threads 8 --report "../zymobiomics_folder/results/runs/run_2305_1505/reports/ZP3_S22.k2report" 		--report-minimizer-data --paired --minimum-hit-groups 10 		--classified-out "../zymobiomics_folder/processed_data/metagenomic/classified/ZP3_S22_classified#.fastq" --unclassified-out "../zymobiomics_folder/processed_data/metagenomic/unclassified/ZP3_S22_unclassified#.fastq" 		--output "../zymobiomics_folder/processed_data/metagenomic/kraken2/ZP3_S22.kraken2" --use-names "../zymobiomics_folder/processed_data/metagenomic/filtered_fastq/ZP3_S22_metagenomic.1" "../zymobiomics_folder/processed_data/metagenomic/filtered_fastq/ZP3_S22_metagenomic.2" 2>&1
Loading database information... done.
326854 sequences (47.05 Mbp) processed in 1.554s (12622.8 Kseq/m, 1816.96 Mbp/m).
  36798 sequences classified (11.26%)
  290056 sequences unclassified (88.74%)
✅  Classification complete.

Estimating species abundance with Bracken...
 >> Checking for Valid Options...
 >> Running Bracken 
      >> python src/est_abundance.py -i ../zymobiomics_folder/results/runs/run_2305_1505/reports/ZP3_S22.k2report -o ../zymobiomics_folder/processed_data/metagenomic/bracken/ZP3_S22.bracken -k /scratch/users/k24087895/final_project/data/databases/k2_standard_16gb_20250402/database100mers.kmer_distrib -l S -t 0
>> Checking report file: ../zymobiomics_folder/results/runs/run_2305_1505/reports/ZP3_S22.k2report
PROGRAM START TIME: 05-23-2025 14:06:41
BRACKEN SUMMARY (Kraken report: ../zymobiomics_folder/results/runs/run_2305_1505/reports/ZP3_S22.k2report)
    >>> Threshold: 0 
    >>> Number of species in sample: 71 
	  >> Number of species with reads > threshold: 71 
	  >> Number of species with reads < threshold: 0 
    >>> Total reads in sample: 326854
	  >> Total reads kept at species level (reads > threshold): 12976
	  >> Total reads discarded (species reads < threshold): 0
	  >> Reads distributed: 23819
	  >> Reads not distributed (eg. no species above threshold): 3
	  >> Unclassified reads: 290056
BRACKEN OUTPUT PRODUCED: ../zymobiomics_folder/processed_data/metagenomic/bracken/ZP3_S22.bracken
PROGRAM END TIME: 05-23-2025 14:06:41
  Bracken complete.
✅  Abundance estimated.

Generating Krona visualization...
Writing ../zymobiomics_folder/results/runs/run_2305_1505/krona/ZP3_S22.krona.html...
✅  Krona plot generated.

Metagenomic classification completed in: 00:01:40

Calculating read length statistics...
ZC1_S4_metagenomic.1: mean = 90.3, median = 78.0
ZC2_S5_metagenomic.1: mean = 71.7, median = 63.0
ZC3_S6_metagenomic.1: mean = 78.4, median = 67.0
ZC4_S7_metagenomic.1: mean = 73.4, median = 62.0
ZP1_S20_metagenomic.1: mean = 78.2, median = 69.0
ZP2_S21_metagenomic.1: mean = 73.4, median = 64.0
ZP3_S22_metagenomic.1: mean = 72.0, median = 62.0
ZC1_S4_metagenomic.2: mean = 89.5, median = 78.0
ZC2_S5_metagenomic.2: mean = 71.7, median = 63.0
ZC3_S6_metagenomic.2: mean = 78.1, median = 67.0
ZC4_S7_metagenomic.2: mean = 73.2, median = 62.0
ZP1_S20_metagenomic.2: mean = 78.0, median = 69.0
ZP2_S21_metagenomic.2: mean = 73.1, median = 64.0
ZP3_S22_metagenomic.2: mean = 72.0, median = 63.0
ZC1_S4_classified_1.fastq: mean = 146.6, median = 143.0
ZC1_S4_classified_2.fastq: mean = 143.9, median = 142.0
ZC2_S5_classified_1.fastq: mean = 127.2, median = 122.0
ZC2_S5_classified_2.fastq: mean = 126.4, median = 122.0
ZC3_S6_classified_1.fastq: mean = 137.6, median = 133.0
ZC3_S6_classified_2.fastq: mean = 136.1, median = 132.0
ZC4_S7_classified_1.fastq: mean = 137.6, median = 132.0
ZC4_S7_classified_2.fastq: mean = 135.7, median = 131.0
ZP1_S20_classified_1.fastq: mean = 131.5, median = 126.0
ZP1_S20_classified_2.fastq: mean = 130.6, median = 126.0
ZP2_S21_classified_1.fastq: mean = 129.3, median = 124.0
ZP2_S21_classified_2.fastq: mean = 128.2, median = 124.0
ZP3_S22_classified_1.fastq: mean = 128.6, median = 123.0
ZP3_S22_classified_2.fastq: mean = 127.9, median = 123.0
ZC1_S4_unclassified_1.fastq: mean = 74.5, median = 67.0
ZC1_S4_unclassified_2.fastq: mean = 74.3, median = 67.0
ZC2_S5_unclassified_1.fastq: mean = 65.2, median = 59.0
ZC2_S5_unclassified_2.fastq: mean = 65.2, median = 59.0
ZC3_S6_unclassified_1.fastq: mean = 68.7, median = 61.0
ZC3_S6_unclassified_2.fastq: mean = 68.7, median = 62.0
ZC4_S7_unclassified_1.fastq: mean = 64.6, median = 57.0
ZC4_S7_unclassified_2.fastq: mean = 64.6, median = 58.0
ZP1_S20_unclassified_1.fastq: mean = 69.2, median = 63.0
ZP1_S20_unclassified_2.fastq: mean = 69.1, median = 63.0
ZP2_S21_unclassified_1.fastq: mean = 66.0, median = 60.0
ZP2_S21_unclassified_2.fastq: mean = 65.9, median = 60.0
ZP3_S22_unclassified_1.fastq: mean = 64.8, median = 59.0
ZP3_S22_unclassified_2.fastq: mean = 64.9, median = 59.0
✅ Statistics generated.

Combining Bracken reports...
Combined CSV file saved to: ../zymobiomics_folder/results/runs/run_2305_1505/combined_breports.csv 
✅ Bracken reports combined.

Copying SLURM job logs...
✅ SLURM job logs copied.

================================================= COMPARISON TO GROUND TRUTH =================================================

================================================= METAGENOMIC DIVERSITY ANALYSIS =================================================
Calculating alpha and beta diversity...
✅ Alpha diversity calculated.
null device 
          1 
Heatmap saved to: ../zymobiomics_folder/results/runs/run_2305_1505/diversity/beta_diversity_heatmap.png 
✅ Beta diversity heatmap generated.
✅  Diversity analysis completed successfully.

✅  Pipeline completed successfully.

Copying final SLURM job logs
