
================================================= ARGUMENT PARSING & VALIDATION =================================================

⚠️  Trimming and host DNA removal are optional but must be done once; if skipped, ensure trimmed and filtered files exist in the correct directories.\n
===== Pipeline Configuration Summary =====
Raw FASTQ directory path: /scratch/prj/aef_forensic_metagenomics/exposure_folder/raw_data
Kraken2/Bracken Database: /scratch/prj/aef_forensic_metagenomics/data/databases/k2_pluspfp_16gb_20250402
Ground Truth: Not provided ❌
Quality Control & Trimming: Disabled ❌
Host DNA Removal: Disabled ❌

================================================= CONDA ENVIRONMENT ACTIVATION ==================================================

✅ 'metagenomics' environment activated successfully.

====================================================== PROJECT STRUCTURE ======================================================

/scratch/prj/aef_forensic_metagenomics/exposure_folder
├── processed_data
│   ├── human
│   │   ├── aligned_sam
│   │   ├── bed_files
│   │   └── sorted_bam
│   ├── metagenomic
│   │   ├── bracken
│   │   ├── classified
│   │   ├── filtered_fastq
│   │   ├── kraken2
│   │   └── unclassified
│   └── trimmed
│       ├── paired
│       └── unpaired
├── raw_data
└── results
    ├── fastqc
    │   ├── post_trimming
    │   └── pre_trimming
    ├── host_dna_analysis
    └── runs
        ├── run_1506_1837
        ├── run_1506_1852
        ├── run_1506_1902
        ├── run_1506_1911
        ├── run_1506_1920
        ├── run_1506_1929
        ├── run_1506_1937
        ├── run_1506_1947
        ├── run_1506_1956
        ├── run_1506_2004
        ├── run_1506_2012
        ├── run_1506_2019
        ├── run_1506_2029
        ├── run_1506_2037
        ├── run_1506_2045
        ├── run_1506_2053
        ├── run_1506_2102
        ├── run_1506_2112
        ├── run_1506_2120
        ├── run_1506_2129
        ├── run_1506_2138
        ├── run_1506_2146
        ├── run_1506_2157
        ├── run_1506_2207
        └── run_1506_2218

46 directories
Human DNA-related files (SAM, BAM, and BED) in the 'human' directory are created once per sub-project and remain unchanged across runs.
Intermediate metagenomic files in the 'metagenomic' directory are overwritten with each run and should be inspected beforehand if desired.
Results are stored in the 'results' directory (including FastQC, host DNA analysis, and run-specific results like Kraken2 and Bracken).

================================================= METAGENOMIC ABUNDANCE ESTIMATION =================================================
⚠️  This step assumes reads have already been trimmed with Trimmomatic and host DNA removed with Bowtie2. Processed reads must be in the correct directory.

Processing sample: D1RP_S9

Classifying metagenomic reads with Kraken2...
kraken2 --db "/scratch/prj/aef_forensic_metagenomics/data/databases/k2_pluspfp_16gb_20250402" --threads 8 --report "/scratch/prj/aef_forensic_metagenomics/exposure_folder/results/runs/run_1506_2218/reports/D1RP_S9.k2report" 		--report-minimizer-data --paired --minimum-hit-groups 1 		--classified-out "/scratch/prj/aef_forensic_metagenomics/exposure_folder/processed_data/metagenomic/classified/D1RP_S9_classified#.fastq" --unclassified-out "/scratch/prj/aef_forensic_metagenomics/exposure_folder/processed_data/metagenomic/unclassified/D1RP_S9_unclassified#.fastq" 		--output "/scratch/prj/aef_forensic_metagenomics/exposure_folder/processed_data/metagenomic/kraken2/D1RP_S9.kraken2" --use-names "/scratch/prj/aef_forensic_metagenomics/exposure_folder/processed_data/metagenomic/filtered_fastq/D1RP_S9_metagenomic.1" "/scratch/prj/aef_forensic_metagenomics/exposure_folder/processed_data/metagenomic/filtered_fastq/D1RP_S9_metagenomic.2" 2>&1
Loading database information... done.
124006 sequences (32.63 Mbp) processed in 0.549s (13548.4 Kseq/m, 3565.14 Mbp/m).
  17736 sequences classified (14.30%)
  106270 sequences unclassified (85.70%)
✅  Classification complete.

Estimating species abundance with Bracken...
 >> Checking for Valid Options...
 >> Running Bracken 
      >> python src/est_abundance.py -i /scratch/prj/aef_forensic_metagenomics/exposure_folder/results/runs/run_1506_2218/reports/D1RP_S9.k2report -o /scratch/prj/aef_forensic_metagenomics/exposure_folder/processed_data/metagenomic/bracken/D1RP_S9.bracken -k /scratch/prj/aef_forensic_metagenomics/data/databases/k2_pluspfp_16gb_20250402/database100mers.kmer_distrib -l S -t 20
>> Checking report file: /scratch/prj/aef_forensic_metagenomics/exposure_folder/results/runs/run_1506_2218/reports/D1RP_S9.k2report
PROGRAM START TIME: 06-15-2025 21:18:52
BRACKEN SUMMARY (Kraken report: /scratch/prj/aef_forensic_metagenomics/exposure_folder/results/runs/run_1506_2218/reports/D1RP_S9.k2report)
    >>> Threshold: 20 
    >>> Number of species in sample: 252 
	  >> Number of species with reads > threshold: 31 
	  >> Number of species with reads < threshold: 221 
    >>> Total reads in sample: 124006
	  >> Total reads kept at species level (reads > threshold): 15175
	  >> Total reads discarded (species reads < threshold): 555
	  >> Reads distributed: 1749
	  >> Reads not distributed (eg. no species above threshold): 257
	  >> Unclassified reads: 106270
BRACKEN OUTPUT PRODUCED: /scratch/prj/aef_forensic_metagenomics/exposure_folder/processed_data/metagenomic/bracken/D1RP_S9.bracken
PROGRAM END TIME: 06-15-2025 21:18:53
  Bracken complete.
✅  Abundance estimated.

Generating Krona visualization...
Writing /scratch/prj/aef_forensic_metagenomics/exposure_folder/results/runs/run_1506_2218/krona/D1RP_S9.krona.html...
✅  Krona plot generated.

Processing sample: D1SG_S1

Classifying metagenomic reads with Kraken2...
kraken2 --db "/scratch/prj/aef_forensic_metagenomics/data/databases/k2_pluspfp_16gb_20250402" --threads 8 --report "/scratch/prj/aef_forensic_metagenomics/exposure_folder/results/runs/run_1506_2218/reports/D1SG_S1.k2report" 		--report-minimizer-data --paired --minimum-hit-groups 1 		--classified-out "/scratch/prj/aef_forensic_metagenomics/exposure_folder/processed_data/metagenomic/classified/D1SG_S1_classified#.fastq" --unclassified-out "/scratch/prj/aef_forensic_metagenomics/exposure_folder/processed_data/metagenomic/unclassified/D1SG_S1_unclassified#.fastq" 		--output "/scratch/prj/aef_forensic_metagenomics/exposure_folder/processed_data/metagenomic/kraken2/D1SG_S1.kraken2" --use-names "/scratch/prj/aef_forensic_metagenomics/exposure_folder/processed_data/metagenomic/filtered_fastq/D1SG_S1_metagenomic.1" "/scratch/prj/aef_forensic_metagenomics/exposure_folder/processed_data/metagenomic/filtered_fastq/D1SG_S1_metagenomic.2" 2>&1
Loading database information... done.
155364 sequences (39.82 Mbp) processed in 0.650s (14347.1 Kseq/m, 3676.97 Mbp/m).
  29359 sequences classified (18.90%)
  126005 sequences unclassified (81.10%)
✅  Classification complete.

Estimating species abundance with Bracken...
 >> Checking for Valid Options...
 >> Running Bracken 
      >> python src/est_abundance.py -i /scratch/prj/aef_forensic_metagenomics/exposure_folder/results/runs/run_1506_2218/reports/D1SG_S1.k2report -o /scratch/prj/aef_forensic_metagenomics/exposure_folder/processed_data/metagenomic/bracken/D1SG_S1.bracken -k /scratch/prj/aef_forensic_metagenomics/data/databases/k2_pluspfp_16gb_20250402/database100mers.kmer_distrib -l S -t 20
>> Checking report file: /scratch/prj/aef_forensic_metagenomics/exposure_folder/results/runs/run_1506_2218/reports/D1SG_S1.k2report
PROGRAM START TIME: 06-15-2025 21:19:08
BRACKEN SUMMARY (Kraken report: /scratch/prj/aef_forensic_metagenomics/exposure_folder/results/runs/run_1506_2218/reports/D1SG_S1.k2report)
    >>> Threshold: 20 
    >>> Number of species in sample: 3302 
	  >> Number of species with reads > threshold: 38 
	  >> Number of species with reads < threshold: 3264 
    >>> Total reads in sample: 155364
	  >> Total reads kept at species level (reads > threshold): 13379
	  >> Total reads discarded (species reads < threshold): 7401
	  >> Reads distributed: 5634
	  >> Reads not distributed (eg. no species above threshold): 2945
	  >> Unclassified reads: 126005
BRACKEN OUTPUT PRODUCED: /scratch/prj/aef_forensic_metagenomics/exposure_folder/processed_data/metagenomic/bracken/D1SG_S1.bracken
PROGRAM END TIME: 06-15-2025 21:19:08
  Bracken complete.
✅  Abundance estimated.

Generating Krona visualization...
Writing /scratch/prj/aef_forensic_metagenomics/exposure_folder/results/runs/run_1506_2218/krona/D1SG_S1.krona.html...
✅  Krona plot generated.

Processing sample: D2RP_S10

Classifying metagenomic reads with Kraken2...
kraken2 --db "/scratch/prj/aef_forensic_metagenomics/data/databases/k2_pluspfp_16gb_20250402" --threads 8 --report "/scratch/prj/aef_forensic_metagenomics/exposure_folder/results/runs/run_1506_2218/reports/D2RP_S10.k2report" 		--report-minimizer-data --paired --minimum-hit-groups 1 		--classified-out "/scratch/prj/aef_forensic_metagenomics/exposure_folder/processed_data/metagenomic/classified/D2RP_S10_classified#.fastq" --unclassified-out "/scratch/prj/aef_forensic_metagenomics/exposure_folder/processed_data/metagenomic/unclassified/D2RP_S10_unclassified#.fastq" 		--output "/scratch/prj/aef_forensic_metagenomics/exposure_folder/processed_data/metagenomic/kraken2/D2RP_S10.kraken2" --use-names "/scratch/prj/aef_forensic_metagenomics/exposure_folder/processed_data/metagenomic/filtered_fastq/D2RP_S10_metagenomic.1" "/scratch/prj/aef_forensic_metagenomics/exposure_folder/processed_data/metagenomic/filtered_fastq/D2RP_S10_metagenomic.2" 2>&1
Loading database information... done.
122720 sequences (31.55 Mbp) processed in 0.539s (13663.9 Kseq/m, 3512.46 Mbp/m).
  87676 sequences classified (71.44%)
  35044 sequences unclassified (28.56%)
✅  Classification complete.

Estimating species abundance with Bracken...
 >> Checking for Valid Options...
 >> Running Bracken 
      >> python src/est_abundance.py -i /scratch/prj/aef_forensic_metagenomics/exposure_folder/results/runs/run_1506_2218/reports/D2RP_S10.k2report -o /scratch/prj/aef_forensic_metagenomics/exposure_folder/processed_data/metagenomic/bracken/D2RP_S10.bracken -k /scratch/prj/aef_forensic_metagenomics/data/databases/k2_pluspfp_16gb_20250402/database100mers.kmer_distrib -l S -t 20
>> Checking report file: /scratch/prj/aef_forensic_metagenomics/exposure_folder/results/runs/run_1506_2218/reports/D2RP_S10.k2report
PROGRAM START TIME: 06-15-2025 21:19:20
BRACKEN SUMMARY (Kraken report: /scratch/prj/aef_forensic_metagenomics/exposure_folder/results/runs/run_1506_2218/reports/D2RP_S10.k2report)
    >>> Threshold: 20 
    >>> Number of species in sample: 42 
	  >> Number of species with reads > threshold: 8 
	  >> Number of species with reads < threshold: 34 
    >>> Total reads in sample: 122720
	  >> Total reads kept at species level (reads > threshold): 85186
	  >> Total reads discarded (species reads < threshold): 80
	  >> Reads distributed: 2346
	  >> Reads not distributed (eg. no species above threshold): 64
	  >> Unclassified reads: 35044
BRACKEN OUTPUT PRODUCED: /scratch/prj/aef_forensic_metagenomics/exposure_folder/processed_data/metagenomic/bracken/D2RP_S10.bracken
PROGRAM END TIME: 06-15-2025 21:19:21
  Bracken complete.
✅  Abundance estimated.

Generating Krona visualization...
Writing /scratch/prj/aef_forensic_metagenomics/exposure_folder/results/runs/run_1506_2218/krona/D2RP_S10.krona.html...
✅  Krona plot generated.

Processing sample: D2SG_S2

Classifying metagenomic reads with Kraken2...
kraken2 --db "/scratch/prj/aef_forensic_metagenomics/data/databases/k2_pluspfp_16gb_20250402" --threads 8 --report "/scratch/prj/aef_forensic_metagenomics/exposure_folder/results/runs/run_1506_2218/reports/D2SG_S2.k2report" 		--report-minimizer-data --paired --minimum-hit-groups 1 		--classified-out "/scratch/prj/aef_forensic_metagenomics/exposure_folder/processed_data/metagenomic/classified/D2SG_S2_classified#.fastq" --unclassified-out "/scratch/prj/aef_forensic_metagenomics/exposure_folder/processed_data/metagenomic/unclassified/D2SG_S2_unclassified#.fastq" 		--output "/scratch/prj/aef_forensic_metagenomics/exposure_folder/processed_data/metagenomic/kraken2/D2SG_S2.kraken2" --use-names "/scratch/prj/aef_forensic_metagenomics/exposure_folder/processed_data/metagenomic/filtered_fastq/D2SG_S2_metagenomic.1" "/scratch/prj/aef_forensic_metagenomics/exposure_folder/processed_data/metagenomic/filtered_fastq/D2SG_S2_metagenomic.2" 2>&1
Loading database information... done.
27649 sequences (6.00 Mbp) processed in 0.222s (7457.2 Kseq/m, 1618.06 Mbp/m).
  18468 sequences classified (66.79%)
  9181 sequences unclassified (33.21%)
✅  Classification complete.

Estimating species abundance with Bracken...
 >> Checking for Valid Options...
 >> Running Bracken 
      >> python src/est_abundance.py -i /scratch/prj/aef_forensic_metagenomics/exposure_folder/results/runs/run_1506_2218/reports/D2SG_S2.k2report -o /scratch/prj/aef_forensic_metagenomics/exposure_folder/processed_data/metagenomic/bracken/D2SG_S2.bracken -k /scratch/prj/aef_forensic_metagenomics/data/databases/k2_pluspfp_16gb_20250402/database100mers.kmer_distrib -l S -t 20
>> Checking report file: /scratch/prj/aef_forensic_metagenomics/exposure_folder/results/runs/run_1506_2218/reports/D2SG_S2.k2report
PROGRAM START TIME: 06-15-2025 21:19:32
BRACKEN SUMMARY (Kraken report: /scratch/prj/aef_forensic_metagenomics/exposure_folder/results/runs/run_1506_2218/reports/D2SG_S2.k2report)
    >>> Threshold: 20 
    >>> Number of species in sample: 288 
	  >> Number of species with reads > threshold: 18 
	  >> Number of species with reads < threshold: 270 
    >>> Total reads in sample: 27649
	  >> Total reads kept at species level (reads > threshold): 16052
	  >> Total reads discarded (species reads < threshold): 604
	  >> Reads distributed: 1534
	  >> Reads not distributed (eg. no species above threshold): 278
	  >> Unclassified reads: 9181
BRACKEN OUTPUT PRODUCED: /scratch/prj/aef_forensic_metagenomics/exposure_folder/processed_data/metagenomic/bracken/D2SG_S2.bracken
PROGRAM END TIME: 06-15-2025 21:19:32
  Bracken complete.
✅  Abundance estimated.

Generating Krona visualization...
Writing /scratch/prj/aef_forensic_metagenomics/exposure_folder/results/runs/run_1506_2218/krona/D2SG_S2.krona.html...
✅  Krona plot generated.

Processing sample: L1RP_S13

Classifying metagenomic reads with Kraken2...
kraken2 --db "/scratch/prj/aef_forensic_metagenomics/data/databases/k2_pluspfp_16gb_20250402" --threads 8 --report "/scratch/prj/aef_forensic_metagenomics/exposure_folder/results/runs/run_1506_2218/reports/L1RP_S13.k2report" 		--report-minimizer-data --paired --minimum-hit-groups 1 		--classified-out "/scratch/prj/aef_forensic_metagenomics/exposure_folder/processed_data/metagenomic/classified/L1RP_S13_classified#.fastq" --unclassified-out "/scratch/prj/aef_forensic_metagenomics/exposure_folder/processed_data/metagenomic/unclassified/L1RP_S13_unclassified#.fastq" 		--output "/scratch/prj/aef_forensic_metagenomics/exposure_folder/processed_data/metagenomic/kraken2/L1RP_S13.kraken2" --use-names "/scratch/prj/aef_forensic_metagenomics/exposure_folder/processed_data/metagenomic/filtered_fastq/L1RP_S13_metagenomic.1" "/scratch/prj/aef_forensic_metagenomics/exposure_folder/processed_data/metagenomic/filtered_fastq/L1RP_S13_metagenomic.2" 2>&1
Loading database information... done.
164179 sequences (42.32 Mbp) processed in 0.590s (16695.3 Kseq/m, 4303.69 Mbp/m).
  4244 sequences classified (2.58%)
  159935 sequences unclassified (97.42%)
✅  Classification complete.

Estimating species abundance with Bracken...
 >> Checking for Valid Options...
 >> Running Bracken 
      >> python src/est_abundance.py -i /scratch/prj/aef_forensic_metagenomics/exposure_folder/results/runs/run_1506_2218/reports/L1RP_S13.k2report -o /scratch/prj/aef_forensic_metagenomics/exposure_folder/processed_data/metagenomic/bracken/L1RP_S13.bracken -k /scratch/prj/aef_forensic_metagenomics/data/databases/k2_pluspfp_16gb_20250402/database100mers.kmer_distrib -l S -t 20
>> Checking report file: /scratch/prj/aef_forensic_metagenomics/exposure_folder/results/runs/run_1506_2218/reports/L1RP_S13.k2report
PROGRAM START TIME: 06-15-2025 21:19:46
BRACKEN SUMMARY (Kraken report: /scratch/prj/aef_forensic_metagenomics/exposure_folder/results/runs/run_1506_2218/reports/L1RP_S13.k2report)
    >>> Threshold: 20 
    >>> Number of species in sample: 126 
	  >> Number of species with reads > threshold: 22 
	  >> Number of species with reads < threshold: 104 
    >>> Total reads in sample: 164179
	  >> Total reads kept at species level (reads > threshold): 3373
	  >> Total reads discarded (species reads < threshold): 276
	  >> Reads distributed: 408
	  >> Reads not distributed (eg. no species above threshold): 187
	  >> Unclassified reads: 159935
BRACKEN OUTPUT PRODUCED: /scratch/prj/aef_forensic_metagenomics/exposure_folder/processed_data/metagenomic/bracken/L1RP_S13.bracken
PROGRAM END TIME: 06-15-2025 21:19:46
  Bracken complete.
✅  Abundance estimated.

Generating Krona visualization...
Writing /scratch/prj/aef_forensic_metagenomics/exposure_folder/results/runs/run_1506_2218/krona/L1RP_S13.krona.html...
✅  Krona plot generated.

Processing sample: L1SG_S5

Classifying metagenomic reads with Kraken2...
kraken2 --db "/scratch/prj/aef_forensic_metagenomics/data/databases/k2_pluspfp_16gb_20250402" --threads 8 --report "/scratch/prj/aef_forensic_metagenomics/exposure_folder/results/runs/run_1506_2218/reports/L1SG_S5.k2report" 		--report-minimizer-data --paired --minimum-hit-groups 1 		--classified-out "/scratch/prj/aef_forensic_metagenomics/exposure_folder/processed_data/metagenomic/classified/L1SG_S5_classified#.fastq" --unclassified-out "/scratch/prj/aef_forensic_metagenomics/exposure_folder/processed_data/metagenomic/unclassified/L1SG_S5_unclassified#.fastq" 		--output "/scratch/prj/aef_forensic_metagenomics/exposure_folder/processed_data/metagenomic/kraken2/L1SG_S5.kraken2" --use-names "/scratch/prj/aef_forensic_metagenomics/exposure_folder/processed_data/metagenomic/filtered_fastq/L1SG_S5_metagenomic.1" "/scratch/prj/aef_forensic_metagenomics/exposure_folder/processed_data/metagenomic/filtered_fastq/L1SG_S5_metagenomic.2" 2>&1
Loading database information... done.
46411 sequences (11.17 Mbp) processed in 0.272s (10231.3 Kseq/m, 2461.67 Mbp/m).
  3564 sequences classified (7.68%)
  42847 sequences unclassified (92.32%)
✅  Classification complete.

Estimating species abundance with Bracken...
 >> Checking for Valid Options...
 >> Running Bracken 
      >> python src/est_abundance.py -i /scratch/prj/aef_forensic_metagenomics/exposure_folder/results/runs/run_1506_2218/reports/L1SG_S5.k2report -o /scratch/prj/aef_forensic_metagenomics/exposure_folder/processed_data/metagenomic/bracken/L1SG_S5.bracken -k /scratch/prj/aef_forensic_metagenomics/data/databases/k2_pluspfp_16gb_20250402/database100mers.kmer_distrib -l S -t 20
>> Checking report file: /scratch/prj/aef_forensic_metagenomics/exposure_folder/results/runs/run_1506_2218/reports/L1SG_S5.k2report
PROGRAM START TIME: 06-15-2025 21:19:57
BRACKEN SUMMARY (Kraken report: /scratch/prj/aef_forensic_metagenomics/exposure_folder/results/runs/run_1506_2218/reports/L1SG_S5.k2report)
    >>> Threshold: 20 
    >>> Number of species in sample: 876 
	  >> Number of species with reads > threshold: 8 
	  >> Number of species with reads < threshold: 868 
    >>> Total reads in sample: 46411
	  >> Total reads kept at species level (reads > threshold): 889
	  >> Total reads discarded (species reads < threshold): 1426
	  >> Reads distributed: 380
	  >> Reads not distributed (eg. no species above threshold): 869
	  >> Unclassified reads: 42847
BRACKEN OUTPUT PRODUCED: /scratch/prj/aef_forensic_metagenomics/exposure_folder/processed_data/metagenomic/bracken/L1SG_S5.bracken
PROGRAM END TIME: 06-15-2025 21:19:57
  Bracken complete.
✅  Abundance estimated.

Generating Krona visualization...
Writing /scratch/prj/aef_forensic_metagenomics/exposure_folder/results/runs/run_1506_2218/krona/L1SG_S5.krona.html...
✅  Krona plot generated.

Processing sample: L2RP_S14

Classifying metagenomic reads with Kraken2...
kraken2 --db "/scratch/prj/aef_forensic_metagenomics/data/databases/k2_pluspfp_16gb_20250402" --threads 8 --report "/scratch/prj/aef_forensic_metagenomics/exposure_folder/results/runs/run_1506_2218/reports/L2RP_S14.k2report" 		--report-minimizer-data --paired --minimum-hit-groups 1 		--classified-out "/scratch/prj/aef_forensic_metagenomics/exposure_folder/processed_data/metagenomic/classified/L2RP_S14_classified#.fastq" --unclassified-out "/scratch/prj/aef_forensic_metagenomics/exposure_folder/processed_data/metagenomic/unclassified/L2RP_S14_unclassified#.fastq" 		--output "/scratch/prj/aef_forensic_metagenomics/exposure_folder/processed_data/metagenomic/kraken2/L2RP_S14.kraken2" --use-names "/scratch/prj/aef_forensic_metagenomics/exposure_folder/processed_data/metagenomic/filtered_fastq/L2RP_S14_metagenomic.1" "/scratch/prj/aef_forensic_metagenomics/exposure_folder/processed_data/metagenomic/filtered_fastq/L2RP_S14_metagenomic.2" 2>&1
Loading database information... done.
129193 sequences (30.26 Mbp) processed in 0.565s (13717.0 Kseq/m, 3213.27 Mbp/m).
  86613 sequences classified (67.04%)
  42580 sequences unclassified (32.96%)
✅  Classification complete.

Estimating species abundance with Bracken...
 >> Checking for Valid Options...
 >> Running Bracken 
      >> python src/est_abundance.py -i /scratch/prj/aef_forensic_metagenomics/exposure_folder/results/runs/run_1506_2218/reports/L2RP_S14.k2report -o /scratch/prj/aef_forensic_metagenomics/exposure_folder/processed_data/metagenomic/bracken/L2RP_S14.bracken -k /scratch/prj/aef_forensic_metagenomics/data/databases/k2_pluspfp_16gb_20250402/database100mers.kmer_distrib -l S -t 20
>> Checking report file: /scratch/prj/aef_forensic_metagenomics/exposure_folder/results/runs/run_1506_2218/reports/L2RP_S14.k2report
PROGRAM START TIME: 06-15-2025 21:20:08
BRACKEN SUMMARY (Kraken report: /scratch/prj/aef_forensic_metagenomics/exposure_folder/results/runs/run_1506_2218/reports/L2RP_S14.k2report)
    >>> Threshold: 20 
    >>> Number of species in sample: 30 
	  >> Number of species with reads > threshold: 6 
	  >> Number of species with reads < threshold: 24 
    >>> Total reads in sample: 129193
	  >> Total reads kept at species level (reads > threshold): 69729
	  >> Total reads discarded (species reads < threshold): 95
	  >> Reads distributed: 16737
	  >> Reads not distributed (eg. no species above threshold): 52
	  >> Unclassified reads: 42580
BRACKEN OUTPUT PRODUCED: /scratch/prj/aef_forensic_metagenomics/exposure_folder/processed_data/metagenomic/bracken/L2RP_S14.bracken
PROGRAM END TIME: 06-15-2025 21:20:08
  Bracken complete.
✅  Abundance estimated.

Generating Krona visualization...
Writing /scratch/prj/aef_forensic_metagenomics/exposure_folder/results/runs/run_1506_2218/krona/L2RP_S14.krona.html...
✅  Krona plot generated.

Processing sample: L2SG_S6

Classifying metagenomic reads with Kraken2...
kraken2 --db "/scratch/prj/aef_forensic_metagenomics/data/databases/k2_pluspfp_16gb_20250402" --threads 8 --report "/scratch/prj/aef_forensic_metagenomics/exposure_folder/results/runs/run_1506_2218/reports/L2SG_S6.k2report" 		--report-minimizer-data --paired --minimum-hit-groups 1 		--classified-out "/scratch/prj/aef_forensic_metagenomics/exposure_folder/processed_data/metagenomic/classified/L2SG_S6_classified#.fastq" --unclassified-out "/scratch/prj/aef_forensic_metagenomics/exposure_folder/processed_data/metagenomic/unclassified/L2SG_S6_unclassified#.fastq" 		--output "/scratch/prj/aef_forensic_metagenomics/exposure_folder/processed_data/metagenomic/kraken2/L2SG_S6.kraken2" --use-names "/scratch/prj/aef_forensic_metagenomics/exposure_folder/processed_data/metagenomic/filtered_fastq/L2SG_S6_metagenomic.1" "/scratch/prj/aef_forensic_metagenomics/exposure_folder/processed_data/metagenomic/filtered_fastq/L2SG_S6_metagenomic.2" 2>&1
Loading database information... done.
10131 sequences (2.44 Mbp) processed in 0.186s (3259.5 Kseq/m, 785.62 Mbp/m).
  6948 sequences classified (68.58%)
  3183 sequences unclassified (31.42%)
✅  Classification complete.

Estimating species abundance with Bracken...
 >> Checking for Valid Options...
 >> Running Bracken 
      >> python src/est_abundance.py -i /scratch/prj/aef_forensic_metagenomics/exposure_folder/results/runs/run_1506_2218/reports/L2SG_S6.k2report -o /scratch/prj/aef_forensic_metagenomics/exposure_folder/processed_data/metagenomic/bracken/L2SG_S6.bracken -k /scratch/prj/aef_forensic_metagenomics/data/databases/k2_pluspfp_16gb_20250402/database100mers.kmer_distrib -l S -t 20
>> Checking report file: /scratch/prj/aef_forensic_metagenomics/exposure_folder/results/runs/run_1506_2218/reports/L2SG_S6.k2report
PROGRAM START TIME: 06-15-2025 21:20:19
BRACKEN SUMMARY (Kraken report: /scratch/prj/aef_forensic_metagenomics/exposure_folder/results/runs/run_1506_2218/reports/L2SG_S6.k2report)
    >>> Threshold: 20 
    >>> Number of species in sample: 101 
	  >> Number of species with reads > threshold: 3 
	  >> Number of species with reads < threshold: 98 
    >>> Total reads in sample: 10131
	  >> Total reads kept at species level (reads > threshold): 6384
	  >> Total reads discarded (species reads < threshold): 201
	  >> Reads distributed: 189
	  >> Reads not distributed (eg. no species above threshold): 174
	  >> Unclassified reads: 3183
BRACKEN OUTPUT PRODUCED: /scratch/prj/aef_forensic_metagenomics/exposure_folder/processed_data/metagenomic/bracken/L2SG_S6.bracken
PROGRAM END TIME: 06-15-2025 21:20:19
  Bracken complete.
✅  Abundance estimated.

Generating Krona visualization...
Writing /scratch/prj/aef_forensic_metagenomics/exposure_folder/results/runs/run_1506_2218/krona/L2SG_S6.krona.html...
✅  Krona plot generated.

Processing sample: S1RP_S11

Classifying metagenomic reads with Kraken2...
kraken2 --db "/scratch/prj/aef_forensic_metagenomics/data/databases/k2_pluspfp_16gb_20250402" --threads 8 --report "/scratch/prj/aef_forensic_metagenomics/exposure_folder/results/runs/run_1506_2218/reports/S1RP_S11.k2report" 		--report-minimizer-data --paired --minimum-hit-groups 1 		--classified-out "/scratch/prj/aef_forensic_metagenomics/exposure_folder/processed_data/metagenomic/classified/S1RP_S11_classified#.fastq" --unclassified-out "/scratch/prj/aef_forensic_metagenomics/exposure_folder/processed_data/metagenomic/unclassified/S1RP_S11_unclassified#.fastq" 		--output "/scratch/prj/aef_forensic_metagenomics/exposure_folder/processed_data/metagenomic/kraken2/S1RP_S11.kraken2" --use-names "/scratch/prj/aef_forensic_metagenomics/exposure_folder/processed_data/metagenomic/filtered_fastq/S1RP_S11_metagenomic.1" "/scratch/prj/aef_forensic_metagenomics/exposure_folder/processed_data/metagenomic/filtered_fastq/S1RP_S11_metagenomic.2" 2>&1
Loading database information... done.
133184 sequences (34.60 Mbp) processed in 0.566s (14113.9 Kseq/m, 3666.38 Mbp/m).
  398 sequences classified (0.30%)
  132786 sequences unclassified (99.70%)
✅  Classification complete.

Estimating species abundance with Bracken...
 >> Checking for Valid Options...
 >> Running Bracken 
      >> python src/est_abundance.py -i /scratch/prj/aef_forensic_metagenomics/exposure_folder/results/runs/run_1506_2218/reports/S1RP_S11.k2report -o /scratch/prj/aef_forensic_metagenomics/exposure_folder/processed_data/metagenomic/bracken/S1RP_S11.bracken -k /scratch/prj/aef_forensic_metagenomics/data/databases/k2_pluspfp_16gb_20250402/database100mers.kmer_distrib -l S -t 20
>> Checking report file: /scratch/prj/aef_forensic_metagenomics/exposure_folder/results/runs/run_1506_2218/reports/S1RP_S11.k2report
PROGRAM START TIME: 06-15-2025 21:20:30
BRACKEN SUMMARY (Kraken report: /scratch/prj/aef_forensic_metagenomics/exposure_folder/results/runs/run_1506_2218/reports/S1RP_S11.k2report)
    >>> Threshold: 20 
    >>> Number of species in sample: 38 
	  >> Number of species with reads > threshold: 4 
	  >> Number of species with reads < threshold: 34 
    >>> Total reads in sample: 133184
	  >> Total reads kept at species level (reads > threshold): 197
	  >> Total reads discarded (species reads < threshold): 105
	  >> Reads distributed: 18
	  >> Reads not distributed (eg. no species above threshold): 78
	  >> Unclassified reads: 132786
BRACKEN OUTPUT PRODUCED: /scratch/prj/aef_forensic_metagenomics/exposure_folder/processed_data/metagenomic/bracken/S1RP_S11.bracken
PROGRAM END TIME: 06-15-2025 21:20:30
  Bracken complete.
✅  Abundance estimated.

Generating Krona visualization...
Writing /scratch/prj/aef_forensic_metagenomics/exposure_folder/results/runs/run_1506_2218/krona/S1RP_S11.krona.html...
✅  Krona plot generated.

Processing sample: S1SG_S3

Classifying metagenomic reads with Kraken2...
kraken2 --db "/scratch/prj/aef_forensic_metagenomics/data/databases/k2_pluspfp_16gb_20250402" --threads 8 --report "/scratch/prj/aef_forensic_metagenomics/exposure_folder/results/runs/run_1506_2218/reports/S1SG_S3.k2report" 		--report-minimizer-data --paired --minimum-hit-groups 1 		--classified-out "/scratch/prj/aef_forensic_metagenomics/exposure_folder/processed_data/metagenomic/classified/S1SG_S3_classified#.fastq" --unclassified-out "/scratch/prj/aef_forensic_metagenomics/exposure_folder/processed_data/metagenomic/unclassified/S1SG_S3_unclassified#.fastq" 		--output "/scratch/prj/aef_forensic_metagenomics/exposure_folder/processed_data/metagenomic/kraken2/S1SG_S3.kraken2" --use-names "/scratch/prj/aef_forensic_metagenomics/exposure_folder/processed_data/metagenomic/filtered_fastq/S1SG_S3_metagenomic.1" "/scratch/prj/aef_forensic_metagenomics/exposure_folder/processed_data/metagenomic/filtered_fastq/S1SG_S3_metagenomic.2" 2>&1
Loading database information... done.
7003 sequences (1.59 Mbp) processed in 0.149s (2816.4 Kseq/m, 639.51 Mbp/m).
  1842 sequences classified (26.30%)
  5161 sequences unclassified (73.70%)
✅  Classification complete.

Estimating species abundance with Bracken...
 >> Checking for Valid Options...
 >> Running Bracken 
      >> python src/est_abundance.py -i /scratch/prj/aef_forensic_metagenomics/exposure_folder/results/runs/run_1506_2218/reports/S1SG_S3.k2report -o /scratch/prj/aef_forensic_metagenomics/exposure_folder/processed_data/metagenomic/bracken/S1SG_S3.bracken -k /scratch/prj/aef_forensic_metagenomics/data/databases/k2_pluspfp_16gb_20250402/database100mers.kmer_distrib -l S -t 20
>> Checking report file: /scratch/prj/aef_forensic_metagenomics/exposure_folder/results/runs/run_1506_2218/reports/S1SG_S3.k2report
PROGRAM START TIME: 06-15-2025 21:20:41
BRACKEN SUMMARY (Kraken report: /scratch/prj/aef_forensic_metagenomics/exposure_folder/results/runs/run_1506_2218/reports/S1SG_S3.k2report)
    >>> Threshold: 20 
    >>> Number of species in sample: 317 
	  >> Number of species with reads > threshold: 5 
	  >> Number of species with reads < threshold: 312 
    >>> Total reads in sample: 7003
	  >> Total reads kept at species level (reads > threshold): 759
	  >> Total reads discarded (species reads < threshold): 459
	  >> Reads distributed: 276
	  >> Reads not distributed (eg. no species above threshold): 348
	  >> Unclassified reads: 5161
BRACKEN OUTPUT PRODUCED: /scratch/prj/aef_forensic_metagenomics/exposure_folder/processed_data/metagenomic/bracken/S1SG_S3.bracken
PROGRAM END TIME: 06-15-2025 21:20:41
  Bracken complete.
✅  Abundance estimated.

Generating Krona visualization...
Writing /scratch/prj/aef_forensic_metagenomics/exposure_folder/results/runs/run_1506_2218/krona/S1SG_S3.krona.html...
✅  Krona plot generated.

Processing sample: S2RP_S12

Classifying metagenomic reads with Kraken2...
kraken2 --db "/scratch/prj/aef_forensic_metagenomics/data/databases/k2_pluspfp_16gb_20250402" --threads 8 --report "/scratch/prj/aef_forensic_metagenomics/exposure_folder/results/runs/run_1506_2218/reports/S2RP_S12.k2report" 		--report-minimizer-data --paired --minimum-hit-groups 1 		--classified-out "/scratch/prj/aef_forensic_metagenomics/exposure_folder/processed_data/metagenomic/classified/S2RP_S12_classified#.fastq" --unclassified-out "/scratch/prj/aef_forensic_metagenomics/exposure_folder/processed_data/metagenomic/unclassified/S2RP_S12_unclassified#.fastq" 		--output "/scratch/prj/aef_forensic_metagenomics/exposure_folder/processed_data/metagenomic/kraken2/S2RP_S12.kraken2" --use-names "/scratch/prj/aef_forensic_metagenomics/exposure_folder/processed_data/metagenomic/filtered_fastq/S2RP_S12_metagenomic.1" "/scratch/prj/aef_forensic_metagenomics/exposure_folder/processed_data/metagenomic/filtered_fastq/S2RP_S12_metagenomic.2" 2>&1
Loading database information... done.
236239 sequences (46.91 Mbp) processed in 0.806s (17589.4 Kseq/m, 3492.93 Mbp/m).
  121221 sequences classified (51.31%)
  115018 sequences unclassified (48.69%)
✅  Classification complete.

Estimating species abundance with Bracken...
 >> Checking for Valid Options...
 >> Running Bracken 
      >> python src/est_abundance.py -i /scratch/prj/aef_forensic_metagenomics/exposure_folder/results/runs/run_1506_2218/reports/S2RP_S12.k2report -o /scratch/prj/aef_forensic_metagenomics/exposure_folder/processed_data/metagenomic/bracken/S2RP_S12.bracken -k /scratch/prj/aef_forensic_metagenomics/data/databases/k2_pluspfp_16gb_20250402/database100mers.kmer_distrib -l S -t 20
>> Checking report file: /scratch/prj/aef_forensic_metagenomics/exposure_folder/results/runs/run_1506_2218/reports/S2RP_S12.k2report
PROGRAM START TIME: 06-15-2025 21:20:55
BRACKEN SUMMARY (Kraken report: /scratch/prj/aef_forensic_metagenomics/exposure_folder/results/runs/run_1506_2218/reports/S2RP_S12.k2report)
    >>> Threshold: 20 
    >>> Number of species in sample: 92 
	  >> Number of species with reads > threshold: 15 
	  >> Number of species with reads < threshold: 77 
    >>> Total reads in sample: 236239
	  >> Total reads kept at species level (reads > threshold): 104505
	  >> Total reads discarded (species reads < threshold): 146
	  >> Reads distributed: 16523
	  >> Reads not distributed (eg. no species above threshold): 47
	  >> Unclassified reads: 115018
BRACKEN OUTPUT PRODUCED: /scratch/prj/aef_forensic_metagenomics/exposure_folder/processed_data/metagenomic/bracken/S2RP_S12.bracken
PROGRAM END TIME: 06-15-2025 21:20:55
  Bracken complete.
✅  Abundance estimated.

Generating Krona visualization...
Writing /scratch/prj/aef_forensic_metagenomics/exposure_folder/results/runs/run_1506_2218/krona/S2RP_S12.krona.html...
✅  Krona plot generated.

Processing sample: S2SG_S4

Classifying metagenomic reads with Kraken2...
kraken2 --db "/scratch/prj/aef_forensic_metagenomics/data/databases/k2_pluspfp_16gb_20250402" --threads 8 --report "/scratch/prj/aef_forensic_metagenomics/exposure_folder/results/runs/run_1506_2218/reports/S2SG_S4.k2report" 		--report-minimizer-data --paired --minimum-hit-groups 1 		--classified-out "/scratch/prj/aef_forensic_metagenomics/exposure_folder/processed_data/metagenomic/classified/S2SG_S4_classified#.fastq" --unclassified-out "/scratch/prj/aef_forensic_metagenomics/exposure_folder/processed_data/metagenomic/unclassified/S2SG_S4_unclassified#.fastq" 		--output "/scratch/prj/aef_forensic_metagenomics/exposure_folder/processed_data/metagenomic/kraken2/S2SG_S4.kraken2" --use-names "/scratch/prj/aef_forensic_metagenomics/exposure_folder/processed_data/metagenomic/filtered_fastq/S2SG_S4_metagenomic.1" "/scratch/prj/aef_forensic_metagenomics/exposure_folder/processed_data/metagenomic/filtered_fastq/S2SG_S4_metagenomic.2" 2>&1
Loading database information... done.
5794 sequences (1.33 Mbp) processed in 0.239s (1452.9 Kseq/m, 334.40 Mbp/m).
  2799 sequences classified (48.31%)
  2995 sequences unclassified (51.69%)
✅  Classification complete.

Estimating species abundance with Bracken...
 >> Checking for Valid Options...
 >> Running Bracken 
      >> python src/est_abundance.py -i /scratch/prj/aef_forensic_metagenomics/exposure_folder/results/runs/run_1506_2218/reports/S2SG_S4.k2report -o /scratch/prj/aef_forensic_metagenomics/exposure_folder/processed_data/metagenomic/bracken/S2SG_S4.bracken -k /scratch/prj/aef_forensic_metagenomics/data/databases/k2_pluspfp_16gb_20250402/database100mers.kmer_distrib -l S -t 20
>> Checking report file: /scratch/prj/aef_forensic_metagenomics/exposure_folder/results/runs/run_1506_2218/reports/S2SG_S4.k2report
PROGRAM START TIME: 06-15-2025 21:21:06
BRACKEN SUMMARY (Kraken report: /scratch/prj/aef_forensic_metagenomics/exposure_folder/results/runs/run_1506_2218/reports/S2SG_S4.k2report)
    >>> Threshold: 20 
    >>> Number of species in sample: 207 
	  >> Number of species with reads > threshold: 11 
	  >> Number of species with reads < threshold: 196 
    >>> Total reads in sample: 5794
	  >> Total reads kept at species level (reads > threshold): 1499
	  >> Total reads discarded (species reads < threshold): 416
	  >> Reads distributed: 587
	  >> Reads not distributed (eg. no species above threshold): 297
	  >> Unclassified reads: 2995
BRACKEN OUTPUT PRODUCED: /scratch/prj/aef_forensic_metagenomics/exposure_folder/processed_data/metagenomic/bracken/S2SG_S4.bracken
PROGRAM END TIME: 06-15-2025 21:21:06
  Bracken complete.
✅  Abundance estimated.

Generating Krona visualization...
Writing /scratch/prj/aef_forensic_metagenomics/exposure_folder/results/runs/run_1506_2218/krona/S2SG_S4.krona.html...
✅  Krona plot generated.

Metagenomic classification completed in: 00:02:26

Calculating read length statistics...
D1RP_S9_metagenomic.1: mean = 132.8, median = 138.0
D1SG_S1_metagenomic.1: mean = 129.0, median = 130.0
D2RP_S10_metagenomic.1: mean = 129.6, median = 132.0
D2SG_S2_metagenomic.1: mean = 108.7, median = 102.0
L1RP_S13_metagenomic.1: mean = 129.4, median = 132.0
L1SG_S5_metagenomic.1: mean = 120.8, median = 116.0
L2RP_S14_metagenomic.1: mean = 117.3, median = 108.0
L2SG_S6_metagenomic.1: mean = 120.7, median = 116.0
S1RP_S11_metagenomic.1: mean = 130.7, median = 135.0
S1SG_S3_metagenomic.1: mean = 114.0, median = 107.0
S2RP_S12_metagenomic.1: mean = 99.5, median = 84.0
S2SG_S4_metagenomic.1: mean = 115.5, median = 107.0
D1RP_S9_metagenomic.2: mean = 130.4, median = 133.0
D1SG_S1_metagenomic.2: mean = 127.3, median = 128.0
D2RP_S10_metagenomic.2: mean = 127.5, median = 129.0
D2SG_S2_metagenomic.2: mean = 108.3, median = 101.0
L1RP_S13_metagenomic.2: mean = 128.3, median = 130.0
L1SG_S5_metagenomic.2: mean = 119.8, median = 115.0
L2RP_S14_metagenomic.2: mean = 116.9, median = 107.0
L2SG_S6_metagenomic.2: mean = 120.3, median = 116.0
S1RP_S11_metagenomic.2: mean = 129.1, median = 132.0
S1SG_S3_metagenomic.2: mean = 113.0, median = 107.0
S2RP_S12_metagenomic.2: mean = 99.1, median = 84.0
S2SG_S4_metagenomic.2: mean = 114.7, median = 107.0
D1RP_S9_classified_1.fastq: mean = 150.5, median = 170.0
D1RP_S9_classified_2.fastq: mean = 148.1, median = 164.0
D1SG_S1_classified_1.fastq: mean = 147.0, median = 159.0
D1SG_S1_classified_2.fastq: mean = 145.1, median = 155.0
D2RP_S10_classified_1.fastq: mean = 145.8, median = 160.0
D2RP_S10_classified_2.fastq: mean = 143.2, median = 154.0
D2SG_S2_classified_1.fastq: mean = 121.9, median = 120.0
D2SG_S2_classified_2.fastq: mean = 121.3, median = 119.0
L1RP_S13_classified_1.fastq: mean = 152.1, median = 173.0
L1RP_S13_classified_2.fastq: mean = 149.4, median = 167.0
L1SG_S5_classified_1.fastq: mean = 143.8, median = 152.0
L1SG_S5_classified_2.fastq: mean = 142.3, median = 149.0
L2RP_S14_classified_1.fastq: mean = 136.3, median = 140.0
L2RP_S14_classified_2.fastq: mean = 135.8, median = 139.0
L2SG_S6_classified_1.fastq: mean = 138.9, median = 143.0
L2SG_S6_classified_2.fastq: mean = 138.5, median = 143.0
S1RP_S11_classified_1.fastq: mean = 157.8, median = 192.0
S1RP_S11_classified_2.fastq: mean = 156.3, median = 186.5
S1SG_S3_classified_1.fastq: mean = 132.2, median = 134.0
S1SG_S3_classified_2.fastq: mean = 131.0, median = 132.0
S2RP_S12_classified_1.fastq: mean = 120.2, median = 112.0
S2RP_S12_classified_2.fastq: mean = 119.5, median = 111.0
S2SG_S4_classified_1.fastq: mean = 137.7, median = 138.0
S2SG_S4_classified_2.fastq: mean = 136.6, median = 136.0
D1RP_S9_unclassified_1.fastq: mean = 129.8, median = 132.0
D1RP_S9_unclassified_2.fastq: mean = 127.4, median = 128.0
D1SG_S1_unclassified_1.fastq: mean = 124.8, median = 123.0
D1SG_S1_unclassified_2.fastq: mean = 123.2, median = 120.0
D2RP_S10_unclassified_1.fastq: mean = 89.1, median = 70.0
D2RP_S10_unclassified_2.fastq: mean = 88.1, median = 69.0
D2SG_S2_unclassified_1.fastq: mean = 82.2, median = 67.0
D2SG_S2_unclassified_2.fastq: mean = 82.0, median = 67.0
L1RP_S13_unclassified_1.fastq: mean = 128.8, median = 131.0
L1RP_S13_unclassified_2.fastq: mean = 127.8, median = 129.0
L1SG_S5_unclassified_1.fastq: mean = 118.9, median = 113.0
L1SG_S5_unclassified_2.fastq: mean = 117.9, median = 111.0
L2RP_S14_unclassified_1.fastq: mean = 78.7, median = 62.0
L2RP_S14_unclassified_2.fastq: mean = 78.5, median = 62.0
L2SG_S6_unclassified_1.fastq: mean = 81.0, median = 66.0
L2SG_S6_unclassified_2.fastq: mean = 80.6, median = 66.0
S1RP_S11_unclassified_1.fastq: mean = 130.6, median = 135.0
S1RP_S11_unclassified_2.fastq: mean = 129.0, median = 131.0
S1SG_S3_unclassified_1.fastq: mean = 107.5, median = 97.0
S1SG_S3_unclassified_2.fastq: mean = 106.6, median = 96.0
S2RP_S12_unclassified_1.fastq: mean = 77.8, median = 62.0
S2RP_S12_unclassified_2.fastq: mean = 77.5, median = 62.0
S2SG_S4_unclassified_1.fastq: mean = 94.8, median = 78.0
S2SG_S4_unclassified_2.fastq: mean = 94.2, median = 78.0
✅ Statistics generated.

Combining Bracken reports...
✅ Bracken reports combined.

Copying SLURM job logs...
✅ SLURM job logs copied.

================================================= COMPARISON TO GROUND TRUTH =================================================

================================================= METAGENOMIC DIVERSITY ANALYSIS =================================================
Calculating alpha and beta diversity...
✅ Alpha diversity calculated.
✅ Beta diversity heatmap generated.
✅  Diversity analysis completed successfully.

✅  Pipeline completed successfully.

Copying final SLURM job logs
