+ echo -e '\n================================================= ARGUMENT PARSING & VALIDATION =================================================\n'
+ TRIM=false
+ REMOVE_HOST_DNA=false
+ [[ 4 -gt 0 ]]
+ case "$1" in
+ [[ -z ../exposure_folder1/raw_data/ ]]
+ [[ ../exposure_folder1/raw_data/ == -* ]]
+ [[ ! -d ../exposure_folder1/raw_data/ ]]
++ find ../exposure_folder1/raw_data/ -maxdepth 1 -type f '(' -name '*.fq' -o -name '*.fastq' -o -name '*.fq.gz' -o -name '*.fastq.gz' ')'
+ [[ -z ../exposure_folder1/raw_data/D1RP_S9_L001_R1_001.fastq.gz
../exposure_folder1/raw_data/D2RP_S10_L001_R2_001.fastq.gz
../exposure_folder1/raw_data/D1RP_S9_L001_R2_001.fastq.gz
../exposure_folder1/raw_data/D2SG_S2_L001_R2_001.fastq.gz
../exposure_folder1/raw_data/D2RP_S10_L001_R1_001.fastq.gz
../exposure_folder1/raw_data/D2SG_S2_L001_R1_001.fastq.gz
../exposure_folder1/raw_data/D1SG_S1_L001_R1_001.fastq.gz
../exposure_folder1/raw_data/D1SG_S1_L001_R2_001.fastq.gz ]]
+ for file in "$2"/*.{fq,fastq}
+ [[ -f ../exposure_folder1/raw_data//*.fq ]]
+ for file in "$2"/*.{fq,fastq}
+ [[ -f ../exposure_folder1/raw_data//*.fastq ]]
+ for file in "$2"/*.fq.gz
+ [[ -f ../exposure_folder1/raw_data//*.fq.gz ]]
+ RAW_FASTQ_DIR=../exposure_folder1/raw_data/
+ echo 'Raw FASTQ directory path: ../exposure_folder1/raw_data/'
++ dirname ../exposure_folder1/raw_data/
+ PROJ_DIR=../exposure_folder1
++ dirname ../exposure_folder1
+ ROOT_DIR=..
+ DATABASE=../data/databases/k2_standard_16gb_20241228
+ BOWTIE_PREFIX=../data/bowtie_index/GRCh38_noalt_as/GRCh38_noalt_as
+ shift 2
+ [[ 2 -gt 0 ]]
+ case "$1" in
+ [[ -z -t ]]
+ [[ -t == -* ]]
+ echo '⚠️ Warning: No Bowtie2 index provided. Using default: ../data/bowtie_index/GRCh38_noalt_as/GRCh38_noalt_as'
+ shift
+ REMOVE_HOST_DNA=true
+ [[ 1 -gt 0 ]]
+ case "$1" in
+ TRIM=true
+ echo '✅ Trimming enabled.'
+ shift
+ [[ 0 -gt 0 ]]
+ [[ -z ../exposure_folder1/raw_data/ ]]
++ [[ true == true ]]
++ echo 'Enabled ✅'
+ echo -e 'Quality Control & Trimming: Enabled ✅'
+ echo '⚠️ Optional, but must be done at least once on the raw reads for the pipeline to work.'
+ echo ''
+ [[ true == true ]]
+ echo -e 'Host DNA Removal: Enabled ✅'
+ echo 'Bowtie2 Index Prefix: ../data/bowtie_index/GRCh38_noalt_as/GRCh38_noalt_as'
+ echo '⚠️ Optional, but must be done at least once on the trimmed reads for the pipeline to work.'
+ echo ''
+ echo 'Kraken2/Bracken Database: ../data/databases/k2_standard_16gb_20241228'
+ echo -e '\n================================================= CONDA ENVIRONMENT ACTIVATION ==================================================\n'
+ source ../scripts/helper_scripts/environment_setup.sh ../scripts/metagenomics.yml
++ [[ -z ../scripts/metagenomics.yml ]]
++ [[ ../scripts/metagenomics.yml != *.yml ]]
++ [[ ! -f ../scripts/metagenomics.yml ]]
++ ENV_FILE=../scripts/metagenomics.yml
+++ basename ../scripts/metagenomics.yml .yml
++ ENV_NAME=metagenomics
++ command -v conda
+++ conda shell.bash hook
++ eval 'export CONDA_EXE='\''/software/spackages_v0_21_prod/apps/linux-ubuntu22.04-zen2/gcc-13.2.0/anaconda3-2022.10-5wy43yh5crcsmws4afls5thwoskzarhe/bin/conda'\''
export _CE_M='\'''\''
export _CE_CONDA='\'''\''
export CONDA_PYTHON_EXE='\''/software/spackages_v0_21_prod/apps/linux-ubuntu22.04-zen2/gcc-13.2.0/anaconda3-2022.10-5wy43yh5crcsmws4afls5thwoskzarhe/bin/python'\''

# Copyright (C) 2012 Anaconda, Inc
# SPDX-License-Identifier: BSD-3-Clause

__conda_exe() (
    "$CONDA_EXE" $_CE_M $_CE_CONDA "$@"
)

__conda_hashr() {
    if [ -n "${ZSH_VERSION:+x}" ]; then
        \rehash
    elif [ -n "${POSH_VERSION:+x}" ]; then
        :  # pass
    else
        \hash -r
    fi
}

__conda_activate() {
    if [ -n "${CONDA_PS1_BACKUP:+x}" ]; then
        # Handle transition from shell activated with conda <= 4.3 to a subsequent activation
        # after conda updated to >= 4.4. See issue #6173.
        PS1="$CONDA_PS1_BACKUP"
        \unset CONDA_PS1_BACKUP
    fi
    \local ask_conda
    ask_conda="$(PS1="${PS1:-}" __conda_exe shell.posix "$@")" || \return
    \eval "$ask_conda"
    __conda_hashr
}

__conda_reactivate() {
    \local ask_conda
    ask_conda="$(PS1="${PS1:-}" __conda_exe shell.posix reactivate)" || \return
    \eval "$ask_conda"
    __conda_hashr
}

conda() {
    \local cmd="${1-__missing__}"
    case "$cmd" in
        activate|deactivate)
            __conda_activate "$@"
            ;;
        install|update|upgrade|remove|uninstall)
            __conda_exe "$@" || \return
            __conda_reactivate
            ;;
        *)
            __conda_exe "$@"
            ;;
    esac
}

if [ -z "${CONDA_SHLVL+x}" ]; then
    \export CONDA_SHLVL=0
    # In dev-mode CONDA_EXE is python.exe and on Windows
    # it is in a different relative location to condabin.
    if [ -n "${_CE_CONDA:+x}" ] && [ -n "${WINDIR+x}" ]; then
        PATH="$(\dirname "$CONDA_EXE")/condabin${PATH:+":${PATH}"}"
    else
        PATH="$(\dirname "$(\dirname "$CONDA_EXE")")/condabin${PATH:+":${PATH}"}"
    fi
    \export PATH

    # We'\''re not allowing PS1 to be unbound. It must at least be set.
    # However, we'\''re not exporting it, which can cause problems when starting a second shell
    # via a first shell (i.e. starting zsh from bash).
    if [ -z "${PS1+x}" ]; then
        PS1=
    fi
fi

conda activate base'
+++ export CONDA_EXE=/software/spackages_v0_21_prod/apps/linux-ubuntu22.04-zen2/gcc-13.2.0/anaconda3-2022.10-5wy43yh5crcsmws4afls5thwoskzarhe/bin/conda
+++ CONDA_EXE=/software/spackages_v0_21_prod/apps/linux-ubuntu22.04-zen2/gcc-13.2.0/anaconda3-2022.10-5wy43yh5crcsmws4afls5thwoskzarhe/bin/conda
+++ export _CE_M=
+++ _CE_M=
+++ export _CE_CONDA=
+++ _CE_CONDA=
+++ export CONDA_PYTHON_EXE=/software/spackages_v0_21_prod/apps/linux-ubuntu22.04-zen2/gcc-13.2.0/anaconda3-2022.10-5wy43yh5crcsmws4afls5thwoskzarhe/bin/python
+++ CONDA_PYTHON_EXE=/software/spackages_v0_21_prod/apps/linux-ubuntu22.04-zen2/gcc-13.2.0/anaconda3-2022.10-5wy43yh5crcsmws4afls5thwoskzarhe/bin/python
+++ '[' -z x ']'
+++ conda activate base
+++ local cmd=activate
+++ case "$cmd" in
+++ __conda_activate activate base
+++ '[' -n '' ']'
+++ local ask_conda
++++ PS1=
++++ __conda_exe shell.posix activate base
++++ /software/spackages_v0_21_prod/apps/linux-ubuntu22.04-zen2/gcc-13.2.0/anaconda3-2022.10-5wy43yh5crcsmws4afls5thwoskzarhe/bin/conda shell.posix activate base
+++ ask_conda='PS1='\''(base) '\''
export PATH='\''/users/k24087895/.local/bin:/software/spackages_v0_21_prod/apps/linux-ubuntu22.04-zen2/gcc-13.2.0/anaconda3-2022.10-5wy43yh5crcsmws4afls5thwoskzarhe/bin:/software/spackages_v0_21_prod/apps/linux-ubuntu22.04-zen2/gcc-13.2.0/anaconda3-2022.10-5wy43yh5crcsmws4afls5thwoskzarhe/condabin:/usr/local/sbin:/usr/local/bin:/usr/sbin:/usr/bin:/sbin:/bin:/usr/games:/usr/local/games:/snap/bin:/opt/puppetlabs/bin'\''
export CONDA_SHLVL='\''1'\''
export CONDA_PROMPT_MODIFIER='\''(base) '\'''
+++ eval 'PS1='\''(base) '\''
export PATH='\''/users/k24087895/.local/bin:/software/spackages_v0_21_prod/apps/linux-ubuntu22.04-zen2/gcc-13.2.0/anaconda3-2022.10-5wy43yh5crcsmws4afls5thwoskzarhe/bin:/software/spackages_v0_21_prod/apps/linux-ubuntu22.04-zen2/gcc-13.2.0/anaconda3-2022.10-5wy43yh5crcsmws4afls5thwoskzarhe/condabin:/usr/local/sbin:/usr/local/bin:/usr/sbin:/usr/bin:/sbin:/bin:/usr/games:/usr/local/games:/snap/bin:/opt/puppetlabs/bin'\''
export CONDA_SHLVL='\''1'\''
export CONDA_PROMPT_MODIFIER='\''(base) '\'''
++++ PS1='(base) '
++++ export PATH=/users/k24087895/.local/bin:/software/spackages_v0_21_prod/apps/linux-ubuntu22.04-zen2/gcc-13.2.0/anaconda3-2022.10-5wy43yh5crcsmws4afls5thwoskzarhe/bin:/software/spackages_v0_21_prod/apps/linux-ubuntu22.04-zen2/gcc-13.2.0/anaconda3-2022.10-5wy43yh5crcsmws4afls5thwoskzarhe/condabin:/usr/local/sbin:/usr/local/bin:/usr/sbin:/usr/bin:/sbin:/bin:/usr/games:/usr/local/games:/snap/bin:/opt/puppetlabs/bin
++++ PATH=/users/k24087895/.local/bin:/software/spackages_v0_21_prod/apps/linux-ubuntu22.04-zen2/gcc-13.2.0/anaconda3-2022.10-5wy43yh5crcsmws4afls5thwoskzarhe/bin:/software/spackages_v0_21_prod/apps/linux-ubuntu22.04-zen2/gcc-13.2.0/anaconda3-2022.10-5wy43yh5crcsmws4afls5thwoskzarhe/condabin:/usr/local/sbin:/usr/local/bin:/usr/sbin:/usr/bin:/sbin:/bin:/usr/games:/usr/local/games:/snap/bin:/opt/puppetlabs/bin
++++ export CONDA_SHLVL=1
++++ CONDA_SHLVL=1
++++ export 'CONDA_PROMPT_MODIFIER=(base) '
++++ CONDA_PROMPT_MODIFIER='(base) '
+++ __conda_hashr
+++ '[' -n '' ']'
+++ '[' -n '' ']'
+++ hash -r
++ conda env list
++ local cmd=env
++ case "$cmd" in
++ grep -q metagenomics
++ __conda_exe env list
++ /software/spackages_v0_21_prod/apps/linux-ubuntu22.04-zen2/gcc-13.2.0/anaconda3-2022.10-5wy43yh5crcsmws4afls5thwoskzarhe/bin/conda env list
++ conda activate metagenomics
++ local cmd=activate
++ case "$cmd" in
++ __conda_activate activate metagenomics
++ '[' -n '' ']'
++ local ask_conda
+++ PS1='(base) '
+++ __conda_exe shell.posix activate metagenomics
+++ /software/spackages_v0_21_prod/apps/linux-ubuntu22.04-zen2/gcc-13.2.0/anaconda3-2022.10-5wy43yh5crcsmws4afls5thwoskzarhe/bin/conda shell.posix activate metagenomics
++ ask_conda='PS1='\''(metagenomics) '\''
export PATH='\''/users/k24087895/.local/bin:/users/k24087895/.conda/envs/metagenomics/bin:/software/spackages_v0_21_prod/apps/linux-ubuntu22.04-zen2/gcc-13.2.0/anaconda3-2022.10-5wy43yh5crcsmws4afls5thwoskzarhe/condabin:/usr/local/sbin:/usr/local/bin:/usr/sbin:/usr/bin:/sbin:/bin:/usr/games:/usr/local/games:/snap/bin:/opt/puppetlabs/bin'\''
export CONDA_PREFIX='\''/users/k24087895/.conda/envs/metagenomics'\''
export CONDA_SHLVL='\''2'\''
export CONDA_DEFAULT_ENV='\''metagenomics'\''
export CONDA_PROMPT_MODIFIER='\''(metagenomics) '\''
export CONDA_PREFIX_1='\''/software/spackages_v0_21_prod/apps/linux-ubuntu22.04-zen2/gcc-13.2.0/anaconda3-2022.10-5wy43yh5crcsmws4afls5thwoskzarhe'\''
export CONDA_EXE='\''/software/spackages_v0_21_prod/apps/linux-ubuntu22.04-zen2/gcc-13.2.0/anaconda3-2022.10-5wy43yh5crcsmws4afls5thwoskzarhe/bin/conda'\''
export _CE_M='\'''\''
export _CE_CONDA='\'''\''
export CONDA_PYTHON_EXE='\''/software/spackages_v0_21_prod/apps/linux-ubuntu22.04-zen2/gcc-13.2.0/anaconda3-2022.10-5wy43yh5crcsmws4afls5thwoskzarhe/bin/python'\''
. "/users/k24087895/.conda/envs/metagenomics/etc/conda/activate.d/activate-r-base.sh"
. "/users/k24087895/.conda/envs/metagenomics/etc/conda/activate.d/libglib_activate.sh"
. "/users/k24087895/.conda/envs/metagenomics/etc/conda/activate.d/libxml2_activate.sh"
. "/users/k24087895/.conda/envs/metagenomics/etc/conda/activate.d/openjdk_activate.sh"'
++ eval 'PS1='\''(metagenomics) '\''
export PATH='\''/users/k24087895/.local/bin:/users/k24087895/.conda/envs/metagenomics/bin:/software/spackages_v0_21_prod/apps/linux-ubuntu22.04-zen2/gcc-13.2.0/anaconda3-2022.10-5wy43yh5crcsmws4afls5thwoskzarhe/condabin:/usr/local/sbin:/usr/local/bin:/usr/sbin:/usr/bin:/sbin:/bin:/usr/games:/usr/local/games:/snap/bin:/opt/puppetlabs/bin'\''
export CONDA_PREFIX='\''/users/k24087895/.conda/envs/metagenomics'\''
export CONDA_SHLVL='\''2'\''
export CONDA_DEFAULT_ENV='\''metagenomics'\''
export CONDA_PROMPT_MODIFIER='\''(metagenomics) '\''
export CONDA_PREFIX_1='\''/software/spackages_v0_21_prod/apps/linux-ubuntu22.04-zen2/gcc-13.2.0/anaconda3-2022.10-5wy43yh5crcsmws4afls5thwoskzarhe'\''
export CONDA_EXE='\''/software/spackages_v0_21_prod/apps/linux-ubuntu22.04-zen2/gcc-13.2.0/anaconda3-2022.10-5wy43yh5crcsmws4afls5thwoskzarhe/bin/conda'\''
export _CE_M='\'''\''
export _CE_CONDA='\'''\''
export CONDA_PYTHON_EXE='\''/software/spackages_v0_21_prod/apps/linux-ubuntu22.04-zen2/gcc-13.2.0/anaconda3-2022.10-5wy43yh5crcsmws4afls5thwoskzarhe/bin/python'\''
. "/users/k24087895/.conda/envs/metagenomics/etc/conda/activate.d/activate-r-base.sh"
. "/users/k24087895/.conda/envs/metagenomics/etc/conda/activate.d/libglib_activate.sh"
. "/users/k24087895/.conda/envs/metagenomics/etc/conda/activate.d/libxml2_activate.sh"
. "/users/k24087895/.conda/envs/metagenomics/etc/conda/activate.d/openjdk_activate.sh"'
+++ PS1='(metagenomics) '
+++ export PATH=/users/k24087895/.local/bin:/users/k24087895/.conda/envs/metagenomics/bin:/software/spackages_v0_21_prod/apps/linux-ubuntu22.04-zen2/gcc-13.2.0/anaconda3-2022.10-5wy43yh5crcsmws4afls5thwoskzarhe/condabin:/usr/local/sbin:/usr/local/bin:/usr/sbin:/usr/bin:/sbin:/bin:/usr/games:/usr/local/games:/snap/bin:/opt/puppetlabs/bin
+++ PATH=/users/k24087895/.local/bin:/users/k24087895/.conda/envs/metagenomics/bin:/software/spackages_v0_21_prod/apps/linux-ubuntu22.04-zen2/gcc-13.2.0/anaconda3-2022.10-5wy43yh5crcsmws4afls5thwoskzarhe/condabin:/usr/local/sbin:/usr/local/bin:/usr/sbin:/usr/bin:/sbin:/bin:/usr/games:/usr/local/games:/snap/bin:/opt/puppetlabs/bin
+++ export CONDA_PREFIX=/users/k24087895/.conda/envs/metagenomics
+++ CONDA_PREFIX=/users/k24087895/.conda/envs/metagenomics
+++ export CONDA_SHLVL=2
+++ CONDA_SHLVL=2
+++ export CONDA_DEFAULT_ENV=metagenomics
+++ CONDA_DEFAULT_ENV=metagenomics
+++ export 'CONDA_PROMPT_MODIFIER=(metagenomics) '
+++ CONDA_PROMPT_MODIFIER='(metagenomics) '
+++ export CONDA_PREFIX_1=/software/spackages_v0_21_prod/apps/linux-ubuntu22.04-zen2/gcc-13.2.0/anaconda3-2022.10-5wy43yh5crcsmws4afls5thwoskzarhe
+++ CONDA_PREFIX_1=/software/spackages_v0_21_prod/apps/linux-ubuntu22.04-zen2/gcc-13.2.0/anaconda3-2022.10-5wy43yh5crcsmws4afls5thwoskzarhe
+++ export CONDA_EXE=/software/spackages_v0_21_prod/apps/linux-ubuntu22.04-zen2/gcc-13.2.0/anaconda3-2022.10-5wy43yh5crcsmws4afls5thwoskzarhe/bin/conda
+++ CONDA_EXE=/software/spackages_v0_21_prod/apps/linux-ubuntu22.04-zen2/gcc-13.2.0/anaconda3-2022.10-5wy43yh5crcsmws4afls5thwoskzarhe/bin/conda
+++ export _CE_M=
+++ _CE_M=
+++ export _CE_CONDA=
+++ _CE_CONDA=
+++ export CONDA_PYTHON_EXE=/software/spackages_v0_21_prod/apps/linux-ubuntu22.04-zen2/gcc-13.2.0/anaconda3-2022.10-5wy43yh5crcsmws4afls5thwoskzarhe/bin/python
+++ CONDA_PYTHON_EXE=/software/spackages_v0_21_prod/apps/linux-ubuntu22.04-zen2/gcc-13.2.0/anaconda3-2022.10-5wy43yh5crcsmws4afls5thwoskzarhe/bin/python
+++ . /users/k24087895/.conda/envs/metagenomics/etc/conda/activate.d/activate-r-base.sh
++++ R CMD javareconf
++++ '[' -n '' ']'
++++ export RSTUDIO_WHICH_R=/users/k24087895/.conda/envs/metagenomics/bin/R
++++ RSTUDIO_WHICH_R=/users/k24087895/.conda/envs/metagenomics/bin/R
+++ . /users/k24087895/.conda/envs/metagenomics/etc/conda/activate.d/libglib_activate.sh
++++ export GSETTINGS_SCHEMA_DIR_CONDA_BACKUP=
++++ GSETTINGS_SCHEMA_DIR_CONDA_BACKUP=
++++ export GSETTINGS_SCHEMA_DIR=/users/k24087895/.conda/envs/metagenomics/share/glib-2.0/schemas
++++ GSETTINGS_SCHEMA_DIR=/users/k24087895/.conda/envs/metagenomics/share/glib-2.0/schemas
+++ . /users/k24087895/.conda/envs/metagenomics/etc/conda/activate.d/libxml2_activate.sh
++++ test -n ''
++++ xml_catalog_files_libxml2=
++++ XML_CATALOG_FILES=
++++ conda_catalog_files=
++++ ifs_libxml2=' 	
'
++++ IFS=' '
++++ rem=/users/k24087895/.conda/envs/metagenomics
++++ for pre in ${rem}
++++ test '' = /users/k24087895/.conda/envs/metagenomics
++++ conda_catalog_files=/users/k24087895/.conda/envs/metagenomics
++++ rem=
++++ IFS=' 	
'
++++ conda_catalog_files='file:///users/k24087895/.conda/envs/metagenomics/etc/xml/catalog file:///etc/xml/catalog'
++++ export 'XML_CATALOG_FILES=file:///users/k24087895/.conda/envs/metagenomics/etc/xml/catalog file:///etc/xml/catalog'
++++ XML_CATALOG_FILES='file:///users/k24087895/.conda/envs/metagenomics/etc/xml/catalog file:///etc/xml/catalog'
++++ unset conda_catalog_files ifs_libxml2 rem
+++ . /users/k24087895/.conda/envs/metagenomics/etc/conda/activate.d/openjdk_activate.sh
++++ '[' '' ']'
++++ export JAVA_HOME=/users/k24087895/.conda/envs/metagenomics/lib/jvm
++++ JAVA_HOME=/users/k24087895/.conda/envs/metagenomics/lib/jvm
++++ '[' '' ']'
++++ export JAVA_LD_LIBRARY_PATH=/users/k24087895/.conda/envs/metagenomics/lib/jvm/lib/server
++++ JAVA_LD_LIBRARY_PATH=/users/k24087895/.conda/envs/metagenomics/lib/jvm/lib/server
++ __conda_hashr
++ '[' -n '' ']'
++ '[' -n '' ']'
++ hash -r
++ echo '✅ '\''metagenomics'\'' environment activated successfully.'
++ export PATH=/users/k24087895/.conda/envs/metagenomics/bin:/users/k24087895/.local/bin:/users/k24087895/.conda/envs/metagenomics/bin:/software/spackages_v0_21_prod/apps/linux-ubuntu22.04-zen2/gcc-13.2.0/anaconda3-2022.10-5wy43yh5crcsmws4afls5thwoskzarhe/condabin:/usr/local/sbin:/usr/local/bin:/usr/sbin:/usr/bin:/sbin:/bin:/usr/games:/usr/local/games:/snap/bin:/opt/puppetlabs/bin
++ PATH=/users/k24087895/.conda/envs/metagenomics/bin:/users/k24087895/.local/bin:/users/k24087895/.conda/envs/metagenomics/bin:/software/spackages_v0_21_prod/apps/linux-ubuntu22.04-zen2/gcc-13.2.0/anaconda3-2022.10-5wy43yh5crcsmws4afls5thwoskzarhe/condabin:/usr/local/sbin:/usr/local/bin:/usr/sbin:/usr/bin:/sbin:/bin:/usr/games:/usr/local/games:/snap/bin:/opt/puppetlabs/bin
+++ python -c 'import sys; print(".".join(map(str, sys.version_info[:3])))'
++ export PYTHONPATH=/users/k24087895/.conda/envs/metagenomics/lib/python3.12.10/site-packages:
++ PYTHONPATH=/users/k24087895/.conda/envs/metagenomics/lib/python3.12.10/site-packages:
+ echo -e '\n====================================================== PROJECT STRUCTURE ======================================================\n'
+ RESULTS_DIR=../exposure_folder1/results
+ FASTQC_DIR=../exposure_folder1/results/fastqc
+ HOST_DNA_ANALYSIS_DIR=../exposure_folder1/results/host_dna_analysis
++ dirname ../exposure_folder1/raw_data/
+ PROCESSED_DIR=../exposure_folder1/processed_data
+ TRIMMED_DIR=../exposure_folder1/processed_data/trimmed
+ HUMAN_DIR=../exposure_folder1/processed_data/human
+ ALIGNED_SAM_DIR=../exposure_folder1/processed_data/human/aligned_sam
+ SORTED_BAM_DIR=../exposure_folder1/processed_data/human/sorted_bam
+ BED_FILES_DIR=../exposure_folder1/processed_data/human/bed_files
+ METAGENOMIC_DIR=../exposure_folder1/processed_data/metagenomic
+ FILTERED_FASTQ_DIR=../exposure_folder1/processed_data/metagenomic/filtered_fastq
+ KRAKEN2_DIR=../exposure_folder1/processed_data/metagenomic/kraken2
+ CLASSIFIED_DIR=../exposure_folder1/processed_data/metagenomic/classified
+ UNCLASSIFIED_DIR=../exposure_folder1/processed_data/metagenomic/unclassified
+ BRACKEN_DIR=../exposure_folder1/processed_data/metagenomic/bracken
++ date +run_%d%m_%H%M
+ RUN_DIR=../exposure_folder1/results/runs/run_0205_2315
+ REPORTS_DIR=../exposure_folder1/results/runs/run_0205_2315/reports
+ KRONA_DIR=../exposure_folder1/results/runs/run_0205_2315/krona
+ DIVERSITY_DIR=../exposure_folder1/results/runs/run_0205_2315/diversity
+ LOG_DIR=../exposure_folder1/results/runs/run_0205_2315/logs
+ mkdir -p ../exposure_folder1/results ../exposure_folder1/results/host_dna_analysis ../exposure_folder1/results/fastqc/pre_trimming ../exposure_folder1/results/fastqc/post_trimming ../exposure_folder1/processed_data/trimmed/paired ../exposure_folder1/processed_data/trimmed/unpaired ../exposure_folder1/processed_data/human/aligned_sam ../exposure_folder1/processed_data/metagenomic/filtered_fastq ../exposure_folder1/processed_data/metagenomic/kraken2 ../exposure_folder1/processed_data/metagenomic/classified ../exposure_folder1/processed_data/metagenomic/unclassified ../exposure_folder1/processed_data/metagenomic/bracken ../exposure_folder1/results/runs/run_0205_2315/reports ../exposure_folder1/results/runs/run_0205_2315/krona ../exposure_folder1/results/runs/run_0205_2315/diversity ../exposure_folder1/results/runs/run_0205_2315/logs ../exposure_folder1/processed_data/human/sorted_bam ../exposure_folder1/processed_data/human/bed_files
+ tree -L 3 -d ../exposure_folder1
+ echo 'Human DNA-related files (SAM, BAM, and BED) in the '\''human'\'' directory are created once per sub-project and remain unchanged across runs.'
+ echo 'Intermediate metagenomic files in the '\''metagenomic'\'' directory are overwritten with each run and should be inspected beforehand if desired.'
+ echo 'Results are stored in the '\''results'\'' directory (including FastQC, host DNA analysis, and run-specific results like Kraken2 and Bracken).'
+ [[ true == true ]]
+ echo -e '\n=================================================== QUALITY CONTROL & TRIMMING ===================================================\n'
+ ../scripts/helper_scripts/qc_trim.sh ../exposure_folder1/raw_data/
Started analysis of D1RP_S9_L001_R1_001.fastq.gz
Approx 5% complete for D1RP_S9_L001_R1_001.fastq.gz
Approx 10% complete for D1RP_S9_L001_R1_001.fastq.gz
Approx 15% complete for D1RP_S9_L001_R1_001.fastq.gz
Approx 20% complete for D1RP_S9_L001_R1_001.fastq.gz
Approx 25% complete for D1RP_S9_L001_R1_001.fastq.gz
Approx 30% complete for D1RP_S9_L001_R1_001.fastq.gz
Approx 35% complete for D1RP_S9_L001_R1_001.fastq.gz
Approx 40% complete for D1RP_S9_L001_R1_001.fastq.gz
Approx 45% complete for D1RP_S9_L001_R1_001.fastq.gz
Approx 50% complete for D1RP_S9_L001_R1_001.fastq.gz
Approx 55% complete for D1RP_S9_L001_R1_001.fastq.gz
Approx 60% complete for D1RP_S9_L001_R1_001.fastq.gz
Approx 65% complete for D1RP_S9_L001_R1_001.fastq.gz
Approx 70% complete for D1RP_S9_L001_R1_001.fastq.gz
Approx 75% complete for D1RP_S9_L001_R1_001.fastq.gz
Approx 80% complete for D1RP_S9_L001_R1_001.fastq.gz
Approx 85% complete for D1RP_S9_L001_R1_001.fastq.gz
Approx 90% complete for D1RP_S9_L001_R1_001.fastq.gz
Approx 95% complete for D1RP_S9_L001_R1_001.fastq.gz
Started analysis of D1RP_S9_L001_R2_001.fastq.gz
Approx 5% complete for D1RP_S9_L001_R2_001.fastq.gz
Approx 10% complete for D1RP_S9_L001_R2_001.fastq.gz
Approx 15% complete for D1RP_S9_L001_R2_001.fastq.gz
Approx 20% complete for D1RP_S9_L001_R2_001.fastq.gz
Approx 25% complete for D1RP_S9_L001_R2_001.fastq.gz
Approx 30% complete for D1RP_S9_L001_R2_001.fastq.gz
Approx 35% complete for D1RP_S9_L001_R2_001.fastq.gz
Approx 40% complete for D1RP_S9_L001_R2_001.fastq.gz
Approx 45% complete for D1RP_S9_L001_R2_001.fastq.gz
Approx 50% complete for D1RP_S9_L001_R2_001.fastq.gz
Approx 55% complete for D1RP_S9_L001_R2_001.fastq.gz
Approx 60% complete for D1RP_S9_L001_R2_001.fastq.gz
Approx 65% complete for D1RP_S9_L001_R2_001.fastq.gz
Approx 70% complete for D1RP_S9_L001_R2_001.fastq.gz
Approx 75% complete for D1RP_S9_L001_R2_001.fastq.gz
Approx 80% complete for D1RP_S9_L001_R2_001.fastq.gz
Approx 85% complete for D1RP_S9_L001_R2_001.fastq.gz
Approx 90% complete for D1RP_S9_L001_R2_001.fastq.gz
Approx 95% complete for D1RP_S9_L001_R2_001.fastq.gz
Started analysis of D1SG_S1_L001_R1_001.fastq.gz
Approx 5% complete for D1SG_S1_L001_R1_001.fastq.gz
Approx 10% complete for D1SG_S1_L001_R1_001.fastq.gz
Approx 15% complete for D1SG_S1_L001_R1_001.fastq.gz
Approx 20% complete for D1SG_S1_L001_R1_001.fastq.gz
Approx 25% complete for D1SG_S1_L001_R1_001.fastq.gz
Approx 30% complete for D1SG_S1_L001_R1_001.fastq.gz
Approx 35% complete for D1SG_S1_L001_R1_001.fastq.gz
Approx 40% complete for D1SG_S1_L001_R1_001.fastq.gz
Approx 45% complete for D1SG_S1_L001_R1_001.fastq.gz
Approx 50% complete for D1SG_S1_L001_R1_001.fastq.gz
Approx 55% complete for D1SG_S1_L001_R1_001.fastq.gz
Approx 60% complete for D1SG_S1_L001_R1_001.fastq.gz
Approx 65% complete for D1SG_S1_L001_R1_001.fastq.gz
Approx 70% complete for D1SG_S1_L001_R1_001.fastq.gz
Approx 75% complete for D1SG_S1_L001_R1_001.fastq.gz
Approx 80% complete for D1SG_S1_L001_R1_001.fastq.gz
Approx 85% complete for D1SG_S1_L001_R1_001.fastq.gz
Approx 90% complete for D1SG_S1_L001_R1_001.fastq.gz
Approx 95% complete for D1SG_S1_L001_R1_001.fastq.gz
Started analysis of D1SG_S1_L001_R2_001.fastq.gz
Approx 5% complete for D1SG_S1_L001_R2_001.fastq.gz
Approx 10% complete for D1SG_S1_L001_R2_001.fastq.gz
Approx 15% complete for D1SG_S1_L001_R2_001.fastq.gz
Approx 20% complete for D1SG_S1_L001_R2_001.fastq.gz
Approx 25% complete for D1SG_S1_L001_R2_001.fastq.gz
Approx 30% complete for D1SG_S1_L001_R2_001.fastq.gz
Approx 35% complete for D1SG_S1_L001_R2_001.fastq.gz
Approx 40% complete for D1SG_S1_L001_R2_001.fastq.gz
Approx 45% complete for D1SG_S1_L001_R2_001.fastq.gz
Approx 50% complete for D1SG_S1_L001_R2_001.fastq.gz
Approx 55% complete for D1SG_S1_L001_R2_001.fastq.gz
Approx 60% complete for D1SG_S1_L001_R2_001.fastq.gz
Approx 65% complete for D1SG_S1_L001_R2_001.fastq.gz
Approx 70% complete for D1SG_S1_L001_R2_001.fastq.gz
Approx 75% complete for D1SG_S1_L001_R2_001.fastq.gz
Approx 80% complete for D1SG_S1_L001_R2_001.fastq.gz
Approx 85% complete for D1SG_S1_L001_R2_001.fastq.gz
Approx 90% complete for D1SG_S1_L001_R2_001.fastq.gz
Approx 95% complete for D1SG_S1_L001_R2_001.fastq.gz
Started analysis of D2RP_S10_L001_R1_001.fastq.gz
Approx 5% complete for D2RP_S10_L001_R1_001.fastq.gz
Approx 10% complete for D2RP_S10_L001_R1_001.fastq.gz
Approx 15% complete for D2RP_S10_L001_R1_001.fastq.gz
Approx 20% complete for D2RP_S10_L001_R1_001.fastq.gz
Approx 25% complete for D2RP_S10_L001_R1_001.fastq.gz
Approx 30% complete for D2RP_S10_L001_R1_001.fastq.gz
Approx 35% complete for D2RP_S10_L001_R1_001.fastq.gz
Approx 40% complete for D2RP_S10_L001_R1_001.fastq.gz
Approx 45% complete for D2RP_S10_L001_R1_001.fastq.gz
Approx 50% complete for D2RP_S10_L001_R1_001.fastq.gz
Approx 55% complete for D2RP_S10_L001_R1_001.fastq.gz
Approx 60% complete for D2RP_S10_L001_R1_001.fastq.gz
Approx 65% complete for D2RP_S10_L001_R1_001.fastq.gz
Approx 70% complete for D2RP_S10_L001_R1_001.fastq.gz
Approx 75% complete for D2RP_S10_L001_R1_001.fastq.gz
Approx 80% complete for D2RP_S10_L001_R1_001.fastq.gz
Approx 85% complete for D2RP_S10_L001_R1_001.fastq.gz
Approx 90% complete for D2RP_S10_L001_R1_001.fastq.gz
Approx 95% complete for D2RP_S10_L001_R1_001.fastq.gz
Started analysis of D2RP_S10_L001_R2_001.fastq.gz
Approx 5% complete for D2RP_S10_L001_R2_001.fastq.gz
Approx 10% complete for D2RP_S10_L001_R2_001.fastq.gz
Approx 15% complete for D2RP_S10_L001_R2_001.fastq.gz
Approx 20% complete for D2RP_S10_L001_R2_001.fastq.gz
Approx 25% complete for D2RP_S10_L001_R2_001.fastq.gz
Approx 30% complete for D2RP_S10_L001_R2_001.fastq.gz
Approx 35% complete for D2RP_S10_L001_R2_001.fastq.gz
Approx 40% complete for D2RP_S10_L001_R2_001.fastq.gz
Approx 45% complete for D2RP_S10_L001_R2_001.fastq.gz
Approx 50% complete for D2RP_S10_L001_R2_001.fastq.gz
Approx 55% complete for D2RP_S10_L001_R2_001.fastq.gz
Approx 60% complete for D2RP_S10_L001_R2_001.fastq.gz
Approx 65% complete for D2RP_S10_L001_R2_001.fastq.gz
Approx 70% complete for D2RP_S10_L001_R2_001.fastq.gz
Approx 75% complete for D2RP_S10_L001_R2_001.fastq.gz
Approx 80% complete for D2RP_S10_L001_R2_001.fastq.gz
Approx 85% complete for D2RP_S10_L001_R2_001.fastq.gz
Approx 90% complete for D2RP_S10_L001_R2_001.fastq.gz
Approx 95% complete for D2RP_S10_L001_R2_001.fastq.gz
Started analysis of D2SG_S2_L001_R1_001.fastq.gz
Approx 5% complete for D2SG_S2_L001_R1_001.fastq.gz
Approx 10% complete for D2SG_S2_L001_R1_001.fastq.gz
Approx 15% complete for D2SG_S2_L001_R1_001.fastq.gz
Approx 20% complete for D2SG_S2_L001_R1_001.fastq.gz
Approx 25% complete for D2SG_S2_L001_R1_001.fastq.gz
Approx 30% complete for D2SG_S2_L001_R1_001.fastq.gz
Approx 35% complete for D2SG_S2_L001_R1_001.fastq.gz
Approx 40% complete for D2SG_S2_L001_R1_001.fastq.gz
Approx 45% complete for D2SG_S2_L001_R1_001.fastq.gz
Approx 50% complete for D2SG_S2_L001_R1_001.fastq.gz
Approx 55% complete for D2SG_S2_L001_R1_001.fastq.gz
Approx 60% complete for D2SG_S2_L001_R1_001.fastq.gz
Approx 65% complete for D2SG_S2_L001_R1_001.fastq.gz
Approx 70% complete for D2SG_S2_L001_R1_001.fastq.gz
Approx 75% complete for D2SG_S2_L001_R1_001.fastq.gz
Approx 80% complete for D2SG_S2_L001_R1_001.fastq.gz
Approx 85% complete for D2SG_S2_L001_R1_001.fastq.gz
Approx 90% complete for D2SG_S2_L001_R1_001.fastq.gz
Approx 95% complete for D2SG_S2_L001_R1_001.fastq.gz
Started analysis of D2SG_S2_L001_R2_001.fastq.gz
Approx 5% complete for D2SG_S2_L001_R2_001.fastq.gz
Approx 10% complete for D2SG_S2_L001_R2_001.fastq.gz
Approx 15% complete for D2SG_S2_L001_R2_001.fastq.gz
Approx 20% complete for D2SG_S2_L001_R2_001.fastq.gz
Approx 25% complete for D2SG_S2_L001_R2_001.fastq.gz
Approx 30% complete for D2SG_S2_L001_R2_001.fastq.gz
Approx 35% complete for D2SG_S2_L001_R2_001.fastq.gz
Approx 40% complete for D2SG_S2_L001_R2_001.fastq.gz
Approx 45% complete for D2SG_S2_L001_R2_001.fastq.gz
Approx 50% complete for D2SG_S2_L001_R2_001.fastq.gz
Approx 55% complete for D2SG_S2_L001_R2_001.fastq.gz
Approx 60% complete for D2SG_S2_L001_R2_001.fastq.gz
Approx 65% complete for D2SG_S2_L001_R2_001.fastq.gz
Approx 70% complete for D2SG_S2_L001_R2_001.fastq.gz
Approx 75% complete for D2SG_S2_L001_R2_001.fastq.gz
Approx 80% complete for D2SG_S2_L001_R2_001.fastq.gz
Approx 85% complete for D2SG_S2_L001_R2_001.fastq.gz
Approx 90% complete for D2SG_S2_L001_R2_001.fastq.gz
Approx 95% complete for D2SG_S2_L001_R2_001.fastq.gz
+ echo -e '✅ QC and trimming completed successfully.'
+ echo -e '\n================================================= METAGENOMIC ABUNDANCE ESTIMATION ================================================='
+ echo '⚠️ This step assumes reads have already been trimmed with Trimmomatic and host DNA removed with Bowtie2. Processed reads must be in the correct directory.'
++ date +%s
+ START_TIME=1746224166
+ for R1 in "$TRIMMED_DIR"/paired/*_R1_paired.fastq.gz
++ basename ../exposure_folder1/processed_data/trimmed/paired/D1RP_S9_R1_paired.fastq.gz _R1_paired.fastq.gz
+ base=D1RP_S9
+ echo -e '\nProcessing sample: D1RP_S9'
+ [[ true == true ]]
+ echo -e '\nRemoving human reads with Bowtie2...'
+ BOWTIE_CMD='bowtie2 -x "../data/bowtie_index/GRCh38_noalt_as/GRCh38_noalt_as" -p 8 -q --end-to-end --very-sensitive --no-mixed --no-discordant 	                -1 "../exposure_folder1/processed_data/trimmed/paired/D1RP_S9_R1_paired.fastq.gz" -2 "../exposure_folder1/processed_data/trimmed/paired/D1RP_S9_R2_paired.fastq.gz" 	                --un-conc "../exposure_folder1/processed_data/metagenomic/filtered_fastq/D1RP_S9_metagenomic" -S "../exposure_folder1/processed_data/human/aligned_sam/D1RP_S9_human.sam" 2>&1'
+ echo 'bowtie2 -x "../data/bowtie_index/GRCh38_noalt_as/GRCh38_noalt_as" -p 8 -q --end-to-end --very-sensitive --no-mixed --no-discordant 	                -1 "../exposure_folder1/processed_data/trimmed/paired/D1RP_S9_R1_paired.fastq.gz" -2 "../exposure_folder1/processed_data/trimmed/paired/D1RP_S9_R2_paired.fastq.gz" 	                --un-conc "../exposure_folder1/processed_data/metagenomic/filtered_fastq/D1RP_S9_metagenomic" -S "../exposure_folder1/processed_data/human/aligned_sam/D1RP_S9_human.sam" 2>&1'
+ eval 'bowtie2 -x "../data/bowtie_index/GRCh38_noalt_as/GRCh38_noalt_as" -p 8 -q --end-to-end --very-sensitive --no-mixed --no-discordant 	                -1 "../exposure_folder1/processed_data/trimmed/paired/D1RP_S9_R1_paired.fastq.gz" -2 "../exposure_folder1/processed_data/trimmed/paired/D1RP_S9_R2_paired.fastq.gz" 	                --un-conc "../exposure_folder1/processed_data/metagenomic/filtered_fastq/D1RP_S9_metagenomic" -S "../exposure_folder1/processed_data/human/aligned_sam/D1RP_S9_human.sam" 2>&1'
++ bowtie2 -x ../data/bowtie_index/GRCh38_noalt_as/GRCh38_noalt_as -p 8 -q --end-to-end --very-sensitive --no-mixed --no-discordant -1 ../exposure_folder1/processed_data/trimmed/paired/D1RP_S9_R1_paired.fastq.gz -2 ../exposure_folder1/processed_data/trimmed/paired/D1RP_S9_R2_paired.fastq.gz --un-conc ../exposure_folder1/processed_data/metagenomic/filtered_fastq/D1RP_S9_metagenomic -S ../exposure_folder1/processed_data/human/aligned_sam/D1RP_S9_human.sam
+ echo '✅ Host reads removed and filtered reads compressed.'
+ echo -e '\nClassifying metagenomic reads with Kraken2...'
+ KRAKEN_CMD='kraken2 --d "../data/databases/k2_standard_16gb_20241228" --threads 8 --report "../exposure_folder1/results/runs/run_0205_2315/reports/D1RP_S9.k2report"                --report-minimizer-data --paired --minimum-hit-groups 2                --classified-out "../exposure_folder1/processed_data/metagenomic/classified/D1RP_S9_classified#.fastq" --unclassified-out "../exposure_folder1/processed_data/metagenomic/unclassified/D1RP_S9_unclassified#.fastq"                "../exposure_folder1/processed_data/metagenomic/filtered_fastq/D1RP_S9_metagenomic.1" "../exposure_folder1/processed_data/metagenomic/filtered_fastq/D1RP_S9_metagenomic.2"                --output "../exposure_folder1/processed_data/metagenomic/kraken2/D1RP_S9.kraken2" --use-names 2>&1'
+ echo 'kraken2 --d "../data/databases/k2_standard_16gb_20241228" --threads 8 --report "../exposure_folder1/results/runs/run_0205_2315/reports/D1RP_S9.k2report"                --report-minimizer-data --paired --minimum-hit-groups 2                --classified-out "../exposure_folder1/processed_data/metagenomic/classified/D1RP_S9_classified#.fastq" --unclassified-out "../exposure_folder1/processed_data/metagenomic/unclassified/D1RP_S9_unclassified#.fastq"                "../exposure_folder1/processed_data/metagenomic/filtered_fastq/D1RP_S9_metagenomic.1" "../exposure_folder1/processed_data/metagenomic/filtered_fastq/D1RP_S9_metagenomic.2"                --output "../exposure_folder1/processed_data/metagenomic/kraken2/D1RP_S9.kraken2" --use-names 2>&1'
+ eval 'kraken2 --d "../data/databases/k2_standard_16gb_20241228" --threads 8 --report "../exposure_folder1/results/runs/run_0205_2315/reports/D1RP_S9.k2report"                --report-minimizer-data --paired --minimum-hit-groups 2                --classified-out "../exposure_folder1/processed_data/metagenomic/classified/D1RP_S9_classified#.fastq" --unclassified-out "../exposure_folder1/processed_data/metagenomic/unclassified/D1RP_S9_unclassified#.fastq"                "../exposure_folder1/processed_data/metagenomic/filtered_fastq/D1RP_S9_metagenomic.1" "../exposure_folder1/processed_data/metagenomic/filtered_fastq/D1RP_S9_metagenomic.2"                --output "../exposure_folder1/processed_data/metagenomic/kraken2/D1RP_S9.kraken2" --use-names 2>&1'
++ kraken2 --d ../data/databases/k2_standard_16gb_20241228 --threads 8 --report ../exposure_folder1/results/runs/run_0205_2315/reports/D1RP_S9.k2report --report-minimizer-data --paired --minimum-hit-groups 2 --classified-out ../exposure_folder1/processed_data/metagenomic/classified/D1RP_S9_classified#.fastq --unclassified-out ../exposure_folder1/processed_data/metagenomic/unclassified/D1RP_S9_unclassified#.fastq ../exposure_folder1/processed_data/metagenomic/filtered_fastq/D1RP_S9_metagenomic.1 ../exposure_folder1/processed_data/metagenomic/filtered_fastq/D1RP_S9_metagenomic.2 --output ../exposure_folder1/processed_data/metagenomic/kraken2/D1RP_S9.kraken2 --use-names
+ echo '✅ Classification complete.'
+ echo -e '\nEstimating species abundance with Bracken...'
+ bracken -d ../data/databases/k2_standard_16gb_20241228 -i ../exposure_folder1/results/runs/run_0205_2315/reports/D1RP_S9.k2report -l S -r 100 -t 0 -w ../exposure_folder1/results/runs/run_0205_2315/reports/D1RP_S9.breport -o ../exposure_folder1/processed_data/metagenomic/bracken/D1RP_S9.bracken
+ echo '✅ Abundance estimated.'
+ echo -e '\nGenerating Krona visualization...'
+ python ../tools/KrakenTools/kreport2krona.py -r ../exposure_folder1/results/runs/run_0205_2315/reports/D1RP_S9.breport -o ../exposure_folder1/results/runs/run_0205_2315/krona/D1RP_S9.krona.txt --no-intermediate-ranks
+ ../tools/Krona/KronaTools/scripts/ImportText.pl ../exposure_folder1/results/runs/run_0205_2315/krona/D1RP_S9.krona.txt -o ../exposure_folder1/results/runs/run_0205_2315/krona/D1RP_S9.krona.html
+ rm ../exposure_folder1/results/runs/run_0205_2315/krona/D1RP_S9.krona.txt
+ echo '✅ Krona plot generated.'
+ for R1 in "$TRIMMED_DIR"/paired/*_R1_paired.fastq.gz
++ basename ../exposure_folder1/processed_data/trimmed/paired/D1SG_S1_R1_paired.fastq.gz _R1_paired.fastq.gz
+ base=D1SG_S1
+ echo -e '\nProcessing sample: D1SG_S1'
+ [[ true == true ]]
+ echo -e '\nRemoving human reads with Bowtie2...'
+ BOWTIE_CMD='bowtie2 -x "../data/bowtie_index/GRCh38_noalt_as/GRCh38_noalt_as" -p 8 -q --end-to-end --very-sensitive --no-mixed --no-discordant 	                -1 "../exposure_folder1/processed_data/trimmed/paired/D1SG_S1_R1_paired.fastq.gz" -2 "../exposure_folder1/processed_data/trimmed/paired/D1SG_S1_R2_paired.fastq.gz" 	                --un-conc "../exposure_folder1/processed_data/metagenomic/filtered_fastq/D1SG_S1_metagenomic" -S "../exposure_folder1/processed_data/human/aligned_sam/D1SG_S1_human.sam" 2>&1'
+ echo 'bowtie2 -x "../data/bowtie_index/GRCh38_noalt_as/GRCh38_noalt_as" -p 8 -q --end-to-end --very-sensitive --no-mixed --no-discordant 	                -1 "../exposure_folder1/processed_data/trimmed/paired/D1SG_S1_R1_paired.fastq.gz" -2 "../exposure_folder1/processed_data/trimmed/paired/D1SG_S1_R2_paired.fastq.gz" 	                --un-conc "../exposure_folder1/processed_data/metagenomic/filtered_fastq/D1SG_S1_metagenomic" -S "../exposure_folder1/processed_data/human/aligned_sam/D1SG_S1_human.sam" 2>&1'
+ eval 'bowtie2 -x "../data/bowtie_index/GRCh38_noalt_as/GRCh38_noalt_as" -p 8 -q --end-to-end --very-sensitive --no-mixed --no-discordant 	                -1 "../exposure_folder1/processed_data/trimmed/paired/D1SG_S1_R1_paired.fastq.gz" -2 "../exposure_folder1/processed_data/trimmed/paired/D1SG_S1_R2_paired.fastq.gz" 	                --un-conc "../exposure_folder1/processed_data/metagenomic/filtered_fastq/D1SG_S1_metagenomic" -S "../exposure_folder1/processed_data/human/aligned_sam/D1SG_S1_human.sam" 2>&1'
++ bowtie2 -x ../data/bowtie_index/GRCh38_noalt_as/GRCh38_noalt_as -p 8 -q --end-to-end --very-sensitive --no-mixed --no-discordant -1 ../exposure_folder1/processed_data/trimmed/paired/D1SG_S1_R1_paired.fastq.gz -2 ../exposure_folder1/processed_data/trimmed/paired/D1SG_S1_R2_paired.fastq.gz --un-conc ../exposure_folder1/processed_data/metagenomic/filtered_fastq/D1SG_S1_metagenomic -S ../exposure_folder1/processed_data/human/aligned_sam/D1SG_S1_human.sam
+ echo '✅ Host reads removed and filtered reads compressed.'
+ echo -e '\nClassifying metagenomic reads with Kraken2...'
+ KRAKEN_CMD='kraken2 --d "../data/databases/k2_standard_16gb_20241228" --threads 8 --report "../exposure_folder1/results/runs/run_0205_2315/reports/D1SG_S1.k2report"                --report-minimizer-data --paired --minimum-hit-groups 2                --classified-out "../exposure_folder1/processed_data/metagenomic/classified/D1SG_S1_classified#.fastq" --unclassified-out "../exposure_folder1/processed_data/metagenomic/unclassified/D1SG_S1_unclassified#.fastq"                "../exposure_folder1/processed_data/metagenomic/filtered_fastq/D1SG_S1_metagenomic.1" "../exposure_folder1/processed_data/metagenomic/filtered_fastq/D1SG_S1_metagenomic.2"                --output "../exposure_folder1/processed_data/metagenomic/kraken2/D1SG_S1.kraken2" --use-names 2>&1'
+ echo 'kraken2 --d "../data/databases/k2_standard_16gb_20241228" --threads 8 --report "../exposure_folder1/results/runs/run_0205_2315/reports/D1SG_S1.k2report"                --report-minimizer-data --paired --minimum-hit-groups 2                --classified-out "../exposure_folder1/processed_data/metagenomic/classified/D1SG_S1_classified#.fastq" --unclassified-out "../exposure_folder1/processed_data/metagenomic/unclassified/D1SG_S1_unclassified#.fastq"                "../exposure_folder1/processed_data/metagenomic/filtered_fastq/D1SG_S1_metagenomic.1" "../exposure_folder1/processed_data/metagenomic/filtered_fastq/D1SG_S1_metagenomic.2"                --output "../exposure_folder1/processed_data/metagenomic/kraken2/D1SG_S1.kraken2" --use-names 2>&1'
+ eval 'kraken2 --d "../data/databases/k2_standard_16gb_20241228" --threads 8 --report "../exposure_folder1/results/runs/run_0205_2315/reports/D1SG_S1.k2report"                --report-minimizer-data --paired --minimum-hit-groups 2                --classified-out "../exposure_folder1/processed_data/metagenomic/classified/D1SG_S1_classified#.fastq" --unclassified-out "../exposure_folder1/processed_data/metagenomic/unclassified/D1SG_S1_unclassified#.fastq"                "../exposure_folder1/processed_data/metagenomic/filtered_fastq/D1SG_S1_metagenomic.1" "../exposure_folder1/processed_data/metagenomic/filtered_fastq/D1SG_S1_metagenomic.2"                --output "../exposure_folder1/processed_data/metagenomic/kraken2/D1SG_S1.kraken2" --use-names 2>&1'
++ kraken2 --d ../data/databases/k2_standard_16gb_20241228 --threads 8 --report ../exposure_folder1/results/runs/run_0205_2315/reports/D1SG_S1.k2report --report-minimizer-data --paired --minimum-hit-groups 2 --classified-out ../exposure_folder1/processed_data/metagenomic/classified/D1SG_S1_classified#.fastq --unclassified-out ../exposure_folder1/processed_data/metagenomic/unclassified/D1SG_S1_unclassified#.fastq ../exposure_folder1/processed_data/metagenomic/filtered_fastq/D1SG_S1_metagenomic.1 ../exposure_folder1/processed_data/metagenomic/filtered_fastq/D1SG_S1_metagenomic.2 --output ../exposure_folder1/processed_data/metagenomic/kraken2/D1SG_S1.kraken2 --use-names
+ echo '✅ Classification complete.'
+ echo -e '\nEstimating species abundance with Bracken...'
+ bracken -d ../data/databases/k2_standard_16gb_20241228 -i ../exposure_folder1/results/runs/run_0205_2315/reports/D1SG_S1.k2report -l S -r 100 -t 0 -w ../exposure_folder1/results/runs/run_0205_2315/reports/D1SG_S1.breport -o ../exposure_folder1/processed_data/metagenomic/bracken/D1SG_S1.bracken
+ echo '✅ Abundance estimated.'
+ echo -e '\nGenerating Krona visualization...'
+ python ../tools/KrakenTools/kreport2krona.py -r ../exposure_folder1/results/runs/run_0205_2315/reports/D1SG_S1.breport -o ../exposure_folder1/results/runs/run_0205_2315/krona/D1SG_S1.krona.txt --no-intermediate-ranks
+ ../tools/Krona/KronaTools/scripts/ImportText.pl ../exposure_folder1/results/runs/run_0205_2315/krona/D1SG_S1.krona.txt -o ../exposure_folder1/results/runs/run_0205_2315/krona/D1SG_S1.krona.html
+ rm ../exposure_folder1/results/runs/run_0205_2315/krona/D1SG_S1.krona.txt
+ echo '✅ Krona plot generated.'
+ for R1 in "$TRIMMED_DIR"/paired/*_R1_paired.fastq.gz
++ basename ../exposure_folder1/processed_data/trimmed/paired/D2RP_S10_R1_paired.fastq.gz _R1_paired.fastq.gz
+ base=D2RP_S10
+ echo -e '\nProcessing sample: D2RP_S10'
+ [[ true == true ]]
+ echo -e '\nRemoving human reads with Bowtie2...'
+ BOWTIE_CMD='bowtie2 -x "../data/bowtie_index/GRCh38_noalt_as/GRCh38_noalt_as" -p 8 -q --end-to-end --very-sensitive --no-mixed --no-discordant 	                -1 "../exposure_folder1/processed_data/trimmed/paired/D2RP_S10_R1_paired.fastq.gz" -2 "../exposure_folder1/processed_data/trimmed/paired/D2RP_S10_R2_paired.fastq.gz" 	                --un-conc "../exposure_folder1/processed_data/metagenomic/filtered_fastq/D2RP_S10_metagenomic" -S "../exposure_folder1/processed_data/human/aligned_sam/D2RP_S10_human.sam" 2>&1'
+ echo 'bowtie2 -x "../data/bowtie_index/GRCh38_noalt_as/GRCh38_noalt_as" -p 8 -q --end-to-end --very-sensitive --no-mixed --no-discordant 	                -1 "../exposure_folder1/processed_data/trimmed/paired/D2RP_S10_R1_paired.fastq.gz" -2 "../exposure_folder1/processed_data/trimmed/paired/D2RP_S10_R2_paired.fastq.gz" 	                --un-conc "../exposure_folder1/processed_data/metagenomic/filtered_fastq/D2RP_S10_metagenomic" -S "../exposure_folder1/processed_data/human/aligned_sam/D2RP_S10_human.sam" 2>&1'
+ eval 'bowtie2 -x "../data/bowtie_index/GRCh38_noalt_as/GRCh38_noalt_as" -p 8 -q --end-to-end --very-sensitive --no-mixed --no-discordant 	                -1 "../exposure_folder1/processed_data/trimmed/paired/D2RP_S10_R1_paired.fastq.gz" -2 "../exposure_folder1/processed_data/trimmed/paired/D2RP_S10_R2_paired.fastq.gz" 	                --un-conc "../exposure_folder1/processed_data/metagenomic/filtered_fastq/D2RP_S10_metagenomic" -S "../exposure_folder1/processed_data/human/aligned_sam/D2RP_S10_human.sam" 2>&1'
++ bowtie2 -x ../data/bowtie_index/GRCh38_noalt_as/GRCh38_noalt_as -p 8 -q --end-to-end --very-sensitive --no-mixed --no-discordant -1 ../exposure_folder1/processed_data/trimmed/paired/D2RP_S10_R1_paired.fastq.gz -2 ../exposure_folder1/processed_data/trimmed/paired/D2RP_S10_R2_paired.fastq.gz --un-conc ../exposure_folder1/processed_data/metagenomic/filtered_fastq/D2RP_S10_metagenomic -S ../exposure_folder1/processed_data/human/aligned_sam/D2RP_S10_human.sam
+ echo '✅ Host reads removed and filtered reads compressed.'
+ echo -e '\nClassifying metagenomic reads with Kraken2...'
+ KRAKEN_CMD='kraken2 --d "../data/databases/k2_standard_16gb_20241228" --threads 8 --report "../exposure_folder1/results/runs/run_0205_2315/reports/D2RP_S10.k2report"                --report-minimizer-data --paired --minimum-hit-groups 2                --classified-out "../exposure_folder1/processed_data/metagenomic/classified/D2RP_S10_classified#.fastq" --unclassified-out "../exposure_folder1/processed_data/metagenomic/unclassified/D2RP_S10_unclassified#.fastq"                "../exposure_folder1/processed_data/metagenomic/filtered_fastq/D2RP_S10_metagenomic.1" "../exposure_folder1/processed_data/metagenomic/filtered_fastq/D2RP_S10_metagenomic.2"                --output "../exposure_folder1/processed_data/metagenomic/kraken2/D2RP_S10.kraken2" --use-names 2>&1'
+ echo 'kraken2 --d "../data/databases/k2_standard_16gb_20241228" --threads 8 --report "../exposure_folder1/results/runs/run_0205_2315/reports/D2RP_S10.k2report"                --report-minimizer-data --paired --minimum-hit-groups 2                --classified-out "../exposure_folder1/processed_data/metagenomic/classified/D2RP_S10_classified#.fastq" --unclassified-out "../exposure_folder1/processed_data/metagenomic/unclassified/D2RP_S10_unclassified#.fastq"                "../exposure_folder1/processed_data/metagenomic/filtered_fastq/D2RP_S10_metagenomic.1" "../exposure_folder1/processed_data/metagenomic/filtered_fastq/D2RP_S10_metagenomic.2"                --output "../exposure_folder1/processed_data/metagenomic/kraken2/D2RP_S10.kraken2" --use-names 2>&1'
+ eval 'kraken2 --d "../data/databases/k2_standard_16gb_20241228" --threads 8 --report "../exposure_folder1/results/runs/run_0205_2315/reports/D2RP_S10.k2report"                --report-minimizer-data --paired --minimum-hit-groups 2                --classified-out "../exposure_folder1/processed_data/metagenomic/classified/D2RP_S10_classified#.fastq" --unclassified-out "../exposure_folder1/processed_data/metagenomic/unclassified/D2RP_S10_unclassified#.fastq"                "../exposure_folder1/processed_data/metagenomic/filtered_fastq/D2RP_S10_metagenomic.1" "../exposure_folder1/processed_data/metagenomic/filtered_fastq/D2RP_S10_metagenomic.2"                --output "../exposure_folder1/processed_data/metagenomic/kraken2/D2RP_S10.kraken2" --use-names 2>&1'
++ kraken2 --d ../data/databases/k2_standard_16gb_20241228 --threads 8 --report ../exposure_folder1/results/runs/run_0205_2315/reports/D2RP_S10.k2report --report-minimizer-data --paired --minimum-hit-groups 2 --classified-out ../exposure_folder1/processed_data/metagenomic/classified/D2RP_S10_classified#.fastq --unclassified-out ../exposure_folder1/processed_data/metagenomic/unclassified/D2RP_S10_unclassified#.fastq ../exposure_folder1/processed_data/metagenomic/filtered_fastq/D2RP_S10_metagenomic.1 ../exposure_folder1/processed_data/metagenomic/filtered_fastq/D2RP_S10_metagenomic.2 --output ../exposure_folder1/processed_data/metagenomic/kraken2/D2RP_S10.kraken2 --use-names
+ echo '✅ Classification complete.'
+ echo -e '\nEstimating species abundance with Bracken...'
+ bracken -d ../data/databases/k2_standard_16gb_20241228 -i ../exposure_folder1/results/runs/run_0205_2315/reports/D2RP_S10.k2report -l S -r 100 -t 0 -w ../exposure_folder1/results/runs/run_0205_2315/reports/D2RP_S10.breport -o ../exposure_folder1/processed_data/metagenomic/bracken/D2RP_S10.bracken
+ echo '✅ Abundance estimated.'
+ echo -e '\nGenerating Krona visualization...'
+ python ../tools/KrakenTools/kreport2krona.py -r ../exposure_folder1/results/runs/run_0205_2315/reports/D2RP_S10.breport -o ../exposure_folder1/results/runs/run_0205_2315/krona/D2RP_S10.krona.txt --no-intermediate-ranks
+ ../tools/Krona/KronaTools/scripts/ImportText.pl ../exposure_folder1/results/runs/run_0205_2315/krona/D2RP_S10.krona.txt -o ../exposure_folder1/results/runs/run_0205_2315/krona/D2RP_S10.krona.html
+ rm ../exposure_folder1/results/runs/run_0205_2315/krona/D2RP_S10.krona.txt
+ echo '✅ Krona plot generated.'
+ for R1 in "$TRIMMED_DIR"/paired/*_R1_paired.fastq.gz
++ basename ../exposure_folder1/processed_data/trimmed/paired/D2SG_S2_R1_paired.fastq.gz _R1_paired.fastq.gz
+ base=D2SG_S2
+ echo -e '\nProcessing sample: D2SG_S2'
+ [[ true == true ]]
+ echo -e '\nRemoving human reads with Bowtie2...'
+ BOWTIE_CMD='bowtie2 -x "../data/bowtie_index/GRCh38_noalt_as/GRCh38_noalt_as" -p 8 -q --end-to-end --very-sensitive --no-mixed --no-discordant 	                -1 "../exposure_folder1/processed_data/trimmed/paired/D2SG_S2_R1_paired.fastq.gz" -2 "../exposure_folder1/processed_data/trimmed/paired/D2SG_S2_R2_paired.fastq.gz" 	                --un-conc "../exposure_folder1/processed_data/metagenomic/filtered_fastq/D2SG_S2_metagenomic" -S "../exposure_folder1/processed_data/human/aligned_sam/D2SG_S2_human.sam" 2>&1'
+ echo 'bowtie2 -x "../data/bowtie_index/GRCh38_noalt_as/GRCh38_noalt_as" -p 8 -q --end-to-end --very-sensitive --no-mixed --no-discordant 	                -1 "../exposure_folder1/processed_data/trimmed/paired/D2SG_S2_R1_paired.fastq.gz" -2 "../exposure_folder1/processed_data/trimmed/paired/D2SG_S2_R2_paired.fastq.gz" 	                --un-conc "../exposure_folder1/processed_data/metagenomic/filtered_fastq/D2SG_S2_metagenomic" -S "../exposure_folder1/processed_data/human/aligned_sam/D2SG_S2_human.sam" 2>&1'
+ eval 'bowtie2 -x "../data/bowtie_index/GRCh38_noalt_as/GRCh38_noalt_as" -p 8 -q --end-to-end --very-sensitive --no-mixed --no-discordant 	                -1 "../exposure_folder1/processed_data/trimmed/paired/D2SG_S2_R1_paired.fastq.gz" -2 "../exposure_folder1/processed_data/trimmed/paired/D2SG_S2_R2_paired.fastq.gz" 	                --un-conc "../exposure_folder1/processed_data/metagenomic/filtered_fastq/D2SG_S2_metagenomic" -S "../exposure_folder1/processed_data/human/aligned_sam/D2SG_S2_human.sam" 2>&1'
++ bowtie2 -x ../data/bowtie_index/GRCh38_noalt_as/GRCh38_noalt_as -p 8 -q --end-to-end --very-sensitive --no-mixed --no-discordant -1 ../exposure_folder1/processed_data/trimmed/paired/D2SG_S2_R1_paired.fastq.gz -2 ../exposure_folder1/processed_data/trimmed/paired/D2SG_S2_R2_paired.fastq.gz --un-conc ../exposure_folder1/processed_data/metagenomic/filtered_fastq/D2SG_S2_metagenomic -S ../exposure_folder1/processed_data/human/aligned_sam/D2SG_S2_human.sam
+ echo '✅ Host reads removed and filtered reads compressed.'
+ echo -e '\nClassifying metagenomic reads with Kraken2...'
+ KRAKEN_CMD='kraken2 --d "../data/databases/k2_standard_16gb_20241228" --threads 8 --report "../exposure_folder1/results/runs/run_0205_2315/reports/D2SG_S2.k2report"                --report-minimizer-data --paired --minimum-hit-groups 2                --classified-out "../exposure_folder1/processed_data/metagenomic/classified/D2SG_S2_classified#.fastq" --unclassified-out "../exposure_folder1/processed_data/metagenomic/unclassified/D2SG_S2_unclassified#.fastq"                "../exposure_folder1/processed_data/metagenomic/filtered_fastq/D2SG_S2_metagenomic.1" "../exposure_folder1/processed_data/metagenomic/filtered_fastq/D2SG_S2_metagenomic.2"                --output "../exposure_folder1/processed_data/metagenomic/kraken2/D2SG_S2.kraken2" --use-names 2>&1'
+ echo 'kraken2 --d "../data/databases/k2_standard_16gb_20241228" --threads 8 --report "../exposure_folder1/results/runs/run_0205_2315/reports/D2SG_S2.k2report"                --report-minimizer-data --paired --minimum-hit-groups 2                --classified-out "../exposure_folder1/processed_data/metagenomic/classified/D2SG_S2_classified#.fastq" --unclassified-out "../exposure_folder1/processed_data/metagenomic/unclassified/D2SG_S2_unclassified#.fastq"                "../exposure_folder1/processed_data/metagenomic/filtered_fastq/D2SG_S2_metagenomic.1" "../exposure_folder1/processed_data/metagenomic/filtered_fastq/D2SG_S2_metagenomic.2"                --output "../exposure_folder1/processed_data/metagenomic/kraken2/D2SG_S2.kraken2" --use-names 2>&1'
+ eval 'kraken2 --d "../data/databases/k2_standard_16gb_20241228" --threads 8 --report "../exposure_folder1/results/runs/run_0205_2315/reports/D2SG_S2.k2report"                --report-minimizer-data --paired --minimum-hit-groups 2                --classified-out "../exposure_folder1/processed_data/metagenomic/classified/D2SG_S2_classified#.fastq" --unclassified-out "../exposure_folder1/processed_data/metagenomic/unclassified/D2SG_S2_unclassified#.fastq"                "../exposure_folder1/processed_data/metagenomic/filtered_fastq/D2SG_S2_metagenomic.1" "../exposure_folder1/processed_data/metagenomic/filtered_fastq/D2SG_S2_metagenomic.2"                --output "../exposure_folder1/processed_data/metagenomic/kraken2/D2SG_S2.kraken2" --use-names 2>&1'
++ kraken2 --d ../data/databases/k2_standard_16gb_20241228 --threads 8 --report ../exposure_folder1/results/runs/run_0205_2315/reports/D2SG_S2.k2report --report-minimizer-data --paired --minimum-hit-groups 2 --classified-out ../exposure_folder1/processed_data/metagenomic/classified/D2SG_S2_classified#.fastq --unclassified-out ../exposure_folder1/processed_data/metagenomic/unclassified/D2SG_S2_unclassified#.fastq ../exposure_folder1/processed_data/metagenomic/filtered_fastq/D2SG_S2_metagenomic.1 ../exposure_folder1/processed_data/metagenomic/filtered_fastq/D2SG_S2_metagenomic.2 --output ../exposure_folder1/processed_data/metagenomic/kraken2/D2SG_S2.kraken2 --use-names
+ echo '✅ Classification complete.'
+ echo -e '\nEstimating species abundance with Bracken...'
+ bracken -d ../data/databases/k2_standard_16gb_20241228 -i ../exposure_folder1/results/runs/run_0205_2315/reports/D2SG_S2.k2report -l S -r 100 -t 0 -w ../exposure_folder1/results/runs/run_0205_2315/reports/D2SG_S2.breport -o ../exposure_folder1/processed_data/metagenomic/bracken/D2SG_S2.bracken
+ echo '✅ Abundance estimated.'
+ echo -e '\nGenerating Krona visualization...'
+ python ../tools/KrakenTools/kreport2krona.py -r ../exposure_folder1/results/runs/run_0205_2315/reports/D2SG_S2.breport -o ../exposure_folder1/results/runs/run_0205_2315/krona/D2SG_S2.krona.txt --no-intermediate-ranks
+ ../tools/Krona/KronaTools/scripts/ImportText.pl ../exposure_folder1/results/runs/run_0205_2315/krona/D2SG_S2.krona.txt -o ../exposure_folder1/results/runs/run_0205_2315/krona/D2SG_S2.krona.html
+ rm ../exposure_folder1/results/runs/run_0205_2315/krona/D2SG_S2.krona.txt
+ echo '✅ Krona plot generated.'
+ echo -e '\nRunning get_fastq_stats.sh on filtered, classified and unclassified data...'
+ files=("$FILTERED_FASTQ_DIR"/*.1 "$FILTERED_FASTQ_DIR"/*.2 "$CLASSIFIED_DIR"/*.fastq "$UNCLASSIFIED_DIR"/*.fastq)
+ ../scripts/helper_scripts/get_fastq_stats.sh ../exposure_folder1/processed_data/metagenomic/filtered_fastq/D1RP_S9_metagenomic.1 ../exposure_folder1/processed_data/metagenomic/filtered_fastq/D1SG_S1_metagenomic.1 ../exposure_folder1/processed_data/metagenomic/filtered_fastq/D2RP_S10_metagenomic.1 ../exposure_folder1/processed_data/metagenomic/filtered_fastq/D2SG_S2_metagenomic.1 ../exposure_folder1/processed_data/metagenomic/filtered_fastq/D1RP_S9_metagenomic.2 ../exposure_folder1/processed_data/metagenomic/filtered_fastq/D1SG_S1_metagenomic.2 ../exposure_folder1/processed_data/metagenomic/filtered_fastq/D2RP_S10_metagenomic.2 ../exposure_folder1/processed_data/metagenomic/filtered_fastq/D2SG_S2_metagenomic.2 ../exposure_folder1/processed_data/metagenomic/classified/D1RP_S9_classified_1.fastq ../exposure_folder1/processed_data/metagenomic/classified/D1RP_S9_classified_2.fastq ../exposure_folder1/processed_data/metagenomic/classified/D1SG_S1_classified_1.fastq ../exposure_folder1/processed_data/metagenomic/classified/D1SG_S1_classified_2.fastq ../exposure_folder1/processed_data/metagenomic/classified/D2RP_S10_classified_1.fastq ../exposure_folder1/processed_data/metagenomic/classified/D2RP_S10_classified_2.fastq ../exposure_folder1/processed_data/metagenomic/classified/D2SG_S2_classified_1.fastq ../exposure_folder1/processed_data/metagenomic/classified/D2SG_S2_classified_2.fastq ../exposure_folder1/processed_data/metagenomic/unclassified/D1RP_S9_unclassified_1.fastq ../exposure_folder1/processed_data/metagenomic/unclassified/D1RP_S9_unclassified_2.fastq ../exposure_folder1/processed_data/metagenomic/unclassified/D1SG_S1_unclassified_1.fastq ../exposure_folder1/processed_data/metagenomic/unclassified/D1SG_S1_unclassified_2.fastq ../exposure_folder1/processed_data/metagenomic/unclassified/D2RP_S10_unclassified_1.fastq ../exposure_folder1/processed_data/metagenomic/unclassified/D2RP_S10_unclassified_2.fastq ../exposure_folder1/processed_data/metagenomic/unclassified/D2SG_S2_unclassified_1.fastq ../exposure_folder1/processed_data/metagenomic/unclassified/D2SG_S2_unclassified_2.fastq
+ echo '✅ Statistics generated.'
++ date +%s
+ END_TIME=1746224241
+ DURATION=75
+ printf -v FORMATTED_DURATION %02d:%02d:%02d 0 1 15
+ echo -e '\nMetagenomic classification completed in: 00:01:15'
+ echo -e '\n================================================= COMPARISON TO GROUND TRUTH ================================================='
+ echo -e '\nCombining Bracken reports...'
+ Rscript ../scripts/helper_scripts/combine_breports.R ../exposure_folder1/results/runs/run_0205_2315/reports/D1RP_S9.breport ../exposure_folder1/results/runs/run_0205_2315/reports/D1SG_S1.breport ../exposure_folder1/results/runs/run_0205_2315/reports/D2RP_S10.breport ../exposure_folder1/results/runs/run_0205_2315/reports/D2SG_S2.breport
+ cp ../scripts/logs/pipeline_25687916.err ../scripts/logs/pipeline_25687916.log ../exposure_folder1/results/runs/run_0205_2315/logs
+ echo -e '\n================================================= METAGENOMIC DIVERSITY ANALYSIS ================================================='
+ ../scripts/helper_scripts/diversity_analysis.sh -b ../exposure_folder1/processed_data/metagenomic/bracken -d ../exposure_folder1/results/runs/run_0205_2315/diversity
+ echo -e '✅ Diversity analysis completed successfully.'
+ [[ true == true ]]
+ echo -e '\n====================================================== HUMAN DNA ANALYSIS ======================================================'
+ ../scripts/helper_scripts/host_dna_analysis.sh ../exposure_folder1/processed_data/human/aligned_sam
[bam_sort_core] merging from 0 files and 8 in-memory blocks...
[bam_sort_core] merging from 0 files and 8 in-memory blocks...
[bam_sort_core] merging from 0 files and 8 in-memory blocks...
[bam_sort_core] merging from 0 files and 8 in-memory blocks...
Plot saved as: ../exposure_folder1/processed_data/human/aligned_sam/../../../results/host_dna_analysis/karyotype_frequency.jpg
+ echo -e '✅ Host DNA analysis completed successfully.'
+ echo -e '\n✅ Pipeline completed successfully.'
+ echo 'Storing log file...'
+ cp ../scripts/logs/pipeline_25687916.err ../scripts/logs/pipeline_25687916.log ../exposure_folder1/results/runs/run_0205_2315/logs
