
================================================= ARGUMENT PARSING & VALIDATION =================================================

⚠️  Trimming and host DNA removal are optional but must be done once; if skipped, ensure trimmed and filtered files exist in the correct directories.\n
===== Pipeline Configuration Summary =====
Raw FASTQ directory path: /scratch/prj/aef_forensic_metagenomics/exposure_folder/raw_data
Kraken2/Bracken Database: /scratch/prj/aef_forensic_metagenomics/data/databases/k2_core_nt_20240904
Ground Truth: Not provided ❌
Quality Control & Trimming: Disabled ❌
Host DNA Removal: Disabled ❌

================================================= CONDA ENVIRONMENT ACTIVATION ==================================================

✅ 'metagenomics' environment activated successfully.

====================================================== PROJECT STRUCTURE ======================================================

/scratch/prj/aef_forensic_metagenomics/exposure_folder
├── processed_data
│   ├── human
│   │   ├── aligned_sam
│   │   ├── bed_files
│   │   └── sorted_bam
│   ├── metagenomic
│   │   ├── bracken
│   │   ├── classified
│   │   ├── filtered_fastq
│   │   ├── kraken2
│   │   └── unclassified
│   └── trimmed
│       ├── paired
│       └── unpaired
├── raw_data
└── results
    ├── fastqc
    │   ├── post_trimming
    │   └── pre_trimming
    ├── host_dna_analysis
    └── runs
        ├── run_1506_1837
        ├── run_1506_1852
        ├── run_1506_1902
        ├── run_1506_1911
        ├── run_1506_1920
        ├── run_1506_1929
        ├── run_1506_1937
        ├── run_1506_1947
        ├── run_1506_1956
        ├── run_1506_2004
        ├── run_1506_2012
        ├── run_1506_2019
        ├── run_1506_2029
        ├── run_1506_2037
        ├── run_1506_2045
        ├── run_1506_2053
        ├── run_1506_2102
        ├── run_1506_2112
        ├── run_1506_2120
        ├── run_1506_2129
        ├── run_1506_2138
        ├── run_1506_2146
        ├── run_1506_2157
        ├── run_1506_2207
        ├── run_1506_2218
        ├── run_1506_2228
        ├── run_1506_2238
        ├── run_1506_2249
        ├── run_1506_2258
        ├── run_1506_2310
        ├── run_1506_2319
        ├── run_1506_2332
        ├── run_1506_2342
        ├── run_1506_2352
        ├── run_1606_0005
        ├── run_1606_0017
        ├── run_1606_0028
        ├── run_1606_0038
        ├── run_1606_0049
        ├── run_1606_0101
        ├── run_1606_0111
        ├── run_1606_0121
        ├── run_1606_0130
        ├── run_1606_0138
        ├── run_1606_0146
        ├── run_1606_0154
        ├── run_1606_0203
        ├── run_1606_0211
        ├── run_1606_0219
        ├── run_1606_0227
        ├── run_1606_0237
        ├── run_1606_0245
        ├── run_1606_0255
        ├── run_1606_0304
        ├── run_1606_0313
        ├── run_1606_0321
        ├── run_1606_0328
        ├── run_1606_0337
        ├── run_1606_0346
        ├── run_1606_0354
        ├── run_1606_0402
        ├── run_1606_0411
        ├── run_1606_0457
        ├── run_1606_0531
        ├── run_1606_0621
        ├── run_1606_0656
        ├── run_1606_0746
        ├── run_1606_0820
        ├── run_1606_0917
        ├── run_1606_1004
        ├── run_1606_1039
        ├── run_1606_1132
        ├── run_1606_1221
        ├── run_1606_1312
        ├── run_1606_1346
        ├── run_1606_1421
        ├── run_1606_1526
        ├── run_1606_1607
        ├── run_1606_1643
        ├── run_1606_1718
        ├── run_1606_1756
        ├── run_1606_1834
        ├── run_1706_1008
        ├── run_1706_1023
        ├── run_1706_1105
        ├── run_1706_1146
        ├── run_1706_1308
        ├── run_1706_1350
        ├── run_1706_1516
        ├── run_1706_1635
        ├── run_1706_1702
        ├── run_1706_1740
        ├── run_1706_1810
        ├── run_1706_1840
        ├── run_1706_1910
        ├── run_1706_1940
        └── run_1706_2011

118 directories
Human DNA-related files (SAM, BAM, and BED) in the 'human' directory are created once per sub-project and remain unchanged across runs.
Intermediate metagenomic files in the 'metagenomic' directory are overwritten with each run and should be inspected beforehand if desired.
Results are stored in the 'results' directory (including FastQC, host DNA analysis, and run-specific results like Kraken2 and Bracken).

================================================= METAGENOMIC ABUNDANCE ESTIMATION =================================================
⚠️  This step assumes reads have already been trimmed with Trimmomatic and host DNA removed with Bowtie2. Processed reads must be in the correct directory.

Processing sample: D1RP_S9

Classifying metagenomic reads with Kraken2...
kraken2 --db "/scratch/prj/aef_forensic_metagenomics/data/databases/k2_core_nt_20240904" --threads 8 --report "/scratch/prj/aef_forensic_metagenomics/exposure_folder/results/runs/run_1706_2011/reports/D1RP_S9.k2report" 		--report-minimizer-data --paired --minimum-hit-groups 3 		--classified-out "/scratch/prj/aef_forensic_metagenomics/exposure_folder/processed_data/metagenomic/classified/D1RP_S9_classified#.fastq" --unclassified-out "/scratch/prj/aef_forensic_metagenomics/exposure_folder/processed_data/metagenomic/unclassified/D1RP_S9_unclassified#.fastq" 		--output "/scratch/prj/aef_forensic_metagenomics/exposure_folder/processed_data/metagenomic/kraken2/D1RP_S9.kraken2" --use-names "/scratch/prj/aef_forensic_metagenomics/exposure_folder/processed_data/metagenomic/filtered_fastq/D1RP_S9_metagenomic.1" "/scratch/prj/aef_forensic_metagenomics/exposure_folder/processed_data/metagenomic/filtered_fastq/D1RP_S9_metagenomic.2" 2>&1
Loading database information... done.
124006 sequences (32.63 Mbp) processed in 1.025s (7257.5 Kseq/m, 1909.74 Mbp/m).
  29946 sequences classified (24.15%)
  94060 sequences unclassified (75.85%)
✅  Classification complete.

Estimating species abundance with Bracken...
 >> Checking for Valid Options...
 >> Running Bracken 
      >> python src/est_abundance.py -i /scratch/prj/aef_forensic_metagenomics/exposure_folder/results/runs/run_1706_2011/reports/D1RP_S9.k2report -o /scratch/prj/aef_forensic_metagenomics/exposure_folder/processed_data/metagenomic/bracken/D1RP_S9.bracken -k /scratch/prj/aef_forensic_metagenomics/data/databases/k2_core_nt_20240904/database100mers.kmer_distrib -l S -t 20
>> Checking report file: /scratch/prj/aef_forensic_metagenomics/exposure_folder/results/runs/run_1706_2011/reports/D1RP_S9.k2report
PROGRAM START TIME: 06-17-2025 19:20:39
BRACKEN SUMMARY (Kraken report: /scratch/prj/aef_forensic_metagenomics/exposure_folder/results/runs/run_1706_2011/reports/D1RP_S9.k2report)
    >>> Threshold: 20 
    >>> Number of species in sample: 941 
	  >> Number of species with reads > threshold: 80 
	  >> Number of species with reads < threshold: 861 
    >>> Total reads in sample: 124006
	  >> Total reads kept at species level (reads > threshold): 24106
	  >> Total reads discarded (species reads < threshold): 2545
	  >> Reads distributed: 2767
	  >> Reads not distributed (eg. no species above threshold): 528
	  >> Unclassified reads: 94060
BRACKEN OUTPUT PRODUCED: /scratch/prj/aef_forensic_metagenomics/exposure_folder/processed_data/metagenomic/bracken/D1RP_S9.bracken
PROGRAM END TIME: 06-17-2025 19:20:50
  Bracken complete.
✅  Abundance estimated.

Generating Krona visualization...
Writing /scratch/prj/aef_forensic_metagenomics/exposure_folder/results/runs/run_1706_2011/krona/D1RP_S9.krona.html...
✅  Krona plot generated.

Processing sample: D1SG_S1

Classifying metagenomic reads with Kraken2...
kraken2 --db "/scratch/prj/aef_forensic_metagenomics/data/databases/k2_core_nt_20240904" --threads 8 --report "/scratch/prj/aef_forensic_metagenomics/exposure_folder/results/runs/run_1706_2011/reports/D1SG_S1.k2report" 		--report-minimizer-data --paired --minimum-hit-groups 3 		--classified-out "/scratch/prj/aef_forensic_metagenomics/exposure_folder/processed_data/metagenomic/classified/D1SG_S1_classified#.fastq" --unclassified-out "/scratch/prj/aef_forensic_metagenomics/exposure_folder/processed_data/metagenomic/unclassified/D1SG_S1_unclassified#.fastq" 		--output "/scratch/prj/aef_forensic_metagenomics/exposure_folder/processed_data/metagenomic/kraken2/D1SG_S1.kraken2" --use-names "/scratch/prj/aef_forensic_metagenomics/exposure_folder/processed_data/metagenomic/filtered_fastq/D1SG_S1_metagenomic.1" "/scratch/prj/aef_forensic_metagenomics/exposure_folder/processed_data/metagenomic/filtered_fastq/D1SG_S1_metagenomic.2" 2>&1
Loading database information... done.
155364 sequences (39.82 Mbp) processed in 1.529s (6096.1 Kseq/m, 1562.35 Mbp/m).
  51233 sequences classified (32.98%)
  104131 sequences unclassified (67.02%)
✅  Classification complete.

Estimating species abundance with Bracken...
 >> Checking for Valid Options...
 >> Running Bracken 
      >> python src/est_abundance.py -i /scratch/prj/aef_forensic_metagenomics/exposure_folder/results/runs/run_1706_2011/reports/D1SG_S1.k2report -o /scratch/prj/aef_forensic_metagenomics/exposure_folder/processed_data/metagenomic/bracken/D1SG_S1.bracken -k /scratch/prj/aef_forensic_metagenomics/data/databases/k2_core_nt_20240904/database100mers.kmer_distrib -l S -t 20
>> Checking report file: /scratch/prj/aef_forensic_metagenomics/exposure_folder/results/runs/run_1706_2011/reports/D1SG_S1.k2report
PROGRAM START TIME: 06-17-2025 19:22:55
BRACKEN SUMMARY (Kraken report: /scratch/prj/aef_forensic_metagenomics/exposure_folder/results/runs/run_1706_2011/reports/D1SG_S1.k2report)
    >>> Threshold: 20 
    >>> Number of species in sample: 6633 
	  >> Number of species with reads > threshold: 168 
	  >> Number of species with reads < threshold: 6465 
    >>> Total reads in sample: 155364
	  >> Total reads kept at species level (reads > threshold): 15767
	  >> Total reads discarded (species reads < threshold): 18712
	  >> Reads distributed: 13308
	  >> Reads not distributed (eg. no species above threshold): 3446
	  >> Unclassified reads: 104131
BRACKEN OUTPUT PRODUCED: /scratch/prj/aef_forensic_metagenomics/exposure_folder/processed_data/metagenomic/bracken/D1SG_S1.bracken
PROGRAM END TIME: 06-17-2025 19:23:04
  Bracken complete.
✅  Abundance estimated.

Generating Krona visualization...
Writing /scratch/prj/aef_forensic_metagenomics/exposure_folder/results/runs/run_1706_2011/krona/D1SG_S1.krona.html...
✅  Krona plot generated.

Processing sample: D2RP_S10

Classifying metagenomic reads with Kraken2...
kraken2 --db "/scratch/prj/aef_forensic_metagenomics/data/databases/k2_core_nt_20240904" --threads 8 --report "/scratch/prj/aef_forensic_metagenomics/exposure_folder/results/runs/run_1706_2011/reports/D2RP_S10.k2report" 		--report-minimizer-data --paired --minimum-hit-groups 3 		--classified-out "/scratch/prj/aef_forensic_metagenomics/exposure_folder/processed_data/metagenomic/classified/D2RP_S10_classified#.fastq" --unclassified-out "/scratch/prj/aef_forensic_metagenomics/exposure_folder/processed_data/metagenomic/unclassified/D2RP_S10_unclassified#.fastq" 		--output "/scratch/prj/aef_forensic_metagenomics/exposure_folder/processed_data/metagenomic/kraken2/D2RP_S10.kraken2" --use-names "/scratch/prj/aef_forensic_metagenomics/exposure_folder/processed_data/metagenomic/filtered_fastq/D2RP_S10_metagenomic.1" "/scratch/prj/aef_forensic_metagenomics/exposure_folder/processed_data/metagenomic/filtered_fastq/D2RP_S10_metagenomic.2" 2>&1
Loading database information... done.
122720 sequences (31.55 Mbp) processed in 1.043s (7060.7 Kseq/m, 1815.04 Mbp/m).
  103035 sequences classified (83.96%)
  19685 sequences unclassified (16.04%)
✅  Classification complete.

Estimating species abundance with Bracken...
 >> Checking for Valid Options...
 >> Running Bracken 
      >> python src/est_abundance.py -i /scratch/prj/aef_forensic_metagenomics/exposure_folder/results/runs/run_1706_2011/reports/D2RP_S10.k2report -o /scratch/prj/aef_forensic_metagenomics/exposure_folder/processed_data/metagenomic/bracken/D2RP_S10.bracken -k /scratch/prj/aef_forensic_metagenomics/data/databases/k2_core_nt_20240904/database100mers.kmer_distrib -l S -t 20
>> Checking report file: /scratch/prj/aef_forensic_metagenomics/exposure_folder/results/runs/run_1706_2011/reports/D2RP_S10.k2report
PROGRAM START TIME: 06-17-2025 19:25:07
BRACKEN SUMMARY (Kraken report: /scratch/prj/aef_forensic_metagenomics/exposure_folder/results/runs/run_1706_2011/reports/D2RP_S10.k2report)
    >>> Threshold: 20 
    >>> Number of species in sample: 155 
	  >> Number of species with reads > threshold: 23 
	  >> Number of species with reads < threshold: 132 
    >>> Total reads in sample: 122720
	  >> Total reads kept at species level (reads > threshold): 93774
	  >> Total reads discarded (species reads < threshold): 321
	  >> Reads distributed: 8873
	  >> Reads not distributed (eg. no species above threshold): 67
	  >> Unclassified reads: 19685
BRACKEN OUTPUT PRODUCED: /scratch/prj/aef_forensic_metagenomics/exposure_folder/processed_data/metagenomic/bracken/D2RP_S10.bracken
PROGRAM END TIME: 06-17-2025 19:25:15
  Bracken complete.
✅  Abundance estimated.

Generating Krona visualization...
Writing /scratch/prj/aef_forensic_metagenomics/exposure_folder/results/runs/run_1706_2011/krona/D2RP_S10.krona.html...
✅  Krona plot generated.

Processing sample: D2SG_S2

Classifying metagenomic reads with Kraken2...
kraken2 --db "/scratch/prj/aef_forensic_metagenomics/data/databases/k2_core_nt_20240904" --threads 8 --report "/scratch/prj/aef_forensic_metagenomics/exposure_folder/results/runs/run_1706_2011/reports/D2SG_S2.k2report" 		--report-minimizer-data --paired --minimum-hit-groups 3 		--classified-out "/scratch/prj/aef_forensic_metagenomics/exposure_folder/processed_data/metagenomic/classified/D2SG_S2_classified#.fastq" --unclassified-out "/scratch/prj/aef_forensic_metagenomics/exposure_folder/processed_data/metagenomic/unclassified/D2SG_S2_unclassified#.fastq" 		--output "/scratch/prj/aef_forensic_metagenomics/exposure_folder/processed_data/metagenomic/kraken2/D2SG_S2.kraken2" --use-names "/scratch/prj/aef_forensic_metagenomics/exposure_folder/processed_data/metagenomic/filtered_fastq/D2SG_S2_metagenomic.1" "/scratch/prj/aef_forensic_metagenomics/exposure_folder/processed_data/metagenomic/filtered_fastq/D2SG_S2_metagenomic.2" 2>&1
Loading database information... done.
27649 sequences (6.00 Mbp) processed in 0.754s (2199.5 Kseq/m, 477.24 Mbp/m).
  24031 sequences classified (86.91%)
  3618 sequences unclassified (13.09%)
✅  Classification complete.

Estimating species abundance with Bracken...
 >> Checking for Valid Options...
 >> Running Bracken 
      >> python src/est_abundance.py -i /scratch/prj/aef_forensic_metagenomics/exposure_folder/results/runs/run_1706_2011/reports/D2SG_S2.k2report -o /scratch/prj/aef_forensic_metagenomics/exposure_folder/processed_data/metagenomic/bracken/D2SG_S2.bracken -k /scratch/prj/aef_forensic_metagenomics/data/databases/k2_core_nt_20240904/database100mers.kmer_distrib -l S -t 20
>> Checking report file: /scratch/prj/aef_forensic_metagenomics/exposure_folder/results/runs/run_1706_2011/reports/D2SG_S2.k2report
PROGRAM START TIME: 06-17-2025 19:27:19
BRACKEN SUMMARY (Kraken report: /scratch/prj/aef_forensic_metagenomics/exposure_folder/results/runs/run_1706_2011/reports/D2SG_S2.k2report)
    >>> Threshold: 20 
    >>> Number of species in sample: 686 
	  >> Number of species with reads > threshold: 30 
	  >> Number of species with reads < threshold: 656 
    >>> Total reads in sample: 27649
	  >> Total reads kept at species level (reads > threshold): 16571
	  >> Total reads discarded (species reads < threshold): 1339
	  >> Reads distributed: 5814
	  >> Reads not distributed (eg. no species above threshold): 307
	  >> Unclassified reads: 3618
BRACKEN OUTPUT PRODUCED: /scratch/prj/aef_forensic_metagenomics/exposure_folder/processed_data/metagenomic/bracken/D2SG_S2.bracken
PROGRAM END TIME: 06-17-2025 19:27:27
  Bracken complete.
✅  Abundance estimated.

Generating Krona visualization...
Writing /scratch/prj/aef_forensic_metagenomics/exposure_folder/results/runs/run_1706_2011/krona/D2SG_S2.krona.html...
✅  Krona plot generated.

Processing sample: L1RP_S13

Classifying metagenomic reads with Kraken2...
kraken2 --db "/scratch/prj/aef_forensic_metagenomics/data/databases/k2_core_nt_20240904" --threads 8 --report "/scratch/prj/aef_forensic_metagenomics/exposure_folder/results/runs/run_1706_2011/reports/L1RP_S13.k2report" 		--report-minimizer-data --paired --minimum-hit-groups 3 		--classified-out "/scratch/prj/aef_forensic_metagenomics/exposure_folder/processed_data/metagenomic/classified/L1RP_S13_classified#.fastq" --unclassified-out "/scratch/prj/aef_forensic_metagenomics/exposure_folder/processed_data/metagenomic/unclassified/L1RP_S13_unclassified#.fastq" 		--output "/scratch/prj/aef_forensic_metagenomics/exposure_folder/processed_data/metagenomic/kraken2/L1RP_S13.kraken2" --use-names "/scratch/prj/aef_forensic_metagenomics/exposure_folder/processed_data/metagenomic/filtered_fastq/L1RP_S13_metagenomic.1" "/scratch/prj/aef_forensic_metagenomics/exposure_folder/processed_data/metagenomic/filtered_fastq/L1RP_S13_metagenomic.2" 2>&1
Loading database information... done.
164179 sequences (42.32 Mbp) processed in 1.489s (6617.2 Kseq/m, 1705.77 Mbp/m).
  11056 sequences classified (6.73%)
  153123 sequences unclassified (93.27%)
✅  Classification complete.

Estimating species abundance with Bracken...
 >> Checking for Valid Options...
 >> Running Bracken 
      >> python src/est_abundance.py -i /scratch/prj/aef_forensic_metagenomics/exposure_folder/results/runs/run_1706_2011/reports/L1RP_S13.k2report -o /scratch/prj/aef_forensic_metagenomics/exposure_folder/processed_data/metagenomic/bracken/L1RP_S13.bracken -k /scratch/prj/aef_forensic_metagenomics/data/databases/k2_core_nt_20240904/database100mers.kmer_distrib -l S -t 20
>> Checking report file: /scratch/prj/aef_forensic_metagenomics/exposure_folder/results/runs/run_1706_2011/reports/L1RP_S13.k2report
PROGRAM START TIME: 06-17-2025 19:29:31
BRACKEN SUMMARY (Kraken report: /scratch/prj/aef_forensic_metagenomics/exposure_folder/results/runs/run_1706_2011/reports/L1RP_S13.k2report)
    >>> Threshold: 20 
    >>> Number of species in sample: 374 
	  >> Number of species with reads > threshold: 35 
	  >> Number of species with reads < threshold: 339 
    >>> Total reads in sample: 164179
	  >> Total reads kept at species level (reads > threshold): 8365
	  >> Total reads discarded (species reads < threshold): 1028
	  >> Reads distributed: 922
	  >> Reads not distributed (eg. no species above threshold): 741
	  >> Unclassified reads: 153123
BRACKEN OUTPUT PRODUCED: /scratch/prj/aef_forensic_metagenomics/exposure_folder/processed_data/metagenomic/bracken/L1RP_S13.bracken
PROGRAM END TIME: 06-17-2025 19:29:40
  Bracken complete.
✅  Abundance estimated.

Generating Krona visualization...
Writing /scratch/prj/aef_forensic_metagenomics/exposure_folder/results/runs/run_1706_2011/krona/L1RP_S13.krona.html...
✅  Krona plot generated.

Processing sample: L1SG_S5

Classifying metagenomic reads with Kraken2...
kraken2 --db "/scratch/prj/aef_forensic_metagenomics/data/databases/k2_core_nt_20240904" --threads 8 --report "/scratch/prj/aef_forensic_metagenomics/exposure_folder/results/runs/run_1706_2011/reports/L1SG_S5.k2report" 		--report-minimizer-data --paired --minimum-hit-groups 3 		--classified-out "/scratch/prj/aef_forensic_metagenomics/exposure_folder/processed_data/metagenomic/classified/L1SG_S5_classified#.fastq" --unclassified-out "/scratch/prj/aef_forensic_metagenomics/exposure_folder/processed_data/metagenomic/unclassified/L1SG_S5_unclassified#.fastq" 		--output "/scratch/prj/aef_forensic_metagenomics/exposure_folder/processed_data/metagenomic/kraken2/L1SG_S5.kraken2" --use-names "/scratch/prj/aef_forensic_metagenomics/exposure_folder/processed_data/metagenomic/filtered_fastq/L1SG_S5_metagenomic.1" "/scratch/prj/aef_forensic_metagenomics/exposure_folder/processed_data/metagenomic/filtered_fastq/L1SG_S5_metagenomic.2" 2>&1
Loading database information... done.
46411 sequences (11.17 Mbp) processed in 0.596s (4669.3 Kseq/m, 1123.44 Mbp/m).
  10582 sequences classified (22.80%)
  35829 sequences unclassified (77.20%)
✅  Classification complete.

Estimating species abundance with Bracken...
 >> Checking for Valid Options...
 >> Running Bracken 
      >> python src/est_abundance.py -i /scratch/prj/aef_forensic_metagenomics/exposure_folder/results/runs/run_1706_2011/reports/L1SG_S5.k2report -o /scratch/prj/aef_forensic_metagenomics/exposure_folder/processed_data/metagenomic/bracken/L1SG_S5.bracken -k /scratch/prj/aef_forensic_metagenomics/data/databases/k2_core_nt_20240904/database100mers.kmer_distrib -l S -t 20
>> Checking report file: /scratch/prj/aef_forensic_metagenomics/exposure_folder/results/runs/run_1706_2011/reports/L1SG_S5.k2report
PROGRAM START TIME: 06-17-2025 19:31:44
BRACKEN SUMMARY (Kraken report: /scratch/prj/aef_forensic_metagenomics/exposure_folder/results/runs/run_1706_2011/reports/L1SG_S5.k2report)
    >>> Threshold: 20 
    >>> Number of species in sample: 2499 
	  >> Number of species with reads > threshold: 17 
	  >> Number of species with reads < threshold: 2482 
    >>> Total reads in sample: 46411
	  >> Total reads kept at species level (reads > threshold): 3650
	  >> Total reads discarded (species reads < threshold): 4232
	  >> Reads distributed: 1490
	  >> Reads not distributed (eg. no species above threshold): 1210
	  >> Unclassified reads: 35829
BRACKEN OUTPUT PRODUCED: /scratch/prj/aef_forensic_metagenomics/exposure_folder/processed_data/metagenomic/bracken/L1SG_S5.bracken
PROGRAM END TIME: 06-17-2025 19:31:52
  Bracken complete.
✅  Abundance estimated.

Generating Krona visualization...
Writing /scratch/prj/aef_forensic_metagenomics/exposure_folder/results/runs/run_1706_2011/krona/L1SG_S5.krona.html...
✅  Krona plot generated.

Processing sample: L2RP_S14

Classifying metagenomic reads with Kraken2...
kraken2 --db "/scratch/prj/aef_forensic_metagenomics/data/databases/k2_core_nt_20240904" --threads 8 --report "/scratch/prj/aef_forensic_metagenomics/exposure_folder/results/runs/run_1706_2011/reports/L2RP_S14.k2report" 		--report-minimizer-data --paired --minimum-hit-groups 3 		--classified-out "/scratch/prj/aef_forensic_metagenomics/exposure_folder/processed_data/metagenomic/classified/L2RP_S14_classified#.fastq" --unclassified-out "/scratch/prj/aef_forensic_metagenomics/exposure_folder/processed_data/metagenomic/unclassified/L2RP_S14_unclassified#.fastq" 		--output "/scratch/prj/aef_forensic_metagenomics/exposure_folder/processed_data/metagenomic/kraken2/L2RP_S14.kraken2" --use-names "/scratch/prj/aef_forensic_metagenomics/exposure_folder/processed_data/metagenomic/filtered_fastq/L2RP_S14_metagenomic.1" "/scratch/prj/aef_forensic_metagenomics/exposure_folder/processed_data/metagenomic/filtered_fastq/L2RP_S14_metagenomic.2" 2>&1
Loading database information... done.
129193 sequences (30.26 Mbp) processed in 1.082s (7165.0 Kseq/m, 1678.43 Mbp/m).
  78873 sequences classified (61.05%)
  50320 sequences unclassified (38.95%)
✅  Classification complete.

Estimating species abundance with Bracken...
 >> Checking for Valid Options...
 >> Running Bracken 
      >> python src/est_abundance.py -i /scratch/prj/aef_forensic_metagenomics/exposure_folder/results/runs/run_1706_2011/reports/L2RP_S14.k2report -o /scratch/prj/aef_forensic_metagenomics/exposure_folder/processed_data/metagenomic/bracken/L2RP_S14.bracken -k /scratch/prj/aef_forensic_metagenomics/data/databases/k2_core_nt_20240904/database100mers.kmer_distrib -l S -t 20
>> Checking report file: /scratch/prj/aef_forensic_metagenomics/exposure_folder/results/runs/run_1706_2011/reports/L2RP_S14.k2report
PROGRAM START TIME: 06-17-2025 19:33:56
BRACKEN SUMMARY (Kraken report: /scratch/prj/aef_forensic_metagenomics/exposure_folder/results/runs/run_1706_2011/reports/L2RP_S14.k2report)
    >>> Threshold: 20 
    >>> Number of species in sample: 101 
	  >> Number of species with reads > threshold: 10 
	  >> Number of species with reads < threshold: 91 
    >>> Total reads in sample: 129193
	  >> Total reads kept at species level (reads > threshold): 64884
	  >> Total reads discarded (species reads < threshold): 264
	  >> Reads distributed: 13657
	  >> Reads not distributed (eg. no species above threshold): 68
	  >> Unclassified reads: 50320
BRACKEN OUTPUT PRODUCED: /scratch/prj/aef_forensic_metagenomics/exposure_folder/processed_data/metagenomic/bracken/L2RP_S14.bracken
PROGRAM END TIME: 06-17-2025 19:34:05
  Bracken complete.
✅  Abundance estimated.

Generating Krona visualization...
Writing /scratch/prj/aef_forensic_metagenomics/exposure_folder/results/runs/run_1706_2011/krona/L2RP_S14.krona.html...
✅  Krona plot generated.

Processing sample: L2SG_S6

Classifying metagenomic reads with Kraken2...
kraken2 --db "/scratch/prj/aef_forensic_metagenomics/data/databases/k2_core_nt_20240904" --threads 8 --report "/scratch/prj/aef_forensic_metagenomics/exposure_folder/results/runs/run_1706_2011/reports/L2SG_S6.k2report" 		--report-minimizer-data --paired --minimum-hit-groups 3 		--classified-out "/scratch/prj/aef_forensic_metagenomics/exposure_folder/processed_data/metagenomic/classified/L2SG_S6_classified#.fastq" --unclassified-out "/scratch/prj/aef_forensic_metagenomics/exposure_folder/processed_data/metagenomic/unclassified/L2SG_S6_unclassified#.fastq" 		--output "/scratch/prj/aef_forensic_metagenomics/exposure_folder/processed_data/metagenomic/kraken2/L2SG_S6.kraken2" --use-names "/scratch/prj/aef_forensic_metagenomics/exposure_folder/processed_data/metagenomic/filtered_fastq/L2SG_S6_metagenomic.1" "/scratch/prj/aef_forensic_metagenomics/exposure_folder/processed_data/metagenomic/filtered_fastq/L2SG_S6_metagenomic.2" 2>&1
Loading database information... done.
10131 sequences (2.44 Mbp) processed in 0.367s (1657.4 Kseq/m, 399.48 Mbp/m).
  5231 sequences classified (51.63%)
  4900 sequences unclassified (48.37%)
✅  Classification complete.

Estimating species abundance with Bracken...
 >> Checking for Valid Options...
 >> Running Bracken 
      >> python src/est_abundance.py -i /scratch/prj/aef_forensic_metagenomics/exposure_folder/results/runs/run_1706_2011/reports/L2SG_S6.k2report -o /scratch/prj/aef_forensic_metagenomics/exposure_folder/processed_data/metagenomic/bracken/L2SG_S6.bracken -k /scratch/prj/aef_forensic_metagenomics/data/databases/k2_core_nt_20240904/database100mers.kmer_distrib -l S -t 20
>> Checking report file: /scratch/prj/aef_forensic_metagenomics/exposure_folder/results/runs/run_1706_2011/reports/L2SG_S6.k2report
PROGRAM START TIME: 06-17-2025 19:36:08
BRACKEN SUMMARY (Kraken report: /scratch/prj/aef_forensic_metagenomics/exposure_folder/results/runs/run_1706_2011/reports/L2SG_S6.k2report)
    >>> Threshold: 20 
    >>> Number of species in sample: 331 
	  >> Number of species with reads > threshold: 11 
	  >> Number of species with reads < threshold: 320 
    >>> Total reads in sample: 10131
	  >> Total reads kept at species level (reads > threshold): 4244
	  >> Total reads discarded (species reads < threshold): 521
	  >> Reads distributed: 353
	  >> Reads not distributed (eg. no species above threshold): 113
	  >> Unclassified reads: 4900
BRACKEN OUTPUT PRODUCED: /scratch/prj/aef_forensic_metagenomics/exposure_folder/processed_data/metagenomic/bracken/L2SG_S6.bracken
PROGRAM END TIME: 06-17-2025 19:36:16
  Bracken complete.
✅  Abundance estimated.

Generating Krona visualization...
Writing /scratch/prj/aef_forensic_metagenomics/exposure_folder/results/runs/run_1706_2011/krona/L2SG_S6.krona.html...
✅  Krona plot generated.

Processing sample: S1RP_S11

Classifying metagenomic reads with Kraken2...
kraken2 --db "/scratch/prj/aef_forensic_metagenomics/data/databases/k2_core_nt_20240904" --threads 8 --report "/scratch/prj/aef_forensic_metagenomics/exposure_folder/results/runs/run_1706_2011/reports/S1RP_S11.k2report" 		--report-minimizer-data --paired --minimum-hit-groups 3 		--classified-out "/scratch/prj/aef_forensic_metagenomics/exposure_folder/processed_data/metagenomic/classified/S1RP_S11_classified#.fastq" --unclassified-out "/scratch/prj/aef_forensic_metagenomics/exposure_folder/processed_data/metagenomic/unclassified/S1RP_S11_unclassified#.fastq" 		--output "/scratch/prj/aef_forensic_metagenomics/exposure_folder/processed_data/metagenomic/kraken2/S1RP_S11.kraken2" --use-names "/scratch/prj/aef_forensic_metagenomics/exposure_folder/processed_data/metagenomic/filtered_fastq/S1RP_S11_metagenomic.1" "/scratch/prj/aef_forensic_metagenomics/exposure_folder/processed_data/metagenomic/filtered_fastq/S1RP_S11_metagenomic.2" 2>&1
Loading database information... done.
133184 sequences (34.60 Mbp) processed in 0.857s (9323.9 Kseq/m, 2422.07 Mbp/m).
  1782 sequences classified (1.34%)
  131402 sequences unclassified (98.66%)
✅  Classification complete.

Estimating species abundance with Bracken...
 >> Checking for Valid Options...
 >> Running Bracken 
      >> python src/est_abundance.py -i /scratch/prj/aef_forensic_metagenomics/exposure_folder/results/runs/run_1706_2011/reports/S1RP_S11.k2report -o /scratch/prj/aef_forensic_metagenomics/exposure_folder/processed_data/metagenomic/bracken/S1RP_S11.bracken -k /scratch/prj/aef_forensic_metagenomics/data/databases/k2_core_nt_20240904/database100mers.kmer_distrib -l S -t 20
>> Checking report file: /scratch/prj/aef_forensic_metagenomics/exposure_folder/results/runs/run_1706_2011/reports/S1RP_S11.k2report
PROGRAM START TIME: 06-17-2025 19:38:21
BRACKEN SUMMARY (Kraken report: /scratch/prj/aef_forensic_metagenomics/exposure_folder/results/runs/run_1706_2011/reports/S1RP_S11.k2report)
    >>> Threshold: 20 
    >>> Number of species in sample: 92 
	  >> Number of species with reads > threshold: 9 
	  >> Number of species with reads < threshold: 83 
    >>> Total reads in sample: 133184
	  >> Total reads kept at species level (reads > threshold): 1369
	  >> Total reads discarded (species reads < threshold): 230
	  >> Reads distributed: 150
	  >> Reads not distributed (eg. no species above threshold): 33
	  >> Unclassified reads: 131402
BRACKEN OUTPUT PRODUCED: /scratch/prj/aef_forensic_metagenomics/exposure_folder/processed_data/metagenomic/bracken/S1RP_S11.bracken
PROGRAM END TIME: 06-17-2025 19:38:30
  Bracken complete.
✅  Abundance estimated.

Generating Krona visualization...
Writing /scratch/prj/aef_forensic_metagenomics/exposure_folder/results/runs/run_1706_2011/krona/S1RP_S11.krona.html...
✅  Krona plot generated.

Processing sample: S1SG_S3

Classifying metagenomic reads with Kraken2...
kraken2 --db "/scratch/prj/aef_forensic_metagenomics/data/databases/k2_core_nt_20240904" --threads 8 --report "/scratch/prj/aef_forensic_metagenomics/exposure_folder/results/runs/run_1706_2011/reports/S1SG_S3.k2report" 		--report-minimizer-data --paired --minimum-hit-groups 3 		--classified-out "/scratch/prj/aef_forensic_metagenomics/exposure_folder/processed_data/metagenomic/classified/S1SG_S3_classified#.fastq" --unclassified-out "/scratch/prj/aef_forensic_metagenomics/exposure_folder/processed_data/metagenomic/unclassified/S1SG_S3_unclassified#.fastq" 		--output "/scratch/prj/aef_forensic_metagenomics/exposure_folder/processed_data/metagenomic/kraken2/S1SG_S3.kraken2" --use-names "/scratch/prj/aef_forensic_metagenomics/exposure_folder/processed_data/metagenomic/filtered_fastq/S1SG_S3_metagenomic.1" "/scratch/prj/aef_forensic_metagenomics/exposure_folder/processed_data/metagenomic/filtered_fastq/S1SG_S3_metagenomic.2" 2>&1
Loading database information... done.
7003 sequences (1.59 Mbp) processed in 2.727s (154.1 Kseq/m, 34.99 Mbp/m).
  2735 sequences classified (39.05%)
  4268 sequences unclassified (60.95%)
✅  Classification complete.

Estimating species abundance with Bracken...
 >> Checking for Valid Options...
 >> Running Bracken 
      >> python src/est_abundance.py -i /scratch/prj/aef_forensic_metagenomics/exposure_folder/results/runs/run_1706_2011/reports/S1SG_S3.k2report -o /scratch/prj/aef_forensic_metagenomics/exposure_folder/processed_data/metagenomic/bracken/S1SG_S3.bracken -k /scratch/prj/aef_forensic_metagenomics/data/databases/k2_core_nt_20240904/database100mers.kmer_distrib -l S -t 20
>> Checking report file: /scratch/prj/aef_forensic_metagenomics/exposure_folder/results/runs/run_1706_2011/reports/S1SG_S3.k2report
PROGRAM START TIME: 06-17-2025 19:40:35
BRACKEN SUMMARY (Kraken report: /scratch/prj/aef_forensic_metagenomics/exposure_folder/results/runs/run_1706_2011/reports/S1SG_S3.k2report)
    >>> Threshold: 20 
    >>> Number of species in sample: 761 
	  >> Number of species with reads > threshold: 5 
	  >> Number of species with reads < threshold: 756 
    >>> Total reads in sample: 7003
	  >> Total reads kept at species level (reads > threshold): 744
	  >> Total reads discarded (species reads < threshold): 1127
	  >> Reads distributed: 440
	  >> Reads not distributed (eg. no species above threshold): 424
	  >> Unclassified reads: 4268
BRACKEN OUTPUT PRODUCED: /scratch/prj/aef_forensic_metagenomics/exposure_folder/processed_data/metagenomic/bracken/S1SG_S3.bracken
PROGRAM END TIME: 06-17-2025 19:40:44
  Bracken complete.
✅  Abundance estimated.

Generating Krona visualization...
Writing /scratch/prj/aef_forensic_metagenomics/exposure_folder/results/runs/run_1706_2011/krona/S1SG_S3.krona.html...
✅  Krona plot generated.

Processing sample: S2RP_S12

Classifying metagenomic reads with Kraken2...
kraken2 --db "/scratch/prj/aef_forensic_metagenomics/data/databases/k2_core_nt_20240904" --threads 8 --report "/scratch/prj/aef_forensic_metagenomics/exposure_folder/results/runs/run_1706_2011/reports/S2RP_S12.k2report" 		--report-minimizer-data --paired --minimum-hit-groups 3 		--classified-out "/scratch/prj/aef_forensic_metagenomics/exposure_folder/processed_data/metagenomic/classified/S2RP_S12_classified#.fastq" --unclassified-out "/scratch/prj/aef_forensic_metagenomics/exposure_folder/processed_data/metagenomic/unclassified/S2RP_S12_unclassified#.fastq" 		--output "/scratch/prj/aef_forensic_metagenomics/exposure_folder/processed_data/metagenomic/kraken2/S2RP_S12.kraken2" --use-names "/scratch/prj/aef_forensic_metagenomics/exposure_folder/processed_data/metagenomic/filtered_fastq/S2RP_S12_metagenomic.1" "/scratch/prj/aef_forensic_metagenomics/exposure_folder/processed_data/metagenomic/filtered_fastq/S2RP_S12_metagenomic.2" 2>&1
Loading database information... done.
236239 sequences (46.91 Mbp) processed in 1.774s (7992.1 Kseq/m, 1587.08 Mbp/m).
  165956 sequences classified (70.25%)
  70283 sequences unclassified (29.75%)
✅  Classification complete.

Estimating species abundance with Bracken...
 >> Checking for Valid Options...
 >> Running Bracken 
      >> python src/est_abundance.py -i /scratch/prj/aef_forensic_metagenomics/exposure_folder/results/runs/run_1706_2011/reports/S2RP_S12.k2report -o /scratch/prj/aef_forensic_metagenomics/exposure_folder/processed_data/metagenomic/bracken/S2RP_S12.bracken -k /scratch/prj/aef_forensic_metagenomics/data/databases/k2_core_nt_20240904/database100mers.kmer_distrib -l S -t 20
>> Checking report file: /scratch/prj/aef_forensic_metagenomics/exposure_folder/results/runs/run_1706_2011/reports/S2RP_S12.k2report
PROGRAM START TIME: 06-17-2025 19:42:49
BRACKEN SUMMARY (Kraken report: /scratch/prj/aef_forensic_metagenomics/exposure_folder/results/runs/run_1706_2011/reports/S2RP_S12.k2report)
    >>> Threshold: 20 
    >>> Number of species in sample: 231 
	  >> Number of species with reads > threshold: 38 
	  >> Number of species with reads < threshold: 193 
    >>> Total reads in sample: 236239
	  >> Total reads kept at species level (reads > threshold): 146626
	  >> Total reads discarded (species reads < threshold): 464
	  >> Reads distributed: 16373
	  >> Reads not distributed (eg. no species above threshold): 2493
	  >> Unclassified reads: 70283
BRACKEN OUTPUT PRODUCED: /scratch/prj/aef_forensic_metagenomics/exposure_folder/processed_data/metagenomic/bracken/S2RP_S12.bracken
PROGRAM END TIME: 06-17-2025 19:42:57
  Bracken complete.
✅  Abundance estimated.

Generating Krona visualization...
Writing /scratch/prj/aef_forensic_metagenomics/exposure_folder/results/runs/run_1706_2011/krona/S2RP_S12.krona.html...
✅  Krona plot generated.

Processing sample: S2SG_S4

Classifying metagenomic reads with Kraken2...
kraken2 --db "/scratch/prj/aef_forensic_metagenomics/data/databases/k2_core_nt_20240904" --threads 8 --report "/scratch/prj/aef_forensic_metagenomics/exposure_folder/results/runs/run_1706_2011/reports/S2SG_S4.k2report" 		--report-minimizer-data --paired --minimum-hit-groups 3 		--classified-out "/scratch/prj/aef_forensic_metagenomics/exposure_folder/processed_data/metagenomic/classified/S2SG_S4_classified#.fastq" --unclassified-out "/scratch/prj/aef_forensic_metagenomics/exposure_folder/processed_data/metagenomic/unclassified/S2SG_S4_unclassified#.fastq" 		--output "/scratch/prj/aef_forensic_metagenomics/exposure_folder/processed_data/metagenomic/kraken2/S2SG_S4.kraken2" --use-names "/scratch/prj/aef_forensic_metagenomics/exposure_folder/processed_data/metagenomic/filtered_fastq/S2SG_S4_metagenomic.1" "/scratch/prj/aef_forensic_metagenomics/exposure_folder/processed_data/metagenomic/filtered_fastq/S2SG_S4_metagenomic.2" 2>&1
Loading database information... done.
5794 sequences (1.33 Mbp) processed in 0.978s (355.4 Kseq/m, 81.80 Mbp/m).
  4036 sequences classified (69.66%)
  1758 sequences unclassified (30.34%)
✅  Classification complete.

Estimating species abundance with Bracken...
 >> Checking for Valid Options...
 >> Running Bracken 
      >> python src/est_abundance.py -i /scratch/prj/aef_forensic_metagenomics/exposure_folder/results/runs/run_1706_2011/reports/S2SG_S4.k2report -o /scratch/prj/aef_forensic_metagenomics/exposure_folder/processed_data/metagenomic/bracken/S2SG_S4.bracken -k /scratch/prj/aef_forensic_metagenomics/data/databases/k2_core_nt_20240904/database100mers.kmer_distrib -l S -t 20
>> Checking report file: /scratch/prj/aef_forensic_metagenomics/exposure_folder/results/runs/run_1706_2011/reports/S2SG_S4.k2report
PROGRAM START TIME: 06-17-2025 19:45:01
BRACKEN SUMMARY (Kraken report: /scratch/prj/aef_forensic_metagenomics/exposure_folder/results/runs/run_1706_2011/reports/S2SG_S4.k2report)
    >>> Threshold: 20 
    >>> Number of species in sample: 400 
	  >> Number of species with reads > threshold: 14 
	  >> Number of species with reads < threshold: 386 
    >>> Total reads in sample: 5794
	  >> Total reads kept at species level (reads > threshold): 2406
	  >> Total reads discarded (species reads < threshold): 850
	  >> Reads distributed: 587
	  >> Reads not distributed (eg. no species above threshold): 193
	  >> Unclassified reads: 1758
BRACKEN OUTPUT PRODUCED: /scratch/prj/aef_forensic_metagenomics/exposure_folder/processed_data/metagenomic/bracken/S2SG_S4.bracken
PROGRAM END TIME: 06-17-2025 19:45:09
  Bracken complete.
✅  Abundance estimated.

Generating Krona visualization...
Writing /scratch/prj/aef_forensic_metagenomics/exposure_folder/results/runs/run_1706_2011/krona/S2SG_S4.krona.html...
✅  Krona plot generated.

Metagenomic classification completed in: 00:34:08

Calculating read length statistics...
D1RP_S9_metagenomic.1: mean = 132.8, median = 138.0
D1SG_S1_metagenomic.1: mean = 129.0, median = 130.0
D2RP_S10_metagenomic.1: mean = 129.6, median = 132.0
D2SG_S2_metagenomic.1: mean = 108.7, median = 102.0
L1RP_S13_metagenomic.1: mean = 129.4, median = 132.0
L1SG_S5_metagenomic.1: mean = 120.8, median = 116.0
L2RP_S14_metagenomic.1: mean = 117.3, median = 108.0
L2SG_S6_metagenomic.1: mean = 120.7, median = 116.0
S1RP_S11_metagenomic.1: mean = 130.7, median = 135.0
S1SG_S3_metagenomic.1: mean = 114.0, median = 107.0
S2RP_S12_metagenomic.1: mean = 99.5, median = 84.0
S2SG_S4_metagenomic.1: mean = 115.5, median = 107.0
D1RP_S9_metagenomic.2: mean = 130.4, median = 133.0
D1SG_S1_metagenomic.2: mean = 127.3, median = 128.0
D2RP_S10_metagenomic.2: mean = 127.5, median = 129.0
D2SG_S2_metagenomic.2: mean = 108.3, median = 101.0
L1RP_S13_metagenomic.2: mean = 128.3, median = 130.0
L1SG_S5_metagenomic.2: mean = 119.8, median = 115.0
L2RP_S14_metagenomic.2: mean = 116.9, median = 107.0
L2SG_S6_metagenomic.2: mean = 120.3, median = 116.0
S1RP_S11_metagenomic.2: mean = 129.1, median = 132.0
S1SG_S3_metagenomic.2: mean = 113.0, median = 107.0
S2RP_S12_metagenomic.2: mean = 99.1, median = 84.0
S2SG_S4_metagenomic.2: mean = 114.7, median = 107.0
D1RP_S9_classified_1.fastq: mean = 144.1, median = 160.0
D1RP_S9_classified_2.fastq: mean = 141.9, median = 154.0
D1SG_S1_classified_1.fastq: mean = 144.1, median = 156.0
D1SG_S1_classified_2.fastq: mean = 142.1, median = 152.0
D2RP_S10_classified_1.fastq: mean = 136.0, median = 143.0
D2RP_S10_classified_2.fastq: mean = 133.8, median = 138.0
D2SG_S2_classified_1.fastq: mean = 111.5, median = 106.0
D2SG_S2_classified_2.fastq: mean = 111.1, median = 106.0
L1RP_S13_classified_1.fastq: mean = 152.5, median = 177.0
L1RP_S13_classified_2.fastq: mean = 151.2, median = 173.0
L1SG_S5_classified_1.fastq: mean = 139.8, median = 146.0
L1SG_S5_classified_2.fastq: mean = 138.3, median = 144.0
L2RP_S14_classified_1.fastq: mean = 128.6, median = 126.0
L2RP_S14_classified_2.fastq: mean = 128.1, median = 125.0
L2SG_S6_classified_1.fastq: mean = 136.4, median = 140.0
L2SG_S6_classified_2.fastq: mean = 135.8, median = 139.0
S1RP_S11_classified_1.fastq: mean = 163.8, median = 194.0
S1RP_S11_classified_2.fastq: mean = 156.8, median = 179.0
S1SG_S3_classified_1.fastq: mean = 124.9, median = 122.0
S1SG_S3_classified_2.fastq: mean = 123.6, median = 121.0
S2RP_S12_classified_1.fastq: mean = 109.9, median = 97.0
S2RP_S12_classified_2.fastq: mean = 109.3, median = 97.0
S2SG_S4_classified_1.fastq: mean = 125.0, median = 121.0
S2SG_S4_classified_2.fastq: mean = 124.1, median = 120.0
D1RP_S9_unclassified_1.fastq: mean = 129.2, median = 131.0
D1RP_S9_unclassified_2.fastq: mean = 126.7, median = 126.0
D1SG_S1_unclassified_1.fastq: mean = 121.5, median = 117.0
D1SG_S1_unclassified_2.fastq: mean = 120.1, median = 115.0
D2RP_S10_unclassified_1.fastq: mean = 95.9, median = 71.0
D2RP_S10_unclassified_2.fastq: mean = 94.4, median = 69.0
D2SG_S2_unclassified_1.fastq: mean = 90.0, median = 72.0
D2SG_S2_unclassified_2.fastq: mean = 89.7, median = 72.0
L1RP_S13_unclassified_1.fastq: mean = 127.8, median = 129.0
L1RP_S13_unclassified_2.fastq: mean = 126.7, median = 127.0
L1SG_S5_unclassified_1.fastq: mean = 115.2, median = 106.0
L1SG_S5_unclassified_2.fastq: mean = 114.3, median = 105.0
L2RP_S14_unclassified_1.fastq: mean = 99.7, median = 82.0
L2RP_S14_unclassified_2.fastq: mean = 99.4, median = 82.0
L2SG_S6_unclassified_1.fastq: mean = 104.0, median = 90.0
L2SG_S6_unclassified_2.fastq: mean = 103.7, median = 89.0
S1RP_S11_unclassified_1.fastq: mean = 130.2, median = 134.0
S1RP_S11_unclassified_2.fastq: mean = 128.7, median = 131.0
S1SG_S3_unclassified_1.fastq: mean = 107.1, median = 96.0
S1SG_S3_unclassified_2.fastq: mean = 106.3, median = 96.0
S2RP_S12_unclassified_1.fastq: mean = 75.1, median = 58.0
S2RP_S12_unclassified_2.fastq: mean = 74.8, median = 58.0
S2SG_S4_unclassified_1.fastq: mean = 93.6, median = 73.5
S2SG_S4_unclassified_2.fastq: mean = 92.9, median = 73.0
✅ Statistics generated.

Combining Bracken reports...
✅ Bracken reports combined.

Copying SLURM job logs...
✅ SLURM job logs copied.

================================================= COMPARISON TO GROUND TRUTH =================================================

================================================= METAGENOMIC DIVERSITY ANALYSIS =================================================
Calculating alpha and beta diversity...
✅ Alpha diversity calculated.
✅ Beta diversity heatmap generated.
✅  Diversity analysis completed successfully.

✅  Pipeline completed successfully.

Copying final SLURM job logs
