
================================================= ARGUMENT PARSING & VALIDATION =================================================

⚠️  Trimming and host DNA removal are optional but must be done once; if skipped, ensure trimmed and filtered files exist in the correct directories.\n
===== Pipeline Configuration Summary =====
Raw FASTQ directory path: /scratch/prj/aef_forensic_metagenomics/zymobiomics_folder/raw_data
Kraken2/Bracken Database: /scratch/prj/aef_forensic_metagenomics/data/databases/k2_standard_20250402
Ground Truth: /scratch/prj/aef_forensic_metagenomics/zymobiomics_folder/raw_data/ground_truth.csv ✅
Quality Control & Trimming: Disabled ❌
Host DNA Removal: Disabled ❌

================================================= CONDA ENVIRONMENT ACTIVATION ==================================================

✅ 'metagenomics' environment activated successfully.

====================================================== PROJECT STRUCTURE ======================================================

/scratch/prj/aef_forensic_metagenomics/zymobiomics_folder
├── processed_data
│   ├── human
│   │   ├── aligned_sam
│   │   ├── bed_files
│   │   └── sorted_bam
│   ├── metagenomic
│   │   ├── bracken
│   │   ├── classified
│   │   ├── filtered_fastq
│   │   ├── kraken2
│   │   └── unclassified
│   └── trimmed
│       ├── paired
│       └── unpaired
├── raw_data
└── results
    ├── fastqc
    │   ├── post_trimming
    │   └── pre_trimming
    ├── host_dna_analysis
    └── runs
        ├── run_0806_2227
        ├── run_0806_2325
        ├── run_0806_2336
        ├── run_0806_2347
        ├── run_0806_2356
        ├── run_0906_0005
        ├── run_0906_0017
        ├── run_0906_0029
        ├── run_0906_0040
        ├── run_0906_0051
        ├── run_0906_0102
        ├── run_0906_0113
        ├── run_0906_0122
        ├── run_0906_0131
        ├── run_0906_0141
        ├── run_0906_0149
        ├── run_0906_0157
        ├── run_0906_0205
        ├── run_0906_0213
        ├── run_0906_0221
        ├── run_0906_0229
        ├── run_0906_0237
        ├── run_0906_0246
        ├── run_0906_0256
        ├── run_0906_0305
        ├── run_0906_0314
        ├── run_0906_0323
        ├── run_0906_0332
        ├── run_0906_0341
        ├── run_0906_0350
        ├── run_0906_0400
        ├── run_0906_0409
        ├── run_0906_0418
        ├── run_0906_0427
        ├── run_0906_0436
        ├── run_0906_0442
        ├── run_0906_0448
        ├── run_0906_0457
        ├── run_0906_0506
        ├── run_0906_0515
        ├── run_0906_0522
        ├── run_0906_0529
        ├── run_0906_0540
        ├── run_0906_0551
        ├── run_0906_0601
        ├── run_0906_0609
        ├── run_0906_0619
        ├── run_0906_0628
        ├── run_0906_0636
        ├── run_0906_0648
        ├── run_0906_0658
        ├── run_0906_0709
        ├── run_0906_0720
        ├── run_0906_0731
        ├── run_0906_0742
        ├── run_0906_0754
        ├── run_0906_0802
        ├── run_0906_0810
        ├── run_0906_0818
        ├── run_0906_0828
        ├── run_0906_0839
        ├── run_0906_0851
        ├── run_0906_0901
        ├── run_0906_0911
        ├── run_0906_0920
        ├── run_0906_0929
        ├── run_0906_0939
        ├── run_0906_0951
        ├── run_0906_1001
        ├── run_0906_1011
        ├── run_0906_1021
        ├── run_0906_1031
        ├── run_0906_1042
        ├── run_0906_1052
        ├── run_0906_1110
        ├── run_0906_1132
        ├── run_0906_1142
        ├── run_0906_1206
        ├── run_0906_1217
        ├── run_0906_1227
        ├── run_0906_1237
        ├── run_0906_1251
        ├── run_0906_1305
        ├── run_0906_1314
        ├── run_0906_1323
        ├── run_0906_1336
        ├── run_0906_1345
        ├── run_0906_1354
        ├── run_0906_1403
        ├── run_0906_1413
        ├── run_0906_1422
        ├── run_0906_1431
        ├── run_0906_1440
        ├── run_0906_1450
        ├── run_0906_1501
        ├── run_0906_1511
        ├── run_0906_1520
        ├── run_0906_1530
        ├── run_0906_1540
        ├── run_0906_1549
        ├── run_0906_1558
        ├── run_0906_1608
        ├── run_0906_1618
        ├── run_0906_1632
        ├── run_0906_1642
        ├── run_0906_1652
        ├── run_0906_1702
        ├── run_0906_1713
        ├── run_0906_1723
        ├── run_0906_1734
        ├── run_0906_1747
        ├── run_0906_1757
        ├── run_0906_1806
        ├── run_0906_1816
        ├── run_0906_1828
        ├── run_0906_1855
        ├── run_0906_1904
        ├── run_0906_1917
        ├── run_0906_1928
        ├── run_0906_1940
        ├── run_0906_1952
        ├── run_0906_2002
        ├── run_0906_2020
        ├── run_0906_2030
        ├── run_0906_2040
        ├── run_0906_2049
        ├── run_0906_2059
        ├── run_0906_2110
        ├── run_0906_2120
        ├── run_0906_2128
        ├── run_0906_2138
        ├── run_0906_2146
        ├── run_0906_2155
        ├── run_0906_2205
        ├── run_0906_2214
        ├── run_0906_2223
        ├── run_1006_1224
        ├── run_1006_1259
        ├── run_1006_1311
        ├── run_1006_1321
        ├── run_1006_1330
        ├── run_1006_1339
        ├── run_1006_1348
        ├── run_1006_1402
        ├── run_1006_1411
        ├── run_1006_1420
        ├── run_1006_1428
        ├── run_1006_1437
        ├── run_1006_1454
        ├── run_1006_1506
        ├── run_1006_1548
        ├── run_1006_1557
        ├── run_1006_1606
        ├── run_1006_1615
        ├── run_1006_1623
        ├── run_1006_1632
        ├── run_1006_1640
        ├── run_1106_1050
        ├── run_1106_1111
        ├── run_1106_1146
        ├── run_1106_1222
        ├── run_1106_1308
        ├── run_1106_1403
        ├── run_1106_1434
        ├── run_1106_1549
        ├── run_1106_1706
        ├── run_1106_1812
        ├── run_1106_1835
        ├── run_1106_1917
        ├── run_1106_1949
        ├── run_1106_2019
        ├── run_1106_2103
        ├── run_1106_2142
        ├── run_1106_2249
        ├── run_1106_2355
        ├── run_1206_0051
        ├── run_1206_0123
        ├── run_1206_2241
        ├── run_1206_2258
        ├── run_1206_2315
        ├── run_1206_2329
        ├── run_1206_2343
        └── run_1206_2356

204 directories
Human DNA-related files (SAM, BAM, and BED) in the 'human' directory are created once per sub-project and remain unchanged across runs.
Intermediate metagenomic files in the 'metagenomic' directory are overwritten with each run and should be inspected beforehand if desired.
Results are stored in the 'results' directory (including FastQC, host DNA analysis, and run-specific results like Kraken2 and Bracken).

================================================= METAGENOMIC ABUNDANCE ESTIMATION =================================================
⚠️  This step assumes reads have already been trimmed with Trimmomatic and host DNA removed with Bowtie2. Processed reads must be in the correct directory.

Processing sample: ZC1_S4

Classifying metagenomic reads with Kraken2...
kraken2 --db "/scratch/prj/aef_forensic_metagenomics/data/databases/k2_standard_20250402" --threads 8 --report "/scratch/prj/aef_forensic_metagenomics/zymobiomics_folder/results/runs/run_1206_2356/reports/ZC1_S4.k2report" 		--report-minimizer-data --paired --minimum-hit-groups 1 		--classified-out "/scratch/prj/aef_forensic_metagenomics/zymobiomics_folder/processed_data/metagenomic/classified/ZC1_S4_classified#.fastq" --unclassified-out "/scratch/prj/aef_forensic_metagenomics/zymobiomics_folder/processed_data/metagenomic/unclassified/ZC1_S4_unclassified#.fastq" 		--output "/scratch/prj/aef_forensic_metagenomics/zymobiomics_folder/processed_data/metagenomic/kraken2/ZC1_S4.kraken2" --use-names "/scratch/prj/aef_forensic_metagenomics/zymobiomics_folder/processed_data/metagenomic/filtered_fastq/ZC1_S4_metagenomic.1" "/scratch/prj/aef_forensic_metagenomics/zymobiomics_folder/processed_data/metagenomic/filtered_fastq/ZC1_S4_metagenomic.2" 2>&1
Loading database information... done.
287710 sequences (51.71 Mbp) processed in 1.494s (11556.8 Kseq/m, 2077.12 Mbp/m).
  272761 sequences classified (94.80%)
  14949 sequences unclassified (5.20%)
✅  Classification complete.

Estimating species abundance with Bracken...
 >> Checking for Valid Options...
 >> Running Bracken 
      >> python src/est_abundance.py -i /scratch/prj/aef_forensic_metagenomics/zymobiomics_folder/results/runs/run_1206_2356/reports/ZC1_S4.k2report -o /scratch/prj/aef_forensic_metagenomics/zymobiomics_folder/processed_data/metagenomic/bracken/ZC1_S4.bracken -k /scratch/prj/aef_forensic_metagenomics/data/databases/k2_standard_20250402/database100mers.kmer_distrib -l S -t 40
>> Checking report file: /scratch/prj/aef_forensic_metagenomics/zymobiomics_folder/results/runs/run_1206_2356/reports/ZC1_S4.k2report
PROGRAM START TIME: 06-12-2025 22:59:58
BRACKEN SUMMARY (Kraken report: /scratch/prj/aef_forensic_metagenomics/zymobiomics_folder/results/runs/run_1206_2356/reports/ZC1_S4.k2report)
    >>> Threshold: 40 
    >>> Number of species in sample: 659 
	  >> Number of species with reads > threshold: 22 
	  >> Number of species with reads < threshold: 637 
    >>> Total reads in sample: 287710
	  >> Total reads kept at species level (reads > threshold): 95537
	  >> Total reads discarded (species reads < threshold): 1501
	  >> Reads distributed: 175456
	  >> Reads not distributed (eg. no species above threshold): 267
	  >> Unclassified reads: 14949
BRACKEN OUTPUT PRODUCED: /scratch/prj/aef_forensic_metagenomics/zymobiomics_folder/processed_data/metagenomic/bracken/ZC1_S4.bracken
PROGRAM END TIME: 06-12-2025 22:59:58
  Bracken complete.
✅  Abundance estimated.

Generating Krona visualization...
Writing /scratch/prj/aef_forensic_metagenomics/zymobiomics_folder/results/runs/run_1206_2356/krona/ZC1_S4.krona.html...
✅  Krona plot generated.

Processing sample: ZC2_S5

Classifying metagenomic reads with Kraken2...
kraken2 --db "/scratch/prj/aef_forensic_metagenomics/data/databases/k2_standard_20250402" --threads 8 --report "/scratch/prj/aef_forensic_metagenomics/zymobiomics_folder/results/runs/run_1206_2356/reports/ZC2_S5.k2report" 		--report-minimizer-data --paired --minimum-hit-groups 1 		--classified-out "/scratch/prj/aef_forensic_metagenomics/zymobiomics_folder/processed_data/metagenomic/classified/ZC2_S5_classified#.fastq" --unclassified-out "/scratch/prj/aef_forensic_metagenomics/zymobiomics_folder/processed_data/metagenomic/unclassified/ZC2_S5_unclassified#.fastq" 		--output "/scratch/prj/aef_forensic_metagenomics/zymobiomics_folder/processed_data/metagenomic/kraken2/ZC2_S5.kraken2" --use-names "/scratch/prj/aef_forensic_metagenomics/zymobiomics_folder/processed_data/metagenomic/filtered_fastq/ZC2_S5_metagenomic.1" "/scratch/prj/aef_forensic_metagenomics/zymobiomics_folder/processed_data/metagenomic/filtered_fastq/ZC2_S5_metagenomic.2" 2>&1
Loading database information... done.
267582 sequences (38.37 Mbp) processed in 1.405s (11427.8 Kseq/m, 1638.57 Mbp/m).
  252987 sequences classified (94.55%)
  14595 sequences unclassified (5.45%)
✅  Classification complete.

Estimating species abundance with Bracken...
 >> Checking for Valid Options...
 >> Running Bracken 
      >> python src/est_abundance.py -i /scratch/prj/aef_forensic_metagenomics/zymobiomics_folder/results/runs/run_1206_2356/reports/ZC2_S5.k2report -o /scratch/prj/aef_forensic_metagenomics/zymobiomics_folder/processed_data/metagenomic/bracken/ZC2_S5.bracken -k /scratch/prj/aef_forensic_metagenomics/data/databases/k2_standard_20250402/database100mers.kmer_distrib -l S -t 40
>> Checking report file: /scratch/prj/aef_forensic_metagenomics/zymobiomics_folder/results/runs/run_1206_2356/reports/ZC2_S5.k2report
PROGRAM START TIME: 06-12-2025 23:00:42
BRACKEN SUMMARY (Kraken report: /scratch/prj/aef_forensic_metagenomics/zymobiomics_folder/results/runs/run_1206_2356/reports/ZC2_S5.k2report)
    >>> Threshold: 40 
    >>> Number of species in sample: 541 
	  >> Number of species with reads > threshold: 18 
	  >> Number of species with reads < threshold: 523 
    >>> Total reads in sample: 267582
	  >> Total reads kept at species level (reads > threshold): 77944
	  >> Total reads discarded (species reads < threshold): 1340
	  >> Reads distributed: 173499
	  >> Reads not distributed (eg. no species above threshold): 204
	  >> Unclassified reads: 14595
BRACKEN OUTPUT PRODUCED: /scratch/prj/aef_forensic_metagenomics/zymobiomics_folder/processed_data/metagenomic/bracken/ZC2_S5.bracken
PROGRAM END TIME: 06-12-2025 23:00:42
  Bracken complete.
✅  Abundance estimated.

Generating Krona visualization...
Writing /scratch/prj/aef_forensic_metagenomics/zymobiomics_folder/results/runs/run_1206_2356/krona/ZC2_S5.krona.html...
✅  Krona plot generated.

Processing sample: ZC3_S6

Classifying metagenomic reads with Kraken2...
kraken2 --db "/scratch/prj/aef_forensic_metagenomics/data/databases/k2_standard_20250402" --threads 8 --report "/scratch/prj/aef_forensic_metagenomics/zymobiomics_folder/results/runs/run_1206_2356/reports/ZC3_S6.k2report" 		--report-minimizer-data --paired --minimum-hit-groups 1 		--classified-out "/scratch/prj/aef_forensic_metagenomics/zymobiomics_folder/processed_data/metagenomic/classified/ZC3_S6_classified#.fastq" --unclassified-out "/scratch/prj/aef_forensic_metagenomics/zymobiomics_folder/processed_data/metagenomic/unclassified/ZC3_S6_unclassified#.fastq" 		--output "/scratch/prj/aef_forensic_metagenomics/zymobiomics_folder/processed_data/metagenomic/kraken2/ZC3_S6.kraken2" --use-names "/scratch/prj/aef_forensic_metagenomics/zymobiomics_folder/processed_data/metagenomic/filtered_fastq/ZC3_S6_metagenomic.1" "/scratch/prj/aef_forensic_metagenomics/zymobiomics_folder/processed_data/metagenomic/filtered_fastq/ZC3_S6_metagenomic.2" 2>&1
Loading database information... done.
273941 sequences (42.88 Mbp) processed in 1.268s (12959.3 Kseq/m, 2028.30 Mbp/m).
  257331 sequences classified (93.94%)
  16610 sequences unclassified (6.06%)
✅  Classification complete.

Estimating species abundance with Bracken...
 >> Checking for Valid Options...
 >> Running Bracken 
      >> python src/est_abundance.py -i /scratch/prj/aef_forensic_metagenomics/zymobiomics_folder/results/runs/run_1206_2356/reports/ZC3_S6.k2report -o /scratch/prj/aef_forensic_metagenomics/zymobiomics_folder/processed_data/metagenomic/bracken/ZC3_S6.bracken -k /scratch/prj/aef_forensic_metagenomics/data/databases/k2_standard_20250402/database100mers.kmer_distrib -l S -t 40
>> Checking report file: /scratch/prj/aef_forensic_metagenomics/zymobiomics_folder/results/runs/run_1206_2356/reports/ZC3_S6.k2report
PROGRAM START TIME: 06-12-2025 23:01:53
BRACKEN SUMMARY (Kraken report: /scratch/prj/aef_forensic_metagenomics/zymobiomics_folder/results/runs/run_1206_2356/reports/ZC3_S6.k2report)
    >>> Threshold: 40 
    >>> Number of species in sample: 569 
	  >> Number of species with reads > threshold: 21 
	  >> Number of species with reads < threshold: 548 
    >>> Total reads in sample: 273941
	  >> Total reads kept at species level (reads > threshold): 87225
	  >> Total reads discarded (species reads < threshold): 1352
	  >> Reads distributed: 168549
	  >> Reads not distributed (eg. no species above threshold): 205
	  >> Unclassified reads: 16610
BRACKEN OUTPUT PRODUCED: /scratch/prj/aef_forensic_metagenomics/zymobiomics_folder/processed_data/metagenomic/bracken/ZC3_S6.bracken
PROGRAM END TIME: 06-12-2025 23:01:53
  Bracken complete.
✅  Abundance estimated.

Generating Krona visualization...
Writing /scratch/prj/aef_forensic_metagenomics/zymobiomics_folder/results/runs/run_1206_2356/krona/ZC3_S6.krona.html...
✅  Krona plot generated.

Processing sample: ZC4_S7

Classifying metagenomic reads with Kraken2...
kraken2 --db "/scratch/prj/aef_forensic_metagenomics/data/databases/k2_standard_20250402" --threads 8 --report "/scratch/prj/aef_forensic_metagenomics/zymobiomics_folder/results/runs/run_1206_2356/reports/ZC4_S7.k2report" 		--report-minimizer-data --paired --minimum-hit-groups 1 		--classified-out "/scratch/prj/aef_forensic_metagenomics/zymobiomics_folder/processed_data/metagenomic/classified/ZC4_S7_classified#.fastq" --unclassified-out "/scratch/prj/aef_forensic_metagenomics/zymobiomics_folder/processed_data/metagenomic/unclassified/ZC4_S7_unclassified#.fastq" 		--output "/scratch/prj/aef_forensic_metagenomics/zymobiomics_folder/processed_data/metagenomic/kraken2/ZC4_S7.kraken2" --use-names "/scratch/prj/aef_forensic_metagenomics/zymobiomics_folder/processed_data/metagenomic/filtered_fastq/ZC4_S7_metagenomic.1" "/scratch/prj/aef_forensic_metagenomics/zymobiomics_folder/processed_data/metagenomic/filtered_fastq/ZC4_S7_metagenomic.2" 2>&1
Loading database information... done.
238874 sequences (35.00 Mbp) processed in 1.140s (12571.3 Kseq/m, 1842.09 Mbp/m).
  225424 sequences classified (94.37%)
  13450 sequences unclassified (5.63%)
✅  Classification complete.

Estimating species abundance with Bracken...
 >> Checking for Valid Options...
 >> Running Bracken 
      >> python src/est_abundance.py -i /scratch/prj/aef_forensic_metagenomics/zymobiomics_folder/results/runs/run_1206_2356/reports/ZC4_S7.k2report -o /scratch/prj/aef_forensic_metagenomics/zymobiomics_folder/processed_data/metagenomic/bracken/ZC4_S7.bracken -k /scratch/prj/aef_forensic_metagenomics/data/databases/k2_standard_20250402/database100mers.kmer_distrib -l S -t 40
>> Checking report file: /scratch/prj/aef_forensic_metagenomics/zymobiomics_folder/results/runs/run_1206_2356/reports/ZC4_S7.k2report
PROGRAM START TIME: 06-12-2025 23:02:35
BRACKEN SUMMARY (Kraken report: /scratch/prj/aef_forensic_metagenomics/zymobiomics_folder/results/runs/run_1206_2356/reports/ZC4_S7.k2report)
    >>> Threshold: 40 
    >>> Number of species in sample: 508 
	  >> Number of species with reads > threshold: 15 
	  >> Number of species with reads < threshold: 493 
    >>> Total reads in sample: 238874
	  >> Total reads kept at species level (reads > threshold): 74952
	  >> Total reads discarded (species reads < threshold): 1213
	  >> Reads distributed: 149080
	  >> Reads not distributed (eg. no species above threshold): 179
	  >> Unclassified reads: 13450
BRACKEN OUTPUT PRODUCED: /scratch/prj/aef_forensic_metagenomics/zymobiomics_folder/processed_data/metagenomic/bracken/ZC4_S7.bracken
PROGRAM END TIME: 06-12-2025 23:02:35
  Bracken complete.
✅  Abundance estimated.

Generating Krona visualization...
Writing /scratch/prj/aef_forensic_metagenomics/zymobiomics_folder/results/runs/run_1206_2356/krona/ZC4_S7.krona.html...
✅  Krona plot generated.

Processing sample: ZP1_S20

Classifying metagenomic reads with Kraken2...
kraken2 --db "/scratch/prj/aef_forensic_metagenomics/data/databases/k2_standard_20250402" --threads 8 --report "/scratch/prj/aef_forensic_metagenomics/zymobiomics_folder/results/runs/run_1206_2356/reports/ZP1_S20.k2report" 		--report-minimizer-data --paired --minimum-hit-groups 1 		--classified-out "/scratch/prj/aef_forensic_metagenomics/zymobiomics_folder/processed_data/metagenomic/classified/ZP1_S20_classified#.fastq" --unclassified-out "/scratch/prj/aef_forensic_metagenomics/zymobiomics_folder/processed_data/metagenomic/unclassified/ZP1_S20_unclassified#.fastq" 		--output "/scratch/prj/aef_forensic_metagenomics/zymobiomics_folder/processed_data/metagenomic/kraken2/ZP1_S20.kraken2" --use-names "/scratch/prj/aef_forensic_metagenomics/zymobiomics_folder/processed_data/metagenomic/filtered_fastq/ZP1_S20_metagenomic.1" "/scratch/prj/aef_forensic_metagenomics/zymobiomics_folder/processed_data/metagenomic/filtered_fastq/ZP1_S20_metagenomic.2" 2>&1
Loading database information... done.
299531 sequences (46.78 Mbp) processed in 1.633s (11002.6 Kseq/m, 1718.52 Mbp/m).
  287388 sequences classified (95.95%)
  12143 sequences unclassified (4.05%)
✅  Classification complete.

Estimating species abundance with Bracken...
 >> Checking for Valid Options...
 >> Running Bracken 
      >> python src/est_abundance.py -i /scratch/prj/aef_forensic_metagenomics/zymobiomics_folder/results/runs/run_1206_2356/reports/ZP1_S20.k2report -o /scratch/prj/aef_forensic_metagenomics/zymobiomics_folder/processed_data/metagenomic/bracken/ZP1_S20.bracken -k /scratch/prj/aef_forensic_metagenomics/data/databases/k2_standard_20250402/database100mers.kmer_distrib -l S -t 40
>> Checking report file: /scratch/prj/aef_forensic_metagenomics/zymobiomics_folder/results/runs/run_1206_2356/reports/ZP1_S20.k2report
PROGRAM START TIME: 06-12-2025 23:03:49
BRACKEN SUMMARY (Kraken report: /scratch/prj/aef_forensic_metagenomics/zymobiomics_folder/results/runs/run_1206_2356/reports/ZP1_S20.k2report)
    >>> Threshold: 40 
    >>> Number of species in sample: 571 
	  >> Number of species with reads > threshold: 19 
	  >> Number of species with reads < threshold: 552 
    >>> Total reads in sample: 299531
	  >> Total reads kept at species level (reads > threshold): 96717
	  >> Total reads discarded (species reads < threshold): 1410
	  >> Reads distributed: 189073
	  >> Reads not distributed (eg. no species above threshold): 188
	  >> Unclassified reads: 12143
BRACKEN OUTPUT PRODUCED: /scratch/prj/aef_forensic_metagenomics/zymobiomics_folder/processed_data/metagenomic/bracken/ZP1_S20.bracken
PROGRAM END TIME: 06-12-2025 23:03:49
  Bracken complete.
✅  Abundance estimated.

Generating Krona visualization...
Writing /scratch/prj/aef_forensic_metagenomics/zymobiomics_folder/results/runs/run_1206_2356/krona/ZP1_S20.krona.html...
✅  Krona plot generated.

Processing sample: ZP2_S21

Classifying metagenomic reads with Kraken2...
kraken2 --db "/scratch/prj/aef_forensic_metagenomics/data/databases/k2_standard_20250402" --threads 8 --report "/scratch/prj/aef_forensic_metagenomics/zymobiomics_folder/results/runs/run_1206_2356/reports/ZP2_S21.k2report" 		--report-minimizer-data --paired --minimum-hit-groups 1 		--classified-out "/scratch/prj/aef_forensic_metagenomics/zymobiomics_folder/processed_data/metagenomic/classified/ZP2_S21_classified#.fastq" --unclassified-out "/scratch/prj/aef_forensic_metagenomics/zymobiomics_folder/processed_data/metagenomic/unclassified/ZP2_S21_unclassified#.fastq" 		--output "/scratch/prj/aef_forensic_metagenomics/zymobiomics_folder/processed_data/metagenomic/kraken2/ZP2_S21.kraken2" --use-names "/scratch/prj/aef_forensic_metagenomics/zymobiomics_folder/processed_data/metagenomic/filtered_fastq/ZP2_S21_metagenomic.1" "/scratch/prj/aef_forensic_metagenomics/zymobiomics_folder/processed_data/metagenomic/filtered_fastq/ZP2_S21_metagenomic.2" 2>&1
Loading database information... done.
293442 sequences (42.99 Mbp) processed in 1.372s (12831.2 Kseq/m, 1879.85 Mbp/m).
  281262 sequences classified (95.85%)
  12180 sequences unclassified (4.15%)
✅  Classification complete.

Estimating species abundance with Bracken...
 >> Checking for Valid Options...
 >> Running Bracken 
      >> python src/est_abundance.py -i /scratch/prj/aef_forensic_metagenomics/zymobiomics_folder/results/runs/run_1206_2356/reports/ZP2_S21.k2report -o /scratch/prj/aef_forensic_metagenomics/zymobiomics_folder/processed_data/metagenomic/bracken/ZP2_S21.bracken -k /scratch/prj/aef_forensic_metagenomics/data/databases/k2_standard_20250402/database100mers.kmer_distrib -l S -t 40
>> Checking report file: /scratch/prj/aef_forensic_metagenomics/zymobiomics_folder/results/runs/run_1206_2356/reports/ZP2_S21.k2report
PROGRAM START TIME: 06-12-2025 23:04:33
BRACKEN SUMMARY (Kraken report: /scratch/prj/aef_forensic_metagenomics/zymobiomics_folder/results/runs/run_1206_2356/reports/ZP2_S21.k2report)
    >>> Threshold: 40 
    >>> Number of species in sample: 578 
	  >> Number of species with reads > threshold: 20 
	  >> Number of species with reads < threshold: 558 
    >>> Total reads in sample: 293442
	  >> Total reads kept at species level (reads > threshold): 92520
	  >> Total reads discarded (species reads < threshold): 1324
	  >> Reads distributed: 187209
	  >> Reads not distributed (eg. no species above threshold): 209
	  >> Unclassified reads: 12180
BRACKEN OUTPUT PRODUCED: /scratch/prj/aef_forensic_metagenomics/zymobiomics_folder/processed_data/metagenomic/bracken/ZP2_S21.bracken
PROGRAM END TIME: 06-12-2025 23:04:33
  Bracken complete.
✅  Abundance estimated.

Generating Krona visualization...
Writing /scratch/prj/aef_forensic_metagenomics/zymobiomics_folder/results/runs/run_1206_2356/krona/ZP2_S21.krona.html...
✅  Krona plot generated.

Processing sample: ZP3_S22

Classifying metagenomic reads with Kraken2...
kraken2 --db "/scratch/prj/aef_forensic_metagenomics/data/databases/k2_standard_20250402" --threads 8 --report "/scratch/prj/aef_forensic_metagenomics/zymobiomics_folder/results/runs/run_1206_2356/reports/ZP3_S22.k2report" 		--report-minimizer-data --paired --minimum-hit-groups 1 		--classified-out "/scratch/prj/aef_forensic_metagenomics/zymobiomics_folder/processed_data/metagenomic/classified/ZP3_S22_classified#.fastq" --unclassified-out "/scratch/prj/aef_forensic_metagenomics/zymobiomics_folder/processed_data/metagenomic/unclassified/ZP3_S22_unclassified#.fastq" 		--output "/scratch/prj/aef_forensic_metagenomics/zymobiomics_folder/processed_data/metagenomic/kraken2/ZP3_S22.kraken2" --use-names "/scratch/prj/aef_forensic_metagenomics/zymobiomics_folder/processed_data/metagenomic/filtered_fastq/ZP3_S22_metagenomic.1" "/scratch/prj/aef_forensic_metagenomics/zymobiomics_folder/processed_data/metagenomic/filtered_fastq/ZP3_S22_metagenomic.2" 2>&1
Loading database information... done.
326854 sequences (47.05 Mbp) processed in 1.416s (13853.4 Kseq/m, 1994.09 Mbp/m).
  313498 sequences classified (95.91%)
  13356 sequences unclassified (4.09%)
✅  Classification complete.

Estimating species abundance with Bracken...
 >> Checking for Valid Options...
 >> Running Bracken 
      >> python src/est_abundance.py -i /scratch/prj/aef_forensic_metagenomics/zymobiomics_folder/results/runs/run_1206_2356/reports/ZP3_S22.k2report -o /scratch/prj/aef_forensic_metagenomics/zymobiomics_folder/processed_data/metagenomic/bracken/ZP3_S22.bracken -k /scratch/prj/aef_forensic_metagenomics/data/databases/k2_standard_20250402/database100mers.kmer_distrib -l S -t 40
>> Checking report file: /scratch/prj/aef_forensic_metagenomics/zymobiomics_folder/results/runs/run_1206_2356/reports/ZP3_S22.k2report
PROGRAM START TIME: 06-12-2025 23:05:20
BRACKEN SUMMARY (Kraken report: /scratch/prj/aef_forensic_metagenomics/zymobiomics_folder/results/runs/run_1206_2356/reports/ZP3_S22.k2report)
    >>> Threshold: 40 
    >>> Number of species in sample: 546 
	  >> Number of species with reads > threshold: 18 
	  >> Number of species with reads < threshold: 528 
    >>> Total reads in sample: 326854
	  >> Total reads kept at species level (reads > threshold): 101901
	  >> Total reads discarded (species reads < threshold): 1373
	  >> Reads distributed: 210019
	  >> Reads not distributed (eg. no species above threshold): 205
	  >> Unclassified reads: 13356
BRACKEN OUTPUT PRODUCED: /scratch/prj/aef_forensic_metagenomics/zymobiomics_folder/processed_data/metagenomic/bracken/ZP3_S22.bracken
PROGRAM END TIME: 06-12-2025 23:05:21
  Bracken complete.
✅  Abundance estimated.

Generating Krona visualization...
Writing /scratch/prj/aef_forensic_metagenomics/zymobiomics_folder/results/runs/run_1206_2356/krona/ZP3_S22.krona.html...
✅  Krona plot generated.

Metagenomic classification completed in: 00:09:01

Calculating read length statistics...
ZC1_S4_metagenomic.1: mean = 90.3, median = 78.0
ZC2_S5_metagenomic.1: mean = 71.7, median = 63.0
ZC3_S6_metagenomic.1: mean = 78.4, median = 67.0
ZC4_S7_metagenomic.1: mean = 73.4, median = 62.0
ZP1_S20_metagenomic.1: mean = 78.2, median = 69.0
ZP2_S21_metagenomic.1: mean = 73.4, median = 64.0
ZP3_S22_metagenomic.1: mean = 72.0, median = 62.0
ZC1_S4_metagenomic.2: mean = 89.5, median = 78.0
ZC2_S5_metagenomic.2: mean = 71.7, median = 63.0
ZC3_S6_metagenomic.2: mean = 78.1, median = 67.0
ZC4_S7_metagenomic.2: mean = 73.2, median = 62.0
ZP1_S20_metagenomic.2: mean = 78.0, median = 69.0
ZP2_S21_metagenomic.2: mean = 73.1, median = 64.0
ZP3_S22_metagenomic.2: mean = 72.0, median = 63.0
ZC1_S4_classified_1.fastq: mean = 90.6, median = 79.0
ZC1_S4_classified_2.fastq: mean = 89.8, median = 79.0
ZC2_S5_classified_1.fastq: mean = 72.0, median = 63.0
ZC2_S5_classified_2.fastq: mean = 71.9, median = 63.0
ZC3_S6_classified_1.fastq: mean = 78.8, median = 68.0
ZC3_S6_classified_2.fastq: mean = 78.6, median = 68.0
ZC4_S7_classified_1.fastq: mean = 73.7, median = 62.0
ZC4_S7_classified_2.fastq: mean = 73.5, median = 62.0
ZP1_S20_classified_1.fastq: mean = 78.4, median = 69.0
ZP1_S20_classified_2.fastq: mean = 78.2, median = 69.0
ZP2_S21_classified_1.fastq: mean = 73.6, median = 64.0
ZP2_S21_classified_2.fastq: mean = 73.3, median = 64.0
ZP3_S22_classified_1.fastq: mean = 72.2, median = 63.0
ZP3_S22_classified_2.fastq: mean = 72.2, median = 63.0
ZC1_S4_unclassified_1.fastq: mean = 84.7, median = 72.0
ZC1_S4_unclassified_2.fastq: mean = 84.2, median = 72.0
ZC2_S5_unclassified_1.fastq: mean = 67.2, median = 58.0
ZC2_S5_unclassified_2.fastq: mean = 67.2, median = 58.0
ZC3_S6_unclassified_1.fastq: mean = 71.4, median = 61.0
ZC3_S6_unclassified_2.fastq: mean = 71.3, median = 61.0
ZC4_S7_unclassified_1.fastq: mean = 68.1, median = 57.0
ZC4_S7_unclassified_2.fastq: mean = 68.0, median = 57.0
ZP1_S20_unclassified_1.fastq: mean = 73.0, median = 64.0
ZP1_S20_unclassified_2.fastq: mean = 72.9, median = 64.0
ZP2_S21_unclassified_1.fastq: mean = 68.4, median = 59.0
ZP2_S21_unclassified_2.fastq: mean = 68.2, median = 58.5
ZP3_S22_unclassified_1.fastq: mean = 66.6, median = 57.0
ZP3_S22_unclassified_2.fastq: mean = 66.6, median = 57.0
✅ Statistics generated.

Combining Bracken reports...
✅ Bracken reports combined.

Copying SLURM job logs...
✅ SLURM job logs copied.

================================================= COMPARISON TO GROUND TRUTH =================================================

================================================= METAGENOMIC DIVERSITY ANALYSIS =================================================
Calculating alpha and beta diversity...
✅ Alpha diversity calculated.
✅ Beta diversity heatmap generated.
✅  Diversity analysis completed successfully.

✅  Pipeline completed successfully.

Copying final SLURM job logs
