
================================================= ARGUMENT PARSING & VALIDATION =================================================

⚠️  Trimming and host DNA removal are optional but must be done once; if skipped, ensure trimmed and filtered files exist in the correct directories.\n
===== Pipeline Configuration Summary =====
Raw FASTQ directory path: /scratch/prj/aef_forensic_metagenomics/exposure_folder/raw_data
Kraken2/Bracken Database: /scratch/prj/aef_forensic_metagenomics/data/databases/k2_standard_16gb_20250402
Ground Truth: Not provided ❌
Quality Control & Trimming: Disabled ❌
Host DNA Removal: Disabled ❌

================================================= CONDA ENVIRONMENT ACTIVATION ==================================================

✅ 'metagenomics' environment activated successfully.

====================================================== PROJECT STRUCTURE ======================================================

/scratch/prj/aef_forensic_metagenomics/exposure_folder
├── processed_data
│   ├── human
│   │   ├── aligned_sam
│   │   ├── bed_files
│   │   └── sorted_bam
│   ├── metagenomic
│   │   ├── bracken
│   │   ├── classified
│   │   ├── filtered_fastq
│   │   ├── kraken2
│   │   └── unclassified
│   └── trimmed
│       ├── paired
│       └── unpaired
├── raw_data
└── results
    ├── fastqc
    │   ├── post_trimming
    │   └── pre_trimming
    ├── host_dna_analysis
    └── runs
        ├── run_1506_1837
        ├── run_1506_1852
        ├── run_1506_1902
        ├── run_1506_1911
        ├── run_1506_1920
        ├── run_1506_1929
        ├── run_1506_1937
        ├── run_1506_1947
        ├── run_1506_1956
        ├── run_1506_2004
        ├── run_1506_2012
        ├── run_1506_2019
        ├── run_1506_2029
        ├── run_1506_2037
        ├── run_1506_2045
        ├── run_1506_2053
        ├── run_1506_2102
        ├── run_1506_2112
        ├── run_1506_2120
        ├── run_1506_2129
        ├── run_1506_2138
        ├── run_1506_2146
        ├── run_1506_2157
        ├── run_1506_2207
        ├── run_1506_2218
        ├── run_1506_2228
        ├── run_1506_2238
        ├── run_1506_2249
        ├── run_1506_2258
        ├── run_1506_2310
        ├── run_1506_2319
        ├── run_1506_2332
        ├── run_1506_2342
        ├── run_1506_2352
        ├── run_1606_0005
        ├── run_1606_0017
        ├── run_1606_0028
        ├── run_1606_0038
        ├── run_1606_0049
        ├── run_1606_0101
        ├── run_1606_0111
        ├── run_1606_0121
        ├── run_1606_0130
        ├── run_1606_0138
        ├── run_1606_0146
        ├── run_1606_0154
        ├── run_1606_0203
        ├── run_1606_0211
        ├── run_1606_0219
        ├── run_1606_0227
        ├── run_1606_0237
        ├── run_1606_0245
        ├── run_1606_0255
        ├── run_1606_0304
        ├── run_1606_0313
        ├── run_1606_0321
        ├── run_1606_0328
        ├── run_1606_0337
        ├── run_1606_0346
        ├── run_1606_0354
        ├── run_1606_0402
        ├── run_1606_0411
        ├── run_1606_0457
        ├── run_1606_0531
        ├── run_1606_0621
        ├── run_1606_0656
        ├── run_1606_0746
        ├── run_1606_0820
        ├── run_1606_0917
        ├── run_1606_1004
        ├── run_1606_1039
        ├── run_1606_1132
        ├── run_1606_1221
        ├── run_1606_1312
        ├── run_1606_1346
        ├── run_1606_1421
        ├── run_1606_1526
        ├── run_1606_1607
        ├── run_1606_1643
        ├── run_1606_1718
        ├── run_1606_1756
        └── run_1606_1834

103 directories
Human DNA-related files (SAM, BAM, and BED) in the 'human' directory are created once per sub-project and remain unchanged across runs.
Intermediate metagenomic files in the 'metagenomic' directory are overwritten with each run and should be inspected beforehand if desired.
Results are stored in the 'results' directory (including FastQC, host DNA analysis, and run-specific results like Kraken2 and Bracken).

================================================= METAGENOMIC ABUNDANCE ESTIMATION =================================================
⚠️  This step assumes reads have already been trimmed with Trimmomatic and host DNA removed with Bowtie2. Processed reads must be in the correct directory.

Processing sample: D1RP_S9

Classifying metagenomic reads with Kraken2...
kraken2 --db "/scratch/prj/aef_forensic_metagenomics/data/databases/k2_standard_16gb_20250402" --threads 8 --report "/scratch/prj/aef_forensic_metagenomics/exposure_folder/results/runs/run_1606_1834/reports/D1RP_S9.k2report" 		--report-minimizer-data --paired --minimum-hit-groups 1 		--classified-out "/scratch/prj/aef_forensic_metagenomics/exposure_folder/processed_data/metagenomic/classified/D1RP_S9_classified#.fastq" --unclassified-out "/scratch/prj/aef_forensic_metagenomics/exposure_folder/processed_data/metagenomic/unclassified/D1RP_S9_unclassified#.fastq" 		--output "/scratch/prj/aef_forensic_metagenomics/exposure_folder/processed_data/metagenomic/kraken2/D1RP_S9.kraken2" --use-names "/scratch/prj/aef_forensic_metagenomics/exposure_folder/processed_data/metagenomic/filtered_fastq/D1RP_S9_metagenomic.1" "/scratch/prj/aef_forensic_metagenomics/exposure_folder/processed_data/metagenomic/filtered_fastq/D1RP_S9_metagenomic.2" 2>&1
Loading database information... done.
124006 sequences (32.63 Mbp) processed in 0.558s (13322.5 Kseq/m, 3505.71 Mbp/m).
  21053 sequences classified (16.98%)
  102953 sequences unclassified (83.02%)
✅  Classification complete.

Estimating species abundance with Bracken...
 >> Checking for Valid Options...
 >> Running Bracken 
      >> python src/est_abundance.py -i /scratch/prj/aef_forensic_metagenomics/exposure_folder/results/runs/run_1606_1834/reports/D1RP_S9.k2report -o /scratch/prj/aef_forensic_metagenomics/exposure_folder/processed_data/metagenomic/bracken/D1RP_S9.bracken -k /scratch/prj/aef_forensic_metagenomics/data/databases/k2_standard_16gb_20250402/database100mers.kmer_distrib -l S -t 0
>> Checking report file: /scratch/prj/aef_forensic_metagenomics/exposure_folder/results/runs/run_1606_1834/reports/D1RP_S9.k2report
PROGRAM START TIME: 06-16-2025 17:35:52
BRACKEN SUMMARY (Kraken report: /scratch/prj/aef_forensic_metagenomics/exposure_folder/results/runs/run_1606_1834/reports/D1RP_S9.k2report)
    >>> Threshold: 0 
    >>> Number of species in sample: 399 
	  >> Number of species with reads > threshold: 399 
	  >> Number of species with reads < threshold: 0 
    >>> Total reads in sample: 124006
	  >> Total reads kept at species level (reads > threshold): 18670
	  >> Total reads discarded (species reads < threshold): 0
	  >> Reads distributed: 2317
	  >> Reads not distributed (eg. no species above threshold): 66
	  >> Unclassified reads: 102953
BRACKEN OUTPUT PRODUCED: /scratch/prj/aef_forensic_metagenomics/exposure_folder/processed_data/metagenomic/bracken/D1RP_S9.bracken
PROGRAM END TIME: 06-16-2025 17:35:53
  Bracken complete.
✅  Abundance estimated.

Generating Krona visualization...
Writing /scratch/prj/aef_forensic_metagenomics/exposure_folder/results/runs/run_1606_1834/krona/D1RP_S9.krona.html...
✅  Krona plot generated.

Processing sample: D1SG_S1

Classifying metagenomic reads with Kraken2...
kraken2 --db "/scratch/prj/aef_forensic_metagenomics/data/databases/k2_standard_16gb_20250402" --threads 8 --report "/scratch/prj/aef_forensic_metagenomics/exposure_folder/results/runs/run_1606_1834/reports/D1SG_S1.k2report" 		--report-minimizer-data --paired --minimum-hit-groups 1 		--classified-out "/scratch/prj/aef_forensic_metagenomics/exposure_folder/processed_data/metagenomic/classified/D1SG_S1_classified#.fastq" --unclassified-out "/scratch/prj/aef_forensic_metagenomics/exposure_folder/processed_data/metagenomic/unclassified/D1SG_S1_unclassified#.fastq" 		--output "/scratch/prj/aef_forensic_metagenomics/exposure_folder/processed_data/metagenomic/kraken2/D1SG_S1.kraken2" --use-names "/scratch/prj/aef_forensic_metagenomics/exposure_folder/processed_data/metagenomic/filtered_fastq/D1SG_S1_metagenomic.1" "/scratch/prj/aef_forensic_metagenomics/exposure_folder/processed_data/metagenomic/filtered_fastq/D1SG_S1_metagenomic.2" 2>&1
Loading database information... done.
155364 sequences (39.82 Mbp) processed in 0.640s (14572.4 Kseq/m, 3734.71 Mbp/m).
  32894 sequences classified (21.17%)
  122470 sequences unclassified (78.83%)
✅  Classification complete.

Estimating species abundance with Bracken...
 >> Checking for Valid Options...
 >> Running Bracken 
      >> python src/est_abundance.py -i /scratch/prj/aef_forensic_metagenomics/exposure_folder/results/runs/run_1606_1834/reports/D1SG_S1.k2report -o /scratch/prj/aef_forensic_metagenomics/exposure_folder/processed_data/metagenomic/bracken/D1SG_S1.bracken -k /scratch/prj/aef_forensic_metagenomics/data/databases/k2_standard_16gb_20250402/database100mers.kmer_distrib -l S -t 0
>> Checking report file: /scratch/prj/aef_forensic_metagenomics/exposure_folder/results/runs/run_1606_1834/reports/D1SG_S1.k2report
PROGRAM START TIME: 06-16-2025 17:36:02
BRACKEN SUMMARY (Kraken report: /scratch/prj/aef_forensic_metagenomics/exposure_folder/results/runs/run_1606_1834/reports/D1SG_S1.k2report)
    >>> Threshold: 0 
    >>> Number of species in sample: 4435 
	  >> Number of species with reads > threshold: 4435 
	  >> Number of species with reads < threshold: 0 
    >>> Total reads in sample: 155364
	  >> Total reads kept at species level (reads > threshold): 22921
	  >> Total reads discarded (species reads < threshold): 0
	  >> Reads distributed: 9848
	  >> Reads not distributed (eg. no species above threshold): 125
	  >> Unclassified reads: 122470
BRACKEN OUTPUT PRODUCED: /scratch/prj/aef_forensic_metagenomics/exposure_folder/processed_data/metagenomic/bracken/D1SG_S1.bracken
PROGRAM END TIME: 06-16-2025 17:36:02
  Bracken complete.
✅  Abundance estimated.

Generating Krona visualization...
Writing /scratch/prj/aef_forensic_metagenomics/exposure_folder/results/runs/run_1606_1834/krona/D1SG_S1.krona.html...
✅  Krona plot generated.

Processing sample: D2RP_S10

Classifying metagenomic reads with Kraken2...
kraken2 --db "/scratch/prj/aef_forensic_metagenomics/data/databases/k2_standard_16gb_20250402" --threads 8 --report "/scratch/prj/aef_forensic_metagenomics/exposure_folder/results/runs/run_1606_1834/reports/D2RP_S10.k2report" 		--report-minimizer-data --paired --minimum-hit-groups 1 		--classified-out "/scratch/prj/aef_forensic_metagenomics/exposure_folder/processed_data/metagenomic/classified/D2RP_S10_classified#.fastq" --unclassified-out "/scratch/prj/aef_forensic_metagenomics/exposure_folder/processed_data/metagenomic/unclassified/D2RP_S10_unclassified#.fastq" 		--output "/scratch/prj/aef_forensic_metagenomics/exposure_folder/processed_data/metagenomic/kraken2/D2RP_S10.kraken2" --use-names "/scratch/prj/aef_forensic_metagenomics/exposure_folder/processed_data/metagenomic/filtered_fastq/D2RP_S10_metagenomic.1" "/scratch/prj/aef_forensic_metagenomics/exposure_folder/processed_data/metagenomic/filtered_fastq/D2RP_S10_metagenomic.2" 2>&1
Loading database information... done.
122720 sequences (31.55 Mbp) processed in 0.520s (14158.0 Kseq/m, 3639.46 Mbp/m).
  98650 sequences classified (80.39%)
  24070 sequences unclassified (19.61%)
✅  Classification complete.

Estimating species abundance with Bracken...
 >> Checking for Valid Options...
 >> Running Bracken 
      >> python src/est_abundance.py -i /scratch/prj/aef_forensic_metagenomics/exposure_folder/results/runs/run_1606_1834/reports/D2RP_S10.k2report -o /scratch/prj/aef_forensic_metagenomics/exposure_folder/processed_data/metagenomic/bracken/D2RP_S10.bracken -k /scratch/prj/aef_forensic_metagenomics/data/databases/k2_standard_16gb_20250402/database100mers.kmer_distrib -l S -t 0
>> Checking report file: /scratch/prj/aef_forensic_metagenomics/exposure_folder/results/runs/run_1606_1834/reports/D2RP_S10.k2report
PROGRAM START TIME: 06-16-2025 17:36:12
BRACKEN SUMMARY (Kraken report: /scratch/prj/aef_forensic_metagenomics/exposure_folder/results/runs/run_1606_1834/reports/D2RP_S10.k2report)
    >>> Threshold: 0 
    >>> Number of species in sample: 42 
	  >> Number of species with reads > threshold: 42 
	  >> Number of species with reads < threshold: 0 
    >>> Total reads in sample: 122720
	  >> Total reads kept at species level (reads > threshold): 95344
	  >> Total reads discarded (species reads < threshold): 0
	  >> Reads distributed: 3287
	  >> Reads not distributed (eg. no species above threshold): 19
	  >> Unclassified reads: 24070
BRACKEN OUTPUT PRODUCED: /scratch/prj/aef_forensic_metagenomics/exposure_folder/processed_data/metagenomic/bracken/D2RP_S10.bracken
PROGRAM END TIME: 06-16-2025 17:36:12
  Bracken complete.
✅  Abundance estimated.

Generating Krona visualization...
Writing /scratch/prj/aef_forensic_metagenomics/exposure_folder/results/runs/run_1606_1834/krona/D2RP_S10.krona.html...
✅  Krona plot generated.

Processing sample: D2SG_S2

Classifying metagenomic reads with Kraken2...
kraken2 --db "/scratch/prj/aef_forensic_metagenomics/data/databases/k2_standard_16gb_20250402" --threads 8 --report "/scratch/prj/aef_forensic_metagenomics/exposure_folder/results/runs/run_1606_1834/reports/D2SG_S2.k2report" 		--report-minimizer-data --paired --minimum-hit-groups 1 		--classified-out "/scratch/prj/aef_forensic_metagenomics/exposure_folder/processed_data/metagenomic/classified/D2SG_S2_classified#.fastq" --unclassified-out "/scratch/prj/aef_forensic_metagenomics/exposure_folder/processed_data/metagenomic/unclassified/D2SG_S2_unclassified#.fastq" 		--output "/scratch/prj/aef_forensic_metagenomics/exposure_folder/processed_data/metagenomic/kraken2/D2SG_S2.kraken2" --use-names "/scratch/prj/aef_forensic_metagenomics/exposure_folder/processed_data/metagenomic/filtered_fastq/D2SG_S2_metagenomic.1" "/scratch/prj/aef_forensic_metagenomics/exposure_folder/processed_data/metagenomic/filtered_fastq/D2SG_S2_metagenomic.2" 2>&1
Loading database information... done.
27649 sequences (6.00 Mbp) processed in 0.213s (7800.4 Kseq/m, 1692.52 Mbp/m).
  21035 sequences classified (76.08%)
  6614 sequences unclassified (23.92%)
✅  Classification complete.

Estimating species abundance with Bracken...
 >> Checking for Valid Options...
 >> Running Bracken 
      >> python src/est_abundance.py -i /scratch/prj/aef_forensic_metagenomics/exposure_folder/results/runs/run_1606_1834/reports/D2SG_S2.k2report -o /scratch/prj/aef_forensic_metagenomics/exposure_folder/processed_data/metagenomic/bracken/D2SG_S2.bracken -k /scratch/prj/aef_forensic_metagenomics/data/databases/k2_standard_16gb_20250402/database100mers.kmer_distrib -l S -t 0
>> Checking report file: /scratch/prj/aef_forensic_metagenomics/exposure_folder/results/runs/run_1606_1834/reports/D2SG_S2.k2report
PROGRAM START TIME: 06-16-2025 17:36:20
BRACKEN SUMMARY (Kraken report: /scratch/prj/aef_forensic_metagenomics/exposure_folder/results/runs/run_1606_1834/reports/D2SG_S2.k2report)
    >>> Threshold: 0 
    >>> Number of species in sample: 361 
	  >> Number of species with reads > threshold: 361 
	  >> Number of species with reads < threshold: 0 
    >>> Total reads in sample: 27649
	  >> Total reads kept at species level (reads > threshold): 20057
	  >> Total reads discarded (species reads < threshold): 0
	  >> Reads distributed: 940
	  >> Reads not distributed (eg. no species above threshold): 38
	  >> Unclassified reads: 6614
BRACKEN OUTPUT PRODUCED: /scratch/prj/aef_forensic_metagenomics/exposure_folder/processed_data/metagenomic/bracken/D2SG_S2.bracken
PROGRAM END TIME: 06-16-2025 17:36:20
  Bracken complete.
✅  Abundance estimated.

Generating Krona visualization...
Writing /scratch/prj/aef_forensic_metagenomics/exposure_folder/results/runs/run_1606_1834/krona/D2SG_S2.krona.html...
✅  Krona plot generated.

Processing sample: L1RP_S13

Classifying metagenomic reads with Kraken2...
kraken2 --db "/scratch/prj/aef_forensic_metagenomics/data/databases/k2_standard_16gb_20250402" --threads 8 --report "/scratch/prj/aef_forensic_metagenomics/exposure_folder/results/runs/run_1606_1834/reports/L1RP_S13.k2report" 		--report-minimizer-data --paired --minimum-hit-groups 1 		--classified-out "/scratch/prj/aef_forensic_metagenomics/exposure_folder/processed_data/metagenomic/classified/L1RP_S13_classified#.fastq" --unclassified-out "/scratch/prj/aef_forensic_metagenomics/exposure_folder/processed_data/metagenomic/unclassified/L1RP_S13_unclassified#.fastq" 		--output "/scratch/prj/aef_forensic_metagenomics/exposure_folder/processed_data/metagenomic/kraken2/L1RP_S13.kraken2" --use-names "/scratch/prj/aef_forensic_metagenomics/exposure_folder/processed_data/metagenomic/filtered_fastq/L1RP_S13_metagenomic.1" "/scratch/prj/aef_forensic_metagenomics/exposure_folder/processed_data/metagenomic/filtered_fastq/L1RP_S13_metagenomic.2" 2>&1
Loading database information... done.
164179 sequences (42.32 Mbp) processed in 2.445s (4029.2 Kseq/m, 1038.63 Mbp/m).
  5151 sequences classified (3.14%)
  159028 sequences unclassified (96.86%)
✅  Classification complete.

Estimating species abundance with Bracken...
 >> Checking for Valid Options...
 >> Running Bracken 
      >> python src/est_abundance.py -i /scratch/prj/aef_forensic_metagenomics/exposure_folder/results/runs/run_1606_1834/reports/L1RP_S13.k2report -o /scratch/prj/aef_forensic_metagenomics/exposure_folder/processed_data/metagenomic/bracken/L1RP_S13.bracken -k /scratch/prj/aef_forensic_metagenomics/data/databases/k2_standard_16gb_20250402/database100mers.kmer_distrib -l S -t 0
>> Checking report file: /scratch/prj/aef_forensic_metagenomics/exposure_folder/results/runs/run_1606_1834/reports/L1RP_S13.k2report
PROGRAM START TIME: 06-16-2025 17:36:31
BRACKEN SUMMARY (Kraken report: /scratch/prj/aef_forensic_metagenomics/exposure_folder/results/runs/run_1606_1834/reports/L1RP_S13.k2report)
    >>> Threshold: 0 
    >>> Number of species in sample: 119 
	  >> Number of species with reads > threshold: 119 
	  >> Number of species with reads < threshold: 0 
    >>> Total reads in sample: 164179
	  >> Total reads kept at species level (reads > threshold): 4630
	  >> Total reads discarded (species reads < threshold): 0
	  >> Reads distributed: 495
	  >> Reads not distributed (eg. no species above threshold): 26
	  >> Unclassified reads: 159028
BRACKEN OUTPUT PRODUCED: /scratch/prj/aef_forensic_metagenomics/exposure_folder/processed_data/metagenomic/bracken/L1RP_S13.bracken
PROGRAM END TIME: 06-16-2025 17:36:31
  Bracken complete.
✅  Abundance estimated.

Generating Krona visualization...
Writing /scratch/prj/aef_forensic_metagenomics/exposure_folder/results/runs/run_1606_1834/krona/L1RP_S13.krona.html...
✅  Krona plot generated.

Processing sample: L1SG_S5

Classifying metagenomic reads with Kraken2...
kraken2 --db "/scratch/prj/aef_forensic_metagenomics/data/databases/k2_standard_16gb_20250402" --threads 8 --report "/scratch/prj/aef_forensic_metagenomics/exposure_folder/results/runs/run_1606_1834/reports/L1SG_S5.k2report" 		--report-minimizer-data --paired --minimum-hit-groups 1 		--classified-out "/scratch/prj/aef_forensic_metagenomics/exposure_folder/processed_data/metagenomic/classified/L1SG_S5_classified#.fastq" --unclassified-out "/scratch/prj/aef_forensic_metagenomics/exposure_folder/processed_data/metagenomic/unclassified/L1SG_S5_unclassified#.fastq" 		--output "/scratch/prj/aef_forensic_metagenomics/exposure_folder/processed_data/metagenomic/kraken2/L1SG_S5.kraken2" --use-names "/scratch/prj/aef_forensic_metagenomics/exposure_folder/processed_data/metagenomic/filtered_fastq/L1SG_S5_metagenomic.1" "/scratch/prj/aef_forensic_metagenomics/exposure_folder/processed_data/metagenomic/filtered_fastq/L1SG_S5_metagenomic.2" 2>&1
Loading database information... done.
46411 sequences (11.17 Mbp) processed in 0.231s (12057.9 Kseq/m, 2901.16 Mbp/m).
  3945 sequences classified (8.50%)
  42466 sequences unclassified (91.50%)
✅  Classification complete.

Estimating species abundance with Bracken...
 >> Checking for Valid Options...
 >> Running Bracken 
      >> python src/est_abundance.py -i /scratch/prj/aef_forensic_metagenomics/exposure_folder/results/runs/run_1606_1834/reports/L1SG_S5.k2report -o /scratch/prj/aef_forensic_metagenomics/exposure_folder/processed_data/metagenomic/bracken/L1SG_S5.bracken -k /scratch/prj/aef_forensic_metagenomics/data/databases/k2_standard_16gb_20250402/database100mers.kmer_distrib -l S -t 0
>> Checking report file: /scratch/prj/aef_forensic_metagenomics/exposure_folder/results/runs/run_1606_1834/reports/L1SG_S5.k2report
PROGRAM START TIME: 06-16-2025 17:36:40
BRACKEN SUMMARY (Kraken report: /scratch/prj/aef_forensic_metagenomics/exposure_folder/results/runs/run_1606_1834/reports/L1SG_S5.k2report)
    >>> Threshold: 0 
    >>> Number of species in sample: 1276 
	  >> Number of species with reads > threshold: 1276 
	  >> Number of species with reads < threshold: 0 
    >>> Total reads in sample: 46411
	  >> Total reads kept at species level (reads > threshold): 2602
	  >> Total reads discarded (species reads < threshold): 0
	  >> Reads distributed: 1283
	  >> Reads not distributed (eg. no species above threshold): 60
	  >> Unclassified reads: 42466
BRACKEN OUTPUT PRODUCED: /scratch/prj/aef_forensic_metagenomics/exposure_folder/processed_data/metagenomic/bracken/L1SG_S5.bracken
PROGRAM END TIME: 06-16-2025 17:36:40
  Bracken complete.
✅  Abundance estimated.

Generating Krona visualization...
Writing /scratch/prj/aef_forensic_metagenomics/exposure_folder/results/runs/run_1606_1834/krona/L1SG_S5.krona.html...
✅  Krona plot generated.

Processing sample: L2RP_S14

Classifying metagenomic reads with Kraken2...
kraken2 --db "/scratch/prj/aef_forensic_metagenomics/data/databases/k2_standard_16gb_20250402" --threads 8 --report "/scratch/prj/aef_forensic_metagenomics/exposure_folder/results/runs/run_1606_1834/reports/L2RP_S14.k2report" 		--report-minimizer-data --paired --minimum-hit-groups 1 		--classified-out "/scratch/prj/aef_forensic_metagenomics/exposure_folder/processed_data/metagenomic/classified/L2RP_S14_classified#.fastq" --unclassified-out "/scratch/prj/aef_forensic_metagenomics/exposure_folder/processed_data/metagenomic/unclassified/L2RP_S14_unclassified#.fastq" 		--output "/scratch/prj/aef_forensic_metagenomics/exposure_folder/processed_data/metagenomic/kraken2/L2RP_S14.kraken2" --use-names "/scratch/prj/aef_forensic_metagenomics/exposure_folder/processed_data/metagenomic/filtered_fastq/L2RP_S14_metagenomic.1" "/scratch/prj/aef_forensic_metagenomics/exposure_folder/processed_data/metagenomic/filtered_fastq/L2RP_S14_metagenomic.2" 2>&1
Loading database information... done.
129193 sequences (30.26 Mbp) processed in 0.473s (16398.2 Kseq/m, 3841.35 Mbp/m).
  30060 sequences classified (23.27%)
  99133 sequences unclassified (76.73%)
✅  Classification complete.

Estimating species abundance with Bracken...
 >> Checking for Valid Options...
 >> Running Bracken 
      >> python src/est_abundance.py -i /scratch/prj/aef_forensic_metagenomics/exposure_folder/results/runs/run_1606_1834/reports/L2RP_S14.k2report -o /scratch/prj/aef_forensic_metagenomics/exposure_folder/processed_data/metagenomic/bracken/L2RP_S14.bracken -k /scratch/prj/aef_forensic_metagenomics/data/databases/k2_standard_16gb_20250402/database100mers.kmer_distrib -l S -t 0
>> Checking report file: /scratch/prj/aef_forensic_metagenomics/exposure_folder/results/runs/run_1606_1834/reports/L2RP_S14.k2report
PROGRAM START TIME: 06-16-2025 17:36:49
BRACKEN SUMMARY (Kraken report: /scratch/prj/aef_forensic_metagenomics/exposure_folder/results/runs/run_1606_1834/reports/L2RP_S14.k2report)
    >>> Threshold: 0 
    >>> Number of species in sample: 30 
	  >> Number of species with reads > threshold: 30 
	  >> Number of species with reads < threshold: 0 
    >>> Total reads in sample: 129193
	  >> Total reads kept at species level (reads > threshold): 16206
	  >> Total reads discarded (species reads < threshold): 0
	  >> Reads distributed: 13846
	  >> Reads not distributed (eg. no species above threshold): 8
	  >> Unclassified reads: 99133
BRACKEN OUTPUT PRODUCED: /scratch/prj/aef_forensic_metagenomics/exposure_folder/processed_data/metagenomic/bracken/L2RP_S14.bracken
PROGRAM END TIME: 06-16-2025 17:36:49
  Bracken complete.
✅  Abundance estimated.

Generating Krona visualization...
Writing /scratch/prj/aef_forensic_metagenomics/exposure_folder/results/runs/run_1606_1834/krona/L2RP_S14.krona.html...
✅  Krona plot generated.

Processing sample: L2SG_S6

Classifying metagenomic reads with Kraken2...
kraken2 --db "/scratch/prj/aef_forensic_metagenomics/data/databases/k2_standard_16gb_20250402" --threads 8 --report "/scratch/prj/aef_forensic_metagenomics/exposure_folder/results/runs/run_1606_1834/reports/L2SG_S6.k2report" 		--report-minimizer-data --paired --minimum-hit-groups 1 		--classified-out "/scratch/prj/aef_forensic_metagenomics/exposure_folder/processed_data/metagenomic/classified/L2SG_S6_classified#.fastq" --unclassified-out "/scratch/prj/aef_forensic_metagenomics/exposure_folder/processed_data/metagenomic/unclassified/L2SG_S6_unclassified#.fastq" 		--output "/scratch/prj/aef_forensic_metagenomics/exposure_folder/processed_data/metagenomic/kraken2/L2SG_S6.kraken2" --use-names "/scratch/prj/aef_forensic_metagenomics/exposure_folder/processed_data/metagenomic/filtered_fastq/L2SG_S6_metagenomic.1" "/scratch/prj/aef_forensic_metagenomics/exposure_folder/processed_data/metagenomic/filtered_fastq/L2SG_S6_metagenomic.2" 2>&1
Loading database information... done.
10131 sequences (2.44 Mbp) processed in 0.164s (3706.6 Kseq/m, 893.38 Mbp/m).
  856 sequences classified (8.45%)
  9275 sequences unclassified (91.55%)
✅  Classification complete.

Estimating species abundance with Bracken...
 >> Checking for Valid Options...
 >> Running Bracken 
      >> python src/est_abundance.py -i /scratch/prj/aef_forensic_metagenomics/exposure_folder/results/runs/run_1606_1834/reports/L2SG_S6.k2report -o /scratch/prj/aef_forensic_metagenomics/exposure_folder/processed_data/metagenomic/bracken/L2SG_S6.bracken -k /scratch/prj/aef_forensic_metagenomics/data/databases/k2_standard_16gb_20250402/database100mers.kmer_distrib -l S -t 0
>> Checking report file: /scratch/prj/aef_forensic_metagenomics/exposure_folder/results/runs/run_1606_1834/reports/L2SG_S6.k2report
PROGRAM START TIME: 06-16-2025 17:36:58
BRACKEN SUMMARY (Kraken report: /scratch/prj/aef_forensic_metagenomics/exposure_folder/results/runs/run_1606_1834/reports/L2SG_S6.k2report)
    >>> Threshold: 0 
    >>> Number of species in sample: 143 
	  >> Number of species with reads > threshold: 143 
	  >> Number of species with reads < threshold: 0 
    >>> Total reads in sample: 10131
	  >> Total reads kept at species level (reads > threshold): 713
	  >> Total reads discarded (species reads < threshold): 0
	  >> Reads distributed: 120
	  >> Reads not distributed (eg. no species above threshold): 23
	  >> Unclassified reads: 9275
BRACKEN OUTPUT PRODUCED: /scratch/prj/aef_forensic_metagenomics/exposure_folder/processed_data/metagenomic/bracken/L2SG_S6.bracken
PROGRAM END TIME: 06-16-2025 17:36:58
  Bracken complete.
✅  Abundance estimated.

Generating Krona visualization...
Writing /scratch/prj/aef_forensic_metagenomics/exposure_folder/results/runs/run_1606_1834/krona/L2SG_S6.krona.html...
✅  Krona plot generated.

Processing sample: S1RP_S11

Classifying metagenomic reads with Kraken2...
kraken2 --db "/scratch/prj/aef_forensic_metagenomics/data/databases/k2_standard_16gb_20250402" --threads 8 --report "/scratch/prj/aef_forensic_metagenomics/exposure_folder/results/runs/run_1606_1834/reports/S1RP_S11.k2report" 		--report-minimizer-data --paired --minimum-hit-groups 1 		--classified-out "/scratch/prj/aef_forensic_metagenomics/exposure_folder/processed_data/metagenomic/classified/S1RP_S11_classified#.fastq" --unclassified-out "/scratch/prj/aef_forensic_metagenomics/exposure_folder/processed_data/metagenomic/unclassified/S1RP_S11_unclassified#.fastq" 		--output "/scratch/prj/aef_forensic_metagenomics/exposure_folder/processed_data/metagenomic/kraken2/S1RP_S11.kraken2" --use-names "/scratch/prj/aef_forensic_metagenomics/exposure_folder/processed_data/metagenomic/filtered_fastq/S1RP_S11_metagenomic.1" "/scratch/prj/aef_forensic_metagenomics/exposure_folder/processed_data/metagenomic/filtered_fastq/S1RP_S11_metagenomic.2" 2>&1
Loading database information... done.
133184 sequences (34.60 Mbp) processed in 0.624s (12804.8 Kseq/m, 3326.33 Mbp/m).
  2812 sequences classified (2.11%)
  130372 sequences unclassified (97.89%)
✅  Classification complete.

Estimating species abundance with Bracken...
 >> Checking for Valid Options...
 >> Running Bracken 
      >> python src/est_abundance.py -i /scratch/prj/aef_forensic_metagenomics/exposure_folder/results/runs/run_1606_1834/reports/S1RP_S11.k2report -o /scratch/prj/aef_forensic_metagenomics/exposure_folder/processed_data/metagenomic/bracken/S1RP_S11.bracken -k /scratch/prj/aef_forensic_metagenomics/data/databases/k2_standard_16gb_20250402/database100mers.kmer_distrib -l S -t 0
>> Checking report file: /scratch/prj/aef_forensic_metagenomics/exposure_folder/results/runs/run_1606_1834/reports/S1RP_S11.k2report
PROGRAM START TIME: 06-16-2025 17:37:07
BRACKEN SUMMARY (Kraken report: /scratch/prj/aef_forensic_metagenomics/exposure_folder/results/runs/run_1606_1834/reports/S1RP_S11.k2report)
    >>> Threshold: 0 
    >>> Number of species in sample: 41 
	  >> Number of species with reads > threshold: 41 
	  >> Number of species with reads < threshold: 0 
    >>> Total reads in sample: 133184
	  >> Total reads kept at species level (reads > threshold): 2641
	  >> Total reads discarded (species reads < threshold): 0
	  >> Reads distributed: 139
	  >> Reads not distributed (eg. no species above threshold): 32
	  >> Unclassified reads: 130372
BRACKEN OUTPUT PRODUCED: /scratch/prj/aef_forensic_metagenomics/exposure_folder/processed_data/metagenomic/bracken/S1RP_S11.bracken
PROGRAM END TIME: 06-16-2025 17:37:07
  Bracken complete.
✅  Abundance estimated.

Generating Krona visualization...
Writing /scratch/prj/aef_forensic_metagenomics/exposure_folder/results/runs/run_1606_1834/krona/S1RP_S11.krona.html...
✅  Krona plot generated.

Processing sample: S1SG_S3

Classifying metagenomic reads with Kraken2...
kraken2 --db "/scratch/prj/aef_forensic_metagenomics/data/databases/k2_standard_16gb_20250402" --threads 8 --report "/scratch/prj/aef_forensic_metagenomics/exposure_folder/results/runs/run_1606_1834/reports/S1SG_S3.k2report" 		--report-minimizer-data --paired --minimum-hit-groups 1 		--classified-out "/scratch/prj/aef_forensic_metagenomics/exposure_folder/processed_data/metagenomic/classified/S1SG_S3_classified#.fastq" --unclassified-out "/scratch/prj/aef_forensic_metagenomics/exposure_folder/processed_data/metagenomic/unclassified/S1SG_S3_unclassified#.fastq" 		--output "/scratch/prj/aef_forensic_metagenomics/exposure_folder/processed_data/metagenomic/kraken2/S1SG_S3.kraken2" --use-names "/scratch/prj/aef_forensic_metagenomics/exposure_folder/processed_data/metagenomic/filtered_fastq/S1SG_S3_metagenomic.1" "/scratch/prj/aef_forensic_metagenomics/exposure_folder/processed_data/metagenomic/filtered_fastq/S1SG_S3_metagenomic.2" 2>&1
Loading database information... done.
7003 sequences (1.59 Mbp) processed in 0.210s (1997.0 Kseq/m, 453.44 Mbp/m).
  1992 sequences classified (28.44%)
  5011 sequences unclassified (71.56%)
✅  Classification complete.

Estimating species abundance with Bracken...
 >> Checking for Valid Options...
 >> Running Bracken 
      >> python src/est_abundance.py -i /scratch/prj/aef_forensic_metagenomics/exposure_folder/results/runs/run_1606_1834/reports/S1SG_S3.k2report -o /scratch/prj/aef_forensic_metagenomics/exposure_folder/processed_data/metagenomic/bracken/S1SG_S3.bracken -k /scratch/prj/aef_forensic_metagenomics/data/databases/k2_standard_16gb_20250402/database100mers.kmer_distrib -l S -t 0
>> Checking report file: /scratch/prj/aef_forensic_metagenomics/exposure_folder/results/runs/run_1606_1834/reports/S1SG_S3.k2report
PROGRAM START TIME: 06-16-2025 17:37:16
BRACKEN SUMMARY (Kraken report: /scratch/prj/aef_forensic_metagenomics/exposure_folder/results/runs/run_1606_1834/reports/S1SG_S3.k2report)
    >>> Threshold: 0 
    >>> Number of species in sample: 449 
	  >> Number of species with reads > threshold: 449 
	  >> Number of species with reads < threshold: 0 
    >>> Total reads in sample: 7003
	  >> Total reads kept at species level (reads > threshold): 1499
	  >> Total reads discarded (species reads < threshold): 0
	  >> Reads distributed: 446
	  >> Reads not distributed (eg. no species above threshold): 47
	  >> Unclassified reads: 5011
BRACKEN OUTPUT PRODUCED: /scratch/prj/aef_forensic_metagenomics/exposure_folder/processed_data/metagenomic/bracken/S1SG_S3.bracken
PROGRAM END TIME: 06-16-2025 17:37:16
  Bracken complete.
✅  Abundance estimated.

Generating Krona visualization...
Writing /scratch/prj/aef_forensic_metagenomics/exposure_folder/results/runs/run_1606_1834/krona/S1SG_S3.krona.html...
✅  Krona plot generated.

Processing sample: S2RP_S12

Classifying metagenomic reads with Kraken2...
kraken2 --db "/scratch/prj/aef_forensic_metagenomics/data/databases/k2_standard_16gb_20250402" --threads 8 --report "/scratch/prj/aef_forensic_metagenomics/exposure_folder/results/runs/run_1606_1834/reports/S2RP_S12.k2report" 		--report-minimizer-data --paired --minimum-hit-groups 1 		--classified-out "/scratch/prj/aef_forensic_metagenomics/exposure_folder/processed_data/metagenomic/classified/S2RP_S12_classified#.fastq" --unclassified-out "/scratch/prj/aef_forensic_metagenomics/exposure_folder/processed_data/metagenomic/unclassified/S2RP_S12_unclassified#.fastq" 		--output "/scratch/prj/aef_forensic_metagenomics/exposure_folder/processed_data/metagenomic/kraken2/S2RP_S12.kraken2" --use-names "/scratch/prj/aef_forensic_metagenomics/exposure_folder/processed_data/metagenomic/filtered_fastq/S2RP_S12_metagenomic.1" "/scratch/prj/aef_forensic_metagenomics/exposure_folder/processed_data/metagenomic/filtered_fastq/S2RP_S12_metagenomic.2" 2>&1
Loading database information... done.
236239 sequences (46.91 Mbp) processed in 0.747s (18969.4 Kseq/m, 3766.98 Mbp/m).
  142461 sequences classified (60.30%)
  93778 sequences unclassified (39.70%)
✅  Classification complete.

Estimating species abundance with Bracken...
 >> Checking for Valid Options...
 >> Running Bracken 
      >> python src/est_abundance.py -i /scratch/prj/aef_forensic_metagenomics/exposure_folder/results/runs/run_1606_1834/reports/S2RP_S12.k2report -o /scratch/prj/aef_forensic_metagenomics/exposure_folder/processed_data/metagenomic/bracken/S2RP_S12.bracken -k /scratch/prj/aef_forensic_metagenomics/data/databases/k2_standard_16gb_20250402/database100mers.kmer_distrib -l S -t 0
>> Checking report file: /scratch/prj/aef_forensic_metagenomics/exposure_folder/results/runs/run_1606_1834/reports/S2RP_S12.k2report
PROGRAM START TIME: 06-16-2025 17:37:25
BRACKEN SUMMARY (Kraken report: /scratch/prj/aef_forensic_metagenomics/exposure_folder/results/runs/run_1606_1834/reports/S2RP_S12.k2report)
    >>> Threshold: 0 
    >>> Number of species in sample: 99 
	  >> Number of species with reads > threshold: 99 
	  >> Number of species with reads < threshold: 0 
    >>> Total reads in sample: 236239
	  >> Total reads kept at species level (reads > threshold): 121877
	  >> Total reads discarded (species reads < threshold): 0
	  >> Reads distributed: 20558
	  >> Reads not distributed (eg. no species above threshold): 26
	  >> Unclassified reads: 93778
BRACKEN OUTPUT PRODUCED: /scratch/prj/aef_forensic_metagenomics/exposure_folder/processed_data/metagenomic/bracken/S2RP_S12.bracken
PROGRAM END TIME: 06-16-2025 17:37:25
  Bracken complete.
✅  Abundance estimated.

Generating Krona visualization...
Writing /scratch/prj/aef_forensic_metagenomics/exposure_folder/results/runs/run_1606_1834/krona/S2RP_S12.krona.html...
✅  Krona plot generated.

Processing sample: S2SG_S4

Classifying metagenomic reads with Kraken2...
kraken2 --db "/scratch/prj/aef_forensic_metagenomics/data/databases/k2_standard_16gb_20250402" --threads 8 --report "/scratch/prj/aef_forensic_metagenomics/exposure_folder/results/runs/run_1606_1834/reports/S2SG_S4.k2report" 		--report-minimizer-data --paired --minimum-hit-groups 1 		--classified-out "/scratch/prj/aef_forensic_metagenomics/exposure_folder/processed_data/metagenomic/classified/S2SG_S4_classified#.fastq" --unclassified-out "/scratch/prj/aef_forensic_metagenomics/exposure_folder/processed_data/metagenomic/unclassified/S2SG_S4_unclassified#.fastq" 		--output "/scratch/prj/aef_forensic_metagenomics/exposure_folder/processed_data/metagenomic/kraken2/S2SG_S4.kraken2" --use-names "/scratch/prj/aef_forensic_metagenomics/exposure_folder/processed_data/metagenomic/filtered_fastq/S2SG_S4_metagenomic.1" "/scratch/prj/aef_forensic_metagenomics/exposure_folder/processed_data/metagenomic/filtered_fastq/S2SG_S4_metagenomic.2" 2>&1
Loading database information... done.
5794 sequences (1.33 Mbp) processed in 0.135s (2581.1 Kseq/m, 594.07 Mbp/m).
  3399 sequences classified (58.66%)
  2395 sequences unclassified (41.34%)
✅  Classification complete.

Estimating species abundance with Bracken...
 >> Checking for Valid Options...
 >> Running Bracken 
      >> python src/est_abundance.py -i /scratch/prj/aef_forensic_metagenomics/exposure_folder/results/runs/run_1606_1834/reports/S2SG_S4.k2report -o /scratch/prj/aef_forensic_metagenomics/exposure_folder/processed_data/metagenomic/bracken/S2SG_S4.bracken -k /scratch/prj/aef_forensic_metagenomics/data/databases/k2_standard_16gb_20250402/database100mers.kmer_distrib -l S -t 0
>> Checking report file: /scratch/prj/aef_forensic_metagenomics/exposure_folder/results/runs/run_1606_1834/reports/S2SG_S4.k2report
PROGRAM START TIME: 06-16-2025 17:37:34
BRACKEN SUMMARY (Kraken report: /scratch/prj/aef_forensic_metagenomics/exposure_folder/results/runs/run_1606_1834/reports/S2SG_S4.k2report)
    >>> Threshold: 0 
    >>> Number of species in sample: 256 
	  >> Number of species with reads > threshold: 256 
	  >> Number of species with reads < threshold: 0 
    >>> Total reads in sample: 5794
	  >> Total reads kept at species level (reads > threshold): 2516
	  >> Total reads discarded (species reads < threshold): 0
	  >> Reads distributed: 866
	  >> Reads not distributed (eg. no species above threshold): 17
	  >> Unclassified reads: 2395
BRACKEN OUTPUT PRODUCED: /scratch/prj/aef_forensic_metagenomics/exposure_folder/processed_data/metagenomic/bracken/S2SG_S4.bracken
PROGRAM END TIME: 06-16-2025 17:37:34
  Bracken complete.
✅  Abundance estimated.

Generating Krona visualization...
Writing /scratch/prj/aef_forensic_metagenomics/exposure_folder/results/runs/run_1606_1834/krona/S2SG_S4.krona.html...
✅  Krona plot generated.

Metagenomic classification completed in: 00:02:44

Calculating read length statistics...
D1RP_S9_metagenomic.1: mean = 132.8, median = 138.0
D1SG_S1_metagenomic.1: mean = 129.0, median = 130.0
D2RP_S10_metagenomic.1: mean = 129.6, median = 132.0
D2SG_S2_metagenomic.1: mean = 108.7, median = 102.0
L1RP_S13_metagenomic.1: mean = 129.4, median = 132.0
L1SG_S5_metagenomic.1: mean = 120.8, median = 116.0
L2RP_S14_metagenomic.1: mean = 117.3, median = 108.0
L2SG_S6_metagenomic.1: mean = 120.7, median = 116.0
S1RP_S11_metagenomic.1: mean = 130.7, median = 135.0
S1SG_S3_metagenomic.1: mean = 114.0, median = 107.0
S2RP_S12_metagenomic.1: mean = 99.5, median = 84.0
S2SG_S4_metagenomic.1: mean = 115.5, median = 107.0
D1RP_S9_metagenomic.2: mean = 130.4, median = 133.0
D1SG_S1_metagenomic.2: mean = 127.3, median = 128.0
D2RP_S10_metagenomic.2: mean = 127.5, median = 129.0
D2SG_S2_metagenomic.2: mean = 108.3, median = 101.0
L1RP_S13_metagenomic.2: mean = 128.3, median = 130.0
L1SG_S5_metagenomic.2: mean = 119.8, median = 115.0
L2RP_S14_metagenomic.2: mean = 116.9, median = 107.0
L2SG_S6_metagenomic.2: mean = 120.3, median = 116.0
S1RP_S11_metagenomic.2: mean = 129.1, median = 132.0
S1SG_S3_metagenomic.2: mean = 113.0, median = 107.0
S2RP_S12_metagenomic.2: mean = 99.1, median = 84.0
S2SG_S4_metagenomic.2: mean = 114.7, median = 107.0
D1RP_S9_classified_1.fastq: mean = 144.6, median = 159.0
D1RP_S9_classified_2.fastq: mean = 142.3, median = 153.0
D1SG_S1_classified_1.fastq: mean = 143.7, median = 154.0
D1SG_S1_classified_2.fastq: mean = 141.5, median = 150.0
D2RP_S10_classified_1.fastq: mean = 137.8, median = 145.0
D2RP_S10_classified_2.fastq: mean = 135.5, median = 141.0
D2SG_S2_classified_1.fastq: mean = 113.4, median = 109.0
D2SG_S2_classified_2.fastq: mean = 113.0, median = 108.0
L1RP_S13_classified_1.fastq: mean = 139.2, median = 147.0
L1RP_S13_classified_2.fastq: mean = 137.6, median = 145.0
L1SG_S5_classified_1.fastq: mean = 137.2, median = 140.0
L1SG_S5_classified_2.fastq: mean = 135.3, median = 137.0
L2RP_S14_classified_1.fastq: mean = 127.2, median = 124.0
L2RP_S14_classified_2.fastq: mean = 126.8, median = 123.0
L2SG_S6_classified_1.fastq: mean = 118.5, median = 115.0
L2SG_S6_classified_2.fastq: mean = 118.0, median = 114.0
S1RP_S11_classified_1.fastq: mean = 163.3, median = 194.0
S1RP_S11_classified_2.fastq: mean = 160.0, median = 192.0
S1SG_S3_classified_1.fastq: mean = 125.7, median = 123.0
S1SG_S3_classified_2.fastq: mean = 124.4, median = 122.0
S2RP_S12_classified_1.fastq: mean = 114.2, median = 103.0
S2RP_S12_classified_2.fastq: mean = 113.7, median = 103.0
S2SG_S4_classified_1.fastq: mean = 129.8, median = 127.0
S2SG_S4_classified_2.fastq: mean = 128.8, median = 126.0
D1RP_S9_unclassified_1.fastq: mean = 130.4, median = 134.0
D1RP_S9_unclassified_2.fastq: mean = 127.9, median = 129.0
D1SG_S1_unclassified_1.fastq: mean = 125.0, median = 123.0
D1SG_S1_unclassified_2.fastq: mean = 123.5, median = 121.0
D2RP_S10_unclassified_1.fastq: mean = 95.9, median = 69.0
D2RP_S10_unclassified_2.fastq: mean = 94.6, median = 68.0
D2SG_S2_unclassified_1.fastq: mean = 93.7, median = 74.0
D2SG_S2_unclassified_2.fastq: mean = 93.3, median = 74.0
L1RP_S13_unclassified_1.fastq: mean = 129.1, median = 131.0
L1RP_S13_unclassified_2.fastq: mean = 128.0, median = 129.0
L1SG_S5_unclassified_1.fastq: mean = 119.3, median = 113.0
L1SG_S5_unclassified_2.fastq: mean = 118.3, median = 112.0
L2RP_S14_unclassified_1.fastq: mean = 114.3, median = 103.0
L2RP_S14_unclassified_2.fastq: mean = 113.9, median = 102.0
L2SG_S6_unclassified_1.fastq: mean = 120.9, median = 116.0
L2SG_S6_unclassified_2.fastq: mean = 120.5, median = 116.0
S1RP_S11_unclassified_1.fastq: mean = 130.0, median = 134.0
S1RP_S11_unclassified_2.fastq: mean = 128.4, median = 130.0
S1SG_S3_unclassified_1.fastq: mean = 109.4, median = 100.0
S1SG_S3_unclassified_2.fastq: mean = 108.5, median = 99.0
S2RP_S12_unclassified_1.fastq: mean = 77.2, median = 61.0
S2RP_S12_unclassified_2.fastq: mean = 76.8, median = 61.0
S2SG_S4_unclassified_1.fastq: mean = 95.2, median = 77.0
S2SG_S4_unclassified_2.fastq: mean = 94.6, median = 77.0
✅ Statistics generated.

Combining Bracken reports...
✅ Bracken reports combined.

Copying SLURM job logs...
✅ SLURM job logs copied.

================================================= COMPARISON TO GROUND TRUTH =================================================

================================================= METAGENOMIC DIVERSITY ANALYSIS =================================================
Calculating alpha and beta diversity...
✅ Alpha diversity calculated.
✅ Beta diversity heatmap generated.
✅  Diversity analysis completed successfully.

✅  Pipeline completed successfully.

Copying final SLURM job logs
