
================================================= ARGUMENT PARSING & VALIDATION =================================================

⚠️  Trimming and host DNA removal are optional but must be done once; if skipped, ensure trimmed and filtered files exist in the correct directories.\n
===== Pipeline Configuration Summary =====
Raw FASTQ directory path: /scratch/users/k24087895/final_project/zymobiomics_folder/raw_data
Kraken2/Bracken Database: /scratch/users/k24087895/final_project/data/databases/k2_pluspfp_16gb_20250402
Ground Truth: /scratch/users/k24087895/final_project/zymobiomics_folder/raw_data/ground_truth.csv ✅
Quality Control & Trimming: Disabled ❌
Host DNA Removal: Disabled ❌

================================================= CONDA ENVIRONMENT ACTIVATION ==================================================

✅ 'metagenomics' environment activated successfully.

====================================================== PROJECT STRUCTURE ======================================================

/scratch/users/k24087895/final_project/zymobiomics_folder
├── processed_data
│   ├── human
│   │   ├── aligned_sam
│   │   ├── bed_files
│   │   └── sorted_bam
│   ├── metagenomic
│   │   ├── bracken
│   │   ├── classified
│   │   ├── filtered_fastq
│   │   ├── kraken2
│   │   └── unclassified
│   └── trimmed
│       ├── paired
│       └── unpaired
├── raw_data
└── results
    ├── fastqc
    │   ├── post_trimming
    │   └── pre_trimming
    ├── host_dna_analysis
    └── runs
        ├── run_2005_1637
        ├── run_2005_1655
        ├── run_2005_1658
        ├── run_2005_1706
        ├── run_2005_1730
        ├── run_2005_1744
        ├── run_2105_1617
        ├── run_2105_1632
        ├── run_2105_1640
        ├── run_2105_1653
        ├── run_2105_1700
        ├── run_2105_1708
        ├── run_2105_1713
        ├── run_2105_1722
        ├── run_2205_1556
        ├── run_2205_1603
        ├── run_2205_1608
        ├── run_2205_1648
        ├── run_2205_1702
        ├── run_2205_1708
        ├── run_2205_1718
        ├── run_2205_1725
        ├── run_2305_1437
        ├── run_2305_1444
        ├── run_2305_1459
        ├── run_2305_1505
        ├── run_2305_1511
        ├── run_2305_1526
        ├── run_2305_1536
        ├── run_2305_1550
        ├── run_2305_1554
        ├── run_2305_1611
        ├── run_2505_2018
        ├── run_2705_1328
        ├── run_2705_1329
        ├── run_2705_1331
        ├── run_2705_1332
        ├── run_2705_1340
        ├── run_2705_1405
        ├── run_2705_1605
        ├── run_2705_1631
        ├── run_2705_1633
        ├── run_2705_1659
        ├── run_2705_1708
        ├── run_2705_1719
        └── run_2705_1731

67 directories
Human DNA-related files (SAM, BAM, and BED) in the 'human' directory are created once per sub-project and remain unchanged across runs.
Intermediate metagenomic files in the 'metagenomic' directory are overwritten with each run and should be inspected beforehand if desired.
Results are stored in the 'results' directory (including FastQC, host DNA analysis, and run-specific results like Kraken2 and Bracken).

================================================= METAGENOMIC ABUNDANCE ESTIMATION =================================================
⚠️  This step assumes reads have already been trimmed with Trimmomatic and host DNA removed with Bowtie2. Processed reads must be in the correct directory.

Processing sample: ZC1_S4

Classifying metagenomic reads with Kraken2...
kraken2 --db "/scratch/users/k24087895/final_project/data/databases/k2_pluspfp_16gb_20250402" --threads 8 --report "/scratch/users/k24087895/final_project/zymobiomics_folder/results/runs/run_2705_1731/reports/ZC1_S4.k2report" 		--report-minimizer-data --paired --minimum-hit-groups 10 		--classified-out "/scratch/users/k24087895/final_project/zymobiomics_folder/processed_data/metagenomic/classified/ZC1_S4_classified#.fastq" --unclassified-out "/scratch/users/k24087895/final_project/zymobiomics_folder/processed_data/metagenomic/unclassified/ZC1_S4_unclassified#.fastq" 		--output "/scratch/users/k24087895/final_project/zymobiomics_folder/processed_data/metagenomic/kraken2/ZC1_S4.kraken2" --use-names "/scratch/users/k24087895/final_project/zymobiomics_folder/processed_data/metagenomic/filtered_fastq/ZC1_S4_metagenomic.1" "/scratch/users/k24087895/final_project/zymobiomics_folder/processed_data/metagenomic/filtered_fastq/ZC1_S4_metagenomic.2" 2>&1
Loading database information... done.
287710 sequences (51.71 Mbp) processed in 1.422s (12136.1 Kseq/m, 2181.25 Mbp/m).
  10194 sequences classified (3.54%)
  277516 sequences unclassified (96.46%)
✅  Classification complete.

Estimating species abundance with Bracken...
 >> Checking for Valid Options...
 >> Running Bracken 
      >> python src/est_abundance.py -i /scratch/users/k24087895/final_project/zymobiomics_folder/results/runs/run_2705_1731/reports/ZC1_S4.k2report -o /scratch/users/k24087895/final_project/zymobiomics_folder/processed_data/metagenomic/bracken/ZC1_S4.bracken -k /scratch/users/k24087895/final_project/data/databases/k2_pluspfp_16gb_20250402/database100mers.kmer_distrib -l S -t 0
>> Checking report file: /scratch/users/k24087895/final_project/zymobiomics_folder/results/runs/run_2705_1731/reports/ZC1_S4.k2report
PROGRAM START TIME: 05-27-2025 16:31:47
BRACKEN SUMMARY (Kraken report: /scratch/users/k24087895/final_project/zymobiomics_folder/results/runs/run_2705_1731/reports/ZC1_S4.k2report)
    >>> Threshold: 0 
    >>> Number of species in sample: 37 
	  >> Number of species with reads > threshold: 37 
	  >> Number of species with reads < threshold: 0 
    >>> Total reads in sample: 287710
	  >> Total reads kept at species level (reads > threshold): 3835
	  >> Total reads discarded (species reads < threshold): 0
	  >> Reads distributed: 6354
	  >> Reads not distributed (eg. no species above threshold): 5
	  >> Unclassified reads: 277516
BRACKEN OUTPUT PRODUCED: /scratch/users/k24087895/final_project/zymobiomics_folder/processed_data/metagenomic/bracken/ZC1_S4.bracken
PROGRAM END TIME: 05-27-2025 16:31:47
  Bracken complete.
✅  Abundance estimated.

Generating Krona visualization...
Writing /scratch/users/k24087895/final_project/zymobiomics_folder/results/runs/run_2705_1731/krona/ZC1_S4.krona.html...
✅  Krona plot generated.

Processing sample: ZC2_S5

Classifying metagenomic reads with Kraken2...
kraken2 --db "/scratch/users/k24087895/final_project/data/databases/k2_pluspfp_16gb_20250402" --threads 8 --report "/scratch/users/k24087895/final_project/zymobiomics_folder/results/runs/run_2705_1731/reports/ZC2_S5.k2report" 		--report-minimizer-data --paired --minimum-hit-groups 10 		--classified-out "/scratch/users/k24087895/final_project/zymobiomics_folder/processed_data/metagenomic/classified/ZC2_S5_classified#.fastq" --unclassified-out "/scratch/users/k24087895/final_project/zymobiomics_folder/processed_data/metagenomic/unclassified/ZC2_S5_unclassified#.fastq" 		--output "/scratch/users/k24087895/final_project/zymobiomics_folder/processed_data/metagenomic/kraken2/ZC2_S5.kraken2" --use-names "/scratch/users/k24087895/final_project/zymobiomics_folder/processed_data/metagenomic/filtered_fastq/ZC2_S5_metagenomic.1" "/scratch/users/k24087895/final_project/zymobiomics_folder/processed_data/metagenomic/filtered_fastq/ZC2_S5_metagenomic.2" 2>&1
Loading database information... done.
267582 sequences (38.37 Mbp) processed in 1.000s (16056.3 Kseq/m, 2302.24 Mbp/m).
  3403 sequences classified (1.27%)
  264179 sequences unclassified (98.73%)
✅  Classification complete.

Estimating species abundance with Bracken...
 >> Checking for Valid Options...
 >> Running Bracken 
      >> python src/est_abundance.py -i /scratch/users/k24087895/final_project/zymobiomics_folder/results/runs/run_2705_1731/reports/ZC2_S5.k2report -o /scratch/users/k24087895/final_project/zymobiomics_folder/processed_data/metagenomic/bracken/ZC2_S5.bracken -k /scratch/users/k24087895/final_project/data/databases/k2_pluspfp_16gb_20250402/database100mers.kmer_distrib -l S -t 0
>> Checking report file: /scratch/users/k24087895/final_project/zymobiomics_folder/results/runs/run_2705_1731/reports/ZC2_S5.k2report
PROGRAM START TIME: 05-27-2025 16:31:57
BRACKEN SUMMARY (Kraken report: /scratch/users/k24087895/final_project/zymobiomics_folder/results/runs/run_2705_1731/reports/ZC2_S5.k2report)
    >>> Threshold: 0 
    >>> Number of species in sample: 24 
	  >> Number of species with reads > threshold: 24 
	  >> Number of species with reads < threshold: 0 
    >>> Total reads in sample: 267582
	  >> Total reads kept at species level (reads > threshold): 1251
	  >> Total reads discarded (species reads < threshold): 0
	  >> Reads distributed: 2151
	  >> Reads not distributed (eg. no species above threshold): 1
	  >> Unclassified reads: 264179
BRACKEN OUTPUT PRODUCED: /scratch/users/k24087895/final_project/zymobiomics_folder/processed_data/metagenomic/bracken/ZC2_S5.bracken
PROGRAM END TIME: 05-27-2025 16:31:58
  Bracken complete.
✅  Abundance estimated.

Generating Krona visualization...
Writing /scratch/users/k24087895/final_project/zymobiomics_folder/results/runs/run_2705_1731/krona/ZC2_S5.krona.html...
✅  Krona plot generated.

Processing sample: ZC3_S6

Classifying metagenomic reads with Kraken2...
kraken2 --db "/scratch/users/k24087895/final_project/data/databases/k2_pluspfp_16gb_20250402" --threads 8 --report "/scratch/users/k24087895/final_project/zymobiomics_folder/results/runs/run_2705_1731/reports/ZC3_S6.k2report" 		--report-minimizer-data --paired --minimum-hit-groups 10 		--classified-out "/scratch/users/k24087895/final_project/zymobiomics_folder/processed_data/metagenomic/classified/ZC3_S6_classified#.fastq" --unclassified-out "/scratch/users/k24087895/final_project/zymobiomics_folder/processed_data/metagenomic/unclassified/ZC3_S6_unclassified#.fastq" 		--output "/scratch/users/k24087895/final_project/zymobiomics_folder/processed_data/metagenomic/kraken2/ZC3_S6.kraken2" --use-names "/scratch/users/k24087895/final_project/zymobiomics_folder/processed_data/metagenomic/filtered_fastq/ZC3_S6_metagenomic.1" "/scratch/users/k24087895/final_project/zymobiomics_folder/processed_data/metagenomic/filtered_fastq/ZC3_S6_metagenomic.2" 2>&1
Loading database information... done.
273941 sequences (42.88 Mbp) processed in 1.035s (15885.8 Kseq/m, 2486.34 Mbp/m).
  5274 sequences classified (1.93%)
  268667 sequences unclassified (98.07%)
✅  Classification complete.

Estimating species abundance with Bracken...
 >> Checking for Valid Options...
 >> Running Bracken 
      >> python src/est_abundance.py -i /scratch/users/k24087895/final_project/zymobiomics_folder/results/runs/run_2705_1731/reports/ZC3_S6.k2report -o /scratch/users/k24087895/final_project/zymobiomics_folder/processed_data/metagenomic/bracken/ZC3_S6.bracken -k /scratch/users/k24087895/final_project/data/databases/k2_pluspfp_16gb_20250402/database100mers.kmer_distrib -l S -t 0
>> Checking report file: /scratch/users/k24087895/final_project/zymobiomics_folder/results/runs/run_2705_1731/reports/ZC3_S6.k2report
PROGRAM START TIME: 05-27-2025 16:32:08
BRACKEN SUMMARY (Kraken report: /scratch/users/k24087895/final_project/zymobiomics_folder/results/runs/run_2705_1731/reports/ZC3_S6.k2report)
    >>> Threshold: 0 
    >>> Number of species in sample: 29 
	  >> Number of species with reads > threshold: 29 
	  >> Number of species with reads < threshold: 0 
    >>> Total reads in sample: 273941
	  >> Total reads kept at species level (reads > threshold): 2097
	  >> Total reads discarded (species reads < threshold): 0
	  >> Reads distributed: 3177
	  >> Reads not distributed (eg. no species above threshold): 0
	  >> Unclassified reads: 268667
BRACKEN OUTPUT PRODUCED: /scratch/users/k24087895/final_project/zymobiomics_folder/processed_data/metagenomic/bracken/ZC3_S6.bracken
PROGRAM END TIME: 05-27-2025 16:32:08
  Bracken complete.
✅  Abundance estimated.

Generating Krona visualization...
Writing /scratch/users/k24087895/final_project/zymobiomics_folder/results/runs/run_2705_1731/krona/ZC3_S6.krona.html...
✅  Krona plot generated.

Processing sample: ZC4_S7

Classifying metagenomic reads with Kraken2...
kraken2 --db "/scratch/users/k24087895/final_project/data/databases/k2_pluspfp_16gb_20250402" --threads 8 --report "/scratch/users/k24087895/final_project/zymobiomics_folder/results/runs/run_2705_1731/reports/ZC4_S7.k2report" 		--report-minimizer-data --paired --minimum-hit-groups 10 		--classified-out "/scratch/users/k24087895/final_project/zymobiomics_folder/processed_data/metagenomic/classified/ZC4_S7_classified#.fastq" --unclassified-out "/scratch/users/k24087895/final_project/zymobiomics_folder/processed_data/metagenomic/unclassified/ZC4_S7_unclassified#.fastq" 		--output "/scratch/users/k24087895/final_project/zymobiomics_folder/processed_data/metagenomic/kraken2/ZC4_S7.kraken2" --use-names "/scratch/users/k24087895/final_project/zymobiomics_folder/processed_data/metagenomic/filtered_fastq/ZC4_S7_metagenomic.1" "/scratch/users/k24087895/final_project/zymobiomics_folder/processed_data/metagenomic/filtered_fastq/ZC4_S7_metagenomic.2" 2>&1
Loading database information... done.
238874 sequences (35.00 Mbp) processed in 1.124s (12753.9 Kseq/m, 1868.84 Mbp/m).
  4146 sequences classified (1.74%)
  234728 sequences unclassified (98.26%)
✅  Classification complete.

Estimating species abundance with Bracken...
 >> Checking for Valid Options...
 >> Running Bracken 
      >> python src/est_abundance.py -i /scratch/users/k24087895/final_project/zymobiomics_folder/results/runs/run_2705_1731/reports/ZC4_S7.k2report -o /scratch/users/k24087895/final_project/zymobiomics_folder/processed_data/metagenomic/bracken/ZC4_S7.bracken -k /scratch/users/k24087895/final_project/data/databases/k2_pluspfp_16gb_20250402/database100mers.kmer_distrib -l S -t 0
>> Checking report file: /scratch/users/k24087895/final_project/zymobiomics_folder/results/runs/run_2705_1731/reports/ZC4_S7.k2report
PROGRAM START TIME: 05-27-2025 16:32:19
BRACKEN SUMMARY (Kraken report: /scratch/users/k24087895/final_project/zymobiomics_folder/results/runs/run_2705_1731/reports/ZC4_S7.k2report)
    >>> Threshold: 0 
    >>> Number of species in sample: 26 
	  >> Number of species with reads > threshold: 26 
	  >> Number of species with reads < threshold: 0 
    >>> Total reads in sample: 238874
	  >> Total reads kept at species level (reads > threshold): 1630
	  >> Total reads discarded (species reads < threshold): 0
	  >> Reads distributed: 2515
	  >> Reads not distributed (eg. no species above threshold): 1
	  >> Unclassified reads: 234728
BRACKEN OUTPUT PRODUCED: /scratch/users/k24087895/final_project/zymobiomics_folder/processed_data/metagenomic/bracken/ZC4_S7.bracken
PROGRAM END TIME: 05-27-2025 16:32:19
  Bracken complete.
✅  Abundance estimated.

Generating Krona visualization...
Writing /scratch/users/k24087895/final_project/zymobiomics_folder/results/runs/run_2705_1731/krona/ZC4_S7.krona.html...
✅  Krona plot generated.

Processing sample: ZP1_S20

Classifying metagenomic reads with Kraken2...
kraken2 --db "/scratch/users/k24087895/final_project/data/databases/k2_pluspfp_16gb_20250402" --threads 8 --report "/scratch/users/k24087895/final_project/zymobiomics_folder/results/runs/run_2705_1731/reports/ZP1_S20.k2report" 		--report-minimizer-data --paired --minimum-hit-groups 10 		--classified-out "/scratch/users/k24087895/final_project/zymobiomics_folder/processed_data/metagenomic/classified/ZP1_S20_classified#.fastq" --unclassified-out "/scratch/users/k24087895/final_project/zymobiomics_folder/processed_data/metagenomic/unclassified/ZP1_S20_unclassified#.fastq" 		--output "/scratch/users/k24087895/final_project/zymobiomics_folder/processed_data/metagenomic/kraken2/ZP1_S20.kraken2" --use-names "/scratch/users/k24087895/final_project/zymobiomics_folder/processed_data/metagenomic/filtered_fastq/ZP1_S20_metagenomic.1" "/scratch/users/k24087895/final_project/zymobiomics_folder/processed_data/metagenomic/filtered_fastq/ZP1_S20_metagenomic.2" 2>&1
Loading database information... done.
299531 sequences (46.78 Mbp) processed in 1.371s (13110.8 Kseq/m, 2047.80 Mbp/m).
  5568 sequences classified (1.86%)
  293963 sequences unclassified (98.14%)
✅  Classification complete.

Estimating species abundance with Bracken...
 >> Checking for Valid Options...
 >> Running Bracken 
      >> python src/est_abundance.py -i /scratch/users/k24087895/final_project/zymobiomics_folder/results/runs/run_2705_1731/reports/ZP1_S20.k2report -o /scratch/users/k24087895/final_project/zymobiomics_folder/processed_data/metagenomic/bracken/ZP1_S20.bracken -k /scratch/users/k24087895/final_project/data/databases/k2_pluspfp_16gb_20250402/database100mers.kmer_distrib -l S -t 0
>> Checking report file: /scratch/users/k24087895/final_project/zymobiomics_folder/results/runs/run_2705_1731/reports/ZP1_S20.k2report
PROGRAM START TIME: 05-27-2025 16:32:30
BRACKEN SUMMARY (Kraken report: /scratch/users/k24087895/final_project/zymobiomics_folder/results/runs/run_2705_1731/reports/ZP1_S20.k2report)
    >>> Threshold: 0 
    >>> Number of species in sample: 22 
	  >> Number of species with reads > threshold: 22 
	  >> Number of species with reads < threshold: 0 
    >>> Total reads in sample: 299531
	  >> Total reads kept at species level (reads > threshold): 2055
	  >> Total reads discarded (species reads < threshold): 0
	  >> Reads distributed: 3511
	  >> Reads not distributed (eg. no species above threshold): 2
	  >> Unclassified reads: 293963
BRACKEN OUTPUT PRODUCED: /scratch/users/k24087895/final_project/zymobiomics_folder/processed_data/metagenomic/bracken/ZP1_S20.bracken
PROGRAM END TIME: 05-27-2025 16:32:30
  Bracken complete.
✅  Abundance estimated.

Generating Krona visualization...
Writing /scratch/users/k24087895/final_project/zymobiomics_folder/results/runs/run_2705_1731/krona/ZP1_S20.krona.html...
✅  Krona plot generated.

Processing sample: ZP2_S21

Classifying metagenomic reads with Kraken2...
kraken2 --db "/scratch/users/k24087895/final_project/data/databases/k2_pluspfp_16gb_20250402" --threads 8 --report "/scratch/users/k24087895/final_project/zymobiomics_folder/results/runs/run_2705_1731/reports/ZP2_S21.k2report" 		--report-minimizer-data --paired --minimum-hit-groups 10 		--classified-out "/scratch/users/k24087895/final_project/zymobiomics_folder/processed_data/metagenomic/classified/ZP2_S21_classified#.fastq" --unclassified-out "/scratch/users/k24087895/final_project/zymobiomics_folder/processed_data/metagenomic/unclassified/ZP2_S21_unclassified#.fastq" 		--output "/scratch/users/k24087895/final_project/zymobiomics_folder/processed_data/metagenomic/kraken2/ZP2_S21.kraken2" --use-names "/scratch/users/k24087895/final_project/zymobiomics_folder/processed_data/metagenomic/filtered_fastq/ZP2_S21_metagenomic.1" "/scratch/users/k24087895/final_project/zymobiomics_folder/processed_data/metagenomic/filtered_fastq/ZP2_S21_metagenomic.2" 2>&1
Loading database information... done.
293442 sequences (42.99 Mbp) processed in 1.124s (15659.8 Kseq/m, 2294.25 Mbp/m).
  4226 sequences classified (1.44%)
  289216 sequences unclassified (98.56%)
✅  Classification complete.

Estimating species abundance with Bracken...
 >> Checking for Valid Options...
 >> Running Bracken 
      >> python src/est_abundance.py -i /scratch/users/k24087895/final_project/zymobiomics_folder/results/runs/run_2705_1731/reports/ZP2_S21.k2report -o /scratch/users/k24087895/final_project/zymobiomics_folder/processed_data/metagenomic/bracken/ZP2_S21.bracken -k /scratch/users/k24087895/final_project/data/databases/k2_pluspfp_16gb_20250402/database100mers.kmer_distrib -l S -t 0
>> Checking report file: /scratch/users/k24087895/final_project/zymobiomics_folder/results/runs/run_2705_1731/reports/ZP2_S21.k2report
PROGRAM START TIME: 05-27-2025 16:32:40
BRACKEN SUMMARY (Kraken report: /scratch/users/k24087895/final_project/zymobiomics_folder/results/runs/run_2705_1731/reports/ZP2_S21.k2report)
    >>> Threshold: 0 
    >>> Number of species in sample: 16 
	  >> Number of species with reads > threshold: 16 
	  >> Number of species with reads < threshold: 0 
    >>> Total reads in sample: 293442
	  >> Total reads kept at species level (reads > threshold): 1535
	  >> Total reads discarded (species reads < threshold): 0
	  >> Reads distributed: 2691
	  >> Reads not distributed (eg. no species above threshold): 0
	  >> Unclassified reads: 289216
BRACKEN OUTPUT PRODUCED: /scratch/users/k24087895/final_project/zymobiomics_folder/processed_data/metagenomic/bracken/ZP2_S21.bracken
PROGRAM END TIME: 05-27-2025 16:32:40
  Bracken complete.
✅  Abundance estimated.

Generating Krona visualization...
Writing /scratch/users/k24087895/final_project/zymobiomics_folder/results/runs/run_2705_1731/krona/ZP2_S21.krona.html...
✅  Krona plot generated.

Processing sample: ZP3_S22

Classifying metagenomic reads with Kraken2...
kraken2 --db "/scratch/users/k24087895/final_project/data/databases/k2_pluspfp_16gb_20250402" --threads 8 --report "/scratch/users/k24087895/final_project/zymobiomics_folder/results/runs/run_2705_1731/reports/ZP3_S22.k2report" 		--report-minimizer-data --paired --minimum-hit-groups 10 		--classified-out "/scratch/users/k24087895/final_project/zymobiomics_folder/processed_data/metagenomic/classified/ZP3_S22_classified#.fastq" --unclassified-out "/scratch/users/k24087895/final_project/zymobiomics_folder/processed_data/metagenomic/unclassified/ZP3_S22_unclassified#.fastq" 		--output "/scratch/users/k24087895/final_project/zymobiomics_folder/processed_data/metagenomic/kraken2/ZP3_S22.kraken2" --use-names "/scratch/users/k24087895/final_project/zymobiomics_folder/processed_data/metagenomic/filtered_fastq/ZP3_S22_metagenomic.1" "/scratch/users/k24087895/final_project/zymobiomics_folder/processed_data/metagenomic/filtered_fastq/ZP3_S22_metagenomic.2" 2>&1
Loading database information... done.
326854 sequences (47.05 Mbp) processed in 1.393s (14078.0 Kseq/m, 2026.43 Mbp/m).
  4508 sequences classified (1.38%)
  322346 sequences unclassified (98.62%)
✅  Classification complete.

Estimating species abundance with Bracken...
 >> Checking for Valid Options...
 >> Running Bracken 
      >> python src/est_abundance.py -i /scratch/users/k24087895/final_project/zymobiomics_folder/results/runs/run_2705_1731/reports/ZP3_S22.k2report -o /scratch/users/k24087895/final_project/zymobiomics_folder/processed_data/metagenomic/bracken/ZP3_S22.bracken -k /scratch/users/k24087895/final_project/data/databases/k2_pluspfp_16gb_20250402/database100mers.kmer_distrib -l S -t 0
>> Checking report file: /scratch/users/k24087895/final_project/zymobiomics_folder/results/runs/run_2705_1731/reports/ZP3_S22.k2report
PROGRAM START TIME: 05-27-2025 16:32:51
BRACKEN SUMMARY (Kraken report: /scratch/users/k24087895/final_project/zymobiomics_folder/results/runs/run_2705_1731/reports/ZP3_S22.k2report)
    >>> Threshold: 0 
    >>> Number of species in sample: 24 
	  >> Number of species with reads > threshold: 24 
	  >> Number of species with reads < threshold: 0 
    >>> Total reads in sample: 326854
	  >> Total reads kept at species level (reads > threshold): 1663
	  >> Total reads discarded (species reads < threshold): 0
	  >> Reads distributed: 2843
	  >> Reads not distributed (eg. no species above threshold): 2
	  >> Unclassified reads: 322346
BRACKEN OUTPUT PRODUCED: /scratch/users/k24087895/final_project/zymobiomics_folder/processed_data/metagenomic/bracken/ZP3_S22.bracken
PROGRAM END TIME: 05-27-2025 16:32:51
  Bracken complete.
✅  Abundance estimated.

Generating Krona visualization...
Writing /scratch/users/k24087895/final_project/zymobiomics_folder/results/runs/run_2705_1731/krona/ZP3_S22.krona.html...
✅  Krona plot generated.

Metagenomic classification completed in: 00:01:48

Calculating read length statistics...
ZC1_S4_metagenomic.1: mean = 90.3, median = 78.0
ZC2_S5_metagenomic.1: mean = 71.7, median = 63.0
ZC3_S6_metagenomic.1: mean = 78.4, median = 67.0
ZC4_S7_metagenomic.1: mean = 73.4, median = 62.0
ZP1_S20_metagenomic.1: mean = 78.2, median = 69.0
ZP2_S21_metagenomic.1: mean = 73.4, median = 64.0
ZP3_S22_metagenomic.1: mean = 72.0, median = 62.0
ZC1_S4_metagenomic.2: mean = 89.5, median = 78.0
ZC2_S5_metagenomic.2: mean = 71.7, median = 63.0
ZC3_S6_metagenomic.2: mean = 78.1, median = 67.0
ZC4_S7_metagenomic.2: mean = 73.2, median = 62.0
ZP1_S20_metagenomic.2: mean = 78.0, median = 69.0
ZP2_S21_metagenomic.2: mean = 73.1, median = 64.0
ZP3_S22_metagenomic.2: mean = 72.0, median = 63.0
ZC1_S4_classified_1.fastq: mean = 168.7, median = 168.0
ZC1_S4_classified_2.fastq: mean = 164.8, median = 167.0
ZC2_S5_classified_1.fastq: mean = 149.3, median = 147.0
ZC2_S5_classified_2.fastq: mean = 147.9, median = 146.0
ZC3_S6_classified_1.fastq: mean = 161.2, median = 160.0
ZC3_S6_classified_2.fastq: mean = 158.6, median = 160.0
ZC4_S7_classified_1.fastq: mean = 162.9, median = 162.0
ZC4_S7_classified_2.fastq: mean = 159.7, median = 161.0
ZP1_S20_classified_1.fastq: mean = 154.2, median = 152.0
ZP1_S20_classified_2.fastq: mean = 152.5, median = 152.0
ZP2_S21_classified_1.fastq: mean = 154.3, median = 152.0
ZP2_S21_classified_2.fastq: mean = 152.0, median = 152.0
ZP3_S22_classified_1.fastq: mean = 152.8, median = 152.0
ZP3_S22_classified_2.fastq: mean = 151.3, median = 151.0
ZC1_S4_unclassified_1.fastq: mean = 87.4, median = 77.0
ZC1_S4_unclassified_2.fastq: mean = 86.7, median = 76.0
ZC2_S5_unclassified_1.fastq: mean = 70.7, median = 62.0
ZC2_S5_unclassified_2.fastq: mean = 70.7, median = 62.0
ZC3_S6_unclassified_1.fastq: mean = 76.8, median = 66.0
ZC3_S6_unclassified_2.fastq: mean = 76.6, median = 66.0
ZC4_S7_unclassified_1.fastq: mean = 71.8, median = 61.0
ZC4_S7_unclassified_2.fastq: mean = 71.6, median = 61.0
ZP1_S20_unclassified_1.fastq: mean = 76.8, median = 68.0
ZP1_S20_unclassified_2.fastq: mean = 76.6, median = 68.0
ZP2_S21_unclassified_1.fastq: mean = 72.2, median = 64.0
ZP2_S21_unclassified_2.fastq: mean = 72.0, median = 63.0
ZP3_S22_unclassified_1.fastq: mean = 70.8, median = 62.0
ZP3_S22_unclassified_2.fastq: mean = 70.9, median = 62.0
✅ Statistics generated.

Combining Bracken reports...
✅ Bracken reports combined.

Copying SLURM job logs...
✅ SLURM job logs copied.

================================================= COMPARISON TO GROUND TRUTH =================================================

================================================= METAGENOMIC DIVERSITY ANALYSIS =================================================
Calculating alpha and beta diversity...
✅ Alpha diversity calculated.
✅ Beta diversity heatmap generated.
✅  Diversity analysis completed successfully.

✅  Pipeline completed successfully.

Copying final SLURM job logs
