
================================================= ARGUMENT PARSING & VALIDATION =================================================

Raw FASTQ directory path: ../zymobiomics_folder/raw_data/
âš ï¸  No Bowtie2 index provided. Using default: ../data/bowtie_index/GRCh38_noalt_as/GRCh38_noalt_as
âœ…  Trimming enabled.
Quality Control & Trimming: Enabled âœ…
âš ï¸  Optional, but must be done at least once on the raw reads for the pipeline to work.

Host DNA Removal: Enabled âœ…
Bowtie2 Index Prefix: ../data/bowtie_index/GRCh38_noalt_as/GRCh38_noalt_as
âš ï¸  Optional, but must be done at least once on the trimmed reads for the pipeline to work.

Kraken2/Bracken Database: ../data/databases/k2_standard_16gb_20250402

================================================= CONDA ENVIRONMENT ACTIVATION ==================================================

âœ… 'metagenomics' environment activated successfully.

====================================================== PROJECT STRUCTURE ======================================================

../zymobiomics_folder
â”œâ”€â”€ processed_data
â”‚Â Â  â”œâ”€â”€ human
â”‚Â Â  â”‚Â Â  â”œâ”€â”€ aligned_sam
â”‚Â Â  â”‚Â Â  â”œâ”€â”€ bed_files
â”‚Â Â  â”‚Â Â  â””â”€â”€ sorted_bam
â”‚Â Â  â”œâ”€â”€ metagenomic
â”‚Â Â  â”‚Â Â  â”œâ”€â”€ bracken
â”‚Â Â  â”‚Â Â  â”œâ”€â”€ classified
â”‚Â Â  â”‚Â Â  â”œâ”€â”€ filtered_fastq
â”‚Â Â  â”‚Â Â  â”œâ”€â”€ kraken2
â”‚Â Â  â”‚Â Â  â””â”€â”€ unclassified
â”‚Â Â  â””â”€â”€ trimmed
â”‚Â Â      â”œâ”€â”€ paired
â”‚Â Â      â””â”€â”€ unpaired
â”œâ”€â”€ raw_data
â””â”€â”€ results
    â”œâ”€â”€ fastqc
    â”‚Â Â  â”œâ”€â”€ post_trimming
    â”‚Â Â  â””â”€â”€ pre_trimming
    â”œâ”€â”€ host_dna_analysis
    â””â”€â”€ runs
        â”œâ”€â”€ run_0605_1332
        â”œâ”€â”€ run_0705_1620
        â”œâ”€â”€ run_0705_1707
        â”œâ”€â”€ run_0705_1723
        â”œâ”€â”€ run_0705_1939
        â”œâ”€â”€ run_1305_1345
        â”œâ”€â”€ run_1305_1523
        â”œâ”€â”€ run_1305_1612
        â””â”€â”€ run_1305_1621

30 directories
Human DNA-related files (SAM, BAM, and BED) in the 'human' directory are created once per sub-project and remain unchanged across runs.
Intermediate metagenomic files in the 'metagenomic' directory are overwritten with each run and should be inspected beforehand if desired.
Results are stored in the 'results' directory (including FastQC, host DNA analysis, and run-specific results like Kraken2 and Bracken).

=================================================== QUALITY CONTROL & TRIMMING ===================================================


Running FastQC on all raw reads...
âœ… FastQC completed successfully.

/// MultiQC ðŸ” v1.28

       file_search | Search path: /cephfs/volumes/hpc_data_usr/k24087895/8bae1efe-9269-480e-9bb9-de76b8bdc9e7/final_project/zymobiomics_folder/results/fastqc/pre_trimming

            fastqc | Found 14 reports

     write_results | Data        : None
     write_results | Report      : /cephfs/volumes/hpc_data_usr/k24087895/8bae1efe-9269-480e-9bb9-de76b8bdc9e7/final_project/zymobiomics_folder/results/fastqc/pre_trimming/multiqc_report.html   (overwritten)
           multiqc | MultiQC complete
âœ… MultiQC report generated successfully.

Running Trimmomatic...
TrimmomaticPE: Started with arguments:
 -phred33 -threads 4 ../zymobiomics_folder/raw_data//ZC1_S4_L001_R1_001.fastq.gz ../zymobiomics_folder/raw_data//ZC1_S4_L001_R2_001.fastq.gz ../zymobiomics_folder/raw_data//../processed_data/trimmed/paired/ZC1_S4_R1_paired.fastq.gz ../zymobiomics_folder/raw_data//../processed_data/trimmed/unpaired/ZC1_S4_R1_unpaired.fastq.gz ../zymobiomics_folder/raw_data//../processed_data/trimmed/paired/ZC1_S4_R2_paired.fastq.gz ../zymobiomics_folder/raw_data//../processed_data/trimmed/unpaired/ZC1_S4_R2_unpaired.fastq.gz ILLUMINACLIP:../zymobiomics_folder/raw_data//../../data/adapters/TruSeq3-PE-2.fa:2:30:10:8:true HEADCROP:5 LEADING:5 CROP:240 SLIDINGWINDOW:4:15 TRAILING:10 MINLEN:35
Using PrefixPair: 'TACACTCTTTCCCTACACGACGCTCTTCCGATCT' and 'GTGACTGGAGTTCAGACGTGTGCTCTTCCGATCT'
Using Long Clipping Sequence: 'AGATCGGAAGAGCGTCGTGTAGGGAAAGAGTGTA'
Using Long Clipping Sequence: 'AGATCGGAAGAGCACACGTCTGAACTCCAGTCAC'
Using Long Clipping Sequence: 'GTGACTGGAGTTCAGACGTGTGCTCTTCCGATCT'
Using Long Clipping Sequence: 'TACACTCTTTCCCTACACGACGCTCTTCCGATCT'
ILLUMINACLIP: Using 1 prefix pairs, 4 forward/reverse sequences, 0 forward only sequences, 0 reverse only sequences
Input Read Pairs: 327187 Both Surviving: 287711 (87.93%) Forward Only Surviving: 4646 (1.42%) Reverse Only Surviving: 1206 (0.37%) Dropped: 33624 (10.28%)
TrimmomaticPE: Completed successfully
âœ… Trimmed ZC1_S4!

TrimmomaticPE: Started with arguments:
 -phred33 -threads 4 ../zymobiomics_folder/raw_data//ZC2_S5_L001_R1_001.fastq.gz ../zymobiomics_folder/raw_data//ZC2_S5_L001_R2_001.fastq.gz ../zymobiomics_folder/raw_data//../processed_data/trimmed/paired/ZC2_S5_R1_paired.fastq.gz ../zymobiomics_folder/raw_data//../processed_data/trimmed/unpaired/ZC2_S5_R1_unpaired.fastq.gz ../zymobiomics_folder/raw_data//../processed_data/trimmed/paired/ZC2_S5_R2_paired.fastq.gz ../zymobiomics_folder/raw_data//../processed_data/trimmed/unpaired/ZC2_S5_R2_unpaired.fastq.gz ILLUMINACLIP:../zymobiomics_folder/raw_data//../../data/adapters/TruSeq3-PE-2.fa:2:30:10:8:true HEADCROP:5 LEADING:5 CROP:240 SLIDINGWINDOW:4:15 TRAILING:10 MINLEN:35
Using PrefixPair: 'TACACTCTTTCCCTACACGACGCTCTTCCGATCT' and 'GTGACTGGAGTTCAGACGTGTGCTCTTCCGATCT'
Using Long Clipping Sequence: 'AGATCGGAAGAGCGTCGTGTAGGGAAAGAGTGTA'
Using Long Clipping Sequence: 'AGATCGGAAGAGCACACGTCTGAACTCCAGTCAC'
Using Long Clipping Sequence: 'GTGACTGGAGTTCAGACGTGTGCTCTTCCGATCT'
Using Long Clipping Sequence: 'TACACTCTTTCCCTACACGACGCTCTTCCGATCT'
ILLUMINACLIP: Using 1 prefix pairs, 4 forward/reverse sequences, 0 forward only sequences, 0 reverse only sequences
Input Read Pairs: 331292 Both Surviving: 267582 (80.77%) Forward Only Surviving: 3491 (1.05%) Reverse Only Surviving: 1313 (0.40%) Dropped: 58906 (17.78%)
TrimmomaticPE: Completed successfully
âœ… Trimmed ZC2_S5!

TrimmomaticPE: Started with arguments:
 -phred33 -threads 4 ../zymobiomics_folder/raw_data//ZC3_S6_L001_R1_001.fastq.gz ../zymobiomics_folder/raw_data//ZC3_S6_L001_R2_001.fastq.gz ../zymobiomics_folder/raw_data//../processed_data/trimmed/paired/ZC3_S6_R1_paired.fastq.gz ../zymobiomics_folder/raw_data//../processed_data/trimmed/unpaired/ZC3_S6_R1_unpaired.fastq.gz ../zymobiomics_folder/raw_data//../processed_data/trimmed/paired/ZC3_S6_R2_paired.fastq.gz ../zymobiomics_folder/raw_data//../processed_data/trimmed/unpaired/ZC3_S6_R2_unpaired.fastq.gz ILLUMINACLIP:../zymobiomics_folder/raw_data//../../data/adapters/TruSeq3-PE-2.fa:2:30:10:8:true HEADCROP:5 LEADING:5 CROP:240 SLIDINGWINDOW:4:15 TRAILING:10 MINLEN:35
Using PrefixPair: 'TACACTCTTTCCCTACACGACGCTCTTCCGATCT' and 'GTGACTGGAGTTCAGACGTGTGCTCTTCCGATCT'
Using Long Clipping Sequence: 'AGATCGGAAGAGCGTCGTGTAGGGAAAGAGTGTA'
Using Long Clipping Sequence: 'AGATCGGAAGAGCACACGTCTGAACTCCAGTCAC'
Using Long Clipping Sequence: 'GTGACTGGAGTTCAGACGTGTGCTCTTCCGATCT'
Using Long Clipping Sequence: 'TACACTCTTTCCCTACACGACGCTCTTCCGATCT'
ILLUMINACLIP: Using 1 prefix pairs, 4 forward/reverse sequences, 0 forward only sequences, 0 reverse only sequences
Input Read Pairs: 328660 Both Surviving: 273943 (83.35%) Forward Only Surviving: 3540 (1.08%) Reverse Only Surviving: 1306 (0.40%) Dropped: 49871 (15.17%)
TrimmomaticPE: Completed successfully
âœ… Trimmed ZC3_S6!

TrimmomaticPE: Started with arguments:
 -phred33 -threads 4 ../zymobiomics_folder/raw_data//ZC4_S7_L001_R1_001.fastq.gz ../zymobiomics_folder/raw_data//ZC4_S7_L001_R2_001.fastq.gz ../zymobiomics_folder/raw_data//../processed_data/trimmed/paired/ZC4_S7_R1_paired.fastq.gz ../zymobiomics_folder/raw_data//../processed_data/trimmed/unpaired/ZC4_S7_R1_unpaired.fastq.gz ../zymobiomics_folder/raw_data//../processed_data/trimmed/paired/ZC4_S7_R2_paired.fastq.gz ../zymobiomics_folder/raw_data//../processed_data/trimmed/unpaired/ZC4_S7_R2_unpaired.fastq.gz ILLUMINACLIP:../zymobiomics_folder/raw_data//../../data/adapters/TruSeq3-PE-2.fa:2:30:10:8:true HEADCROP:5 LEADING:5 CROP:240 SLIDINGWINDOW:4:15 TRAILING:10 MINLEN:35
Using PrefixPair: 'TACACTCTTTCCCTACACGACGCTCTTCCGATCT' and 'GTGACTGGAGTTCAGACGTGTGCTCTTCCGATCT'
Using Long Clipping Sequence: 'AGATCGGAAGAGCGTCGTGTAGGGAAAGAGTGTA'
Using Long Clipping Sequence: 'AGATCGGAAGAGCACACGTCTGAACTCCAGTCAC'
Using Long Clipping Sequence: 'GTGACTGGAGTTCAGACGTGTGCTCTTCCGATCT'
Using Long Clipping Sequence: 'TACACTCTTTCCCTACACGACGCTCTTCCGATCT'
ILLUMINACLIP: Using 1 prefix pairs, 4 forward/reverse sequences, 0 forward only sequences, 0 reverse only sequences
Input Read Pairs: 298033 Both Surviving: 238875 (80.15%) Forward Only Surviving: 3147 (1.06%) Reverse Only Surviving: 1202 (0.40%) Dropped: 54809 (18.39%)
TrimmomaticPE: Completed successfully
âœ… Trimmed ZC4_S7!

TrimmomaticPE: Started with arguments:
 -phred33 -threads 4 ../zymobiomics_folder/raw_data//ZP1_S20_L001_R1_001.fastq.gz ../zymobiomics_folder/raw_data//ZP1_S20_L001_R2_001.fastq.gz ../zymobiomics_folder/raw_data//../processed_data/trimmed/paired/ZP1_S20_R1_paired.fastq.gz ../zymobiomics_folder/raw_data//../processed_data/trimmed/unpaired/ZP1_S20_R1_unpaired.fastq.gz ../zymobiomics_folder/raw_data//../processed_data/trimmed/paired/ZP1_S20_R2_paired.fastq.gz ../zymobiomics_folder/raw_data//../processed_data/trimmed/unpaired/ZP1_S20_R2_unpaired.fastq.gz ILLUMINACLIP:../zymobiomics_folder/raw_data//../../data/adapters/TruSeq3-PE-2.fa:2:30:10:8:true HEADCROP:5 LEADING:5 CROP:240 SLIDINGWINDOW:4:15 TRAILING:10 MINLEN:35
Using PrefixPair: 'TACACTCTTTCCCTACACGACGCTCTTCCGATCT' and 'GTGACTGGAGTTCAGACGTGTGCTCTTCCGATCT'
Using Long Clipping Sequence: 'AGATCGGAAGAGCGTCGTGTAGGGAAAGAGTGTA'
Using Long Clipping Sequence: 'AGATCGGAAGAGCACACGTCTGAACTCCAGTCAC'
Using Long Clipping Sequence: 'GTGACTGGAGTTCAGACGTGTGCTCTTCCGATCT'
Using Long Clipping Sequence: 'TACACTCTTTCCCTACACGACGCTCTTCCGATCT'
ILLUMINACLIP: Using 1 prefix pairs, 4 forward/reverse sequences, 0 forward only sequences, 0 reverse only sequences
Input Read Pairs: 349154 Both Surviving: 299533 (85.79%) Forward Only Surviving: 4651 (1.33%) Reverse Only Surviving: 1387 (0.40%) Dropped: 43583 (12.48%)
TrimmomaticPE: Completed successfully
âœ… Trimmed ZP1_S20!

TrimmomaticPE: Started with arguments:
 -phred33 -threads 4 ../zymobiomics_folder/raw_data//ZP2_S21_L001_R1_001.fastq.gz ../zymobiomics_folder/raw_data//ZP2_S21_L001_R2_001.fastq.gz ../zymobiomics_folder/raw_data//../processed_data/trimmed/paired/ZP2_S21_R1_paired.fastq.gz ../zymobiomics_folder/raw_data//../processed_data/trimmed/unpaired/ZP2_S21_R1_unpaired.fastq.gz ../zymobiomics_folder/raw_data//../processed_data/trimmed/paired/ZP2_S21_R2_paired.fastq.gz ../zymobiomics_folder/raw_data//../processed_data/trimmed/unpaired/ZP2_S21_R2_unpaired.fastq.gz ILLUMINACLIP:../zymobiomics_folder/raw_data//../../data/adapters/TruSeq3-PE-2.fa:2:30:10:8:true HEADCROP:5 LEADING:5 CROP:240 SLIDINGWINDOW:4:15 TRAILING:10 MINLEN:35
Using PrefixPair: 'TACACTCTTTCCCTACACGACGCTCTTCCGATCT' and 'GTGACTGGAGTTCAGACGTGTGCTCTTCCGATCT'
Using Long Clipping Sequence: 'AGATCGGAAGAGCGTCGTGTAGGGAAAGAGTGTA'
Using Long Clipping Sequence: 'AGATCGGAAGAGCACACGTCTGAACTCCAGTCAC'
Using Long Clipping Sequence: 'GTGACTGGAGTTCAGACGTGTGCTCTTCCGATCT'
Using Long Clipping Sequence: 'TACACTCTTTCCCTACACGACGCTCTTCCGATCT'
ILLUMINACLIP: Using 1 prefix pairs, 4 forward/reverse sequences, 0 forward only sequences, 0 reverse only sequences
Input Read Pairs: 358936 Both Surviving: 293443 (81.75%) Forward Only Surviving: 6427 (1.79%) Reverse Only Surviving: 1577 (0.44%) Dropped: 57489 (16.02%)
TrimmomaticPE: Completed successfully
âœ… Trimmed ZP2_S21!

TrimmomaticPE: Started with arguments:
 -phred33 -threads 4 ../zymobiomics_folder/raw_data//ZP3_S22_L001_R1_001.fastq.gz ../zymobiomics_folder/raw_data//ZP3_S22_L001_R2_001.fastq.gz ../zymobiomics_folder/raw_data//../processed_data/trimmed/paired/ZP3_S22_R1_paired.fastq.gz ../zymobiomics_folder/raw_data//../processed_data/trimmed/unpaired/ZP3_S22_R1_unpaired.fastq.gz ../zymobiomics_folder/raw_data//../processed_data/trimmed/paired/ZP3_S22_R2_paired.fastq.gz ../zymobiomics_folder/raw_data//../processed_data/trimmed/unpaired/ZP3_S22_R2_unpaired.fastq.gz ILLUMINACLIP:../zymobiomics_folder/raw_data//../../data/adapters/TruSeq3-PE-2.fa:2:30:10:8:true HEADCROP:5 LEADING:5 CROP:240 SLIDINGWINDOW:4:15 TRAILING:10 MINLEN:35
Using PrefixPair: 'TACACTCTTTCCCTACACGACGCTCTTCCGATCT' and 'GTGACTGGAGTTCAGACGTGTGCTCTTCCGATCT'
Using Long Clipping Sequence: 'AGATCGGAAGAGCGTCGTGTAGGGAAAGAGTGTA'
Using Long Clipping Sequence: 'AGATCGGAAGAGCACACGTCTGAACTCCAGTCAC'
Using Long Clipping Sequence: 'GTGACTGGAGTTCAGACGTGTGCTCTTCCGATCT'
Using Long Clipping Sequence: 'TACACTCTTTCCCTACACGACGCTCTTCCGATCT'
ILLUMINACLIP: Using 1 prefix pairs, 4 forward/reverse sequences, 0 forward only sequences, 0 reverse only sequences
Input Read Pairs: 404941 Both Surviving: 326857 (80.72%) Forward Only Surviving: 3655 (0.90%) Reverse Only Surviving: 1642 (0.41%) Dropped: 72787 (17.97%)
TrimmomaticPE: Completed successfully
âœ… Trimmed ZP3_S22!


Running FastQC on paired trimmed reads...
âœ… FastQC completed successfully.

/// MultiQC ðŸ” v1.28

       file_search | Search path: /cephfs/volumes/hpc_data_usr/k24087895/8bae1efe-9269-480e-9bb9-de76b8bdc9e7/final_project/zymobiomics_folder/results/fastqc/post_trimming

            fastqc | Found 14 reports
            violin | Tried to make table/violin plot, but had no data. pconfig: {'namespace': 'FastQC', 'id': 'fastqc_top_overrepresented_sequences_table', 'title': 'FastQC: Top overrepresented sequences', 'col1_header': 'Overrepresented sequence', 'sort_rows': False}

     write_results | Data        : None
     write_results | Report      : /cephfs/volumes/hpc_data_usr/k24087895/8bae1efe-9269-480e-9bb9-de76b8bdc9e7/final_project/zymobiomics_folder/results/fastqc/post_trimming/multiqc_report.html   (overwritten)
           multiqc | MultiQC complete
âœ… MultiQC report generated successfully.

âœ…  QC and trimming completed successfully.

================================================= METAGENOMIC ABUNDANCE ESTIMATION =================================================
âš ï¸  This step assumes reads have already been trimmed with Trimmomatic and host DNA removed with Bowtie2. Processed reads must be in the correct directory.

Processing sample: ZC1_S4

Removing human reads with Bowtie2...
bowtie2 -x "../data/bowtie_index/GRCh38_noalt_as/GRCh38_noalt_as" -p 8 -q --end-to-end --very-sensitive --no-mixed --no-discordant 	                -1 "../zymobiomics_folder/processed_data/trimmed/paired/ZC1_S4_R1_paired.fastq.gz" -2 "../zymobiomics_folder/processed_data/trimmed/paired/ZC1_S4_R2_paired.fastq.gz" 	                --un-conc "../zymobiomics_folder/processed_data/metagenomic/filtered_fastq/ZC1_S4_metagenomic" -S "../zymobiomics_folder/processed_data/human/aligned_sam/ZC1_S4_human.sam" 2>&1
287711 reads; of these:
  287711 (100.00%) were paired; of these:
    287710 (100.00%) aligned concordantly 0 times
    0 (0.00%) aligned concordantly exactly 1 time
    1 (0.00%) aligned concordantly >1 times
0.00% overall alignment rate
âœ…  Host reads removed.

Classifying metagenomic reads with Kraken2...
kraken2 --db "../data/databases/k2_standard_16gb_20250402" --threads 8 --report "../zymobiomics_folder/results/runs/run_1305_1621/reports/ZC1_S4.k2report" 		--report-minimizer-data --paired --minimum-hit-groups 2 		--classified-out "../zymobiomics_folder/processed_data/metagenomic/classified/ZC1_S4_classified#.fastq" --unclassified-out "../zymobiomics_folder/processed_data/metagenomic/unclassified/ZC1_S4_unclassified#.fastq" 		--output "../zymobiomics_folder/processed_data/metagenomic/kraken2/ZC1_S4.kraken2" --use-names "../zymobiomics_folder/processed_data/metagenomic/filtered_fastq/ZC1_S4_metagenomic.1" "../zymobiomics_folder/processed_data/metagenomic/filtered_fastq/ZC1_S4_metagenomic.2" 2>&1
Loading database information... done.
287710 sequences (51.71 Mbp) processed in 1.113s (15507.7 Kseq/m, 2787.21 Mbp/m).
  212184 sequences classified (73.75%)
  75526 sequences unclassified (26.25%)
âœ…  Classification complete.

Estimating species abundance with Bracken...
 >> Checking for Valid Options...
 >> Running Bracken 
      >> python src/est_abundance.py -i ../zymobiomics_folder/results/runs/run_1305_1621/reports/ZC1_S4.k2report -o ../zymobiomics_folder/processed_data/metagenomic/bracken/ZC1_S4.bracken -k ../data/databases/k2_standard_16gb_20250402/database100mers.kmer_distrib -l S -t 0
>> Checking report file: ../zymobiomics_folder/results/runs/run_1305_1621/reports/ZC1_S4.k2report
PROGRAM START TIME: 05-13-2025 15:24:27
BRACKEN SUMMARY (Kraken report: ../zymobiomics_folder/results/runs/run_1305_1621/reports/ZC1_S4.k2report)
    >>> Threshold: 0 
    >>> Number of species in sample: 286 
	  >> Number of species with reads > threshold: 286 
	  >> Number of species with reads < threshold: 0 
    >>> Total reads in sample: 287710
	  >> Total reads kept at species level (reads > threshold): 61963
	  >> Total reads discarded (species reads < threshold): 0
	  >> Reads distributed: 150199
	  >> Reads not distributed (eg. no species above threshold): 22
	  >> Unclassified reads: 75526
BRACKEN OUTPUT PRODUCED: ../zymobiomics_folder/processed_data/metagenomic/bracken/ZC1_S4.bracken
PROGRAM END TIME: 05-13-2025 15:24:27
  Bracken complete.
âœ…  Abundance estimated.

Generating Krona visualization...
Writing ../zymobiomics_folder/results/runs/run_1305_1621/krona/ZC1_S4.krona.html...
âœ…  Krona plot generated.

Processing sample: ZC2_S5

Removing human reads with Bowtie2...
bowtie2 -x "../data/bowtie_index/GRCh38_noalt_as/GRCh38_noalt_as" -p 8 -q --end-to-end --very-sensitive --no-mixed --no-discordant 	                -1 "../zymobiomics_folder/processed_data/trimmed/paired/ZC2_S5_R1_paired.fastq.gz" -2 "../zymobiomics_folder/processed_data/trimmed/paired/ZC2_S5_R2_paired.fastq.gz" 	                --un-conc "../zymobiomics_folder/processed_data/metagenomic/filtered_fastq/ZC2_S5_metagenomic" -S "../zymobiomics_folder/processed_data/human/aligned_sam/ZC2_S5_human.sam" 2>&1
267582 reads; of these:
  267582 (100.00%) were paired; of these:
    267582 (100.00%) aligned concordantly 0 times
    0 (0.00%) aligned concordantly exactly 1 time
    0 (0.00%) aligned concordantly >1 times
0.00% overall alignment rate
âœ…  Host reads removed.

Classifying metagenomic reads with Kraken2...
kraken2 --db "../data/databases/k2_standard_16gb_20250402" --threads 8 --report "../zymobiomics_folder/results/runs/run_1305_1621/reports/ZC2_S5.k2report" 		--report-minimizer-data --paired --minimum-hit-groups 2 		--classified-out "../zymobiomics_folder/processed_data/metagenomic/classified/ZC2_S5_classified#.fastq" --unclassified-out "../zymobiomics_folder/processed_data/metagenomic/unclassified/ZC2_S5_unclassified#.fastq" 		--output "../zymobiomics_folder/processed_data/metagenomic/kraken2/ZC2_S5.kraken2" --use-names "../zymobiomics_folder/processed_data/metagenomic/filtered_fastq/ZC2_S5_metagenomic.1" "../zymobiomics_folder/processed_data/metagenomic/filtered_fastq/ZC2_S5_metagenomic.2" 2>&1
Loading database information... done.
267582 sequences (38.37 Mbp) processed in 0.852s (18837.2 Kseq/m, 2700.98 Mbp/m).
  172435 sequences classified (64.44%)
  95147 sequences unclassified (35.56%)
âœ…  Classification complete.

Estimating species abundance with Bracken...
 >> Checking for Valid Options...
 >> Running Bracken 
      >> python src/est_abundance.py -i ../zymobiomics_folder/results/runs/run_1305_1621/reports/ZC2_S5.k2report -o ../zymobiomics_folder/processed_data/metagenomic/bracken/ZC2_S5.bracken -k ../data/databases/k2_standard_16gb_20250402/database100mers.kmer_distrib -l S -t 0
>> Checking report file: ../zymobiomics_folder/results/runs/run_1305_1621/reports/ZC2_S5.k2report
PROGRAM START TIME: 05-13-2025 15:24:50
BRACKEN SUMMARY (Kraken report: ../zymobiomics_folder/results/runs/run_1305_1621/reports/ZC2_S5.k2report)
    >>> Threshold: 0 
    >>> Number of species in sample: 251 
	  >> Number of species with reads > threshold: 251 
	  >> Number of species with reads < threshold: 0 
    >>> Total reads in sample: 267582
	  >> Total reads kept at species level (reads > threshold): 44278
	  >> Total reads discarded (species reads < threshold): 0
	  >> Reads distributed: 128135
	  >> Reads not distributed (eg. no species above threshold): 22
	  >> Unclassified reads: 95147
BRACKEN OUTPUT PRODUCED: ../zymobiomics_folder/processed_data/metagenomic/bracken/ZC2_S5.bracken
PROGRAM END TIME: 05-13-2025 15:24:50
  Bracken complete.
âœ…  Abundance estimated.

Generating Krona visualization...
Writing ../zymobiomics_folder/results/runs/run_1305_1621/krona/ZC2_S5.krona.html...
âœ…  Krona plot generated.

Processing sample: ZC3_S6

Removing human reads with Bowtie2...
bowtie2 -x "../data/bowtie_index/GRCh38_noalt_as/GRCh38_noalt_as" -p 8 -q --end-to-end --very-sensitive --no-mixed --no-discordant 	                -1 "../zymobiomics_folder/processed_data/trimmed/paired/ZC3_S6_R1_paired.fastq.gz" -2 "../zymobiomics_folder/processed_data/trimmed/paired/ZC3_S6_R2_paired.fastq.gz" 	                --un-conc "../zymobiomics_folder/processed_data/metagenomic/filtered_fastq/ZC3_S6_metagenomic" -S "../zymobiomics_folder/processed_data/human/aligned_sam/ZC3_S6_human.sam" 2>&1
273943 reads; of these:
  273943 (100.00%) were paired; of these:
    273941 (100.00%) aligned concordantly 0 times
    1 (0.00%) aligned concordantly exactly 1 time
    1 (0.00%) aligned concordantly >1 times
0.00% overall alignment rate
âœ…  Host reads removed.

Classifying metagenomic reads with Kraken2...
kraken2 --db "../data/databases/k2_standard_16gb_20250402" --threads 8 --report "../zymobiomics_folder/results/runs/run_1305_1621/reports/ZC3_S6.k2report" 		--report-minimizer-data --paired --minimum-hit-groups 2 		--classified-out "../zymobiomics_folder/processed_data/metagenomic/classified/ZC3_S6_classified#.fastq" --unclassified-out "../zymobiomics_folder/processed_data/metagenomic/unclassified/ZC3_S6_unclassified#.fastq" 		--output "../zymobiomics_folder/processed_data/metagenomic/kraken2/ZC3_S6.kraken2" --use-names "../zymobiomics_folder/processed_data/metagenomic/filtered_fastq/ZC3_S6_metagenomic.1" "../zymobiomics_folder/processed_data/metagenomic/filtered_fastq/ZC3_S6_metagenomic.2" 2>&1
Loading database information... done.
273941 sequences (42.88 Mbp) processed in 1.022s (16079.8 Kseq/m, 2516.70 Mbp/m).
  183242 sequences classified (66.89%)
  90699 sequences unclassified (33.11%)
âœ…  Classification complete.

Estimating species abundance with Bracken...
 >> Checking for Valid Options...
 >> Running Bracken 
      >> python src/est_abundance.py -i ../zymobiomics_folder/results/runs/run_1305_1621/reports/ZC3_S6.k2report -o ../zymobiomics_folder/processed_data/metagenomic/bracken/ZC3_S6.bracken -k ../data/databases/k2_standard_16gb_20250402/database100mers.kmer_distrib -l S -t 0
>> Checking report file: ../zymobiomics_folder/results/runs/run_1305_1621/reports/ZC3_S6.k2report
PROGRAM START TIME: 05-13-2025 15:25:15
BRACKEN SUMMARY (Kraken report: ../zymobiomics_folder/results/runs/run_1305_1621/reports/ZC3_S6.k2report)
    >>> Threshold: 0 
    >>> Number of species in sample: 238 
	  >> Number of species with reads > threshold: 238 
	  >> Number of species with reads < threshold: 0 
    >>> Total reads in sample: 273941
	  >> Total reads kept at species level (reads > threshold): 51881
	  >> Total reads discarded (species reads < threshold): 0
	  >> Reads distributed: 131334
	  >> Reads not distributed (eg. no species above threshold): 27
	  >> Unclassified reads: 90699
BRACKEN OUTPUT PRODUCED: ../zymobiomics_folder/processed_data/metagenomic/bracken/ZC3_S6.bracken
PROGRAM END TIME: 05-13-2025 15:25:16
  Bracken complete.
âœ…  Abundance estimated.

Generating Krona visualization...
Writing ../zymobiomics_folder/results/runs/run_1305_1621/krona/ZC3_S6.krona.html...
âœ…  Krona plot generated.

Processing sample: ZC4_S7

Removing human reads with Bowtie2...
bowtie2 -x "../data/bowtie_index/GRCh38_noalt_as/GRCh38_noalt_as" -p 8 -q --end-to-end --very-sensitive --no-mixed --no-discordant 	                -1 "../zymobiomics_folder/processed_data/trimmed/paired/ZC4_S7_R1_paired.fastq.gz" -2 "../zymobiomics_folder/processed_data/trimmed/paired/ZC4_S7_R2_paired.fastq.gz" 	                --un-conc "../zymobiomics_folder/processed_data/metagenomic/filtered_fastq/ZC4_S7_metagenomic" -S "../zymobiomics_folder/processed_data/human/aligned_sam/ZC4_S7_human.sam" 2>&1
238875 reads; of these:
  238875 (100.00%) were paired; of these:
    238874 (100.00%) aligned concordantly 0 times
    0 (0.00%) aligned concordantly exactly 1 time
    1 (0.00%) aligned concordantly >1 times
0.00% overall alignment rate
âœ…  Host reads removed.

Classifying metagenomic reads with Kraken2...
kraken2 --db "../data/databases/k2_standard_16gb_20250402" --threads 8 --report "../zymobiomics_folder/results/runs/run_1305_1621/reports/ZC4_S7.k2report" 		--report-minimizer-data --paired --minimum-hit-groups 2 		--classified-out "../zymobiomics_folder/processed_data/metagenomic/classified/ZC4_S7_classified#.fastq" --unclassified-out "../zymobiomics_folder/processed_data/metagenomic/unclassified/ZC4_S7_unclassified#.fastq" 		--output "../zymobiomics_folder/processed_data/metagenomic/kraken2/ZC4_S7.kraken2" --use-names "../zymobiomics_folder/processed_data/metagenomic/filtered_fastq/ZC4_S7_metagenomic.1" "../zymobiomics_folder/processed_data/metagenomic/filtered_fastq/ZC4_S7_metagenomic.2" 2>&1
Loading database information... done.
238874 sequences (35.00 Mbp) processed in 0.991s (14468.0 Kseq/m, 2120.02 Mbp/m).
  152509 sequences classified (63.84%)
  86365 sequences unclassified (36.16%)
âœ…  Classification complete.

Estimating species abundance with Bracken...
 >> Checking for Valid Options...
 >> Running Bracken 
      >> python src/est_abundance.py -i ../zymobiomics_folder/results/runs/run_1305_1621/reports/ZC4_S7.k2report -o ../zymobiomics_folder/processed_data/metagenomic/bracken/ZC4_S7.bracken -k ../data/databases/k2_standard_16gb_20250402/database100mers.kmer_distrib -l S -t 0
>> Checking report file: ../zymobiomics_folder/results/runs/run_1305_1621/reports/ZC4_S7.k2report
PROGRAM START TIME: 05-13-2025 15:25:34
BRACKEN SUMMARY (Kraken report: ../zymobiomics_folder/results/runs/run_1305_1621/reports/ZC4_S7.k2report)
    >>> Threshold: 0 
    >>> Number of species in sample: 189 
	  >> Number of species with reads > threshold: 189 
	  >> Number of species with reads < threshold: 0 
    >>> Total reads in sample: 238874
	  >> Total reads kept at species level (reads > threshold): 43542
	  >> Total reads discarded (species reads < threshold): 0
	  >> Reads distributed: 108952
	  >> Reads not distributed (eg. no species above threshold): 15
	  >> Unclassified reads: 86365
BRACKEN OUTPUT PRODUCED: ../zymobiomics_folder/processed_data/metagenomic/bracken/ZC4_S7.bracken
PROGRAM END TIME: 05-13-2025 15:25:34
  Bracken complete.
âœ…  Abundance estimated.

Generating Krona visualization...
Writing ../zymobiomics_folder/results/runs/run_1305_1621/krona/ZC4_S7.krona.html...
âœ…  Krona plot generated.

Processing sample: ZP1_S20

Removing human reads with Bowtie2...
bowtie2 -x "../data/bowtie_index/GRCh38_noalt_as/GRCh38_noalt_as" -p 8 -q --end-to-end --very-sensitive --no-mixed --no-discordant 	                -1 "../zymobiomics_folder/processed_data/trimmed/paired/ZP1_S20_R1_paired.fastq.gz" -2 "../zymobiomics_folder/processed_data/trimmed/paired/ZP1_S20_R2_paired.fastq.gz" 	                --un-conc "../zymobiomics_folder/processed_data/metagenomic/filtered_fastq/ZP1_S20_metagenomic" -S "../zymobiomics_folder/processed_data/human/aligned_sam/ZP1_S20_human.sam" 2>&1
299533 reads; of these:
  299533 (100.00%) were paired; of these:
    299531 (100.00%) aligned concordantly 0 times
    0 (0.00%) aligned concordantly exactly 1 time
    2 (0.00%) aligned concordantly >1 times
0.00% overall alignment rate
âœ…  Host reads removed.

Classifying metagenomic reads with Kraken2...
kraken2 --db "../data/databases/k2_standard_16gb_20250402" --threads 8 --report "../zymobiomics_folder/results/runs/run_1305_1621/reports/ZP1_S20.k2report" 		--report-minimizer-data --paired --minimum-hit-groups 2 		--classified-out "../zymobiomics_folder/processed_data/metagenomic/classified/ZP1_S20_classified#.fastq" --unclassified-out "../zymobiomics_folder/processed_data/metagenomic/unclassified/ZP1_S20_unclassified#.fastq" 		--output "../zymobiomics_folder/processed_data/metagenomic/kraken2/ZP1_S20.kraken2" --use-names "../zymobiomics_folder/processed_data/metagenomic/filtered_fastq/ZP1_S20_metagenomic.1" "../zymobiomics_folder/processed_data/metagenomic/filtered_fastq/ZP1_S20_metagenomic.2" 2>&1
Loading database information... done.
299531 sequences (46.78 Mbp) processed in 1.149s (15647.6 Kseq/m, 2444.02 Mbp/m).
  211195 sequences classified (70.51%)
  88336 sequences unclassified (29.49%)
âœ…  Classification complete.

Estimating species abundance with Bracken...
 >> Checking for Valid Options...
 >> Running Bracken 
      >> python src/est_abundance.py -i ../zymobiomics_folder/results/runs/run_1305_1621/reports/ZP1_S20.k2report -o ../zymobiomics_folder/processed_data/metagenomic/bracken/ZP1_S20.bracken -k ../data/databases/k2_standard_16gb_20250402/database100mers.kmer_distrib -l S -t 0
>> Checking report file: ../zymobiomics_folder/results/runs/run_1305_1621/reports/ZP1_S20.k2report
PROGRAM START TIME: 05-13-2025 15:25:56
BRACKEN SUMMARY (Kraken report: ../zymobiomics_folder/results/runs/run_1305_1621/reports/ZP1_S20.k2report)
    >>> Threshold: 0 
    >>> Number of species in sample: 267 
	  >> Number of species with reads > threshold: 267 
	  >> Number of species with reads < threshold: 0 
    >>> Total reads in sample: 299531
	  >> Total reads kept at species level (reads > threshold): 59922
	  >> Total reads discarded (species reads < threshold): 0
	  >> Reads distributed: 151239
	  >> Reads not distributed (eg. no species above threshold): 34
	  >> Unclassified reads: 88336
BRACKEN OUTPUT PRODUCED: ../zymobiomics_folder/processed_data/metagenomic/bracken/ZP1_S20.bracken
PROGRAM END TIME: 05-13-2025 15:25:56
  Bracken complete.
âœ…  Abundance estimated.

Generating Krona visualization...
Writing ../zymobiomics_folder/results/runs/run_1305_1621/krona/ZP1_S20.krona.html...
âœ…  Krona plot generated.

Processing sample: ZP2_S21

Removing human reads with Bowtie2...
bowtie2 -x "../data/bowtie_index/GRCh38_noalt_as/GRCh38_noalt_as" -p 8 -q --end-to-end --very-sensitive --no-mixed --no-discordant 	                -1 "../zymobiomics_folder/processed_data/trimmed/paired/ZP2_S21_R1_paired.fastq.gz" -2 "../zymobiomics_folder/processed_data/trimmed/paired/ZP2_S21_R2_paired.fastq.gz" 	                --un-conc "../zymobiomics_folder/processed_data/metagenomic/filtered_fastq/ZP2_S21_metagenomic" -S "../zymobiomics_folder/processed_data/human/aligned_sam/ZP2_S21_human.sam" 2>&1
293443 reads; of these:
  293443 (100.00%) were paired; of these:
    293442 (100.00%) aligned concordantly 0 times
    0 (0.00%) aligned concordantly exactly 1 time
    1 (0.00%) aligned concordantly >1 times
0.00% overall alignment rate
âœ…  Host reads removed.

Classifying metagenomic reads with Kraken2...
kraken2 --db "../data/databases/k2_standard_16gb_20250402" --threads 8 --report "../zymobiomics_folder/results/runs/run_1305_1621/reports/ZP2_S21.k2report" 		--report-minimizer-data --paired --minimum-hit-groups 2 		--classified-out "../zymobiomics_folder/processed_data/metagenomic/classified/ZP2_S21_classified#.fastq" --unclassified-out "../zymobiomics_folder/processed_data/metagenomic/unclassified/ZP2_S21_unclassified#.fastq" 		--output "../zymobiomics_folder/processed_data/metagenomic/kraken2/ZP2_S21.kraken2" --use-names "../zymobiomics_folder/processed_data/metagenomic/filtered_fastq/ZP2_S21_metagenomic.1" "../zymobiomics_folder/processed_data/metagenomic/filtered_fastq/ZP2_S21_metagenomic.2" 2>&1
Loading database information... done.
293442 sequences (42.99 Mbp) processed in 1.220s (14426.2 Kseq/m, 2113.52 Mbp/m).
  195405 sequences classified (66.59%)
  98037 sequences unclassified (33.41%)
âœ…  Classification complete.

Estimating species abundance with Bracken...
 >> Checking for Valid Options...
 >> Running Bracken 
      >> python src/est_abundance.py -i ../zymobiomics_folder/results/runs/run_1305_1621/reports/ZP2_S21.k2report -o ../zymobiomics_folder/processed_data/metagenomic/bracken/ZP2_S21.bracken -k ../data/databases/k2_standard_16gb_20250402/database100mers.kmer_distrib -l S -t 0
>> Checking report file: ../zymobiomics_folder/results/runs/run_1305_1621/reports/ZP2_S21.k2report
PROGRAM START TIME: 05-13-2025 15:26:19
BRACKEN SUMMARY (Kraken report: ../zymobiomics_folder/results/runs/run_1305_1621/reports/ZP2_S21.k2report)
    >>> Threshold: 0 
    >>> Number of species in sample: 236 
	  >> Number of species with reads > threshold: 236 
	  >> Number of species with reads < threshold: 0 
    >>> Total reads in sample: 293442
	  >> Total reads kept at species level (reads > threshold): 54413
	  >> Total reads discarded (species reads < threshold): 0
	  >> Reads distributed: 140965
	  >> Reads not distributed (eg. no species above threshold): 27
	  >> Unclassified reads: 98037
BRACKEN OUTPUT PRODUCED: ../zymobiomics_folder/processed_data/metagenomic/bracken/ZP2_S21.bracken
PROGRAM END TIME: 05-13-2025 15:26:19
  Bracken complete.
âœ…  Abundance estimated.

Generating Krona visualization...
Writing ../zymobiomics_folder/results/runs/run_1305_1621/krona/ZP2_S21.krona.html...
âœ…  Krona plot generated.

Processing sample: ZP3_S22

Removing human reads with Bowtie2...
bowtie2 -x "../data/bowtie_index/GRCh38_noalt_as/GRCh38_noalt_as" -p 8 -q --end-to-end --very-sensitive --no-mixed --no-discordant 	                -1 "../zymobiomics_folder/processed_data/trimmed/paired/ZP3_S22_R1_paired.fastq.gz" -2 "../zymobiomics_folder/processed_data/trimmed/paired/ZP3_S22_R2_paired.fastq.gz" 	                --un-conc "../zymobiomics_folder/processed_data/metagenomic/filtered_fastq/ZP3_S22_metagenomic" -S "../zymobiomics_folder/processed_data/human/aligned_sam/ZP3_S22_human.sam" 2>&1
326857 reads; of these:
  326857 (100.00%) were paired; of these:
    326854 (100.00%) aligned concordantly 0 times
    2 (0.00%) aligned concordantly exactly 1 time
    1 (0.00%) aligned concordantly >1 times
0.00% overall alignment rate
âœ…  Host reads removed.

Classifying metagenomic reads with Kraken2...
kraken2 --db "../data/databases/k2_standard_16gb_20250402" --threads 8 --report "../zymobiomics_folder/results/runs/run_1305_1621/reports/ZP3_S22.k2report" 		--report-minimizer-data --paired --minimum-hit-groups 2 		--classified-out "../zymobiomics_folder/processed_data/metagenomic/classified/ZP3_S22_classified#.fastq" --unclassified-out "../zymobiomics_folder/processed_data/metagenomic/unclassified/ZP3_S22_unclassified#.fastq" 		--output "../zymobiomics_folder/processed_data/metagenomic/kraken2/ZP3_S22.kraken2" --use-names "../zymobiomics_folder/processed_data/metagenomic/filtered_fastq/ZP3_S22_metagenomic.1" "../zymobiomics_folder/processed_data/metagenomic/filtered_fastq/ZP3_S22_metagenomic.2" 2>&1
Loading database information... done.
326854 sequences (47.05 Mbp) processed in 0.975s (20105.5 Kseq/m, 2894.05 Mbp/m).
  215063 sequences classified (65.80%)
  111791 sequences unclassified (34.20%)
âœ…  Classification complete.

Estimating species abundance with Bracken...
 >> Checking for Valid Options...
 >> Running Bracken 
      >> python src/est_abundance.py -i ../zymobiomics_folder/results/runs/run_1305_1621/reports/ZP3_S22.k2report -o ../zymobiomics_folder/processed_data/metagenomic/bracken/ZP3_S22.bracken -k ../data/databases/k2_standard_16gb_20250402/database100mers.kmer_distrib -l S -t 0
>> Checking report file: ../zymobiomics_folder/results/runs/run_1305_1621/reports/ZP3_S22.k2report
PROGRAM START TIME: 05-13-2025 15:26:39
BRACKEN SUMMARY (Kraken report: ../zymobiomics_folder/results/runs/run_1305_1621/reports/ZP3_S22.k2report)
    >>> Threshold: 0 
    >>> Number of species in sample: 238 
	  >> Number of species with reads > threshold: 238 
	  >> Number of species with reads < threshold: 0 
    >>> Total reads in sample: 326854
	  >> Total reads kept at species level (reads > threshold): 59407
	  >> Total reads discarded (species reads < threshold): 0
	  >> Reads distributed: 155634
	  >> Reads not distributed (eg. no species above threshold): 22
	  >> Unclassified reads: 111791
BRACKEN OUTPUT PRODUCED: ../zymobiomics_folder/processed_data/metagenomic/bracken/ZP3_S22.bracken
PROGRAM END TIME: 05-13-2025 15:26:39
  Bracken complete.
âœ…  Abundance estimated.

Generating Krona visualization...
Writing ../zymobiomics_folder/results/runs/run_1305_1621/krona/ZP3_S22.krona.html...
âœ…  Krona plot generated.

Metagenomic classification completed in: 00:02:43

Calculating read length statistics...
ZC1_S4_metagenomic.1: mean = 90.3, median = 78.0
ZC2_S5_metagenomic.1: mean = 71.7, median = 63.0
ZC3_S6_metagenomic.1: mean = 78.4, median = 67.0
ZC4_S7_metagenomic.1: mean = 73.4, median = 62.0
ZP1_S20_metagenomic.1: mean = 78.2, median = 69.0
ZP2_S21_metagenomic.1: mean = 73.4, median = 64.0
ZP3_S22_metagenomic.1: mean = 72.0, median = 62.0
ZC1_S4_metagenomic.2: mean = 89.5, median = 78.0
ZC2_S5_metagenomic.2: mean = 71.7, median = 63.0
ZC3_S6_metagenomic.2: mean = 78.1, median = 67.0
ZC4_S7_metagenomic.2: mean = 73.2, median = 62.0
ZP1_S20_metagenomic.2: mean = 78.0, median = 69.0
ZP2_S21_metagenomic.2: mean = 73.1, median = 64.0
ZP3_S22_metagenomic.2: mean = 72.0, median = 63.0
ZC1_S4_classified_1.fastq: mean = 101.7, median = 92.0
ZC1_S4_classified_2.fastq: mean = 100.7, median = 91.0
ZC2_S5_classified_1.fastq: mean = 82.7, median = 75.0
ZC2_S5_classified_2.fastq: mean = 82.6, median = 75.0
ZC3_S6_classified_1.fastq: mean = 90.3, median = 80.0
ZC3_S6_classified_2.fastq: mean = 90.0, median = 81.0
ZC4_S7_classified_1.fastq: mean = 85.8, median = 75.0
ZC4_S7_classified_2.fastq: mean = 85.5, median = 75.0
ZP1_S20_classified_1.fastq: mean = 88.5, median = 80.0
ZP1_S20_classified_2.fastq: mean = 88.2, median = 80.0
ZP2_S21_classified_1.fastq: mean = 84.2, median = 76.0
ZP2_S21_classified_2.fastq: mean = 83.9, median = 76.0
ZP3_S22_classified_1.fastq: mean = 83.0, median = 75.0
ZP3_S22_classified_2.fastq: mean = 82.9, median = 75.0
ZC1_S4_unclassified_1.fastq: mean = 58.1, median = 49.0
ZC1_S4_unclassified_2.fastq: mean = 58.0, median = 49.0
ZC2_S5_unclassified_1.fastq: mean = 51.9, median = 46.0
ZC2_S5_unclassified_2.fastq: mean = 51.9, median = 46.0
ZC3_S6_unclassified_1.fastq: mean = 54.2, median = 47.0
ZC3_S6_unclassified_2.fastq: mean = 54.2, median = 47.0
ZC4_S7_unclassified_1.fastq: mean = 51.4, median = 45.0
ZC4_S7_unclassified_2.fastq: mean = 51.4, median = 45.0
ZP1_S20_unclassified_1.fastq: mean = 53.6, median = 47.0
ZP1_S20_unclassified_2.fastq: mean = 53.5, median = 47.0
ZP2_S21_unclassified_1.fastq: mean = 51.7, median = 46.0
ZP2_S21_unclassified_2.fastq: mean = 51.7, median = 46.0
ZP3_S22_unclassified_1.fastq: mean = 50.8, median = 45.0
ZP3_S22_unclassified_2.fastq: mean = 50.9, median = 45.0
âœ… Statistics generated.

Combining Bracken reports...
Combined CSV file saved to: ../zymobiomics_folder/results/runs/run_1305_1621/combined_breports.csv 
âœ… Bracken reports combined.

Copying SLURM job logs...
