
================================================= ARGUMENT PARSING & VALIDATION =================================================

⚠️  Trimming and host DNA removal are optional but must be done once; if skipped, ensure trimmed and filtered files exist in the correct directories.\n
===== Pipeline Configuration Summary =====
Raw FASTQ directory path: /scratch/users/k24087895/final_project/zymobiomics_folder/raw_data
Kraken2/Bracken Database: /scratch/users/k24087895/final_project/data/databases/k2_pluspfp_08gb_20241228
Ground Truth: /scratch/users/k24087895/final_project/zymobiomics_folder/raw_data/ground_truth.csv ✅
Quality Control & Trimming: Disabled ❌
Host DNA Removal: Disabled ❌

================================================= CONDA ENVIRONMENT ACTIVATION ==================================================

✅ 'metagenomics' environment activated successfully.

====================================================== PROJECT STRUCTURE ======================================================

/scratch/users/k24087895/final_project/zymobiomics_folder
├── processed_data
│   ├── human
│   │   ├── aligned_sam
│   │   ├── bed_files
│   │   └── sorted_bam
│   ├── metagenomic
│   │   ├── bracken
│   │   ├── classified
│   │   ├── filtered_fastq
│   │   ├── kraken2
│   │   └── unclassified
│   └── trimmed
│       ├── paired
│       └── unpaired
├── raw_data
└── results
    ├── fastqc
    │   ├── post_trimming
    │   └── pre_trimming
    ├── host_dna_analysis
    └── runs
        ├── run_0806_2227
        ├── run_0806_2325
        ├── run_0806_2336
        ├── run_0806_2347
        ├── run_0806_2356
        ├── run_0906_0005
        ├── run_0906_0017
        ├── run_0906_0029
        ├── run_0906_0040
        ├── run_0906_0051
        ├── run_0906_0102
        ├── run_0906_0113
        ├── run_0906_0122
        ├── run_0906_0131
        ├── run_0906_0141
        ├── run_0906_0149
        ├── run_0906_0157
        ├── run_0906_0205
        ├── run_0906_0213
        ├── run_0906_0221
        ├── run_0906_0229
        ├── run_0906_0237
        ├── run_0906_0246
        ├── run_0906_0256
        ├── run_0906_0305
        ├── run_0906_0314
        ├── run_0906_0323
        ├── run_0906_0332
        ├── run_0906_0341
        ├── run_0906_0350
        ├── run_0906_0400
        ├── run_0906_0409
        ├── run_0906_0418
        ├── run_0906_0427
        ├── run_0906_0436
        ├── run_0906_0442
        ├── run_0906_0448
        ├── run_0906_0457
        ├── run_0906_0506
        ├── run_0906_0515
        ├── run_0906_0522
        ├── run_0906_0529
        ├── run_0906_0540
        ├── run_0906_0551
        ├── run_0906_0601
        ├── run_0906_0609
        ├── run_0906_0619
        ├── run_0906_0628
        ├── run_0906_0636
        ├── run_0906_0648
        ├── run_0906_0658
        ├── run_0906_0709
        ├── run_0906_0720
        ├── run_2005_1637
        ├── run_2005_1655
        ├── run_2005_1658
        ├── run_2005_1706
        ├── run_2005_1730
        ├── run_2005_1744
        ├── run_2105_1617
        ├── run_2105_1632
        ├── run_2105_1640
        ├── run_2105_1653
        ├── run_2105_1700
        ├── run_2105_1708
        ├── run_2105_1713
        ├── run_2105_1722
        ├── run_2205_1556
        ├── run_2205_1603
        ├── run_2205_1608
        ├── run_2205_1648
        ├── run_2205_1702
        ├── run_2205_1708
        ├── run_2205_1718
        ├── run_2205_1725
        ├── run_2305_1437
        ├── run_2305_1444
        ├── run_2305_1459
        ├── run_2305_1505
        ├── run_2305_1511
        ├── run_2305_1526
        ├── run_2305_1536
        ├── run_2305_1550
        ├── run_2305_1554
        ├── run_2305_1611
        ├── run_2505_2018
        ├── run_2705_1328
        ├── run_2705_1329
        ├── run_2705_1331
        ├── run_2705_1332
        ├── run_2705_1340
        ├── run_2705_1405
        ├── run_2705_1605
        ├── run_2705_1631
        ├── run_2705_1633
        ├── run_2705_1659
        ├── run_2705_1708
        ├── run_2705_1719
        ├── run_2705_1731
        ├── run_2705_1741
        ├── run_2705_1750
        └── run_2705_1800

123 directories
Human DNA-related files (SAM, BAM, and BED) in the 'human' directory are created once per sub-project and remain unchanged across runs.
Intermediate metagenomic files in the 'metagenomic' directory are overwritten with each run and should be inspected beforehand if desired.
Results are stored in the 'results' directory (including FastQC, host DNA analysis, and run-specific results like Kraken2 and Bracken).

================================================= METAGENOMIC ABUNDANCE ESTIMATION =================================================
⚠️  This step assumes reads have already been trimmed with Trimmomatic and host DNA removed with Bowtie2. Processed reads must be in the correct directory.

Processing sample: ZC1_S4

Classifying metagenomic reads with Kraken2...
kraken2 --db "/scratch/users/k24087895/final_project/data/databases/k2_pluspfp_08gb_20241228" --threads 8 --report "/scratch/users/k24087895/final_project/zymobiomics_folder/results/runs/run_0906_0720/reports/ZC1_S4.k2report" 		--report-minimizer-data --paired --minimum-hit-groups 3 		--classified-out "/scratch/users/k24087895/final_project/zymobiomics_folder/processed_data/metagenomic/classified/ZC1_S4_classified#.fastq" --unclassified-out "/scratch/users/k24087895/final_project/zymobiomics_folder/processed_data/metagenomic/unclassified/ZC1_S4_unclassified#.fastq" 		--output "/scratch/users/k24087895/final_project/zymobiomics_folder/processed_data/metagenomic/kraken2/ZC1_S4.kraken2" --use-names "/scratch/users/k24087895/final_project/zymobiomics_folder/processed_data/metagenomic/filtered_fastq/ZC1_S4_metagenomic.1" "/scratch/users/k24087895/final_project/zymobiomics_folder/processed_data/metagenomic/filtered_fastq/ZC1_S4_metagenomic.2" 2>&1
Loading database information... done.
287710 sequences (51.71 Mbp) processed in 1.057s (16337.7 Kseq/m, 2936.40 Mbp/m).
  50554 sequences classified (17.57%)
  237156 sequences unclassified (82.43%)
✅  Classification complete.

Estimating species abundance with Bracken...
 >> Checking for Valid Options...
 >> Running Bracken 
      >> python src/est_abundance.py -i /scratch/users/k24087895/final_project/zymobiomics_folder/results/runs/run_0906_0720/reports/ZC1_S4.k2report -o /scratch/users/k24087895/final_project/zymobiomics_folder/processed_data/metagenomic/bracken/ZC1_S4.bracken -k /scratch/users/k24087895/final_project/data/databases/k2_pluspfp_08gb_20241228/database100mers.kmer_distrib -l S -t 5
>> Checking report file: /scratch/users/k24087895/final_project/zymobiomics_folder/results/runs/run_0906_0720/reports/ZC1_S4.k2report
PROGRAM START TIME: 06-09-2025 06:21:06
BRACKEN SUMMARY (Kraken report: /scratch/users/k24087895/final_project/zymobiomics_folder/results/runs/run_0906_0720/reports/ZC1_S4.k2report)
    >>> Threshold: 5 
    >>> Number of species in sample: 98 
	  >> Number of species with reads > threshold: 18 
	  >> Number of species with reads < threshold: 80 
    >>> Total reads in sample: 287710
	  >> Total reads kept at species level (reads > threshold): 14857
	  >> Total reads discarded (species reads < threshold): 109
	  >> Reads distributed: 35562
	  >> Reads not distributed (eg. no species above threshold): 26
	  >> Unclassified reads: 237156
BRACKEN OUTPUT PRODUCED: /scratch/users/k24087895/final_project/zymobiomics_folder/processed_data/metagenomic/bracken/ZC1_S4.bracken
PROGRAM END TIME: 06-09-2025 06:21:06
  Bracken complete.
✅  Abundance estimated.

Generating Krona visualization...
Writing /scratch/users/k24087895/final_project/zymobiomics_folder/results/runs/run_0906_0720/krona/ZC1_S4.krona.html...
✅  Krona plot generated.

Processing sample: ZC2_S5

Classifying metagenomic reads with Kraken2...
kraken2 --db "/scratch/users/k24087895/final_project/data/databases/k2_pluspfp_08gb_20241228" --threads 8 --report "/scratch/users/k24087895/final_project/zymobiomics_folder/results/runs/run_0906_0720/reports/ZC2_S5.k2report" 		--report-minimizer-data --paired --minimum-hit-groups 3 		--classified-out "/scratch/users/k24087895/final_project/zymobiomics_folder/processed_data/metagenomic/classified/ZC2_S5_classified#.fastq" --unclassified-out "/scratch/users/k24087895/final_project/zymobiomics_folder/processed_data/metagenomic/unclassified/ZC2_S5_unclassified#.fastq" 		--output "/scratch/users/k24087895/final_project/zymobiomics_folder/processed_data/metagenomic/kraken2/ZC2_S5.kraken2" --use-names "/scratch/users/k24087895/final_project/zymobiomics_folder/processed_data/metagenomic/filtered_fastq/ZC2_S5_metagenomic.1" "/scratch/users/k24087895/final_project/zymobiomics_folder/processed_data/metagenomic/filtered_fastq/ZC2_S5_metagenomic.2" 2>&1
Loading database information... done.
267582 sequences (38.37 Mbp) processed in 0.839s (19131.7 Kseq/m, 2743.20 Mbp/m).
  27610 sequences classified (10.32%)
  239972 sequences unclassified (89.68%)
✅  Classification complete.

Estimating species abundance with Bracken...
 >> Checking for Valid Options...
 >> Running Bracken 
      >> python src/est_abundance.py -i /scratch/users/k24087895/final_project/zymobiomics_folder/results/runs/run_0906_0720/reports/ZC2_S5.k2report -o /scratch/users/k24087895/final_project/zymobiomics_folder/processed_data/metagenomic/bracken/ZC2_S5.bracken -k /scratch/users/k24087895/final_project/data/databases/k2_pluspfp_08gb_20241228/database100mers.kmer_distrib -l S -t 5
>> Checking report file: /scratch/users/k24087895/final_project/zymobiomics_folder/results/runs/run_0906_0720/reports/ZC2_S5.k2report
PROGRAM START TIME: 06-09-2025 06:21:15
BRACKEN SUMMARY (Kraken report: /scratch/users/k24087895/final_project/zymobiomics_folder/results/runs/run_0906_0720/reports/ZC2_S5.k2report)
    >>> Threshold: 5 
    >>> Number of species in sample: 59 
	  >> Number of species with reads > threshold: 12 
	  >> Number of species with reads < threshold: 47 
    >>> Total reads in sample: 267582
	  >> Total reads kept at species level (reads > threshold): 7740
	  >> Total reads discarded (species reads < threshold): 68
	  >> Reads distributed: 19790
	  >> Reads not distributed (eg. no species above threshold): 12
	  >> Unclassified reads: 239972
BRACKEN OUTPUT PRODUCED: /scratch/users/k24087895/final_project/zymobiomics_folder/processed_data/metagenomic/bracken/ZC2_S5.bracken
PROGRAM END TIME: 06-09-2025 06:21:15
  Bracken complete.
✅  Abundance estimated.

Generating Krona visualization...
Writing /scratch/users/k24087895/final_project/zymobiomics_folder/results/runs/run_0906_0720/krona/ZC2_S5.krona.html...
✅  Krona plot generated.

Processing sample: ZC3_S6

Classifying metagenomic reads with Kraken2...
kraken2 --db "/scratch/users/k24087895/final_project/data/databases/k2_pluspfp_08gb_20241228" --threads 8 --report "/scratch/users/k24087895/final_project/zymobiomics_folder/results/runs/run_0906_0720/reports/ZC3_S6.k2report" 		--report-minimizer-data --paired --minimum-hit-groups 3 		--classified-out "/scratch/users/k24087895/final_project/zymobiomics_folder/processed_data/metagenomic/classified/ZC3_S6_classified#.fastq" --unclassified-out "/scratch/users/k24087895/final_project/zymobiomics_folder/processed_data/metagenomic/unclassified/ZC3_S6_unclassified#.fastq" 		--output "/scratch/users/k24087895/final_project/zymobiomics_folder/processed_data/metagenomic/kraken2/ZC3_S6.kraken2" --use-names "/scratch/users/k24087895/final_project/zymobiomics_folder/processed_data/metagenomic/filtered_fastq/ZC3_S6_metagenomic.1" "/scratch/users/k24087895/final_project/zymobiomics_folder/processed_data/metagenomic/filtered_fastq/ZC3_S6_metagenomic.2" 2>&1
Loading database information... done.
273941 sequences (42.88 Mbp) processed in 1.032s (15927.4 Kseq/m, 2492.84 Mbp/m).
  34252 sequences classified (12.50%)
  239689 sequences unclassified (87.50%)
✅  Classification complete.

Estimating species abundance with Bracken...
 >> Checking for Valid Options...
 >> Running Bracken 
      >> python src/est_abundance.py -i /scratch/users/k24087895/final_project/zymobiomics_folder/results/runs/run_0906_0720/reports/ZC3_S6.k2report -o /scratch/users/k24087895/final_project/zymobiomics_folder/processed_data/metagenomic/bracken/ZC3_S6.bracken -k /scratch/users/k24087895/final_project/data/databases/k2_pluspfp_08gb_20241228/database100mers.kmer_distrib -l S -t 5
>> Checking report file: /scratch/users/k24087895/final_project/zymobiomics_folder/results/runs/run_0906_0720/reports/ZC3_S6.k2report
PROGRAM START TIME: 06-09-2025 06:21:24
BRACKEN SUMMARY (Kraken report: /scratch/users/k24087895/final_project/zymobiomics_folder/results/runs/run_0906_0720/reports/ZC3_S6.k2report)
    >>> Threshold: 5 
    >>> Number of species in sample: 68 
	  >> Number of species with reads > threshold: 15 
	  >> Number of species with reads < threshold: 53 
    >>> Total reads in sample: 273941
	  >> Total reads kept at species level (reads > threshold): 10376
	  >> Total reads discarded (species reads < threshold): 75
	  >> Reads distributed: 23791
	  >> Reads not distributed (eg. no species above threshold): 10
	  >> Unclassified reads: 239689
BRACKEN OUTPUT PRODUCED: /scratch/users/k24087895/final_project/zymobiomics_folder/processed_data/metagenomic/bracken/ZC3_S6.bracken
PROGRAM END TIME: 06-09-2025 06:21:25
  Bracken complete.
✅  Abundance estimated.

Generating Krona visualization...
Writing /scratch/users/k24087895/final_project/zymobiomics_folder/results/runs/run_0906_0720/krona/ZC3_S6.krona.html...
✅  Krona plot generated.

Processing sample: ZC4_S7

Classifying metagenomic reads with Kraken2...
kraken2 --db "/scratch/users/k24087895/final_project/data/databases/k2_pluspfp_08gb_20241228" --threads 8 --report "/scratch/users/k24087895/final_project/zymobiomics_folder/results/runs/run_0906_0720/reports/ZC4_S7.k2report" 		--report-minimizer-data --paired --minimum-hit-groups 3 		--classified-out "/scratch/users/k24087895/final_project/zymobiomics_folder/processed_data/metagenomic/classified/ZC4_S7_classified#.fastq" --unclassified-out "/scratch/users/k24087895/final_project/zymobiomics_folder/processed_data/metagenomic/unclassified/ZC4_S7_unclassified#.fastq" 		--output "/scratch/users/k24087895/final_project/zymobiomics_folder/processed_data/metagenomic/kraken2/ZC4_S7.kraken2" --use-names "/scratch/users/k24087895/final_project/zymobiomics_folder/processed_data/metagenomic/filtered_fastq/ZC4_S7_metagenomic.1" "/scratch/users/k24087895/final_project/zymobiomics_folder/processed_data/metagenomic/filtered_fastq/ZC4_S7_metagenomic.2" 2>&1
Loading database information... done.
238874 sequences (35.00 Mbp) processed in 0.879s (16302.2 Kseq/m, 2388.78 Mbp/m).
  27061 sequences classified (11.33%)
  211813 sequences unclassified (88.67%)
✅  Classification complete.

Estimating species abundance with Bracken...
 >> Checking for Valid Options...
 >> Running Bracken 
      >> python src/est_abundance.py -i /scratch/users/k24087895/final_project/zymobiomics_folder/results/runs/run_0906_0720/reports/ZC4_S7.k2report -o /scratch/users/k24087895/final_project/zymobiomics_folder/processed_data/metagenomic/bracken/ZC4_S7.bracken -k /scratch/users/k24087895/final_project/data/databases/k2_pluspfp_08gb_20241228/database100mers.kmer_distrib -l S -t 5
>> Checking report file: /scratch/users/k24087895/final_project/zymobiomics_folder/results/runs/run_0906_0720/reports/ZC4_S7.k2report
PROGRAM START TIME: 06-09-2025 06:21:32
BRACKEN SUMMARY (Kraken report: /scratch/users/k24087895/final_project/zymobiomics_folder/results/runs/run_0906_0720/reports/ZC4_S7.k2report)
    >>> Threshold: 5 
    >>> Number of species in sample: 57 
	  >> Number of species with reads > threshold: 12 
	  >> Number of species with reads < threshold: 45 
    >>> Total reads in sample: 238874
	  >> Total reads kept at species level (reads > threshold): 8390
	  >> Total reads discarded (species reads < threshold): 65
	  >> Reads distributed: 18602
	  >> Reads not distributed (eg. no species above threshold): 4
	  >> Unclassified reads: 211813
BRACKEN OUTPUT PRODUCED: /scratch/users/k24087895/final_project/zymobiomics_folder/processed_data/metagenomic/bracken/ZC4_S7.bracken
PROGRAM END TIME: 06-09-2025 06:21:33
  Bracken complete.
✅  Abundance estimated.

Generating Krona visualization...
Writing /scratch/users/k24087895/final_project/zymobiomics_folder/results/runs/run_0906_0720/krona/ZC4_S7.krona.html...
✅  Krona plot generated.

Processing sample: ZP1_S20

Classifying metagenomic reads with Kraken2...
kraken2 --db "/scratch/users/k24087895/final_project/data/databases/k2_pluspfp_08gb_20241228" --threads 8 --report "/scratch/users/k24087895/final_project/zymobiomics_folder/results/runs/run_0906_0720/reports/ZP1_S20.k2report" 		--report-minimizer-data --paired --minimum-hit-groups 3 		--classified-out "/scratch/users/k24087895/final_project/zymobiomics_folder/processed_data/metagenomic/classified/ZP1_S20_classified#.fastq" --unclassified-out "/scratch/users/k24087895/final_project/zymobiomics_folder/processed_data/metagenomic/unclassified/ZP1_S20_unclassified#.fastq" 		--output "/scratch/users/k24087895/final_project/zymobiomics_folder/processed_data/metagenomic/kraken2/ZP1_S20.kraken2" --use-names "/scratch/users/k24087895/final_project/zymobiomics_folder/processed_data/metagenomic/filtered_fastq/ZP1_S20_metagenomic.1" "/scratch/users/k24087895/final_project/zymobiomics_folder/processed_data/metagenomic/filtered_fastq/ZP1_S20_metagenomic.2" 2>&1
Loading database information... done.
299531 sequences (46.78 Mbp) processed in 1.001s (17950.0 Kseq/m, 2803.64 Mbp/m).
  38676 sequences classified (12.91%)
  260855 sequences unclassified (87.09%)
✅  Classification complete.

Estimating species abundance with Bracken...
 >> Checking for Valid Options...
 >> Running Bracken 
      >> python src/est_abundance.py -i /scratch/users/k24087895/final_project/zymobiomics_folder/results/runs/run_0906_0720/reports/ZP1_S20.k2report -o /scratch/users/k24087895/final_project/zymobiomics_folder/processed_data/metagenomic/bracken/ZP1_S20.bracken -k /scratch/users/k24087895/final_project/data/databases/k2_pluspfp_08gb_20241228/database100mers.kmer_distrib -l S -t 5
>> Checking report file: /scratch/users/k24087895/final_project/zymobiomics_folder/results/runs/run_0906_0720/reports/ZP1_S20.k2report
PROGRAM START TIME: 06-09-2025 06:21:42
BRACKEN SUMMARY (Kraken report: /scratch/users/k24087895/final_project/zymobiomics_folder/results/runs/run_0906_0720/reports/ZP1_S20.k2report)
    >>> Threshold: 5 
    >>> Number of species in sample: 68 
	  >> Number of species with reads > threshold: 14 
	  >> Number of species with reads < threshold: 54 
    >>> Total reads in sample: 299531
	  >> Total reads kept at species level (reads > threshold): 11151
	  >> Total reads discarded (species reads < threshold): 77
	  >> Reads distributed: 27437
	  >> Reads not distributed (eg. no species above threshold): 11
	  >> Unclassified reads: 260855
BRACKEN OUTPUT PRODUCED: /scratch/users/k24087895/final_project/zymobiomics_folder/processed_data/metagenomic/bracken/ZP1_S20.bracken
PROGRAM END TIME: 06-09-2025 06:21:42
  Bracken complete.
✅  Abundance estimated.

Generating Krona visualization...
Writing /scratch/users/k24087895/final_project/zymobiomics_folder/results/runs/run_0906_0720/krona/ZP1_S20.krona.html...
✅  Krona plot generated.

Processing sample: ZP2_S21

Classifying metagenomic reads with Kraken2...
kraken2 --db "/scratch/users/k24087895/final_project/data/databases/k2_pluspfp_08gb_20241228" --threads 8 --report "/scratch/users/k24087895/final_project/zymobiomics_folder/results/runs/run_0906_0720/reports/ZP2_S21.k2report" 		--report-minimizer-data --paired --minimum-hit-groups 3 		--classified-out "/scratch/users/k24087895/final_project/zymobiomics_folder/processed_data/metagenomic/classified/ZP2_S21_classified#.fastq" --unclassified-out "/scratch/users/k24087895/final_project/zymobiomics_folder/processed_data/metagenomic/unclassified/ZP2_S21_unclassified#.fastq" 		--output "/scratch/users/k24087895/final_project/zymobiomics_folder/processed_data/metagenomic/kraken2/ZP2_S21.kraken2" --use-names "/scratch/users/k24087895/final_project/zymobiomics_folder/processed_data/metagenomic/filtered_fastq/ZP2_S21_metagenomic.1" "/scratch/users/k24087895/final_project/zymobiomics_folder/processed_data/metagenomic/filtered_fastq/ZP2_S21_metagenomic.2" 2>&1
Loading database information... done.
293442 sequences (42.99 Mbp) processed in 0.994s (17714.5 Kseq/m, 2595.28 Mbp/m).
  32526 sequences classified (11.08%)
  260916 sequences unclassified (88.92%)
✅  Classification complete.

Estimating species abundance with Bracken...
 >> Checking for Valid Options...
 >> Running Bracken 
      >> python src/est_abundance.py -i /scratch/users/k24087895/final_project/zymobiomics_folder/results/runs/run_0906_0720/reports/ZP2_S21.k2report -o /scratch/users/k24087895/final_project/zymobiomics_folder/processed_data/metagenomic/bracken/ZP2_S21.bracken -k /scratch/users/k24087895/final_project/data/databases/k2_pluspfp_08gb_20241228/database100mers.kmer_distrib -l S -t 5
>> Checking report file: /scratch/users/k24087895/final_project/zymobiomics_folder/results/runs/run_0906_0720/reports/ZP2_S21.k2report
PROGRAM START TIME: 06-09-2025 06:21:52
BRACKEN SUMMARY (Kraken report: /scratch/users/k24087895/final_project/zymobiomics_folder/results/runs/run_0906_0720/reports/ZP2_S21.k2report)
    >>> Threshold: 5 
    >>> Number of species in sample: 63 
	  >> Number of species with reads > threshold: 15 
	  >> Number of species with reads < threshold: 48 
    >>> Total reads in sample: 293442
	  >> Total reads kept at species level (reads > threshold): 9432
	  >> Total reads discarded (species reads < threshold): 68
	  >> Reads distributed: 23014
	  >> Reads not distributed (eg. no species above threshold): 12
	  >> Unclassified reads: 260916
BRACKEN OUTPUT PRODUCED: /scratch/users/k24087895/final_project/zymobiomics_folder/processed_data/metagenomic/bracken/ZP2_S21.bracken
PROGRAM END TIME: 06-09-2025 06:21:52
  Bracken complete.
✅  Abundance estimated.

Generating Krona visualization...
Writing /scratch/users/k24087895/final_project/zymobiomics_folder/results/runs/run_0906_0720/krona/ZP2_S21.krona.html...
✅  Krona plot generated.

Processing sample: ZP3_S22

Classifying metagenomic reads with Kraken2...
kraken2 --db "/scratch/users/k24087895/final_project/data/databases/k2_pluspfp_08gb_20241228" --threads 8 --report "/scratch/users/k24087895/final_project/zymobiomics_folder/results/runs/run_0906_0720/reports/ZP3_S22.k2report" 		--report-minimizer-data --paired --minimum-hit-groups 3 		--classified-out "/scratch/users/k24087895/final_project/zymobiomics_folder/processed_data/metagenomic/classified/ZP3_S22_classified#.fastq" --unclassified-out "/scratch/users/k24087895/final_project/zymobiomics_folder/processed_data/metagenomic/unclassified/ZP3_S22_unclassified#.fastq" 		--output "/scratch/users/k24087895/final_project/zymobiomics_folder/processed_data/metagenomic/kraken2/ZP3_S22.kraken2" --use-names "/scratch/users/k24087895/final_project/zymobiomics_folder/processed_data/metagenomic/filtered_fastq/ZP3_S22_metagenomic.1" "/scratch/users/k24087895/final_project/zymobiomics_folder/processed_data/metagenomic/filtered_fastq/ZP3_S22_metagenomic.2" 2>&1
Loading database information... done.
326854 sequences (47.05 Mbp) processed in 1.275s (15375.6 Kseq/m, 2213.20 Mbp/m).
  34968 sequences classified (10.70%)
  291886 sequences unclassified (89.30%)
✅  Classification complete.

Estimating species abundance with Bracken...
 >> Checking for Valid Options...
 >> Running Bracken 
      >> python src/est_abundance.py -i /scratch/users/k24087895/final_project/zymobiomics_folder/results/runs/run_0906_0720/reports/ZP3_S22.k2report -o /scratch/users/k24087895/final_project/zymobiomics_folder/processed_data/metagenomic/bracken/ZP3_S22.bracken -k /scratch/users/k24087895/final_project/data/databases/k2_pluspfp_08gb_20241228/database100mers.kmer_distrib -l S -t 5
>> Checking report file: /scratch/users/k24087895/final_project/zymobiomics_folder/results/runs/run_0906_0720/reports/ZP3_S22.k2report
PROGRAM START TIME: 06-09-2025 06:22:02
BRACKEN SUMMARY (Kraken report: /scratch/users/k24087895/final_project/zymobiomics_folder/results/runs/run_0906_0720/reports/ZP3_S22.k2report)
    >>> Threshold: 5 
    >>> Number of species in sample: 75 
	  >> Number of species with reads > threshold: 12 
	  >> Number of species with reads < threshold: 63 
    >>> Total reads in sample: 326854
	  >> Total reads kept at species level (reads > threshold): 10074
	  >> Total reads discarded (species reads < threshold): 89
	  >> Reads distributed: 24797
	  >> Reads not distributed (eg. no species above threshold): 8
	  >> Unclassified reads: 291886
BRACKEN OUTPUT PRODUCED: /scratch/users/k24087895/final_project/zymobiomics_folder/processed_data/metagenomic/bracken/ZP3_S22.bracken
PROGRAM END TIME: 06-09-2025 06:22:02
  Bracken complete.
✅  Abundance estimated.

Generating Krona visualization...
Writing /scratch/users/k24087895/final_project/zymobiomics_folder/results/runs/run_0906_0720/krona/ZP3_S22.krona.html...
✅  Krona plot generated.

Metagenomic classification completed in: 00:01:05

Calculating read length statistics...
ZC1_S4_metagenomic.1: mean = 90.3, median = 78.0
ZC2_S5_metagenomic.1: mean = 71.7, median = 63.0
ZC3_S6_metagenomic.1: mean = 78.4, median = 67.0
ZC4_S7_metagenomic.1: mean = 73.4, median = 62.0
ZP1_S20_metagenomic.1: mean = 78.2, median = 69.0
ZP2_S21_metagenomic.1: mean = 73.4, median = 64.0
ZP3_S22_metagenomic.1: mean = 72.0, median = 62.0
ZC1_S4_metagenomic.2: mean = 89.5, median = 78.0
ZC2_S5_metagenomic.2: mean = 71.7, median = 63.0
ZC3_S6_metagenomic.2: mean = 78.1, median = 67.0
ZC4_S7_metagenomic.2: mean = 73.2, median = 62.0
ZP1_S20_metagenomic.2: mean = 78.0, median = 69.0
ZP2_S21_metagenomic.2: mean = 73.1, median = 64.0
ZP3_S22_metagenomic.2: mean = 72.0, median = 63.0
ZC1_S4_classified_1.fastq: mean = 134.5, median = 130.0
ZC1_S4_classified_2.fastq: mean = 132.2, median = 130.0
ZC2_S5_classified_1.fastq: mean = 109.6, median = 103.0
ZC2_S5_classified_2.fastq: mean = 109.2, median = 103.0
ZC3_S6_classified_1.fastq: mean = 121.5, median = 115.0
ZC3_S6_classified_2.fastq: mean = 120.3, median = 114.0
ZC4_S7_classified_1.fastq: mean = 119.2, median = 111.0
ZC4_S7_classified_2.fastq: mean = 117.8, median = 111.0
ZP1_S20_classified_1.fastq: mean = 115.7, median = 109.0
ZP1_S20_classified_2.fastq: mean = 115.0, median = 109.0
ZP2_S21_classified_1.fastq: mean = 111.7, median = 105.0
ZP2_S21_classified_2.fastq: mean = 110.8, median = 105.0
ZP3_S22_classified_1.fastq: mean = 110.6, median = 104.0
ZP3_S22_classified_2.fastq: mean = 110.3, median = 104.0
ZC1_S4_unclassified_1.fastq: mean = 80.8, median = 71.0
ZC1_S4_unclassified_2.fastq: mean = 80.4, median = 70.0
ZC2_S5_unclassified_1.fastq: mean = 67.4, median = 59.0
ZC2_S5_unclassified_2.fastq: mean = 67.3, median = 60.0
ZC3_S6_unclassified_1.fastq: mean = 72.2, median = 63.0
ZC3_S6_unclassified_2.fastq: mean = 72.1, median = 63.0
ZC4_S7_unclassified_1.fastq: mean = 67.5, median = 58.0
ZC4_S7_unclassified_2.fastq: mean = 67.5, median = 58.0
ZP1_S20_unclassified_1.fastq: mean = 72.6, median = 65.0
ZP1_S20_unclassified_2.fastq: mean = 72.5, median = 65.0
ZP2_S21_unclassified_1.fastq: mean = 68.6, median = 61.0
ZP2_S21_unclassified_2.fastq: mean = 68.4, median = 61.0
ZP3_S22_unclassified_1.fastq: mean = 67.3, median = 59.0
ZP3_S22_unclassified_2.fastq: mean = 67.4, median = 59.0
✅ Statistics generated.

Combining Bracken reports...
✅ Bracken reports combined.

Copying SLURM job logs...
✅ SLURM job logs copied.

================================================= COMPARISON TO GROUND TRUTH =================================================

================================================= METAGENOMIC DIVERSITY ANALYSIS =================================================
Calculating alpha and beta diversity...
✅ Alpha diversity calculated.
✅ Beta diversity heatmap generated.
✅  Diversity analysis completed successfully.

✅  Pipeline completed successfully.

Copying final SLURM job logs
