100.00	4	0	R	1	root
100.00	4	0	R1	131567	  cellular organisms
100.00	4	0	R2	2	    Bacteria
 75.00	3	0	K	1783272	      Bacillati
 75.00	3	0	P	1239	        Bacillota
 75.00	3	0	C	91061	          Bacilli
 75.00	3	0	O	1385	            Bacillales
 25.00	1	0	F	90964	              Staphylococcaceae
 25.00	1	0	G	1279	                Staphylococcus
 25.00	1	1	S	1280	                  Staphylococcus aureus
 25.00	1	0	F	186817	              Bacillaceae
 25.00	1	0	G	1386	                Bacillus
 25.00	1	0	G1	653685	                  Bacillus subtilis group
 25.00	1	0	S	1423	                    Bacillus subtilis
 25.00	1	0	S1	135461	                      Bacillus subtilis subsp. subtilis
 25.00	1	1	S2	224308	                        Bacillus subtilis subsp. subtilis str. 168
 25.00	1	0	F	186820	              Listeriaceae
 25.00	1	0	G	1637	                Listeria
 25.00	1	0	S	1639	                  Listeria monocytogenes
 25.00	1	1	S1	169963	                    Listeria monocytogenes EGD-e
 25.00	1	0	K	3379134	      Pseudomonadati
 25.00	1	0	P	1224	        Pseudomonadota
 25.00	1	0	C	1236	          Gammaproteobacteria
 25.00	1	0	O	91347	            Enterobacterales
 25.00	1	0	F	543	              Enterobacteriaceae
 25.00	1	0	G	561	                Escherichia
 25.00	1	1	S	562	                  Escherichia coli
