+ THREADS=8
+ KMER_LEN=35
+ GENOMES=/scratch/users/k24087895/final_project/data/genomes/default
++ date +%Y%m%d
+ DBNAME=/scratch/users/k24087895/final_project/data/databases/k2_default_20250507
++ pwd
++ pwd
+ source /scratch/users/k24087895/final_project/scripts/helper_scripts/environment_setup.sh /scratch/users/k24087895/final_project/scripts/metagenomics.yml
++ [[ -z /scratch/users/k24087895/final_project/scripts/metagenomics.yml ]]
++ [[ /scratch/users/k24087895/final_project/scripts/metagenomics.yml != *.yml ]]
++ [[ ! -f /scratch/users/k24087895/final_project/scripts/metagenomics.yml ]]
++ ENV_FILE=/scratch/users/k24087895/final_project/scripts/metagenomics.yml
+++ basename /scratch/users/k24087895/final_project/scripts/metagenomics.yml .yml
++ ENV_NAME=metagenomics
++ command -v conda
+++ conda shell.bash hook
++ eval 'export CONDA_EXE='\''/software/spackages_v0_21_prod/apps/linux-ubuntu22.04-zen2/gcc-13.2.0/anaconda3-2022.10-5wy43yh5crcsmws4afls5thwoskzarhe/bin/conda'\''
export _CE_M='\'''\''
export _CE_CONDA='\'''\''
export CONDA_PYTHON_EXE='\''/software/spackages_v0_21_prod/apps/linux-ubuntu22.04-zen2/gcc-13.2.0/anaconda3-2022.10-5wy43yh5crcsmws4afls5thwoskzarhe/bin/python'\''

# Copyright (C) 2012 Anaconda, Inc
# SPDX-License-Identifier: BSD-3-Clause

__conda_exe() (
    "$CONDA_EXE" $_CE_M $_CE_CONDA "$@"
)

__conda_hashr() {
    if [ -n "${ZSH_VERSION:+x}" ]; then
        \rehash
    elif [ -n "${POSH_VERSION:+x}" ]; then
        :  # pass
    else
        \hash -r
    fi
}

__conda_activate() {
    if [ -n "${CONDA_PS1_BACKUP:+x}" ]; then
        # Handle transition from shell activated with conda <= 4.3 to a subsequent activation
        # after conda updated to >= 4.4. See issue #6173.
        PS1="$CONDA_PS1_BACKUP"
        \unset CONDA_PS1_BACKUP
    fi
    \local ask_conda
    ask_conda="$(PS1="${PS1:-}" __conda_exe shell.posix "$@")" || \return
    \eval "$ask_conda"
    __conda_hashr
}

__conda_reactivate() {
    \local ask_conda
    ask_conda="$(PS1="${PS1:-}" __conda_exe shell.posix reactivate)" || \return
    \eval "$ask_conda"
    __conda_hashr
}

conda() {
    \local cmd="${1-__missing__}"
    case "$cmd" in
        activate|deactivate)
            __conda_activate "$@"
            ;;
        install|update|upgrade|remove|uninstall)
            __conda_exe "$@" || \return
            __conda_reactivate
            ;;
        *)
            __conda_exe "$@"
            ;;
    esac
}

if [ -z "${CONDA_SHLVL+x}" ]; then
    \export CONDA_SHLVL=0
    # In dev-mode CONDA_EXE is python.exe and on Windows
    # it is in a different relative location to condabin.
    if [ -n "${_CE_CONDA:+x}" ] && [ -n "${WINDIR+x}" ]; then
        PATH="$(\dirname "$CONDA_EXE")/condabin${PATH:+":${PATH}"}"
    else
        PATH="$(\dirname "$(\dirname "$CONDA_EXE")")/condabin${PATH:+":${PATH}"}"
    fi
    \export PATH

    # We'\''re not allowing PS1 to be unbound. It must at least be set.
    # However, we'\''re not exporting it, which can cause problems when starting a second shell
    # via a first shell (i.e. starting zsh from bash).
    if [ -z "${PS1+x}" ]; then
        PS1=
    fi
fi

conda activate base'
+++ export CONDA_EXE=/software/spackages_v0_21_prod/apps/linux-ubuntu22.04-zen2/gcc-13.2.0/anaconda3-2022.10-5wy43yh5crcsmws4afls5thwoskzarhe/bin/conda
+++ CONDA_EXE=/software/spackages_v0_21_prod/apps/linux-ubuntu22.04-zen2/gcc-13.2.0/anaconda3-2022.10-5wy43yh5crcsmws4afls5thwoskzarhe/bin/conda
+++ export _CE_M=
+++ _CE_M=
+++ export _CE_CONDA=
+++ _CE_CONDA=
+++ export CONDA_PYTHON_EXE=/software/spackages_v0_21_prod/apps/linux-ubuntu22.04-zen2/gcc-13.2.0/anaconda3-2022.10-5wy43yh5crcsmws4afls5thwoskzarhe/bin/python
+++ CONDA_PYTHON_EXE=/software/spackages_v0_21_prod/apps/linux-ubuntu22.04-zen2/gcc-13.2.0/anaconda3-2022.10-5wy43yh5crcsmws4afls5thwoskzarhe/bin/python
+++ '[' -z x ']'
+++ conda activate base
+++ local cmd=activate
+++ case "$cmd" in
+++ __conda_activate activate base
+++ '[' -n '' ']'
+++ local ask_conda
++++ PS1=
++++ __conda_exe shell.posix activate base
++++ /software/spackages_v0_21_prod/apps/linux-ubuntu22.04-zen2/gcc-13.2.0/anaconda3-2022.10-5wy43yh5crcsmws4afls5thwoskzarhe/bin/conda shell.posix activate base
+++ ask_conda='. "/users/k24087895/.conda/envs/metagenomics/etc/conda/deactivate.d/openjdk_deactivate.sh"
. "/users/k24087895/.conda/envs/metagenomics/etc/conda/deactivate.d/libxml2_deactivate.sh"
. "/users/k24087895/.conda/envs/metagenomics/etc/conda/deactivate.d/libglib_deactivate.sh"
. "/users/k24087895/.conda/envs/metagenomics/etc/conda/deactivate.d/deactivate-r-base.sh"
PS1='\''(base) '\''
export PATH='\''/users/k24087895/.local/bin:/software/spackages_v0_21_prod/apps/linux-ubuntu22.04-zen2/gcc-13.2.0/anaconda3-2022.10-5wy43yh5crcsmws4afls5thwoskzarhe/bin:/software/spackages_v0_21_prod/apps/linux-ubuntu22.04-zen2/gcc-13.2.0/anaconda3-2022.10-5wy43yh5crcsmws4afls5thwoskzarhe/condabin:/usr/local/sbin:/usr/local/bin:/usr/sbin:/usr/bin:/sbin:/bin:/usr/games:/usr/local/games:/snap/bin:/opt/puppetlabs/bin'\''
export CONDA_PREFIX='\''/software/spackages_v0_21_prod/apps/linux-ubuntu22.04-zen2/gcc-13.2.0/anaconda3-2022.10-5wy43yh5crcsmws4afls5thwoskzarhe'\''
export CONDA_SHLVL='\''3'\''
export CONDA_DEFAULT_ENV='\''base'\''
export CONDA_PROMPT_MODIFIER='\''(base) '\''
export CONDA_PREFIX_2='\''/users/k24087895/.conda/envs/metagenomics'\''
export CONDA_EXE='\''/software/spackages_v0_21_prod/apps/linux-ubuntu22.04-zen2/gcc-13.2.0/anaconda3-2022.10-5wy43yh5crcsmws4afls5thwoskzarhe/bin/conda'\''
export _CE_M='\'''\''
export _CE_CONDA='\'''\''
export CONDA_PYTHON_EXE='\''/software/spackages_v0_21_prod/apps/linux-ubuntu22.04-zen2/gcc-13.2.0/anaconda3-2022.10-5wy43yh5crcsmws4afls5thwoskzarhe/bin/python'\'''
+++ eval '. "/users/k24087895/.conda/envs/metagenomics/etc/conda/deactivate.d/openjdk_deactivate.sh"
. "/users/k24087895/.conda/envs/metagenomics/etc/conda/deactivate.d/libxml2_deactivate.sh"
. "/users/k24087895/.conda/envs/metagenomics/etc/conda/deactivate.d/libglib_deactivate.sh"
. "/users/k24087895/.conda/envs/metagenomics/etc/conda/deactivate.d/deactivate-r-base.sh"
PS1='\''(base) '\''
export PATH='\''/users/k24087895/.local/bin:/software/spackages_v0_21_prod/apps/linux-ubuntu22.04-zen2/gcc-13.2.0/anaconda3-2022.10-5wy43yh5crcsmws4afls5thwoskzarhe/bin:/software/spackages_v0_21_prod/apps/linux-ubuntu22.04-zen2/gcc-13.2.0/anaconda3-2022.10-5wy43yh5crcsmws4afls5thwoskzarhe/condabin:/usr/local/sbin:/usr/local/bin:/usr/sbin:/usr/bin:/sbin:/bin:/usr/games:/usr/local/games:/snap/bin:/opt/puppetlabs/bin'\''
export CONDA_PREFIX='\''/software/spackages_v0_21_prod/apps/linux-ubuntu22.04-zen2/gcc-13.2.0/anaconda3-2022.10-5wy43yh5crcsmws4afls5thwoskzarhe'\''
export CONDA_SHLVL='\''3'\''
export CONDA_DEFAULT_ENV='\''base'\''
export CONDA_PROMPT_MODIFIER='\''(base) '\''
export CONDA_PREFIX_2='\''/users/k24087895/.conda/envs/metagenomics'\''
export CONDA_EXE='\''/software/spackages_v0_21_prod/apps/linux-ubuntu22.04-zen2/gcc-13.2.0/anaconda3-2022.10-5wy43yh5crcsmws4afls5thwoskzarhe/bin/conda'\''
export _CE_M='\'''\''
export _CE_CONDA='\'''\''
export CONDA_PYTHON_EXE='\''/software/spackages_v0_21_prod/apps/linux-ubuntu22.04-zen2/gcc-13.2.0/anaconda3-2022.10-5wy43yh5crcsmws4afls5thwoskzarhe/bin/python'\'''
++++ . /users/k24087895/.conda/envs/metagenomics/etc/conda/deactivate.d/openjdk_deactivate.sh
+++++ '[' '' ']'
+++++ '[' '' ']'
++++ . /users/k24087895/.conda/envs/metagenomics/etc/conda/deactivate.d/libxml2_deactivate.sh
+++++ test -n ''
+++++ unset XML_CATALOG_FILES
+++++ unset xml_catalog_files_libxml2
++++ . /users/k24087895/.conda/envs/metagenomics/etc/conda/deactivate.d/libglib_deactivate.sh
+++++ export GSETTINGS_SCHEMA_DIR=
+++++ GSETTINGS_SCHEMA_DIR=
+++++ unset GSETTINGS_SCHEMA_DIR_CONDA_BACKUP
+++++ '[' -z ']'
+++++ unset GSETTINGS_SCHEMA_DIR
++++ . /users/k24087895/.conda/envs/metagenomics/etc/conda/deactivate.d/deactivate-r-base.sh
+++++ '[' -n '' ']'
+++++ unset RSTUDIO_WHICH_R
++++ PS1='(base) '
++++ export PATH=/users/k24087895/.local/bin:/software/spackages_v0_21_prod/apps/linux-ubuntu22.04-zen2/gcc-13.2.0/anaconda3-2022.10-5wy43yh5crcsmws4afls5thwoskzarhe/bin:/software/spackages_v0_21_prod/apps/linux-ubuntu22.04-zen2/gcc-13.2.0/anaconda3-2022.10-5wy43yh5crcsmws4afls5thwoskzarhe/condabin:/usr/local/sbin:/usr/local/bin:/usr/sbin:/usr/bin:/sbin:/bin:/usr/games:/usr/local/games:/snap/bin:/opt/puppetlabs/bin
++++ PATH=/users/k24087895/.local/bin:/software/spackages_v0_21_prod/apps/linux-ubuntu22.04-zen2/gcc-13.2.0/anaconda3-2022.10-5wy43yh5crcsmws4afls5thwoskzarhe/bin:/software/spackages_v0_21_prod/apps/linux-ubuntu22.04-zen2/gcc-13.2.0/anaconda3-2022.10-5wy43yh5crcsmws4afls5thwoskzarhe/condabin:/usr/local/sbin:/usr/local/bin:/usr/sbin:/usr/bin:/sbin:/bin:/usr/games:/usr/local/games:/snap/bin:/opt/puppetlabs/bin
++++ export CONDA_PREFIX=/software/spackages_v0_21_prod/apps/linux-ubuntu22.04-zen2/gcc-13.2.0/anaconda3-2022.10-5wy43yh5crcsmws4afls5thwoskzarhe
++++ CONDA_PREFIX=/software/spackages_v0_21_prod/apps/linux-ubuntu22.04-zen2/gcc-13.2.0/anaconda3-2022.10-5wy43yh5crcsmws4afls5thwoskzarhe
++++ export CONDA_SHLVL=3
++++ CONDA_SHLVL=3
++++ export CONDA_DEFAULT_ENV=base
++++ CONDA_DEFAULT_ENV=base
++++ export 'CONDA_PROMPT_MODIFIER=(base) '
++++ CONDA_PROMPT_MODIFIER='(base) '
++++ export CONDA_PREFIX_2=/users/k24087895/.conda/envs/metagenomics
++++ CONDA_PREFIX_2=/users/k24087895/.conda/envs/metagenomics
++++ export CONDA_EXE=/software/spackages_v0_21_prod/apps/linux-ubuntu22.04-zen2/gcc-13.2.0/anaconda3-2022.10-5wy43yh5crcsmws4afls5thwoskzarhe/bin/conda
++++ CONDA_EXE=/software/spackages_v0_21_prod/apps/linux-ubuntu22.04-zen2/gcc-13.2.0/anaconda3-2022.10-5wy43yh5crcsmws4afls5thwoskzarhe/bin/conda
++++ export _CE_M=
++++ _CE_M=
++++ export _CE_CONDA=
++++ _CE_CONDA=
++++ export CONDA_PYTHON_EXE=/software/spackages_v0_21_prod/apps/linux-ubuntu22.04-zen2/gcc-13.2.0/anaconda3-2022.10-5wy43yh5crcsmws4afls5thwoskzarhe/bin/python
++++ CONDA_PYTHON_EXE=/software/spackages_v0_21_prod/apps/linux-ubuntu22.04-zen2/gcc-13.2.0/anaconda3-2022.10-5wy43yh5crcsmws4afls5thwoskzarhe/bin/python
+++ __conda_hashr
+++ '[' -n '' ']'
+++ '[' -n '' ']'
+++ hash -r
++ conda env list
++ local cmd=env
++ case "$cmd" in
++ __conda_exe env list
++ grep -q metagenomics
++ /software/spackages_v0_21_prod/apps/linux-ubuntu22.04-zen2/gcc-13.2.0/anaconda3-2022.10-5wy43yh5crcsmws4afls5thwoskzarhe/bin/conda env list
++ conda activate metagenomics
++ local cmd=activate
++ case "$cmd" in
++ __conda_activate activate metagenomics
++ '[' -n '' ']'
++ local ask_conda
+++ PS1='(base) '
+++ __conda_exe shell.posix activate metagenomics
+++ /software/spackages_v0_21_prod/apps/linux-ubuntu22.04-zen2/gcc-13.2.0/anaconda3-2022.10-5wy43yh5crcsmws4afls5thwoskzarhe/bin/conda shell.posix activate metagenomics
++ ask_conda='PS1='\''(metagenomics) '\''
export PATH='\''/users/k24087895/.local/bin:/users/k24087895/.conda/envs/metagenomics/bin:/software/spackages_v0_21_prod/apps/linux-ubuntu22.04-zen2/gcc-13.2.0/anaconda3-2022.10-5wy43yh5crcsmws4afls5thwoskzarhe/condabin:/usr/local/sbin:/usr/local/bin:/usr/sbin:/usr/bin:/sbin:/bin:/usr/games:/usr/local/games:/snap/bin:/opt/puppetlabs/bin'\''
export CONDA_PREFIX='\''/users/k24087895/.conda/envs/metagenomics'\''
export CONDA_SHLVL='\''4'\''
export CONDA_DEFAULT_ENV='\''metagenomics'\''
export CONDA_PROMPT_MODIFIER='\''(metagenomics) '\''
export CONDA_PREFIX_3='\''/software/spackages_v0_21_prod/apps/linux-ubuntu22.04-zen2/gcc-13.2.0/anaconda3-2022.10-5wy43yh5crcsmws4afls5thwoskzarhe'\''
export CONDA_EXE='\''/software/spackages_v0_21_prod/apps/linux-ubuntu22.04-zen2/gcc-13.2.0/anaconda3-2022.10-5wy43yh5crcsmws4afls5thwoskzarhe/bin/conda'\''
export _CE_M='\'''\''
export _CE_CONDA='\'''\''
export CONDA_PYTHON_EXE='\''/software/spackages_v0_21_prod/apps/linux-ubuntu22.04-zen2/gcc-13.2.0/anaconda3-2022.10-5wy43yh5crcsmws4afls5thwoskzarhe/bin/python'\''
. "/users/k24087895/.conda/envs/metagenomics/etc/conda/activate.d/activate-r-base.sh"
. "/users/k24087895/.conda/envs/metagenomics/etc/conda/activate.d/libglib_activate.sh"
. "/users/k24087895/.conda/envs/metagenomics/etc/conda/activate.d/libxml2_activate.sh"
. "/users/k24087895/.conda/envs/metagenomics/etc/conda/activate.d/openjdk_activate.sh"'
++ eval 'PS1='\''(metagenomics) '\''
export PATH='\''/users/k24087895/.local/bin:/users/k24087895/.conda/envs/metagenomics/bin:/software/spackages_v0_21_prod/apps/linux-ubuntu22.04-zen2/gcc-13.2.0/anaconda3-2022.10-5wy43yh5crcsmws4afls5thwoskzarhe/condabin:/usr/local/sbin:/usr/local/bin:/usr/sbin:/usr/bin:/sbin:/bin:/usr/games:/usr/local/games:/snap/bin:/opt/puppetlabs/bin'\''
export CONDA_PREFIX='\''/users/k24087895/.conda/envs/metagenomics'\''
export CONDA_SHLVL='\''4'\''
export CONDA_DEFAULT_ENV='\''metagenomics'\''
export CONDA_PROMPT_MODIFIER='\''(metagenomics) '\''
export CONDA_PREFIX_3='\''/software/spackages_v0_21_prod/apps/linux-ubuntu22.04-zen2/gcc-13.2.0/anaconda3-2022.10-5wy43yh5crcsmws4afls5thwoskzarhe'\''
export CONDA_EXE='\''/software/spackages_v0_21_prod/apps/linux-ubuntu22.04-zen2/gcc-13.2.0/anaconda3-2022.10-5wy43yh5crcsmws4afls5thwoskzarhe/bin/conda'\''
export _CE_M='\'''\''
export _CE_CONDA='\'''\''
export CONDA_PYTHON_EXE='\''/software/spackages_v0_21_prod/apps/linux-ubuntu22.04-zen2/gcc-13.2.0/anaconda3-2022.10-5wy43yh5crcsmws4afls5thwoskzarhe/bin/python'\''
. "/users/k24087895/.conda/envs/metagenomics/etc/conda/activate.d/activate-r-base.sh"
. "/users/k24087895/.conda/envs/metagenomics/etc/conda/activate.d/libglib_activate.sh"
. "/users/k24087895/.conda/envs/metagenomics/etc/conda/activate.d/libxml2_activate.sh"
. "/users/k24087895/.conda/envs/metagenomics/etc/conda/activate.d/openjdk_activate.sh"'
+++ PS1='(metagenomics) '
+++ export PATH=/users/k24087895/.local/bin:/users/k24087895/.conda/envs/metagenomics/bin:/software/spackages_v0_21_prod/apps/linux-ubuntu22.04-zen2/gcc-13.2.0/anaconda3-2022.10-5wy43yh5crcsmws4afls5thwoskzarhe/condabin:/usr/local/sbin:/usr/local/bin:/usr/sbin:/usr/bin:/sbin:/bin:/usr/games:/usr/local/games:/snap/bin:/opt/puppetlabs/bin
+++ PATH=/users/k24087895/.local/bin:/users/k24087895/.conda/envs/metagenomics/bin:/software/spackages_v0_21_prod/apps/linux-ubuntu22.04-zen2/gcc-13.2.0/anaconda3-2022.10-5wy43yh5crcsmws4afls5thwoskzarhe/condabin:/usr/local/sbin:/usr/local/bin:/usr/sbin:/usr/bin:/sbin:/bin:/usr/games:/usr/local/games:/snap/bin:/opt/puppetlabs/bin
+++ export CONDA_PREFIX=/users/k24087895/.conda/envs/metagenomics
+++ CONDA_PREFIX=/users/k24087895/.conda/envs/metagenomics
+++ export CONDA_SHLVL=4
+++ CONDA_SHLVL=4
+++ export CONDA_DEFAULT_ENV=metagenomics
+++ CONDA_DEFAULT_ENV=metagenomics
+++ export 'CONDA_PROMPT_MODIFIER=(metagenomics) '
+++ CONDA_PROMPT_MODIFIER='(metagenomics) '
+++ export CONDA_PREFIX_3=/software/spackages_v0_21_prod/apps/linux-ubuntu22.04-zen2/gcc-13.2.0/anaconda3-2022.10-5wy43yh5crcsmws4afls5thwoskzarhe
+++ CONDA_PREFIX_3=/software/spackages_v0_21_prod/apps/linux-ubuntu22.04-zen2/gcc-13.2.0/anaconda3-2022.10-5wy43yh5crcsmws4afls5thwoskzarhe
+++ export CONDA_EXE=/software/spackages_v0_21_prod/apps/linux-ubuntu22.04-zen2/gcc-13.2.0/anaconda3-2022.10-5wy43yh5crcsmws4afls5thwoskzarhe/bin/conda
+++ CONDA_EXE=/software/spackages_v0_21_prod/apps/linux-ubuntu22.04-zen2/gcc-13.2.0/anaconda3-2022.10-5wy43yh5crcsmws4afls5thwoskzarhe/bin/conda
+++ export _CE_M=
+++ _CE_M=
+++ export _CE_CONDA=
+++ _CE_CONDA=
+++ export CONDA_PYTHON_EXE=/software/spackages_v0_21_prod/apps/linux-ubuntu22.04-zen2/gcc-13.2.0/anaconda3-2022.10-5wy43yh5crcsmws4afls5thwoskzarhe/bin/python
+++ CONDA_PYTHON_EXE=/software/spackages_v0_21_prod/apps/linux-ubuntu22.04-zen2/gcc-13.2.0/anaconda3-2022.10-5wy43yh5crcsmws4afls5thwoskzarhe/bin/python
+++ . /users/k24087895/.conda/envs/metagenomics/etc/conda/activate.d/activate-r-base.sh
++++ R CMD javareconf
++++ '[' -n '' ']'
++++ export RSTUDIO_WHICH_R=/users/k24087895/.conda/envs/metagenomics/bin/R
++++ RSTUDIO_WHICH_R=/users/k24087895/.conda/envs/metagenomics/bin/R
+++ . /users/k24087895/.conda/envs/metagenomics/etc/conda/activate.d/libglib_activate.sh
++++ export GSETTINGS_SCHEMA_DIR_CONDA_BACKUP=
++++ GSETTINGS_SCHEMA_DIR_CONDA_BACKUP=
++++ export GSETTINGS_SCHEMA_DIR=/users/k24087895/.conda/envs/metagenomics/share/glib-2.0/schemas
++++ GSETTINGS_SCHEMA_DIR=/users/k24087895/.conda/envs/metagenomics/share/glib-2.0/schemas
+++ . /users/k24087895/.conda/envs/metagenomics/etc/conda/activate.d/libxml2_activate.sh
++++ test -n ''
++++ xml_catalog_files_libxml2=
++++ XML_CATALOG_FILES=
++++ conda_catalog_files=
++++ ifs_libxml2=' 	
'
++++ IFS=' '
++++ rem=/users/k24087895/.conda/envs/metagenomics
++++ for pre in ${rem}
++++ test '' = /users/k24087895/.conda/envs/metagenomics
++++ conda_catalog_files=/users/k24087895/.conda/envs/metagenomics
++++ rem=
++++ IFS=' 	
'
++++ conda_catalog_files='file:///users/k24087895/.conda/envs/metagenomics/etc/xml/catalog file:///etc/xml/catalog'
++++ export 'XML_CATALOG_FILES=file:///users/k24087895/.conda/envs/metagenomics/etc/xml/catalog file:///etc/xml/catalog'
++++ XML_CATALOG_FILES='file:///users/k24087895/.conda/envs/metagenomics/etc/xml/catalog file:///etc/xml/catalog'
++++ unset conda_catalog_files ifs_libxml2 rem
+++ . /users/k24087895/.conda/envs/metagenomics/etc/conda/activate.d/openjdk_activate.sh
++++ '[' x ']'
++++ export JAVA_HOME_CONDA_BACKUP=/users/k24087895/.conda/envs/metagenomics/lib/jvm
++++ JAVA_HOME_CONDA_BACKUP=/users/k24087895/.conda/envs/metagenomics/lib/jvm
++++ export JAVA_HOME=/users/k24087895/.conda/envs/metagenomics/lib/jvm
++++ JAVA_HOME=/users/k24087895/.conda/envs/metagenomics/lib/jvm
++++ '[' x ']'
++++ export JAVA_LD_LIBRARY_PATH_BACKUP=/users/k24087895/.conda/envs/metagenomics/lib/jvm/lib/server
++++ JAVA_LD_LIBRARY_PATH_BACKUP=/users/k24087895/.conda/envs/metagenomics/lib/jvm/lib/server
++++ export JAVA_LD_LIBRARY_PATH=/users/k24087895/.conda/envs/metagenomics/lib/jvm/lib/server
++++ JAVA_LD_LIBRARY_PATH=/users/k24087895/.conda/envs/metagenomics/lib/jvm/lib/server
++ __conda_hashr
++ '[' -n '' ']'
++ '[' -n '' ']'
++ hash -r
++ echo '✅ '\''metagenomics'\'' environment activated successfully.'
++ export PATH=/users/k24087895/.conda/envs/metagenomics/bin:/users/k24087895/.local/bin:/users/k24087895/.conda/envs/metagenomics/bin:/software/spackages_v0_21_prod/apps/linux-ubuntu22.04-zen2/gcc-13.2.0/anaconda3-2022.10-5wy43yh5crcsmws4afls5thwoskzarhe/condabin:/usr/local/sbin:/usr/local/bin:/usr/sbin:/usr/bin:/sbin:/bin:/usr/games:/usr/local/games:/snap/bin:/opt/puppetlabs/bin
++ PATH=/users/k24087895/.conda/envs/metagenomics/bin:/users/k24087895/.local/bin:/users/k24087895/.conda/envs/metagenomics/bin:/software/spackages_v0_21_prod/apps/linux-ubuntu22.04-zen2/gcc-13.2.0/anaconda3-2022.10-5wy43yh5crcsmws4afls5thwoskzarhe/condabin:/usr/local/sbin:/usr/local/bin:/usr/sbin:/usr/bin:/sbin:/bin:/usr/games:/usr/local/games:/snap/bin:/opt/puppetlabs/bin
+++ python -c 'import sys; print(".".join(map(str, sys.version_info[:3])))'
++ export PYTHONPATH=/users/k24087895/.conda/envs/metagenomics/lib/python3.12.10/site-packages:
++ PYTHONPATH=/users/k24087895/.conda/envs/metagenomics/lib/python3.12.10/site-packages:
+ [[ 4 -gt 0 ]]
+ case "$1" in
+ GENOMES=../data/genomes/zymobiomics
+ shift 2
+ [[ 2 -gt 0 ]]
+ case "$1" in
+ DBNAME=../data/databases/k2_zymobiomics_250507
+ shift 2
+ [[ 0 -gt 0 ]]
+ '[' -z ../data/genomes/zymobiomics ']'
+ '[' -z ../data/databases/k2_zymobiomics_250507 ']'
+ echo '✅  Using provided arguments:'
+ echo '    DBNAME: ../data/databases/k2_zymobiomics_250507'
+ echo '    GENOMES: ../data/genomes/zymobiomics'
+ '[' -d ../data/databases/k2_zymobiomics_250507 ']'
+ mkdir -p ../data/databases/k2_zymobiomics_250507
++ basename ../data/databases/k2_zymobiomics_250507
+ echo '✅  Created k2_zymobiomics_250507 directory.'
+ '[' '!' -d ../data/genomes/zymobiomics ']'
++ basename ../data/genomes/zymobiomics
+ SCRIPT=./helper_scripts/download_zymobiomics.sh
+ '[' -f ./helper_scripts/download_zymobiomics.sh ']'
+ echo 'Downloading genomes...'
+ bash ./helper_scripts/download_zymobiomics.sh ../data/genomes/zymobiomics
--2025-05-07 17:22:34--  https://ftp.ncbi.nlm.nih.gov/genomes/all/GCF/000/196/035/GCF_000196035.1_ASM19603v1/GCF_000196035.1_ASM19603v1_genomic.fna.gz
Resolving ftp.ncbi.nlm.nih.gov (ftp.ncbi.nlm.nih.gov)... 130.14.250.12, 130.14.250.13, 130.14.250.31, ...
Connecting to ftp.ncbi.nlm.nih.gov (ftp.ncbi.nlm.nih.gov)|130.14.250.12|:443... connected.
HTTP request sent, awaiting response... 200 OK
Length: 869413 (849K) [application/x-gzip]
Saving to: ‘GCF_000196035.1_ASM19603v1_genomic.fna.gz’

     0K .......... .......... .......... .......... ..........  5%  309K 3s
    50K .......... .......... .......... .......... .......... 11% 1.21M 2s
   100K .......... .......... .......... .......... .......... 17% 1.17M 1s
   150K .......... .......... .......... .......... .......... 23% 1.22M 1s
   200K .......... .......... .......... .......... .......... 29% 1.17M 1s
   250K .......... .......... .......... .......... .......... 35% 31.2M 1s
   300K .......... .......... .......... .......... .......... 41% 38.1M 0s
   350K .......... .......... .......... .......... .......... 47% 29.0M 0s
   400K .......... .......... .......... .......... .......... 53% 1.35M 0s
   450K .......... .......... .......... .......... .......... 58% 1.20M 0s
   500K .......... .......... .......... .......... .......... 64% 39.1M 0s
   550K .......... .......... .......... .......... .......... 70% 64.7M 0s
   600K .......... .......... .......... .......... .......... 76% 45.5M 0s
   650K .......... .......... .......... .......... .......... 82%  119M 0s
   700K .......... .......... .......... .......... .......... 88% 56.7M 0s
   750K .......... .......... .......... .......... .......... 94%  120M 0s
   800K .......... .......... .......... .......... ......... 100% 1.36M=0.4s

2025-05-07 17:22:39 (1.85 MB/s) - ‘GCF_000196035.1_ASM19603v1_genomic.fna.gz’ saved [869413/869413]

--2025-05-07 17:22:39--  https://ftp.ncbi.nlm.nih.gov/genomes/all/GCF/000/006/765/GCF_000006765.1_ASM676v1/GCF_000006765.1_ASM676v1_genomic.fna.gz
Resolving ftp.ncbi.nlm.nih.gov (ftp.ncbi.nlm.nih.gov)... 130.14.250.12, 130.14.250.13, 130.14.250.31, ...
Connecting to ftp.ncbi.nlm.nih.gov (ftp.ncbi.nlm.nih.gov)|130.14.250.12|:443... connected.
HTTP request sent, awaiting response... 200 OK
Length: 1787220 (1.7M) [application/x-gzip]
Saving to: ‘GCF_000006765.1_ASM676v1_genomic.fna.gz’

     0K .......... .......... .......... .......... ..........  2%  308K 6s
    50K .......... .......... .......... .......... ..........  5%  611K 4s
   100K .......... .......... .......... .......... ..........  8% 94.5M 3s
   150K .......... .......... .......... .......... .......... 11% 1.28M 2s
   200K .......... .......... .......... .......... .......... 14% 1.12M 2s
   250K .......... .......... .......... .......... .......... 17%  122M 2s
   300K .......... .......... .......... .......... .......... 20%  125M 1s
   350K .......... .......... .......... .......... .......... 22% 1.32M 1s
   400K .......... .......... .......... .......... .......... 25% 1.13M 1s
   450K .......... .......... .......... .......... .......... 28% 63.4M 1s
   500K .......... .......... .......... .......... .......... 31%  111M 1s
   550K .......... .......... .......... .......... .......... 34%  121M 1s
   600K .......... .......... .......... .......... .......... 37%  100M 1s
   650K .......... .......... .......... .......... .......... 40%  110M 1s
   700K .......... .......... .......... .......... .......... 42% 78.3M 1s
   750K .......... .......... .......... .......... .......... 45% 1.39M 1s
   800K .......... .......... .......... .......... .......... 48%  116M 0s
   850K .......... .......... .......... .......... .......... 51% 1.13M 0s
   900K .......... .......... .......... .......... .......... 54%  100M 0s
   950K .......... .......... .......... .......... .......... 57% 99.8M 0s
  1000K .......... .......... .......... .......... .......... 60%  116M 0s
  1050K .......... .......... .......... .......... .......... 63%  121M 0s
  1100K .......... .......... .......... .......... .......... 65%  105M 0s
  1150K .......... .......... .......... .......... .......... 68%  117M 0s
  1200K .......... .......... .......... .......... .......... 71% 77.4M 0s
  1250K .......... .......... .......... .......... .......... 74%  102M 0s
  1300K .......... .......... .......... .......... .......... 77%  120M 0s
  1350K .......... .......... .......... .......... .......... 80% 64.9M 0s
  1400K .......... .......... .......... .......... .......... 83%  114M 0s
  1450K .......... .......... .......... .......... .......... 85%  103M 0s
  1500K .......... .......... .......... .......... .......... 88%  127M 0s
  1550K .......... .......... .......... .......... .......... 91% 1.52M 0s
  1600K .......... .......... .......... .......... .......... 94%  102M 0s
  1650K .......... .......... .......... .......... .......... 97%  126M 0s
  1700K .......... .......... .......... .......... .....     100%  106M=0.5s

2025-05-07 17:22:40 (3.22 MB/s) - ‘GCF_000006765.1_ASM676v1_genomic.fna.gz’ saved [1787220/1787220]

--2025-05-07 17:22:40--  https://ftp.ncbi.nlm.nih.gov/genomes/all/GCF/000/009/045/GCF_000009045.1_ASM904v1/GCF_000009045.1_ASM904v1_genomic.fna.gz
Resolving ftp.ncbi.nlm.nih.gov (ftp.ncbi.nlm.nih.gov)... 130.14.250.31, 130.14.250.7, 130.14.250.10, ...
Connecting to ftp.ncbi.nlm.nih.gov (ftp.ncbi.nlm.nih.gov)|130.14.250.31|:443... connected.
HTTP request sent, awaiting response... 200 OK
Length: 1248396 (1.2M) [application/x-gzip]
Saving to: ‘GCF_000009045.1_ASM904v1_genomic.fna.gz’

     0K .......... .......... .......... .......... ..........  4%  307K 4s
    50K .......... .......... .......... .......... ..........  8% 1.28M 2s
   100K .......... .......... .......... .......... .......... 12% 1.10M 2s
   150K .......... .......... .......... .......... .......... 16% 1.33M 1s
   200K .......... .......... .......... .......... .......... 20% 1.09M 1s
   250K .......... .......... .......... .......... .......... 24%  124M 1s
   300K .......... .......... .......... .......... .......... 28%  102M 1s
   350K .......... .......... .......... .......... .......... 32%  100M 1s
   400K .......... .......... .......... .......... .......... 36% 1.34M 1s
   450K .......... .......... .......... .......... .......... 41% 1.10M 1s
   500K .......... .......... .......... .......... .......... 45%  116M 0s
   550K .......... .......... .......... .......... .......... 49%  120M 0s
   600K .......... .......... .......... .......... .......... 53%  106M 0s
   650K .......... .......... .......... .......... .......... 57%  126M 0s
   700K .......... .......... .......... .......... .......... 61%  112M 0s
   750K .......... .......... .......... .......... .......... 65%  128M 0s
   800K .......... .......... .......... .......... .......... 69% 1.41M 0s
   850K .......... .......... .......... .......... .......... 73% 96.1M 0s
   900K .......... .......... .......... .......... .......... 77% 1.11M 0s
   950K .......... .......... .......... .......... .......... 82% 89.2M 0s
  1000K .......... .......... .......... .......... .......... 86%  123M 0s
  1050K .......... .......... .......... .......... .......... 90%  119M 0s
  1100K .......... .......... .......... .......... .......... 94%  112M 0s
  1150K .......... .......... .......... .......... .......... 98%  128M 0s
  1200K .......... .........                                  100% 95.8M=0.5s

2025-05-07 17:22:46 (2.42 MB/s) - ‘GCF_000009045.1_ASM904v1_genomic.fna.gz’ saved [1248396/1248396]

--2025-05-07 17:22:46--  https://ftp.ncbi.nlm.nih.gov/genomes/all/GCF/000/005/845/GCF_000005845.2_ASM584v2/GCF_000005845.2_ASM584v2_genomic.fna.gz
Resolving ftp.ncbi.nlm.nih.gov (ftp.ncbi.nlm.nih.gov)... 130.14.250.10, 130.14.250.31, 130.14.250.7, ...
Connecting to ftp.ncbi.nlm.nih.gov (ftp.ncbi.nlm.nih.gov)|130.14.250.10|:443... connected.
HTTP request sent, awaiting response... 200 OK
Length: 1379902 (1.3M) [application/x-gzip]
Saving to: ‘GCF_000005845.2_ASM584v2_genomic.fna.gz’

     0K .......... .......... .......... .......... ..........  3%  309K 4s
    50K .......... .......... .......... .......... ..........  7% 1.27M 3s
   100K .......... .......... .......... .......... .......... 11% 1.10M 2s
   150K .......... .......... .......... .......... .......... 14% 1.35M 2s
   200K .......... .......... .......... .......... .......... 18% 1.11M 1s
   250K .......... .......... .......... .......... .......... 22% 65.4M 1s
   300K .......... .......... .......... .......... .......... 25% 65.9M 1s
   350K .......... .......... .......... .......... .......... 29% 37.3M 1s
   400K .......... .......... .......... .......... .......... 33% 1.38M 1s
   450K .......... .......... .......... .......... .......... 37% 1.13M 1s
   500K .......... .......... .......... .......... .......... 40% 72.6M 1s
   550K .......... .......... .......... .......... .......... 44% 73.3M 1s
   600K .......... .......... .......... .......... .......... 48% 66.0M 0s
   650K .......... .......... .......... .......... .......... 51% 72.3M 0s
   700K .......... .......... .......... .......... .......... 55% 66.9M 0s
   750K .......... .......... .......... .......... .......... 59% 77.3M 0s
   800K .......... .......... .......... .......... .......... 63% 1.47M 0s
   850K .......... .......... .......... .......... .......... 66% 58.7M 0s
   900K .......... .......... .......... .......... .......... 70% 1.14M 0s
   950K .......... .......... .......... .......... .......... 74% 64.9M 0s
  1000K .......... .......... .......... .......... .......... 77% 70.5M 0s
  1050K .......... .......... .......... .......... .......... 81% 76.3M 0s
  1100K .......... .......... .......... .......... .......... 85% 67.5M 0s
  1150K .......... .......... .......... .......... .......... 89% 78.0M 0s
  1200K .......... .......... .......... .......... .......... 92% 66.8M 0s
  1250K .......... .......... .......... .......... .......... 96% 78.2M 0s
  1300K .......... .......... .......... .......... .......   100% 74.5M=0.5s

2025-05-07 17:22:52 (2.67 MB/s) - ‘GCF_000005845.2_ASM584v2_genomic.fna.gz’ saved [1379902/1379902]

--2025-05-07 17:22:52--  https://ftp.ncbi.nlm.nih.gov/genomes/all/GCF/000/008/865/GCF_000008865.2_ASM886v2/GCF_000008865.2_ASM886v2_genomic.fna.gz
Resolving ftp.ncbi.nlm.nih.gov (ftp.ncbi.nlm.nih.gov)... 130.14.250.31, 130.14.250.12, 130.14.250.13, ...
Connecting to ftp.ncbi.nlm.nih.gov (ftp.ncbi.nlm.nih.gov)|130.14.250.31|:443... connected.
HTTP request sent, awaiting response... 200 OK
Length: 1663694 (1.6M) [application/x-gzip]
Saving to: ‘GCF_000008865.2_ASM886v2_genomic.fna.gz’

     0K .......... .......... .......... .......... ..........  3%  309K 5s
    50K .......... .......... .......... .......... ..........  6%  614K 4s
   100K .......... .......... .......... .......... ..........  9% 55.0M 2s
   150K .......... .......... .......... .......... .......... 12%  618K 2s
   200K .......... .......... .......... .......... .......... 15% 62.2M 2s
   250K .......... .......... .......... .......... .......... 18% 68.7M 1s
   300K .......... .......... .......... .......... .......... 21% 1.42M 1s
   350K .......... .......... .......... .......... .......... 24% 1.07M 1s
   400K .......... .......... .......... .......... .......... 27% 59.5M 1s
   450K .......... .......... .......... .......... .......... 30% 68.1M 1s
   500K .......... .......... .......... .......... .......... 33% 67.7M 1s
   550K .......... .......... .......... .......... .......... 36% 63.0M 1s
   600K .......... .......... .......... .......... .......... 40% 53.5M 1s
   650K .......... .......... .......... .......... .......... 43% 1.86M 1s
   700K .......... .......... .......... .......... .......... 46% 7.12M 1s
   750K .......... .......... .......... .......... .......... 49% 1.09M 1s
   800K .......... .......... .......... .......... .......... 52% 67.4M 0s
   850K .......... .......... .......... .......... .......... 55% 61.5M 0s
   900K .......... .......... .......... .......... .......... 58% 74.8M 0s
   950K .......... .......... .......... .......... .......... 61% 64.2M 0s
  1000K .......... .......... .......... .......... .......... 64% 69.8M 0s
  1050K .......... .......... .......... .......... .......... 67% 77.1M 0s
  1100K .......... .......... .......... .......... .......... 70% 69.2M 0s
  1150K .......... .......... .......... .......... .......... 73% 79.3M 0s
  1200K .......... .......... .......... .......... .......... 76% 68.3M 0s
  1250K .......... .......... .......... .......... .......... 80% 78.9M 0s
  1300K .......... .......... .......... .......... .......... 83% 78.2M 0s
  1350K .......... .......... .......... .......... .......... 86% 2.23M 0s
  1400K .......... .......... .......... .......... .......... 89% 7.16M 0s
  1450K .......... .......... .......... .......... .......... 92% 63.6M 0s
  1500K .......... .......... .......... .......... .......... 95% 77.2M 0s
  1550K .......... .......... .......... .......... .......... 98% 78.1M 0s
  1600K .......... .......... ....                            100%  571K=0.6s

2025-05-07 17:22:53 (2.78 MB/s) - ‘GCF_000008865.2_ASM886v2_genomic.fna.gz’ saved [1663694/1663694]

--2025-05-07 17:22:53--  https://ftp.ncbi.nlm.nih.gov/genomes/all/GCF/029/961/225/GCF_029961225.1_ASM2996122v1/GCF_029961225.1_ASM2996122v1_genomic.fna.gz
Resolving ftp.ncbi.nlm.nih.gov (ftp.ncbi.nlm.nih.gov)... 130.14.250.7, 130.14.250.12, 130.14.250.31, ...
Connecting to ftp.ncbi.nlm.nih.gov (ftp.ncbi.nlm.nih.gov)|130.14.250.7|:443... connected.
HTTP request sent, awaiting response... 200 OK
Length: 622230 (608K) [application/x-gzip]
Saving to: ‘GCF_029961225.1_ASM2996122v1_genomic.fna.gz’

     0K .......... .......... .......... .......... ..........  8%  307K 2s
    50K .......... .......... .......... .......... .......... 16%  616K 1s
   100K .......... .......... .......... .......... .......... 24% 87.2M 1s
   150K .......... .......... .......... .......... .......... 32% 1.30M 1s
   200K .......... .......... .......... .......... .......... 41% 1.10M 0s
   250K .......... .......... .......... .......... .......... 49%  122M 0s
   300K .......... .......... .......... .......... .......... 57%  120M 0s
   350K .......... .......... .......... .......... .......... 65% 1.34M 0s
   400K .......... .......... .......... .......... .......... 74% 1.11M 0s
   450K .......... .......... .......... .......... .......... 82%  103M 0s
   500K .......... .......... .......... .......... .......... 90%  128M 0s
   550K .......... .......... .......... .......... .......... 98%  125M 0s
   600K .......                                               100% 93.1M=0.4s

2025-05-07 17:22:58 (1.45 MB/s) - ‘GCF_029961225.1_ASM2996122v1_genomic.fna.gz’ saved [622230/622230]

--2025-05-07 17:22:58--  https://ftp.ncbi.nlm.nih.gov/genomes/all/GCF/000/006/945/GCF_000006945.2_ASM694v2/GCF_000006945.2_ASM694v2_genomic.fna.gz
Resolving ftp.ncbi.nlm.nih.gov (ftp.ncbi.nlm.nih.gov)... 130.14.250.31, 130.14.250.7, 130.14.250.12, ...
Connecting to ftp.ncbi.nlm.nih.gov (ftp.ncbi.nlm.nih.gov)|130.14.250.31|:443... connected.
HTTP request sent, awaiting response... 200 OK
Length: 1471540 (1.4M) [application/x-gzip]
Saving to: ‘GCF_000006945.2_ASM694v2_genomic.fna.gz’

     0K .......... .......... .......... .......... ..........  3%  308K 5s
    50K .......... .......... .......... .......... ..........  6%  610K 3s
   100K .......... .......... .......... .......... .......... 10% 61.6M 2s
   150K .......... .......... .......... .......... .......... 13%  612K 2s
   200K .......... .......... .......... .......... .......... 17% 94.3M 2s
   250K .......... .......... .......... .......... .......... 20% 94.7M 1s
   300K .......... .......... .......... .......... .......... 24% 75.3M 1s
   350K .......... .......... .......... .......... .......... 27% 1.38M 1s
   400K .......... .......... .......... .......... .......... 31% 1.09M 1s
   450K .......... .......... .......... .......... .......... 34% 98.6M 1s
   500K .......... .......... .......... .......... .......... 38%  118M 1s
   550K .......... .......... .......... .......... .......... 41%  111M 1s
   600K .......... .......... .......... .......... .......... 45%  103M 0s
   650K .......... .......... .......... .......... .......... 48%  115M 0s
   700K .......... .......... .......... .......... .......... 52% 1.43M 0s
   750K .......... .......... .......... .......... .......... 55%  113M 0s
   800K .......... .......... .......... .......... .......... 59% 1.11M 0s
   850K .......... .......... .......... .......... .......... 62% 86.9M 0s
   900K .......... .......... .......... .......... .......... 66%  108M 0s
   950K .......... .......... .......... .......... .......... 69%  102M 0s
  1000K .......... .......... .......... .......... .......... 73% 98.3M 0s
  1050K .......... .......... .......... .......... .......... 76%  114M 0s
  1100K .......... .......... .......... .......... .......... 80%  105M 0s
  1150K .......... .......... .......... .......... .......... 83%  107M 0s
  1200K .......... .......... .......... .......... .......... 86%  109M 0s
  1250K .......... .......... .......... .......... .......... 90%  124M 0s
  1300K .......... .......... .......... .......... .......... 93%  128M 0s
  1350K .......... .......... .......... .......... .......... 97%  106M 0s
  1400K .......... .......... .......... .......              100%  140M=0.5s

2025-05-07 17:22:59 (2.83 MB/s) - ‘GCF_000006945.2_ASM694v2_genomic.fna.gz’ saved [1471540/1471540]

--2025-05-07 17:22:59--  https://ftp.ncbi.nlm.nih.gov/genomes/all/GCF/000/393/015/GCF_000393015.1_Ente_faec_T5_V1/GCF_000393015.1_Ente_faec_T5_V1_genomic.fna.gz
Resolving ftp.ncbi.nlm.nih.gov (ftp.ncbi.nlm.nih.gov)... 130.14.250.11, 130.14.250.31, 130.14.250.10, ...
Connecting to ftp.ncbi.nlm.nih.gov (ftp.ncbi.nlm.nih.gov)|130.14.250.11|:443... connected.
HTTP request sent, awaiting response... 200 OK
Length: 845015 (825K) [application/x-gzip]
Saving to: ‘GCF_000393015.1_Ente_faec_T5_V1_genomic.fna.gz’

     0K .......... .......... .......... .......... ..........  6%  308K 3s
    50K .......... .......... .......... .......... .......... 12% 1.39M 1s
   100K .......... .......... .......... .......... .......... 18% 1.05M 1s
   150K .......... .......... .......... .......... .......... 24% 1.40M 1s
   200K .......... .......... .......... .......... .......... 30% 1.05M 1s
   250K .......... .......... .......... .......... .......... 36%  117M 1s
   300K .......... .......... .......... .......... .......... 42% 72.2M 0s
   350K .......... .......... .......... .......... .......... 48%  110M 0s
   400K .......... .......... .......... .......... .......... 54% 1.44M 0s
   450K .......... .......... .......... .......... .......... 60% 1.06M 0s
   500K .......... .......... .......... .......... .......... 66%  108M 0s
   550K .......... .......... .......... .......... .......... 72%  106M 0s
   600K .......... .......... .......... .......... .......... 78% 1.42M 0s
   650K .......... .......... .......... .......... .......... 84%  101M 0s
   700K .......... .......... .......... .......... .......... 90%  107M 0s
   750K .......... .......... .......... .......... .......... 96%  128M 0s
   800K .......... .......... .....                           100%  128M=0.4s

2025-05-07 17:23:05 (1.82 MB/s) - ‘GCF_000393015.1_Ente_faec_T5_V1_genomic.fna.gz’ saved [845015/845015]

--2025-05-07 17:23:05--  https://ftp.ncbi.nlm.nih.gov/genomes/all/GCF/000/013/425/GCF_000013425.1_ASM1342v1/GCF_000013425.1_ASM1342v1_genomic.fna.gz
Resolving ftp.ncbi.nlm.nih.gov (ftp.ncbi.nlm.nih.gov)... 130.14.250.10, 130.14.250.7, 130.14.250.12, ...
Connecting to ftp.ncbi.nlm.nih.gov (ftp.ncbi.nlm.nih.gov)|130.14.250.10|:443... connected.
HTTP request sent, awaiting response... 200 OK
Length: 820675 (801K) [application/x-gzip]
Saving to: ‘GCF_000013425.1_ASM1342v1_genomic.fna.gz’

     0K .......... .......... .......... .......... ..........  6%  308K 2s
    50K .......... .......... .......... .......... .......... 12%  614K 2s
   100K .......... .......... .......... .......... .......... 18%  100M 1s
   150K .......... .......... .......... .......... .......... 24%  618K 1s
   200K .......... .......... .......... .......... .......... 31% 27.5M 1s
   250K .......... .......... .......... .......... .......... 37%  123M 1s
   300K .......... .......... .......... .......... .......... 43%  111M 0s
   350K .......... .......... .......... .......... .......... 49% 1.37M 0s
   400K .......... .......... .......... .......... .......... 56% 1.09M 0s
   450K .......... .......... .......... .......... .......... 62% 88.4M 0s
   500K .......... .......... .......... .......... .......... 68% 91.9M 0s
   550K .......... .......... .......... .......... .......... 74%  114M 0s
   600K .......... .......... .......... .......... .......... 81%  112M 0s
   650K .......... .......... .......... .......... .......... 87%  126M 0s
   700K .......... .......... .......... .......... .......... 93% 1.43M 0s
   750K .......... .......... .......... .......... .......... 99%  109M 0s
   800K .                                                     100% 2.68T=0.4s

2025-05-07 17:23:06 (1.76 MB/s) - ‘GCF_000013425.1_ASM1342v1_genomic.fna.gz’ saved [820675/820675]

--2025-05-07 17:23:06--  https://ftp.ncbi.nlm.nih.gov/genomes/all/GCF/000/146/045/GCF_000146045.2_R64/GCF_000146045.2_R64_genomic.fna.gz
Resolving ftp.ncbi.nlm.nih.gov (ftp.ncbi.nlm.nih.gov)... 130.14.250.13, 130.14.250.31, 130.14.250.7, ...
Connecting to ftp.ncbi.nlm.nih.gov (ftp.ncbi.nlm.nih.gov)|130.14.250.13|:443... connected.
HTTP request sent, awaiting response... 200 OK
Length: 3843460 (3.7M) [application/x-gzip]
Saving to: ‘GCF_000146045.2_R64_genomic.fna.gz’

     0K .......... .......... .......... .......... ..........  1%  307K 12s
    50K .......... .......... .......... .......... ..........  2% 1.27M 7s
   100K .......... .......... .......... .......... ..........  3% 1.11M 6s
   150K .......... .......... .......... .......... ..........  5% 1.29M 5s
   200K .......... .......... .......... .......... ..........  6% 1.13M 5s
   250K .......... .......... .......... .......... ..........  7% 43.4M 4s
   300K .......... .......... .......... .......... ..........  9%  114M 3s
   350K .......... .......... .......... .......... .......... 10%  109M 3s
   400K .......... .......... .......... .......... .......... 11% 1.33M 3s
   450K .......... .......... .......... .......... .......... 13% 1.13M 3s
   500K .......... .......... .......... .......... .......... 14%  114M 2s
   550K .......... .......... .......... .......... .......... 15% 86.7M 2s
   600K .......... .......... .......... .......... .......... 17% 99.2M 2s
   650K .......... .......... .......... .......... .......... 18%  127M 2s
   700K .......... .......... .......... .......... .......... 19% 78.6M 2s
   750K .......... .......... .......... .......... .......... 21%  125M 2s
   800K .......... .......... .......... .......... .......... 22% 1.39M 2s
   850K .......... .......... .......... .......... .......... 23%  102M 1s
   900K .......... .......... .......... .......... .......... 25% 1.13M 1s
   950K .......... .......... .......... .......... .......... 26%  104M 1s
  1000K .......... .......... .......... .......... .......... 27%  121M 1s
  1050K .......... .......... .......... .......... .......... 29%  126M 1s
  1100K .......... .......... .......... .......... .......... 30% 96.6M 1s
  1150K .......... .......... .......... .......... .......... 31%  120M 1s
  1200K .......... .......... .......... .......... .......... 33% 94.7M 1s
  1250K .......... .......... .......... .......... .......... 34%  114M 1s
  1300K .......... .......... .......... .......... .......... 35%  113M 1s
  1350K .......... .......... .......... .......... .......... 37%  110M 1s
  1400K .......... .......... .......... .......... .......... 38%  127M 1s
  1450K .......... .......... .......... .......... .......... 39% 97.0M 1s
  1500K .......... .......... .......... .......... .......... 41%  126M 1s
  1550K .......... .......... .......... .......... .......... 42%  119M 1s
  1600K .......... .......... .......... .......... .......... 43%  110M 1s
  1650K .......... .......... .......... .......... .......... 45% 1.51M 1s
  1700K .......... .......... .......... .......... .......... 46% 93.4M 1s
  1750K .......... .......... .......... .......... .......... 47%  120M 1s
  1800K .......... .......... .......... .......... .......... 49%  127M 1s
  1850K .......... .......... .......... .......... .......... 50% 1.14M 1s
  1900K .......... .......... .......... .......... .......... 51%  125M 1s
  1950K .......... .......... .......... .......... .......... 53%  102M 1s
  2000K .......... .......... .......... .......... .......... 54%  121M 0s
  2050K .......... .......... .......... .......... .......... 55% 91.6M 0s
  2100K .......... .......... .......... .......... .......... 57%  109M 0s
  2150K .......... .......... .......... .......... .......... 58%  112M 0s
  2200K .......... .......... .......... .......... .......... 59% 91.6M 0s
  2250K .......... .......... .......... .......... .......... 61%  127M 0s
  2300K .......... .......... .......... .......... .......... 62% 92.7M 0s
  2350K .......... .......... .......... .......... .......... 63% 77.1M 0s
  2400K .......... .......... .......... .......... .......... 65% 91.6M 0s
  2450K .......... .......... .......... .......... .......... 66% 97.8M 0s
  2500K .......... .......... .......... .......... .......... 67%  124M 0s
  2550K .......... .......... .......... .......... .......... 69%  123M 0s
  2600K .......... .......... .......... .......... .......... 70%  107M 0s
  2650K .......... .......... .......... .......... .......... 71%  130M 0s
  2700K .......... .......... .......... .......... .......... 73%  108M 0s
  2750K .......... .......... .......... .......... .......... 74%  128M 0s
  2800K .......... .......... .......... .......... .......... 75%  126M 0s
  2850K .......... .......... .......... .......... .......... 77%  103M 0s
  2900K .......... .......... .......... .......... .......... 78%  118M 0s
  2950K .......... .......... .......... .......... .......... 79%  108M 0s
  3000K .......... .......... .......... .......... .......... 81%  127M 0s
  3050K .......... .......... .......... .......... .......... 82%  123M 0s
  3100K .......... .......... .......... .......... .......... 83%  110M 0s
  3150K .......... .......... .......... .......... .......... 85%  130M 0s
  3200K .......... .......... .......... .......... .......... 86%  108M 0s
  3250K .......... .......... .......... .......... .......... 87%  123M 0s
  3300K .......... .......... .......... .......... .......... 89% 1.95M 0s
  3350K .......... .......... .......... .......... .......... 90% 95.1M 0s
  3400K .......... .......... .......... .......... .......... 91%  116M 0s
  3450K .......... .......... .......... .......... .......... 93%  107M 0s
  3500K .......... .......... .......... .......... .......... 94%  109M 0s
  3550K .......... .......... .......... .......... .......... 95%  109M 0s
  3600K .......... .......... .......... .......... .......... 97%  104M 0s
  3650K .......... .......... .......... .......... .......... 98%  130M 0s
  3700K .......... .......... .......... .......... .......... 99%  101M 0s
  3750K ...                                                   100% 6.29T=0.6s

2025-05-07 17:23:11 (5.98 MB/s) - ‘GCF_000146045.2_R64_genomic.fna.gz’ saved [3843460/3843460]

--2025-05-07 17:23:11--  https://ftp.ncbi.nlm.nih.gov/genomes/all/GCF/000/091/045/GCF_000091045.1_ASM9104v1/GCF_000091045.1_ASM9104v1_genomic.fna.gz
Resolving ftp.ncbi.nlm.nih.gov (ftp.ncbi.nlm.nih.gov)... 130.14.250.10, 130.14.250.13, 130.14.250.31, ...
Connecting to ftp.ncbi.nlm.nih.gov (ftp.ncbi.nlm.nih.gov)|130.14.250.10|:443... connected.
HTTP request sent, awaiting response... 200 OK
Length: 5988547 (5.7M) [application/x-gzip]
Saving to: ‘GCF_000091045.1_ASM9104v1_genomic.fna.gz’

     0K .......... .......... .......... .......... ..........  0%  312K 19s
    50K .......... .......... .......... .......... ..........  1% 1.28M 11s
   100K .......... .......... .......... .......... ..........  2% 1.11M 9s
   150K .......... .......... .......... .......... ..........  3% 1.31M 8s
   200K .......... .......... .......... .......... ..........  4% 1.12M 7s
   250K .......... .......... .......... .......... ..........  5% 37.2M 6s
   300K .......... .......... .......... .......... ..........  5% 36.3M 5s
   350K .......... .......... .......... .......... ..........  6% 28.4M 4s
   400K .......... .......... .......... .......... ..........  7% 1.40M 4s
   450K .......... .......... .......... .......... ..........  8% 1.16M 4s
   500K .......... .......... .......... .......... ..........  9% 52.2M 4s
   550K .......... .......... .......... .......... .......... 10% 65.4M 4s
   600K .......... .......... .......... .......... .......... 11% 54.2M 3s
   650K .......... .......... .......... .......... .......... 11% 86.1M 3s
   700K .......... .......... .......... .......... .......... 12% 57.7M 3s
   750K .......... .......... .......... .......... .......... 13%  103M 3s
   800K .......... .......... .......... .......... .......... 14% 1.47M 3s
   850K .......... .......... .......... .......... .......... 15% 74.6M 2s
   900K .......... .......... .......... .......... .......... 16% 1.15M 3s
   950K .......... .......... .......... .......... .......... 17% 88.3M 2s
  1000K .......... .......... .......... .......... .......... 17% 82.9M 2s
  1050K .......... .......... .......... .......... .......... 18% 88.8M 2s
  1100K .......... .......... .......... .......... .......... 19% 91.2M 2s
  1150K .......... .......... .......... .......... .......... 20%  130M 2s
  1200K .......... .......... .......... .......... .......... 21% 99.4M 2s
  1250K .......... .......... .......... .......... .......... 22%  126M 2s
  1300K .......... .......... .......... .......... .......... 23% 68.5M 2s
  1350K .......... .......... .......... .......... .......... 23%  105M 2s
  1400K .......... .......... .......... .......... .......... 24% 78.7M 1s
  1450K .......... .......... .......... .......... .......... 25%  112M 1s
  1500K .......... .......... .......... .......... .......... 26%  124M 1s
  1550K .......... .......... .......... .......... .......... 27%  128M 1s
  1600K .......... .......... .......... .......... .......... 28%  109M 1s
  1650K .......... .......... .......... .......... .......... 29% 1.55M 1s
  1700K .......... .......... .......... .......... .......... 29% 94.3M 1s
  1750K .......... .......... .......... .......... .......... 30%  125M 1s
  1800K .......... .......... .......... .......... .......... 31% 88.5M 1s
  1850K .......... .......... .......... .......... .......... 32% 1.17M 1s
  1900K .......... .......... .......... .......... .......... 33%  120M 1s
  1950K .......... .......... .......... .......... .......... 34%  108M 1s
  2000K .......... .......... .......... .......... .......... 35%  121M 1s
  2050K .......... .......... .......... .......... .......... 35%  102M 1s
  2100K .......... .......... .......... .......... .......... 36%  106M 1s
  2150K .......... .......... .......... .......... .......... 37%  124M 1s
  2200K .......... .......... .......... .......... .......... 38%  105M 1s
  2250K .......... .......... .......... .......... .......... 39%  120M 1s
  2300K .......... .......... .......... .......... .......... 40%  129M 1s
  2350K .......... .......... .......... .......... .......... 41%  107M 1s
  2400K .......... .......... .......... .......... .......... 41%  130M 1s
  2450K .......... .......... .......... .......... .......... 42%  113M 1s
  2500K .......... .......... .......... .......... .......... 43%  123M 1s
  2550K .......... .......... .......... .......... .......... 44%  129M 1s
  2600K .......... .......... .......... .......... .......... 45%  109M 1s
  2650K .......... .......... .......... .......... .......... 46%  411K 1s
  2700K .......... .......... .......... .......... .......... 47% 95.0M 1s
  2750K .......... .......... .......... .......... .......... 47%  119M 1s
  2800K .......... .......... .......... .......... .......... 48%  106M 1s
  2850K .......... .......... .......... .......... .......... 49% 96.8M 1s
  2900K .......... .......... .......... .......... .......... 50%  121M 1s
  2950K .......... .......... .......... .......... .......... 51%  105M 1s
  3000K .......... .......... .......... .......... .......... 52%  111M 1s
  3050K .......... .......... .......... .......... .......... 53%  117M 1s
  3100K .......... .......... .......... .......... .......... 53%  103M 1s
  3150K .......... .......... .......... .......... .......... 54%  115M 1s
  3200K .......... .......... .......... .......... .......... 55%  112M 1s
  3250K .......... .......... .......... .......... .......... 56%  124M 1s
  3300K .......... .......... .......... .......... .......... 57%  130M 1s
  3350K .......... .......... .......... .......... .......... 58%  110M 1s
  3400K .......... .......... .......... .......... .......... 58% 88.1M 0s
  3450K .......... .......... .......... .......... .......... 59%  108M 0s
  3500K .......... .......... .......... .......... .......... 60% 82.7M 0s
  3550K .......... .......... .......... .......... .......... 61% 1.24M 0s
  3600K .......... .......... .......... .......... .......... 62% 98.2M 0s
  3650K .......... .......... .......... .......... .......... 63% 85.7M 0s
  3700K .......... .......... .......... .......... .......... 64% 96.2M 0s
  3750K .......... .......... .......... .......... .......... 64%  112M 0s
  3800K .......... .......... .......... .......... .......... 65%  118M 0s
  3850K .......... .......... .......... .......... .......... 66%  107M 0s
  3900K .......... .......... .......... .......... .......... 67%  115M 0s
  3950K .......... .......... .......... .......... .......... 68%  103M 0s
  4000K .......... .......... .......... .......... .......... 69%  101M 0s
  4050K .......... .......... .......... .......... .......... 70%  112M 0s
  4100K .......... .......... .......... .......... .......... 70% 94.0M 0s
  4150K .......... .......... .......... .......... .......... 71%  115M 0s
  4200K .......... .......... .......... .......... .......... 72% 97.2M 0s
  4250K .......... .......... .......... .......... .......... 73%  121M 0s
  4300K .......... .......... .......... .......... .......... 74%  119M 0s
  4350K .......... .......... .......... .......... .......... 75%  103M 0s
  4400K .......... .......... .......... .......... .......... 76%  129M 0s
  4450K .......... .......... .......... .......... .......... 76%  109M 0s
  4500K .......... .......... .......... .......... .......... 77%  128M 0s
  4550K .......... .......... .......... .......... .......... 78%  129M 0s
  4600K .......... .......... .......... .......... .......... 79%  109M 0s
  4650K .......... .......... .......... .......... .......... 80%  130M 0s
  4700K .......... .......... .......... .......... .......... 81%  104M 0s
  4750K .......... .......... .......... .......... .......... 82%  129M 0s
  4800K .......... .......... .......... .......... .......... 82%  127M 0s
  4850K .......... .......... .......... .......... .......... 83%  109M 0s
  4900K .......... .......... .......... .......... .......... 84%  129M 0s
  4950K .......... .......... .......... .......... .......... 85%  109M 0s
  5000K .......... .......... .......... .......... .......... 86%  129M 0s
  5050K .......... .......... .......... .......... .......... 87%  125M 0s
  5100K .......... .......... .......... .......... .......... 88% 2.93M 0s
  5150K .......... .......... .......... .......... .......... 88%  121M 0s
  5200K .......... .......... .......... .......... .......... 89% 10.9M 0s
  5250K .......... .......... .......... .......... .......... 90%  105M 0s
  5300K .......... .......... .......... .......... .......... 91% 92.4M 0s
  5350K .......... .......... .......... .......... .......... 92% 1.41M 0s
  5400K .......... .......... .......... .......... .......... 93%  119M 0s
  5450K .......... .......... .......... .......... .......... 94%  106M 0s
  5500K .......... .......... .......... .......... .......... 94%  118M 0s
  5550K .......... .......... .......... .......... .......... 95%  127M 0s
  5600K .......... .......... .......... .......... .......... 96%  105M 0s
  5650K .......... .......... .......... .......... .......... 97%  131M 0s
  5700K .......... .......... .......... .......... .......... 98%  109M 0s
  5750K .......... .......... .......... .......... .......... 99%  128M 0s
  5800K .......... .......... .......... .......... ........  100%  125M=0.8s

2025-05-07 17:23:13 (6.99 MB/s) - ‘GCF_000091045.1_ASM9104v1_genomic.fna.gz’ saved [5988547/5988547]

+ echo '✅ Genomes downloaded.'
+ echo 'Downloading NCBI taxonomy...'
+ kraken2-build --download-taxonomy --use-ftp --db ../data/databases/k2_zymobiomics_250507 --threads 8
+ echo '✅  NCBI taxonomy downloaded.'
+ echo 'Installing human reference library...'
+ kraken2-build --download-library human --use-ftp --db ../data/databases/k2_zymobiomics_250507 --threads 8
+ echo '✅  Human reference library installed.'
+ echo 'Adding custom genomes...'
+ for file in "$GENOMES"/*.fna
+ head -n 1 ../data/genomes/zymobiomics/GCF_000005845.2_ASM584v2_genomic.fna
+ kraken2-build --add-to-library ../data/genomes/zymobiomics/GCF_000005845.2_ASM584v2_genomic.fna --db ../data/databases/k2_zymobiomics_250507 --threads 8
+ for file in "$GENOMES"/*.fna
+ head -n 1 ../data/genomes/zymobiomics/GCF_000006765.1_ASM676v1_genomic.fna
+ kraken2-build --add-to-library ../data/genomes/zymobiomics/GCF_000006765.1_ASM676v1_genomic.fna --db ../data/databases/k2_zymobiomics_250507 --threads 8
+ for file in "$GENOMES"/*.fna
+ head -n 1 ../data/genomes/zymobiomics/GCF_000006945.2_ASM694v2_genomic.fna
+ kraken2-build --add-to-library ../data/genomes/zymobiomics/GCF_000006945.2_ASM694v2_genomic.fna --db ../data/databases/k2_zymobiomics_250507 --threads 8
+ for file in "$GENOMES"/*.fna
+ head -n 1 ../data/genomes/zymobiomics/GCF_000008865.2_ASM886v2_genomic.fna
+ kraken2-build --add-to-library ../data/genomes/zymobiomics/GCF_000008865.2_ASM886v2_genomic.fna --db ../data/databases/k2_zymobiomics_250507 --threads 8
+ for file in "$GENOMES"/*.fna
+ head -n 1 ../data/genomes/zymobiomics/GCF_000009045.1_ASM904v1_genomic.fna
+ kraken2-build --add-to-library ../data/genomes/zymobiomics/GCF_000009045.1_ASM904v1_genomic.fna --db ../data/databases/k2_zymobiomics_250507 --threads 8
+ for file in "$GENOMES"/*.fna
+ head -n 1 ../data/genomes/zymobiomics/GCF_000013425.1_ASM1342v1_genomic.fna
+ kraken2-build --add-to-library ../data/genomes/zymobiomics/GCF_000013425.1_ASM1342v1_genomic.fna --db ../data/databases/k2_zymobiomics_250507 --threads 8
+ for file in "$GENOMES"/*.fna
+ head -n 1 ../data/genomes/zymobiomics/GCF_000091045.1_ASM9104v1_genomic.fna
+ kraken2-build --add-to-library ../data/genomes/zymobiomics/GCF_000091045.1_ASM9104v1_genomic.fna --db ../data/databases/k2_zymobiomics_250507 --threads 8
+ for file in "$GENOMES"/*.fna
+ head -n 1 ../data/genomes/zymobiomics/GCF_000146045.2_R64_genomic.fna
+ kraken2-build --add-to-library ../data/genomes/zymobiomics/GCF_000146045.2_R64_genomic.fna --db ../data/databases/k2_zymobiomics_250507 --threads 8
+ for file in "$GENOMES"/*.fna
+ head -n 1 ../data/genomes/zymobiomics/GCF_000196035.1_ASM19603v1_genomic.fna
+ kraken2-build --add-to-library ../data/genomes/zymobiomics/GCF_000196035.1_ASM19603v1_genomic.fna --db ../data/databases/k2_zymobiomics_250507 --threads 8
+ for file in "$GENOMES"/*.fna
+ head -n 1 ../data/genomes/zymobiomics/GCF_000393015.1_Ente_faec_T5_V1_genomic.fna
+ kraken2-build --add-to-library ../data/genomes/zymobiomics/GCF_000393015.1_Ente_faec_T5_V1_genomic.fna --db ../data/databases/k2_zymobiomics_250507 --threads 8
+ for file in "$GENOMES"/*.fna
+ head -n 1 ../data/genomes/zymobiomics/GCF_029961225.1_ASM2996122v1_genomic.fna
+ kraken2-build --add-to-library ../data/genomes/zymobiomics/GCF_029961225.1_ASM2996122v1_genomic.fna --db ../data/databases/k2_zymobiomics_250507 --threads 8
+ echo '✅  Custom genomes added.'
+ echo 'Building Kraken2 database...'
+ export OMP_NUM_THREADS=8
+ OMP_NUM_THREADS=8
+ kraken2-build --build --db ../data/databases/k2_zymobiomics_250507 --max-db-size 16 --threads 8
+ echo '✅  Kraken2 database built.'
+ for READ_LEN in 50 75 100 150 200 250 300
+++ which kraken2
++ dirname /users/k24087895/.conda/envs/metagenomics/bin/kraken2
+ bracken-build -d ../data/databases/k2_zymobiomics_250507 -t 8 -k 35 -l 50 -x /users/k24087895/.conda/envs/metagenomics/bin
+ echo '✅  Bracken database built for read length 50'
+ for READ_LEN in 50 75 100 150 200 250 300
+++ which kraken2
++ dirname /users/k24087895/.conda/envs/metagenomics/bin/kraken2
+ bracken-build -d ../data/databases/k2_zymobiomics_250507 -t 8 -k 35 -l 75 -x /users/k24087895/.conda/envs/metagenomics/bin
+ echo '✅  Bracken database built for read length 75'
+ for READ_LEN in 50 75 100 150 200 250 300
+++ which kraken2
++ dirname /users/k24087895/.conda/envs/metagenomics/bin/kraken2
+ bracken-build -d ../data/databases/k2_zymobiomics_250507 -t 8 -k 35 -l 100 -x /users/k24087895/.conda/envs/metagenomics/bin
+ echo '✅  Bracken database built for read length 100'
+ for READ_LEN in 50 75 100 150 200 250 300
+++ which kraken2
++ dirname /users/k24087895/.conda/envs/metagenomics/bin/kraken2
+ bracken-build -d ../data/databases/k2_zymobiomics_250507 -t 8 -k 35 -l 150 -x /users/k24087895/.conda/envs/metagenomics/bin
+ echo '✅  Bracken database built for read length 150'
+ for READ_LEN in 50 75 100 150 200 250 300
+++ which kraken2
++ dirname /users/k24087895/.conda/envs/metagenomics/bin/kraken2
+ bracken-build -d ../data/databases/k2_zymobiomics_250507 -t 8 -k 35 -l 200 -x /users/k24087895/.conda/envs/metagenomics/bin
+ echo '✅  Bracken database built for read length 200'
+ for READ_LEN in 50 75 100 150 200 250 300
+++ which kraken2
++ dirname /users/k24087895/.conda/envs/metagenomics/bin/kraken2
+ bracken-build -d ../data/databases/k2_zymobiomics_250507 -t 8 -k 35 -l 250 -x /users/k24087895/.conda/envs/metagenomics/bin
+ echo '✅  Bracken database built for read length 250'
+ for READ_LEN in 50 75 100 150 200 250 300
+++ which kraken2
++ dirname /users/k24087895/.conda/envs/metagenomics/bin/kraken2
+ bracken-build -d ../data/databases/k2_zymobiomics_250507 -t 8 -k 35 -l 300 -x /users/k24087895/.conda/envs/metagenomics/bin
+ echo '✅  Bracken database built for read length 300'
+ echo 'All Bracken databases built successfully!'
+ kraken2-build --clean --db ../data/databases/k2_zymobiomics_250507
+ kraken2-inspect --db ../data/databases/k2_zymobiomics_250507
