+ THREADS=8
+ KMER_LEN=35
+ GENOMES=/scratch/users/k24087895/final_project/data/genomes/zymobiomics
++ date +%Y%m%d
+ DBNAME=/scratch/users/k24087895/final_project/data/databases/k2_zymobiomics_20250510
++ pwd
++ pwd
+ source /scratch/users/k24087895/final_project/scripts/helper_scripts/environment_setup.sh /scratch/users/k24087895/final_project/scripts/metagenomics.yml
++ [[ -z /scratch/users/k24087895/final_project/scripts/metagenomics.yml ]]
++ [[ /scratch/users/k24087895/final_project/scripts/metagenomics.yml != *.yml ]]
++ [[ ! -f /scratch/users/k24087895/final_project/scripts/metagenomics.yml ]]
++ ENV_FILE=/scratch/users/k24087895/final_project/scripts/metagenomics.yml
+++ basename /scratch/users/k24087895/final_project/scripts/metagenomics.yml .yml
++ ENV_NAME=metagenomics
++ command -v conda
+++ conda shell.bash hook
++ eval 'export CONDA_EXE='\''/software/spackages_v0_21_prod/apps/linux-ubuntu22.04-zen2/gcc-13.2.0/anaconda3-2022.10-5wy43yh5crcsmws4afls5thwoskzarhe/bin/conda'\''
export _CE_M='\'''\''
export _CE_CONDA='\'''\''
export CONDA_PYTHON_EXE='\''/software/spackages_v0_21_prod/apps/linux-ubuntu22.04-zen2/gcc-13.2.0/anaconda3-2022.10-5wy43yh5crcsmws4afls5thwoskzarhe/bin/python'\''

# Copyright (C) 2012 Anaconda, Inc
# SPDX-License-Identifier: BSD-3-Clause

__conda_exe() (
    "$CONDA_EXE" $_CE_M $_CE_CONDA "$@"
)

__conda_hashr() {
    if [ -n "${ZSH_VERSION:+x}" ]; then
        \rehash
    elif [ -n "${POSH_VERSION:+x}" ]; then
        :  # pass
    else
        \hash -r
    fi
}

__conda_activate() {
    if [ -n "${CONDA_PS1_BACKUP:+x}" ]; then
        # Handle transition from shell activated with conda <= 4.3 to a subsequent activation
        # after conda updated to >= 4.4. See issue #6173.
        PS1="$CONDA_PS1_BACKUP"
        \unset CONDA_PS1_BACKUP
    fi
    \local ask_conda
    ask_conda="$(PS1="${PS1:-}" __conda_exe shell.posix "$@")" || \return
    \eval "$ask_conda"
    __conda_hashr
}

__conda_reactivate() {
    \local ask_conda
    ask_conda="$(PS1="${PS1:-}" __conda_exe shell.posix reactivate)" || \return
    \eval "$ask_conda"
    __conda_hashr
}

conda() {
    \local cmd="${1-__missing__}"
    case "$cmd" in
        activate|deactivate)
            __conda_activate "$@"
            ;;
        install|update|upgrade|remove|uninstall)
            __conda_exe "$@" || \return
            __conda_reactivate
            ;;
        *)
            __conda_exe "$@"
            ;;
    esac
}

if [ -z "${CONDA_SHLVL+x}" ]; then
    \export CONDA_SHLVL=0
    # In dev-mode CONDA_EXE is python.exe and on Windows
    # it is in a different relative location to condabin.
    if [ -n "${_CE_CONDA:+x}" ] && [ -n "${WINDIR+x}" ]; then
        PATH="$(\dirname "$CONDA_EXE")/condabin${PATH:+":${PATH}"}"
    else
        PATH="$(\dirname "$(\dirname "$CONDA_EXE")")/condabin${PATH:+":${PATH}"}"
    fi
    \export PATH

    # We'\''re not allowing PS1 to be unbound. It must at least be set.
    # However, we'\''re not exporting it, which can cause problems when starting a second shell
    # via a first shell (i.e. starting zsh from bash).
    if [ -z "${PS1+x}" ]; then
        PS1=
    fi
fi

conda activate base'
+++ export CONDA_EXE=/software/spackages_v0_21_prod/apps/linux-ubuntu22.04-zen2/gcc-13.2.0/anaconda3-2022.10-5wy43yh5crcsmws4afls5thwoskzarhe/bin/conda
+++ CONDA_EXE=/software/spackages_v0_21_prod/apps/linux-ubuntu22.04-zen2/gcc-13.2.0/anaconda3-2022.10-5wy43yh5crcsmws4afls5thwoskzarhe/bin/conda
+++ export _CE_M=
+++ _CE_M=
+++ export _CE_CONDA=
+++ _CE_CONDA=
+++ export CONDA_PYTHON_EXE=/software/spackages_v0_21_prod/apps/linux-ubuntu22.04-zen2/gcc-13.2.0/anaconda3-2022.10-5wy43yh5crcsmws4afls5thwoskzarhe/bin/python
+++ CONDA_PYTHON_EXE=/software/spackages_v0_21_prod/apps/linux-ubuntu22.04-zen2/gcc-13.2.0/anaconda3-2022.10-5wy43yh5crcsmws4afls5thwoskzarhe/bin/python
+++ '[' -z x ']'
+++ conda activate base
+++ local cmd=activate
+++ case "$cmd" in
+++ __conda_activate activate base
+++ '[' -n '' ']'
+++ local ask_conda
++++ PS1=
++++ __conda_exe shell.posix activate base
++++ /software/spackages_v0_21_prod/apps/linux-ubuntu22.04-zen2/gcc-13.2.0/anaconda3-2022.10-5wy43yh5crcsmws4afls5thwoskzarhe/bin/conda shell.posix activate base
+++ ask_conda='PS1='\''(base) '\''
export PATH='\''/users/k24087895/.local/bin:/software/spackages_v0_21_prod/apps/linux-ubuntu22.04-zen2/gcc-13.2.0/anaconda3-2022.10-5wy43yh5crcsmws4afls5thwoskzarhe/bin:/software/spackages_v0_21_prod/apps/linux-ubuntu22.04-zen2/gcc-13.2.0/anaconda3-2022.10-5wy43yh5crcsmws4afls5thwoskzarhe/condabin:/usr/local/sbin:/usr/local/bin:/usr/sbin:/usr/bin:/sbin:/bin:/usr/games:/usr/local/games:/snap/bin:/opt/puppetlabs/bin'\''
export CONDA_SHLVL='\''1'\''
export CONDA_PROMPT_MODIFIER='\''(base) '\'''
+++ eval 'PS1='\''(base) '\''
export PATH='\''/users/k24087895/.local/bin:/software/spackages_v0_21_prod/apps/linux-ubuntu22.04-zen2/gcc-13.2.0/anaconda3-2022.10-5wy43yh5crcsmws4afls5thwoskzarhe/bin:/software/spackages_v0_21_prod/apps/linux-ubuntu22.04-zen2/gcc-13.2.0/anaconda3-2022.10-5wy43yh5crcsmws4afls5thwoskzarhe/condabin:/usr/local/sbin:/usr/local/bin:/usr/sbin:/usr/bin:/sbin:/bin:/usr/games:/usr/local/games:/snap/bin:/opt/puppetlabs/bin'\''
export CONDA_SHLVL='\''1'\''
export CONDA_PROMPT_MODIFIER='\''(base) '\'''
++++ PS1='(base) '
++++ export PATH=/users/k24087895/.local/bin:/software/spackages_v0_21_prod/apps/linux-ubuntu22.04-zen2/gcc-13.2.0/anaconda3-2022.10-5wy43yh5crcsmws4afls5thwoskzarhe/bin:/software/spackages_v0_21_prod/apps/linux-ubuntu22.04-zen2/gcc-13.2.0/anaconda3-2022.10-5wy43yh5crcsmws4afls5thwoskzarhe/condabin:/usr/local/sbin:/usr/local/bin:/usr/sbin:/usr/bin:/sbin:/bin:/usr/games:/usr/local/games:/snap/bin:/opt/puppetlabs/bin
++++ PATH=/users/k24087895/.local/bin:/software/spackages_v0_21_prod/apps/linux-ubuntu22.04-zen2/gcc-13.2.0/anaconda3-2022.10-5wy43yh5crcsmws4afls5thwoskzarhe/bin:/software/spackages_v0_21_prod/apps/linux-ubuntu22.04-zen2/gcc-13.2.0/anaconda3-2022.10-5wy43yh5crcsmws4afls5thwoskzarhe/condabin:/usr/local/sbin:/usr/local/bin:/usr/sbin:/usr/bin:/sbin:/bin:/usr/games:/usr/local/games:/snap/bin:/opt/puppetlabs/bin
++++ export CONDA_SHLVL=1
++++ CONDA_SHLVL=1
++++ export 'CONDA_PROMPT_MODIFIER=(base) '
++++ CONDA_PROMPT_MODIFIER='(base) '
+++ __conda_hashr
+++ '[' -n '' ']'
+++ '[' -n '' ']'
+++ hash -r
++ conda env list
++ local cmd=env
++ case "$cmd" in
++ __conda_exe env list
++ grep -q metagenomics
++ /software/spackages_v0_21_prod/apps/linux-ubuntu22.04-zen2/gcc-13.2.0/anaconda3-2022.10-5wy43yh5crcsmws4afls5thwoskzarhe/bin/conda env list
++ conda activate metagenomics
++ local cmd=activate
++ case "$cmd" in
++ __conda_activate activate metagenomics
++ '[' -n '' ']'
++ local ask_conda
+++ PS1='(base) '
+++ __conda_exe shell.posix activate metagenomics
+++ /software/spackages_v0_21_prod/apps/linux-ubuntu22.04-zen2/gcc-13.2.0/anaconda3-2022.10-5wy43yh5crcsmws4afls5thwoskzarhe/bin/conda shell.posix activate metagenomics
++ ask_conda='PS1='\''(metagenomics) '\''
export PATH='\''/users/k24087895/.local/bin:/users/k24087895/.conda/envs/metagenomics/bin:/software/spackages_v0_21_prod/apps/linux-ubuntu22.04-zen2/gcc-13.2.0/anaconda3-2022.10-5wy43yh5crcsmws4afls5thwoskzarhe/condabin:/usr/local/sbin:/usr/local/bin:/usr/sbin:/usr/bin:/sbin:/bin:/usr/games:/usr/local/games:/snap/bin:/opt/puppetlabs/bin'\''
export CONDA_PREFIX='\''/users/k24087895/.conda/envs/metagenomics'\''
export CONDA_SHLVL='\''2'\''
export CONDA_DEFAULT_ENV='\''metagenomics'\''
export CONDA_PROMPT_MODIFIER='\''(metagenomics) '\''
export CONDA_PREFIX_1='\''/software/spackages_v0_21_prod/apps/linux-ubuntu22.04-zen2/gcc-13.2.0/anaconda3-2022.10-5wy43yh5crcsmws4afls5thwoskzarhe'\''
export CONDA_EXE='\''/software/spackages_v0_21_prod/apps/linux-ubuntu22.04-zen2/gcc-13.2.0/anaconda3-2022.10-5wy43yh5crcsmws4afls5thwoskzarhe/bin/conda'\''
export _CE_M='\'''\''
export _CE_CONDA='\'''\''
export CONDA_PYTHON_EXE='\''/software/spackages_v0_21_prod/apps/linux-ubuntu22.04-zen2/gcc-13.2.0/anaconda3-2022.10-5wy43yh5crcsmws4afls5thwoskzarhe/bin/python'\''
. "/users/k24087895/.conda/envs/metagenomics/etc/conda/activate.d/activate-r-base.sh"
. "/users/k24087895/.conda/envs/metagenomics/etc/conda/activate.d/libglib_activate.sh"
. "/users/k24087895/.conda/envs/metagenomics/etc/conda/activate.d/libxml2_activate.sh"
. "/users/k24087895/.conda/envs/metagenomics/etc/conda/activate.d/openjdk_activate.sh"'
++ eval 'PS1='\''(metagenomics) '\''
export PATH='\''/users/k24087895/.local/bin:/users/k24087895/.conda/envs/metagenomics/bin:/software/spackages_v0_21_prod/apps/linux-ubuntu22.04-zen2/gcc-13.2.0/anaconda3-2022.10-5wy43yh5crcsmws4afls5thwoskzarhe/condabin:/usr/local/sbin:/usr/local/bin:/usr/sbin:/usr/bin:/sbin:/bin:/usr/games:/usr/local/games:/snap/bin:/opt/puppetlabs/bin'\''
export CONDA_PREFIX='\''/users/k24087895/.conda/envs/metagenomics'\''
export CONDA_SHLVL='\''2'\''
export CONDA_DEFAULT_ENV='\''metagenomics'\''
export CONDA_PROMPT_MODIFIER='\''(metagenomics) '\''
export CONDA_PREFIX_1='\''/software/spackages_v0_21_prod/apps/linux-ubuntu22.04-zen2/gcc-13.2.0/anaconda3-2022.10-5wy43yh5crcsmws4afls5thwoskzarhe'\''
export CONDA_EXE='\''/software/spackages_v0_21_prod/apps/linux-ubuntu22.04-zen2/gcc-13.2.0/anaconda3-2022.10-5wy43yh5crcsmws4afls5thwoskzarhe/bin/conda'\''
export _CE_M='\'''\''
export _CE_CONDA='\'''\''
export CONDA_PYTHON_EXE='\''/software/spackages_v0_21_prod/apps/linux-ubuntu22.04-zen2/gcc-13.2.0/anaconda3-2022.10-5wy43yh5crcsmws4afls5thwoskzarhe/bin/python'\''
. "/users/k24087895/.conda/envs/metagenomics/etc/conda/activate.d/activate-r-base.sh"
. "/users/k24087895/.conda/envs/metagenomics/etc/conda/activate.d/libglib_activate.sh"
. "/users/k24087895/.conda/envs/metagenomics/etc/conda/activate.d/libxml2_activate.sh"
. "/users/k24087895/.conda/envs/metagenomics/etc/conda/activate.d/openjdk_activate.sh"'
+++ PS1='(metagenomics) '
+++ export PATH=/users/k24087895/.local/bin:/users/k24087895/.conda/envs/metagenomics/bin:/software/spackages_v0_21_prod/apps/linux-ubuntu22.04-zen2/gcc-13.2.0/anaconda3-2022.10-5wy43yh5crcsmws4afls5thwoskzarhe/condabin:/usr/local/sbin:/usr/local/bin:/usr/sbin:/usr/bin:/sbin:/bin:/usr/games:/usr/local/games:/snap/bin:/opt/puppetlabs/bin
+++ PATH=/users/k24087895/.local/bin:/users/k24087895/.conda/envs/metagenomics/bin:/software/spackages_v0_21_prod/apps/linux-ubuntu22.04-zen2/gcc-13.2.0/anaconda3-2022.10-5wy43yh5crcsmws4afls5thwoskzarhe/condabin:/usr/local/sbin:/usr/local/bin:/usr/sbin:/usr/bin:/sbin:/bin:/usr/games:/usr/local/games:/snap/bin:/opt/puppetlabs/bin
+++ export CONDA_PREFIX=/users/k24087895/.conda/envs/metagenomics
+++ CONDA_PREFIX=/users/k24087895/.conda/envs/metagenomics
+++ export CONDA_SHLVL=2
+++ CONDA_SHLVL=2
+++ export CONDA_DEFAULT_ENV=metagenomics
+++ CONDA_DEFAULT_ENV=metagenomics
+++ export 'CONDA_PROMPT_MODIFIER=(metagenomics) '
+++ CONDA_PROMPT_MODIFIER='(metagenomics) '
+++ export CONDA_PREFIX_1=/software/spackages_v0_21_prod/apps/linux-ubuntu22.04-zen2/gcc-13.2.0/anaconda3-2022.10-5wy43yh5crcsmws4afls5thwoskzarhe
+++ CONDA_PREFIX_1=/software/spackages_v0_21_prod/apps/linux-ubuntu22.04-zen2/gcc-13.2.0/anaconda3-2022.10-5wy43yh5crcsmws4afls5thwoskzarhe
+++ export CONDA_EXE=/software/spackages_v0_21_prod/apps/linux-ubuntu22.04-zen2/gcc-13.2.0/anaconda3-2022.10-5wy43yh5crcsmws4afls5thwoskzarhe/bin/conda
+++ CONDA_EXE=/software/spackages_v0_21_prod/apps/linux-ubuntu22.04-zen2/gcc-13.2.0/anaconda3-2022.10-5wy43yh5crcsmws4afls5thwoskzarhe/bin/conda
+++ export _CE_M=
+++ _CE_M=
+++ export _CE_CONDA=
+++ _CE_CONDA=
+++ export CONDA_PYTHON_EXE=/software/spackages_v0_21_prod/apps/linux-ubuntu22.04-zen2/gcc-13.2.0/anaconda3-2022.10-5wy43yh5crcsmws4afls5thwoskzarhe/bin/python
+++ CONDA_PYTHON_EXE=/software/spackages_v0_21_prod/apps/linux-ubuntu22.04-zen2/gcc-13.2.0/anaconda3-2022.10-5wy43yh5crcsmws4afls5thwoskzarhe/bin/python
+++ . /users/k24087895/.conda/envs/metagenomics/etc/conda/activate.d/activate-r-base.sh
++++ R CMD javareconf
++++ '[' -n '' ']'
++++ export RSTUDIO_WHICH_R=/users/k24087895/.conda/envs/metagenomics/bin/R
++++ RSTUDIO_WHICH_R=/users/k24087895/.conda/envs/metagenomics/bin/R
+++ . /users/k24087895/.conda/envs/metagenomics/etc/conda/activate.d/libglib_activate.sh
++++ export GSETTINGS_SCHEMA_DIR_CONDA_BACKUP=
++++ GSETTINGS_SCHEMA_DIR_CONDA_BACKUP=
++++ export GSETTINGS_SCHEMA_DIR=/users/k24087895/.conda/envs/metagenomics/share/glib-2.0/schemas
++++ GSETTINGS_SCHEMA_DIR=/users/k24087895/.conda/envs/metagenomics/share/glib-2.0/schemas
+++ . /users/k24087895/.conda/envs/metagenomics/etc/conda/activate.d/libxml2_activate.sh
++++ test -n ''
++++ xml_catalog_files_libxml2=
++++ XML_CATALOG_FILES=
++++ conda_catalog_files=
++++ ifs_libxml2=' 	
'
++++ IFS=' '
++++ rem=/users/k24087895/.conda/envs/metagenomics
++++ for pre in ${rem}
++++ test '' = /users/k24087895/.conda/envs/metagenomics
++++ conda_catalog_files=/users/k24087895/.conda/envs/metagenomics
++++ rem=
++++ IFS=' 	
'
++++ conda_catalog_files='file:///users/k24087895/.conda/envs/metagenomics/etc/xml/catalog file:///etc/xml/catalog'
++++ export 'XML_CATALOG_FILES=file:///users/k24087895/.conda/envs/metagenomics/etc/xml/catalog file:///etc/xml/catalog'
++++ XML_CATALOG_FILES='file:///users/k24087895/.conda/envs/metagenomics/etc/xml/catalog file:///etc/xml/catalog'
++++ unset conda_catalog_files ifs_libxml2 rem
+++ . /users/k24087895/.conda/envs/metagenomics/etc/conda/activate.d/openjdk_activate.sh
++++ '[' '' ']'
++++ export JAVA_HOME=/users/k24087895/.conda/envs/metagenomics/lib/jvm
++++ JAVA_HOME=/users/k24087895/.conda/envs/metagenomics/lib/jvm
++++ '[' '' ']'
++++ export JAVA_LD_LIBRARY_PATH=/users/k24087895/.conda/envs/metagenomics/lib/jvm/lib/server
++++ JAVA_LD_LIBRARY_PATH=/users/k24087895/.conda/envs/metagenomics/lib/jvm/lib/server
++ __conda_hashr
++ '[' -n '' ']'
++ '[' -n '' ']'
++ hash -r
++ echo '✅ '\''metagenomics'\'' environment activated successfully.'
++ export PATH=/users/k24087895/.conda/envs/metagenomics/bin:/users/k24087895/.local/bin:/users/k24087895/.conda/envs/metagenomics/bin:/software/spackages_v0_21_prod/apps/linux-ubuntu22.04-zen2/gcc-13.2.0/anaconda3-2022.10-5wy43yh5crcsmws4afls5thwoskzarhe/condabin:/usr/local/sbin:/usr/local/bin:/usr/sbin:/usr/bin:/sbin:/bin:/usr/games:/usr/local/games:/snap/bin:/opt/puppetlabs/bin
++ PATH=/users/k24087895/.conda/envs/metagenomics/bin:/users/k24087895/.local/bin:/users/k24087895/.conda/envs/metagenomics/bin:/software/spackages_v0_21_prod/apps/linux-ubuntu22.04-zen2/gcc-13.2.0/anaconda3-2022.10-5wy43yh5crcsmws4afls5thwoskzarhe/condabin:/usr/local/sbin:/usr/local/bin:/usr/sbin:/usr/bin:/sbin:/bin:/usr/games:/usr/local/games:/snap/bin:/opt/puppetlabs/bin
+++ python -c 'import sys; print(".".join(map(str, sys.version_info[:3])))'
++ export PYTHONPATH=/users/k24087895/.conda/envs/metagenomics/lib/python3.12.10/site-packages:
++ PYTHONPATH=/users/k24087895/.conda/envs/metagenomics/lib/python3.12.10/site-packages:
+ [[ 4 -gt 0 ]]
+ case "$1" in
+ GENOMES=../data/genomes/housepets/
+ shift 2
+ [[ 2 -gt 0 ]]
+ case "$1" in
+ DBNAME=../data/databases/k2_housepets_250510
+ shift 2
+ [[ 0 -gt 0 ]]
+ '[' -z ../data/genomes/housepets/ ']'
+ '[' -z ../data/databases/k2_housepets_250510 ']'
+ echo '✅  Using provided arguments:'
+ echo '    DBNAME: ../data/databases/k2_housepets_250510'
+ echo '    GENOMES: ../data/genomes/housepets/'
+ '[' -d ../data/databases/k2_housepets_250510 ']'
+ mkdir -p ../data/databases/k2_housepets_250510
++ basename ../data/databases/k2_housepets_250510
+ echo '✅  Created k2_housepets_250510 directory.'
+ '[' '!' -d ../data/genomes/housepets/ ']'
+ ls ../data/genomes/housepets//GCF_000001635.27_GRCm39_genomic.fna ../data/genomes/housepets//GCF_000003025.6_Sscrofa11.1_genomic.fna ../data/genomes/housepets//GCF_002263795.3_ARS-UCD2.0_genomic.fna ../data/genomes/housepets//GCF_003668045.3_CriGri-PICRH-1.0_genomic.fna ../data/genomes/housepets//GCF_011100685.1_UU_Cfam_GSD_1.0_genomic.fna ../data/genomes/housepets//GCF_016699485.2_bGalGal1.mat.broiler.GRCg7b_genomic.fna ../data/genomes/housepets//GCF_018350175.1_F.catus_Fca126_mat1.0_genomic.fna ../data/genomes/housepets//GCF_034190915.1_mCavPor4.1_genomic.fna ../data/genomes/housepets//GCF_036323735.1_GRCr8_genomic.fna ../data/genomes/housepets//GCF_041296265.1_TB-T2T_genomic.fna ../data/genomes/housepets//GCF_964237555.1_mOryCun1.1_genomic.fna
+ echo '✅ Genomes already present in ../data/genomes/housepets/. Skipping download.'
+ echo 'Downloading NCBI taxonomy...'
+ kraken2-build --download-taxonomy --use-ftp --db ../data/databases/k2_housepets_250510 --threads 8
+ echo '✅  NCBI taxonomy downloaded.'
+ echo 'Adding custom genomes...'
+ for file in "$GENOMES"/*.fna
+ head -n 1 ../data/genomes/housepets//GCF_000001635.27_GRCm39_genomic.fna
+ kraken2-build --add-to-library ../data/genomes/housepets//GCF_000001635.27_GRCm39_genomic.fna --db ../data/databases/k2_housepets_250510 --threads 8
+ for file in "$GENOMES"/*.fna
+ head -n 1 ../data/genomes/housepets//GCF_000003025.6_Sscrofa11.1_genomic.fna
+ kraken2-build --add-to-library ../data/genomes/housepets//GCF_000003025.6_Sscrofa11.1_genomic.fna --db ../data/databases/k2_housepets_250510 --threads 8
+ for file in "$GENOMES"/*.fna
+ head -n 1 ../data/genomes/housepets//GCF_002263795.3_ARS-UCD2.0_genomic.fna
+ kraken2-build --add-to-library ../data/genomes/housepets//GCF_002263795.3_ARS-UCD2.0_genomic.fna --db ../data/databases/k2_housepets_250510 --threads 8
+ for file in "$GENOMES"/*.fna
+ head -n 1 ../data/genomes/housepets//GCF_003668045.3_CriGri-PICRH-1.0_genomic.fna
+ kraken2-build --add-to-library ../data/genomes/housepets//GCF_003668045.3_CriGri-PICRH-1.0_genomic.fna --db ../data/databases/k2_housepets_250510 --threads 8
+ for file in "$GENOMES"/*.fna
+ head -n 1 ../data/genomes/housepets//GCF_011100685.1_UU_Cfam_GSD_1.0_genomic.fna
+ kraken2-build --add-to-library ../data/genomes/housepets//GCF_011100685.1_UU_Cfam_GSD_1.0_genomic.fna --db ../data/databases/k2_housepets_250510 --threads 8
+ for file in "$GENOMES"/*.fna
+ head -n 1 ../data/genomes/housepets//GCF_016699485.2_bGalGal1.mat.broiler.GRCg7b_genomic.fna
+ kraken2-build --add-to-library ../data/genomes/housepets//GCF_016699485.2_bGalGal1.mat.broiler.GRCg7b_genomic.fna --db ../data/databases/k2_housepets_250510 --threads 8
+ for file in "$GENOMES"/*.fna
+ head -n 1 ../data/genomes/housepets//GCF_018350175.1_F.catus_Fca126_mat1.0_genomic.fna
+ kraken2-build --add-to-library ../data/genomes/housepets//GCF_018350175.1_F.catus_Fca126_mat1.0_genomic.fna --db ../data/databases/k2_housepets_250510 --threads 8
+ for file in "$GENOMES"/*.fna
+ head -n 1 ../data/genomes/housepets//GCF_034190915.1_mCavPor4.1_genomic.fna
+ kraken2-build --add-to-library ../data/genomes/housepets//GCF_034190915.1_mCavPor4.1_genomic.fna --db ../data/databases/k2_housepets_250510 --threads 8
+ for file in "$GENOMES"/*.fna
+ head -n 1 ../data/genomes/housepets//GCF_036323735.1_GRCr8_genomic.fna
+ kraken2-build --add-to-library ../data/genomes/housepets//GCF_036323735.1_GRCr8_genomic.fna --db ../data/databases/k2_housepets_250510 --threads 8
+ for file in "$GENOMES"/*.fna
+ head -n 1 ../data/genomes/housepets//GCF_041296265.1_TB-T2T_genomic.fna
+ kraken2-build --add-to-library ../data/genomes/housepets//GCF_041296265.1_TB-T2T_genomic.fna --db ../data/databases/k2_housepets_250510 --threads 8
+ for file in "$GENOMES"/*.fna
+ head -n 1 ../data/genomes/housepets//GCF_964237555.1_mOryCun1.1_genomic.fna
+ kraken2-build --add-to-library ../data/genomes/housepets//GCF_964237555.1_mOryCun1.1_genomic.fna --db ../data/databases/k2_housepets_250510 --threads 8
+ echo '✅  Custom genomes added.'
+ echo 'Building Kraken2 database...'
+ export OMP_NUM_THREADS=8
+ OMP_NUM_THREADS=8
+ kraken2-build --build --db ../data/databases/k2_housepets_250510 --max-db-size 16000000000 --threads 8
+ echo '✅  Kraken2 database built.'
+ for READ_LEN in 50 75 100 150 200 250 300
+++ which kraken2
++ dirname /users/k24087895/.conda/envs/metagenomics/bin/kraken2
+ bracken-build -d ../data/databases/k2_housepets_250510 -t 8 -k 35 -l 50 -x /users/k24087895/.conda/envs/metagenomics/bin
+ echo '✅  Bracken database built for read length 50'
+ for READ_LEN in 50 75 100 150 200 250 300
+++ which kraken2
++ dirname /users/k24087895/.conda/envs/metagenomics/bin/kraken2
+ bracken-build -d ../data/databases/k2_housepets_250510 -t 8 -k 35 -l 75 -x /users/k24087895/.conda/envs/metagenomics/bin
+ echo '✅  Bracken database built for read length 75'
+ for READ_LEN in 50 75 100 150 200 250 300
+++ which kraken2
++ dirname /users/k24087895/.conda/envs/metagenomics/bin/kraken2
+ bracken-build -d ../data/databases/k2_housepets_250510 -t 8 -k 35 -l 100 -x /users/k24087895/.conda/envs/metagenomics/bin
+ echo '✅  Bracken database built for read length 100'
+ for READ_LEN in 50 75 100 150 200 250 300
+++ which kraken2
++ dirname /users/k24087895/.conda/envs/metagenomics/bin/kraken2
+ bracken-build -d ../data/databases/k2_housepets_250510 -t 8 -k 35 -l 150 -x /users/k24087895/.conda/envs/metagenomics/bin
+ echo '✅  Bracken database built for read length 150'
+ for READ_LEN in 50 75 100 150 200 250 300
+++ which kraken2
++ dirname /users/k24087895/.conda/envs/metagenomics/bin/kraken2
+ bracken-build -d ../data/databases/k2_housepets_250510 -t 8 -k 35 -l 200 -x /users/k24087895/.conda/envs/metagenomics/bin
+ echo '✅  Bracken database built for read length 200'
+ for READ_LEN in 50 75 100 150 200 250 300
+++ which kraken2
++ dirname /users/k24087895/.conda/envs/metagenomics/bin/kraken2
+ bracken-build -d ../data/databases/k2_housepets_250510 -t 8 -k 35 -l 250 -x /users/k24087895/.conda/envs/metagenomics/bin
+ echo '✅  Bracken database built for read length 250'
+ for READ_LEN in 50 75 100 150 200 250 300
+++ which kraken2
++ dirname /users/k24087895/.conda/envs/metagenomics/bin/kraken2
+ bracken-build -d ../data/databases/k2_housepets_250510 -t 8 -k 35 -l 300 -x /users/k24087895/.conda/envs/metagenomics/bin
+ echo '✅  Bracken database built for read length 300'
+ echo 'All Bracken databases built successfully!'
+ kraken2-build --clean --db ../data/databases/k2_housepets_250510
Database disk usage: 110G
After cleaning, database uses 38G
