✅ 'metagenomics' environment activated successfully.
✅ Arguments provided:
    DBNAME: /scratch/users/k24087895/final_project/data/databases/k2_custom_20250502
    GENOMES: /scratch/users/k24087895/final_project/data/genomes
⚠️ Removing existing Genomes directory.
Downloading genomes...
Tagging genome headers with taxIDs...
Tagging GCF_000005845.2_ASM584v2_genomic.fna with taxid 562...
Tagging GCF_000006765.1_ASM676v1_genomic.fna with taxid 208964...
Tagging GCF_000006945.2_ASM694v2_genomic.fna with taxid 28901...
Tagging GCF_000008865.2_ASM886v2_genomic.fna with taxid 562...
Tagging GCF_000009045.1_ASM904v1_genomic.fna with taxid 224308...
Tagging GCF_000013425.1_ASM1342v1_genomic.fna with taxid 1280...
Tagging GCF_000091045.1_ASM9104v1_genomic.fna with taxid 5207...
Tagging GCF_000146045.2_R64_genomic.fna with taxid 4932...
Tagging GCF_000196035.1_ASM19603v1_genomic.fna with taxid 169963...
Tagging GCF_000393015.1_Ente_faec_T5_V1_genomic.fna with taxid 1351...
Tagging GCF_029961225.1_ASM2996122v1_genomic.fna with taxid 1613...
✅ NCBI taxonomy downloaded to: /scratch/users/k24087895/final_project/data/databases/k2_custom_20250502
Downloading human reference library to: /scratch/users/k24087895/final_project/data/databases/k2_custom_20250502
