
================================================= ARGUMENT PARSING & VALIDATION =================================================

Raw FASTQ directory path: ../zymobiomics_folder/raw_data/
✅  Database set to: ../data/databases/k2_standard_16gb_20250402/
Quality Control & Trimming: Disabled ❌
⚠️  Optional, but must be done at least once on the raw reads for the pipeline to work.

Host DNA Removal: Disabled ❌
⚠️  Optional, but must be done at least once on the trimmed reads for the pipeline to work.

Kraken2/Bracken Database: ../data/databases/k2_standard_16gb_20250402/

================================================= CONDA ENVIRONMENT ACTIVATION ==================================================

✅ 'metagenomics' environment activated successfully.

====================================================== PROJECT STRUCTURE ======================================================

../zymobiomics_folder
├── processed_data
│   ├── human
│   │   ├── aligned_sam
│   │   ├── bed_files
│   │   └── sorted_bam
│   ├── metagenomic
│   │   ├── bracken
│   │   ├── classified
│   │   ├── filtered_fastq
│   │   ├── kraken2
│   │   └── unclassified
│   └── trimmed
│       ├── paired
│       └── unpaired
├── raw_data
└── results
    ├── fastqc
    │   ├── post_trimming
    │   └── pre_trimming
    ├── host_dna_analysis
    └── runs
        ├── run_2005_1637
        ├── run_2005_1655
        ├── run_2005_1658
        ├── run_2005_1706
        └── run_2005_1730

26 directories
Human DNA-related files (SAM, BAM, and BED) in the 'human' directory are created once per sub-project and remain unchanged across runs.
Intermediate metagenomic files in the 'metagenomic' directory are overwritten with each run and should be inspected beforehand if desired.
Results are stored in the 'results' directory (including FastQC, host DNA analysis, and run-specific results like Kraken2 and Bracken).

================================================= METAGENOMIC ABUNDANCE ESTIMATION =================================================
⚠️  This step assumes reads have already been trimmed with Trimmomatic and host DNA removed with Bowtie2. Processed reads must be in the correct directory.

Processing sample: ZC1_S4

Classifying metagenomic reads with Kraken2...
kraken2 --db "../data/databases/k2_standard_16gb_20250402/" --threads 8 --report "../zymobiomics_folder/results/runs/run_2005_1730/reports/ZC1_S4.k2report" 		--report-minimizer-data --paired --minimum-hit-groups 2 		--classified-out "../zymobiomics_folder/processed_data/metagenomic/classified/ZC1_S4_classified#.fastq" --unclassified-out "../zymobiomics_folder/processed_data/metagenomic/unclassified/ZC1_S4_unclassified#.fastq" 		--output "../zymobiomics_folder/processed_data/metagenomic/kraken2/ZC1_S4.kraken2" --use-names "../zymobiomics_folder/processed_data/metagenomic/filtered_fastq/ZC1_S4_metagenomic.1" "../zymobiomics_folder/processed_data/metagenomic/filtered_fastq/ZC1_S4_metagenomic.2" 2>&1
Loading database information... done.
287710 sequences (51.71 Mbp) processed in 1.282s (13469.4 Kseq/m, 2420.87 Mbp/m).
  212184 sequences classified (73.75%)
  75526 sequences unclassified (26.25%)
✅  Classification complete.

Estimating species abundance with Bracken...
 >> Checking for Valid Options...
 >> Running Bracken 
      >> python src/est_abundance.py -i ../zymobiomics_folder/results/runs/run_2005_1730/reports/ZC1_S4.k2report -o ../zymobiomics_folder/processed_data/metagenomic/bracken/ZC1_S4.bracken -k ../data/databases/k2_standard_16gb_20250402/database100mers.kmer_distrib -l S -t 0
>> Checking report file: ../zymobiomics_folder/results/runs/run_2005_1730/reports/ZC1_S4.k2report
PROGRAM START TIME: 05-20-2025 16:31:02
BRACKEN SUMMARY (Kraken report: ../zymobiomics_folder/results/runs/run_2005_1730/reports/ZC1_S4.k2report)
    >>> Threshold: 0 
    >>> Number of species in sample: 286 
	  >> Number of species with reads > threshold: 286 
	  >> Number of species with reads < threshold: 0 
    >>> Total reads in sample: 287710
	  >> Total reads kept at species level (reads > threshold): 61963
	  >> Total reads discarded (species reads < threshold): 0
	  >> Reads distributed: 150199
	  >> Reads not distributed (eg. no species above threshold): 22
	  >> Unclassified reads: 75526
BRACKEN OUTPUT PRODUCED: ../zymobiomics_folder/processed_data/metagenomic/bracken/ZC1_S4.bracken
PROGRAM END TIME: 05-20-2025 16:31:03
  Bracken complete.
✅  Abundance estimated.

Generating Krona visualization...
Writing ../zymobiomics_folder/results/runs/run_2005_1730/krona/ZC1_S4.krona.html...
✅  Krona plot generated.

Processing sample: ZC2_S5

Classifying metagenomic reads with Kraken2...
kraken2 --db "../data/databases/k2_standard_16gb_20250402/" --threads 8 --report "../zymobiomics_folder/results/runs/run_2005_1730/reports/ZC2_S5.k2report" 		--report-minimizer-data --paired --minimum-hit-groups 2 		--classified-out "../zymobiomics_folder/processed_data/metagenomic/classified/ZC2_S5_classified#.fastq" --unclassified-out "../zymobiomics_folder/processed_data/metagenomic/unclassified/ZC2_S5_unclassified#.fastq" 		--output "../zymobiomics_folder/processed_data/metagenomic/kraken2/ZC2_S5.kraken2" --use-names "../zymobiomics_folder/processed_data/metagenomic/filtered_fastq/ZC2_S5_metagenomic.1" "../zymobiomics_folder/processed_data/metagenomic/filtered_fastq/ZC2_S5_metagenomic.2" 2>&1
Loading database information... done.
267582 sequences (38.37 Mbp) processed in 1.548s (10368.4 Kseq/m, 1486.67 Mbp/m).
  172435 sequences classified (64.44%)
  95147 sequences unclassified (35.56%)
✅  Classification complete.

Estimating species abundance with Bracken...
 >> Checking for Valid Options...
 >> Running Bracken 
      >> python src/est_abundance.py -i ../zymobiomics_folder/results/runs/run_2005_1730/reports/ZC2_S5.k2report -o ../zymobiomics_folder/processed_data/metagenomic/bracken/ZC2_S5.bracken -k ../data/databases/k2_standard_16gb_20250402/database100mers.kmer_distrib -l S -t 0
>> Checking report file: ../zymobiomics_folder/results/runs/run_2005_1730/reports/ZC2_S5.k2report
PROGRAM START TIME: 05-20-2025 16:31:18
BRACKEN SUMMARY (Kraken report: ../zymobiomics_folder/results/runs/run_2005_1730/reports/ZC2_S5.k2report)
    >>> Threshold: 0 
    >>> Number of species in sample: 251 
	  >> Number of species with reads > threshold: 251 
	  >> Number of species with reads < threshold: 0 
    >>> Total reads in sample: 267582
	  >> Total reads kept at species level (reads > threshold): 44278
	  >> Total reads discarded (species reads < threshold): 0
	  >> Reads distributed: 128135
	  >> Reads not distributed (eg. no species above threshold): 22
	  >> Unclassified reads: 95147
BRACKEN OUTPUT PRODUCED: ../zymobiomics_folder/processed_data/metagenomic/bracken/ZC2_S5.bracken
PROGRAM END TIME: 05-20-2025 16:31:18
  Bracken complete.
✅  Abundance estimated.

Generating Krona visualization...
Writing ../zymobiomics_folder/results/runs/run_2005_1730/krona/ZC2_S5.krona.html...
✅  Krona plot generated.

Processing sample: ZC3_S6

Classifying metagenomic reads with Kraken2...
kraken2 --db "../data/databases/k2_standard_16gb_20250402/" --threads 8 --report "../zymobiomics_folder/results/runs/run_2005_1730/reports/ZC3_S6.k2report" 		--report-minimizer-data --paired --minimum-hit-groups 2 		--classified-out "../zymobiomics_folder/processed_data/metagenomic/classified/ZC3_S6_classified#.fastq" --unclassified-out "../zymobiomics_folder/processed_data/metagenomic/unclassified/ZC3_S6_unclassified#.fastq" 		--output "../zymobiomics_folder/processed_data/metagenomic/kraken2/ZC3_S6.kraken2" --use-names "../zymobiomics_folder/processed_data/metagenomic/filtered_fastq/ZC3_S6_metagenomic.1" "../zymobiomics_folder/processed_data/metagenomic/filtered_fastq/ZC3_S6_metagenomic.2" 2>&1
Loading database information... done.
273941 sequences (42.88 Mbp) processed in 1.758s (9351.2 Kseq/m, 1463.59 Mbp/m).
  183242 sequences classified (66.89%)
  90699 sequences unclassified (33.11%)
✅  Classification complete.

Estimating species abundance with Bracken...
 >> Checking for Valid Options...
 >> Running Bracken 
      >> python src/est_abundance.py -i ../zymobiomics_folder/results/runs/run_2005_1730/reports/ZC3_S6.k2report -o ../zymobiomics_folder/processed_data/metagenomic/bracken/ZC3_S6.bracken -k ../data/databases/k2_standard_16gb_20250402/database100mers.kmer_distrib -l S -t 0
>> Checking report file: ../zymobiomics_folder/results/runs/run_2005_1730/reports/ZC3_S6.k2report
PROGRAM START TIME: 05-20-2025 16:31:33
BRACKEN SUMMARY (Kraken report: ../zymobiomics_folder/results/runs/run_2005_1730/reports/ZC3_S6.k2report)
    >>> Threshold: 0 
    >>> Number of species in sample: 238 
	  >> Number of species with reads > threshold: 238 
	  >> Number of species with reads < threshold: 0 
    >>> Total reads in sample: 273941
	  >> Total reads kept at species level (reads > threshold): 51881
	  >> Total reads discarded (species reads < threshold): 0
	  >> Reads distributed: 131334
	  >> Reads not distributed (eg. no species above threshold): 27
	  >> Unclassified reads: 90699
BRACKEN OUTPUT PRODUCED: ../zymobiomics_folder/processed_data/metagenomic/bracken/ZC3_S6.bracken
PROGRAM END TIME: 05-20-2025 16:31:33
  Bracken complete.
✅  Abundance estimated.

Generating Krona visualization...
Writing ../zymobiomics_folder/results/runs/run_2005_1730/krona/ZC3_S6.krona.html...
✅  Krona plot generated.

Processing sample: ZC4_S7

Classifying metagenomic reads with Kraken2...
kraken2 --db "../data/databases/k2_standard_16gb_20250402/" --threads 8 --report "../zymobiomics_folder/results/runs/run_2005_1730/reports/ZC4_S7.k2report" 		--report-minimizer-data --paired --minimum-hit-groups 2 		--classified-out "../zymobiomics_folder/processed_data/metagenomic/classified/ZC4_S7_classified#.fastq" --unclassified-out "../zymobiomics_folder/processed_data/metagenomic/unclassified/ZC4_S7_unclassified#.fastq" 		--output "../zymobiomics_folder/processed_data/metagenomic/kraken2/ZC4_S7.kraken2" --use-names "../zymobiomics_folder/processed_data/metagenomic/filtered_fastq/ZC4_S7_metagenomic.1" "../zymobiomics_folder/processed_data/metagenomic/filtered_fastq/ZC4_S7_metagenomic.2" 2>&1
Loading database information... done.
238874 sequences (35.00 Mbp) processed in 1.178s (12166.3 Kseq/m, 1782.75 Mbp/m).
  152509 sequences classified (63.84%)
  86365 sequences unclassified (36.16%)
✅  Classification complete.

Estimating species abundance with Bracken...
 >> Checking for Valid Options...
 >> Running Bracken 
      >> python src/est_abundance.py -i ../zymobiomics_folder/results/runs/run_2005_1730/reports/ZC4_S7.k2report -o ../zymobiomics_folder/processed_data/metagenomic/bracken/ZC4_S7.bracken -k ../data/databases/k2_standard_16gb_20250402/database100mers.kmer_distrib -l S -t 0
>> Checking report file: ../zymobiomics_folder/results/runs/run_2005_1730/reports/ZC4_S7.k2report
PROGRAM START TIME: 05-20-2025 16:31:47
BRACKEN SUMMARY (Kraken report: ../zymobiomics_folder/results/runs/run_2005_1730/reports/ZC4_S7.k2report)
    >>> Threshold: 0 
    >>> Number of species in sample: 189 
	  >> Number of species with reads > threshold: 189 
	  >> Number of species with reads < threshold: 0 
    >>> Total reads in sample: 238874
	  >> Total reads kept at species level (reads > threshold): 43542
	  >> Total reads discarded (species reads < threshold): 0
	  >> Reads distributed: 108952
	  >> Reads not distributed (eg. no species above threshold): 15
	  >> Unclassified reads: 86365
BRACKEN OUTPUT PRODUCED: ../zymobiomics_folder/processed_data/metagenomic/bracken/ZC4_S7.bracken
PROGRAM END TIME: 05-20-2025 16:31:48
  Bracken complete.
✅  Abundance estimated.
