
================================================= ARGUMENT PARSING & VALIDATION =================================================

Raw FASTQ directory path: ../exposure_folder2/raw_data/
âš ï¸ Warning: No Bowtie2 index provided. Using default: ../data/bowtie_index/GRCh38_noalt_as/GRCh38_noalt_as
âœ… Trimming enabled.
Quality Control & Trimming: Enabled âœ…
âš ï¸ Optional, but must be done at least once on the raw reads for the pipeline to work.

Host DNA Removal: Enabled âœ…
Bowtie2 Index Prefix: ../data/bowtie_index/GRCh38_noalt_as/GRCh38_noalt_as
âš ï¸ Optional, but must be done at least once on the trimmed reads for the pipeline to work.

Kraken2/Bracken Database: ../data/databases/k2_standard_16gb_20241228

================================================= CONDA ENVIRONMENT ACTIVATION ==================================================

âœ… 'metagenomics' environment activated successfully.

====================================================== PROJECT STRUCTURE ======================================================

../exposure_folder2
â”œâ”€â”€ processed_data
â”‚Â Â  â”œâ”€â”€ human
â”‚Â Â  â”‚Â Â  â”œâ”€â”€ aligned_sam
â”‚Â Â  â”‚Â Â  â”œâ”€â”€ bed_files
â”‚Â Â  â”‚Â Â  â””â”€â”€ sorted_bam
â”‚Â Â  â”œâ”€â”€ metagenomic
â”‚Â Â  â”‚Â Â  â”œâ”€â”€ bracken
â”‚Â Â  â”‚Â Â  â”œâ”€â”€ classified
â”‚Â Â  â”‚Â Â  â”œâ”€â”€ filtered_fastq
â”‚Â Â  â”‚Â Â  â”œâ”€â”€ kraken2
â”‚Â Â  â”‚Â Â  â””â”€â”€ unclassified
â”‚Â Â  â””â”€â”€ trimmed
â”‚Â Â      â”œâ”€â”€ paired
â”‚Â Â      â””â”€â”€ unpaired
â”œâ”€â”€ raw_data
â””â”€â”€ results
    â”œâ”€â”€ fastqc
    â”‚Â Â  â”œâ”€â”€ post_trimming
    â”‚Â Â  â””â”€â”€ pre_trimming
    â”œâ”€â”€ host_dna_analysis
    â””â”€â”€ runs
        â””â”€â”€ run_0205_1742

22 directories
Human DNA-related files (SAM, BAM, and BED) in the 'human' directory are created once per sub-project and remain unchanged across runs.
Intermediate metagenomic files in the 'metagenomic' directory are overwritten with each run and should be inspected beforehand if desired.
Results are stored in the 'results' directory (including FastQC, host DNA analysis, and run-specific results like Kraken2 and Bracken).

=================================================== QUALITY CONTROL & TRIMMING ===================================================


Running FastQC on all raw reads...
application/gzip
application/gzip
application/gzip
application/gzip
application/gzip
application/gzip
application/gzip
application/gzip
application/gzip
application/gzip
application/gzip
application/gzip
application/gzip
application/gzip
application/gzip
application/gzip
Analysis complete for L1RP_S13_L001_R1_001.fastq.gz
Analysis complete for L1RP_S13_L001_R2_001.fastq.gz
Analysis complete for L1SG_S5_L001_R1_001.fastq.gz
Analysis complete for L1SG_S5_L001_R2_001.fastq.gz
Analysis complete for L2RP_S14_L001_R1_001.fastq.gz
Analysis complete for L2RP_S14_L001_R2_001.fastq.gz
Analysis complete for L2SG_S6_L001_R1_001.fastq.gz
Analysis complete for L2SG_S6_L001_R2_001.fastq.gz
Analysis complete for S1RP_S11_L001_R1_001.fastq.gz
Analysis complete for S1RP_S11_L001_R2_001.fastq.gz
Analysis complete for S1SG_S3_L001_R1_001.fastq.gz
Analysis complete for S1SG_S3_L001_R2_001.fastq.gz
Analysis complete for S2RP_S12_L001_R1_001.fastq.gz
Analysis complete for S2RP_S12_L001_R2_001.fastq.gz
Analysis complete for S2SG_S4_L001_R1_001.fastq.gz
Analysis complete for S2SG_S4_L001_R2_001.fastq.gz
âœ… FastQC completed successfully.

/// MultiQC ðŸ” v1.28

       file_search | Search path: /cephfs/volumes/hpc_data_usr/k24087895/8bae1efe-9269-480e-9bb9-de76b8bdc9e7/final_project/exposure_folder2/results/fastqc/pre_trimming

            fastqc | Found 16 reports

     write_results | Data        : None
     write_results | Report      : /cephfs/volumes/hpc_data_usr/k24087895/8bae1efe-9269-480e-9bb9-de76b8bdc9e7/final_project/exposure_folder2/results/fastqc/pre_trimming/multiqc_report.html
           multiqc | MultiQC complete
âœ… MultiQC report generated successfully.

Running Trimmomatic...
TrimmomaticPE: Started with arguments:
 -phred33 -threads 4 ../exposure_folder2/raw_data//L1RP_S13_L001_R1_001.fastq.gz ../exposure_folder2/raw_data//L1RP_S13_L001_R2_001.fastq.gz ../exposure_folder2/raw_data//../processed_data/trimmed/paired/L1RP_S13_R1_paired.fastq.gz ../exposure_folder2/raw_data//../processed_data/trimmed/unpaired/L1RP_S13_R1_unpaired.fastq.gz ../exposure_folder2/raw_data//../processed_data/trimmed/paired/L1RP_S13_R2_paired.fastq.gz ../exposure_folder2/raw_data//../processed_data/trimmed/unpaired/L1RP_S13_R2_unpaired.fastq.gz ILLUMINACLIP:/scratch/users/k24087895/final_project/data/adapters/TruSeq3-PE-2.fa:2:30:10:8:true HEADCROP:5 LEADING:5 CROP:240 SLIDINGWINDOW:4:15 TRAILING:10 MINLEN:35
Using PrefixPair: 'TACACTCTTTCCCTACACGACGCTCTTCCGATCT' and 'GTGACTGGAGTTCAGACGTGTGCTCTTCCGATCT'
Using Long Clipping Sequence: 'AGATCGGAAGAGCGTCGTGTAGGGAAAGAGTGTA'
Using Long Clipping Sequence: 'AGATCGGAAGAGCACACGTCTGAACTCCAGTCAC'
Using Long Clipping Sequence: 'GTGACTGGAGTTCAGACGTGTGCTCTTCCGATCT'
Using Long Clipping Sequence: 'TACACTCTTTCCCTACACGACGCTCTTCCGATCT'
ILLUMINACLIP: Using 1 prefix pairs, 4 forward/reverse sequences, 0 forward only sequences, 0 reverse only sequences
Input Read Pairs: 193020 Both Surviving: 164765 (85.36%) Forward Only Surviving: 2039 (1.06%) Reverse Only Surviving: 334 (0.17%) Dropped: 25882 (13.41%)
TrimmomaticPE: Completed successfully
âœ… Trimmed L1RP_S13!

TrimmomaticPE: Started with arguments:
 -phred33 -threads 4 ../exposure_folder2/raw_data//L1SG_S5_L001_R1_001.fastq.gz ../exposure_folder2/raw_data//L1SG_S5_L001_R2_001.fastq.gz ../exposure_folder2/raw_data//../processed_data/trimmed/paired/L1SG_S5_R1_paired.fastq.gz ../exposure_folder2/raw_data//../processed_data/trimmed/unpaired/L1SG_S5_R1_unpaired.fastq.gz ../exposure_folder2/raw_data//../processed_data/trimmed/paired/L1SG_S5_R2_paired.fastq.gz ../exposure_folder2/raw_data//../processed_data/trimmed/unpaired/L1SG_S5_R2_unpaired.fastq.gz ILLUMINACLIP:/scratch/users/k24087895/final_project/data/adapters/TruSeq3-PE-2.fa:2:30:10:8:true HEADCROP:5 LEADING:5 CROP:240 SLIDINGWINDOW:4:15 TRAILING:10 MINLEN:35
Using PrefixPair: 'TACACTCTTTCCCTACACGACGCTCTTCCGATCT' and 'GTGACTGGAGTTCAGACGTGTGCTCTTCCGATCT'
Using Long Clipping Sequence: 'AGATCGGAAGAGCGTCGTGTAGGGAAAGAGTGTA'
Using Long Clipping Sequence: 'AGATCGGAAGAGCACACGTCTGAACTCCAGTCAC'
Using Long Clipping Sequence: 'GTGACTGGAGTTCAGACGTGTGCTCTTCCGATCT'
Using Long Clipping Sequence: 'TACACTCTTTCCCTACACGACGCTCTTCCGATCT'
ILLUMINACLIP: Using 1 prefix pairs, 4 forward/reverse sequences, 0 forward only sequences, 0 reverse only sequences
Input Read Pairs: 70858 Both Surviving: 46441 (65.54%) Forward Only Surviving: 665 (0.94%) Reverse Only Surviving: 233 (0.33%) Dropped: 23519 (33.19%)
TrimmomaticPE: Completed successfully
âœ… Trimmed L1SG_S5!

TrimmomaticPE: Started with arguments:
 -phred33 -threads 4 ../exposure_folder2/raw_data//L2RP_S14_L001_R1_001.fastq.gz ../exposure_folder2/raw_data//L2RP_S14_L001_R2_001.fastq.gz ../exposure_folder2/raw_data//../processed_data/trimmed/paired/L2RP_S14_R1_paired.fastq.gz ../exposure_folder2/raw_data//../processed_data/trimmed/unpaired/L2RP_S14_R1_unpaired.fastq.gz ../exposure_folder2/raw_data//../processed_data/trimmed/paired/L2RP_S14_R2_paired.fastq.gz ../exposure_folder2/raw_data//../processed_data/trimmed/unpaired/L2RP_S14_R2_unpaired.fastq.gz ILLUMINACLIP:/scratch/users/k24087895/final_project/data/adapters/TruSeq3-PE-2.fa:2:30:10:8:true HEADCROP:5 LEADING:5 CROP:240 SLIDINGWINDOW:4:15 TRAILING:10 MINLEN:35
Using PrefixPair: 'TACACTCTTTCCCTACACGACGCTCTTCCGATCT' and 'GTGACTGGAGTTCAGACGTGTGCTCTTCCGATCT'
Using Long Clipping Sequence: 'AGATCGGAAGAGCGTCGTGTAGGGAAAGAGTGTA'
Using Long Clipping Sequence: 'AGATCGGAAGAGCACACGTCTGAACTCCAGTCAC'
Using Long Clipping Sequence: 'GTGACTGGAGTTCAGACGTGTGCTCTTCCGATCT'
Using Long Clipping Sequence: 'TACACTCTTTCCCTACACGACGCTCTTCCGATCT'
ILLUMINACLIP: Using 1 prefix pairs, 4 forward/reverse sequences, 0 forward only sequences, 0 reverse only sequences
Input Read Pairs: 164375 Both Surviving: 129476 (78.77%) Forward Only Surviving: 1139 (0.69%) Reverse Only Surviving: 331 (0.20%) Dropped: 33429 (20.34%)
TrimmomaticPE: Completed successfully
âœ… Trimmed L2RP_S14!

TrimmomaticPE: Started with arguments:
 -phred33 -threads 4 ../exposure_folder2/raw_data//L2SG_S6_L001_R1_001.fastq.gz ../exposure_folder2/raw_data//L2SG_S6_L001_R2_001.fastq.gz ../exposure_folder2/raw_data//../processed_data/trimmed/paired/L2SG_S6_R1_paired.fastq.gz ../exposure_folder2/raw_data//../processed_data/trimmed/unpaired/L2SG_S6_R1_unpaired.fastq.gz ../exposure_folder2/raw_data//../processed_data/trimmed/paired/L2SG_S6_R2_paired.fastq.gz ../exposure_folder2/raw_data//../processed_data/trimmed/unpaired/L2SG_S6_R2_unpaired.fastq.gz ILLUMINACLIP:/scratch/users/k24087895/final_project/data/adapters/TruSeq3-PE-2.fa:2:30:10:8:true HEADCROP:5 LEADING:5 CROP:240 SLIDINGWINDOW:4:15 TRAILING:10 MINLEN:35
Using PrefixPair: 'TACACTCTTTCCCTACACGACGCTCTTCCGATCT' and 'GTGACTGGAGTTCAGACGTGTGCTCTTCCGATCT'
Using Long Clipping Sequence: 'AGATCGGAAGAGCGTCGTGTAGGGAAAGAGTGTA'
Using Long Clipping Sequence: 'AGATCGGAAGAGCACACGTCTGAACTCCAGTCAC'
Using Long Clipping Sequence: 'GTGACTGGAGTTCAGACGTGTGCTCTTCCGATCT'
Using Long Clipping Sequence: 'TACACTCTTTCCCTACACGACGCTCTTCCGATCT'
ILLUMINACLIP: Using 1 prefix pairs, 4 forward/reverse sequences, 0 forward only sequences, 0 reverse only sequences
Input Read Pairs: 24126 Both Surviving: 10181 (42.20%) Forward Only Surviving: 119 (0.49%) Reverse Only Surviving: 94 (0.39%) Dropped: 13732 (56.92%)
TrimmomaticPE: Completed successfully
âœ… Trimmed L2SG_S6!

TrimmomaticPE: Started with arguments:
 -phred33 -threads 4 ../exposure_folder2/raw_data//S1RP_S11_L001_R1_001.fastq.gz ../exposure_folder2/raw_data//S1RP_S11_L001_R2_001.fastq.gz ../exposure_folder2/raw_data//../processed_data/trimmed/paired/S1RP_S11_R1_paired.fastq.gz ../exposure_folder2/raw_data//../processed_data/trimmed/unpaired/S1RP_S11_R1_unpaired.fastq.gz ../exposure_folder2/raw_data//../processed_data/trimmed/paired/S1RP_S11_R2_paired.fastq.gz ../exposure_folder2/raw_data//../processed_data/trimmed/unpaired/S1RP_S11_R2_unpaired.fastq.gz ILLUMINACLIP:/scratch/users/k24087895/final_project/data/adapters/TruSeq3-PE-2.fa:2:30:10:8:true HEADCROP:5 LEADING:5 CROP:240 SLIDINGWINDOW:4:15 TRAILING:10 MINLEN:35
Using PrefixPair: 'TACACTCTTTCCCTACACGACGCTCTTCCGATCT' and 'GTGACTGGAGTTCAGACGTGTGCTCTTCCGATCT'
Using Long Clipping Sequence: 'AGATCGGAAGAGCGTCGTGTAGGGAAAGAGTGTA'
Using Long Clipping Sequence: 'AGATCGGAAGAGCACACGTCTGAACTCCAGTCAC'
Using Long Clipping Sequence: 'GTGACTGGAGTTCAGACGTGTGCTCTTCCGATCT'
Using Long Clipping Sequence: 'TACACTCTTTCCCTACACGACGCTCTTCCGATCT'
ILLUMINACLIP: Using 1 prefix pairs, 4 forward/reverse sequences, 0 forward only sequences, 0 reverse only sequences
Input Read Pairs: 151534 Both Surviving: 133184 (87.89%) Forward Only Surviving: 1601 (1.06%) Reverse Only Surviving: 259 (0.17%) Dropped: 16490 (10.88%)
TrimmomaticPE: Completed successfully
âœ… Trimmed S1RP_S11!

TrimmomaticPE: Started with arguments:
 -phred33 -threads 4 ../exposure_folder2/raw_data//S1SG_S3_L001_R1_001.fastq.gz ../exposure_folder2/raw_data//S1SG_S3_L001_R2_001.fastq.gz ../exposure_folder2/raw_data//../processed_data/trimmed/paired/S1SG_S3_R1_paired.fastq.gz ../exposure_folder2/raw_data//../processed_data/trimmed/unpaired/S1SG_S3_R1_unpaired.fastq.gz ../exposure_folder2/raw_data//../processed_data/trimmed/paired/S1SG_S3_R2_paired.fastq.gz ../exposure_folder2/raw_data//../processed_data/trimmed/unpaired/S1SG_S3_R2_unpaired.fastq.gz ILLUMINACLIP:/scratch/users/k24087895/final_project/data/adapters/TruSeq3-PE-2.fa:2:30:10:8:true HEADCROP:5 LEADING:5 CROP:240 SLIDINGWINDOW:4:15 TRAILING:10 MINLEN:35
Using PrefixPair: 'TACACTCTTTCCCTACACGACGCTCTTCCGATCT' and 'GTGACTGGAGTTCAGACGTGTGCTCTTCCGATCT'
Using Long Clipping Sequence: 'AGATCGGAAGAGCGTCGTGTAGGGAAAGAGTGTA'
Using Long Clipping Sequence: 'AGATCGGAAGAGCACACGTCTGAACTCCAGTCAC'
Using Long Clipping Sequence: 'GTGACTGGAGTTCAGACGTGTGCTCTTCCGATCT'
Using Long Clipping Sequence: 'TACACTCTTTCCCTACACGACGCTCTTCCGATCT'
ILLUMINACLIP: Using 1 prefix pairs, 4 forward/reverse sequences, 0 forward only sequences, 0 reverse only sequences
Input Read Pairs: 43836 Both Surviving: 7189 (16.40%) Forward Only Surviving: 223 (0.51%) Reverse Only Surviving: 300 (0.68%) Dropped: 36124 (82.41%)
TrimmomaticPE: Completed successfully
âœ… Trimmed S1SG_S3!

TrimmomaticPE: Started with arguments:
 -phred33 -threads 4 ../exposure_folder2/raw_data//S2RP_S12_L001_R1_001.fastq.gz ../exposure_folder2/raw_data//S2RP_S12_L001_R2_001.fastq.gz ../exposure_folder2/raw_data//../processed_data/trimmed/paired/S2RP_S12_R1_paired.fastq.gz ../exposure_folder2/raw_data//../processed_data/trimmed/unpaired/S2RP_S12_R1_unpaired.fastq.gz ../exposure_folder2/raw_data//../processed_data/trimmed/paired/S2RP_S12_R2_paired.fastq.gz ../exposure_folder2/raw_data//../processed_data/trimmed/unpaired/S2RP_S12_R2_unpaired.fastq.gz ILLUMINACLIP:/scratch/users/k24087895/final_project/data/adapters/TruSeq3-PE-2.fa:2:30:10:8:true HEADCROP:5 LEADING:5 CROP:240 SLIDINGWINDOW:4:15 TRAILING:10 MINLEN:35
Using PrefixPair: 'TACACTCTTTCCCTACACGACGCTCTTCCGATCT' and 'GTGACTGGAGTTCAGACGTGTGCTCTTCCGATCT'
Using Long Clipping Sequence: 'AGATCGGAAGAGCGTCGTGTAGGGAAAGAGTGTA'
Using Long Clipping Sequence: 'AGATCGGAAGAGCACACGTCTGAACTCCAGTCAC'
Using Long Clipping Sequence: 'GTGACTGGAGTTCAGACGTGTGCTCTTCCGATCT'
Using Long Clipping Sequence: 'TACACTCTTTCCCTACACGACGCTCTTCCGATCT'
ILLUMINACLIP: Using 1 prefix pairs, 4 forward/reverse sequences, 0 forward only sequences, 0 reverse only sequences
Input Read Pairs: 363772 Both Surviving: 236267 (64.95%) Forward Only Surviving: 2527 (0.69%) Reverse Only Surviving: 856 (0.24%) Dropped: 124122 (34.12%)
TrimmomaticPE: Completed successfully
âœ… Trimmed S2RP_S12!

TrimmomaticPE: Started with arguments:
 -phred33 -threads 4 ../exposure_folder2/raw_data//S2SG_S4_L001_R1_001.fastq.gz ../exposure_folder2/raw_data//S2SG_S4_L001_R2_001.fastq.gz ../exposure_folder2/raw_data//../processed_data/trimmed/paired/S2SG_S4_R1_paired.fastq.gz ../exposure_folder2/raw_data//../processed_data/trimmed/unpaired/S2SG_S4_R1_unpaired.fastq.gz ../exposure_folder2/raw_data//../processed_data/trimmed/paired/S2SG_S4_R2_paired.fastq.gz ../exposure_folder2/raw_data//../processed_data/trimmed/unpaired/S2SG_S4_R2_unpaired.fastq.gz ILLUMINACLIP:/scratch/users/k24087895/final_project/data/adapters/TruSeq3-PE-2.fa:2:30:10:8:true HEADCROP:5 LEADING:5 CROP:240 SLIDINGWINDOW:4:15 TRAILING:10 MINLEN:35
Using PrefixPair: 'TACACTCTTTCCCTACACGACGCTCTTCCGATCT' and 'GTGACTGGAGTTCAGACGTGTGCTCTTCCGATCT'
Using Long Clipping Sequence: 'AGATCGGAAGAGCGTCGTGTAGGGAAAGAGTGTA'
Using Long Clipping Sequence: 'AGATCGGAAGAGCACACGTCTGAACTCCAGTCAC'
Using Long Clipping Sequence: 'GTGACTGGAGTTCAGACGTGTGCTCTTCCGATCT'
Using Long Clipping Sequence: 'TACACTCTTTCCCTACACGACGCTCTTCCGATCT'
ILLUMINACLIP: Using 1 prefix pairs, 4 forward/reverse sequences, 0 forward only sequences, 0 reverse only sequences
Input Read Pairs: 26480 Both Surviving: 5876 (22.19%) Forward Only Surviving: 138 (0.52%) Reverse Only Surviving: 121 (0.46%) Dropped: 20345 (76.83%)
TrimmomaticPE: Completed successfully
âœ… Trimmed S2SG_S4!


Running FastQC on paired trimmed reads...
âœ… FastQC completed successfully.

/// MultiQC ðŸ” v1.28

       file_search | Search path: /cephfs/volumes/hpc_data_usr/k24087895/8bae1efe-9269-480e-9bb9-de76b8bdc9e7/final_project/exposure_folder2/results/fastqc/post_trimming

            fastqc | Found 16 reports

     write_results | Data        : None
     write_results | Report      : /cephfs/volumes/hpc_data_usr/k24087895/8bae1efe-9269-480e-9bb9-de76b8bdc9e7/final_project/exposure_folder2/results/fastqc/post_trimming/multiqc_report.html
           multiqc | MultiQC complete
âœ… MultiQC report generated successfully.

âœ… All processing steps completed successfully.
âœ… QC and trimming completed successfully.

================================================= METAGENOMIC ABUNDANCE ESTIMATION =================================================
âš ï¸ This step assumes reads have already been trimmed with Trimmomatic and host DNA removed with Bowtie2. Processed reads must be in the correct directory.

Processing sample: L1RP_S13

Removing human reads with Bowtie2...
bowtie2 -x "../data/bowtie_index/GRCh38_noalt_as/GRCh38_noalt_as" -p 8 -q --end-to-end --very-sensitive --no-mixed --no-discordant 	                -1 "../exposure_folder2/processed_data/trimmed/paired/L1RP_S13_R1_paired.fastq.gz" -2 "../exposure_folder2/processed_data/trimmed/paired/L1RP_S13_R2_paired.fastq.gz" 	                --un-conc "../exposure_folder2/processed_data/metagenomic/filtered_fastq/L1RP_S13_metagenomic" -S "../exposure_folder2/processed_data/human/aligned_sam/L1RP_S13_human.sam" 2>&1
164765 reads; of these:
  164765 (100.00%) were paired; of these:
    164179 (99.64%) aligned concordantly 0 times
    581 (0.35%) aligned concordantly exactly 1 time
    5 (0.00%) aligned concordantly >1 times
0.36% overall alignment rate
âœ… Host reads removed and filtered reads compressed.

Classifying metagenomic reads with Kraken2...
kraken2 --d "../data/databases/k2_standard_16gb_20241228" --threads 8 --report "../exposure_folder2/results/runs/run_0205_1742/reports/L1RP_S13.k2report"                --report-minimizer-data --paired --minimum-hit-groups 2                --classified-out "../exposure_folder2/processed_data/metagenomic/classified/L1RP_S13_classified#.fastq" --unclassified-out "../exposure_folder2/processed_data/metagenomic/unclassified/L1RP_S13_unclassified#.fastq"                "../exposure_folder2/processed_data/metagenomic/filtered_fastq/L1RP_S13_metagenomic.1" "../exposure_folder2/processed_data/metagenomic/filtered_fastq/L1RP_S13_metagenomic.2"                --output "../exposure_folder2/processed_data/metagenomic/kraken2/L1RP_S13.kraken2" --use-names 2>&1
Loading database information... done.
164179 sequences (42.32 Mbp) processed in 0.383s (25728.7 Kseq/m, 6632.29 Mbp/m).
  4527 sequences classified (2.76%)
  159652 sequences unclassified (97.24%)
âœ… Classification complete.

Estimating species abundance with Bracken...
 >> Checking for Valid Options...
 >> Running Bracken 
      >> python src/est_abundance.py -i ../exposure_folder2/results/runs/run_0205_1742/reports/L1RP_S13.k2report -o ../exposure_folder2/processed_data/metagenomic/bracken/L1RP_S13.bracken -k ../data/databases/k2_standard_16gb_20241228/database100mers.kmer_distrib -l S -t 10
>> Checking report file: ../exposure_folder2/results/runs/run_0205_1742/reports/L1RP_S13.k2report
PROGRAM START TIME: 05-02-2025 16:44:46
BRACKEN SUMMARY (Kraken report: ../exposure_folder2/results/runs/run_0205_1742/reports/L1RP_S13.k2report)
    >>> Threshold: 10 
    >>> Number of species in sample: 86 
	  >> Number of species with reads > threshold: 16 
	  >> Number of species with reads < threshold: 70 
    >>> Total reads in sample: 164179
	  >> Total reads kept at species level (reads > threshold): 3907
	  >> Total reads discarded (species reads < threshold): 180
	  >> Reads distributed: 375
	  >> Reads not distributed (eg. no species above threshold): 65
	  >> Unclassified reads: 159652
BRACKEN OUTPUT PRODUCED: ../exposure_folder2/processed_data/metagenomic/bracken/L1RP_S13.bracken
PROGRAM END TIME: 05-02-2025 16:44:47
  Bracken complete.
âœ… Abundance estimated.

Generating Krona visualization...
Writing ../exposure_folder2/results/runs/run_0205_1742/krona/L1RP_S13.krona.html...
âœ… Krona plot generated.

Processing sample: L1SG_S5

Removing human reads with Bowtie2...
bowtie2 -x "../data/bowtie_index/GRCh38_noalt_as/GRCh38_noalt_as" -p 8 -q --end-to-end --very-sensitive --no-mixed --no-discordant 	                -1 "../exposure_folder2/processed_data/trimmed/paired/L1SG_S5_R1_paired.fastq.gz" -2 "../exposure_folder2/processed_data/trimmed/paired/L1SG_S5_R2_paired.fastq.gz" 	                --un-conc "../exposure_folder2/processed_data/metagenomic/filtered_fastq/L1SG_S5_metagenomic" -S "../exposure_folder2/processed_data/human/aligned_sam/L1SG_S5_human.sam" 2>&1
46441 reads; of these:
  46441 (100.00%) were paired; of these:
    46411 (99.94%) aligned concordantly 0 times
    22 (0.05%) aligned concordantly exactly 1 time
    8 (0.02%) aligned concordantly >1 times
0.06% overall alignment rate
âœ… Host reads removed and filtered reads compressed.

Classifying metagenomic reads with Kraken2...
kraken2 --d "../data/databases/k2_standard_16gb_20241228" --threads 8 --report "../exposure_folder2/results/runs/run_0205_1742/reports/L1SG_S5.k2report"                --report-minimizer-data --paired --minimum-hit-groups 2                --classified-out "../exposure_folder2/processed_data/metagenomic/classified/L1SG_S5_classified#.fastq" --unclassified-out "../exposure_folder2/processed_data/metagenomic/unclassified/L1SG_S5_unclassified#.fastq"                "../exposure_folder2/processed_data/metagenomic/filtered_fastq/L1SG_S5_metagenomic.1" "../exposure_folder2/processed_data/metagenomic/filtered_fastq/L1SG_S5_metagenomic.2"                --output "../exposure_folder2/processed_data/metagenomic/kraken2/L1SG_S5.kraken2" --use-names 2>&1
Loading database information... done.
46411 sequences (11.17 Mbp) processed in 0.240s (11597.2 Kseq/m, 2790.32 Mbp/m).
  3250 sequences classified (7.00%)
  43161 sequences unclassified (93.00%)
âœ… Classification complete.

Estimating species abundance with Bracken...
 >> Checking for Valid Options...
 >> Running Bracken 
      >> python src/est_abundance.py -i ../exposure_folder2/results/runs/run_0205_1742/reports/L1SG_S5.k2report -o ../exposure_folder2/processed_data/metagenomic/bracken/L1SG_S5.bracken -k ../data/databases/k2_standard_16gb_20241228/database100mers.kmer_distrib -l S -t 10
>> Checking report file: ../exposure_folder2/results/runs/run_0205_1742/reports/L1SG_S5.k2report
PROGRAM START TIME: 05-02-2025 16:45:04
BRACKEN SUMMARY (Kraken report: ../exposure_folder2/results/runs/run_0205_1742/reports/L1SG_S5.k2report)
    >>> Threshold: 10 
    >>> Number of species in sample: 234 
	  >> Number of species with reads > threshold: 4 
	  >> Number of species with reads < threshold: 230 
    >>> Total reads in sample: 44145
	  >> Total reads kept at species level (reads > threshold): 62
	  >> Total reads discarded (species reads < threshold): 311
	  >> Reads distributed: 384
	  >> Reads not distributed (eg. no species above threshold): 235
	  >> Unclassified reads: 43161
BRACKEN OUTPUT PRODUCED: ../exposure_folder2/processed_data/metagenomic/bracken/L1SG_S5.bracken
PROGRAM END TIME: 05-02-2025 16:45:04
  Bracken complete.
âœ… Abundance estimated.

Generating Krona visualization...
Writing ../exposure_folder2/results/runs/run_0205_1742/krona/L1SG_S5.krona.html...
âœ… Krona plot generated.

Processing sample: L2RP_S14

Removing human reads with Bowtie2...
bowtie2 -x "../data/bowtie_index/GRCh38_noalt_as/GRCh38_noalt_as" -p 8 -q --end-to-end --very-sensitive --no-mixed --no-discordant 	                -1 "../exposure_folder2/processed_data/trimmed/paired/L2RP_S14_R1_paired.fastq.gz" -2 "../exposure_folder2/processed_data/trimmed/paired/L2RP_S14_R2_paired.fastq.gz" 	                --un-conc "../exposure_folder2/processed_data/metagenomic/filtered_fastq/L2RP_S14_metagenomic" -S "../exposure_folder2/processed_data/human/aligned_sam/L2RP_S14_human.sam" 2>&1
129476 reads; of these:
  129476 (100.00%) were paired; of these:
    129193 (99.78%) aligned concordantly 0 times
    260 (0.20%) aligned concordantly exactly 1 time
    23 (0.02%) aligned concordantly >1 times
0.22% overall alignment rate
âœ… Host reads removed and filtered reads compressed.

Classifying metagenomic reads with Kraken2...
kraken2 --d "../data/databases/k2_standard_16gb_20241228" --threads 8 --report "../exposure_folder2/results/runs/run_0205_1742/reports/L2RP_S14.k2report"                --report-minimizer-data --paired --minimum-hit-groups 2                --classified-out "../exposure_folder2/processed_data/metagenomic/classified/L2RP_S14_classified#.fastq" --unclassified-out "../exposure_folder2/processed_data/metagenomic/unclassified/L2RP_S14_unclassified#.fastq"                "../exposure_folder2/processed_data/metagenomic/filtered_fastq/L2RP_S14_metagenomic.1" "../exposure_folder2/processed_data/metagenomic/filtered_fastq/L2RP_S14_metagenomic.2"                --output "../exposure_folder2/processed_data/metagenomic/kraken2/L2RP_S14.kraken2" --use-names 2>&1
Loading database information... done.
129193 sequences (30.26 Mbp) processed in 0.390s (19889.8 Kseq/m, 4659.28 Mbp/m).
  28485 sequences classified (22.05%)
  100708 sequences unclassified (77.95%)
âœ… Classification complete.

Estimating species abundance with Bracken...
 >> Checking for Valid Options...
 >> Running Bracken 
      >> python src/est_abundance.py -i ../exposure_folder2/results/runs/run_0205_1742/reports/L2RP_S14.k2report -o ../exposure_folder2/processed_data/metagenomic/bracken/L2RP_S14.bracken -k ../data/databases/k2_standard_16gb_20241228/database100mers.kmer_distrib -l S -t 10
>> Checking report file: ../exposure_folder2/results/runs/run_0205_1742/reports/L2RP_S14.k2report
PROGRAM START TIME: 05-02-2025 16:45:23
BRACKEN SUMMARY (Kraken report: ../exposure_folder2/results/runs/run_0205_1742/reports/L2RP_S14.k2report)
    >>> Threshold: 10 
    >>> Number of species in sample: 24 
	  >> Number of species with reads > threshold: 7 
	  >> Number of species with reads < threshold: 17 
    >>> Total reads in sample: 129193
	  >> Total reads kept at species level (reads > threshold): 15725
	  >> Total reads discarded (species reads < threshold): 46
	  >> Reads distributed: 12662
	  >> Reads not distributed (eg. no species above threshold): 52
	  >> Unclassified reads: 100708
BRACKEN OUTPUT PRODUCED: ../exposure_folder2/processed_data/metagenomic/bracken/L2RP_S14.bracken
PROGRAM END TIME: 05-02-2025 16:45:24
  Bracken complete.
âœ… Abundance estimated.

Generating Krona visualization...
Writing ../exposure_folder2/results/runs/run_0205_1742/krona/L2RP_S14.krona.html...
âœ… Krona plot generated.

Processing sample: L2SG_S6

Removing human reads with Bowtie2...
bowtie2 -x "../data/bowtie_index/GRCh38_noalt_as/GRCh38_noalt_as" -p 8 -q --end-to-end --very-sensitive --no-mixed --no-discordant 	                -1 "../exposure_folder2/processed_data/trimmed/paired/L2SG_S6_R1_paired.fastq.gz" -2 "../exposure_folder2/processed_data/trimmed/paired/L2SG_S6_R2_paired.fastq.gz" 	                --un-conc "../exposure_folder2/processed_data/metagenomic/filtered_fastq/L2SG_S6_metagenomic" -S "../exposure_folder2/processed_data/human/aligned_sam/L2SG_S6_human.sam" 2>&1
10181 reads; of these:
  10181 (100.00%) were paired; of these:
    10131 (99.51%) aligned concordantly 0 times
    40 (0.39%) aligned concordantly exactly 1 time
    10 (0.10%) aligned concordantly >1 times
0.49% overall alignment rate
âœ… Host reads removed and filtered reads compressed.

Classifying metagenomic reads with Kraken2...
kraken2 --d "../data/databases/k2_standard_16gb_20241228" --threads 8 --report "../exposure_folder2/results/runs/run_0205_1742/reports/L2SG_S6.k2report"                --report-minimizer-data --paired --minimum-hit-groups 2                --classified-out "../exposure_folder2/processed_data/metagenomic/classified/L2SG_S6_classified#.fastq" --unclassified-out "../exposure_folder2/processed_data/metagenomic/unclassified/L2SG_S6_unclassified#.fastq"                "../exposure_folder2/processed_data/metagenomic/filtered_fastq/L2SG_S6_metagenomic.1" "../exposure_folder2/processed_data/metagenomic/filtered_fastq/L2SG_S6_metagenomic.2"                --output "../exposure_folder2/processed_data/metagenomic/kraken2/L2SG_S6.kraken2" --use-names 2>&1
Loading database information... done.
10131 sequences (2.44 Mbp) processed in 0.133s (4576.2 Kseq/m, 1102.99 Mbp/m).
  758 sequences classified (7.48%)
  9373 sequences unclassified (92.52%)
âœ… Classification complete.

Estimating species abundance with Bracken...
 >> Checking for Valid Options...
 >> Running Bracken 
      >> python src/est_abundance.py -i ../exposure_folder2/results/runs/run_0205_1742/reports/L2SG_S6.k2report -o ../exposure_folder2/processed_data/metagenomic/bracken/L2SG_S6.bracken -k ../data/databases/k2_standard_16gb_20241228/database100mers.kmer_distrib -l S -t 10
>> Checking report file: ../exposure_folder2/results/runs/run_0205_1742/reports/L2SG_S6.k2report
Error: no reads found. Please check your Kraken report
PROGRAM START TIME: 05-02-2025 16:45:43
