
================================================= ARGUMENT PARSING & VALIDATION =================================================

Raw FASTQ directory path: ../zymobiomics_folder/raw_data/
✅  Database set to: ../data/databases/k2_standard_16gb_20250402/
Quality Control & Trimming: Disabled ❌
⚠️  Optional, but must be done at least once on the raw reads for the pipeline to work.

Host DNA Removal: Disabled ❌
⚠️  Optional, but must be done at least once on the trimmed reads for the pipeline to work.

Kraken2/Bracken Database: ../data/databases/k2_standard_16gb_20250402/

================================================= CONDA ENVIRONMENT ACTIVATION ==================================================

✅ 'metagenomics' environment activated successfully.

====================================================== PROJECT STRUCTURE ======================================================

../zymobiomics_folder
├── processed_data
│   ├── human
│   │   ├── aligned_sam
│   │   ├── bed_files
│   │   └── sorted_bam
│   ├── metagenomic
│   │   ├── bracken
│   │   ├── classified
│   │   ├── filtered_fastq
│   │   ├── kraken2
│   │   └── unclassified
│   └── trimmed
│       ├── paired
│       └── unpaired
├── raw_data
└── results
    ├── fastqc
    │   ├── post_trimming
    │   └── pre_trimming
    ├── host_dna_analysis
    └── runs
        ├── run_2005_1637
        ├── run_2005_1655
        └── run_2005_1658

24 directories
Human DNA-related files (SAM, BAM, and BED) in the 'human' directory are created once per sub-project and remain unchanged across runs.
Intermediate metagenomic files in the 'metagenomic' directory are overwritten with each run and should be inspected beforehand if desired.
Results are stored in the 'results' directory (including FastQC, host DNA analysis, and run-specific results like Kraken2 and Bracken).

================================================= METAGENOMIC ABUNDANCE ESTIMATION =================================================
⚠️  This step assumes reads have already been trimmed with Trimmomatic and host DNA removed with Bowtie2. Processed reads must be in the correct directory.

Processing sample: ZC1_S4

Classifying metagenomic reads with Kraken2...
kraken2 --db "../data/databases/k2_standard_16gb_20250402/" --threads 8 --report "../zymobiomics_folder/results/runs/run_2005_1658/reports/ZC1_S4.k2report" 		--report-minimizer-data --paired --minimum-hit-groups 2 		--classified-out "../zymobiomics_folder/processed_data/metagenomic/classified/ZC1_S4_classified#.fastq" --unclassified-out "../zymobiomics_folder/processed_data/metagenomic/unclassified/ZC1_S4_unclassified#.fastq" 		--output "../zymobiomics_folder/processed_data/metagenomic/kraken2/ZC1_S4.kraken2" --use-names "../zymobiomics_folder/processed_data/metagenomic/filtered_fastq/ZC1_S4_metagenomic.1" "../zymobiomics_folder/processed_data/metagenomic/filtered_fastq/ZC1_S4_metagenomic.2" 2>&1
Loading database information... done.
287710 sequences (51.71 Mbp) processed in 0.657s (26262.8 Kseq/m, 4720.24 Mbp/m).
  212184 sequences classified (73.75%)
  75526 sequences unclassified (26.25%)
✅  Classification complete.

Estimating species abundance with Bracken...
 >> Checking for Valid Options...
 >> Running Bracken 
      >> python src/est_abundance.py -i ../zymobiomics_folder/results/runs/run_2005_1658/reports/ZC1_S4.k2report -o ../zymobiomics_folder/processed_data/metagenomic/bracken/ZC1_S4.bracken -k ../data/databases/k2_standard_16gb_20250402/database100mers.kmer_distrib -l S -t 0
>> Checking report file: ../zymobiomics_folder/results/runs/run_2005_1658/reports/ZC1_S4.k2report
PROGRAM START TIME: 05-20-2025 15:58:59
BRACKEN SUMMARY (Kraken report: ../zymobiomics_folder/results/runs/run_2005_1658/reports/ZC1_S4.k2report)
    >>> Threshold: 0 
    >>> Number of species in sample: 286 
	  >> Number of species with reads > threshold: 286 
	  >> Number of species with reads < threshold: 0 
    >>> Total reads in sample: 287710
	  >> Total reads kept at species level (reads > threshold): 61963
	  >> Total reads discarded (species reads < threshold): 0
	  >> Reads distributed: 150199
	  >> Reads not distributed (eg. no species above threshold): 22
	  >> Unclassified reads: 75526
BRACKEN OUTPUT PRODUCED: ../zymobiomics_folder/processed_data/metagenomic/bracken/ZC1_S4.bracken
PROGRAM END TIME: 05-20-2025 15:59:00
  Bracken complete.
✅  Abundance estimated.

Generating Krona visualization...
Writing ../zymobiomics_folder/results/runs/run_2005_1658/krona/ZC1_S4.krona.html...
✅  Krona plot generated.

Processing sample: ZC2_S5

Classifying metagenomic reads with Kraken2...
kraken2 --db "../data/databases/k2_standard_16gb_20250402/" --threads 8 --report "../zymobiomics_folder/results/runs/run_2005_1658/reports/ZC2_S5.k2report" 		--report-minimizer-data --paired --minimum-hit-groups 2 		--classified-out "../zymobiomics_folder/processed_data/metagenomic/classified/ZC2_S5_classified#.fastq" --unclassified-out "../zymobiomics_folder/processed_data/metagenomic/unclassified/ZC2_S5_unclassified#.fastq" 		--output "../zymobiomics_folder/processed_data/metagenomic/kraken2/ZC2_S5.kraken2" --use-names "../zymobiomics_folder/processed_data/metagenomic/filtered_fastq/ZC2_S5_metagenomic.1" "../zymobiomics_folder/processed_data/metagenomic/filtered_fastq/ZC2_S5_metagenomic.2" 2>&1
Loading database information... done.
267582 sequences (38.37 Mbp) processed in 0.547s (29354.7 Kseq/m, 4209.03 Mbp/m).
  172435 sequences classified (64.44%)
  95147 sequences unclassified (35.56%)
✅  Classification complete.

Estimating species abundance with Bracken...
 >> Checking for Valid Options...
 >> Running Bracken 
      >> python src/est_abundance.py -i ../zymobiomics_folder/results/runs/run_2005_1658/reports/ZC2_S5.k2report -o ../zymobiomics_folder/processed_data/metagenomic/bracken/ZC2_S5.bracken -k ../data/databases/k2_standard_16gb_20250402/database100mers.kmer_distrib -l S -t 0
>> Checking report file: ../zymobiomics_folder/results/runs/run_2005_1658/reports/ZC2_S5.k2report
PROGRAM START TIME: 05-20-2025 15:59:12
BRACKEN SUMMARY (Kraken report: ../zymobiomics_folder/results/runs/run_2005_1658/reports/ZC2_S5.k2report)
    >>> Threshold: 0 
    >>> Number of species in sample: 251 
	  >> Number of species with reads > threshold: 251 
	  >> Number of species with reads < threshold: 0 
    >>> Total reads in sample: 267582
	  >> Total reads kept at species level (reads > threshold): 44278
	  >> Total reads discarded (species reads < threshold): 0
	  >> Reads distributed: 128135
	  >> Reads not distributed (eg. no species above threshold): 22
	  >> Unclassified reads: 95147
BRACKEN OUTPUT PRODUCED: ../zymobiomics_folder/processed_data/metagenomic/bracken/ZC2_S5.bracken
PROGRAM END TIME: 05-20-2025 15:59:12
  Bracken complete.
✅  Abundance estimated.

Generating Krona visualization...
Writing ../zymobiomics_folder/results/runs/run_2005_1658/krona/ZC2_S5.krona.html...
✅  Krona plot generated.

Processing sample: ZC3_S6

Classifying metagenomic reads with Kraken2...
kraken2 --db "../data/databases/k2_standard_16gb_20250402/" --threads 8 --report "../zymobiomics_folder/results/runs/run_2005_1658/reports/ZC3_S6.k2report" 		--report-minimizer-data --paired --minimum-hit-groups 2 		--classified-out "../zymobiomics_folder/processed_data/metagenomic/classified/ZC3_S6_classified#.fastq" --unclassified-out "../zymobiomics_folder/processed_data/metagenomic/unclassified/ZC3_S6_unclassified#.fastq" 		--output "../zymobiomics_folder/processed_data/metagenomic/kraken2/ZC3_S6.kraken2" --use-names "../zymobiomics_folder/processed_data/metagenomic/filtered_fastq/ZC3_S6_metagenomic.1" "../zymobiomics_folder/processed_data/metagenomic/filtered_fastq/ZC3_S6_metagenomic.2" 2>&1
Loading database information... done.
273941 sequences (42.88 Mbp) processed in 0.557s (29491.8 Kseq/m, 4615.86 Mbp/m).
  183242 sequences classified (66.89%)
  90699 sequences unclassified (33.11%)
✅  Classification complete.

Estimating species abundance with Bracken...
 >> Checking for Valid Options...
 >> Running Bracken 
      >> python src/est_abundance.py -i ../zymobiomics_folder/results/runs/run_2005_1658/reports/ZC3_S6.k2report -o ../zymobiomics_folder/processed_data/metagenomic/bracken/ZC3_S6.bracken -k ../data/databases/k2_standard_16gb_20250402/database100mers.kmer_distrib -l S -t 0
>> Checking report file: ../zymobiomics_folder/results/runs/run_2005_1658/reports/ZC3_S6.k2report
PROGRAM START TIME: 05-20-2025 15:59:25
BRACKEN SUMMARY (Kraken report: ../zymobiomics_folder/results/runs/run_2005_1658/reports/ZC3_S6.k2report)
    >>> Threshold: 0 
    >>> Number of species in sample: 238 
	  >> Number of species with reads > threshold: 238 
	  >> Number of species with reads < threshold: 0 
    >>> Total reads in sample: 273941
	  >> Total reads kept at species level (reads > threshold): 51881
	  >> Total reads discarded (species reads < threshold): 0
	  >> Reads distributed: 131334
	  >> Reads not distributed (eg. no species above threshold): 27
	  >> Unclassified reads: 90699
BRACKEN OUTPUT PRODUCED: ../zymobiomics_folder/processed_data/metagenomic/bracken/ZC3_S6.bracken
PROGRAM END TIME: 05-20-2025 15:59:25
  Bracken complete.
✅  Abundance estimated.

Generating Krona visualization...
Writing ../zymobiomics_folder/results/runs/run_2005_1658/krona/ZC3_S6.krona.html...
✅  Krona plot generated.

Processing sample: ZC4_S7

Classifying metagenomic reads with Kraken2...
kraken2 --db "../data/databases/k2_standard_16gb_20250402/" --threads 8 --report "../zymobiomics_folder/results/runs/run_2005_1658/reports/ZC4_S7.k2report" 		--report-minimizer-data --paired --minimum-hit-groups 2 		--classified-out "../zymobiomics_folder/processed_data/metagenomic/classified/ZC4_S7_classified#.fastq" --unclassified-out "../zymobiomics_folder/processed_data/metagenomic/unclassified/ZC4_S7_unclassified#.fastq" 		--output "../zymobiomics_folder/processed_data/metagenomic/kraken2/ZC4_S7.kraken2" --use-names "../zymobiomics_folder/processed_data/metagenomic/filtered_fastq/ZC4_S7_metagenomic.1" "../zymobiomics_folder/processed_data/metagenomic/filtered_fastq/ZC4_S7_metagenomic.2" 2>&1
Loading database information... done.
238874 sequences (35.00 Mbp) processed in 0.486s (29487.0 Kseq/m, 4320.78 Mbp/m).
  152509 sequences classified (63.84%)
  86365 sequences unclassified (36.16%)
✅  Classification complete.

Estimating species abundance with Bracken...
 >> Checking for Valid Options...
 >> Running Bracken 
      >> python src/est_abundance.py -i ../zymobiomics_folder/results/runs/run_2005_1658/reports/ZC4_S7.k2report -o ../zymobiomics_folder/processed_data/metagenomic/bracken/ZC4_S7.bracken -k ../data/databases/k2_standard_16gb_20250402/database100mers.kmer_distrib -l S -t 0
>> Checking report file: ../zymobiomics_folder/results/runs/run_2005_1658/reports/ZC4_S7.k2report
PROGRAM START TIME: 05-20-2025 15:59:38
BRACKEN SUMMARY (Kraken report: ../zymobiomics_folder/results/runs/run_2005_1658/reports/ZC4_S7.k2report)
    >>> Threshold: 0 
    >>> Number of species in sample: 189 
	  >> Number of species with reads > threshold: 189 
	  >> Number of species with reads < threshold: 0 
    >>> Total reads in sample: 238874
	  >> Total reads kept at species level (reads > threshold): 43542
	  >> Total reads discarded (species reads < threshold): 0
	  >> Reads distributed: 108952
	  >> Reads not distributed (eg. no species above threshold): 15
	  >> Unclassified reads: 86365
BRACKEN OUTPUT PRODUCED: ../zymobiomics_folder/processed_data/metagenomic/bracken/ZC4_S7.bracken
PROGRAM END TIME: 05-20-2025 15:59:38
  Bracken complete.
✅  Abundance estimated.

Generating Krona visualization...
Writing ../zymobiomics_folder/results/runs/run_2005_1658/krona/ZC4_S7.krona.html...
✅  Krona plot generated.

Processing sample: ZP1_S20

Classifying metagenomic reads with Kraken2...
kraken2 --db "../data/databases/k2_standard_16gb_20250402/" --threads 8 --report "../zymobiomics_folder/results/runs/run_2005_1658/reports/ZP1_S20.k2report" 		--report-minimizer-data --paired --minimum-hit-groups 2 		--classified-out "../zymobiomics_folder/processed_data/metagenomic/classified/ZP1_S20_classified#.fastq" --unclassified-out "../zymobiomics_folder/processed_data/metagenomic/unclassified/ZP1_S20_unclassified#.fastq" 		--output "../zymobiomics_folder/processed_data/metagenomic/kraken2/ZP1_S20.kraken2" --use-names "../zymobiomics_folder/processed_data/metagenomic/filtered_fastq/ZP1_S20_metagenomic.1" "../zymobiomics_folder/processed_data/metagenomic/filtered_fastq/ZP1_S20_metagenomic.2" 2>&1
Loading database information... done.
299531 sequences (46.78 Mbp) processed in 0.526s (34137.9 Kseq/m, 5332.06 Mbp/m).
  211195 sequences classified (70.51%)
  88336 sequences unclassified (29.49%)
✅  Classification complete.

Estimating species abundance with Bracken...
 >> Checking for Valid Options...
 >> Running Bracken 
      >> python src/est_abundance.py -i ../zymobiomics_folder/results/runs/run_2005_1658/reports/ZP1_S20.k2report -o ../zymobiomics_folder/processed_data/metagenomic/bracken/ZP1_S20.bracken -k ../data/databases/k2_standard_16gb_20250402/database100mers.kmer_distrib -l S -t 0
>> Checking report file: ../zymobiomics_folder/results/runs/run_2005_1658/reports/ZP1_S20.k2report
PROGRAM START TIME: 05-20-2025 15:59:51
BRACKEN SUMMARY (Kraken report: ../zymobiomics_folder/results/runs/run_2005_1658/reports/ZP1_S20.k2report)
    >>> Threshold: 0 
    >>> Number of species in sample: 267 
	  >> Number of species with reads > threshold: 267 
	  >> Number of species with reads < threshold: 0 
    >>> Total reads in sample: 299531
	  >> Total reads kept at species level (reads > threshold): 59922
	  >> Total reads discarded (species reads < threshold): 0
	  >> Reads distributed: 151239
	  >> Reads not distributed (eg. no species above threshold): 34
	  >> Unclassified reads: 88336
BRACKEN OUTPUT PRODUCED: ../zymobiomics_folder/processed_data/metagenomic/bracken/ZP1_S20.bracken
PROGRAM END TIME: 05-20-2025 15:59:51
  Bracken complete.
✅  Abundance estimated.

Generating Krona visualization...
Writing ../zymobiomics_folder/results/runs/run_2005_1658/krona/ZP1_S20.krona.html...
✅  Krona plot generated.

Processing sample: ZP2_S21

Classifying metagenomic reads with Kraken2...
kraken2 --db "../data/databases/k2_standard_16gb_20250402/" --threads 8 --report "../zymobiomics_folder/results/runs/run_2005_1658/reports/ZP2_S21.k2report" 		--report-minimizer-data --paired --minimum-hit-groups 2 		--classified-out "../zymobiomics_folder/processed_data/metagenomic/classified/ZP2_S21_classified#.fastq" --unclassified-out "../zymobiomics_folder/processed_data/metagenomic/unclassified/ZP2_S21_unclassified#.fastq" 		--output "../zymobiomics_folder/processed_data/metagenomic/kraken2/ZP2_S21.kraken2" --use-names "../zymobiomics_folder/processed_data/metagenomic/filtered_fastq/ZP2_S21_metagenomic.1" "../zymobiomics_folder/processed_data/metagenomic/filtered_fastq/ZP2_S21_metagenomic.2" 2>&1
Loading database information... done.
293442 sequences (42.99 Mbp) processed in 0.644s (27319.8 Kseq/m, 4002.51 Mbp/m).
  195405 sequences classified (66.59%)
  98037 sequences unclassified (33.41%)
✅  Classification complete.

Estimating species abundance with Bracken...
 >> Checking for Valid Options...
 >> Running Bracken 
      >> python src/est_abundance.py -i ../zymobiomics_folder/results/runs/run_2005_1658/reports/ZP2_S21.k2report -o ../zymobiomics_folder/processed_data/metagenomic/bracken/ZP2_S21.bracken -k ../data/databases/k2_standard_16gb_20250402/database100mers.kmer_distrib -l S -t 0
>> Checking report file: ../zymobiomics_folder/results/runs/run_2005_1658/reports/ZP2_S21.k2report
PROGRAM START TIME: 05-20-2025 16:00:04
BRACKEN SUMMARY (Kraken report: ../zymobiomics_folder/results/runs/run_2005_1658/reports/ZP2_S21.k2report)
    >>> Threshold: 0 
    >>> Number of species in sample: 236 
	  >> Number of species with reads > threshold: 236 
	  >> Number of species with reads < threshold: 0 
    >>> Total reads in sample: 293442
	  >> Total reads kept at species level (reads > threshold): 54413
	  >> Total reads discarded (species reads < threshold): 0
	  >> Reads distributed: 140965
	  >> Reads not distributed (eg. no species above threshold): 27
	  >> Unclassified reads: 98037
BRACKEN OUTPUT PRODUCED: ../zymobiomics_folder/processed_data/metagenomic/bracken/ZP2_S21.bracken
PROGRAM END TIME: 05-20-2025 16:00:04
  Bracken complete.
✅  Abundance estimated.

Generating Krona visualization...
Writing ../zymobiomics_folder/results/runs/run_2005_1658/krona/ZP2_S21.krona.html...
✅  Krona plot generated.

Processing sample: ZP3_S22

Classifying metagenomic reads with Kraken2...
kraken2 --db "../data/databases/k2_standard_16gb_20250402/" --threads 8 --report "../zymobiomics_folder/results/runs/run_2005_1658/reports/ZP3_S22.k2report" 		--report-minimizer-data --paired --minimum-hit-groups 2 		--classified-out "../zymobiomics_folder/processed_data/metagenomic/classified/ZP3_S22_classified#.fastq" --unclassified-out "../zymobiomics_folder/processed_data/metagenomic/unclassified/ZP3_S22_unclassified#.fastq" 		--output "../zymobiomics_folder/processed_data/metagenomic/kraken2/ZP3_S22.kraken2" --use-names "../zymobiomics_folder/processed_data/metagenomic/filtered_fastq/ZP3_S22_metagenomic.1" "../zymobiomics_folder/processed_data/metagenomic/filtered_fastq/ZP3_S22_metagenomic.2" 2>&1
Loading database information... done.
326854 sequences (47.05 Mbp) processed in 0.702s (27936.3 Kseq/m, 4021.23 Mbp/m).
  215063 sequences classified (65.80%)
  111791 sequences unclassified (34.20%)
✅  Classification complete.

Estimating species abundance with Bracken...
 >> Checking for Valid Options...
 >> Running Bracken 
      >> python src/est_abundance.py -i ../zymobiomics_folder/results/runs/run_2005_1658/reports/ZP3_S22.k2report -o ../zymobiomics_folder/processed_data/metagenomic/bracken/ZP3_S22.bracken -k ../data/databases/k2_standard_16gb_20250402/database100mers.kmer_distrib -l S -t 0
>> Checking report file: ../zymobiomics_folder/results/runs/run_2005_1658/reports/ZP3_S22.k2report
PROGRAM START TIME: 05-20-2025 16:00:18
BRACKEN SUMMARY (Kraken report: ../zymobiomics_folder/results/runs/run_2005_1658/reports/ZP3_S22.k2report)
    >>> Threshold: 0 
    >>> Number of species in sample: 238 
	  >> Number of species with reads > threshold: 238 
	  >> Number of species with reads < threshold: 0 
    >>> Total reads in sample: 326854
	  >> Total reads kept at species level (reads > threshold): 59407
	  >> Total reads discarded (species reads < threshold): 0
	  >> Reads distributed: 155634
	  >> Reads not distributed (eg. no species above threshold): 22
	  >> Unclassified reads: 111791
BRACKEN OUTPUT PRODUCED: ../zymobiomics_folder/processed_data/metagenomic/bracken/ZP3_S22.bracken
PROGRAM END TIME: 05-20-2025 16:00:18
  Bracken complete.
✅  Abundance estimated.

Generating Krona visualization...
Writing ../zymobiomics_folder/results/runs/run_2005_1658/krona/ZP3_S22.krona.html...
✅  Krona plot generated.

Metagenomic classification completed in: 00:02:03

Calculating read length statistics...
ZC1_S4_metagenomic.1: mean = 90.3, median = 78.0
ZC2_S5_metagenomic.1: mean = 71.7, median = 63.0
ZC3_S6_metagenomic.1: mean = 78.4, median = 67.0
ZC4_S7_metagenomic.1: mean = 73.4, median = 62.0
ZP1_S20_metagenomic.1: mean = 78.2, median = 69.0
ZP2_S21_metagenomic.1: mean = 73.4, median = 64.0
ZP3_S22_metagenomic.1: mean = 72.0, median = 62.0
ZC1_S4_metagenomic.2: mean = 89.5, median = 78.0
ZC2_S5_metagenomic.2: mean = 71.7, median = 63.0
ZC3_S6_metagenomic.2: mean = 78.1, median = 67.0
ZC4_S7_metagenomic.2: mean = 73.2, median = 62.0
ZP1_S20_metagenomic.2: mean = 78.0, median = 69.0
ZP2_S21_metagenomic.2: mean = 73.1, median = 64.0
ZP3_S22_metagenomic.2: mean = 72.0, median = 63.0
ZC1_S4_classified_1.fastq: mean = 101.7, median = 92.0
ZC1_S4_classified_2.fastq: mean = 100.7, median = 91.0
ZC2_S5_classified_1.fastq: mean = 82.7, median = 75.0
ZC2_S5_classified_2.fastq: mean = 82.6, median = 75.0
ZC3_S6_classified_1.fastq: mean = 90.3, median = 80.0
ZC3_S6_classified_2.fastq: mean = 90.0, median = 81.0
ZC4_S7_classified_1.fastq: mean = 85.8, median = 75.0
ZC4_S7_classified_2.fastq: mean = 85.5, median = 75.0
ZP1_S20_classified_1.fastq: mean = 88.5, median = 80.0
ZP1_S20_classified_2.fastq: mean = 88.2, median = 80.0
ZP2_S21_classified_1.fastq: mean = 84.2, median = 76.0
ZP2_S21_classified_2.fastq: mean = 83.9, median = 76.0
ZP3_S22_classified_1.fastq: mean = 83.0, median = 75.0
ZP3_S22_classified_2.fastq: mean = 82.9, median = 75.0
ZC1_S4_unclassified_1.fastq: mean = 58.1, median = 49.0
ZC1_S4_unclassified_2.fastq: mean = 58.0, median = 49.0
ZC2_S5_unclassified_1.fastq: mean = 51.9, median = 46.0
ZC2_S5_unclassified_2.fastq: mean = 51.9, median = 46.0
ZC3_S6_unclassified_1.fastq: mean = 54.2, median = 47.0
ZC3_S6_unclassified_2.fastq: mean = 54.2, median = 47.0
ZC4_S7_unclassified_1.fastq: mean = 51.4, median = 45.0
ZC4_S7_unclassified_2.fastq: mean = 51.4, median = 45.0
ZP1_S20_unclassified_1.fastq: mean = 53.6, median = 47.0
ZP1_S20_unclassified_2.fastq: mean = 53.5, median = 47.0
ZP2_S21_unclassified_1.fastq: mean = 51.7, median = 46.0
ZP2_S21_unclassified_2.fastq: mean = 51.7, median = 46.0
ZP3_S22_unclassified_1.fastq: mean = 50.8, median = 45.0
ZP3_S22_unclassified_2.fastq: mean = 50.9, median = 45.0
✅ Statistics generated.

Combining Bracken reports...
Combined CSV file saved to: ../zymobiomics_folder/results/runs/run_2005_1658/combined_breports.csv 
✅ Bracken reports combined.

Copying SLURM job logs...
✅ SLURM job logs copied.

================================================= COMPARISON TO GROUND TRUTH =================================================

================================================= METAGENOMIC DIVERSITY ANALYSIS =================================================
Calculating alpha and beta diversity...
✅ Alpha diversity calculated.
null device 
          1 
Heatmap saved to: ../zymobiomics_folder/results/runs/run_2005_1658/diversity/beta_diversity_heatmap.png 
✅ Beta diversity heatmap generated.
✅  Diversity analysis completed successfully.

✅  Pipeline completed successfully.

Copying final SLURM job logs

====================================================== COMPARISON TO OTHER RUNS ======================================================
Skipping run_2005_1655 (already in summary)
Skipping run_2005_1637 (already in summary)
Runs directory: ../zymobiomics_folder/results/runs/run_2005_1658
Ground truth file: ../zymobiomics_folder/raw_data//ground_truth.csv
Traceback (most recent call last):
  File "/cephfs/volumes/hpc_data_usr/k24087895/8bae1efe-9269-480e-9bb9-de76b8bdc9e7/final_project/scripts/../scripts/helper_scripts/evaluation_metrics.py", line 43, in <module>
    metadata = pd.read_csv(os.path.join(run_dir, "runs_summary.csv"), index_col=False)
               ^^^^^^^^^^^^^^^^^^^^^^^^^^^^^^^^^^^^^^^^^^^^^^^^^^^^^^^^^^^^^^^^^^^^^^^
  File "/users/k24087895/.conda/envs/metagenomics/lib/python3.12/site-packages/pandas/io/parsers/readers.py", line 1026, in read_csv
    return _read(filepath_or_buffer, kwds)
           ^^^^^^^^^^^^^^^^^^^^^^^^^^^^^^^
  File "/users/k24087895/.conda/envs/metagenomics/lib/python3.12/site-packages/pandas/io/parsers/readers.py", line 620, in _read
    parser = TextFileReader(filepath_or_buffer, **kwds)
             ^^^^^^^^^^^^^^^^^^^^^^^^^^^^^^^^^^^^^^^^^^
  File "/users/k24087895/.conda/envs/metagenomics/lib/python3.12/site-packages/pandas/io/parsers/readers.py", line 1620, in __init__
    self._engine = self._make_engine(f, self.engine)
                   ^^^^^^^^^^^^^^^^^^^^^^^^^^^^^^^^^
  File "/users/k24087895/.conda/envs/metagenomics/lib/python3.12/site-packages/pandas/io/parsers/readers.py", line 1880, in _make_engine
    self.handles = get_handle(
                   ^^^^^^^^^^^
  File "/users/k24087895/.conda/envs/metagenomics/lib/python3.12/site-packages/pandas/io/common.py", line 873, in get_handle
    handle = open(
             ^^^^^
FileNotFoundError: [Errno 2] No such file or directory: '../zymobiomics_folder/results/runs/run_2005_1658/runs_summary.csv'
❌ Evaluation metrics generation failed!
