
================================================= ARGUMENT PARSING & VALIDATION =================================================

Raw FASTQ directory path: ../zymobiomics_folder/raw_data/
⚠️  No Bowtie2 index provided. Using default: ../data/bowtie_index/GRCh38_noalt_as/GRCh38_noalt_as
✅  Trimming enabled.
Quality Control & Trimming: Enabled ✅
⚠️  Optional, but must be done at least once on the raw reads for the pipeline to work.

Host DNA Removal: Enabled ✅
Bowtie2 Index Prefix: ../data/bowtie_index/GRCh38_noalt_as/GRCh38_noalt_as
⚠️  Optional, but must be done at least once on the trimmed reads for the pipeline to work.

Kraken2/Bracken Database: ../data/databases/k2_standard_16gb_20250402

================================================= CONDA ENVIRONMENT ACTIVATION ==================================================

✅ 'metagenomics' environment activated successfully.

====================================================== PROJECT STRUCTURE ======================================================

../zymobiomics_folder
├── processed_data
│   ├── human
│   │   ├── aligned_sam
│   │   ├── bed_files
│   │   └── sorted_bam
│   ├── metagenomic
│   │   ├── bracken
│   │   ├── classified
│   │   ├── filtered_fastq
│   │   ├── kraken2
│   │   └── unclassified
│   └── trimmed
│       ├── paired
│       └── unpaired
├── raw_data
└── results
    ├── fastqc
    │   ├── post_trimming
    │   └── pre_trimming
    ├── host_dna_analysis
    └── runs
        ├── run_2005_1637
        ├── run_2005_1655
        ├── run_2005_1658
        ├── run_2005_1706
        ├── run_2005_1730
        ├── run_2005_1744
        ├── run_2105_1617
        ├── run_2105_1632
        ├── run_2105_1640
        ├── run_2105_1653
        ├── run_2105_1700
        ├── run_2105_1708
        ├── run_2105_1713
        ├── run_2105_1722
        ├── run_2205_1556
        ├── run_2205_1603
        ├── run_2205_1608
        ├── run_2205_1648
        ├── run_2205_1702
        ├── run_2205_1708
        ├── run_2205_1718
        ├── run_2205_1725
        ├── run_2305_1437
        ├── run_2305_1444
        ├── run_2305_1459
        ├── run_2305_1505
        ├── run_2305_1511
        ├── run_2305_1526
        ├── run_2305_1536
        ├── run_2305_1550
        ├── run_2305_1554
        ├── run_2305_1611
        └── run_2505_2018

54 directories
Human DNA-related files (SAM, BAM, and BED) in the 'human' directory are created once per sub-project and remain unchanged across runs.
Intermediate metagenomic files in the 'metagenomic' directory are overwritten with each run and should be inspected beforehand if desired.
Results are stored in the 'results' directory (including FastQC, host DNA analysis, and run-specific results like Kraken2 and Bracken).

=================================================== QUALITY CONTROL & TRIMMING ===================================================


Running FastQC on all raw reads...
✅ FastQC completed successfully.

/// MultiQC 🔍 v1.28

     version_check | MultiQC Version v1.29 now available!
       file_search | Search path: /cephfs/volumes/hpc_data_usr/k24087895/8bae1efe-9269-480e-9bb9-de76b8bdc9e7/final_project/zymobiomics_folder/results/fastqc/pre_trimming

            fastqc | Found 14 reports

     write_results | Data        : None
     write_results | Report      : /cephfs/volumes/hpc_data_usr/k24087895/8bae1efe-9269-480e-9bb9-de76b8bdc9e7/final_project/zymobiomics_folder/results/fastqc/pre_trimming/multiqc_report.html   (overwritten)
           multiqc | MultiQC complete
✅ MultiQC report generated successfully.

Running Trimmomatic...
TrimmomaticPE: Started with arguments:
 -phred33 -threads 4 ../zymobiomics_folder/raw_data//ZC1_S4_L001_R1_001.fastq.gz ../zymobiomics_folder/raw_data//ZC1_S4_L001_R2_001.fastq.gz ../zymobiomics_folder/raw_data//../processed_data/trimmed/paired/ZC1_S4_R1_paired.fastq.gz ../zymobiomics_folder/raw_data//../processed_data/trimmed/unpaired/ZC1_S4_R1_unpaired.fastq.gz ../zymobiomics_folder/raw_data//../processed_data/trimmed/paired/ZC1_S4_R2_paired.fastq.gz ../zymobiomics_folder/raw_data//../processed_data/trimmed/unpaired/ZC1_S4_R2_unpaired.fastq.gz ILLUMINACLIP:../zymobiomics_folder/raw_data//../../data/adapters/TruSeq3-PE-2.fa:2:30:10:8:true HEADCROP:5 LEADING:5 CROP:240 SLIDINGWINDOW:4:15 TRAILING:10 MINLEN:35
Using PrefixPair: 'TACACTCTTTCCCTACACGACGCTCTTCCGATCT' and 'GTGACTGGAGTTCAGACGTGTGCTCTTCCGATCT'
Using Long Clipping Sequence: 'AGATCGGAAGAGCGTCGTGTAGGGAAAGAGTGTA'
Using Long Clipping Sequence: 'AGATCGGAAGAGCACACGTCTGAACTCCAGTCAC'
Using Long Clipping Sequence: 'GTGACTGGAGTTCAGACGTGTGCTCTTCCGATCT'
Using Long Clipping Sequence: 'TACACTCTTTCCCTACACGACGCTCTTCCGATCT'
ILLUMINACLIP: Using 1 prefix pairs, 4 forward/reverse sequences, 0 forward only sequences, 0 reverse only sequences
Input Read Pairs: 327187 Both Surviving: 287711 (87.93%) Forward Only Surviving: 4646 (1.42%) Reverse Only Surviving: 1206 (0.37%) Dropped: 33624 (10.28%)
TrimmomaticPE: Completed successfully
✅ Trimmed ZC1_S4!

TrimmomaticPE: Started with arguments:
 -phred33 -threads 4 ../zymobiomics_folder/raw_data//ZC2_S5_L001_R1_001.fastq.gz ../zymobiomics_folder/raw_data//ZC2_S5_L001_R2_001.fastq.gz ../zymobiomics_folder/raw_data//../processed_data/trimmed/paired/ZC2_S5_R1_paired.fastq.gz ../zymobiomics_folder/raw_data//../processed_data/trimmed/unpaired/ZC2_S5_R1_unpaired.fastq.gz ../zymobiomics_folder/raw_data//../processed_data/trimmed/paired/ZC2_S5_R2_paired.fastq.gz ../zymobiomics_folder/raw_data//../processed_data/trimmed/unpaired/ZC2_S5_R2_unpaired.fastq.gz ILLUMINACLIP:../zymobiomics_folder/raw_data//../../data/adapters/TruSeq3-PE-2.fa:2:30:10:8:true HEADCROP:5 LEADING:5 CROP:240 SLIDINGWINDOW:4:15 TRAILING:10 MINLEN:35
Using PrefixPair: 'TACACTCTTTCCCTACACGACGCTCTTCCGATCT' and 'GTGACTGGAGTTCAGACGTGTGCTCTTCCGATCT'
Using Long Clipping Sequence: 'AGATCGGAAGAGCGTCGTGTAGGGAAAGAGTGTA'
Using Long Clipping Sequence: 'AGATCGGAAGAGCACACGTCTGAACTCCAGTCAC'
Using Long Clipping Sequence: 'GTGACTGGAGTTCAGACGTGTGCTCTTCCGATCT'
Using Long Clipping Sequence: 'TACACTCTTTCCCTACACGACGCTCTTCCGATCT'
ILLUMINACLIP: Using 1 prefix pairs, 4 forward/reverse sequences, 0 forward only sequences, 0 reverse only sequences
Input Read Pairs: 331292 Both Surviving: 267582 (80.77%) Forward Only Surviving: 3491 (1.05%) Reverse Only Surviving: 1313 (0.40%) Dropped: 58906 (17.78%)
TrimmomaticPE: Completed successfully
✅ Trimmed ZC2_S5!

TrimmomaticPE: Started with arguments:
 -phred33 -threads 4 ../zymobiomics_folder/raw_data//ZC3_S6_L001_R1_001.fastq.gz ../zymobiomics_folder/raw_data//ZC3_S6_L001_R2_001.fastq.gz ../zymobiomics_folder/raw_data//../processed_data/trimmed/paired/ZC3_S6_R1_paired.fastq.gz ../zymobiomics_folder/raw_data//../processed_data/trimmed/unpaired/ZC3_S6_R1_unpaired.fastq.gz ../zymobiomics_folder/raw_data//../processed_data/trimmed/paired/ZC3_S6_R2_paired.fastq.gz ../zymobiomics_folder/raw_data//../processed_data/trimmed/unpaired/ZC3_S6_R2_unpaired.fastq.gz ILLUMINACLIP:../zymobiomics_folder/raw_data//../../data/adapters/TruSeq3-PE-2.fa:2:30:10:8:true HEADCROP:5 LEADING:5 CROP:240 SLIDINGWINDOW:4:15 TRAILING:10 MINLEN:35
Using PrefixPair: 'TACACTCTTTCCCTACACGACGCTCTTCCGATCT' and 'GTGACTGGAGTTCAGACGTGTGCTCTTCCGATCT'
Using Long Clipping Sequence: 'AGATCGGAAGAGCGTCGTGTAGGGAAAGAGTGTA'
Using Long Clipping Sequence: 'AGATCGGAAGAGCACACGTCTGAACTCCAGTCAC'
Using Long Clipping Sequence: 'GTGACTGGAGTTCAGACGTGTGCTCTTCCGATCT'
Using Long Clipping Sequence: 'TACACTCTTTCCCTACACGACGCTCTTCCGATCT'
ILLUMINACLIP: Using 1 prefix pairs, 4 forward/reverse sequences, 0 forward only sequences, 0 reverse only sequences
Input Read Pairs: 328660 Both Surviving: 273943 (83.35%) Forward Only Surviving: 3540 (1.08%) Reverse Only Surviving: 1306 (0.40%) Dropped: 49871 (15.17%)
TrimmomaticPE: Completed successfully
✅ Trimmed ZC3_S6!

TrimmomaticPE: Started with arguments:
 -phred33 -threads 4 ../zymobiomics_folder/raw_data//ZC4_S7_L001_R1_001.fastq.gz ../zymobiomics_folder/raw_data//ZC4_S7_L001_R2_001.fastq.gz ../zymobiomics_folder/raw_data//../processed_data/trimmed/paired/ZC4_S7_R1_paired.fastq.gz ../zymobiomics_folder/raw_data//../processed_data/trimmed/unpaired/ZC4_S7_R1_unpaired.fastq.gz ../zymobiomics_folder/raw_data//../processed_data/trimmed/paired/ZC4_S7_R2_paired.fastq.gz ../zymobiomics_folder/raw_data//../processed_data/trimmed/unpaired/ZC4_S7_R2_unpaired.fastq.gz ILLUMINACLIP:../zymobiomics_folder/raw_data//../../data/adapters/TruSeq3-PE-2.fa:2:30:10:8:true HEADCROP:5 LEADING:5 CROP:240 SLIDINGWINDOW:4:15 TRAILING:10 MINLEN:35
Using PrefixPair: 'TACACTCTTTCCCTACACGACGCTCTTCCGATCT' and 'GTGACTGGAGTTCAGACGTGTGCTCTTCCGATCT'
Using Long Clipping Sequence: 'AGATCGGAAGAGCGTCGTGTAGGGAAAGAGTGTA'
Using Long Clipping Sequence: 'AGATCGGAAGAGCACACGTCTGAACTCCAGTCAC'
Using Long Clipping Sequence: 'GTGACTGGAGTTCAGACGTGTGCTCTTCCGATCT'
Using Long Clipping Sequence: 'TACACTCTTTCCCTACACGACGCTCTTCCGATCT'
ILLUMINACLIP: Using 1 prefix pairs, 4 forward/reverse sequences, 0 forward only sequences, 0 reverse only sequences
Input Read Pairs: 298033 Both Surviving: 238875 (80.15%) Forward Only Surviving: 3147 (1.06%) Reverse Only Surviving: 1202 (0.40%) Dropped: 54809 (18.39%)
TrimmomaticPE: Completed successfully
✅ Trimmed ZC4_S7!

TrimmomaticPE: Started with arguments:
 -phred33 -threads 4 ../zymobiomics_folder/raw_data//ZP1_S20_L001_R1_001.fastq.gz ../zymobiomics_folder/raw_data//ZP1_S20_L001_R2_001.fastq.gz ../zymobiomics_folder/raw_data//../processed_data/trimmed/paired/ZP1_S20_R1_paired.fastq.gz ../zymobiomics_folder/raw_data//../processed_data/trimmed/unpaired/ZP1_S20_R1_unpaired.fastq.gz ../zymobiomics_folder/raw_data//../processed_data/trimmed/paired/ZP1_S20_R2_paired.fastq.gz ../zymobiomics_folder/raw_data//../processed_data/trimmed/unpaired/ZP1_S20_R2_unpaired.fastq.gz ILLUMINACLIP:../zymobiomics_folder/raw_data//../../data/adapters/TruSeq3-PE-2.fa:2:30:10:8:true HEADCROP:5 LEADING:5 CROP:240 SLIDINGWINDOW:4:15 TRAILING:10 MINLEN:35
Using PrefixPair: 'TACACTCTTTCCCTACACGACGCTCTTCCGATCT' and 'GTGACTGGAGTTCAGACGTGTGCTCTTCCGATCT'
Using Long Clipping Sequence: 'AGATCGGAAGAGCGTCGTGTAGGGAAAGAGTGTA'
Using Long Clipping Sequence: 'AGATCGGAAGAGCACACGTCTGAACTCCAGTCAC'
Using Long Clipping Sequence: 'GTGACTGGAGTTCAGACGTGTGCTCTTCCGATCT'
Using Long Clipping Sequence: 'TACACTCTTTCCCTACACGACGCTCTTCCGATCT'
ILLUMINACLIP: Using 1 prefix pairs, 4 forward/reverse sequences, 0 forward only sequences, 0 reverse only sequences
Input Read Pairs: 349154 Both Surviving: 299533 (85.79%) Forward Only Surviving: 4651 (1.33%) Reverse Only Surviving: 1387 (0.40%) Dropped: 43583 (12.48%)
TrimmomaticPE: Completed successfully
✅ Trimmed ZP1_S20!

TrimmomaticPE: Started with arguments:
 -phred33 -threads 4 ../zymobiomics_folder/raw_data//ZP2_S21_L001_R1_001.fastq.gz ../zymobiomics_folder/raw_data//ZP2_S21_L001_R2_001.fastq.gz ../zymobiomics_folder/raw_data//../processed_data/trimmed/paired/ZP2_S21_R1_paired.fastq.gz ../zymobiomics_folder/raw_data//../processed_data/trimmed/unpaired/ZP2_S21_R1_unpaired.fastq.gz ../zymobiomics_folder/raw_data//../processed_data/trimmed/paired/ZP2_S21_R2_paired.fastq.gz ../zymobiomics_folder/raw_data//../processed_data/trimmed/unpaired/ZP2_S21_R2_unpaired.fastq.gz ILLUMINACLIP:../zymobiomics_folder/raw_data//../../data/adapters/TruSeq3-PE-2.fa:2:30:10:8:true HEADCROP:5 LEADING:5 CROP:240 SLIDINGWINDOW:4:15 TRAILING:10 MINLEN:35
Using PrefixPair: 'TACACTCTTTCCCTACACGACGCTCTTCCGATCT' and 'GTGACTGGAGTTCAGACGTGTGCTCTTCCGATCT'
Using Long Clipping Sequence: 'AGATCGGAAGAGCGTCGTGTAGGGAAAGAGTGTA'
Using Long Clipping Sequence: 'AGATCGGAAGAGCACACGTCTGAACTCCAGTCAC'
Using Long Clipping Sequence: 'GTGACTGGAGTTCAGACGTGTGCTCTTCCGATCT'
Using Long Clipping Sequence: 'TACACTCTTTCCCTACACGACGCTCTTCCGATCT'
ILLUMINACLIP: Using 1 prefix pairs, 4 forward/reverse sequences, 0 forward only sequences, 0 reverse only sequences
Input Read Pairs: 358936 Both Surviving: 293443 (81.75%) Forward Only Surviving: 6427 (1.79%) Reverse Only Surviving: 1577 (0.44%) Dropped: 57489 (16.02%)
TrimmomaticPE: Completed successfully
✅ Trimmed ZP2_S21!

TrimmomaticPE: Started with arguments:
 -phred33 -threads 4 ../zymobiomics_folder/raw_data//ZP3_S22_L001_R1_001.fastq.gz ../zymobiomics_folder/raw_data//ZP3_S22_L001_R2_001.fastq.gz ../zymobiomics_folder/raw_data//../processed_data/trimmed/paired/ZP3_S22_R1_paired.fastq.gz ../zymobiomics_folder/raw_data//../processed_data/trimmed/unpaired/ZP3_S22_R1_unpaired.fastq.gz ../zymobiomics_folder/raw_data//../processed_data/trimmed/paired/ZP3_S22_R2_paired.fastq.gz ../zymobiomics_folder/raw_data//../processed_data/trimmed/unpaired/ZP3_S22_R2_unpaired.fastq.gz ILLUMINACLIP:../zymobiomics_folder/raw_data//../../data/adapters/TruSeq3-PE-2.fa:2:30:10:8:true HEADCROP:5 LEADING:5 CROP:240 SLIDINGWINDOW:4:15 TRAILING:10 MINLEN:35
Using PrefixPair: 'TACACTCTTTCCCTACACGACGCTCTTCCGATCT' and 'GTGACTGGAGTTCAGACGTGTGCTCTTCCGATCT'
Using Long Clipping Sequence: 'AGATCGGAAGAGCGTCGTGTAGGGAAAGAGTGTA'
Using Long Clipping Sequence: 'AGATCGGAAGAGCACACGTCTGAACTCCAGTCAC'
Using Long Clipping Sequence: 'GTGACTGGAGTTCAGACGTGTGCTCTTCCGATCT'
Using Long Clipping Sequence: 'TACACTCTTTCCCTACACGACGCTCTTCCGATCT'
ILLUMINACLIP: Using 1 prefix pairs, 4 forward/reverse sequences, 0 forward only sequences, 0 reverse only sequences
Input Read Pairs: 404941 Both Surviving: 326857 (80.72%) Forward Only Surviving: 3655 (0.90%) Reverse Only Surviving: 1642 (0.41%) Dropped: 72787 (17.97%)
TrimmomaticPE: Completed successfully
✅ Trimmed ZP3_S22!


Running FastQC on paired trimmed reads...
✅ FastQC completed successfully.

/// MultiQC 🔍 v1.28

     version_check | MultiQC Version v1.29 now available!
       file_search | Search path: /cephfs/volumes/hpc_data_usr/k24087895/8bae1efe-9269-480e-9bb9-de76b8bdc9e7/final_project/zymobiomics_folder/results/fastqc/post_trimming

            fastqc | Found 14 reports
            violin | Tried to make table/violin plot, but had no data. pconfig: {'namespace': 'FastQC', 'id': 'fastqc_top_overrepresented_sequences_table', 'title': 'FastQC: Top overrepresented sequences', 'col1_header': 'Overrepresented sequence', 'sort_rows': False}

     write_results | Data        : None
     write_results | Report      : /cephfs/volumes/hpc_data_usr/k24087895/8bae1efe-9269-480e-9bb9-de76b8bdc9e7/final_project/zymobiomics_folder/results/fastqc/post_trimming/multiqc_report.html   (overwritten)
           multiqc | MultiQC complete
✅ MultiQC report generated successfully.

✅  QC and trimming completed successfully.

Calculating read length statistics...
ZC1_S4_L001_R1_001.fastq.gz: mean = 98.9, median = 79.0
ZC1_S4_L001_R2_001.fastq.gz: mean = 101.8, median = 80.0
ZC2_S5_L001_R1_001.fastq.gz: mean = 77.9, median = 62.0
ZC2_S5_L001_R2_001.fastq.gz: mean = 78.9, median = 62.0
ZC3_S6_L001_R1_001.fastq.gz: mean = 84.8, median = 67.0
ZC3_S6_L001_R2_001.fastq.gz: mean = 85.4, median = 67.0
ZC4_S7_L001_R1_001.fastq.gz: mean = 78.9, median = 60.0
ZC4_S7_L001_R2_001.fastq.gz: mean = 79.9, median = 60.0
ZP1_S20_L001_R1_001.fastq.gz: mean = 85.2, median = 70.0
ZP1_S20_L001_R2_001.fastq.gz: mean = 86.2, median = 70.0
ZP2_S21_L001_R1_001.fastq.gz: mean = 79.1, median = 64.0
ZP2_S21_L001_R2_001.fastq.gz: mean = 82.8, median = 64.0
ZP3_S22_L001_R1_001.fastq.gz: mean = 78.2, median = 62.0
ZP3_S22_L001_R2_001.fastq.gz: mean = 77.8, median = 61.0
ZC1_S4_R1_paired.fastq.gz: mean = 90.3, median = 78.0
ZC1_S4_R2_paired.fastq.gz: mean = 89.5, median = 78.0
ZC2_S5_R1_paired.fastq.gz: mean = 71.7, median = 63.0
ZC2_S5_R2_paired.fastq.gz: mean = 71.7, median = 63.0
ZC3_S6_R1_paired.fastq.gz: mean = 78.4, median = 67.0
ZC3_S6_R2_paired.fastq.gz: mean = 78.1, median = 67.0
ZC4_S7_R1_paired.fastq.gz: mean = 73.4, median = 62.0
ZC4_S7_R2_paired.fastq.gz: mean = 73.2, median = 62.0
ZP1_S20_R1_paired.fastq.gz: mean = 78.2, median = 69.0
ZP1_S20_R2_paired.fastq.gz: mean = 78.0, median = 69.0
ZP2_S21_R1_paired.fastq.gz: mean = 73.4, median = 64.0
ZP2_S21_R2_paired.fastq.gz: mean = 73.1, median = 64.0
ZP3_S22_R1_paired.fastq.gz: mean = 72.0, median = 62.0
ZP3_S22_R2_paired.fastq.gz: mean = 72.0, median = 63.0
✅ Statistics generated.

================================================= METAGENOMIC ABUNDANCE ESTIMATION =================================================
⚠️  This step assumes reads have already been trimmed with Trimmomatic and host DNA removed with Bowtie2. Processed reads must be in the correct directory.

Processing sample: ZC1_S4

Removing human reads with Bowtie2...
bowtie2 -x "../data/bowtie_index/GRCh38_noalt_as/GRCh38_noalt_as" -p 8 -q --end-to-end --very-sensitive --no-mixed --no-discordant 	                -1 "../zymobiomics_folder/processed_data/trimmed/paired/ZC1_S4_R1_paired.fastq.gz" -2 "../zymobiomics_folder/processed_data/trimmed/paired/ZC1_S4_R2_paired.fastq.gz" 	                --un-conc "../zymobiomics_folder/processed_data/metagenomic/filtered_fastq/ZC1_S4_metagenomic" -S "../zymobiomics_folder/processed_data/human/aligned_sam/ZC1_S4_human.sam" 2>&1
287711 reads; of these:
  287711 (100.00%) were paired; of these:
    287710 (100.00%) aligned concordantly 0 times
    0 (0.00%) aligned concordantly exactly 1 time
    1 (0.00%) aligned concordantly >1 times
0.00% overall alignment rate
✅  Host reads removed.

Classifying metagenomic reads with Kraken2...
kraken2 --db "../data/databases/k2_standard_16gb_20250402" --threads 8 --report "../zymobiomics_folder/results/runs/run_2505_2018/reports/ZC1_S4.k2report" 		--report-minimizer-data --paired --minimum-hit-groups 10 		--classified-out "../zymobiomics_folder/processed_data/metagenomic/classified/ZC1_S4_classified#.fastq" --unclassified-out "../zymobiomics_folder/processed_data/metagenomic/unclassified/ZC1_S4_unclassified#.fastq" 		--output "../zymobiomics_folder/processed_data/metagenomic/kraken2/ZC1_S4.kraken2" --use-names "../zymobiomics_folder/processed_data/metagenomic/filtered_fastq/ZC1_S4_metagenomic.1" "../zymobiomics_folder/processed_data/metagenomic/filtered_fastq/ZC1_S4_metagenomic.2" 2>&1
Loading database information... done.
287710 sequences (51.71 Mbp) processed in 0.915s (18865.6 Kseq/m, 3390.74 Mbp/m).
  62771 sequences classified (21.82%)
  224939 sequences unclassified (78.18%)
✅  Classification complete.

Estimating species abundance with Bracken...
 >> Checking for Valid Options...
 >> Running Bracken 
      >> python src/est_abundance.py -i ../zymobiomics_folder/results/runs/run_2505_2018/reports/ZC1_S4.k2report -o ../zymobiomics_folder/processed_data/metagenomic/bracken/ZC1_S4.bracken -k ../data/databases/k2_standard_16gb_20250402/database100mers.kmer_distrib -l S -t 0
>> Checking report file: ../zymobiomics_folder/results/runs/run_2505_2018/reports/ZC1_S4.k2report
PROGRAM START TIME: 05-25-2025 19:23:03
BRACKEN SUMMARY (Kraken report: ../zymobiomics_folder/results/runs/run_2505_2018/reports/ZC1_S4.k2report)
    >>> Threshold: 0 
    >>> Number of species in sample: 113 
	  >> Number of species with reads > threshold: 113 
	  >> Number of species with reads < threshold: 0 
    >>> Total reads in sample: 287710
	  >> Total reads kept at species level (reads > threshold): 22947
	  >> Total reads discarded (species reads < threshold): 0
	  >> Reads distributed: 39821
	  >> Reads not distributed (eg. no species above threshold): 3
	  >> Unclassified reads: 224939
BRACKEN OUTPUT PRODUCED: ../zymobiomics_folder/processed_data/metagenomic/bracken/ZC1_S4.bracken
PROGRAM END TIME: 05-25-2025 19:23:03
  Bracken complete.
✅  Abundance estimated.

Generating Krona visualization...
Writing ../zymobiomics_folder/results/runs/run_2505_2018/krona/ZC1_S4.krona.html...
✅  Krona plot generated.

Processing sample: ZC2_S5

Removing human reads with Bowtie2...
bowtie2 -x "../data/bowtie_index/GRCh38_noalt_as/GRCh38_noalt_as" -p 8 -q --end-to-end --very-sensitive --no-mixed --no-discordant 	                -1 "../zymobiomics_folder/processed_data/trimmed/paired/ZC2_S5_R1_paired.fastq.gz" -2 "../zymobiomics_folder/processed_data/trimmed/paired/ZC2_S5_R2_paired.fastq.gz" 	                --un-conc "../zymobiomics_folder/processed_data/metagenomic/filtered_fastq/ZC2_S5_metagenomic" -S "../zymobiomics_folder/processed_data/human/aligned_sam/ZC2_S5_human.sam" 2>&1
267582 reads; of these:
  267582 (100.00%) were paired; of these:
    267582 (100.00%) aligned concordantly 0 times
    0 (0.00%) aligned concordantly exactly 1 time
    0 (0.00%) aligned concordantly >1 times
0.00% overall alignment rate
✅  Host reads removed.

Classifying metagenomic reads with Kraken2...
kraken2 --db "../data/databases/k2_standard_16gb_20250402" --threads 8 --report "../zymobiomics_folder/results/runs/run_2505_2018/reports/ZC2_S5.k2report" 		--report-minimizer-data --paired --minimum-hit-groups 10 		--classified-out "../zymobiomics_folder/processed_data/metagenomic/classified/ZC2_S5_classified#.fastq" --unclassified-out "../zymobiomics_folder/processed_data/metagenomic/unclassified/ZC2_S5_unclassified#.fastq" 		--output "../zymobiomics_folder/processed_data/metagenomic/kraken2/ZC2_S5.kraken2" --use-names "../zymobiomics_folder/processed_data/metagenomic/filtered_fastq/ZC2_S5_metagenomic.1" "../zymobiomics_folder/processed_data/metagenomic/filtered_fastq/ZC2_S5_metagenomic.2" 2>&1
Loading database information... done.
267582 sequences (38.37 Mbp) processed in 0.677s (23706.7 Kseq/m, 3399.20 Mbp/m).
  28103 sequences classified (10.50%)
  239479 sequences unclassified (89.50%)
✅  Classification complete.

Estimating species abundance with Bracken...
 >> Checking for Valid Options...
 >> Running Bracken 
      >> python src/est_abundance.py -i ../zymobiomics_folder/results/runs/run_2505_2018/reports/ZC2_S5.k2report -o ../zymobiomics_folder/processed_data/metagenomic/bracken/ZC2_S5.bracken -k ../data/databases/k2_standard_16gb_20250402/database100mers.kmer_distrib -l S -t 0
>> Checking report file: ../zymobiomics_folder/results/runs/run_2505_2018/reports/ZC2_S5.k2report
PROGRAM START TIME: 05-25-2025 19:23:47
BRACKEN SUMMARY (Kraken report: ../zymobiomics_folder/results/runs/run_2505_2018/reports/ZC2_S5.k2report)
    >>> Threshold: 0 
    >>> Number of species in sample: 58 
	  >> Number of species with reads > threshold: 58 
	  >> Number of species with reads < threshold: 0 
    >>> Total reads in sample: 267582
	  >> Total reads kept at species level (reads > threshold): 9637
	  >> Total reads discarded (species reads < threshold): 0
	  >> Reads distributed: 18461
	  >> Reads not distributed (eg. no species above threshold): 5
	  >> Unclassified reads: 239479
BRACKEN OUTPUT PRODUCED: ../zymobiomics_folder/processed_data/metagenomic/bracken/ZC2_S5.bracken
PROGRAM END TIME: 05-25-2025 19:23:47
  Bracken complete.
✅  Abundance estimated.

Generating Krona visualization...
Writing ../zymobiomics_folder/results/runs/run_2505_2018/krona/ZC2_S5.krona.html...
✅  Krona plot generated.

Processing sample: ZC3_S6

Removing human reads with Bowtie2...
bowtie2 -x "../data/bowtie_index/GRCh38_noalt_as/GRCh38_noalt_as" -p 8 -q --end-to-end --very-sensitive --no-mixed --no-discordant 	                -1 "../zymobiomics_folder/processed_data/trimmed/paired/ZC3_S6_R1_paired.fastq.gz" -2 "../zymobiomics_folder/processed_data/trimmed/paired/ZC3_S6_R2_paired.fastq.gz" 	                --un-conc "../zymobiomics_folder/processed_data/metagenomic/filtered_fastq/ZC3_S6_metagenomic" -S "../zymobiomics_folder/processed_data/human/aligned_sam/ZC3_S6_human.sam" 2>&1
273943 reads; of these:
  273943 (100.00%) were paired; of these:
    273941 (100.00%) aligned concordantly 0 times
    1 (0.00%) aligned concordantly exactly 1 time
    1 (0.00%) aligned concordantly >1 times
0.00% overall alignment rate
✅  Host reads removed.

Classifying metagenomic reads with Kraken2...
kraken2 --db "../data/databases/k2_standard_16gb_20250402" --threads 8 --report "../zymobiomics_folder/results/runs/run_2505_2018/reports/ZC3_S6.k2report" 		--report-minimizer-data --paired --minimum-hit-groups 10 		--classified-out "../zymobiomics_folder/processed_data/metagenomic/classified/ZC3_S6_classified#.fastq" --unclassified-out "../zymobiomics_folder/processed_data/metagenomic/unclassified/ZC3_S6_unclassified#.fastq" 		--output "../zymobiomics_folder/processed_data/metagenomic/kraken2/ZC3_S6.kraken2" --use-names "../zymobiomics_folder/processed_data/metagenomic/filtered_fastq/ZC3_S6_metagenomic.1" "../zymobiomics_folder/processed_data/metagenomic/filtered_fastq/ZC3_S6_metagenomic.2" 2>&1
Loading database information... done.
273941 sequences (42.88 Mbp) processed in 0.658s (24992.8 Kseq/m, 3911.71 Mbp/m).
  38391 sequences classified (14.01%)
  235550 sequences unclassified (85.99%)
✅  Classification complete.

Estimating species abundance with Bracken...
 >> Checking for Valid Options...
 >> Running Bracken 
      >> python src/est_abundance.py -i ../zymobiomics_folder/results/runs/run_2505_2018/reports/ZC3_S6.k2report -o ../zymobiomics_folder/processed_data/metagenomic/bracken/ZC3_S6.bracken -k ../data/databases/k2_standard_16gb_20250402/database100mers.kmer_distrib -l S -t 0
>> Checking report file: ../zymobiomics_folder/results/runs/run_2505_2018/reports/ZC3_S6.k2report
PROGRAM START TIME: 05-25-2025 19:24:07
BRACKEN SUMMARY (Kraken report: ../zymobiomics_folder/results/runs/run_2505_2018/reports/ZC3_S6.k2report)
    >>> Threshold: 0 
    >>> Number of species in sample: 75 
	  >> Number of species with reads > threshold: 75 
	  >> Number of species with reads < threshold: 0 
    >>> Total reads in sample: 273941
	  >> Total reads kept at species level (reads > threshold): 14266
	  >> Total reads discarded (species reads < threshold): 0
	  >> Reads distributed: 24119
	  >> Reads not distributed (eg. no species above threshold): 6
	  >> Unclassified reads: 235550
BRACKEN OUTPUT PRODUCED: ../zymobiomics_folder/processed_data/metagenomic/bracken/ZC3_S6.bracken
PROGRAM END TIME: 05-25-2025 19:24:07
  Bracken complete.
✅  Abundance estimated.

Generating Krona visualization...
Writing ../zymobiomics_folder/results/runs/run_2505_2018/krona/ZC3_S6.krona.html...
✅  Krona plot generated.

Processing sample: ZC4_S7

Removing human reads with Bowtie2...
bowtie2 -x "../data/bowtie_index/GRCh38_noalt_as/GRCh38_noalt_as" -p 8 -q --end-to-end --very-sensitive --no-mixed --no-discordant 	                -1 "../zymobiomics_folder/processed_data/trimmed/paired/ZC4_S7_R1_paired.fastq.gz" -2 "../zymobiomics_folder/processed_data/trimmed/paired/ZC4_S7_R2_paired.fastq.gz" 	                --un-conc "../zymobiomics_folder/processed_data/metagenomic/filtered_fastq/ZC4_S7_metagenomic" -S "../zymobiomics_folder/processed_data/human/aligned_sam/ZC4_S7_human.sam" 2>&1
238875 reads; of these:
  238875 (100.00%) were paired; of these:
    238874 (100.00%) aligned concordantly 0 times
    0 (0.00%) aligned concordantly exactly 1 time
    1 (0.00%) aligned concordantly >1 times
0.00% overall alignment rate
✅  Host reads removed.

Classifying metagenomic reads with Kraken2...
kraken2 --db "../data/databases/k2_standard_16gb_20250402" --threads 8 --report "../zymobiomics_folder/results/runs/run_2505_2018/reports/ZC4_S7.k2report" 		--report-minimizer-data --paired --minimum-hit-groups 10 		--classified-out "../zymobiomics_folder/processed_data/metagenomic/classified/ZC4_S7_classified#.fastq" --unclassified-out "../zymobiomics_folder/processed_data/metagenomic/unclassified/ZC4_S7_unclassified#.fastq" 		--output "../zymobiomics_folder/processed_data/metagenomic/kraken2/ZC4_S7.kraken2" --use-names "../zymobiomics_folder/processed_data/metagenomic/filtered_fastq/ZC4_S7_metagenomic.1" "../zymobiomics_folder/processed_data/metagenomic/filtered_fastq/ZC4_S7_metagenomic.2" 2>&1
Loading database information... done.
238874 sequences (35.00 Mbp) processed in 0.586s (24466.0 Kseq/m, 3585.03 Mbp/m).
  28746 sequences classified (12.03%)
  210128 sequences unclassified (87.97%)
✅  Classification complete.

Estimating species abundance with Bracken...
 >> Checking for Valid Options...
 >> Running Bracken 
      >> python src/est_abundance.py -i ../zymobiomics_folder/results/runs/run_2505_2018/reports/ZC4_S7.k2report -o ../zymobiomics_folder/processed_data/metagenomic/bracken/ZC4_S7.bracken -k ../data/databases/k2_standard_16gb_20250402/database100mers.kmer_distrib -l S -t 0
>> Checking report file: ../zymobiomics_folder/results/runs/run_2505_2018/reports/ZC4_S7.k2report
PROGRAM START TIME: 05-25-2025 19:24:23
BRACKEN SUMMARY (Kraken report: ../zymobiomics_folder/results/runs/run_2505_2018/reports/ZC4_S7.k2report)
    >>> Threshold: 0 
    >>> Number of species in sample: 57 
	  >> Number of species with reads > threshold: 57 
	  >> Number of species with reads < threshold: 0 
    >>> Total reads in sample: 238874
	  >> Total reads kept at species level (reads > threshold): 10714
	  >> Total reads discarded (species reads < threshold): 0
	  >> Reads distributed: 18025
	  >> Reads not distributed (eg. no species above threshold): 7
	  >> Unclassified reads: 210128
BRACKEN OUTPUT PRODUCED: ../zymobiomics_folder/processed_data/metagenomic/bracken/ZC4_S7.bracken
PROGRAM END TIME: 05-25-2025 19:24:23
  Bracken complete.
✅  Abundance estimated.

Generating Krona visualization...
Writing ../zymobiomics_folder/results/runs/run_2505_2018/krona/ZC4_S7.krona.html...
✅  Krona plot generated.

Processing sample: ZP1_S20

Removing human reads with Bowtie2...
bowtie2 -x "../data/bowtie_index/GRCh38_noalt_as/GRCh38_noalt_as" -p 8 -q --end-to-end --very-sensitive --no-mixed --no-discordant 	                -1 "../zymobiomics_folder/processed_data/trimmed/paired/ZP1_S20_R1_paired.fastq.gz" -2 "../zymobiomics_folder/processed_data/trimmed/paired/ZP1_S20_R2_paired.fastq.gz" 	                --un-conc "../zymobiomics_folder/processed_data/metagenomic/filtered_fastq/ZP1_S20_metagenomic" -S "../zymobiomics_folder/processed_data/human/aligned_sam/ZP1_S20_human.sam" 2>&1
299533 reads; of these:
  299533 (100.00%) were paired; of these:
    299531 (100.00%) aligned concordantly 0 times
    0 (0.00%) aligned concordantly exactly 1 time
    2 (0.00%) aligned concordantly >1 times
0.00% overall alignment rate
✅  Host reads removed.

Classifying metagenomic reads with Kraken2...
kraken2 --db "../data/databases/k2_standard_16gb_20250402" --threads 8 --report "../zymobiomics_folder/results/runs/run_2505_2018/reports/ZP1_S20.k2report" 		--report-minimizer-data --paired --minimum-hit-groups 10 		--classified-out "../zymobiomics_folder/processed_data/metagenomic/classified/ZP1_S20_classified#.fastq" --unclassified-out "../zymobiomics_folder/processed_data/metagenomic/unclassified/ZP1_S20_unclassified#.fastq" 		--output "../zymobiomics_folder/processed_data/metagenomic/kraken2/ZP1_S20.kraken2" --use-names "../zymobiomics_folder/processed_data/metagenomic/filtered_fastq/ZP1_S20_metagenomic.1" "../zymobiomics_folder/processed_data/metagenomic/filtered_fastq/ZP1_S20_metagenomic.2" 2>&1
Loading database information... done.
299531 sequences (46.78 Mbp) processed in 0.697s (25768.9 Kseq/m, 4024.89 Mbp/m).
  43352 sequences classified (14.47%)
  256179 sequences unclassified (85.53%)
✅  Classification complete.

Estimating species abundance with Bracken...
 >> Checking for Valid Options...
 >> Running Bracken 
      >> python src/est_abundance.py -i ../zymobiomics_folder/results/runs/run_2505_2018/reports/ZP1_S20.k2report -o ../zymobiomics_folder/processed_data/metagenomic/bracken/ZP1_S20.bracken -k ../data/databases/k2_standard_16gb_20250402/database100mers.kmer_distrib -l S -t 0
>> Checking report file: ../zymobiomics_folder/results/runs/run_2505_2018/reports/ZP1_S20.k2report
PROGRAM START TIME: 05-25-2025 19:24:41
BRACKEN SUMMARY (Kraken report: ../zymobiomics_folder/results/runs/run_2505_2018/reports/ZP1_S20.k2report)
    >>> Threshold: 0 
    >>> Number of species in sample: 78 
	  >> Number of species with reads > threshold: 78 
	  >> Number of species with reads < threshold: 0 
    >>> Total reads in sample: 299531
	  >> Total reads kept at species level (reads > threshold): 15337
	  >> Total reads discarded (species reads < threshold): 0
	  >> Reads distributed: 28012
	  >> Reads not distributed (eg. no species above threshold): 3
	  >> Unclassified reads: 256179
BRACKEN OUTPUT PRODUCED: ../zymobiomics_folder/processed_data/metagenomic/bracken/ZP1_S20.bracken
PROGRAM END TIME: 05-25-2025 19:24:42
  Bracken complete.
✅  Abundance estimated.

Generating Krona visualization...
Writing ../zymobiomics_folder/results/runs/run_2505_2018/krona/ZP1_S20.krona.html...
✅  Krona plot generated.

Processing sample: ZP2_S21

Removing human reads with Bowtie2...
bowtie2 -x "../data/bowtie_index/GRCh38_noalt_as/GRCh38_noalt_as" -p 8 -q --end-to-end --very-sensitive --no-mixed --no-discordant 	                -1 "../zymobiomics_folder/processed_data/trimmed/paired/ZP2_S21_R1_paired.fastq.gz" -2 "../zymobiomics_folder/processed_data/trimmed/paired/ZP2_S21_R2_paired.fastq.gz" 	                --un-conc "../zymobiomics_folder/processed_data/metagenomic/filtered_fastq/ZP2_S21_metagenomic" -S "../zymobiomics_folder/processed_data/human/aligned_sam/ZP2_S21_human.sam" 2>&1
293443 reads; of these:
  293443 (100.00%) were paired; of these:
    293442 (100.00%) aligned concordantly 0 times
    0 (0.00%) aligned concordantly exactly 1 time
    1 (0.00%) aligned concordantly >1 times
0.00% overall alignment rate
✅  Host reads removed.

Classifying metagenomic reads with Kraken2...
kraken2 --db "../data/databases/k2_standard_16gb_20250402" --threads 8 --report "../zymobiomics_folder/results/runs/run_2505_2018/reports/ZP2_S21.k2report" 		--report-minimizer-data --paired --minimum-hit-groups 10 		--classified-out "../zymobiomics_folder/processed_data/metagenomic/classified/ZP2_S21_classified#.fastq" --unclassified-out "../zymobiomics_folder/processed_data/metagenomic/unclassified/ZP2_S21_unclassified#.fastq" 		--output "../zymobiomics_folder/processed_data/metagenomic/kraken2/ZP2_S21.kraken2" --use-names "../zymobiomics_folder/processed_data/metagenomic/filtered_fastq/ZP2_S21_metagenomic.1" "../zymobiomics_folder/processed_data/metagenomic/filtered_fastq/ZP2_S21_metagenomic.2" 2>&1
Loading database information... done.
293442 sequences (42.99 Mbp) processed in 0.695s (25334.9 Kseq/m, 3711.71 Mbp/m).
  34156 sequences classified (11.64%)
  259286 sequences unclassified (88.36%)
✅  Classification complete.

Estimating species abundance with Bracken...
 >> Checking for Valid Options...
 >> Running Bracken 
      >> python src/est_abundance.py -i ../zymobiomics_folder/results/runs/run_2505_2018/reports/ZP2_S21.k2report -o ../zymobiomics_folder/processed_data/metagenomic/bracken/ZP2_S21.bracken -k ../data/databases/k2_standard_16gb_20250402/database100mers.kmer_distrib -l S -t 0
>> Checking report file: ../zymobiomics_folder/results/runs/run_2505_2018/reports/ZP2_S21.k2report
PROGRAM START TIME: 05-25-2025 19:25:01
BRACKEN SUMMARY (Kraken report: ../zymobiomics_folder/results/runs/run_2505_2018/reports/ZP2_S21.k2report)
    >>> Threshold: 0 
    >>> Number of species in sample: 64 
	  >> Number of species with reads > threshold: 64 
	  >> Number of species with reads < threshold: 0 
    >>> Total reads in sample: 293442
	  >> Total reads kept at species level (reads > threshold): 12141
	  >> Total reads discarded (species reads < threshold): 0
	  >> Reads distributed: 22008
	  >> Reads not distributed (eg. no species above threshold): 7
	  >> Unclassified reads: 259286
BRACKEN OUTPUT PRODUCED: ../zymobiomics_folder/processed_data/metagenomic/bracken/ZP2_S21.bracken
PROGRAM END TIME: 05-25-2025 19:25:01
  Bracken complete.
✅  Abundance estimated.

Generating Krona visualization...
Writing ../zymobiomics_folder/results/runs/run_2505_2018/krona/ZP2_S21.krona.html...
✅  Krona plot generated.

Processing sample: ZP3_S22

Removing human reads with Bowtie2...
bowtie2 -x "../data/bowtie_index/GRCh38_noalt_as/GRCh38_noalt_as" -p 8 -q --end-to-end --very-sensitive --no-mixed --no-discordant 	                -1 "../zymobiomics_folder/processed_data/trimmed/paired/ZP3_S22_R1_paired.fastq.gz" -2 "../zymobiomics_folder/processed_data/trimmed/paired/ZP3_S22_R2_paired.fastq.gz" 	                --un-conc "../zymobiomics_folder/processed_data/metagenomic/filtered_fastq/ZP3_S22_metagenomic" -S "../zymobiomics_folder/processed_data/human/aligned_sam/ZP3_S22_human.sam" 2>&1
326857 reads; of these:
  326857 (100.00%) were paired; of these:
    326854 (100.00%) aligned concordantly 0 times
    2 (0.00%) aligned concordantly exactly 1 time
    1 (0.00%) aligned concordantly >1 times
0.00% overall alignment rate
✅  Host reads removed.

Classifying metagenomic reads with Kraken2...
kraken2 --db "../data/databases/k2_standard_16gb_20250402" --threads 8 --report "../zymobiomics_folder/results/runs/run_2505_2018/reports/ZP3_S22.k2report" 		--report-minimizer-data --paired --minimum-hit-groups 10 		--classified-out "../zymobiomics_folder/processed_data/metagenomic/classified/ZP3_S22_classified#.fastq" --unclassified-out "../zymobiomics_folder/processed_data/metagenomic/unclassified/ZP3_S22_unclassified#.fastq" 		--output "../zymobiomics_folder/processed_data/metagenomic/kraken2/ZP3_S22.kraken2" --use-names "../zymobiomics_folder/processed_data/metagenomic/filtered_fastq/ZP3_S22_metagenomic.1" "../zymobiomics_folder/processed_data/metagenomic/filtered_fastq/ZP3_S22_metagenomic.2" 2>&1
Loading database information... done.
326854 sequences (47.05 Mbp) processed in 0.749s (26184.0 Kseq/m, 3768.99 Mbp/m).
  36798 sequences classified (11.26%)
  290056 sequences unclassified (88.74%)
✅  Classification complete.

Estimating species abundance with Bracken...
 >> Checking for Valid Options...
 >> Running Bracken 
      >> python src/est_abundance.py -i ../zymobiomics_folder/results/runs/run_2505_2018/reports/ZP3_S22.k2report -o ../zymobiomics_folder/processed_data/metagenomic/bracken/ZP3_S22.bracken -k ../data/databases/k2_standard_16gb_20250402/database100mers.kmer_distrib -l S -t 0
>> Checking report file: ../zymobiomics_folder/results/runs/run_2505_2018/reports/ZP3_S22.k2report
PROGRAM START TIME: 05-25-2025 19:25:21
BRACKEN SUMMARY (Kraken report: ../zymobiomics_folder/results/runs/run_2505_2018/reports/ZP3_S22.k2report)
    >>> Threshold: 0 
    >>> Number of species in sample: 71 
	  >> Number of species with reads > threshold: 71 
	  >> Number of species with reads < threshold: 0 
    >>> Total reads in sample: 326854
	  >> Total reads kept at species level (reads > threshold): 12976
	  >> Total reads discarded (species reads < threshold): 0
	  >> Reads distributed: 23819
	  >> Reads not distributed (eg. no species above threshold): 3
	  >> Unclassified reads: 290056
BRACKEN OUTPUT PRODUCED: ../zymobiomics_folder/processed_data/metagenomic/bracken/ZP3_S22.bracken
PROGRAM END TIME: 05-25-2025 19:25:21
  Bracken complete.
✅  Abundance estimated.

Generating Krona visualization...
Writing ../zymobiomics_folder/results/runs/run_2505_2018/krona/ZP3_S22.krona.html...
✅  Krona plot generated.

Metagenomic classification completed in: 00:03:16

Calculating read length statistics...
ZC1_S4_metagenomic.1: mean = 90.3, median = 78.0
ZC2_S5_metagenomic.1: mean = 71.7, median = 63.0
ZC3_S6_metagenomic.1: mean = 78.4, median = 67.0
ZC4_S7_metagenomic.1: mean = 73.4, median = 62.0
ZP1_S20_metagenomic.1: mean = 78.2, median = 69.0
ZP2_S21_metagenomic.1: mean = 73.4, median = 64.0
ZP3_S22_metagenomic.1: mean = 72.0, median = 62.0
ZC1_S4_metagenomic.2: mean = 89.5, median = 78.0
ZC2_S5_metagenomic.2: mean = 71.7, median = 63.0
ZC3_S6_metagenomic.2: mean = 78.1, median = 67.0
ZC4_S7_metagenomic.2: mean = 73.2, median = 62.0
ZP1_S20_metagenomic.2: mean = 78.0, median = 69.0
ZP2_S21_metagenomic.2: mean = 73.1, median = 64.0
ZP3_S22_metagenomic.2: mean = 72.0, median = 63.0
ZC1_S4_classified_1.fastq: mean = 146.6, median = 143.0
ZC1_S4_classified_2.fastq: mean = 143.9, median = 142.0
ZC2_S5_classified_1.fastq: mean = 127.2, median = 122.0
ZC2_S5_classified_2.fastq: mean = 126.4, median = 122.0
ZC3_S6_classified_1.fastq: mean = 137.6, median = 133.0
ZC3_S6_classified_2.fastq: mean = 136.1, median = 132.0
ZC4_S7_classified_1.fastq: mean = 137.6, median = 132.0
ZC4_S7_classified_2.fastq: mean = 135.7, median = 131.0
ZP1_S20_classified_1.fastq: mean = 131.5, median = 126.0
ZP1_S20_classified_2.fastq: mean = 130.6, median = 126.0
ZP2_S21_classified_1.fastq: mean = 129.3, median = 124.0
ZP2_S21_classified_2.fastq: mean = 128.2, median = 124.0
ZP3_S22_classified_1.fastq: mean = 128.6, median = 123.0
ZP3_S22_classified_2.fastq: mean = 127.9, median = 123.0
ZC1_S4_unclassified_1.fastq: mean = 74.5, median = 67.0
ZC1_S4_unclassified_2.fastq: mean = 74.3, median = 67.0
ZC2_S5_unclassified_1.fastq: mean = 65.2, median = 59.0
ZC2_S5_unclassified_2.fastq: mean = 65.2, median = 59.0
ZC3_S6_unclassified_1.fastq: mean = 68.7, median = 61.0
ZC3_S6_unclassified_2.fastq: mean = 68.7, median = 62.0
ZC4_S7_unclassified_1.fastq: mean = 64.6, median = 57.0
ZC4_S7_unclassified_2.fastq: mean = 64.6, median = 58.0
ZP1_S20_unclassified_1.fastq: mean = 69.2, median = 63.0
ZP1_S20_unclassified_2.fastq: mean = 69.1, median = 63.0
ZP2_S21_unclassified_1.fastq: mean = 66.0, median = 60.0
ZP2_S21_unclassified_2.fastq: mean = 65.9, median = 60.0
ZP3_S22_unclassified_1.fastq: mean = 64.8, median = 59.0
ZP3_S22_unclassified_2.fastq: mean = 64.9, median = 59.0
✅ Statistics generated.

Combining Bracken reports...
✅ Bracken reports combined.

Copying SLURM job logs...
✅ SLURM job logs copied.

================================================= COMPARISON TO GROUND TRUTH =================================================

================================================= METAGENOMIC DIVERSITY ANALYSIS =================================================
Calculating alpha and beta diversity...
✅ Alpha diversity calculated.
✅ Beta diversity heatmap generated.
✅  Diversity analysis completed successfully.

====================================================== HUMAN DNA ANALYSIS ======================================================

Processing host reads from sample: ZC1_S4_human
✅ BAM sorted.
✅ BAM indexed.
✅ BED created.

Processing host reads from sample: ZC2_S5_human
✅ BAM sorted.
✅ BAM indexed.
✅ BED created.

Processing host reads from sample: ZC3_S6_human
✅ BAM sorted.
✅ BAM indexed.
✅ BED created.

Processing host reads from sample: ZC4_S7_human
✅ BAM sorted.
✅ BAM indexed.
✅ BED created.

Processing host reads from sample: ZP1_S20_human
✅ BAM sorted.
✅ BAM indexed.
✅ BED created.

Processing host reads from sample: ZP2_S21_human
✅ BAM sorted.
✅ BAM indexed.
✅ BED created.

Processing host reads from sample: ZP3_S22_human
✅ BAM sorted.
✅ BAM indexed.
✅ BED created.

=============================================== KARYOTYPE ================================================
Finding overlapping regions across samples...
✅ Overlapping regions saved.
Generating karyotype plot...
null device 
          1 
✅ Karyotype plot generated.
✅ Filtered common intervals saved.

================================================== BLAST ==================================================

Extracting sequences for BLAST query...
✅ Sequences saved to BLAST query.
✅ Duplicate sequences removed.
✅ 15 random sequences selected.
Running BLAST search...
✅ BLAST completed.
Get all ranks and their taxIDs
Align taxonomy hierarchies...
Taxonomy alignment done!
Calculate distance matrix
Add node labels
✅ Taxonomy tree generated.

=========================================== JACCARD SIMILARITY ===========================================
Generating Jaccard similarity heatmap...
✅ Jaccard analysis complete.
✅  Host DNA analysis completed successfully.

✅  Pipeline completed successfully.

Copying final SLURM job logs

====================================================== COMPARISON TO OTHER RUNS ======================================================
Skipping run_2305_1459 (already in summary)
Skipping run_2205_1603 (already in summary)
Skipping run_2105_1617 (already in summary)
Skipping run_2305_1611 (already in summary)
Skipping run_2105_1632 (already in summary)
Skipping run_2105_1640 (already in summary)
Skipping run_2305_1526 (already in summary)
Skipping run_2005_1744 (already in summary)
Skipping run_2205_1702 (already in summary)
Skipping run_2005_1658 (already in summary)
Skipping run_2205_1725 (already in summary)
Skipping run_2305_1511 (already in summary)
Skipping run_2105_1653 (already in summary)
Skipping run_2205_1556 (already in summary)
Skipping run_2005_1730 (already in summary)
Skipping run_2305_1505 (already in summary)
Skipping run_2205_1718 (already in summary)
Skipping run_2105_1722 (already in summary)
Skipping run_2205_1708 (already in summary)
Skipping run_2305_1444 (already in summary)
Skipping run_2005_1655 (already in summary)
Skipping run_2005_1637 (already in summary)
Skipping run_2105_1713 (already in summary)
Skipping run_2305_1437 (already in summary)
Skipping run_2105_1708 (already in summary)
Skipping run_2305_1550 (already in summary)
Skipping run_2205_1648 (already in summary)
Skipping run_2205_1608 (already in summary)
Skipping run_2105_1700 (already in summary)
Skipping run_2305_1536 (already in summary)
Skipping run_2305_1554 (already in summary)
Skipping run_2005_1706 (already in summary)
python: can't open file '/cephfs/volumes/hpc_data_usr/k24087895/8bae1efe-9269-480e-9bb9-de76b8bdc9e7/final_project/scripts/../scripts/helper_scripts/evaluation_metrics.py': [Errno 2] No such file or directory
❌ Evaluation metrics generation failed!
