
================================================= ARGUMENT PARSING & VALIDATION =================================================

⚠️  Trimming and host DNA removal are optional but must be done once; if skipped, ensure trimmed and filtered files exist in the correct directories.\n
===== Pipeline Configuration Summary =====
Raw FASTQ directory path: /scratch/prj/aef_forensic_metagenomics/exposure_folder/raw_data
Kraken2/Bracken Database: /scratch/prj/aef_forensic_metagenomics/data/databases/k2_housepets_250510
Ground Truth: Not provided ❌
Quality Control & Trimming: Disabled ❌
Host DNA Removal: Disabled ❌

================================================= CONDA ENVIRONMENT ACTIVATION ==================================================

✅ 'metagenomics' environment activated successfully.

====================================================== PROJECT STRUCTURE ======================================================

/scratch/prj/aef_forensic_metagenomics/exposure_folder
├── processed_data
│   ├── human
│   │   ├── aligned_sam
│   │   ├── bed_files
│   │   └── sorted_bam
│   ├── metagenomic
│   │   ├── bracken
│   │   ├── classified
│   │   ├── filtered_fastq
│   │   ├── kraken2
│   │   └── unclassified
│   └── trimmed
│       ├── paired
│       └── unpaired
├── raw_data
└── results
    ├── fastqc
    │   ├── post_trimming
    │   └── pre_trimming
    ├── host_dna_analysis
    └── runs
        ├── run_1506_1837
        ├── run_1506_1852
        ├── run_1506_1902
        ├── run_1506_1911
        ├── run_1506_1920
        ├── run_1506_1929
        ├── run_1506_1937
        ├── run_1506_1947
        ├── run_1506_1956
        ├── run_1506_2004
        └── run_1506_2012

32 directories
Human DNA-related files (SAM, BAM, and BED) in the 'human' directory are created once per sub-project and remain unchanged across runs.
Intermediate metagenomic files in the 'metagenomic' directory are overwritten with each run and should be inspected beforehand if desired.
Results are stored in the 'results' directory (including FastQC, host DNA analysis, and run-specific results like Kraken2 and Bracken).

================================================= METAGENOMIC ABUNDANCE ESTIMATION =================================================
⚠️  This step assumes reads have already been trimmed with Trimmomatic and host DNA removed with Bowtie2. Processed reads must be in the correct directory.

Processing sample: D1RP_S9

Classifying metagenomic reads with Kraken2...
kraken2 --db "/scratch/prj/aef_forensic_metagenomics/data/databases/k2_housepets_250510" --threads 8 --report "/scratch/prj/aef_forensic_metagenomics/exposure_folder/results/runs/run_1506_2012/reports/D1RP_S9.k2report" 		--report-minimizer-data --paired --minimum-hit-groups 2 		--classified-out "/scratch/prj/aef_forensic_metagenomics/exposure_folder/processed_data/metagenomic/classified/D1RP_S9_classified#.fastq" --unclassified-out "/scratch/prj/aef_forensic_metagenomics/exposure_folder/processed_data/metagenomic/unclassified/D1RP_S9_unclassified#.fastq" 		--output "/scratch/prj/aef_forensic_metagenomics/exposure_folder/processed_data/metagenomic/kraken2/D1RP_S9.kraken2" --use-names "/scratch/prj/aef_forensic_metagenomics/exposure_folder/processed_data/metagenomic/filtered_fastq/D1RP_S9_metagenomic.1" "/scratch/prj/aef_forensic_metagenomics/exposure_folder/processed_data/metagenomic/filtered_fastq/D1RP_S9_metagenomic.2" 2>&1
Loading database information... done.
124006 sequences (32.63 Mbp) processed in 0.525s (14165.4 Kseq/m, 3727.51 Mbp/m).
  696 sequences classified (0.56%)
  123310 sequences unclassified (99.44%)
✅  Classification complete.

Estimating species abundance with Bracken...
 >> Checking for Valid Options...
 >> Running Bracken 
      >> python src/est_abundance.py -i /scratch/prj/aef_forensic_metagenomics/exposure_folder/results/runs/run_1506_2012/reports/D1RP_S9.k2report -o /scratch/prj/aef_forensic_metagenomics/exposure_folder/processed_data/metagenomic/bracken/D1RP_S9.bracken -k /scratch/prj/aef_forensic_metagenomics/data/databases/k2_housepets_250510/database100mers.kmer_distrib -l S -t 40
>> Checking report file: /scratch/prj/aef_forensic_metagenomics/exposure_folder/results/runs/run_1506_2012/reports/D1RP_S9.k2report
PROGRAM START TIME: 06-15-2025 19:12:19
BRACKEN SUMMARY (Kraken report: /scratch/prj/aef_forensic_metagenomics/exposure_folder/results/runs/run_1506_2012/reports/D1RP_S9.k2report)
    >>> Threshold: 40 
    >>> Number of species in sample: 11 
	  >> Number of species with reads > threshold: 3 
	  >> Number of species with reads < threshold: 8 
    >>> Total reads in sample: 124006
	  >> Total reads kept at species level (reads > threshold): 282
	  >> Total reads discarded (species reads < threshold): 82
	  >> Reads distributed: 331
	  >> Reads not distributed (eg. no species above threshold): 1
	  >> Unclassified reads: 123310
BRACKEN OUTPUT PRODUCED: /scratch/prj/aef_forensic_metagenomics/exposure_folder/processed_data/metagenomic/bracken/D1RP_S9.bracken
PROGRAM END TIME: 06-15-2025 19:12:19
  Bracken complete.
✅  Abundance estimated.

Generating Krona visualization...
Writing /scratch/prj/aef_forensic_metagenomics/exposure_folder/results/runs/run_1506_2012/krona/D1RP_S9.krona.html...
✅  Krona plot generated.

Processing sample: D1SG_S1

Classifying metagenomic reads with Kraken2...
kraken2 --db "/scratch/prj/aef_forensic_metagenomics/data/databases/k2_housepets_250510" --threads 8 --report "/scratch/prj/aef_forensic_metagenomics/exposure_folder/results/runs/run_1506_2012/reports/D1SG_S1.k2report" 		--report-minimizer-data --paired --minimum-hit-groups 2 		--classified-out "/scratch/prj/aef_forensic_metagenomics/exposure_folder/processed_data/metagenomic/classified/D1SG_S1_classified#.fastq" --unclassified-out "/scratch/prj/aef_forensic_metagenomics/exposure_folder/processed_data/metagenomic/unclassified/D1SG_S1_unclassified#.fastq" 		--output "/scratch/prj/aef_forensic_metagenomics/exposure_folder/processed_data/metagenomic/kraken2/D1SG_S1.kraken2" --use-names "/scratch/prj/aef_forensic_metagenomics/exposure_folder/processed_data/metagenomic/filtered_fastq/D1SG_S1_metagenomic.1" "/scratch/prj/aef_forensic_metagenomics/exposure_folder/processed_data/metagenomic/filtered_fastq/D1SG_S1_metagenomic.2" 2>&1
Loading database information... done.
155364 sequences (39.82 Mbp) processed in 0.607s (15360.9 Kseq/m, 3936.79 Mbp/m).
  2436 sequences classified (1.57%)
  152928 sequences unclassified (98.43%)
✅  Classification complete.

Estimating species abundance with Bracken...
 >> Checking for Valid Options...
 >> Running Bracken 
      >> python src/est_abundance.py -i /scratch/prj/aef_forensic_metagenomics/exposure_folder/results/runs/run_1506_2012/reports/D1SG_S1.k2report -o /scratch/prj/aef_forensic_metagenomics/exposure_folder/processed_data/metagenomic/bracken/D1SG_S1.bracken -k /scratch/prj/aef_forensic_metagenomics/data/databases/k2_housepets_250510/database100mers.kmer_distrib -l S -t 40
>> Checking report file: /scratch/prj/aef_forensic_metagenomics/exposure_folder/results/runs/run_1506_2012/reports/D1SG_S1.k2report
PROGRAM START TIME: 06-15-2025 19:12:29
BRACKEN SUMMARY (Kraken report: /scratch/prj/aef_forensic_metagenomics/exposure_folder/results/runs/run_1506_2012/reports/D1SG_S1.k2report)
    >>> Threshold: 40 
    >>> Number of species in sample: 11 
	  >> Number of species with reads > threshold: 10 
	  >> Number of species with reads < threshold: 1 
    >>> Total reads in sample: 155364
	  >> Total reads kept at species level (reads > threshold): 1877
	  >> Total reads discarded (species reads < threshold): 25
	  >> Reads distributed: 534
	  >> Reads not distributed (eg. no species above threshold): 0
	  >> Unclassified reads: 152928
BRACKEN OUTPUT PRODUCED: /scratch/prj/aef_forensic_metagenomics/exposure_folder/processed_data/metagenomic/bracken/D1SG_S1.bracken
PROGRAM END TIME: 06-15-2025 19:12:29
  Bracken complete.
✅  Abundance estimated.

Generating Krona visualization...
Writing /scratch/prj/aef_forensic_metagenomics/exposure_folder/results/runs/run_1506_2012/krona/D1SG_S1.krona.html...
✅  Krona plot generated.

Processing sample: D2RP_S10

Classifying metagenomic reads with Kraken2...
kraken2 --db "/scratch/prj/aef_forensic_metagenomics/data/databases/k2_housepets_250510" --threads 8 --report "/scratch/prj/aef_forensic_metagenomics/exposure_folder/results/runs/run_1506_2012/reports/D2RP_S10.k2report" 		--report-minimizer-data --paired --minimum-hit-groups 2 		--classified-out "/scratch/prj/aef_forensic_metagenomics/exposure_folder/processed_data/metagenomic/classified/D2RP_S10_classified#.fastq" --unclassified-out "/scratch/prj/aef_forensic_metagenomics/exposure_folder/processed_data/metagenomic/unclassified/D2RP_S10_unclassified#.fastq" 		--output "/scratch/prj/aef_forensic_metagenomics/exposure_folder/processed_data/metagenomic/kraken2/D2RP_S10.kraken2" --use-names "/scratch/prj/aef_forensic_metagenomics/exposure_folder/processed_data/metagenomic/filtered_fastq/D2RP_S10_metagenomic.1" "/scratch/prj/aef_forensic_metagenomics/exposure_folder/processed_data/metagenomic/filtered_fastq/D2RP_S10_metagenomic.2" 2>&1
Loading database information... done.
122720 sequences (31.55 Mbp) processed in 0.490s (15023.5 Kseq/m, 3861.95 Mbp/m).
  2310 sequences classified (1.88%)
  120410 sequences unclassified (98.12%)
✅  Classification complete.

Estimating species abundance with Bracken...
 >> Checking for Valid Options...
 >> Running Bracken 
      >> python src/est_abundance.py -i /scratch/prj/aef_forensic_metagenomics/exposure_folder/results/runs/run_1506_2012/reports/D2RP_S10.k2report -o /scratch/prj/aef_forensic_metagenomics/exposure_folder/processed_data/metagenomic/bracken/D2RP_S10.bracken -k /scratch/prj/aef_forensic_metagenomics/data/databases/k2_housepets_250510/database100mers.kmer_distrib -l S -t 40
>> Checking report file: /scratch/prj/aef_forensic_metagenomics/exposure_folder/results/runs/run_1506_2012/reports/D2RP_S10.k2report
PROGRAM START TIME: 06-15-2025 19:12:38
BRACKEN SUMMARY (Kraken report: /scratch/prj/aef_forensic_metagenomics/exposure_folder/results/runs/run_1506_2012/reports/D2RP_S10.k2report)
    >>> Threshold: 40 
    >>> Number of species in sample: 10 
	  >> Number of species with reads > threshold: 7 
	  >> Number of species with reads < threshold: 3 
    >>> Total reads in sample: 122720
	  >> Total reads kept at species level (reads > threshold): 1932
	  >> Total reads discarded (species reads < threshold): 62
	  >> Reads distributed: 314
	  >> Reads not distributed (eg. no species above threshold): 2
	  >> Unclassified reads: 120410
BRACKEN OUTPUT PRODUCED: /scratch/prj/aef_forensic_metagenomics/exposure_folder/processed_data/metagenomic/bracken/D2RP_S10.bracken
PROGRAM END TIME: 06-15-2025 19:12:38
  Bracken complete.
✅  Abundance estimated.

Generating Krona visualization...
Writing /scratch/prj/aef_forensic_metagenomics/exposure_folder/results/runs/run_1506_2012/krona/D2RP_S10.krona.html...
✅  Krona plot generated.

Processing sample: D2SG_S2

Classifying metagenomic reads with Kraken2...
kraken2 --db "/scratch/prj/aef_forensic_metagenomics/data/databases/k2_housepets_250510" --threads 8 --report "/scratch/prj/aef_forensic_metagenomics/exposure_folder/results/runs/run_1506_2012/reports/D2SG_S2.k2report" 		--report-minimizer-data --paired --minimum-hit-groups 2 		--classified-out "/scratch/prj/aef_forensic_metagenomics/exposure_folder/processed_data/metagenomic/classified/D2SG_S2_classified#.fastq" --unclassified-out "/scratch/prj/aef_forensic_metagenomics/exposure_folder/processed_data/metagenomic/unclassified/D2SG_S2_unclassified#.fastq" 		--output "/scratch/prj/aef_forensic_metagenomics/exposure_folder/processed_data/metagenomic/kraken2/D2SG_S2.kraken2" --use-names "/scratch/prj/aef_forensic_metagenomics/exposure_folder/processed_data/metagenomic/filtered_fastq/D2SG_S2_metagenomic.1" "/scratch/prj/aef_forensic_metagenomics/exposure_folder/processed_data/metagenomic/filtered_fastq/D2SG_S2_metagenomic.2" 2>&1
Loading database information... done.
27649 sequences (6.00 Mbp) processed in 0.199s (8330.7 Kseq/m, 1807.59 Mbp/m).
  3278 sequences classified (11.86%)
  24371 sequences unclassified (88.14%)
✅  Classification complete.

Estimating species abundance with Bracken...
 >> Checking for Valid Options...
 >> Running Bracken 
      >> python src/est_abundance.py -i /scratch/prj/aef_forensic_metagenomics/exposure_folder/results/runs/run_1506_2012/reports/D2SG_S2.k2report -o /scratch/prj/aef_forensic_metagenomics/exposure_folder/processed_data/metagenomic/bracken/D2SG_S2.bracken -k /scratch/prj/aef_forensic_metagenomics/data/databases/k2_housepets_250510/database100mers.kmer_distrib -l S -t 40
>> Checking report file: /scratch/prj/aef_forensic_metagenomics/exposure_folder/results/runs/run_1506_2012/reports/D2SG_S2.k2report
PROGRAM START TIME: 06-15-2025 19:12:48
BRACKEN SUMMARY (Kraken report: /scratch/prj/aef_forensic_metagenomics/exposure_folder/results/runs/run_1506_2012/reports/D2SG_S2.k2report)
    >>> Threshold: 40 
    >>> Number of species in sample: 11 
	  >> Number of species with reads > threshold: 10 
	  >> Number of species with reads < threshold: 1 
    >>> Total reads in sample: 27649
	  >> Total reads kept at species level (reads > threshold): 2282
	  >> Total reads discarded (species reads < threshold): 13
	  >> Reads distributed: 983
	  >> Reads not distributed (eg. no species above threshold): 0
	  >> Unclassified reads: 24371
BRACKEN OUTPUT PRODUCED: /scratch/prj/aef_forensic_metagenomics/exposure_folder/processed_data/metagenomic/bracken/D2SG_S2.bracken
PROGRAM END TIME: 06-15-2025 19:12:48
  Bracken complete.
✅  Abundance estimated.

Generating Krona visualization...
Writing /scratch/prj/aef_forensic_metagenomics/exposure_folder/results/runs/run_1506_2012/krona/D2SG_S2.krona.html...
✅  Krona plot generated.

Processing sample: L1RP_S13

Classifying metagenomic reads with Kraken2...
kraken2 --db "/scratch/prj/aef_forensic_metagenomics/data/databases/k2_housepets_250510" --threads 8 --report "/scratch/prj/aef_forensic_metagenomics/exposure_folder/results/runs/run_1506_2012/reports/L1RP_S13.k2report" 		--report-minimizer-data --paired --minimum-hit-groups 2 		--classified-out "/scratch/prj/aef_forensic_metagenomics/exposure_folder/processed_data/metagenomic/classified/L1RP_S13_classified#.fastq" --unclassified-out "/scratch/prj/aef_forensic_metagenomics/exposure_folder/processed_data/metagenomic/unclassified/L1RP_S13_unclassified#.fastq" 		--output "/scratch/prj/aef_forensic_metagenomics/exposure_folder/processed_data/metagenomic/kraken2/L1RP_S13.kraken2" --use-names "/scratch/prj/aef_forensic_metagenomics/exposure_folder/processed_data/metagenomic/filtered_fastq/L1RP_S13_metagenomic.1" "/scratch/prj/aef_forensic_metagenomics/exposure_folder/processed_data/metagenomic/filtered_fastq/L1RP_S13_metagenomic.2" 2>&1
Loading database information... done.
164179 sequences (42.32 Mbp) processed in 0.761s (12949.1 Kseq/m, 3338.00 Mbp/m).
  310 sequences classified (0.19%)
  163869 sequences unclassified (99.81%)
✅  Classification complete.

Estimating species abundance with Bracken...
 >> Checking for Valid Options...
 >> Running Bracken 
      >> python src/est_abundance.py -i /scratch/prj/aef_forensic_metagenomics/exposure_folder/results/runs/run_1506_2012/reports/L1RP_S13.k2report -o /scratch/prj/aef_forensic_metagenomics/exposure_folder/processed_data/metagenomic/bracken/L1RP_S13.bracken -k /scratch/prj/aef_forensic_metagenomics/data/databases/k2_housepets_250510/database100mers.kmer_distrib -l S -t 40
>> Checking report file: /scratch/prj/aef_forensic_metagenomics/exposure_folder/results/runs/run_1506_2012/reports/L1RP_S13.k2report
PROGRAM START TIME: 06-15-2025 19:12:57
BRACKEN SUMMARY (Kraken report: /scratch/prj/aef_forensic_metagenomics/exposure_folder/results/runs/run_1506_2012/reports/L1RP_S13.k2report)
    >>> Threshold: 40 
    >>> Number of species in sample: 10 
	  >> Number of species with reads > threshold: 1 
	  >> Number of species with reads < threshold: 9 
    >>> Total reads in sample: 164179
	  >> Total reads kept at species level (reads > threshold): 200
	  >> Total reads discarded (species reads < threshold): 81
	  >> Reads distributed: 28
	  >> Reads not distributed (eg. no species above threshold): 1
	  >> Unclassified reads: 163869
BRACKEN OUTPUT PRODUCED: /scratch/prj/aef_forensic_metagenomics/exposure_folder/processed_data/metagenomic/bracken/L1RP_S13.bracken
PROGRAM END TIME: 06-15-2025 19:12:57
  Bracken complete.
✅  Abundance estimated.

Generating Krona visualization...
Writing /scratch/prj/aef_forensic_metagenomics/exposure_folder/results/runs/run_1506_2012/krona/L1RP_S13.krona.html...
✅  Krona plot generated.

Processing sample: L1SG_S5

Classifying metagenomic reads with Kraken2...
kraken2 --db "/scratch/prj/aef_forensic_metagenomics/data/databases/k2_housepets_250510" --threads 8 --report "/scratch/prj/aef_forensic_metagenomics/exposure_folder/results/runs/run_1506_2012/reports/L1SG_S5.k2report" 		--report-minimizer-data --paired --minimum-hit-groups 2 		--classified-out "/scratch/prj/aef_forensic_metagenomics/exposure_folder/processed_data/metagenomic/classified/L1SG_S5_classified#.fastq" --unclassified-out "/scratch/prj/aef_forensic_metagenomics/exposure_folder/processed_data/metagenomic/unclassified/L1SG_S5_unclassified#.fastq" 		--output "/scratch/prj/aef_forensic_metagenomics/exposure_folder/processed_data/metagenomic/kraken2/L1SG_S5.kraken2" --use-names "/scratch/prj/aef_forensic_metagenomics/exposure_folder/processed_data/metagenomic/filtered_fastq/L1SG_S5_metagenomic.1" "/scratch/prj/aef_forensic_metagenomics/exposure_folder/processed_data/metagenomic/filtered_fastq/L1SG_S5_metagenomic.2" 2>&1
Loading database information... done.
46411 sequences (11.17 Mbp) processed in 0.313s (8906.8 Kseq/m, 2143.00 Mbp/m).
  487 sequences classified (1.05%)
  45924 sequences unclassified (98.95%)
✅  Classification complete.

Estimating species abundance with Bracken...
 >> Checking for Valid Options...
 >> Running Bracken 
      >> python src/est_abundance.py -i /scratch/prj/aef_forensic_metagenomics/exposure_folder/results/runs/run_1506_2012/reports/L1SG_S5.k2report -o /scratch/prj/aef_forensic_metagenomics/exposure_folder/processed_data/metagenomic/bracken/L1SG_S5.bracken -k /scratch/prj/aef_forensic_metagenomics/data/databases/k2_housepets_250510/database100mers.kmer_distrib -l S -t 40
>> Checking report file: /scratch/prj/aef_forensic_metagenomics/exposure_folder/results/runs/run_1506_2012/reports/L1SG_S5.k2report
PROGRAM START TIME: 06-15-2025 19:13:07
BRACKEN SUMMARY (Kraken report: /scratch/prj/aef_forensic_metagenomics/exposure_folder/results/runs/run_1506_2012/reports/L1SG_S5.k2report)
    >>> Threshold: 40 
    >>> Number of species in sample: 11 
	  >> Number of species with reads > threshold: 5 
	  >> Number of species with reads < threshold: 6 
    >>> Total reads in sample: 46411
	  >> Total reads kept at species level (reads > threshold): 275
	  >> Total reads discarded (species reads < threshold): 155
	  >> Reads distributed: 51
	  >> Reads not distributed (eg. no species above threshold): 6
	  >> Unclassified reads: 45924
BRACKEN OUTPUT PRODUCED: /scratch/prj/aef_forensic_metagenomics/exposure_folder/processed_data/metagenomic/bracken/L1SG_S5.bracken
PROGRAM END TIME: 06-15-2025 19:13:07
  Bracken complete.
✅  Abundance estimated.

Generating Krona visualization...
Writing /scratch/prj/aef_forensic_metagenomics/exposure_folder/results/runs/run_1506_2012/krona/L1SG_S5.krona.html...
✅  Krona plot generated.

Processing sample: L2RP_S14

Classifying metagenomic reads with Kraken2...
kraken2 --db "/scratch/prj/aef_forensic_metagenomics/data/databases/k2_housepets_250510" --threads 8 --report "/scratch/prj/aef_forensic_metagenomics/exposure_folder/results/runs/run_1506_2012/reports/L2RP_S14.k2report" 		--report-minimizer-data --paired --minimum-hit-groups 2 		--classified-out "/scratch/prj/aef_forensic_metagenomics/exposure_folder/processed_data/metagenomic/classified/L2RP_S14_classified#.fastq" --unclassified-out "/scratch/prj/aef_forensic_metagenomics/exposure_folder/processed_data/metagenomic/unclassified/L2RP_S14_unclassified#.fastq" 		--output "/scratch/prj/aef_forensic_metagenomics/exposure_folder/processed_data/metagenomic/kraken2/L2RP_S14.kraken2" --use-names "/scratch/prj/aef_forensic_metagenomics/exposure_folder/processed_data/metagenomic/filtered_fastq/L2RP_S14_metagenomic.1" "/scratch/prj/aef_forensic_metagenomics/exposure_folder/processed_data/metagenomic/filtered_fastq/L2RP_S14_metagenomic.2" 2>&1
Loading database information... done.
129193 sequences (30.26 Mbp) processed in 0.564s (13742.1 Kseq/m, 3219.16 Mbp/m).
  79 sequences classified (0.06%)
  129114 sequences unclassified (99.94%)
✅  Classification complete.

Estimating species abundance with Bracken...
 >> Checking for Valid Options...
 >> Running Bracken 
      >> python src/est_abundance.py -i /scratch/prj/aef_forensic_metagenomics/exposure_folder/results/runs/run_1506_2012/reports/L2RP_S14.k2report -o /scratch/prj/aef_forensic_metagenomics/exposure_folder/processed_data/metagenomic/bracken/L2RP_S14.bracken -k /scratch/prj/aef_forensic_metagenomics/data/databases/k2_housepets_250510/database100mers.kmer_distrib -l S -t 40
>> Checking report file: /scratch/prj/aef_forensic_metagenomics/exposure_folder/results/runs/run_1506_2012/reports/L2RP_S14.k2report
Error: no reads found. Please check your Kraken report
PROGRAM START TIME: 06-15-2025 19:13:16
