
================================================= ARGUMENT PARSING & VALIDATION =================================================

Raw FASTQ directory path: ../fragmentation_folder/raw_data/
âš ï¸ Warning: No Bowtie2 index provided. Using default: ../data/bowtie_index/GRCh38_noalt_as/GRCh38_noalt_as
âœ… Trimming enabled.
Quality Control & Trimming: Enabled âœ…
âš ï¸ Optional, but must be done at least once on the raw reads for the pipeline to work.

Host DNA Removal: Enabled âœ…
Bowtie2 Index Prefix: ../data/bowtie_index/GRCh38_noalt_as/GRCh38_noalt_as
âš ï¸ Optional, but must be done at least once on the trimmed reads for the pipeline to work.

Kraken2/Bracken Database: ../data/databases/k2_standard_16gb_20241228

================================================= CONDA ENVIRONMENT ACTIVATION ==================================================

âœ… 'metagenomics' environment activated successfully.

====================================================== PROJECT STRUCTURE ======================================================

../fragmentation_folder
â”œâ”€â”€ processed_data
â”‚Â Â  â”œâ”€â”€ human
â”‚Â Â  â”‚Â Â  â”œâ”€â”€ aligned_sam
â”‚Â Â  â”‚Â Â  â”œâ”€â”€ bed_files
â”‚Â Â  â”‚Â Â  â””â”€â”€ sorted_bam
â”‚Â Â  â”œâ”€â”€ metagenomic
â”‚Â Â  â”‚Â Â  â”œâ”€â”€ bracken
â”‚Â Â  â”‚Â Â  â”œâ”€â”€ classified
â”‚Â Â  â”‚Â Â  â”œâ”€â”€ filtered_fastq
â”‚Â Â  â”‚Â Â  â”œâ”€â”€ kraken2
â”‚Â Â  â”‚Â Â  â””â”€â”€ unclassified
â”‚Â Â  â””â”€â”€ trimmed
â”‚Â Â      â”œâ”€â”€ paired
â”‚Â Â      â””â”€â”€ unpaired
â”œâ”€â”€ raw_data
â””â”€â”€ results
    â”œâ”€â”€ fastqc
    â”‚Â Â  â”œâ”€â”€ post_trimming
    â”‚Â Â  â””â”€â”€ pre_trimming
    â”œâ”€â”€ host_dna_analysis
    â””â”€â”€ runs
        â””â”€â”€ run_0205_1415

22 directories
Human DNA-related files (SAM, BAM, and BED) in the 'human' directory are created once per sub-project and remain unchanged across runs.
Intermediate metagenomic files in the 'metagenomic' directory are overwritten with each run and should be inspected beforehand if desired.
Results are stored in the 'results' directory (including FastQC, host DNA analysis, and run-specific results like Kraken2 and Bracken).

=================================================== QUALITY CONTROL & TRIMMING ===================================================


Running FastQC on all raw reads...
application/gzip
application/gzip
application/gzip
application/gzip
application/gzip
application/gzip
application/gzip
application/gzip
Analysis complete for DE3_S7_L001_R1_001.fastq.gz
Analysis complete for DE3_S7_L001_R2_001.fastq.gz
Analysis complete for DE4_S8_L001_R1_001.fastq.gz
Analysis complete for DE4_S8_L001_R2_001.fastq.gz
Analysis complete for DT3_S15_L001_R1_001.fastq.gz
Analysis complete for DT3_S15_L001_R2_001.fastq.gz
Analysis complete for DT4_S16_L001_R1_001.fastq.gz
Analysis complete for DT4_S16_L001_R2_001.fastq.gz
âœ… FastQC completed successfully.

/// MultiQC ðŸ” v1.28

       file_search | Search path: /cephfs/volumes/hpc_data_usr/k24087895/8bae1efe-9269-480e-9bb9-de76b8bdc9e7/final_project/fragmentation_folder/results/fastqc/pre_trimming

            fastqc | Found 8 reports

     write_results | Data        : None
     write_results | Report      : /cephfs/volumes/hpc_data_usr/k24087895/8bae1efe-9269-480e-9bb9-de76b8bdc9e7/final_project/fragmentation_folder/results/fastqc/pre_trimming/multiqc_report.html
           multiqc | MultiQC complete
âœ… MultiQC report generated successfully.

Running Trimmomatic...
TrimmomaticPE: Started with arguments:
 -phred33 -threads 4 ../fragmentation_folder/raw_data//DE3_S7_L001_R1_001.fastq.gz ../fragmentation_folder/raw_data//DE3_S7_L001_R2_001.fastq.gz ../fragmentation_folder/raw_data//../processed_data/trimmed/paired/DE3_S7_R1_paired.fastq.gz ../fragmentation_folder/raw_data//../processed_data/trimmed/unpaired/DE3_S7_R1_unpaired.fastq.gz ../fragmentation_folder/raw_data//../processed_data/trimmed/paired/DE3_S7_R2_paired.fastq.gz ../fragmentation_folder/raw_data//../processed_data/trimmed/unpaired/DE3_S7_R2_unpaired.fastq.gz ILLUMINACLIP:/scratch/users/k24087895/final_project/data/adapters/TruSeq3-PE-2.fa:2:30:10:8:true HEADCROP:5 LEADING:5 CROP:240 SLIDINGWINDOW:4:15 TRAILING:10 MINLEN:35
Using PrefixPair: 'TACACTCTTTCCCTACACGACGCTCTTCCGATCT' and 'GTGACTGGAGTTCAGACGTGTGCTCTTCCGATCT'
Using Long Clipping Sequence: 'AGATCGGAAGAGCGTCGTGTAGGGAAAGAGTGTA'
Using Long Clipping Sequence: 'AGATCGGAAGAGCACACGTCTGAACTCCAGTCAC'
Using Long Clipping Sequence: 'GTGACTGGAGTTCAGACGTGTGCTCTTCCGATCT'
Using Long Clipping Sequence: 'TACACTCTTTCCCTACACGACGCTCTTCCGATCT'
ILLUMINACLIP: Using 1 prefix pairs, 4 forward/reverse sequences, 0 forward only sequences, 0 reverse only sequences
Input Read Pairs: 177721 Both Surviving: 162544 (91.46%) Forward Only Surviving: 2101 (1.18%) Reverse Only Surviving: 296 (0.17%) Dropped: 12780 (7.19%)
TrimmomaticPE: Completed successfully
âœ… Trimmed DE3_S7!

TrimmomaticPE: Started with arguments:
 -phred33 -threads 4 ../fragmentation_folder/raw_data//DE4_S8_L001_R1_001.fastq.gz ../fragmentation_folder/raw_data//DE4_S8_L001_R2_001.fastq.gz ../fragmentation_folder/raw_data//../processed_data/trimmed/paired/DE4_S8_R1_paired.fastq.gz ../fragmentation_folder/raw_data//../processed_data/trimmed/unpaired/DE4_S8_R1_unpaired.fastq.gz ../fragmentation_folder/raw_data//../processed_data/trimmed/paired/DE4_S8_R2_paired.fastq.gz ../fragmentation_folder/raw_data//../processed_data/trimmed/unpaired/DE4_S8_R2_unpaired.fastq.gz ILLUMINACLIP:/scratch/users/k24087895/final_project/data/adapters/TruSeq3-PE-2.fa:2:30:10:8:true HEADCROP:5 LEADING:5 CROP:240 SLIDINGWINDOW:4:15 TRAILING:10 MINLEN:35
Using PrefixPair: 'TACACTCTTTCCCTACACGACGCTCTTCCGATCT' and 'GTGACTGGAGTTCAGACGTGTGCTCTTCCGATCT'
Using Long Clipping Sequence: 'AGATCGGAAGAGCGTCGTGTAGGGAAAGAGTGTA'
Using Long Clipping Sequence: 'AGATCGGAAGAGCACACGTCTGAACTCCAGTCAC'
Using Long Clipping Sequence: 'GTGACTGGAGTTCAGACGTGTGCTCTTCCGATCT'
Using Long Clipping Sequence: 'TACACTCTTTCCCTACACGACGCTCTTCCGATCT'
ILLUMINACLIP: Using 1 prefix pairs, 4 forward/reverse sequences, 0 forward only sequences, 0 reverse only sequences
Input Read Pairs: 197168 Both Surviving: 180751 (91.67%) Forward Only Surviving: 2173 (1.10%) Reverse Only Surviving: 309 (0.16%) Dropped: 13935 (7.07%)
TrimmomaticPE: Completed successfully
âœ… Trimmed DE4_S8!

TrimmomaticPE: Started with arguments:
 -phred33 -threads 4 ../fragmentation_folder/raw_data//DT3_S15_L001_R1_001.fastq.gz ../fragmentation_folder/raw_data//DT3_S15_L001_R2_001.fastq.gz ../fragmentation_folder/raw_data//../processed_data/trimmed/paired/DT3_S15_R1_paired.fastq.gz ../fragmentation_folder/raw_data//../processed_data/trimmed/unpaired/DT3_S15_R1_unpaired.fastq.gz ../fragmentation_folder/raw_data//../processed_data/trimmed/paired/DT3_S15_R2_paired.fastq.gz ../fragmentation_folder/raw_data//../processed_data/trimmed/unpaired/DT3_S15_R2_unpaired.fastq.gz ILLUMINACLIP:/scratch/users/k24087895/final_project/data/adapters/TruSeq3-PE-2.fa:2:30:10:8:true HEADCROP:5 LEADING:5 CROP:240 SLIDINGWINDOW:4:15 TRAILING:10 MINLEN:35
Using PrefixPair: 'TACACTCTTTCCCTACACGACGCTCTTCCGATCT' and 'GTGACTGGAGTTCAGACGTGTGCTCTTCCGATCT'
Using Long Clipping Sequence: 'AGATCGGAAGAGCGTCGTGTAGGGAAAGAGTGTA'
Using Long Clipping Sequence: 'AGATCGGAAGAGCACACGTCTGAACTCCAGTCAC'
Using Long Clipping Sequence: 'GTGACTGGAGTTCAGACGTGTGCTCTTCCGATCT'
Using Long Clipping Sequence: 'TACACTCTTTCCCTACACGACGCTCTTCCGATCT'
ILLUMINACLIP: Using 1 prefix pairs, 4 forward/reverse sequences, 0 forward only sequences, 0 reverse only sequences
Input Read Pairs: 251157 Both Surviving: 222225 (88.48%) Forward Only Surviving: 2130 (0.85%) Reverse Only Surviving: 419 (0.17%) Dropped: 26383 (10.50%)
TrimmomaticPE: Completed successfully
âœ… Trimmed DT3_S15!

TrimmomaticPE: Started with arguments:
 -phred33 -threads 4 ../fragmentation_folder/raw_data//DT4_S16_L001_R1_001.fastq.gz ../fragmentation_folder/raw_data//DT4_S16_L001_R2_001.fastq.gz ../fragmentation_folder/raw_data//../processed_data/trimmed/paired/DT4_S16_R1_paired.fastq.gz ../fragmentation_folder/raw_data//../processed_data/trimmed/unpaired/DT4_S16_R1_unpaired.fastq.gz ../fragmentation_folder/raw_data//../processed_data/trimmed/paired/DT4_S16_R2_paired.fastq.gz ../fragmentation_folder/raw_data//../processed_data/trimmed/unpaired/DT4_S16_R2_unpaired.fastq.gz ILLUMINACLIP:/scratch/users/k24087895/final_project/data/adapters/TruSeq3-PE-2.fa:2:30:10:8:true HEADCROP:5 LEADING:5 CROP:240 SLIDINGWINDOW:4:15 TRAILING:10 MINLEN:35
Using PrefixPair: 'TACACTCTTTCCCTACACGACGCTCTTCCGATCT' and 'GTGACTGGAGTTCAGACGTGTGCTCTTCCGATCT'
Using Long Clipping Sequence: 'AGATCGGAAGAGCGTCGTGTAGGGAAAGAGTGTA'
Using Long Clipping Sequence: 'AGATCGGAAGAGCACACGTCTGAACTCCAGTCAC'
Using Long Clipping Sequence: 'GTGACTGGAGTTCAGACGTGTGCTCTTCCGATCT'
Using Long Clipping Sequence: 'TACACTCTTTCCCTACACGACGCTCTTCCGATCT'
ILLUMINACLIP: Using 1 prefix pairs, 4 forward/reverse sequences, 0 forward only sequences, 0 reverse only sequences
Input Read Pairs: 226494 Both Surviving: 202464 (89.39%) Forward Only Surviving: 2175 (0.96%) Reverse Only Surviving: 394 (0.17%) Dropped: 21461 (9.48%)
TrimmomaticPE: Completed successfully
âœ… Trimmed DT4_S16!


Running FastQC on paired trimmed reads...
âœ… FastQC completed successfully.

/// MultiQC ðŸ” v1.28

       file_search | Search path: /cephfs/volumes/hpc_data_usr/k24087895/8bae1efe-9269-480e-9bb9-de76b8bdc9e7/final_project/fragmentation_folder/results/fastqc/post_trimming

            fastqc | Found 8 reports
            violin | Tried to make table/violin plot, but had no data. pconfig: {'namespace': 'FastQC', 'id': 'fastqc_top_overrepresented_sequences_table', 'title': 'FastQC: Top overrepresented sequences', 'col1_header': 'Overrepresented sequence', 'sort_rows': False}

     write_results | Data        : None
     write_results | Report      : /cephfs/volumes/hpc_data_usr/k24087895/8bae1efe-9269-480e-9bb9-de76b8bdc9e7/final_project/fragmentation_folder/results/fastqc/post_trimming/multiqc_report.html
           multiqc | MultiQC complete
âœ… MultiQC report generated successfully.

âœ… All processing steps completed successfully.
âœ… QC and trimming completed successfully.

================================================= METAGENOMIC ABUNDANCE ESTIMATION =================================================
âš ï¸ This step assumes reads have already been trimmed with Trimmomatic and host DNA removed with Bowtie2. Processed reads must be in the correct directory.

Processing sample: DE3_S7

Removing human reads with Bowtie2...
bowtie2 -x "../data/bowtie_index/GRCh38_noalt_as/GRCh38_noalt_as" -p 8 -q --end-to-end --very-sensitive --no-mixed --no-discordant 	-1 "../fragmentation_folder/processed_data/trimmed/paired/DE3_S7_R1_paired.fastq.gz" -2 "../fragmentation_folder/processed_data/trimmed/paired/DE3_S7_R2_paired.fastq.gz" 	--un-conc "../fragmentation_folder/processed_data/metagenomic/filtered_fastq/DE3_S7_metagenomic" -S "../fragmentation_folder/processed_data/human/aligned_sam/DE3_S7_human.sam" 2>&1
162544 reads; of these:
  162544 (100.00%) were paired; of these:
    162543 (100.00%) aligned concordantly 0 times
    0 (0.00%) aligned concordantly exactly 1 time
    1 (0.00%) aligned concordantly >1 times
0.00% overall alignment rate
âœ… Host reads removed and filtered reads compressed.

Classifying metagenomic reads with Kraken2...
kraken2 --d "../data/databases/k2_standard_16gb_20241228" --threads 8 --report "../fragmentation_folder/results/runs/run_0205_1415/reports/DE3_S7.k2report"                --report-minimizer-data --paired --minimum-hit-groups 2 --gzip-compressed                --classified-out "../fragmentation_folder/processed_data/metagenomic/classified/DE3_S7_classified#.fastq" --unclassified-out "../fragmentation_folder/processed_data/metagenomic/unclassified/DE3_S7_unclassified#.fastq"                "../fragmentation_folder/processed_data/metagenomic/filtered_fastq/DE3_S7_metagenomic.1.gz" "../fragmentation_folder/processed_data/metagenomic/filtered_fastq/DE3_S7_metagenomic.2.gz"                --output "../fragmentation_folder/processed_data/metagenomic/kraken2/DE3_S7.kraken2" --use-names 2>&1
Loading database information... done.
162543 sequences (43.70 Mbp) processed in 1.236s (7892.5 Kseq/m, 2122.09 Mbp/m).
  139113 sequences classified (85.59%)
  23430 sequences unclassified (14.41%)
double free or corruption (!prev)
