
================================================= ARGUMENT PARSING & VALIDATION =================================================

Raw FASTQ directory path: ../zymobiomics_folder/raw_data/
⚠️ Warning: No Bowtie2 index provided. Using default: ../data/bowtie_index/GRCh38_noalt_as/GRCh38_noalt_as
✅ Trimming enabled.
Quality Control & Trimming: Enabled ✅
⚠️ Optional, but must be done at least once on the raw reads for the pipeline to work.

Host DNA Removal: Enabled ✅
Bowtie2 Index Prefix: ../data/bowtie_index/GRCh38_noalt_as/GRCh38_noalt_as
⚠️ Optional, but must be done at least once on the trimmed reads for the pipeline to work.

Kraken2/Bracken Database: ../data/databases/k2_standard_16gb_20241228

================================================= CONDA ENVIRONMENT ACTIVATION ==================================================

✅ 'metagenomics' environment activated successfully.

====================================================== PROJECT STRUCTURE ======================================================

../zymobiomics_folder
├── processed_data
│   ├── human
│   │   ├── aligned_sam
│   │   ├── bed_files
│   │   └── sorted_bam
│   ├── metagenomic
│   │   ├── bracken
│   │   ├── classified
│   │   ├── filtered_fastq
│   │   ├── kraken2
│   │   └── unclassified
│   └── trimmed
│       ├── paired
│       └── unpaired
├── raw_data
└── results
    ├── fastqc
    │   ├── post_trimming
    │   └── pre_trimming
    ├── host_dna_analysis
    └── runs
        ├── run_0105_1307
        ├── run_0105_2054
        ├── run_0105_2222
        ├── run_0204_1555
        ├── run_0204_1559
        ├── run_0204_1603
        ├── run_0204_1606
        ├── run_0204_1610
        ├── run_0204_1625
        ├── run_0204_1642
        ├── run_0204_1653
        ├── run_0205_1018
        ├── run_0304_1738
        ├── run_0504_0954
        ├── run_0504_0959
        ├── run_0504_2014
        ├── run_0504_2054
        ├── run_0504_2327
        ├── run_0504_2332
        ├── run_0504_2344
        ├── run_0504_2353
        ├── run_0604_2043
        ├── run_0604_2101
        ├── run_0604_2112
        ├── run_2603_1200
        ├── run_2603_1216
        ├── run_2603_1225
        ├── run_2603_1231
        ├── run_2603_1236
        └── run_2603_1257

51 directories
Human DNA-related files (SAM, BAM, and BED) in the 'human' directory are created once per sub-project and remain unchanged across runs.
Intermediate metagenomic files in the 'metagenomic' directory are overwritten with each run and should be inspected beforehand if desired.
Results are stored in the 'results' directory (including FastQC, host DNA analysis, and run-specific results like Kraken2 and Bracken).

=================================================== QUALITY CONTROL & TRIMMING ===================================================


Running FastQC on all raw reads...
application/gzip
application/gzip
application/gzip
application/gzip
application/gzip
application/gzip
application/gzip
application/gzip
application/gzip
application/gzip
application/gzip
application/gzip
application/gzip
application/gzip
Analysis complete for ZC1_S4_L001_R1_001.fastq.gz
Analysis complete for ZC1_S4_L001_R2_001.fastq.gz
Analysis complete for ZC2_S5_L001_R1_001.fastq.gz
Analysis complete for ZC2_S5_L001_R2_001.fastq.gz
Analysis complete for ZC3_S6_L001_R1_001.fastq.gz
Analysis complete for ZC3_S6_L001_R2_001.fastq.gz
Analysis complete for ZC4_S7_L001_R1_001.fastq.gz
Analysis complete for ZC4_S7_L001_R2_001.fastq.gz
Analysis complete for ZP1_S20_L001_R1_001.fastq.gz
Analysis complete for ZP1_S20_L001_R2_001.fastq.gz
Analysis complete for ZP2_S21_L001_R1_001.fastq.gz
Analysis complete for ZP2_S21_L001_R2_001.fastq.gz
Analysis complete for ZP3_S22_L001_R1_001.fastq.gz
Analysis complete for ZP3_S22_L001_R2_001.fastq.gz
✅ FastQC completed successfully.
