
================================================= ARGUMENT PARSING & VALIDATION =================================================

Raw FASTQ directory path: ../exposure_folder/raw_data/
âœ… Database set to: ../data/databases/custom
âš ï¸ Warning: No Bowtie2 index provided. Using default: ../data/bowtie_index/GRCh38_noalt_as/GRCh38_noalt_as
âœ… Trimming enabled.
Quality Control & Trimming: Enabled âœ…
âš ï¸ Optional, but must be done at least once on the raw reads for the pipeline to work.

Host DNA Removal: Enabled âœ…
Bowtie2 Index Prefix: ../data/bowtie_index/GRCh38_noalt_as/GRCh38_noalt_as
âš ï¸ Optional, but must be done at least once on the trimmed reads for the pipeline to work.

Kraken2/Bracken Database: ../data/databases/custom

================================================= CONDA ENVIRONMENT ACTIVATION ==================================================

âœ… 'metagenomics' environment activated successfully.

====================================================== PROJECT STRUCTURE ======================================================

../exposure_folder
â”œâ”€â”€ processed_data
â”‚Â Â  â”œâ”€â”€ human
â”‚Â Â  â”‚Â Â  â”œâ”€â”€ aligned_sam
â”‚Â Â  â”‚Â Â  â”œâ”€â”€ bed_files
â”‚Â Â  â”‚Â Â  â””â”€â”€ sorted_bam
â”‚Â Â  â”œâ”€â”€ metagenomic
â”‚Â Â  â”‚Â Â  â”œâ”€â”€ bracken
â”‚Â Â  â”‚Â Â  â”œâ”€â”€ classified
â”‚Â Â  â”‚Â Â  â”œâ”€â”€ filtered_fastq
â”‚Â Â  â”‚Â Â  â”œâ”€â”€ kraken2
â”‚Â Â  â”‚Â Â  â””â”€â”€ unclassified
â”‚Â Â  â””â”€â”€ trimmed
â”‚Â Â      â”œâ”€â”€ paired
â”‚Â Â      â””â”€â”€ unpaired
â”œâ”€â”€ raw_data
â””â”€â”€ results
    â”œâ”€â”€ fastqc
    â”‚Â Â  â”œâ”€â”€ post_trimming
    â”‚Â Â  â””â”€â”€ pre_trimming
    â”œâ”€â”€ host_dna_analysis
    â””â”€â”€ runs
        â”œâ”€â”€ run_0105_1433
        â”œâ”€â”€ run_0105_1504
        â”œâ”€â”€ run_0105_1520
        â”œâ”€â”€ run_0105_1521
        â”œâ”€â”€ run_0105_1531
        â”œâ”€â”€ run_0105_1558
        â””â”€â”€ run_0105_1629

28 directories
Human DNA-related files (SAM, BAM, and BED) in the 'human' directory are created once per sub-project and remain unchanged across runs.
Intermediate metagenomic files in the 'metagenomic' directory are overwritten with each run and should be inspected beforehand if desired.
Results are stored in the 'results' directory (including FastQC, host DNA analysis, and run-specific results like Kraken2 and Bracken).

=================================================== QUALITY CONTROL & TRIMMING ===================================================


Running FastQC on all raw reads...
application/gzip
application/gzip
application/gzip
application/gzip
application/gzip
application/gzip
application/gzip
application/gzip
application/gzip
application/gzip
application/gzip
application/gzip
application/gzip
application/gzip
application/gzip
application/gzip
application/gzip
application/gzip
application/gzip
application/gzip
application/gzip
application/gzip
application/gzip
application/gzip
application/gzip
application/gzip
application/gzip
application/gzip
application/gzip
application/gzip
application/gzip
application/gzip
Analysis complete for D1RP_S9_L001_R1_001.fastq.gz
Analysis complete for D1RP_S9_L001_R2_001.fastq.gz
Analysis complete for D1SG_S1_L001_R1_001.fastq.gz
Analysis complete for D1SG_S1_L001_R2_001.fastq.gz
Analysis complete for D2RP_S10_L001_R1_001.fastq.gz
Analysis complete for D2RP_S10_L001_R2_001.fastq.gz
Analysis complete for D2SG_S2_L001_R1_001.fastq.gz
Analysis complete for D2SG_S2_L001_R2_001.fastq.gz
Analysis complete for DE3_S7_L001_R1_001.fastq.gz
Analysis complete for DE3_S7_L001_R2_001.fastq.gz
Analysis complete for DE4_S8_L001_R1_001.fastq.gz
Analysis complete for DE4_S8_L001_R2_001.fastq.gz
Analysis complete for DT3_S15_L001_R1_001.fastq.gz
Analysis complete for DT3_S15_L001_R2_001.fastq.gz
Analysis complete for DT4_S16_L001_R1_001.fastq.gz
Analysis complete for DT4_S16_L001_R2_001.fastq.gz
Analysis complete for L1RP_S13_L001_R1_001.fastq.gz
Analysis complete for L1RP_S13_L001_R2_001.fastq.gz
Analysis complete for L1SG_S5_L001_R1_001.fastq.gz
Analysis complete for L1SG_S5_L001_R2_001.fastq.gz
Analysis complete for L2RP_S14_L001_R1_001.fastq.gz
Analysis complete for L2RP_S14_L001_R2_001.fastq.gz
Analysis complete for L2SG_S6_L001_R1_001.fastq.gz
Analysis complete for L2SG_S6_L001_R2_001.fastq.gz
Analysis complete for S1RP_S11_L001_R1_001.fastq.gz
Analysis complete for S1RP_S11_L001_R2_001.fastq.gz
Analysis complete for S1SG_S3_L001_R1_001.fastq.gz
Analysis complete for S1SG_S3_L001_R2_001.fastq.gz
Analysis complete for S2RP_S12_L001_R1_001.fastq.gz
Analysis complete for S2RP_S12_L001_R2_001.fastq.gz
Analysis complete for S2SG_S4_L001_R1_001.fastq.gz
Analysis complete for S2SG_S4_L001_R2_001.fastq.gz
âœ… FastQC completed successfully.

/// MultiQC ðŸ” v1.28

       file_search | Search path: /cephfs/volumes/hpc_data_usr/k24087895/8bae1efe-9269-480e-9bb9-de76b8bdc9e7/final_project/exposure_folder/results/fastqc/pre_trimming

            fastqc | Found 32 reports

     write_results | Data        : None
     write_results | Report      : /cephfs/volumes/hpc_data_usr/k24087895/8bae1efe-9269-480e-9bb9-de76b8bdc9e7/final_project/exposure_folder/results/fastqc/pre_trimming/multiqc_report.html   (overwritten)
           multiqc | MultiQC complete
âœ… MultiQC report generated successfully.

Running Trimmomatic...
TrimmomaticPE: Started with arguments:
 -phred33 -threads 4 ../exposure_folder/raw_data//D1RP_S9_L001_R1_001.fastq.gz ../exposure_folder/raw_data//D1RP_S9_L001_R2_001.fastq.gz ../exposure_folder/raw_data//../processed_data/trimmed/paired/D1RP_S9_R1_paired.fastq.gz ../exposure_folder/raw_data//../processed_data/trimmed/unpaired/D1RP_S9_R1_unpaired.fastq.gz ../exposure_folder/raw_data//../processed_data/trimmed/paired/D1RP_S9_R2_paired.fastq.gz ../exposure_folder/raw_data//../processed_data/trimmed/unpaired/D1RP_S9_R2_unpaired.fastq.gz ILLUMINACLIP:/scratch/users/k24087895/final_project/data/adapters/TruSeq3-PE-2.fa:2:30:10:8:true HEADCROP:5 LEADING:5 CROP:240 SLIDINGWINDOW:4:15 TRAILING:10 MINLEN:35
Using PrefixPair: 'TACACTCTTTCCCTACACGACGCTCTTCCGATCT' and 'GTGACTGGAGTTCAGACGTGTGCTCTTCCGATCT'
Using Long Clipping Sequence: 'AGATCGGAAGAGCGTCGTGTAGGGAAAGAGTGTA'
Using Long Clipping Sequence: 'AGATCGGAAGAGCACACGTCTGAACTCCAGTCAC'
Using Long Clipping Sequence: 'GTGACTGGAGTTCAGACGTGTGCTCTTCCGATCT'
Using Long Clipping Sequence: 'TACACTCTTTCCCTACACGACGCTCTTCCGATCT'
ILLUMINACLIP: Using 1 prefix pairs, 4 forward/reverse sequences, 0 forward only sequences, 0 reverse only sequences
Input Read Pairs: 140875 Both Surviving: 125352 (88.98%) Forward Only Surviving: 1938 (1.38%) Reverse Only Surviving: 237 (0.17%) Dropped: 13348 (9.48%)
TrimmomaticPE: Completed successfully
âœ… Trimmed D1RP_S9!

TrimmomaticPE: Started with arguments:
 -phred33 -threads 4 ../exposure_folder/raw_data//D1SG_S1_L001_R1_001.fastq.gz ../exposure_folder/raw_data//D1SG_S1_L001_R2_001.fastq.gz ../exposure_folder/raw_data//../processed_data/trimmed/paired/D1SG_S1_R1_paired.fastq.gz ../exposure_folder/raw_data//../processed_data/trimmed/unpaired/D1SG_S1_R1_unpaired.fastq.gz ../exposure_folder/raw_data//../processed_data/trimmed/paired/D1SG_S1_R2_paired.fastq.gz ../exposure_folder/raw_data//../processed_data/trimmed/unpaired/D1SG_S1_R2_unpaired.fastq.gz ILLUMINACLIP:/scratch/users/k24087895/final_project/data/adapters/TruSeq3-PE-2.fa:2:30:10:8:true HEADCROP:5 LEADING:5 CROP:240 SLIDINGWINDOW:4:15 TRAILING:10 MINLEN:35
Using PrefixPair: 'TACACTCTTTCCCTACACGACGCTCTTCCGATCT' and 'GTGACTGGAGTTCAGACGTGTGCTCTTCCGATCT'
Using Long Clipping Sequence: 'AGATCGGAAGAGCGTCGTGTAGGGAAAGAGTGTA'
Using Long Clipping Sequence: 'AGATCGGAAGAGCACACGTCTGAACTCCAGTCAC'
Using Long Clipping Sequence: 'GTGACTGGAGTTCAGACGTGTGCTCTTCCGATCT'
Using Long Clipping Sequence: 'TACACTCTTTCCCTACACGACGCTCTTCCGATCT'
ILLUMINACLIP: Using 1 prefix pairs, 4 forward/reverse sequences, 0 forward only sequences, 0 reverse only sequences
Input Read Pairs: 191061 Both Surviving: 157991 (82.69%) Forward Only Surviving: 1668 (0.87%) Reverse Only Surviving: 376 (0.20%) Dropped: 31026 (16.24%)
TrimmomaticPE: Completed successfully
âœ… Trimmed D1SG_S1!

TrimmomaticPE: Started with arguments:
 -phred33 -threads 4 ../exposure_folder/raw_data//D2RP_S10_L001_R1_001.fastq.gz ../exposure_folder/raw_data//D2RP_S10_L001_R2_001.fastq.gz ../exposure_folder/raw_data//../processed_data/trimmed/paired/D2RP_S10_R1_paired.fastq.gz ../exposure_folder/raw_data//../processed_data/trimmed/unpaired/D2RP_S10_R1_unpaired.fastq.gz ../exposure_folder/raw_data//../processed_data/trimmed/paired/D2RP_S10_R2_paired.fastq.gz ../exposure_folder/raw_data//../processed_data/trimmed/unpaired/D2RP_S10_R2_unpaired.fastq.gz ILLUMINACLIP:/scratch/users/k24087895/final_project/data/adapters/TruSeq3-PE-2.fa:2:30:10:8:true HEADCROP:5 LEADING:5 CROP:240 SLIDINGWINDOW:4:15 TRAILING:10 MINLEN:35
Using PrefixPair: 'TACACTCTTTCCCTACACGACGCTCTTCCGATCT' and 'GTGACTGGAGTTCAGACGTGTGCTCTTCCGATCT'
Using Long Clipping Sequence: 'AGATCGGAAGAGCGTCGTGTAGGGAAAGAGTGTA'
Using Long Clipping Sequence: 'AGATCGGAAGAGCACACGTCTGAACTCCAGTCAC'
Using Long Clipping Sequence: 'GTGACTGGAGTTCAGACGTGTGCTCTTCCGATCT'
Using Long Clipping Sequence: 'TACACTCTTTCCCTACACGACGCTCTTCCGATCT'
ILLUMINACLIP: Using 1 prefix pairs, 4 forward/reverse sequences, 0 forward only sequences, 0 reverse only sequences
Input Read Pairs: 146709 Both Surviving: 127020 (86.58%) Forward Only Surviving: 1821 (1.24%) Reverse Only Surviving: 234 (0.16%) Dropped: 17634 (12.02%)
TrimmomaticPE: Completed successfully
âœ… Trimmed D2RP_S10!

TrimmomaticPE: Started with arguments:
 -phred33 -threads 4 ../exposure_folder/raw_data//D2SG_S2_L001_R1_001.fastq.gz ../exposure_folder/raw_data//D2SG_S2_L001_R2_001.fastq.gz ../exposure_folder/raw_data//../processed_data/trimmed/paired/D2SG_S2_R1_paired.fastq.gz ../exposure_folder/raw_data//../processed_data/trimmed/unpaired/D2SG_S2_R1_unpaired.fastq.gz ../exposure_folder/raw_data//../processed_data/trimmed/paired/D2SG_S2_R2_paired.fastq.gz ../exposure_folder/raw_data//../processed_data/trimmed/unpaired/D2SG_S2_R2_unpaired.fastq.gz ILLUMINACLIP:/scratch/users/k24087895/final_project/data/adapters/TruSeq3-PE-2.fa:2:30:10:8:true HEADCROP:5 LEADING:5 CROP:240 SLIDINGWINDOW:4:15 TRAILING:10 MINLEN:35
Using PrefixPair: 'TACACTCTTTCCCTACACGACGCTCTTCCGATCT' and 'GTGACTGGAGTTCAGACGTGTGCTCTTCCGATCT'
Using Long Clipping Sequence: 'AGATCGGAAGAGCGTCGTGTAGGGAAAGAGTGTA'
Using Long Clipping Sequence: 'AGATCGGAAGAGCACACGTCTGAACTCCAGTCAC'
Using Long Clipping Sequence: 'GTGACTGGAGTTCAGACGTGTGCTCTTCCGATCT'
Using Long Clipping Sequence: 'TACACTCTTTCCCTACACGACGCTCTTCCGATCT'
ILLUMINACLIP: Using 1 prefix pairs, 4 forward/reverse sequences, 0 forward only sequences, 0 reverse only sequences
Input Read Pairs: 141535 Both Surviving: 32665 (23.08%) Forward Only Surviving: 570 (0.40%) Reverse Only Surviving: 781 (0.55%) Dropped: 107519 (75.97%)
TrimmomaticPE: Completed successfully
âœ… Trimmed D2SG_S2!

TrimmomaticPE: Started with arguments:
 -phred33 -threads 4 ../exposure_folder/raw_data//DE3_S7_L001_R1_001.fastq.gz ../exposure_folder/raw_data//DE3_S7_L001_R2_001.fastq.gz ../exposure_folder/raw_data//../processed_data/trimmed/paired/DE3_S7_R1_paired.fastq.gz ../exposure_folder/raw_data//../processed_data/trimmed/unpaired/DE3_S7_R1_unpaired.fastq.gz ../exposure_folder/raw_data//../processed_data/trimmed/paired/DE3_S7_R2_paired.fastq.gz ../exposure_folder/raw_data//../processed_data/trimmed/unpaired/DE3_S7_R2_unpaired.fastq.gz ILLUMINACLIP:/scratch/users/k24087895/final_project/data/adapters/TruSeq3-PE-2.fa:2:30:10:8:true HEADCROP:5 LEADING:5 CROP:240 SLIDINGWINDOW:4:15 TRAILING:10 MINLEN:35
Using PrefixPair: 'TACACTCTTTCCCTACACGACGCTCTTCCGATCT' and 'GTGACTGGAGTTCAGACGTGTGCTCTTCCGATCT'
Using Long Clipping Sequence: 'AGATCGGAAGAGCGTCGTGTAGGGAAAGAGTGTA'
Using Long Clipping Sequence: 'AGATCGGAAGAGCACACGTCTGAACTCCAGTCAC'
Using Long Clipping Sequence: 'GTGACTGGAGTTCAGACGTGTGCTCTTCCGATCT'
Using Long Clipping Sequence: 'TACACTCTTTCCCTACACGACGCTCTTCCGATCT'
ILLUMINACLIP: Using 1 prefix pairs, 4 forward/reverse sequences, 0 forward only sequences, 0 reverse only sequences
Input Read Pairs: 177721 Both Surviving: 162544 (91.46%) Forward Only Surviving: 2101 (1.18%) Reverse Only Surviving: 296 (0.17%) Dropped: 12780 (7.19%)
TrimmomaticPE: Completed successfully
âœ… Trimmed DE3_S7!

TrimmomaticPE: Started with arguments:
 -phred33 -threads 4 ../exposure_folder/raw_data//DE4_S8_L001_R1_001.fastq.gz ../exposure_folder/raw_data//DE4_S8_L001_R2_001.fastq.gz ../exposure_folder/raw_data//../processed_data/trimmed/paired/DE4_S8_R1_paired.fastq.gz ../exposure_folder/raw_data//../processed_data/trimmed/unpaired/DE4_S8_R1_unpaired.fastq.gz ../exposure_folder/raw_data//../processed_data/trimmed/paired/DE4_S8_R2_paired.fastq.gz ../exposure_folder/raw_data//../processed_data/trimmed/unpaired/DE4_S8_R2_unpaired.fastq.gz ILLUMINACLIP:/scratch/users/k24087895/final_project/data/adapters/TruSeq3-PE-2.fa:2:30:10:8:true HEADCROP:5 LEADING:5 CROP:240 SLIDINGWINDOW:4:15 TRAILING:10 MINLEN:35
Using PrefixPair: 'TACACTCTTTCCCTACACGACGCTCTTCCGATCT' and 'GTGACTGGAGTTCAGACGTGTGCTCTTCCGATCT'
Using Long Clipping Sequence: 'AGATCGGAAGAGCGTCGTGTAGGGAAAGAGTGTA'
Using Long Clipping Sequence: 'AGATCGGAAGAGCACACGTCTGAACTCCAGTCAC'
Using Long Clipping Sequence: 'GTGACTGGAGTTCAGACGTGTGCTCTTCCGATCT'
Using Long Clipping Sequence: 'TACACTCTTTCCCTACACGACGCTCTTCCGATCT'
ILLUMINACLIP: Using 1 prefix pairs, 4 forward/reverse sequences, 0 forward only sequences, 0 reverse only sequences
Input Read Pairs: 197168 Both Surviving: 180751 (91.67%) Forward Only Surviving: 2173 (1.10%) Reverse Only Surviving: 309 (0.16%) Dropped: 13935 (7.07%)
TrimmomaticPE: Completed successfully
âœ… Trimmed DE4_S8!

TrimmomaticPE: Started with arguments:
 -phred33 -threads 4 ../exposure_folder/raw_data//DT3_S15_L001_R1_001.fastq.gz ../exposure_folder/raw_data//DT3_S15_L001_R2_001.fastq.gz ../exposure_folder/raw_data//../processed_data/trimmed/paired/DT3_S15_R1_paired.fastq.gz ../exposure_folder/raw_data//../processed_data/trimmed/unpaired/DT3_S15_R1_unpaired.fastq.gz ../exposure_folder/raw_data//../processed_data/trimmed/paired/DT3_S15_R2_paired.fastq.gz ../exposure_folder/raw_data//../processed_data/trimmed/unpaired/DT3_S15_R2_unpaired.fastq.gz ILLUMINACLIP:/scratch/users/k24087895/final_project/data/adapters/TruSeq3-PE-2.fa:2:30:10:8:true HEADCROP:5 LEADING:5 CROP:240 SLIDINGWINDOW:4:15 TRAILING:10 MINLEN:35
Using PrefixPair: 'TACACTCTTTCCCTACACGACGCTCTTCCGATCT' and 'GTGACTGGAGTTCAGACGTGTGCTCTTCCGATCT'
Using Long Clipping Sequence: 'AGATCGGAAGAGCGTCGTGTAGGGAAAGAGTGTA'
Using Long Clipping Sequence: 'AGATCGGAAGAGCACACGTCTGAACTCCAGTCAC'
Using Long Clipping Sequence: 'GTGACTGGAGTTCAGACGTGTGCTCTTCCGATCT'
Using Long Clipping Sequence: 'TACACTCTTTCCCTACACGACGCTCTTCCGATCT'
ILLUMINACLIP: Using 1 prefix pairs, 4 forward/reverse sequences, 0 forward only sequences, 0 reverse only sequences
Input Read Pairs: 251157 Both Surviving: 222225 (88.48%) Forward Only Surviving: 2130 (0.85%) Reverse Only Surviving: 419 (0.17%) Dropped: 26383 (10.50%)
TrimmomaticPE: Completed successfully
âœ… Trimmed DT3_S15!

TrimmomaticPE: Started with arguments:
 -phred33 -threads 4 ../exposure_folder/raw_data//DT4_S16_L001_R1_001.fastq.gz ../exposure_folder/raw_data//DT4_S16_L001_R2_001.fastq.gz ../exposure_folder/raw_data//../processed_data/trimmed/paired/DT4_S16_R1_paired.fastq.gz ../exposure_folder/raw_data//../processed_data/trimmed/unpaired/DT4_S16_R1_unpaired.fastq.gz ../exposure_folder/raw_data//../processed_data/trimmed/paired/DT4_S16_R2_paired.fastq.gz ../exposure_folder/raw_data//../processed_data/trimmed/unpaired/DT4_S16_R2_unpaired.fastq.gz ILLUMINACLIP:/scratch/users/k24087895/final_project/data/adapters/TruSeq3-PE-2.fa:2:30:10:8:true HEADCROP:5 LEADING:5 CROP:240 SLIDINGWINDOW:4:15 TRAILING:10 MINLEN:35
Using PrefixPair: 'TACACTCTTTCCCTACACGACGCTCTTCCGATCT' and 'GTGACTGGAGTTCAGACGTGTGCTCTTCCGATCT'
Using Long Clipping Sequence: 'AGATCGGAAGAGCGTCGTGTAGGGAAAGAGTGTA'
Using Long Clipping Sequence: 'AGATCGGAAGAGCACACGTCTGAACTCCAGTCAC'
Using Long Clipping Sequence: 'GTGACTGGAGTTCAGACGTGTGCTCTTCCGATCT'
Using Long Clipping Sequence: 'TACACTCTTTCCCTACACGACGCTCTTCCGATCT'
ILLUMINACLIP: Using 1 prefix pairs, 4 forward/reverse sequences, 0 forward only sequences, 0 reverse only sequences
Input Read Pairs: 226494 Both Surviving: 202464 (89.39%) Forward Only Surviving: 2175 (0.96%) Reverse Only Surviving: 394 (0.17%) Dropped: 21461 (9.48%)
TrimmomaticPE: Completed successfully
âœ… Trimmed DT4_S16!

TrimmomaticPE: Started with arguments:
 -phred33 -threads 4 ../exposure_folder/raw_data//L1RP_S13_L001_R1_001.fastq.gz ../exposure_folder/raw_data//L1RP_S13_L001_R2_001.fastq.gz ../exposure_folder/raw_data//../processed_data/trimmed/paired/L1RP_S13_R1_paired.fastq.gz ../exposure_folder/raw_data//../processed_data/trimmed/unpaired/L1RP_S13_R1_unpaired.fastq.gz ../exposure_folder/raw_data//../processed_data/trimmed/paired/L1RP_S13_R2_paired.fastq.gz ../exposure_folder/raw_data//../processed_data/trimmed/unpaired/L1RP_S13_R2_unpaired.fastq.gz ILLUMINACLIP:/scratch/users/k24087895/final_project/data/adapters/TruSeq3-PE-2.fa:2:30:10:8:true HEADCROP:5 LEADING:5 CROP:240 SLIDINGWINDOW:4:15 TRAILING:10 MINLEN:35
Using PrefixPair: 'TACACTCTTTCCCTACACGACGCTCTTCCGATCT' and 'GTGACTGGAGTTCAGACGTGTGCTCTTCCGATCT'
Using Long Clipping Sequence: 'AGATCGGAAGAGCGTCGTGTAGGGAAAGAGTGTA'
Using Long Clipping Sequence: 'AGATCGGAAGAGCACACGTCTGAACTCCAGTCAC'
Using Long Clipping Sequence: 'GTGACTGGAGTTCAGACGTGTGCTCTTCCGATCT'
Using Long Clipping Sequence: 'TACACTCTTTCCCTACACGACGCTCTTCCGATCT'
ILLUMINACLIP: Using 1 prefix pairs, 4 forward/reverse sequences, 0 forward only sequences, 0 reverse only sequences
Input Read Pairs: 193020 Both Surviving: 164765 (85.36%) Forward Only Surviving: 2039 (1.06%) Reverse Only Surviving: 334 (0.17%) Dropped: 25882 (13.41%)
TrimmomaticPE: Completed successfully
âœ… Trimmed L1RP_S13!

TrimmomaticPE: Started with arguments:
 -phred33 -threads 4 ../exposure_folder/raw_data//L1SG_S5_L001_R1_001.fastq.gz ../exposure_folder/raw_data//L1SG_S5_L001_R2_001.fastq.gz ../exposure_folder/raw_data//../processed_data/trimmed/paired/L1SG_S5_R1_paired.fastq.gz ../exposure_folder/raw_data//../processed_data/trimmed/unpaired/L1SG_S5_R1_unpaired.fastq.gz ../exposure_folder/raw_data//../processed_data/trimmed/paired/L1SG_S5_R2_paired.fastq.gz ../exposure_folder/raw_data//../processed_data/trimmed/unpaired/L1SG_S5_R2_unpaired.fastq.gz ILLUMINACLIP:/scratch/users/k24087895/final_project/data/adapters/TruSeq3-PE-2.fa:2:30:10:8:true HEADCROP:5 LEADING:5 CROP:240 SLIDINGWINDOW:4:15 TRAILING:10 MINLEN:35
Using PrefixPair: 'TACACTCTTTCCCTACACGACGCTCTTCCGATCT' and 'GTGACTGGAGTTCAGACGTGTGCTCTTCCGATCT'
Using Long Clipping Sequence: 'AGATCGGAAGAGCGTCGTGTAGGGAAAGAGTGTA'
Using Long Clipping Sequence: 'AGATCGGAAGAGCACACGTCTGAACTCCAGTCAC'
Using Long Clipping Sequence: 'GTGACTGGAGTTCAGACGTGTGCTCTTCCGATCT'
Using Long Clipping Sequence: 'TACACTCTTTCCCTACACGACGCTCTTCCGATCT'
ILLUMINACLIP: Using 1 prefix pairs, 4 forward/reverse sequences, 0 forward only sequences, 0 reverse only sequences
Input Read Pairs: 70858 Both Surviving: 46441 (65.54%) Forward Only Surviving: 665 (0.94%) Reverse Only Surviving: 233 (0.33%) Dropped: 23519 (33.19%)
TrimmomaticPE: Completed successfully
âœ… Trimmed L1SG_S5!

TrimmomaticPE: Started with arguments:
 -phred33 -threads 4 ../exposure_folder/raw_data//L2RP_S14_L001_R1_001.fastq.gz ../exposure_folder/raw_data//L2RP_S14_L001_R2_001.fastq.gz ../exposure_folder/raw_data//../processed_data/trimmed/paired/L2RP_S14_R1_paired.fastq.gz ../exposure_folder/raw_data//../processed_data/trimmed/unpaired/L2RP_S14_R1_unpaired.fastq.gz ../exposure_folder/raw_data//../processed_data/trimmed/paired/L2RP_S14_R2_paired.fastq.gz ../exposure_folder/raw_data//../processed_data/trimmed/unpaired/L2RP_S14_R2_unpaired.fastq.gz ILLUMINACLIP:/scratch/users/k24087895/final_project/data/adapters/TruSeq3-PE-2.fa:2:30:10:8:true HEADCROP:5 LEADING:5 CROP:240 SLIDINGWINDOW:4:15 TRAILING:10 MINLEN:35
Using PrefixPair: 'TACACTCTTTCCCTACACGACGCTCTTCCGATCT' and 'GTGACTGGAGTTCAGACGTGTGCTCTTCCGATCT'
Using Long Clipping Sequence: 'AGATCGGAAGAGCGTCGTGTAGGGAAAGAGTGTA'
Using Long Clipping Sequence: 'AGATCGGAAGAGCACACGTCTGAACTCCAGTCAC'
Using Long Clipping Sequence: 'GTGACTGGAGTTCAGACGTGTGCTCTTCCGATCT'
Using Long Clipping Sequence: 'TACACTCTTTCCCTACACGACGCTCTTCCGATCT'
ILLUMINACLIP: Using 1 prefix pairs, 4 forward/reverse sequences, 0 forward only sequences, 0 reverse only sequences
Input Read Pairs: 164375 Both Surviving: 129476 (78.77%) Forward Only Surviving: 1139 (0.69%) Reverse Only Surviving: 331 (0.20%) Dropped: 33429 (20.34%)
TrimmomaticPE: Completed successfully
âœ… Trimmed L2RP_S14!

TrimmomaticPE: Started with arguments:
 -phred33 -threads 4 ../exposure_folder/raw_data//L2SG_S6_L001_R1_001.fastq.gz ../exposure_folder/raw_data//L2SG_S6_L001_R2_001.fastq.gz ../exposure_folder/raw_data//../processed_data/trimmed/paired/L2SG_S6_R1_paired.fastq.gz ../exposure_folder/raw_data//../processed_data/trimmed/unpaired/L2SG_S6_R1_unpaired.fastq.gz ../exposure_folder/raw_data//../processed_data/trimmed/paired/L2SG_S6_R2_paired.fastq.gz ../exposure_folder/raw_data//../processed_data/trimmed/unpaired/L2SG_S6_R2_unpaired.fastq.gz ILLUMINACLIP:/scratch/users/k24087895/final_project/data/adapters/TruSeq3-PE-2.fa:2:30:10:8:true HEADCROP:5 LEADING:5 CROP:240 SLIDINGWINDOW:4:15 TRAILING:10 MINLEN:35
Using PrefixPair: 'TACACTCTTTCCCTACACGACGCTCTTCCGATCT' and 'GTGACTGGAGTTCAGACGTGTGCTCTTCCGATCT'
Using Long Clipping Sequence: 'AGATCGGAAGAGCGTCGTGTAGGGAAAGAGTGTA'
Using Long Clipping Sequence: 'AGATCGGAAGAGCACACGTCTGAACTCCAGTCAC'
Using Long Clipping Sequence: 'GTGACTGGAGTTCAGACGTGTGCTCTTCCGATCT'
Using Long Clipping Sequence: 'TACACTCTTTCCCTACACGACGCTCTTCCGATCT'
ILLUMINACLIP: Using 1 prefix pairs, 4 forward/reverse sequences, 0 forward only sequences, 0 reverse only sequences
Input Read Pairs: 24126 Both Surviving: 10181 (42.20%) Forward Only Surviving: 119 (0.49%) Reverse Only Surviving: 94 (0.39%) Dropped: 13732 (56.92%)
TrimmomaticPE: Completed successfully
âœ… Trimmed L2SG_S6!

TrimmomaticPE: Started with arguments:
 -phred33 -threads 4 ../exposure_folder/raw_data//S1RP_S11_L001_R1_001.fastq.gz ../exposure_folder/raw_data//S1RP_S11_L001_R2_001.fastq.gz ../exposure_folder/raw_data//../processed_data/trimmed/paired/S1RP_S11_R1_paired.fastq.gz ../exposure_folder/raw_data//../processed_data/trimmed/unpaired/S1RP_S11_R1_unpaired.fastq.gz ../exposure_folder/raw_data//../processed_data/trimmed/paired/S1RP_S11_R2_paired.fastq.gz ../exposure_folder/raw_data//../processed_data/trimmed/unpaired/S1RP_S11_R2_unpaired.fastq.gz ILLUMINACLIP:/scratch/users/k24087895/final_project/data/adapters/TruSeq3-PE-2.fa:2:30:10:8:true HEADCROP:5 LEADING:5 CROP:240 SLIDINGWINDOW:4:15 TRAILING:10 MINLEN:35
Using PrefixPair: 'TACACTCTTTCCCTACACGACGCTCTTCCGATCT' and 'GTGACTGGAGTTCAGACGTGTGCTCTTCCGATCT'
Using Long Clipping Sequence: 'AGATCGGAAGAGCGTCGTGTAGGGAAAGAGTGTA'
Using Long Clipping Sequence: 'AGATCGGAAGAGCACACGTCTGAACTCCAGTCAC'
Using Long Clipping Sequence: 'GTGACTGGAGTTCAGACGTGTGCTCTTCCGATCT'
Using Long Clipping Sequence: 'TACACTCTTTCCCTACACGACGCTCTTCCGATCT'
ILLUMINACLIP: Using 1 prefix pairs, 4 forward/reverse sequences, 0 forward only sequences, 0 reverse only sequences
Input Read Pairs: 151534 Both Surviving: 133184 (87.89%) Forward Only Surviving: 1601 (1.06%) Reverse Only Surviving: 259 (0.17%) Dropped: 16490 (10.88%)
TrimmomaticPE: Completed successfully
âœ… Trimmed S1RP_S11!

TrimmomaticPE: Started with arguments:
 -phred33 -threads 4 ../exposure_folder/raw_data//S1SG_S3_L001_R1_001.fastq.gz ../exposure_folder/raw_data//S1SG_S3_L001_R2_001.fastq.gz ../exposure_folder/raw_data//../processed_data/trimmed/paired/S1SG_S3_R1_paired.fastq.gz ../exposure_folder/raw_data//../processed_data/trimmed/unpaired/S1SG_S3_R1_unpaired.fastq.gz ../exposure_folder/raw_data//../processed_data/trimmed/paired/S1SG_S3_R2_paired.fastq.gz ../exposure_folder/raw_data//../processed_data/trimmed/unpaired/S1SG_S3_R2_unpaired.fastq.gz ILLUMINACLIP:/scratch/users/k24087895/final_project/data/adapters/TruSeq3-PE-2.fa:2:30:10:8:true HEADCROP:5 LEADING:5 CROP:240 SLIDINGWINDOW:4:15 TRAILING:10 MINLEN:35
Using PrefixPair: 'TACACTCTTTCCCTACACGACGCTCTTCCGATCT' and 'GTGACTGGAGTTCAGACGTGTGCTCTTCCGATCT'
Using Long Clipping Sequence: 'AGATCGGAAGAGCGTCGTGTAGGGAAAGAGTGTA'
Using Long Clipping Sequence: 'AGATCGGAAGAGCACACGTCTGAACTCCAGTCAC'
Using Long Clipping Sequence: 'GTGACTGGAGTTCAGACGTGTGCTCTTCCGATCT'
Using Long Clipping Sequence: 'TACACTCTTTCCCTACACGACGCTCTTCCGATCT'
ILLUMINACLIP: Using 1 prefix pairs, 4 forward/reverse sequences, 0 forward only sequences, 0 reverse only sequences
Input Read Pairs: 43836 Both Surviving: 7189 (16.40%) Forward Only Surviving: 223 (0.51%) Reverse Only Surviving: 300 (0.68%) Dropped: 36124 (82.41%)
TrimmomaticPE: Completed successfully
âœ… Trimmed S1SG_S3!

TrimmomaticPE: Started with arguments:
 -phred33 -threads 4 ../exposure_folder/raw_data//S2RP_S12_L001_R1_001.fastq.gz ../exposure_folder/raw_data//S2RP_S12_L001_R2_001.fastq.gz ../exposure_folder/raw_data//../processed_data/trimmed/paired/S2RP_S12_R1_paired.fastq.gz ../exposure_folder/raw_data//../processed_data/trimmed/unpaired/S2RP_S12_R1_unpaired.fastq.gz ../exposure_folder/raw_data//../processed_data/trimmed/paired/S2RP_S12_R2_paired.fastq.gz ../exposure_folder/raw_data//../processed_data/trimmed/unpaired/S2RP_S12_R2_unpaired.fastq.gz ILLUMINACLIP:/scratch/users/k24087895/final_project/data/adapters/TruSeq3-PE-2.fa:2:30:10:8:true HEADCROP:5 LEADING:5 CROP:240 SLIDINGWINDOW:4:15 TRAILING:10 MINLEN:35
Using PrefixPair: 'TACACTCTTTCCCTACACGACGCTCTTCCGATCT' and 'GTGACTGGAGTTCAGACGTGTGCTCTTCCGATCT'
Using Long Clipping Sequence: 'AGATCGGAAGAGCGTCGTGTAGGGAAAGAGTGTA'
Using Long Clipping Sequence: 'AGATCGGAAGAGCACACGTCTGAACTCCAGTCAC'
Using Long Clipping Sequence: 'GTGACTGGAGTTCAGACGTGTGCTCTTCCGATCT'
Using Long Clipping Sequence: 'TACACTCTTTCCCTACACGACGCTCTTCCGATCT'
ILLUMINACLIP: Using 1 prefix pairs, 4 forward/reverse sequences, 0 forward only sequences, 0 reverse only sequences
Input Read Pairs: 363772 Both Surviving: 236267 (64.95%) Forward Only Surviving: 2527 (0.69%) Reverse Only Surviving: 856 (0.24%) Dropped: 124122 (34.12%)
TrimmomaticPE: Completed successfully
âœ… Trimmed S2RP_S12!

TrimmomaticPE: Started with arguments:
 -phred33 -threads 4 ../exposure_folder/raw_data//S2SG_S4_L001_R1_001.fastq.gz ../exposure_folder/raw_data//S2SG_S4_L001_R2_001.fastq.gz ../exposure_folder/raw_data//../processed_data/trimmed/paired/S2SG_S4_R1_paired.fastq.gz ../exposure_folder/raw_data//../processed_data/trimmed/unpaired/S2SG_S4_R1_unpaired.fastq.gz ../exposure_folder/raw_data//../processed_data/trimmed/paired/S2SG_S4_R2_paired.fastq.gz ../exposure_folder/raw_data//../processed_data/trimmed/unpaired/S2SG_S4_R2_unpaired.fastq.gz ILLUMINACLIP:/scratch/users/k24087895/final_project/data/adapters/TruSeq3-PE-2.fa:2:30:10:8:true HEADCROP:5 LEADING:5 CROP:240 SLIDINGWINDOW:4:15 TRAILING:10 MINLEN:35
Using PrefixPair: 'TACACTCTTTCCCTACACGACGCTCTTCCGATCT' and 'GTGACTGGAGTTCAGACGTGTGCTCTTCCGATCT'
Using Long Clipping Sequence: 'AGATCGGAAGAGCGTCGTGTAGGGAAAGAGTGTA'
Using Long Clipping Sequence: 'AGATCGGAAGAGCACACGTCTGAACTCCAGTCAC'
Using Long Clipping Sequence: 'GTGACTGGAGTTCAGACGTGTGCTCTTCCGATCT'
Using Long Clipping Sequence: 'TACACTCTTTCCCTACACGACGCTCTTCCGATCT'
ILLUMINACLIP: Using 1 prefix pairs, 4 forward/reverse sequences, 0 forward only sequences, 0 reverse only sequences
Input Read Pairs: 26480 Both Surviving: 5876 (22.19%) Forward Only Surviving: 138 (0.52%) Reverse Only Surviving: 121 (0.46%) Dropped: 20345 (76.83%)
TrimmomaticPE: Completed successfully
âœ… Trimmed S2SG_S4!


Running FastQC on paired trimmed reads...
âœ… FastQC completed successfully.

/// MultiQC ðŸ” v1.28

       file_search | Search path: /cephfs/volumes/hpc_data_usr/k24087895/8bae1efe-9269-480e-9bb9-de76b8bdc9e7/final_project/exposure_folder/results/fastqc/post_trimming

            fastqc | Found 32 reports

     write_results | Data        : None
     write_results | Report      : /cephfs/volumes/hpc_data_usr/k24087895/8bae1efe-9269-480e-9bb9-de76b8bdc9e7/final_project/exposure_folder/results/fastqc/post_trimming/multiqc_report.html   (overwritten)
           multiqc | MultiQC complete
âœ… MultiQC report generated successfully.

âœ… All processing steps completed successfully.
âœ… QC and trimming completed successfully.

================================================= METAGENOMIC ABUNDANCE ESTIMATION =================================================
âš ï¸ This step assumes reads have already been trimmed with Trimmomatic and host DNA removed with Bowtie2. Processed reads must be in the correct directory.

Processing sample: D1RP_S9

Removing human reads with Bowtie2...
bowtie2 -x "../data/bowtie_index/GRCh38_noalt_as/GRCh38_noalt_as" -p 8 -q --end-to-end --very-sensitive --no-mixed --no-discordant 	-1 "../exposure_folder/processed_data/trimmed/paired/D1RP_S9_R1_paired.fastq.gz" -2 "../exposure_folder/processed_data/trimmed/paired/D1RP_S9_R2_paired.fastq.gz" 	--un-conc "../exposure_folder/processed_data/metagenomic/filtered_fastq/D1RP_S9_metagenomic" -S "../exposure_folder/processed_data/human/aligned_sam/D1RP_S9_human.sam" 2>&1
125352 reads; of these:
  125352 (100.00%) were paired; of these:
    124006 (98.93%) aligned concordantly 0 times
    1302 (1.04%) aligned concordantly exactly 1 time
    44 (0.04%) aligned concordantly >1 times
1.07% overall alignment rate
âœ… Host reads removed and filtered reads compressed.

Classifying metagenomic reads with Kraken2...
kraken2 --d "../data/databases/custom" --threads 8 --report "../exposure_folder/results/runs/run_0105_1629/reports/D1RP_S9.k2report"                --report-minimizer-data --paired --minimum-hit-groups 2 --gzip-compressed                --classified-out "../exposure_folder/processed_data/metagenomic/classified/D1RP_S9_classified#.fastq" --unclassified-out "../exposure_folder/processed_data/metagenomic/unclassified/D1RP_S9_unclassified#.fastq"                "../exposure_folder/processed_data/metagenomic/filtered_fastq/D1RP_S9_metagenomic.1.gz" "../exposure_folder/processed_data/metagenomic/filtered_fastq/D1RP_S9_metagenomic.2.gz"                --output "../exposure_folder/processed_data/metagenomic/kraken2/D1RP_S9.kraken2" --use-names 2>&1
Loading database information... done.
124006 sequences (32.63 Mbp) processed in 1.448s (5137.1 Kseq/m, 1351.78 Mbp/m).
  57 sequences classified (0.05%)
  123949 sequences unclassified (99.95%)
âœ… Classification complete.

Estimating species abundance with Bracken...
 >> Checking for Valid Options...
 >> Running Bracken 
      >> python src/est_abundance.py -i ../exposure_folder/results/runs/run_0105_1629/reports/D1RP_S9.k2report -o ../exposure_folder/processed_data/metagenomic/bracken/D1RP_S9.bracken -k ../data/databases/custom/database100mers.kmer_distrib -l S -t 10
>> Checking report file: ../exposure_folder/results/runs/run_0105_1629/reports/D1RP_S9.k2report
PROGRAM START TIME: 05-01-2025 15:33:33
BRACKEN SUMMARY (Kraken report: ../exposure_folder/results/runs/run_0105_1629/reports/D1RP_S9.k2report)
    >>> Threshold: 10 
    >>> Number of species in sample: 8 
	  >> Number of species with reads > threshold: 1 
	  >> Number of species with reads < threshold: 7 
    >>> Total reads in sample: 124006
	  >> Total reads kept at species level (reads > threshold): 39
	  >> Total reads discarded (species reads < threshold): 14
	  >> Reads distributed: 0
	  >> Reads not distributed (eg. no species above threshold): 4
	  >> Unclassified reads: 123949
BRACKEN OUTPUT PRODUCED: ../exposure_folder/processed_data/metagenomic/bracken/D1RP_S9.bracken
PROGRAM END TIME: 05-01-2025 15:33:33
  Bracken complete.
âœ… Abundance estimated.

Generating Krona visualization...
Writing ../exposure_folder/results/runs/run_0105_1629/krona/D1RP_S9.krona.html...
âœ… Krona plot generated.

Processing sample: D1SG_S1

Removing human reads with Bowtie2...
bowtie2 -x "../data/bowtie_index/GRCh38_noalt_as/GRCh38_noalt_as" -p 8 -q --end-to-end --very-sensitive --no-mixed --no-discordant 	-1 "../exposure_folder/processed_data/trimmed/paired/D1SG_S1_R1_paired.fastq.gz" -2 "../exposure_folder/processed_data/trimmed/paired/D1SG_S1_R2_paired.fastq.gz" 	--un-conc "../exposure_folder/processed_data/metagenomic/filtered_fastq/D1SG_S1_metagenomic" -S "../exposure_folder/processed_data/human/aligned_sam/D1SG_S1_human.sam" 2>&1
157991 reads; of these:
  157991 (100.00%) were paired; of these:
    155364 (98.34%) aligned concordantly 0 times
    2030 (1.28%) aligned concordantly exactly 1 time
    597 (0.38%) aligned concordantly >1 times
1.66% overall alignment rate
âœ… Host reads removed and filtered reads compressed.

Classifying metagenomic reads with Kraken2...
kraken2 --d "../data/databases/custom" --threads 8 --report "../exposure_folder/results/runs/run_0105_1629/reports/D1SG_S1.k2report"                --report-minimizer-data --paired --minimum-hit-groups 2 --gzip-compressed                --classified-out "../exposure_folder/processed_data/metagenomic/classified/D1SG_S1_classified#.fastq" --unclassified-out "../exposure_folder/processed_data/metagenomic/unclassified/D1SG_S1_unclassified#.fastq"                "../exposure_folder/processed_data/metagenomic/filtered_fastq/D1SG_S1_metagenomic.1.gz" "../exposure_folder/processed_data/metagenomic/filtered_fastq/D1SG_S1_metagenomic.2.gz"                --output "../exposure_folder/processed_data/metagenomic/kraken2/D1SG_S1.kraken2" --use-names 2>&1
Loading database information... done.
155364 sequences (39.82 Mbp) processed in 1.253s (7442.1 Kseq/m, 1907.31 Mbp/m).
  514 sequences classified (0.33%)
  154850 sequences unclassified (99.67%)
âœ… Classification complete.

Estimating species abundance with Bracken...
 >> Checking for Valid Options...
 >> Running Bracken 
      >> python src/est_abundance.py -i ../exposure_folder/results/runs/run_0105_1629/reports/D1SG_S1.k2report -o ../exposure_folder/processed_data/metagenomic/bracken/D1SG_S1.bracken -k ../data/databases/custom/database100mers.kmer_distrib -l S -t 10
>> Checking report file: ../exposure_folder/results/runs/run_0105_1629/reports/D1SG_S1.k2report
PROGRAM START TIME: 05-01-2025 15:34:07
BRACKEN SUMMARY (Kraken report: ../exposure_folder/results/runs/run_0105_1629/reports/D1SG_S1.k2report)
    >>> Threshold: 10 
    >>> Number of species in sample: 10 
	  >> Number of species with reads > threshold: 7 
	  >> Number of species with reads < threshold: 3 
    >>> Total reads in sample: 155364
	  >> Total reads kept at species level (reads > threshold): 417
	  >> Total reads discarded (species reads < threshold): 22
	  >> Reads distributed: 73
	  >> Reads not distributed (eg. no species above threshold): 2
	  >> Unclassified reads: 154850
BRACKEN OUTPUT PRODUCED: ../exposure_folder/processed_data/metagenomic/bracken/D1SG_S1.bracken
PROGRAM END TIME: 05-01-2025 15:34:07
  Bracken complete.
âœ… Abundance estimated.

Generating Krona visualization...
Writing ../exposure_folder/results/runs/run_0105_1629/krona/D1SG_S1.krona.html...
âœ… Krona plot generated.

Processing sample: D2RP_S10

Removing human reads with Bowtie2...
bowtie2 -x "../data/bowtie_index/GRCh38_noalt_as/GRCh38_noalt_as" -p 8 -q --end-to-end --very-sensitive --no-mixed --no-discordant 	-1 "../exposure_folder/processed_data/trimmed/paired/D2RP_S10_R1_paired.fastq.gz" -2 "../exposure_folder/processed_data/trimmed/paired/D2RP_S10_R2_paired.fastq.gz" 	--un-conc "../exposure_folder/processed_data/metagenomic/filtered_fastq/D2RP_S10_metagenomic" -S "../exposure_folder/processed_data/human/aligned_sam/D2RP_S10_human.sam" 2>&1
127020 reads; of these:
  127020 (100.00%) were paired; of these:
    122720 (96.61%) aligned concordantly 0 times
    4108 (3.23%) aligned concordantly exactly 1 time
    192 (0.15%) aligned concordantly >1 times
3.39% overall alignment rate
âœ… Host reads removed and filtered reads compressed.

Classifying metagenomic reads with Kraken2...
kraken2 --d "../data/databases/custom" --threads 8 --report "../exposure_folder/results/runs/run_0105_1629/reports/D2RP_S10.k2report"                --report-minimizer-data --paired --minimum-hit-groups 2 --gzip-compressed                --classified-out "../exposure_folder/processed_data/metagenomic/classified/D2RP_S10_classified#.fastq" --unclassified-out "../exposure_folder/processed_data/metagenomic/unclassified/D2RP_S10_unclassified#.fastq"                "../exposure_folder/processed_data/metagenomic/filtered_fastq/D2RP_S10_metagenomic.1.gz" "../exposure_folder/processed_data/metagenomic/filtered_fastq/D2RP_S10_metagenomic.2.gz"                --output "../exposure_folder/processed_data/metagenomic/kraken2/D2RP_S10.kraken2" --use-names 2>&1
Loading database information... done.
122720 sequences (31.55 Mbp) processed in 1.124s (6549.4 Kseq/m, 1683.58 Mbp/m).
  5 sequences classified (0.00%)
  122715 sequences unclassified (100.00%)
âœ… Classification complete.

Estimating species abundance with Bracken...
 >> Checking for Valid Options...
 >> Running Bracken 
      >> python src/est_abundance.py -i ../exposure_folder/results/runs/run_0105_1629/reports/D2RP_S10.k2report -o ../exposure_folder/processed_data/metagenomic/bracken/D2RP_S10.bracken -k ../data/databases/custom/database100mers.kmer_distrib -l S -t 10
>> Checking report file: ../exposure_folder/results/runs/run_0105_1629/reports/D2RP_S10.k2report
Error: no reads found. Please check your Kraken report
PROGRAM START TIME: 05-01-2025 15:34:25
