
================================================= ARGUMENT PARSING & VALIDATION =================================================

Raw FASTQ directory path: ../zymobiomics_folder/raw_data/
Quality Control & Trimming: Disabled ❌
⚠️  Optional, but must be done at least once on the raw reads for the pipeline to work.

Host DNA Removal: Disabled ❌
⚠️  Optional, but must be done at least once on the trimmed reads for the pipeline to work.

Kraken2/Bracken Database: ../data/databases/k2_standard_16gb_20250402

================================================= CONDA ENVIRONMENT ACTIVATION ==================================================

✅ 'metagenomics' environment activated successfully.

====================================================== PROJECT STRUCTURE ======================================================

../zymobiomics_folder
├── processed_data
│   ├── human
│   │   ├── aligned_sam
│   │   ├── bed_files
│   │   └── sorted_bam
│   ├── metagenomic
│   │   ├── bracken
│   │   ├── classified
│   │   ├── filtered_fastq
│   │   ├── kraken2
│   │   └── unclassified
│   └── trimmed
│       ├── paired
│       └── unpaired
├── raw_data
└── results
    ├── fastqc
    │   ├── post_trimming
    │   └── pre_trimming
    ├── host_dna_analysis
    └── runs
        ├── run_2005_1637
        ├── run_2005_1655
        ├── run_2005_1658
        ├── run_2005_1706
        ├── run_2005_1730
        ├── run_2005_1744
        ├── run_2105_1617
        ├── run_2105_1632
        ├── run_2105_1640
        ├── run_2105_1653
        ├── run_2105_1700
        ├── run_2105_1708
        ├── run_2105_1713
        ├── run_2105_1722
        └── run_2205_1556

36 directories
Human DNA-related files (SAM, BAM, and BED) in the 'human' directory are created once per sub-project and remain unchanged across runs.
Intermediate metagenomic files in the 'metagenomic' directory are overwritten with each run and should be inspected beforehand if desired.
Results are stored in the 'results' directory (including FastQC, host DNA analysis, and run-specific results like Kraken2 and Bracken).

================================================= METAGENOMIC ABUNDANCE ESTIMATION =================================================
⚠️  This step assumes reads have already been trimmed with Trimmomatic and host DNA removed with Bowtie2. Processed reads must be in the correct directory.

Processing sample: ZC1_S4

Classifying metagenomic reads with Kraken2...
kraken2 --db "../data/databases/k2_standard_16gb_20250402" --threads 8 --report "../zymobiomics_folder/results/runs/run_2205_1556/reports/ZC1_S4.k2report" 		--report-minimizer-data --paired --minimum-hit-groups 5 		--classified-out "../zymobiomics_folder/processed_data/metagenomic/classified/ZC1_S4_classified#.fastq" --unclassified-out "../zymobiomics_folder/processed_data/metagenomic/unclassified/ZC1_S4_unclassified#.fastq" 		--output "../zymobiomics_folder/processed_data/metagenomic/kraken2/ZC1_S4.kraken2" --use-names "../zymobiomics_folder/processed_data/metagenomic/filtered_fastq/ZC1_S4_metagenomic.1" "../zymobiomics_folder/processed_data/metagenomic/filtered_fastq/ZC1_S4_metagenomic.2" 2>&1
Loading database information... done.
287710 sequences (51.71 Mbp) processed in 1.361s (12681.2 Kseq/m, 2279.20 Mbp/m).
  133840 sequences classified (46.52%)
  153870 sequences unclassified (53.48%)
✅  Classification complete.

Estimating species abundance with Bracken...
 >> Checking for Valid Options...
 >> Running Bracken 
      >> python src/est_abundance.py -i ../zymobiomics_folder/results/runs/run_2205_1556/reports/ZC1_S4.k2report -o ../zymobiomics_folder/processed_data/metagenomic/bracken/ZC1_S4.bracken -k ../data/databases/k2_standard_16gb_20250402/database100mers.kmer_distrib -l S -t 10
>> Checking report file: ../zymobiomics_folder/results/runs/run_2205_1556/reports/ZC1_S4.k2report
PROGRAM START TIME: 05-22-2025 14:57:26
BRACKEN SUMMARY (Kraken report: ../zymobiomics_folder/results/runs/run_2205_1556/reports/ZC1_S4.k2report)
    >>> Threshold: 10 
    >>> Number of species in sample: 177 
	  >> Number of species with reads > threshold: 27 
	  >> Number of species with reads < threshold: 150 
    >>> Total reads in sample: 287710
	  >> Total reads kept at species level (reads > threshold): 43679
	  >> Total reads discarded (species reads < threshold): 250
	  >> Reads distributed: 89871
	  >> Reads not distributed (eg. no species above threshold): 40
	  >> Unclassified reads: 153870
BRACKEN OUTPUT PRODUCED: ../zymobiomics_folder/processed_data/metagenomic/bracken/ZC1_S4.bracken
PROGRAM END TIME: 05-22-2025 14:57:26
  Bracken complete.
✅  Abundance estimated.

Generating Krona visualization...
Writing ../zymobiomics_folder/results/runs/run_2205_1556/krona/ZC1_S4.krona.html...
✅  Krona plot generated.

Processing sample: ZC2_S5

Classifying metagenomic reads with Kraken2...
kraken2 --db "../data/databases/k2_standard_16gb_20250402" --threads 8 --report "../zymobiomics_folder/results/runs/run_2205_1556/reports/ZC2_S5.k2report" 		--report-minimizer-data --paired --minimum-hit-groups 5 		--classified-out "../zymobiomics_folder/processed_data/metagenomic/classified/ZC2_S5_classified#.fastq" --unclassified-out "../zymobiomics_folder/processed_data/metagenomic/unclassified/ZC2_S5_unclassified#.fastq" 		--output "../zymobiomics_folder/processed_data/metagenomic/kraken2/ZC2_S5.kraken2" --use-names "../zymobiomics_folder/processed_data/metagenomic/filtered_fastq/ZC2_S5_metagenomic.1" "../zymobiomics_folder/processed_data/metagenomic/filtered_fastq/ZC2_S5_metagenomic.2" 2>&1
Loading database information... done.
267582 sequences (38.37 Mbp) processed in 1.232s (13035.4 Kseq/m, 1869.09 Mbp/m).
  86075 sequences classified (32.17%)
  181507 sequences unclassified (67.83%)
✅  Classification complete.

Estimating species abundance with Bracken...
 >> Checking for Valid Options...
 >> Running Bracken 
      >> python src/est_abundance.py -i ../zymobiomics_folder/results/runs/run_2205_1556/reports/ZC2_S5.k2report -o ../zymobiomics_folder/processed_data/metagenomic/bracken/ZC2_S5.bracken -k ../data/databases/k2_standard_16gb_20250402/database100mers.kmer_distrib -l S -t 10
>> Checking report file: ../zymobiomics_folder/results/runs/run_2205_1556/reports/ZC2_S5.k2report
PROGRAM START TIME: 05-22-2025 14:57:37
BRACKEN SUMMARY (Kraken report: ../zymobiomics_folder/results/runs/run_2205_1556/reports/ZC2_S5.k2report)
    >>> Threshold: 10 
    >>> Number of species in sample: 131 
	  >> Number of species with reads > threshold: 15 
	  >> Number of species with reads < threshold: 116 
    >>> Total reads in sample: 267582
	  >> Total reads kept at species level (reads > threshold): 25371
	  >> Total reads discarded (species reads < threshold): 214
	  >> Reads distributed: 60449
	  >> Reads not distributed (eg. no species above threshold): 41
	  >> Unclassified reads: 181507
BRACKEN OUTPUT PRODUCED: ../zymobiomics_folder/processed_data/metagenomic/bracken/ZC2_S5.bracken
PROGRAM END TIME: 05-22-2025 14:57:37
  Bracken complete.
✅  Abundance estimated.

Generating Krona visualization...
Writing ../zymobiomics_folder/results/runs/run_2205_1556/krona/ZC2_S5.krona.html...
✅  Krona plot generated.

Processing sample: ZC3_S6

Classifying metagenomic reads with Kraken2...
kraken2 --db "../data/databases/k2_standard_16gb_20250402" --threads 8 --report "../zymobiomics_folder/results/runs/run_2205_1556/reports/ZC3_S6.k2report" 		--report-minimizer-data --paired --minimum-hit-groups 5 		--classified-out "../zymobiomics_folder/processed_data/metagenomic/classified/ZC3_S6_classified#.fastq" --unclassified-out "../zymobiomics_folder/processed_data/metagenomic/unclassified/ZC3_S6_unclassified#.fastq" 		--output "../zymobiomics_folder/processed_data/metagenomic/kraken2/ZC3_S6.kraken2" --use-names "../zymobiomics_folder/processed_data/metagenomic/filtered_fastq/ZC3_S6_metagenomic.1" "../zymobiomics_folder/processed_data/metagenomic/filtered_fastq/ZC3_S6_metagenomic.2" 2>&1
Loading database information... done.
273941 sequences (42.88 Mbp) processed in 1.496s (10990.1 Kseq/m, 1720.10 Mbp/m).
  99909 sequences classified (36.47%)
  174032 sequences unclassified (63.53%)
✅  Classification complete.

Estimating species abundance with Bracken...
 >> Checking for Valid Options...
 >> Running Bracken 
      >> python src/est_abundance.py -i ../zymobiomics_folder/results/runs/run_2205_1556/reports/ZC3_S6.k2report -o ../zymobiomics_folder/processed_data/metagenomic/bracken/ZC3_S6.bracken -k ../data/databases/k2_standard_16gb_20250402/database100mers.kmer_distrib -l S -t 10
>> Checking report file: ../zymobiomics_folder/results/runs/run_2205_1556/reports/ZC3_S6.k2report
PROGRAM START TIME: 05-22-2025 14:57:47
BRACKEN SUMMARY (Kraken report: ../zymobiomics_folder/results/runs/run_2205_1556/reports/ZC3_S6.k2report)
    >>> Threshold: 10 
    >>> Number of species in sample: 132 
	  >> Number of species with reads > threshold: 20 
	  >> Number of species with reads < threshold: 112 
    >>> Total reads in sample: 273941
	  >> Total reads kept at species level (reads > threshold): 32244
	  >> Total reads discarded (species reads < threshold): 231
	  >> Reads distributed: 67395
	  >> Reads not distributed (eg. no species above threshold): 39
	  >> Unclassified reads: 174032
BRACKEN OUTPUT PRODUCED: ../zymobiomics_folder/processed_data/metagenomic/bracken/ZC3_S6.bracken
PROGRAM END TIME: 05-22-2025 14:57:48
  Bracken complete.
✅  Abundance estimated.

Generating Krona visualization...
Writing ../zymobiomics_folder/results/runs/run_2205_1556/krona/ZC3_S6.krona.html...
✅  Krona plot generated.

Processing sample: ZC4_S7

Classifying metagenomic reads with Kraken2...
kraken2 --db "../data/databases/k2_standard_16gb_20250402" --threads 8 --report "../zymobiomics_folder/results/runs/run_2205_1556/reports/ZC4_S7.k2report" 		--report-minimizer-data --paired --minimum-hit-groups 5 		--classified-out "../zymobiomics_folder/processed_data/metagenomic/classified/ZC4_S7_classified#.fastq" --unclassified-out "../zymobiomics_folder/processed_data/metagenomic/unclassified/ZC4_S7_unclassified#.fastq" 		--output "../zymobiomics_folder/processed_data/metagenomic/kraken2/ZC4_S7.kraken2" --use-names "../zymobiomics_folder/processed_data/metagenomic/filtered_fastq/ZC4_S7_metagenomic.1" "../zymobiomics_folder/processed_data/metagenomic/filtered_fastq/ZC4_S7_metagenomic.2" 2>&1
Loading database information... done.
238874 sequences (35.00 Mbp) processed in 1.106s (12959.2 Kseq/m, 1898.93 Mbp/m).
  77855 sequences classified (32.59%)
  161019 sequences unclassified (67.41%)
✅  Classification complete.

Estimating species abundance with Bracken...
 >> Checking for Valid Options...
 >> Running Bracken 
      >> python src/est_abundance.py -i ../zymobiomics_folder/results/runs/run_2205_1556/reports/ZC4_S7.k2report -o ../zymobiomics_folder/processed_data/metagenomic/bracken/ZC4_S7.bracken -k ../data/databases/k2_standard_16gb_20250402/database100mers.kmer_distrib -l S -t 10
>> Checking report file: ../zymobiomics_folder/results/runs/run_2205_1556/reports/ZC4_S7.k2report
PROGRAM START TIME: 05-22-2025 14:57:57
BRACKEN SUMMARY (Kraken report: ../zymobiomics_folder/results/runs/run_2205_1556/reports/ZC4_S7.k2report)
    >>> Threshold: 10 
    >>> Number of species in sample: 103 
	  >> Number of species with reads > threshold: 13 
	  >> Number of species with reads < threshold: 90 
    >>> Total reads in sample: 238874
	  >> Total reads kept at species level (reads > threshold): 25233
	  >> Total reads discarded (species reads < threshold): 209
	  >> Reads distributed: 52391
	  >> Reads not distributed (eg. no species above threshold): 22
	  >> Unclassified reads: 161019
BRACKEN OUTPUT PRODUCED: ../zymobiomics_folder/processed_data/metagenomic/bracken/ZC4_S7.bracken
PROGRAM END TIME: 05-22-2025 14:57:58
  Bracken complete.
✅  Abundance estimated.

Generating Krona visualization...
Writing ../zymobiomics_folder/results/runs/run_2205_1556/krona/ZC4_S7.krona.html...
✅  Krona plot generated.

Processing sample: ZP1_S20

Classifying metagenomic reads with Kraken2...
kraken2 --db "../data/databases/k2_standard_16gb_20250402" --threads 8 --report "../zymobiomics_folder/results/runs/run_2205_1556/reports/ZP1_S20.k2report" 		--report-minimizer-data --paired --minimum-hit-groups 5 		--classified-out "../zymobiomics_folder/processed_data/metagenomic/classified/ZP1_S20_classified#.fastq" --unclassified-out "../zymobiomics_folder/processed_data/metagenomic/unclassified/ZP1_S20_unclassified#.fastq" 		--output "../zymobiomics_folder/processed_data/metagenomic/kraken2/ZP1_S20.kraken2" --use-names "../zymobiomics_folder/processed_data/metagenomic/filtered_fastq/ZP1_S20_metagenomic.1" "../zymobiomics_folder/processed_data/metagenomic/filtered_fastq/ZP1_S20_metagenomic.2" 2>&1
Loading database information... done.
299531 sequences (46.78 Mbp) processed in 1.684s (10671.6 Kseq/m, 1666.82 Mbp/m).
  116997 sequences classified (39.06%)
  182534 sequences unclassified (60.94%)
✅  Classification complete.

Estimating species abundance with Bracken...
 >> Checking for Valid Options...
 >> Running Bracken 
      >> python src/est_abundance.py -i ../zymobiomics_folder/results/runs/run_2205_1556/reports/ZP1_S20.k2report -o ../zymobiomics_folder/processed_data/metagenomic/bracken/ZP1_S20.bracken -k ../data/databases/k2_standard_16gb_20250402/database100mers.kmer_distrib -l S -t 10
>> Checking report file: ../zymobiomics_folder/results/runs/run_2205_1556/reports/ZP1_S20.k2report
PROGRAM START TIME: 05-22-2025 14:58:08
BRACKEN SUMMARY (Kraken report: ../zymobiomics_folder/results/runs/run_2205_1556/reports/ZP1_S20.k2report)
    >>> Threshold: 10 
    >>> Number of species in sample: 152 
	  >> Number of species with reads > threshold: 16 
	  >> Number of species with reads < threshold: 136 
    >>> Total reads in sample: 299531
	  >> Total reads kept at species level (reads > threshold): 36989
	  >> Total reads discarded (species reads < threshold): 262
	  >> Reads distributed: 79709
	  >> Reads not distributed (eg. no species above threshold): 37
	  >> Unclassified reads: 182534
BRACKEN OUTPUT PRODUCED: ../zymobiomics_folder/processed_data/metagenomic/bracken/ZP1_S20.bracken
PROGRAM END TIME: 05-22-2025 14:58:08
  Bracken complete.
✅  Abundance estimated.

Generating Krona visualization...
Writing ../zymobiomics_folder/results/runs/run_2205_1556/krona/ZP1_S20.krona.html...
✅  Krona plot generated.

Processing sample: ZP2_S21

Classifying metagenomic reads with Kraken2...
kraken2 --db "../data/databases/k2_standard_16gb_20250402" --threads 8 --report "../zymobiomics_folder/results/runs/run_2205_1556/reports/ZP2_S21.k2report" 		--report-minimizer-data --paired --minimum-hit-groups 5 		--classified-out "../zymobiomics_folder/processed_data/metagenomic/classified/ZP2_S21_classified#.fastq" --unclassified-out "../zymobiomics_folder/processed_data/metagenomic/unclassified/ZP2_S21_unclassified#.fastq" 		--output "../zymobiomics_folder/processed_data/metagenomic/kraken2/ZP2_S21.kraken2" --use-names "../zymobiomics_folder/processed_data/metagenomic/filtered_fastq/ZP2_S21_metagenomic.1" "../zymobiomics_folder/processed_data/metagenomic/filtered_fastq/ZP2_S21_metagenomic.2" 2>&1
Loading database information... done.
293442 sequences (42.99 Mbp) processed in 1.579s (11153.6 Kseq/m, 1634.07 Mbp/m).
  100327 sequences classified (34.19%)
  193115 sequences unclassified (65.81%)
✅  Classification complete.

Estimating species abundance with Bracken...
 >> Checking for Valid Options...
 >> Running Bracken 
      >> python src/est_abundance.py -i ../zymobiomics_folder/results/runs/run_2205_1556/reports/ZP2_S21.k2report -o ../zymobiomics_folder/processed_data/metagenomic/bracken/ZP2_S21.bracken -k ../data/databases/k2_standard_16gb_20250402/database100mers.kmer_distrib -l S -t 10
>> Checking report file: ../zymobiomics_folder/results/runs/run_2205_1556/reports/ZP2_S21.k2report
PROGRAM START TIME: 05-22-2025 14:58:19
BRACKEN SUMMARY (Kraken report: ../zymobiomics_folder/results/runs/run_2205_1556/reports/ZP2_S21.k2report)
    >>> Threshold: 10 
    >>> Number of species in sample: 137 
	  >> Number of species with reads > threshold: 16 
	  >> Number of species with reads < threshold: 121 
    >>> Total reads in sample: 293442
	  >> Total reads kept at species level (reads > threshold): 31275
	  >> Total reads discarded (species reads < threshold): 237
	  >> Reads distributed: 68788
	  >> Reads not distributed (eg. no species above threshold): 27
	  >> Unclassified reads: 193115
BRACKEN OUTPUT PRODUCED: ../zymobiomics_folder/processed_data/metagenomic/bracken/ZP2_S21.bracken
PROGRAM END TIME: 05-22-2025 14:58:19
  Bracken complete.
✅  Abundance estimated.

Generating Krona visualization...
Writing ../zymobiomics_folder/results/runs/run_2205_1556/krona/ZP2_S21.krona.html...
✅  Krona plot generated.

Processing sample: ZP3_S22

Classifying metagenomic reads with Kraken2...
kraken2 --db "../data/databases/k2_standard_16gb_20250402" --threads 8 --report "../zymobiomics_folder/results/runs/run_2205_1556/reports/ZP3_S22.k2report" 		--report-minimizer-data --paired --minimum-hit-groups 5 		--classified-out "../zymobiomics_folder/processed_data/metagenomic/classified/ZP3_S22_classified#.fastq" --unclassified-out "../zymobiomics_folder/processed_data/metagenomic/unclassified/ZP3_S22_unclassified#.fastq" 		--output "../zymobiomics_folder/processed_data/metagenomic/kraken2/ZP3_S22.kraken2" --use-names "../zymobiomics_folder/processed_data/metagenomic/filtered_fastq/ZP3_S22_metagenomic.1" "../zymobiomics_folder/processed_data/metagenomic/filtered_fastq/ZP3_S22_metagenomic.2" 2>&1
Loading database information... done.
326854 sequences (47.05 Mbp) processed in 1.307s (15000.6 Kseq/m, 2159.23 Mbp/m).
  108600 sequences classified (33.23%)
  218254 sequences unclassified (66.77%)
✅  Classification complete.

Estimating species abundance with Bracken...
 >> Checking for Valid Options...
 >> Running Bracken 
      >> python src/est_abundance.py -i ../zymobiomics_folder/results/runs/run_2205_1556/reports/ZP3_S22.k2report -o ../zymobiomics_folder/processed_data/metagenomic/bracken/ZP3_S22.bracken -k ../data/databases/k2_standard_16gb_20250402/database100mers.kmer_distrib -l S -t 10
>> Checking report file: ../zymobiomics_folder/results/runs/run_2205_1556/reports/ZP3_S22.k2report
PROGRAM START TIME: 05-22-2025 14:58:29
BRACKEN SUMMARY (Kraken report: ../zymobiomics_folder/results/runs/run_2205_1556/reports/ZP3_S22.k2report)
    >>> Threshold: 10 
    >>> Number of species in sample: 129 
	  >> Number of species with reads > threshold: 14 
	  >> Number of species with reads < threshold: 115 
    >>> Total reads in sample: 326854
	  >> Total reads kept at species level (reads > threshold): 33686
	  >> Total reads discarded (species reads < threshold): 239
	  >> Reads distributed: 74644
	  >> Reads not distributed (eg. no species above threshold): 31
	  >> Unclassified reads: 218254
BRACKEN OUTPUT PRODUCED: ../zymobiomics_folder/processed_data/metagenomic/bracken/ZP3_S22.bracken
PROGRAM END TIME: 05-22-2025 14:58:29
  Bracken complete.
✅  Abundance estimated.

Generating Krona visualization...
Writing ../zymobiomics_folder/results/runs/run_2205_1556/krona/ZP3_S22.krona.html...
✅  Krona plot generated.

Metagenomic classification completed in: 00:01:46

Calculating read length statistics...
ZC1_S4_metagenomic.1: mean = 90.3, median = 78.0
ZC2_S5_metagenomic.1: mean = 71.7, median = 63.0
ZC3_S6_metagenomic.1: mean = 78.4, median = 67.0
ZC4_S7_metagenomic.1: mean = 73.4, median = 62.0
ZP1_S20_metagenomic.1: mean = 78.2, median = 69.0
ZP2_S21_metagenomic.1: mean = 73.4, median = 64.0
ZP3_S22_metagenomic.1: mean = 72.0, median = 62.0
ZC1_S4_metagenomic.2: mean = 89.5, median = 78.0
ZC2_S5_metagenomic.2: mean = 71.7, median = 63.0
ZC3_S6_metagenomic.2: mean = 78.1, median = 67.0
ZC4_S7_metagenomic.2: mean = 73.2, median = 62.0
ZP1_S20_metagenomic.2: mean = 78.0, median = 69.0
ZP2_S21_metagenomic.2: mean = 73.1, median = 64.0
ZP3_S22_metagenomic.2: mean = 72.0, median = 63.0
ZC1_S4_classified_1.fastq: mean = 120.3, median = 113.0
ZC1_S4_classified_2.fastq: mean = 118.8, median = 113.0
ZC2_S5_classified_1.fastq: mean = 100.5, median = 94.0
ZC2_S5_classified_2.fastq: mean = 100.3, median = 94.0
ZC3_S6_classified_1.fastq: mean = 109.6, median = 102.0
ZC3_S6_classified_2.fastq: mean = 108.9, median = 102.0
ZC4_S7_classified_1.fastq: mean = 106.7, median = 98.0
ZC4_S7_classified_2.fastq: mean = 105.9, median = 98.0
ZP1_S20_classified_1.fastq: mean = 105.7, median = 99.0
ZP1_S20_classified_2.fastq: mean = 105.3, median = 99.0
ZP2_S21_classified_1.fastq: mean = 102.2, median = 95.0
ZP2_S21_classified_2.fastq: mean = 101.6, median = 95.0
ZP3_S22_classified_1.fastq: mean = 101.2, median = 94.0
ZP3_S22_classified_2.fastq: mean = 101.1, median = 94.0
ZC1_S4_unclassified_1.fastq: mean = 64.1, median = 57.0
ZC1_S4_unclassified_2.fastq: mean = 64.0, median = 57.0
ZC2_S5_unclassified_1.fastq: mean = 58.1, median = 53.0
ZC2_S5_unclassified_2.fastq: mean = 58.1, median = 53.0
ZC3_S6_unclassified_1.fastq: mean = 60.5, median = 54.0
ZC3_S6_unclassified_2.fastq: mean = 60.5, median = 54.0
ZC4_S7_unclassified_1.fastq: mean = 57.3, median = 51.0
ZC4_S7_unclassified_2.fastq: mean = 57.3, median = 51.0
ZP1_S20_unclassified_1.fastq: mean = 60.5, median = 55.0
ZP1_S20_unclassified_2.fastq: mean = 60.5, median = 55.0
ZP2_S21_unclassified_1.fastq: mean = 58.4, median = 53.0
ZP2_S21_unclassified_2.fastq: mean = 58.3, median = 53.0
ZP3_S22_unclassified_1.fastq: mean = 57.4, median = 52.0
ZP3_S22_unclassified_2.fastq: mean = 57.5, median = 52.0
✅ Statistics generated.

Combining Bracken reports...
Combined CSV file saved to: ../zymobiomics_folder/results/runs/run_2205_1556/combined_breports.csv 
✅ Bracken reports combined.

Copying SLURM job logs...
✅ SLURM job logs copied.

================================================= COMPARISON TO GROUND TRUTH =================================================

================================================= METAGENOMIC DIVERSITY ANALYSIS =================================================
Calculating alpha and beta diversity...
✅ Alpha diversity calculated.
null device 
          1 
Heatmap saved to: ../zymobiomics_folder/results/runs/run_2205_1556/diversity/beta_diversity_heatmap.png 
✅ Beta diversity heatmap generated.
✅  Diversity analysis completed successfully.

✅  Pipeline completed successfully.

Copying final SLURM job logs

====================================================== COMPARISON TO OTHER RUNS ======================================================
Skipping run_2105_1617 (already in summary)
Skipping run_2105_1632 (already in summary)
Skipping run_2105_1640 (already in summary)
Skipping run_2005_1744 (already in summary)
Skipping run_2005_1658 (already in summary)
Skipping run_2105_1653 (already in summary)
Skipping run_2005_1730 (already in summary)
Skipping run_2105_1722 (already in summary)
Skipping run_2005_1655 (already in summary)
Skipping run_2005_1637 (already in summary)
Skipping run_2105_1713 (already in summary)
Skipping run_2105_1708 (already in summary)
Skipping run_2105_1700 (already in summary)
Skipping run_2005_1706 (already in summary)
Runs directory: ../zymobiomics_folder/results/runs/
Ground truth file: ../zymobiomics_folder/raw_data//ground_truth.csv
Traceback (most recent call last):
  File "/cephfs/volumes/hpc_data_usr/k24087895/8bae1efe-9269-480e-9bb9-de76b8bdc9e7/final_project/scripts/../scripts/helper_scripts/evaluation_metrics.py", line 43, in <module>
    metadata = pd.read_csv(os.path.join(run_dir, "runs_summary.csv"), index_col=False)
               ^^^^^^^^^^^^^^^^^^^^^^^^^^^^^^^^^^^^^^^^^^^^^^^^^^^^^^^^^^^^^^^^^^^^^^^
  File "/users/k24087895/.conda/envs/metagenomics/lib/python3.12/site-packages/pandas/io/parsers/readers.py", line 1026, in read_csv
    return _read(filepath_or_buffer, kwds)
           ^^^^^^^^^^^^^^^^^^^^^^^^^^^^^^^
  File "/users/k24087895/.conda/envs/metagenomics/lib/python3.12/site-packages/pandas/io/parsers/readers.py", line 626, in _read
    return parser.read(nrows)
           ^^^^^^^^^^^^^^^^^^
  File "/users/k24087895/.conda/envs/metagenomics/lib/python3.12/site-packages/pandas/io/parsers/readers.py", line 1923, in read
    ) = self._engine.read(  # type: ignore[attr-defined]
        ^^^^^^^^^^^^^^^^^^^^^^^^^^^^^^^^^^^^^^^^^^^^^^^^
  File "/users/k24087895/.conda/envs/metagenomics/lib/python3.12/site-packages/pandas/io/parsers/c_parser_wrapper.py", line 234, in read
    chunks = self._reader.read_low_memory(nrows)
             ^^^^^^^^^^^^^^^^^^^^^^^^^^^^^^^^^^^
  File "parsers.pyx", line 838, in pandas._libs.parsers.TextReader.read_low_memory
  File "parsers.pyx", line 905, in pandas._libs.parsers.TextReader._read_rows
  File "parsers.pyx", line 874, in pandas._libs.parsers.TextReader._tokenize_rows
  File "parsers.pyx", line 891, in pandas._libs.parsers.TextReader._check_tokenize_status
  File "parsers.pyx", line 2061, in pandas._libs.parsers.raise_parser_error
pandas.errors.ParserError: Error tokenizing data. C error: Expected 58 fields in line 36, saw 115

❌ Evaluation metrics generation failed!
