
================================================= ARGUMENT PARSING & VALIDATION =================================================

⚠️  Trimming and host DNA removal are optional but must be done once; if skipped, ensure trimmed and filtered files exist in the correct directories.\n
===== Pipeline Configuration Summary =====
Raw FASTQ directory path: /scratch/users/k24087895/final_project/zymobiomics_folder/raw_data
Kraken2/Bracken Database: /scratch/prj/aef_forensic_metagenomics/k2_core_nt_20240904
Ground Truth: /scratch/users/k24087895/final_project/zymobiomics_folder/raw_data/ground_truth.csv ✅
Quality Control & Trimming: Disabled ❌
Host DNA Removal: Disabled ❌

================================================= CONDA ENVIRONMENT ACTIVATION ==================================================

✅ 'metagenomics' environment activated successfully.

====================================================== PROJECT STRUCTURE ======================================================

/scratch/users/k24087895/final_project/zymobiomics_folder
├── processed_data
│   ├── human
│   │   ├── aligned_sam
│   │   ├── bed_files
│   │   └── sorted_bam
│   ├── metagenomic
│   │   ├── bracken
│   │   ├── classified
│   │   ├── filtered_fastq
│   │   ├── kraken2
│   │   └── unclassified
│   └── trimmed
│       ├── paired
│       └── unpaired
├── raw_data
└── results
    ├── fastqc
    │   ├── post_trimming
    │   └── pre_trimming
    ├── host_dna_analysis
    └── runs
        ├── run_0806_2227
        ├── run_0806_2325
        ├── run_0806_2336
        ├── run_0806_2347
        ├── run_0806_2356
        ├── run_0906_0005
        ├── run_0906_0017
        ├── run_0906_0029
        ├── run_0906_0040
        ├── run_0906_0051
        ├── run_0906_0102
        ├── run_0906_0113
        ├── run_0906_0122
        ├── run_0906_0131
        ├── run_0906_0141
        ├── run_0906_0149
        ├── run_0906_0157
        ├── run_0906_0205
        ├── run_0906_0213
        ├── run_0906_0221
        ├── run_0906_0229
        ├── run_0906_0237
        ├── run_0906_0246
        ├── run_0906_0256
        ├── run_0906_0305
        ├── run_0906_0314
        ├── run_0906_0323
        ├── run_0906_0332
        ├── run_0906_0341
        ├── run_0906_0350
        ├── run_0906_0400
        ├── run_0906_0409
        ├── run_0906_0418
        ├── run_0906_0427
        ├── run_0906_0436
        ├── run_0906_0442
        ├── run_0906_0448
        ├── run_0906_0457
        ├── run_0906_0506
        ├── run_0906_0515
        ├── run_0906_0522
        ├── run_0906_0529
        ├── run_0906_0540
        ├── run_0906_0551
        ├── run_0906_0601
        ├── run_0906_0609
        ├── run_0906_0619
        ├── run_0906_0628
        ├── run_0906_0636
        ├── run_0906_0648
        ├── run_0906_0658
        ├── run_0906_0709
        ├── run_0906_0720
        ├── run_0906_0731
        ├── run_0906_0742
        ├── run_0906_0754
        ├── run_0906_0802
        ├── run_0906_0810
        ├── run_0906_0818
        ├── run_0906_0828
        ├── run_0906_0839
        ├── run_0906_0851
        ├── run_0906_0901
        ├── run_0906_0911
        ├── run_0906_0920
        ├── run_0906_0929
        ├── run_0906_0939
        ├── run_0906_0951
        ├── run_0906_1001
        ├── run_0906_1011
        ├── run_0906_1021
        ├── run_0906_1031
        ├── run_0906_1042
        ├── run_0906_1052
        ├── run_0906_1110
        ├── run_0906_1132
        ├── run_0906_1142
        ├── run_0906_1206
        ├── run_0906_1217
        ├── run_0906_1227
        ├── run_0906_1237
        ├── run_0906_1251
        ├── run_0906_1305
        ├── run_0906_1314
        ├── run_0906_1323
        ├── run_0906_1336
        ├── run_0906_1345
        ├── run_0906_1354
        ├── run_0906_1403
        ├── run_0906_1413
        ├── run_0906_1422
        ├── run_0906_1431
        ├── run_0906_1440
        ├── run_0906_1450
        ├── run_0906_1501
        ├── run_0906_1511
        ├── run_0906_1520
        ├── run_0906_1530
        ├── run_0906_1540
        ├── run_0906_1549
        ├── run_0906_1558
        ├── run_0906_1608
        ├── run_0906_1618
        ├── run_0906_1632
        ├── run_0906_1642
        ├── run_0906_1652
        ├── run_0906_1702
        ├── run_0906_1713
        ├── run_0906_1723
        ├── run_0906_1734
        ├── run_0906_1747
        ├── run_0906_1757
        ├── run_0906_1806
        ├── run_0906_1816
        ├── run_0906_1828
        ├── run_0906_1855
        ├── run_0906_1904
        ├── run_0906_1917
        ├── run_0906_1928
        ├── run_0906_1940
        ├── run_0906_1952
        ├── run_0906_2002
        ├── run_0906_2020
        ├── run_0906_2030
        ├── run_0906_2040
        ├── run_0906_2049
        ├── run_0906_2059
        ├── run_0906_2110
        ├── run_0906_2120
        ├── run_0906_2128
        ├── run_0906_2138
        ├── run_0906_2146
        ├── run_0906_2155
        ├── run_0906_2205
        ├── run_0906_2214
        ├── run_0906_2223
        ├── run_1006_1224
        ├── run_1006_1259
        ├── run_1006_1311
        ├── run_1006_1321
        ├── run_1006_1330
        ├── run_1006_1339
        ├── run_1006_1348
        ├── run_1006_1402
        ├── run_1006_1411
        ├── run_1006_1420
        ├── run_1006_1428
        ├── run_1006_1437
        ├── run_1006_1454
        ├── run_1006_1506
        ├── run_1006_1548
        ├── run_1006_1557
        ├── run_1006_1606
        ├── run_1006_1615
        ├── run_1006_1623
        ├── run_1006_1632
        ├── run_1006_1640
        ├── run_1106_1050
        ├── run_1106_1111
        ├── run_1106_1146
        ├── run_1106_1222
        ├── run_1106_1308
        ├── run_1106_1403
        ├── run_1106_1434
        ├── run_1106_1518
        ├── run_1106_1549
        ├── run_1106_1706
        ├── run_1106_1812
        ├── run_1106_1835
        ├── run_1106_1917
        └── run_1106_1949

192 directories
Human DNA-related files (SAM, BAM, and BED) in the 'human' directory are created once per sub-project and remain unchanged across runs.
Intermediate metagenomic files in the 'metagenomic' directory are overwritten with each run and should be inspected beforehand if desired.
Results are stored in the 'results' directory (including FastQC, host DNA analysis, and run-specific results like Kraken2 and Bracken).

================================================= METAGENOMIC ABUNDANCE ESTIMATION =================================================
⚠️  This step assumes reads have already been trimmed with Trimmomatic and host DNA removed with Bowtie2. Processed reads must be in the correct directory.

Processing sample: ZC1_S4

Classifying metagenomic reads with Kraken2...
kraken2 --db "/scratch/prj/aef_forensic_metagenomics/k2_core_nt_20240904" --threads 8 --report "/scratch/users/k24087895/final_project/zymobiomics_folder/results/runs/run_1106_1949/reports/ZC1_S4.k2report" 		--report-minimizer-data --paired --minimum-hit-groups 3 		--classified-out "/scratch/users/k24087895/final_project/zymobiomics_folder/processed_data/metagenomic/classified/ZC1_S4_classified#.fastq" --unclassified-out "/scratch/users/k24087895/final_project/zymobiomics_folder/processed_data/metagenomic/unclassified/ZC1_S4_unclassified#.fastq" 		--output "/scratch/users/k24087895/final_project/zymobiomics_folder/processed_data/metagenomic/kraken2/ZC1_S4.kraken2" --use-names "/scratch/users/k24087895/final_project/zymobiomics_folder/processed_data/metagenomic/filtered_fastq/ZC1_S4_metagenomic.1" "/scratch/users/k24087895/final_project/zymobiomics_folder/processed_data/metagenomic/filtered_fastq/ZC1_S4_metagenomic.2" 2>&1
Loading database information... done.
287710 sequences (51.71 Mbp) processed in 1.787s (9661.9 Kseq/m, 1736.54 Mbp/m).
  278412 sequences classified (96.77%)
  9298 sequences unclassified (3.23%)
✅  Classification complete.

Estimating species abundance with Bracken...
 >> Checking for Valid Options...
 >> Running Bracken 
      >> python src/est_abundance.py -i /scratch/users/k24087895/final_project/zymobiomics_folder/results/runs/run_1106_1949/reports/ZC1_S4.k2report -o /scratch/users/k24087895/final_project/zymobiomics_folder/processed_data/metagenomic/bracken/ZC1_S4.bracken -k /scratch/prj/aef_forensic_metagenomics/k2_core_nt_20240904/database100mers.kmer_distrib -l S -t 10
>> Checking report file: /scratch/users/k24087895/final_project/zymobiomics_folder/results/runs/run_1106_1949/reports/ZC1_S4.k2report
PROGRAM START TIME: 06-11-2025 18:59:19
BRACKEN SUMMARY (Kraken report: /scratch/users/k24087895/final_project/zymobiomics_folder/results/runs/run_1106_1949/reports/ZC1_S4.k2report)
    >>> Threshold: 10 
    >>> Number of species in sample: 816 
	  >> Number of species with reads > threshold: 44 
	  >> Number of species with reads < threshold: 772 
    >>> Total reads in sample: 287710
	  >> Total reads kept at species level (reads > threshold): 98872
	  >> Total reads discarded (species reads < threshold): 1180
	  >> Reads distributed: 178086
	  >> Reads not distributed (eg. no species above threshold): 274
	  >> Unclassified reads: 9298
BRACKEN OUTPUT PRODUCED: /scratch/users/k24087895/final_project/zymobiomics_folder/processed_data/metagenomic/bracken/ZC1_S4.bracken
PROGRAM END TIME: 06-11-2025 18:59:28
  Bracken complete.
✅  Abundance estimated.

Generating Krona visualization...
Writing /scratch/users/k24087895/final_project/zymobiomics_folder/results/runs/run_1106_1949/krona/ZC1_S4.krona.html...
✅  Krona plot generated.

Processing sample: ZC2_S5

Classifying metagenomic reads with Kraken2...
kraken2 --db "/scratch/prj/aef_forensic_metagenomics/k2_core_nt_20240904" --threads 8 --report "/scratch/users/k24087895/final_project/zymobiomics_folder/results/runs/run_1106_1949/reports/ZC2_S5.k2report" 		--report-minimizer-data --paired --minimum-hit-groups 3 		--classified-out "/scratch/users/k24087895/final_project/zymobiomics_folder/processed_data/metagenomic/classified/ZC2_S5_classified#.fastq" --unclassified-out "/scratch/users/k24087895/final_project/zymobiomics_folder/processed_data/metagenomic/unclassified/ZC2_S5_unclassified#.fastq" 		--output "/scratch/users/k24087895/final_project/zymobiomics_folder/processed_data/metagenomic/kraken2/ZC2_S5.kraken2" --use-names "/scratch/users/k24087895/final_project/zymobiomics_folder/processed_data/metagenomic/filtered_fastq/ZC2_S5_metagenomic.1" "/scratch/users/k24087895/final_project/zymobiomics_folder/processed_data/metagenomic/filtered_fastq/ZC2_S5_metagenomic.2" 2>&1
Loading database information... done.
267582 sequences (38.37 Mbp) processed in 1.314s (12217.1 Kseq/m, 1751.75 Mbp/m).
  253705 sequences classified (94.81%)
  13877 sequences unclassified (5.19%)
✅  Classification complete.

Estimating species abundance with Bracken...
 >> Checking for Valid Options...
 >> Running Bracken 
      >> python src/est_abundance.py -i /scratch/users/k24087895/final_project/zymobiomics_folder/results/runs/run_1106_1949/reports/ZC2_S5.k2report -o /scratch/users/k24087895/final_project/zymobiomics_folder/processed_data/metagenomic/bracken/ZC2_S5.bracken -k /scratch/prj/aef_forensic_metagenomics/k2_core_nt_20240904/database100mers.kmer_distrib -l S -t 10
>> Checking report file: /scratch/users/k24087895/final_project/zymobiomics_folder/results/runs/run_1106_1949/reports/ZC2_S5.k2report
PROGRAM START TIME: 06-11-2025 19:01:11
BRACKEN SUMMARY (Kraken report: /scratch/users/k24087895/final_project/zymobiomics_folder/results/runs/run_1106_1949/reports/ZC2_S5.k2report)
    >>> Threshold: 10 
    >>> Number of species in sample: 665 
	  >> Number of species with reads > threshold: 44 
	  >> Number of species with reads < threshold: 621 
    >>> Total reads in sample: 267582
	  >> Total reads kept at species level (reads > threshold): 79509
	  >> Total reads discarded (species reads < threshold): 910
	  >> Reads distributed: 173097
	  >> Reads not distributed (eg. no species above threshold): 189
	  >> Unclassified reads: 13877
BRACKEN OUTPUT PRODUCED: /scratch/users/k24087895/final_project/zymobiomics_folder/processed_data/metagenomic/bracken/ZC2_S5.bracken
PROGRAM END TIME: 06-11-2025 19:01:19
  Bracken complete.
✅  Abundance estimated.

Generating Krona visualization...
Writing /scratch/users/k24087895/final_project/zymobiomics_folder/results/runs/run_1106_1949/krona/ZC2_S5.krona.html...
✅  Krona plot generated.

Processing sample: ZC3_S6

Classifying metagenomic reads with Kraken2...
kraken2 --db "/scratch/prj/aef_forensic_metagenomics/k2_core_nt_20240904" --threads 8 --report "/scratch/users/k24087895/final_project/zymobiomics_folder/results/runs/run_1106_1949/reports/ZC3_S6.k2report" 		--report-minimizer-data --paired --minimum-hit-groups 3 		--classified-out "/scratch/users/k24087895/final_project/zymobiomics_folder/processed_data/metagenomic/classified/ZC3_S6_classified#.fastq" --unclassified-out "/scratch/users/k24087895/final_project/zymobiomics_folder/processed_data/metagenomic/unclassified/ZC3_S6_unclassified#.fastq" 		--output "/scratch/users/k24087895/final_project/zymobiomics_folder/processed_data/metagenomic/kraken2/ZC3_S6.kraken2" --use-names "/scratch/users/k24087895/final_project/zymobiomics_folder/processed_data/metagenomic/filtered_fastq/ZC3_S6_metagenomic.1" "/scratch/users/k24087895/final_project/zymobiomics_folder/processed_data/metagenomic/filtered_fastq/ZC3_S6_metagenomic.2" 2>&1
Loading database information... done.
273941 sequences (42.88 Mbp) processed in 1.268s (12962.6 Kseq/m, 2028.81 Mbp/m).
  260886 sequences classified (95.23%)
  13055 sequences unclassified (4.77%)
✅  Classification complete.

Estimating species abundance with Bracken...
 >> Checking for Valid Options...
 >> Running Bracken 
      >> python src/est_abundance.py -i /scratch/users/k24087895/final_project/zymobiomics_folder/results/runs/run_1106_1949/reports/ZC3_S6.k2report -o /scratch/users/k24087895/final_project/zymobiomics_folder/processed_data/metagenomic/bracken/ZC3_S6.bracken -k /scratch/prj/aef_forensic_metagenomics/k2_core_nt_20240904/database100mers.kmer_distrib -l S -t 10
>> Checking report file: /scratch/users/k24087895/final_project/zymobiomics_folder/results/runs/run_1106_1949/reports/ZC3_S6.k2report
PROGRAM START TIME: 06-11-2025 19:03:02
BRACKEN SUMMARY (Kraken report: /scratch/users/k24087895/final_project/zymobiomics_folder/results/runs/run_1106_1949/reports/ZC3_S6.k2report)
    >>> Threshold: 10 
    >>> Number of species in sample: 682 
	  >> Number of species with reads > threshold: 43 
	  >> Number of species with reads < threshold: 639 
    >>> Total reads in sample: 273941
	  >> Total reads kept at species level (reads > threshold): 90469
	  >> Total reads discarded (species reads < threshold): 959
	  >> Reads distributed: 169311
	  >> Reads not distributed (eg. no species above threshold): 147
	  >> Unclassified reads: 13055
BRACKEN OUTPUT PRODUCED: /scratch/users/k24087895/final_project/zymobiomics_folder/processed_data/metagenomic/bracken/ZC3_S6.bracken
PROGRAM END TIME: 06-11-2025 19:03:10
  Bracken complete.
✅  Abundance estimated.

Generating Krona visualization...
Writing /scratch/users/k24087895/final_project/zymobiomics_folder/results/runs/run_1106_1949/krona/ZC3_S6.krona.html...
✅  Krona plot generated.

Processing sample: ZC4_S7

Classifying metagenomic reads with Kraken2...
kraken2 --db "/scratch/prj/aef_forensic_metagenomics/k2_core_nt_20240904" --threads 8 --report "/scratch/users/k24087895/final_project/zymobiomics_folder/results/runs/run_1106_1949/reports/ZC4_S7.k2report" 		--report-minimizer-data --paired --minimum-hit-groups 3 		--classified-out "/scratch/users/k24087895/final_project/zymobiomics_folder/processed_data/metagenomic/classified/ZC4_S7_classified#.fastq" --unclassified-out "/scratch/users/k24087895/final_project/zymobiomics_folder/processed_data/metagenomic/unclassified/ZC4_S7_unclassified#.fastq" 		--output "/scratch/users/k24087895/final_project/zymobiomics_folder/processed_data/metagenomic/kraken2/ZC4_S7.kraken2" --use-names "/scratch/users/k24087895/final_project/zymobiomics_folder/processed_data/metagenomic/filtered_fastq/ZC4_S7_metagenomic.1" "/scratch/users/k24087895/final_project/zymobiomics_folder/processed_data/metagenomic/filtered_fastq/ZC4_S7_metagenomic.2" 2>&1
Loading database information... done.
238874 sequences (35.00 Mbp) processed in 1.449s (9894.5 Kseq/m, 1449.85 Mbp/m).
  225118 sequences classified (94.24%)
  13756 sequences unclassified (5.76%)
✅  Classification complete.

Estimating species abundance with Bracken...
 >> Checking for Valid Options...
 >> Running Bracken 
      >> python src/est_abundance.py -i /scratch/users/k24087895/final_project/zymobiomics_folder/results/runs/run_1106_1949/reports/ZC4_S7.k2report -o /scratch/users/k24087895/final_project/zymobiomics_folder/processed_data/metagenomic/bracken/ZC4_S7.bracken -k /scratch/prj/aef_forensic_metagenomics/k2_core_nt_20240904/database100mers.kmer_distrib -l S -t 10
>> Checking report file: /scratch/users/k24087895/final_project/zymobiomics_folder/results/runs/run_1106_1949/reports/ZC4_S7.k2report
PROGRAM START TIME: 06-11-2025 19:04:52
BRACKEN SUMMARY (Kraken report: /scratch/users/k24087895/final_project/zymobiomics_folder/results/runs/run_1106_1949/reports/ZC4_S7.k2report)
    >>> Threshold: 10 
    >>> Number of species in sample: 580 
	  >> Number of species with reads > threshold: 36 
	  >> Number of species with reads < threshold: 544 
    >>> Total reads in sample: 238874
	  >> Total reads kept at species level (reads > threshold): 75361
	  >> Total reads discarded (species reads < threshold): 801
	  >> Reads distributed: 148808
	  >> Reads not distributed (eg. no species above threshold): 148
	  >> Unclassified reads: 13756
BRACKEN OUTPUT PRODUCED: /scratch/users/k24087895/final_project/zymobiomics_folder/processed_data/metagenomic/bracken/ZC4_S7.bracken
PROGRAM END TIME: 06-11-2025 19:05:00
  Bracken complete.
✅  Abundance estimated.

Generating Krona visualization...
Writing /scratch/users/k24087895/final_project/zymobiomics_folder/results/runs/run_1106_1949/krona/ZC4_S7.krona.html...
✅  Krona plot generated.

Processing sample: ZP1_S20

Classifying metagenomic reads with Kraken2...
kraken2 --db "/scratch/prj/aef_forensic_metagenomics/k2_core_nt_20240904" --threads 8 --report "/scratch/users/k24087895/final_project/zymobiomics_folder/results/runs/run_1106_1949/reports/ZP1_S20.k2report" 		--report-minimizer-data --paired --minimum-hit-groups 3 		--classified-out "/scratch/users/k24087895/final_project/zymobiomics_folder/processed_data/metagenomic/classified/ZP1_S20_classified#.fastq" --unclassified-out "/scratch/users/k24087895/final_project/zymobiomics_folder/processed_data/metagenomic/unclassified/ZP1_S20_unclassified#.fastq" 		--output "/scratch/users/k24087895/final_project/zymobiomics_folder/processed_data/metagenomic/kraken2/ZP1_S20.kraken2" --use-names "/scratch/users/k24087895/final_project/zymobiomics_folder/processed_data/metagenomic/filtered_fastq/ZP1_S20_metagenomic.1" "/scratch/users/k24087895/final_project/zymobiomics_folder/processed_data/metagenomic/filtered_fastq/ZP1_S20_metagenomic.2" 2>&1
Loading database information... done.
299531 sequences (46.78 Mbp) processed in 1.889s (9513.0 Kseq/m, 1485.86 Mbp/m).
  288127 sequences classified (96.19%)
  11404 sequences unclassified (3.81%)
✅  Classification complete.

Estimating species abundance with Bracken...
 >> Checking for Valid Options...
 >> Running Bracken 
      >> python src/est_abundance.py -i /scratch/users/k24087895/final_project/zymobiomics_folder/results/runs/run_1106_1949/reports/ZP1_S20.k2report -o /scratch/users/k24087895/final_project/zymobiomics_folder/processed_data/metagenomic/bracken/ZP1_S20.bracken -k /scratch/prj/aef_forensic_metagenomics/k2_core_nt_20240904/database100mers.kmer_distrib -l S -t 10
>> Checking report file: /scratch/users/k24087895/final_project/zymobiomics_folder/results/runs/run_1106_1949/reports/ZP1_S20.k2report
PROGRAM START TIME: 06-11-2025 19:06:43
BRACKEN SUMMARY (Kraken report: /scratch/users/k24087895/final_project/zymobiomics_folder/results/runs/run_1106_1949/reports/ZP1_S20.k2report)
    >>> Threshold: 10 
    >>> Number of species in sample: 706 
	  >> Number of species with reads > threshold: 44 
	  >> Number of species with reads < threshold: 662 
    >>> Total reads in sample: 299531
	  >> Total reads kept at species level (reads > threshold): 95753
	  >> Total reads discarded (species reads < threshold): 992
	  >> Reads distributed: 191192
	  >> Reads not distributed (eg. no species above threshold): 190
	  >> Unclassified reads: 11404
BRACKEN OUTPUT PRODUCED: /scratch/users/k24087895/final_project/zymobiomics_folder/processed_data/metagenomic/bracken/ZP1_S20.bracken
PROGRAM END TIME: 06-11-2025 19:06:51
  Bracken complete.
✅  Abundance estimated.

Generating Krona visualization...
Writing /scratch/users/k24087895/final_project/zymobiomics_folder/results/runs/run_1106_1949/krona/ZP1_S20.krona.html...
✅  Krona plot generated.

Processing sample: ZP2_S21

Classifying metagenomic reads with Kraken2...
kraken2 --db "/scratch/prj/aef_forensic_metagenomics/k2_core_nt_20240904" --threads 8 --report "/scratch/users/k24087895/final_project/zymobiomics_folder/results/runs/run_1106_1949/reports/ZP2_S21.k2report" 		--report-minimizer-data --paired --minimum-hit-groups 3 		--classified-out "/scratch/users/k24087895/final_project/zymobiomics_folder/processed_data/metagenomic/classified/ZP2_S21_classified#.fastq" --unclassified-out "/scratch/users/k24087895/final_project/zymobiomics_folder/processed_data/metagenomic/unclassified/ZP2_S21_unclassified#.fastq" 		--output "/scratch/users/k24087895/final_project/zymobiomics_folder/processed_data/metagenomic/kraken2/ZP2_S21.kraken2" --use-names "/scratch/users/k24087895/final_project/zymobiomics_folder/processed_data/metagenomic/filtered_fastq/ZP2_S21_metagenomic.1" "/scratch/users/k24087895/final_project/zymobiomics_folder/processed_data/metagenomic/filtered_fastq/ZP2_S21_metagenomic.2" 2>&1
Loading database information... done.
293442 sequences (42.99 Mbp) processed in 1.431s (12306.4 Kseq/m, 1802.95 Mbp/m).
  279100 sequences classified (95.11%)
  14342 sequences unclassified (4.89%)
✅  Classification complete.

Estimating species abundance with Bracken...
 >> Checking for Valid Options...
 >> Running Bracken 
      >> python src/est_abundance.py -i /scratch/users/k24087895/final_project/zymobiomics_folder/results/runs/run_1106_1949/reports/ZP2_S21.k2report -o /scratch/users/k24087895/final_project/zymobiomics_folder/processed_data/metagenomic/bracken/ZP2_S21.bracken -k /scratch/prj/aef_forensic_metagenomics/k2_core_nt_20240904/database100mers.kmer_distrib -l S -t 10
>> Checking report file: /scratch/users/k24087895/final_project/zymobiomics_folder/results/runs/run_1106_1949/reports/ZP2_S21.k2report
PROGRAM START TIME: 06-11-2025 19:08:34
BRACKEN SUMMARY (Kraken report: /scratch/users/k24087895/final_project/zymobiomics_folder/results/runs/run_1106_1949/reports/ZP2_S21.k2report)
    >>> Threshold: 10 
    >>> Number of species in sample: 713 
	  >> Number of species with reads > threshold: 42 
	  >> Number of species with reads < threshold: 671 
    >>> Total reads in sample: 293442
	  >> Total reads kept at species level (reads > threshold): 90390
	  >> Total reads discarded (species reads < threshold): 1015
	  >> Reads distributed: 187505
	  >> Reads not distributed (eg. no species above threshold): 190
	  >> Unclassified reads: 14342
BRACKEN OUTPUT PRODUCED: /scratch/users/k24087895/final_project/zymobiomics_folder/processed_data/metagenomic/bracken/ZP2_S21.bracken
PROGRAM END TIME: 06-11-2025 19:08:41
  Bracken complete.
✅  Abundance estimated.

Generating Krona visualization...
Writing /scratch/users/k24087895/final_project/zymobiomics_folder/results/runs/run_1106_1949/krona/ZP2_S21.krona.html...
✅  Krona plot generated.

Processing sample: ZP3_S22

Classifying metagenomic reads with Kraken2...
kraken2 --db "/scratch/prj/aef_forensic_metagenomics/k2_core_nt_20240904" --threads 8 --report "/scratch/users/k24087895/final_project/zymobiomics_folder/results/runs/run_1106_1949/reports/ZP3_S22.k2report" 		--report-minimizer-data --paired --minimum-hit-groups 3 		--classified-out "/scratch/users/k24087895/final_project/zymobiomics_folder/processed_data/metagenomic/classified/ZP3_S22_classified#.fastq" --unclassified-out "/scratch/users/k24087895/final_project/zymobiomics_folder/processed_data/metagenomic/unclassified/ZP3_S22_unclassified#.fastq" 		--output "/scratch/users/k24087895/final_project/zymobiomics_folder/processed_data/metagenomic/kraken2/ZP3_S22.kraken2" --use-names "/scratch/users/k24087895/final_project/zymobiomics_folder/processed_data/metagenomic/filtered_fastq/ZP3_S22_metagenomic.1" "/scratch/users/k24087895/final_project/zymobiomics_folder/processed_data/metagenomic/filtered_fastq/ZP3_S22_metagenomic.2" 2>&1
Loading database information... done.
326854 sequences (47.05 Mbp) processed in 1.538s (12747.1 Kseq/m, 1834.85 Mbp/m).
  310540 sequences classified (95.01%)
  16314 sequences unclassified (4.99%)
✅  Classification complete.

Estimating species abundance with Bracken...
 >> Checking for Valid Options...
 >> Running Bracken 
      >> python src/est_abundance.py -i /scratch/users/k24087895/final_project/zymobiomics_folder/results/runs/run_1106_1949/reports/ZP3_S22.k2report -o /scratch/users/k24087895/final_project/zymobiomics_folder/processed_data/metagenomic/bracken/ZP3_S22.bracken -k /scratch/prj/aef_forensic_metagenomics/k2_core_nt_20240904/database100mers.kmer_distrib -l S -t 10
>> Checking report file: /scratch/users/k24087895/final_project/zymobiomics_folder/results/runs/run_1106_1949/reports/ZP3_S22.k2report
PROGRAM START TIME: 06-11-2025 19:10:24
BRACKEN SUMMARY (Kraken report: /scratch/users/k24087895/final_project/zymobiomics_folder/results/runs/run_1106_1949/reports/ZP3_S22.k2report)
    >>> Threshold: 10 
    >>> Number of species in sample: 668 
	  >> Number of species with reads > threshold: 45 
	  >> Number of species with reads < threshold: 623 
    >>> Total reads in sample: 326854
	  >> Total reads kept at species level (reads > threshold): 99415
	  >> Total reads discarded (species reads < threshold): 952
	  >> Reads distributed: 209989
	  >> Reads not distributed (eg. no species above threshold): 184
	  >> Unclassified reads: 16314
BRACKEN OUTPUT PRODUCED: /scratch/users/k24087895/final_project/zymobiomics_folder/processed_data/metagenomic/bracken/ZP3_S22.bracken
PROGRAM END TIME: 06-11-2025 19:10:32
  Bracken complete.
✅  Abundance estimated.

Generating Krona visualization...
Writing /scratch/users/k24087895/final_project/zymobiomics_folder/results/runs/run_1106_1949/krona/ZP3_S22.krona.html...
✅  Krona plot generated.

Metagenomic classification completed in: 00:20:46

Calculating read length statistics...
ZC1_S4_metagenomic.1: mean = 90.3, median = 78.0
ZC2_S5_metagenomic.1: mean = 71.7, median = 63.0
ZC3_S6_metagenomic.1: mean = 78.4, median = 67.0
ZC4_S7_metagenomic.1: mean = 73.4, median = 62.0
ZP1_S20_metagenomic.1: mean = 78.2, median = 69.0
ZP2_S21_metagenomic.1: mean = 73.4, median = 64.0
ZP3_S22_metagenomic.1: mean = 72.0, median = 62.0
ZC1_S4_metagenomic.2: mean = 89.5, median = 78.0
ZC2_S5_metagenomic.2: mean = 71.7, median = 63.0
ZC3_S6_metagenomic.2: mean = 78.1, median = 67.0
ZC4_S7_metagenomic.2: mean = 73.2, median = 62.0
ZP1_S20_metagenomic.2: mean = 78.0, median = 69.0
ZP2_S21_metagenomic.2: mean = 73.1, median = 64.0
ZP3_S22_metagenomic.2: mean = 72.0, median = 63.0
ZC1_S4_classified_1.fastq: mean = 91.9, median = 80.0
ZC1_S4_classified_2.fastq: mean = 91.1, median = 80.0
ZC2_S5_classified_1.fastq: mean = 73.5, median = 64.0
ZC2_S5_classified_2.fastq: mean = 73.4, median = 65.0
ZC3_S6_classified_1.fastq: mean = 80.3, median = 69.0
ZC3_S6_classified_2.fastq: mean = 80.0, median = 69.0
ZC4_S7_classified_1.fastq: mean = 75.5, median = 64.0
ZC4_S7_classified_2.fastq: mean = 75.2, median = 64.0
ZP1_S20_classified_1.fastq: mean = 79.7, median = 70.0
ZP1_S20_classified_2.fastq: mean = 79.5, median = 71.0
ZP2_S21_classified_1.fastq: mean = 75.1, median = 66.0
ZP2_S21_classified_2.fastq: mean = 74.9, median = 66.0
ZP3_S22_classified_1.fastq: mean = 73.7, median = 64.0
ZP3_S22_classified_2.fastq: mean = 73.7, median = 64.0
ZC1_S4_unclassified_1.fastq: mean = 40.1, median = 36.0
ZC1_S4_unclassified_2.fastq: mean = 40.1, median = 36.0
ZC2_S5_unclassified_1.fastq: mean = 39.2, median = 36.0
ZC2_S5_unclassified_2.fastq: mean = 39.2, median = 36.0
ZC3_S6_unclassified_1.fastq: mean = 40.2, median = 36.0
ZC3_S6_unclassified_2.fastq: mean = 40.2, median = 36.0
ZC4_S7_unclassified_1.fastq: mean = 39.1, median = 36.0
ZC4_S7_unclassified_2.fastq: mean = 39.1, median = 36.0
ZP1_S20_unclassified_1.fastq: mean = 39.4, median = 36.0
ZP1_S20_unclassified_2.fastq: mean = 39.3, median = 36.0
ZP2_S21_unclassified_1.fastq: mean = 39.4, median = 36.0
ZP2_S21_unclassified_2.fastq: mean = 39.3, median = 36.0
ZP3_S22_unclassified_1.fastq: mean = 38.7, median = 36.0
ZP3_S22_unclassified_2.fastq: mean = 38.6, median = 36.0
✅ Statistics generated.

Combining Bracken reports...
✅ Bracken reports combined.

Copying SLURM job logs...
✅ SLURM job logs copied.

================================================= COMPARISON TO GROUND TRUTH =================================================

================================================= METAGENOMIC DIVERSITY ANALYSIS =================================================
Calculating alpha and beta diversity...
✅ Alpha diversity calculated.
✅ Beta diversity heatmap generated.
✅  Diversity analysis completed successfully.

✅  Pipeline completed successfully.

Copying final SLURM job logs

====================================================== COMPARISON TO OTHER RUNS ======================================================
Skipping run_1006_1402 (already in summary)
Skipping run_0906_1042 (already in summary)
Skipping run_0906_0051 (already in summary)
Skipping run_0906_2040 (already in summary)
Skipping run_0906_1440 (already in summary)
Skipping run_0806_2325 (already in summary)
Skipping run_0906_0609 (already in summary)
Skipping run_0906_0305 (already in summary)
Skipping run_0906_1110 (already in summary)
Skipping run_0906_1251 (already in summary)
Skipping run_0906_0828 (already in summary)
Skipping run_0906_0029 (already in summary)
Skipping run_0806_2336 (already in summary)
Skipping run_0906_0314 (already in summary)
Skipping run_0906_1816 (already in summary)
Skipping run_1106_1434 (already in summary)
Skipping run_0906_1618 (already in summary)
Skipping run_0906_1001 (already in summary)
Skipping run_0906_0839 (already in summary)
Skipping run_0906_0601 (already in summary)
Skipping run_0906_2002 (already in summary)
Skipping run_0906_0901 (already in summary)
Skipping run_0906_1217 (already in summary)
Skipping run_0906_0040 (already in summary)
Skipping run_0906_0619 (already in summary)
Skipping run_0906_0658 (already in summary)
Skipping run_0906_2205 (already in summary)
Skipping run_0906_0113 (already in summary)
Skipping run_1006_1339 (already in summary)
Skipping run_0906_0213 (already in summary)
Skipping run_1006_1420 (already in summary)
Skipping run_0906_0648 (already in summary)
Skipping run_0906_1305 (already in summary)
Skipping run_0906_1227 (already in summary)
Skipping run_0906_0709 (already in summary)
Skipping run_0906_0951 (already in summary)
Skipping run_0906_1952 (already in summary)
Skipping run_1006_1411 (already in summary)
Skipping run_0906_0017 (already in summary)
Skipping run_1006_1640 (already in summary)
Skipping run_0906_1403 (already in summary)
Skipping run_0906_0540 (already in summary)
Skipping run_0906_0754 (already in summary)
Skipping run_0906_1450 (already in summary)
Skipping run_0906_2020 (already in summary)
Skipping run_0906_1747 (already in summary)
Skipping run_1006_1311 (already in summary)
Skipping run_1106_1835 (already in summary)
Skipping run_0906_0122 (already in summary)
Skipping run_0906_1206 (already in summary)
Skipping run_0906_0102 (already in summary)
Skipping run_0906_0911 (already in summary)
Skipping run_0906_1431 (already in summary)
Skipping run_0906_2146 (already in summary)
Skipping run_0906_0229 (already in summary)
Skipping run_0906_0731 (already in summary)
Skipping run_0906_1713 (already in summary)
Skipping run_0906_1652 (already in summary)
Skipping run_0906_2128 (already in summary)
Skipping run_1006_1632 (already in summary)
Skipping run_0906_0529 (already in summary)
Skipping run_0906_0448 (already in summary)
Skipping run_0906_1142 (already in summary)
Skipping run_0906_1723 (already in summary)
Skipping run_0906_2138 (already in summary)
Skipping run_0806_2347 (already in summary)
Skipping run_0906_0418 (already in summary)
Skipping run_0906_0205 (already in summary)
Skipping run_1006_1259 (already in summary)
Skipping run_0906_0810 (already in summary)
Skipping run_0906_2223 (already in summary)
Skipping run_0906_0851 (already in summary)
Skipping run_0906_0131 (already in summary)
Skipping run_1006_1548 (already in summary)
Skipping run_0906_0332 (already in summary)
Skipping run_0906_2214 (already in summary)
Skipping run_0906_0720 (already in summary)
Skipping run_0906_1354 (already in summary)
Skipping run_1106_1222 (already in summary)
Skipping run_0906_1132 (already in summary)
Skipping run_1106_1812 (already in summary)
Skipping run_1006_1506 (already in summary)
Skipping run_0906_1530 (already in summary)
Skipping run_0906_0341 (already in summary)
Skipping run_0906_1549 (already in summary)
Skipping run_1106_1308 (already in summary)
Skipping run_0806_2356 (already in summary)
Skipping run_0906_0551 (already in summary)
Skipping run_0906_0457 (already in summary)
Skipping run_1006_1606 (already in summary)
Skipping run_0906_0157 (already in summary)
Skipping run_0906_1828 (already in summary)
Skipping run_0906_1031 (already in summary)
Skipping run_0906_0141 (already in summary)
Skipping run_0906_1323 (already in summary)
Skipping run_0906_0400 (already in summary)
Skipping run_1106_1050 (already in summary)
Skipping run_0906_0427 (already in summary)
Skipping run_1006_1454 (already in summary)
Skipping run_0906_0221 (already in summary)
Skipping run_0906_2030 (already in summary)
Skipping run_0906_0818 (already in summary)
Skipping run_1006_1224 (already in summary)
Skipping run_0906_0246 (already in summary)
Skipping run_1106_1706 (already in summary)
Skipping run_0906_1011 (already in summary)
Skipping run_1006_1623 (already in summary)
Skipping run_0906_1855 (already in summary)
Skipping run_0906_1734 (already in summary)
Skipping run_0906_0742 (already in summary)
Skipping run_0906_1632 (already in summary)
Skipping run_0906_1345 (already in summary)
Skipping run_0906_1314 (already in summary)
Skipping run_0906_0636 (already in summary)
Skipping run_0906_1608 (already in summary)
Skipping run_0906_1520 (already in summary)
Skipping run_0906_0149 (already in summary)
Skipping run_0906_1422 (already in summary)
Skipping run_0906_0005 (already in summary)
Skipping run_0906_1052 (already in summary)
Skipping run_1106_1403 (already in summary)
Skipping run_1106_1146 (already in summary)
Skipping run_0906_1501 (already in summary)
Skipping run_1106_1917 (already in summary)
Skipping run_0906_1917 (already in summary)
Skipping run_0906_1021 (already in summary)
Skipping run_0906_1336 (already in summary)
Skipping run_0906_1540 (already in summary)
Skipping run_0906_1806 (already in summary)
Skipping run_1006_1428 (already in summary)
Skipping run_0906_0920 (already in summary)
Skipping run_0906_0237 (already in summary)
Skipping run_0906_1642 (already in summary)
Skipping run_0906_0256 (already in summary)
Skipping run_0906_2049 (already in summary)
Skipping run_1006_1615 (already in summary)
Skipping run_0906_1904 (already in summary)
Skipping run_1006_1557 (already in summary)
Skipping run_0906_2059 (already in summary)
Skipping run_0906_1702 (already in summary)
Skipping run_0906_1558 (already in summary)
Skipping run_0906_0323 (already in summary)
Skipping run_0906_2155 (already in summary)
Skipping run_0906_0802 (already in summary)
Skipping run_1006_1437 (already in summary)
Skipping run_1106_1549 (already in summary)
Skipping run_0906_0409 (already in summary)
Skipping run_0906_0939 (already in summary)
Skipping run_1006_1348 (already in summary)
Skipping run_0906_2120 (already in summary)
Skipping run_0906_0929 (already in summary)
Skipping run_0906_1511 (already in summary)
Skipping run_0906_0506 (already in summary)
Skipping run_0806_2227 (already in summary)
Skipping run_1006_1321 (already in summary)
Skipping run_0906_2110 (already in summary)
Skipping run_0906_1757 (already in summary)
Skipping run_0906_1940 (already in summary)
Skipping run_1106_1111 (already in summary)
Skipping run_0906_1928 (already in summary)
Skipping run_0906_0628 (already in summary)
Skipping run_1006_1330 (already in summary)
Skipping run_0906_1413 (already in summary)
Skipping run_0906_0350 (already in summary)
Skipping run_0906_1237 (already in summary)
❌ Downstream analysis failed.
