
================================================= ARGUMENT PARSING & VALIDATION =================================================

Raw FASTQ directory path: ../zymobiomics_folder/raw_data/
⚠️ Warning: No Bowtie2 index provided. Using default: ../data/bowtie_index/GRCh38_noalt_as/GRCh38_noalt_as
✅ Trimming enabled.
Quality Control & Trimming: Enabled ✅
⚠️ Optional, but must be done at least once on the raw reads for the pipeline to work.

Host DNA Removal: Enabled ✅
Bowtie2 Index Prefix: ../data/bowtie_index/GRCh38_noalt_as/GRCh38_noalt_as
⚠️ Optional, but must be done at least once on the trimmed reads for the pipeline to work.

Kraken2/Bracken Database: ../data/databases/k2_standard_16gb_20241228

================================================= CONDA ENVIRONMENT ACTIVATION ==================================================

✅ 'metagenomics' environment activated successfully.

====================================================== PROJECT STRUCTURE ======================================================

../zymobiomics_folder
├── processed_data
│   ├── human
│   │   ├── aligned_sam
│   │   ├── bed_files
│   │   └── sorted_bam
│   ├── metagenomic
│   │   ├── bracken
│   │   ├── classified
│   │   ├── filtered_fastq
│   │   ├── kraken2
│   │   └── unclassified
│   └── trimmed
│       ├── paired
│       └── unpaired
├── raw_data
└── results
    ├── fastqc
    │   ├── post_trimming
    │   └── pre_trimming
    ├── host_dna_analysis
    └── runs
        ├── run_0205_1620
        └── run_0205_1819

23 directories
Human DNA-related files (SAM, BAM, and BED) in the 'human' directory are created once per sub-project and remain unchanged across runs.
Intermediate metagenomic files in the 'metagenomic' directory are overwritten with each run and should be inspected beforehand if desired.
Results are stored in the 'results' directory (including FastQC, host DNA analysis, and run-specific results like Kraken2 and Bracken).

=================================================== QUALITY CONTROL & TRIMMING ===================================================


Running FastQC on all raw reads...
application/gzip
application/gzip
application/gzip
application/gzip
application/gzip
application/gzip
application/gzip
application/gzip
application/gzip
application/gzip
application/gzip
application/gzip
application/gzip
application/gzip
Analysis complete for ZC1_S4_L001_R1_001.fastq.gz
Analysis complete for ZC1_S4_L001_R2_001.fastq.gz
Analysis complete for ZC2_S5_L001_R1_001.fastq.gz
Analysis complete for ZC2_S5_L001_R2_001.fastq.gz
Analysis complete for ZC3_S6_L001_R1_001.fastq.gz
Analysis complete for ZC3_S6_L001_R2_001.fastq.gz
Analysis complete for ZC4_S7_L001_R1_001.fastq.gz
Analysis complete for ZC4_S7_L001_R2_001.fastq.gz
Analysis complete for ZP1_S20_L001_R1_001.fastq.gz
Analysis complete for ZP1_S20_L001_R2_001.fastq.gz
Analysis complete for ZP2_S21_L001_R1_001.fastq.gz
Analysis complete for ZP2_S21_L001_R2_001.fastq.gz
Analysis complete for ZP3_S22_L001_R1_001.fastq.gz
Analysis complete for ZP3_S22_L001_R2_001.fastq.gz
✅ FastQC completed successfully.

/// MultiQC 🔍 v1.28

       file_search | Search path: /cephfs/volumes/hpc_data_usr/k24087895/8bae1efe-9269-480e-9bb9-de76b8bdc9e7/final_project/zymobiomics_folder/results/fastqc/pre_trimming

            fastqc | Found 14 reports

     write_results | Data        : None
     write_results | Report      : /cephfs/volumes/hpc_data_usr/k24087895/8bae1efe-9269-480e-9bb9-de76b8bdc9e7/final_project/zymobiomics_folder/results/fastqc/pre_trimming/multiqc_report.html   (overwritten)
           multiqc | MultiQC complete
✅ MultiQC report generated successfully.

Running Trimmomatic...
TrimmomaticPE: Started with arguments:
 -phred33 -threads 4 ../zymobiomics_folder/raw_data//ZC1_S4_L001_R1_001.fastq.gz ../zymobiomics_folder/raw_data//ZC1_S4_L001_R2_001.fastq.gz ../zymobiomics_folder/raw_data//../processed_data/trimmed/paired/ZC1_S4_R1_paired.fastq.gz ../zymobiomics_folder/raw_data//../processed_data/trimmed/unpaired/ZC1_S4_R1_unpaired.fastq.gz ../zymobiomics_folder/raw_data//../processed_data/trimmed/paired/ZC1_S4_R2_paired.fastq.gz ../zymobiomics_folder/raw_data//../processed_data/trimmed/unpaired/ZC1_S4_R2_unpaired.fastq.gz ILLUMINACLIP:/scratch/users/k24087895/final_project/data/adapters/TruSeq3-PE-2.fa:2:30:10:8:true HEADCROP:5 LEADING:5 CROP:240 SLIDINGWINDOW:4:15 TRAILING:10 MINLEN:35
Using PrefixPair: 'TACACTCTTTCCCTACACGACGCTCTTCCGATCT' and 'GTGACTGGAGTTCAGACGTGTGCTCTTCCGATCT'
Using Long Clipping Sequence: 'AGATCGGAAGAGCGTCGTGTAGGGAAAGAGTGTA'
Using Long Clipping Sequence: 'AGATCGGAAGAGCACACGTCTGAACTCCAGTCAC'
Using Long Clipping Sequence: 'GTGACTGGAGTTCAGACGTGTGCTCTTCCGATCT'
Using Long Clipping Sequence: 'TACACTCTTTCCCTACACGACGCTCTTCCGATCT'
ILLUMINACLIP: Using 1 prefix pairs, 4 forward/reverse sequences, 0 forward only sequences, 0 reverse only sequences
Input Read Pairs: 327187 Both Surviving: 287711 (87.93%) Forward Only Surviving: 4646 (1.42%) Reverse Only Surviving: 1206 (0.37%) Dropped: 33624 (10.28%)
TrimmomaticPE: Completed successfully
✅ Trimmed ZC1_S4!

TrimmomaticPE: Started with arguments:
 -phred33 -threads 4 ../zymobiomics_folder/raw_data//ZC2_S5_L001_R1_001.fastq.gz ../zymobiomics_folder/raw_data//ZC2_S5_L001_R2_001.fastq.gz ../zymobiomics_folder/raw_data//../processed_data/trimmed/paired/ZC2_S5_R1_paired.fastq.gz ../zymobiomics_folder/raw_data//../processed_data/trimmed/unpaired/ZC2_S5_R1_unpaired.fastq.gz ../zymobiomics_folder/raw_data//../processed_data/trimmed/paired/ZC2_S5_R2_paired.fastq.gz ../zymobiomics_folder/raw_data//../processed_data/trimmed/unpaired/ZC2_S5_R2_unpaired.fastq.gz ILLUMINACLIP:/scratch/users/k24087895/final_project/data/adapters/TruSeq3-PE-2.fa:2:30:10:8:true HEADCROP:5 LEADING:5 CROP:240 SLIDINGWINDOW:4:15 TRAILING:10 MINLEN:35
Using PrefixPair: 'TACACTCTTTCCCTACACGACGCTCTTCCGATCT' and 'GTGACTGGAGTTCAGACGTGTGCTCTTCCGATCT'
Using Long Clipping Sequence: 'AGATCGGAAGAGCGTCGTGTAGGGAAAGAGTGTA'
Using Long Clipping Sequence: 'AGATCGGAAGAGCACACGTCTGAACTCCAGTCAC'
Using Long Clipping Sequence: 'GTGACTGGAGTTCAGACGTGTGCTCTTCCGATCT'
Using Long Clipping Sequence: 'TACACTCTTTCCCTACACGACGCTCTTCCGATCT'
ILLUMINACLIP: Using 1 prefix pairs, 4 forward/reverse sequences, 0 forward only sequences, 0 reverse only sequences
Input Read Pairs: 331292 Both Surviving: 267582 (80.77%) Forward Only Surviving: 3491 (1.05%) Reverse Only Surviving: 1313 (0.40%) Dropped: 58906 (17.78%)
TrimmomaticPE: Completed successfully
✅ Trimmed ZC2_S5!

TrimmomaticPE: Started with arguments:
 -phred33 -threads 4 ../zymobiomics_folder/raw_data//ZC3_S6_L001_R1_001.fastq.gz ../zymobiomics_folder/raw_data//ZC3_S6_L001_R2_001.fastq.gz ../zymobiomics_folder/raw_data//../processed_data/trimmed/paired/ZC3_S6_R1_paired.fastq.gz ../zymobiomics_folder/raw_data//../processed_data/trimmed/unpaired/ZC3_S6_R1_unpaired.fastq.gz ../zymobiomics_folder/raw_data//../processed_data/trimmed/paired/ZC3_S6_R2_paired.fastq.gz ../zymobiomics_folder/raw_data//../processed_data/trimmed/unpaired/ZC3_S6_R2_unpaired.fastq.gz ILLUMINACLIP:/scratch/users/k24087895/final_project/data/adapters/TruSeq3-PE-2.fa:2:30:10:8:true HEADCROP:5 LEADING:5 CROP:240 SLIDINGWINDOW:4:15 TRAILING:10 MINLEN:35
Using PrefixPair: 'TACACTCTTTCCCTACACGACGCTCTTCCGATCT' and 'GTGACTGGAGTTCAGACGTGTGCTCTTCCGATCT'
Using Long Clipping Sequence: 'AGATCGGAAGAGCGTCGTGTAGGGAAAGAGTGTA'
Using Long Clipping Sequence: 'AGATCGGAAGAGCACACGTCTGAACTCCAGTCAC'
Using Long Clipping Sequence: 'GTGACTGGAGTTCAGACGTGTGCTCTTCCGATCT'
Using Long Clipping Sequence: 'TACACTCTTTCCCTACACGACGCTCTTCCGATCT'
ILLUMINACLIP: Using 1 prefix pairs, 4 forward/reverse sequences, 0 forward only sequences, 0 reverse only sequences
Input Read Pairs: 328660 Both Surviving: 273943 (83.35%) Forward Only Surviving: 3540 (1.08%) Reverse Only Surviving: 1306 (0.40%) Dropped: 49871 (15.17%)
TrimmomaticPE: Completed successfully
✅ Trimmed ZC3_S6!

TrimmomaticPE: Started with arguments:
 -phred33 -threads 4 ../zymobiomics_folder/raw_data//ZC4_S7_L001_R1_001.fastq.gz ../zymobiomics_folder/raw_data//ZC4_S7_L001_R2_001.fastq.gz ../zymobiomics_folder/raw_data//../processed_data/trimmed/paired/ZC4_S7_R1_paired.fastq.gz ../zymobiomics_folder/raw_data//../processed_data/trimmed/unpaired/ZC4_S7_R1_unpaired.fastq.gz ../zymobiomics_folder/raw_data//../processed_data/trimmed/paired/ZC4_S7_R2_paired.fastq.gz ../zymobiomics_folder/raw_data//../processed_data/trimmed/unpaired/ZC4_S7_R2_unpaired.fastq.gz ILLUMINACLIP:/scratch/users/k24087895/final_project/data/adapters/TruSeq3-PE-2.fa:2:30:10:8:true HEADCROP:5 LEADING:5 CROP:240 SLIDINGWINDOW:4:15 TRAILING:10 MINLEN:35
Using PrefixPair: 'TACACTCTTTCCCTACACGACGCTCTTCCGATCT' and 'GTGACTGGAGTTCAGACGTGTGCTCTTCCGATCT'
Using Long Clipping Sequence: 'AGATCGGAAGAGCGTCGTGTAGGGAAAGAGTGTA'
Using Long Clipping Sequence: 'AGATCGGAAGAGCACACGTCTGAACTCCAGTCAC'
Using Long Clipping Sequence: 'GTGACTGGAGTTCAGACGTGTGCTCTTCCGATCT'
Using Long Clipping Sequence: 'TACACTCTTTCCCTACACGACGCTCTTCCGATCT'
ILLUMINACLIP: Using 1 prefix pairs, 4 forward/reverse sequences, 0 forward only sequences, 0 reverse only sequences
Input Read Pairs: 298033 Both Surviving: 238875 (80.15%) Forward Only Surviving: 3147 (1.06%) Reverse Only Surviving: 1202 (0.40%) Dropped: 54809 (18.39%)
TrimmomaticPE: Completed successfully
✅ Trimmed ZC4_S7!

TrimmomaticPE: Started with arguments:
 -phred33 -threads 4 ../zymobiomics_folder/raw_data//ZP1_S20_L001_R1_001.fastq.gz ../zymobiomics_folder/raw_data//ZP1_S20_L001_R2_001.fastq.gz ../zymobiomics_folder/raw_data//../processed_data/trimmed/paired/ZP1_S20_R1_paired.fastq.gz ../zymobiomics_folder/raw_data//../processed_data/trimmed/unpaired/ZP1_S20_R1_unpaired.fastq.gz ../zymobiomics_folder/raw_data//../processed_data/trimmed/paired/ZP1_S20_R2_paired.fastq.gz ../zymobiomics_folder/raw_data//../processed_data/trimmed/unpaired/ZP1_S20_R2_unpaired.fastq.gz ILLUMINACLIP:/scratch/users/k24087895/final_project/data/adapters/TruSeq3-PE-2.fa:2:30:10:8:true HEADCROP:5 LEADING:5 CROP:240 SLIDINGWINDOW:4:15 TRAILING:10 MINLEN:35
Using PrefixPair: 'TACACTCTTTCCCTACACGACGCTCTTCCGATCT' and 'GTGACTGGAGTTCAGACGTGTGCTCTTCCGATCT'
Using Long Clipping Sequence: 'AGATCGGAAGAGCGTCGTGTAGGGAAAGAGTGTA'
Using Long Clipping Sequence: 'AGATCGGAAGAGCACACGTCTGAACTCCAGTCAC'
Using Long Clipping Sequence: 'GTGACTGGAGTTCAGACGTGTGCTCTTCCGATCT'
Using Long Clipping Sequence: 'TACACTCTTTCCCTACACGACGCTCTTCCGATCT'
ILLUMINACLIP: Using 1 prefix pairs, 4 forward/reverse sequences, 0 forward only sequences, 0 reverse only sequences
Input Read Pairs: 349154 Both Surviving: 299533 (85.79%) Forward Only Surviving: 4651 (1.33%) Reverse Only Surviving: 1387 (0.40%) Dropped: 43583 (12.48%)
TrimmomaticPE: Completed successfully
✅ Trimmed ZP1_S20!

TrimmomaticPE: Started with arguments:
 -phred33 -threads 4 ../zymobiomics_folder/raw_data//ZP2_S21_L001_R1_001.fastq.gz ../zymobiomics_folder/raw_data//ZP2_S21_L001_R2_001.fastq.gz ../zymobiomics_folder/raw_data//../processed_data/trimmed/paired/ZP2_S21_R1_paired.fastq.gz ../zymobiomics_folder/raw_data//../processed_data/trimmed/unpaired/ZP2_S21_R1_unpaired.fastq.gz ../zymobiomics_folder/raw_data//../processed_data/trimmed/paired/ZP2_S21_R2_paired.fastq.gz ../zymobiomics_folder/raw_data//../processed_data/trimmed/unpaired/ZP2_S21_R2_unpaired.fastq.gz ILLUMINACLIP:/scratch/users/k24087895/final_project/data/adapters/TruSeq3-PE-2.fa:2:30:10:8:true HEADCROP:5 LEADING:5 CROP:240 SLIDINGWINDOW:4:15 TRAILING:10 MINLEN:35
Using PrefixPair: 'TACACTCTTTCCCTACACGACGCTCTTCCGATCT' and 'GTGACTGGAGTTCAGACGTGTGCTCTTCCGATCT'
Using Long Clipping Sequence: 'AGATCGGAAGAGCGTCGTGTAGGGAAAGAGTGTA'
Using Long Clipping Sequence: 'AGATCGGAAGAGCACACGTCTGAACTCCAGTCAC'
Using Long Clipping Sequence: 'GTGACTGGAGTTCAGACGTGTGCTCTTCCGATCT'
Using Long Clipping Sequence: 'TACACTCTTTCCCTACACGACGCTCTTCCGATCT'
ILLUMINACLIP: Using 1 prefix pairs, 4 forward/reverse sequences, 0 forward only sequences, 0 reverse only sequences
Input Read Pairs: 358936 Both Surviving: 293443 (81.75%) Forward Only Surviving: 6427 (1.79%) Reverse Only Surviving: 1577 (0.44%) Dropped: 57489 (16.02%)
TrimmomaticPE: Completed successfully
✅ Trimmed ZP2_S21!

TrimmomaticPE: Started with arguments:
 -phred33 -threads 4 ../zymobiomics_folder/raw_data//ZP3_S22_L001_R1_001.fastq.gz ../zymobiomics_folder/raw_data//ZP3_S22_L001_R2_001.fastq.gz ../zymobiomics_folder/raw_data//../processed_data/trimmed/paired/ZP3_S22_R1_paired.fastq.gz ../zymobiomics_folder/raw_data//../processed_data/trimmed/unpaired/ZP3_S22_R1_unpaired.fastq.gz ../zymobiomics_folder/raw_data//../processed_data/trimmed/paired/ZP3_S22_R2_paired.fastq.gz ../zymobiomics_folder/raw_data//../processed_data/trimmed/unpaired/ZP3_S22_R2_unpaired.fastq.gz ILLUMINACLIP:/scratch/users/k24087895/final_project/data/adapters/TruSeq3-PE-2.fa:2:30:10:8:true HEADCROP:5 LEADING:5 CROP:240 SLIDINGWINDOW:4:15 TRAILING:10 MINLEN:35
Using PrefixPair: 'TACACTCTTTCCCTACACGACGCTCTTCCGATCT' and 'GTGACTGGAGTTCAGACGTGTGCTCTTCCGATCT'
Using Long Clipping Sequence: 'AGATCGGAAGAGCGTCGTGTAGGGAAAGAGTGTA'
Using Long Clipping Sequence: 'AGATCGGAAGAGCACACGTCTGAACTCCAGTCAC'
Using Long Clipping Sequence: 'GTGACTGGAGTTCAGACGTGTGCTCTTCCGATCT'
Using Long Clipping Sequence: 'TACACTCTTTCCCTACACGACGCTCTTCCGATCT'
ILLUMINACLIP: Using 1 prefix pairs, 4 forward/reverse sequences, 0 forward only sequences, 0 reverse only sequences
Input Read Pairs: 404941 Both Surviving: 326857 (80.72%) Forward Only Surviving: 3655 (0.90%) Reverse Only Surviving: 1642 (0.41%) Dropped: 72787 (17.97%)
TrimmomaticPE: Completed successfully
✅ Trimmed ZP3_S22!


Running FastQC on paired trimmed reads...
✅ FastQC completed successfully.

/// MultiQC 🔍 v1.28

       file_search | Search path: /cephfs/volumes/hpc_data_usr/k24087895/8bae1efe-9269-480e-9bb9-de76b8bdc9e7/final_project/zymobiomics_folder/results/fastqc/post_trimming

            fastqc | Found 14 reports
            violin | Tried to make table/violin plot, but had no data. pconfig: {'namespace': 'FastQC', 'id': 'fastqc_top_overrepresented_sequences_table', 'title': 'FastQC: Top overrepresented sequences', 'col1_header': 'Overrepresented sequence', 'sort_rows': False}

     write_results | Data        : None
     write_results | Report      : /cephfs/volumes/hpc_data_usr/k24087895/8bae1efe-9269-480e-9bb9-de76b8bdc9e7/final_project/zymobiomics_folder/results/fastqc/post_trimming/multiqc_report.html   (overwritten)
           multiqc | MultiQC complete
✅ MultiQC report generated successfully.

✅ All processing steps completed successfully.
✅ QC and trimming completed successfully.

================================================= METAGENOMIC ABUNDANCE ESTIMATION =================================================
⚠️ This step assumes reads have already been trimmed with Trimmomatic and host DNA removed with Bowtie2. Processed reads must be in the correct directory.

Processing sample: ZC1_S4

Removing human reads with Bowtie2...
bowtie2 -x "../data/bowtie_index/GRCh38_noalt_as/GRCh38_noalt_as" -p 8 -q --end-to-end --very-sensitive --no-mixed --no-discordant 	                -1 "../zymobiomics_folder/processed_data/trimmed/paired/ZC1_S4_R1_paired.fastq.gz" -2 "../zymobiomics_folder/processed_data/trimmed/paired/ZC1_S4_R2_paired.fastq.gz" 	                --un-conc "../zymobiomics_folder/processed_data/metagenomic/filtered_fastq/ZC1_S4_metagenomic" -S "../zymobiomics_folder/processed_data/human/aligned_sam/ZC1_S4_human.sam" 2>&1
287711 reads; of these:
  287711 (100.00%) were paired; of these:
    287710 (100.00%) aligned concordantly 0 times
    0 (0.00%) aligned concordantly exactly 1 time
    1 (0.00%) aligned concordantly >1 times
0.00% overall alignment rate
✅ Host reads removed and filtered reads compressed.

Classifying metagenomic reads with Kraken2...
kraken2 --d "../data/databases/k2_standard_16gb_20241228" --threads 8 --report "../zymobiomics_folder/results/runs/run_0205_1819/reports/ZC1_S4.k2report"                --report-minimizer-data --paired --minimum-hit-groups 2                --classified-out "../zymobiomics_folder/processed_data/metagenomic/classified/ZC1_S4_classified#.fastq" --unclassified-out "../zymobiomics_folder/processed_data/metagenomic/unclassified/ZC1_S4_unclassified#.fastq"                "../zymobiomics_folder/processed_data/metagenomic/filtered_fastq/ZC1_S4_metagenomic.1" "../zymobiomics_folder/processed_data/metagenomic/filtered_fastq/ZC1_S4_metagenomic.2"                --output "../zymobiomics_folder/processed_data/metagenomic/kraken2/ZC1_S4.kraken2" --use-names 2>&1
Loading database information... done.
287710 sequences (51.71 Mbp) processed in 0.707s (24402.8 Kseq/m, 4385.96 Mbp/m).
  213913 sequences classified (74.35%)
  73797 sequences unclassified (25.65%)
✅ Classification complete.

Estimating species abundance with Bracken...
 >> Checking for Valid Options...
 >> Running Bracken 
      >> python src/est_abundance.py -i ../zymobiomics_folder/results/runs/run_0205_1819/reports/ZC1_S4.k2report -o ../zymobiomics_folder/processed_data/metagenomic/bracken/ZC1_S4.bracken -k ../data/databases/k2_standard_16gb_20241228/database100mers.kmer_distrib -l S -t 0
>> Checking report file: ../zymobiomics_folder/results/runs/run_0205_1819/reports/ZC1_S4.k2report
PROGRAM START TIME: 05-02-2025 17:22:12
BRACKEN SUMMARY (Kraken report: ../zymobiomics_folder/results/runs/run_0205_1819/reports/ZC1_S4.k2report)
    >>> Threshold: 0 
    >>> Number of species in sample: 289 
	  >> Number of species with reads > threshold: 289 
	  >> Number of species with reads < threshold: 0 
    >>> Total reads in sample: 287710
	  >> Total reads kept at species level (reads > threshold): 63698
	  >> Total reads discarded (species reads < threshold): 0
	  >> Reads distributed: 150198
	  >> Reads not distributed (eg. no species above threshold): 17
	  >> Unclassified reads: 73797
BRACKEN OUTPUT PRODUCED: ../zymobiomics_folder/processed_data/metagenomic/bracken/ZC1_S4.bracken
PROGRAM END TIME: 05-02-2025 17:22:12
  Bracken complete.
✅ Abundance estimated.

Generating Krona visualization...
Writing ../zymobiomics_folder/results/runs/run_0205_1819/krona/ZC1_S4.krona.html...
✅ Krona plot generated.

Processing sample: ZC2_S5

Removing human reads with Bowtie2...
bowtie2 -x "../data/bowtie_index/GRCh38_noalt_as/GRCh38_noalt_as" -p 8 -q --end-to-end --very-sensitive --no-mixed --no-discordant 	                -1 "../zymobiomics_folder/processed_data/trimmed/paired/ZC2_S5_R1_paired.fastq.gz" -2 "../zymobiomics_folder/processed_data/trimmed/paired/ZC2_S5_R2_paired.fastq.gz" 	                --un-conc "../zymobiomics_folder/processed_data/metagenomic/filtered_fastq/ZC2_S5_metagenomic" -S "../zymobiomics_folder/processed_data/human/aligned_sam/ZC2_S5_human.sam" 2>&1
267582 reads; of these:
  267582 (100.00%) were paired; of these:
    267582 (100.00%) aligned concordantly 0 times
    0 (0.00%) aligned concordantly exactly 1 time
    0 (0.00%) aligned concordantly >1 times
0.00% overall alignment rate
✅ Host reads removed and filtered reads compressed.

Classifying metagenomic reads with Kraken2...
kraken2 --d "../data/databases/k2_standard_16gb_20241228" --threads 8 --report "../zymobiomics_folder/results/runs/run_0205_1819/reports/ZC2_S5.k2report"                --report-minimizer-data --paired --minimum-hit-groups 2                --classified-out "../zymobiomics_folder/processed_data/metagenomic/classified/ZC2_S5_classified#.fastq" --unclassified-out "../zymobiomics_folder/processed_data/metagenomic/unclassified/ZC2_S5_unclassified#.fastq"                "../zymobiomics_folder/processed_data/metagenomic/filtered_fastq/ZC2_S5_metagenomic.1" "../zymobiomics_folder/processed_data/metagenomic/filtered_fastq/ZC2_S5_metagenomic.2"                --output "../zymobiomics_folder/processed_data/metagenomic/kraken2/ZC2_S5.kraken2" --use-names 2>&1
Loading database information... done.
267582 sequences (38.37 Mbp) processed in 0.404s (39717.2 Kseq/m, 5694.86 Mbp/m).
  174523 sequences classified (65.22%)
  93059 sequences unclassified (34.78%)
✅ Classification complete.

Estimating species abundance with Bracken...
 >> Checking for Valid Options...
 >> Running Bracken 
      >> python src/est_abundance.py -i ../zymobiomics_folder/results/runs/run_0205_1819/reports/ZC2_S5.k2report -o ../zymobiomics_folder/processed_data/metagenomic/bracken/ZC2_S5.bracken -k ../data/databases/k2_standard_16gb_20241228/database100mers.kmer_distrib -l S -t 0
>> Checking report file: ../zymobiomics_folder/results/runs/run_0205_1819/reports/ZC2_S5.k2report
PROGRAM START TIME: 05-02-2025 17:22:31
BRACKEN SUMMARY (Kraken report: ../zymobiomics_folder/results/runs/run_0205_1819/reports/ZC2_S5.k2report)
    >>> Threshold: 0 
    >>> Number of species in sample: 252 
	  >> Number of species with reads > threshold: 252 
	  >> Number of species with reads < threshold: 0 
    >>> Total reads in sample: 267582
	  >> Total reads kept at species level (reads > threshold): 45700
	  >> Total reads discarded (species reads < threshold): 0
	  >> Reads distributed: 128803
	  >> Reads not distributed (eg. no species above threshold): 20
	  >> Unclassified reads: 93059
BRACKEN OUTPUT PRODUCED: ../zymobiomics_folder/processed_data/metagenomic/bracken/ZC2_S5.bracken
PROGRAM END TIME: 05-02-2025 17:22:31
  Bracken complete.
✅ Abundance estimated.

Generating Krona visualization...
Writing ../zymobiomics_folder/results/runs/run_0205_1819/krona/ZC2_S5.krona.html...
✅ Krona plot generated.

Processing sample: ZC3_S6

Removing human reads with Bowtie2...
bowtie2 -x "../data/bowtie_index/GRCh38_noalt_as/GRCh38_noalt_as" -p 8 -q --end-to-end --very-sensitive --no-mixed --no-discordant 	                -1 "../zymobiomics_folder/processed_data/trimmed/paired/ZC3_S6_R1_paired.fastq.gz" -2 "../zymobiomics_folder/processed_data/trimmed/paired/ZC3_S6_R2_paired.fastq.gz" 	                --un-conc "../zymobiomics_folder/processed_data/metagenomic/filtered_fastq/ZC3_S6_metagenomic" -S "../zymobiomics_folder/processed_data/human/aligned_sam/ZC3_S6_human.sam" 2>&1
273943 reads; of these:
  273943 (100.00%) were paired; of these:
    273941 (100.00%) aligned concordantly 0 times
    1 (0.00%) aligned concordantly exactly 1 time
    1 (0.00%) aligned concordantly >1 times
0.00% overall alignment rate
✅ Host reads removed and filtered reads compressed.

Classifying metagenomic reads with Kraken2...
kraken2 --d "../data/databases/k2_standard_16gb_20241228" --threads 8 --report "../zymobiomics_folder/results/runs/run_0205_1819/reports/ZC3_S6.k2report"                --report-minimizer-data --paired --minimum-hit-groups 2                --classified-out "../zymobiomics_folder/processed_data/metagenomic/classified/ZC3_S6_classified#.fastq" --unclassified-out "../zymobiomics_folder/processed_data/metagenomic/unclassified/ZC3_S6_unclassified#.fastq"                "../zymobiomics_folder/processed_data/metagenomic/filtered_fastq/ZC3_S6_metagenomic.1" "../zymobiomics_folder/processed_data/metagenomic/filtered_fastq/ZC3_S6_metagenomic.2"                --output "../zymobiomics_folder/processed_data/metagenomic/kraken2/ZC3_S6.kraken2" --use-names 2>&1
Loading database information... done.
273941 sequences (42.88 Mbp) processed in 0.433s (37987.7 Kseq/m, 5945.57 Mbp/m).
  185172 sequences classified (67.60%)
  88769 sequences unclassified (32.40%)
✅ Classification complete.

Estimating species abundance with Bracken...
 >> Checking for Valid Options...
 >> Running Bracken 
      >> python src/est_abundance.py -i ../zymobiomics_folder/results/runs/run_0205_1819/reports/ZC3_S6.k2report -o ../zymobiomics_folder/processed_data/metagenomic/bracken/ZC3_S6.bracken -k ../data/databases/k2_standard_16gb_20241228/database100mers.kmer_distrib -l S -t 0
>> Checking report file: ../zymobiomics_folder/results/runs/run_0205_1819/reports/ZC3_S6.k2report
PROGRAM START TIME: 05-02-2025 17:22:52
BRACKEN SUMMARY (Kraken report: ../zymobiomics_folder/results/runs/run_0205_1819/reports/ZC3_S6.k2report)
    >>> Threshold: 0 
    >>> Number of species in sample: 249 
	  >> Number of species with reads > threshold: 249 
	  >> Number of species with reads < threshold: 0 
    >>> Total reads in sample: 273941
	  >> Total reads kept at species level (reads > threshold): 53230
	  >> Total reads discarded (species reads < threshold): 0
	  >> Reads distributed: 131914
	  >> Reads not distributed (eg. no species above threshold): 28
	  >> Unclassified reads: 88769
BRACKEN OUTPUT PRODUCED: ../zymobiomics_folder/processed_data/metagenomic/bracken/ZC3_S6.bracken
PROGRAM END TIME: 05-02-2025 17:22:52
  Bracken complete.
✅ Abundance estimated.

Generating Krona visualization...
Writing ../zymobiomics_folder/results/runs/run_0205_1819/krona/ZC3_S6.krona.html...
✅ Krona plot generated.

Processing sample: ZC4_S7

Removing human reads with Bowtie2...
bowtie2 -x "../data/bowtie_index/GRCh38_noalt_as/GRCh38_noalt_as" -p 8 -q --end-to-end --very-sensitive --no-mixed --no-discordant 	                -1 "../zymobiomics_folder/processed_data/trimmed/paired/ZC4_S7_R1_paired.fastq.gz" -2 "../zymobiomics_folder/processed_data/trimmed/paired/ZC4_S7_R2_paired.fastq.gz" 	                --un-conc "../zymobiomics_folder/processed_data/metagenomic/filtered_fastq/ZC4_S7_metagenomic" -S "../zymobiomics_folder/processed_data/human/aligned_sam/ZC4_S7_human.sam" 2>&1
238875 reads; of these:
  238875 (100.00%) were paired; of these:
    238874 (100.00%) aligned concordantly 0 times
    0 (0.00%) aligned concordantly exactly 1 time
    1 (0.00%) aligned concordantly >1 times
0.00% overall alignment rate
✅ Host reads removed and filtered reads compressed.

Classifying metagenomic reads with Kraken2...
kraken2 --d "../data/databases/k2_standard_16gb_20241228" --threads 8 --report "../zymobiomics_folder/results/runs/run_0205_1819/reports/ZC4_S7.k2report"                --report-minimizer-data --paired --minimum-hit-groups 2                --classified-out "../zymobiomics_folder/processed_data/metagenomic/classified/ZC4_S7_classified#.fastq" --unclassified-out "../zymobiomics_folder/processed_data/metagenomic/unclassified/ZC4_S7_unclassified#.fastq"                "../zymobiomics_folder/processed_data/metagenomic/filtered_fastq/ZC4_S7_metagenomic.1" "../zymobiomics_folder/processed_data/metagenomic/filtered_fastq/ZC4_S7_metagenomic.2"                --output "../zymobiomics_folder/processed_data/metagenomic/kraken2/ZC4_S7.kraken2" --use-names 2>&1
Loading database information... done.
238874 sequences (35.00 Mbp) processed in 0.374s (38360.8 Kseq/m, 5621.06 Mbp/m).
  154331 sequences classified (64.61%)
  84543 sequences unclassified (35.39%)
✅ Classification complete.

Estimating species abundance with Bracken...
 >> Checking for Valid Options...
 >> Running Bracken 
      >> python src/est_abundance.py -i ../zymobiomics_folder/results/runs/run_0205_1819/reports/ZC4_S7.k2report -o ../zymobiomics_folder/processed_data/metagenomic/bracken/ZC4_S7.bracken -k ../data/databases/k2_standard_16gb_20241228/database100mers.kmer_distrib -l S -t 0
>> Checking report file: ../zymobiomics_folder/results/runs/run_0205_1819/reports/ZC4_S7.k2report
PROGRAM START TIME: 05-02-2025 17:23:11
BRACKEN SUMMARY (Kraken report: ../zymobiomics_folder/results/runs/run_0205_1819/reports/ZC4_S7.k2report)
    >>> Threshold: 0 
    >>> Number of species in sample: 195 
	  >> Number of species with reads > threshold: 195 
	  >> Number of species with reads < threshold: 0 
    >>> Total reads in sample: 238874
	  >> Total reads kept at species level (reads > threshold): 44718
	  >> Total reads discarded (species reads < threshold): 0
	  >> Reads distributed: 109598
	  >> Reads not distributed (eg. no species above threshold): 15
	  >> Unclassified reads: 84543
BRACKEN OUTPUT PRODUCED: ../zymobiomics_folder/processed_data/metagenomic/bracken/ZC4_S7.bracken
PROGRAM END TIME: 05-02-2025 17:23:11
  Bracken complete.
✅ Abundance estimated.

Generating Krona visualization...
Writing ../zymobiomics_folder/results/runs/run_0205_1819/krona/ZC4_S7.krona.html...
✅ Krona plot generated.

Processing sample: ZP1_S20

Removing human reads with Bowtie2...
bowtie2 -x "../data/bowtie_index/GRCh38_noalt_as/GRCh38_noalt_as" -p 8 -q --end-to-end --very-sensitive --no-mixed --no-discordant 	                -1 "../zymobiomics_folder/processed_data/trimmed/paired/ZP1_S20_R1_paired.fastq.gz" -2 "../zymobiomics_folder/processed_data/trimmed/paired/ZP1_S20_R2_paired.fastq.gz" 	                --un-conc "../zymobiomics_folder/processed_data/metagenomic/filtered_fastq/ZP1_S20_metagenomic" -S "../zymobiomics_folder/processed_data/human/aligned_sam/ZP1_S20_human.sam" 2>&1
299533 reads; of these:
  299533 (100.00%) were paired; of these:
    299531 (100.00%) aligned concordantly 0 times
    0 (0.00%) aligned concordantly exactly 1 time
    2 (0.00%) aligned concordantly >1 times
0.00% overall alignment rate
✅ Host reads removed and filtered reads compressed.

Classifying metagenomic reads with Kraken2...
kraken2 --d "../data/databases/k2_standard_16gb_20241228" --threads 8 --report "../zymobiomics_folder/results/runs/run_0205_1819/reports/ZP1_S20.k2report"                --report-minimizer-data --paired --minimum-hit-groups 2                --classified-out "../zymobiomics_folder/processed_data/metagenomic/classified/ZP1_S20_classified#.fastq" --unclassified-out "../zymobiomics_folder/processed_data/metagenomic/unclassified/ZP1_S20_unclassified#.fastq"                "../zymobiomics_folder/processed_data/metagenomic/filtered_fastq/ZP1_S20_metagenomic.1" "../zymobiomics_folder/processed_data/metagenomic/filtered_fastq/ZP1_S20_metagenomic.2"                --output "../zymobiomics_folder/processed_data/metagenomic/kraken2/ZP1_S20.kraken2" --use-names 2>&1
Loading database information... done.
299531 sequences (46.78 Mbp) processed in 0.457s (39293.1 Kseq/m, 6137.27 Mbp/m).
  213339 sequences classified (71.22%)
  86192 sequences unclassified (28.78%)
✅ Classification complete.

Estimating species abundance with Bracken...
 >> Checking for Valid Options...
 >> Running Bracken 
      >> python src/est_abundance.py -i ../zymobiomics_folder/results/runs/run_0205_1819/reports/ZP1_S20.k2report -o ../zymobiomics_folder/processed_data/metagenomic/bracken/ZP1_S20.bracken -k ../data/databases/k2_standard_16gb_20241228/database100mers.kmer_distrib -l S -t 0
>> Checking report file: ../zymobiomics_folder/results/runs/run_0205_1819/reports/ZP1_S20.k2report
PROGRAM START TIME: 05-02-2025 17:23:32
BRACKEN SUMMARY (Kraken report: ../zymobiomics_folder/results/runs/run_0205_1819/reports/ZP1_S20.k2report)
    >>> Threshold: 0 
    >>> Number of species in sample: 260 
	  >> Number of species with reads > threshold: 260 
	  >> Number of species with reads < threshold: 0 
    >>> Total reads in sample: 299531
	  >> Total reads kept at species level (reads > threshold): 61672
	  >> Total reads discarded (species reads < threshold): 0
	  >> Reads distributed: 151635
	  >> Reads not distributed (eg. no species above threshold): 32
	  >> Unclassified reads: 86192
BRACKEN OUTPUT PRODUCED: ../zymobiomics_folder/processed_data/metagenomic/bracken/ZP1_S20.bracken
PROGRAM END TIME: 05-02-2025 17:23:32
  Bracken complete.
✅ Abundance estimated.

Generating Krona visualization...
Writing ../zymobiomics_folder/results/runs/run_0205_1819/krona/ZP1_S20.krona.html...
✅ Krona plot generated.

Processing sample: ZP2_S21

Removing human reads with Bowtie2...
bowtie2 -x "../data/bowtie_index/GRCh38_noalt_as/GRCh38_noalt_as" -p 8 -q --end-to-end --very-sensitive --no-mixed --no-discordant 	                -1 "../zymobiomics_folder/processed_data/trimmed/paired/ZP2_S21_R1_paired.fastq.gz" -2 "../zymobiomics_folder/processed_data/trimmed/paired/ZP2_S21_R2_paired.fastq.gz" 	                --un-conc "../zymobiomics_folder/processed_data/metagenomic/filtered_fastq/ZP2_S21_metagenomic" -S "../zymobiomics_folder/processed_data/human/aligned_sam/ZP2_S21_human.sam" 2>&1
293443 reads; of these:
  293443 (100.00%) were paired; of these:
    293442 (100.00%) aligned concordantly 0 times
    0 (0.00%) aligned concordantly exactly 1 time
    1 (0.00%) aligned concordantly >1 times
0.00% overall alignment rate
✅ Host reads removed and filtered reads compressed.

Classifying metagenomic reads with Kraken2...
kraken2 --d "../data/databases/k2_standard_16gb_20241228" --threads 8 --report "../zymobiomics_folder/results/runs/run_0205_1819/reports/ZP2_S21.k2report"                --report-minimizer-data --paired --minimum-hit-groups 2                --classified-out "../zymobiomics_folder/processed_data/metagenomic/classified/ZP2_S21_classified#.fastq" --unclassified-out "../zymobiomics_folder/processed_data/metagenomic/unclassified/ZP2_S21_unclassified#.fastq"                "../zymobiomics_folder/processed_data/metagenomic/filtered_fastq/ZP2_S21_metagenomic.1" "../zymobiomics_folder/processed_data/metagenomic/filtered_fastq/ZP2_S21_metagenomic.2"                --output "../zymobiomics_folder/processed_data/metagenomic/kraken2/ZP2_S21.kraken2" --use-names 2>&1
Loading database information... done.
293442 sequences (42.99 Mbp) processed in 0.434s (40578.9 Kseq/m, 5945.04 Mbp/m).
  197837 sequences classified (67.42%)
  95605 sequences unclassified (32.58%)
✅ Classification complete.

Estimating species abundance with Bracken...
 >> Checking for Valid Options...
 >> Running Bracken 
      >> python src/est_abundance.py -i ../zymobiomics_folder/results/runs/run_0205_1819/reports/ZP2_S21.k2report -o ../zymobiomics_folder/processed_data/metagenomic/bracken/ZP2_S21.bracken -k ../data/databases/k2_standard_16gb_20241228/database100mers.kmer_distrib -l S -t 0
>> Checking report file: ../zymobiomics_folder/results/runs/run_0205_1819/reports/ZP2_S21.k2report
PROGRAM START TIME: 05-02-2025 17:23:52
BRACKEN SUMMARY (Kraken report: ../zymobiomics_folder/results/runs/run_0205_1819/reports/ZP2_S21.k2report)
    >>> Threshold: 0 
    >>> Number of species in sample: 241 
	  >> Number of species with reads > threshold: 241 
	  >> Number of species with reads < threshold: 0 
    >>> Total reads in sample: 293442
	  >> Total reads kept at species level (reads > threshold): 55993
	  >> Total reads discarded (species reads < threshold): 0
	  >> Reads distributed: 141817
	  >> Reads not distributed (eg. no species above threshold): 27
	  >> Unclassified reads: 95605
BRACKEN OUTPUT PRODUCED: ../zymobiomics_folder/processed_data/metagenomic/bracken/ZP2_S21.bracken
PROGRAM END TIME: 05-02-2025 17:23:52
  Bracken complete.
✅ Abundance estimated.

Generating Krona visualization...
Writing ../zymobiomics_folder/results/runs/run_0205_1819/krona/ZP2_S21.krona.html...
✅ Krona plot generated.

Processing sample: ZP3_S22

Removing human reads with Bowtie2...
bowtie2 -x "../data/bowtie_index/GRCh38_noalt_as/GRCh38_noalt_as" -p 8 -q --end-to-end --very-sensitive --no-mixed --no-discordant 	                -1 "../zymobiomics_folder/processed_data/trimmed/paired/ZP3_S22_R1_paired.fastq.gz" -2 "../zymobiomics_folder/processed_data/trimmed/paired/ZP3_S22_R2_paired.fastq.gz" 	                --un-conc "../zymobiomics_folder/processed_data/metagenomic/filtered_fastq/ZP3_S22_metagenomic" -S "../zymobiomics_folder/processed_data/human/aligned_sam/ZP3_S22_human.sam" 2>&1
326857 reads; of these:
  326857 (100.00%) were paired; of these:
    326854 (100.00%) aligned concordantly 0 times
    2 (0.00%) aligned concordantly exactly 1 time
    1 (0.00%) aligned concordantly >1 times
0.00% overall alignment rate
✅ Host reads removed and filtered reads compressed.

Classifying metagenomic reads with Kraken2...
kraken2 --d "../data/databases/k2_standard_16gb_20241228" --threads 8 --report "../zymobiomics_folder/results/runs/run_0205_1819/reports/ZP3_S22.k2report"                --report-minimizer-data --paired --minimum-hit-groups 2                --classified-out "../zymobiomics_folder/processed_data/metagenomic/classified/ZP3_S22_classified#.fastq" --unclassified-out "../zymobiomics_folder/processed_data/metagenomic/unclassified/ZP3_S22_unclassified#.fastq"                "../zymobiomics_folder/processed_data/metagenomic/filtered_fastq/ZP3_S22_metagenomic.1" "../zymobiomics_folder/processed_data/metagenomic/filtered_fastq/ZP3_S22_metagenomic.2"                --output "../zymobiomics_folder/processed_data/metagenomic/kraken2/ZP3_S22.kraken2" --use-names 2>&1
Loading database information... done.
326854 sequences (47.05 Mbp) processed in 0.459s (42680.8 Kseq/m, 6143.60 Mbp/m).
  217631 sequences classified (66.58%)
  109223 sequences unclassified (33.42%)
✅ Classification complete.

Estimating species abundance with Bracken...
 >> Checking for Valid Options...
 >> Running Bracken 
      >> python src/est_abundance.py -i ../zymobiomics_folder/results/runs/run_0205_1819/reports/ZP3_S22.k2report -o ../zymobiomics_folder/processed_data/metagenomic/bracken/ZP3_S22.bracken -k ../data/databases/k2_standard_16gb_20241228/database100mers.kmer_distrib -l S -t 0
>> Checking report file: ../zymobiomics_folder/results/runs/run_0205_1819/reports/ZP3_S22.k2report
PROGRAM START TIME: 05-02-2025 17:24:14
BRACKEN SUMMARY (Kraken report: ../zymobiomics_folder/results/runs/run_0205_1819/reports/ZP3_S22.k2report)
    >>> Threshold: 0 
    >>> Number of species in sample: 240 
	  >> Number of species with reads > threshold: 240 
	  >> Number of species with reads < threshold: 0 
    >>> Total reads in sample: 326854
	  >> Total reads kept at species level (reads > threshold): 61245
	  >> Total reads discarded (species reads < threshold): 0
	  >> Reads distributed: 156364
	  >> Reads not distributed (eg. no species above threshold): 22
	  >> Unclassified reads: 109223
BRACKEN OUTPUT PRODUCED: ../zymobiomics_folder/processed_data/metagenomic/bracken/ZP3_S22.bracken
PROGRAM END TIME: 05-02-2025 17:24:14
  Bracken complete.
✅ Abundance estimated.

Generating Krona visualization...
Writing ../zymobiomics_folder/results/runs/run_0205_1819/krona/ZP3_S22.krona.html...
✅ Krona plot generated.

Running get_fastq_stats.sh on filtered, classified and unclassified data...
ZC1_S4_metagenomic.1: mean = 90.3, median = 78.0
ZC2_S5_metagenomic.1: mean = 71.7, median = 63.0
ZC3_S6_metagenomic.1: mean = 78.4, median = 67.0
ZC4_S7_metagenomic.1: mean = 73.4, median = 62.0
ZP1_S20_metagenomic.1: mean = 78.2, median = 69.0
ZP2_S21_metagenomic.1: mean = 73.4, median = 64.0
ZP3_S22_metagenomic.1: mean = 72.0, median = 62.0
ZC1_S4_metagenomic.2: mean = 89.5, median = 78.0
ZC2_S5_metagenomic.2: mean = 71.7, median = 63.0
ZC3_S6_metagenomic.2: mean = 78.1, median = 67.0
ZC4_S7_metagenomic.2: mean = 73.2, median = 62.0
ZP1_S20_metagenomic.2: mean = 78.0, median = 69.0
ZP2_S21_metagenomic.2: mean = 73.1, median = 64.0
ZP3_S22_metagenomic.2: mean = 72.0, median = 63.0
ZC1_S4_classified_1.fastq: mean = 101.5, median = 91.0
ZC1_S4_classified_2.fastq: mean = 100.5, median = 91.0
ZC2_S5_classified_1.fastq: mean = 82.3, median = 74.0
ZC2_S5_classified_2.fastq: mean = 82.2, median = 74.0
ZC3_S6_classified_1.fastq: mean = 90.1, median = 80.0
ZC3_S6_classified_2.fastq: mean = 89.7, median = 80.0
ZC4_S7_classified_1.fastq: mean = 85.4, median = 75.0
ZC4_S7_classified_2.fastq: mean = 85.1, median = 75.0
ZP1_S20_classified_1.fastq: mean = 88.2, median = 80.0
ZP1_S20_classified_2.fastq: mean = 88.0, median = 80.0
ZP2_S21_classified_1.fastq: mean = 83.8, median = 76.0
ZP2_S21_classified_2.fastq: mean = 83.4, median = 75.0
ZP3_S22_classified_1.fastq: mean = 82.7, median = 74.0
ZP3_S22_classified_2.fastq: mean = 82.7, median = 74.0
ZC1_S4_unclassified_1.fastq: mean = 57.9, median = 49.0
ZC1_S4_unclassified_2.fastq: mean = 57.7, median = 49.0
ZC2_S5_unclassified_1.fastq: mean = 51.8, median = 46.0
ZC2_S5_unclassified_2.fastq: mean = 51.8, median = 46.0
ZC3_S6_unclassified_1.fastq: mean = 54.0, median = 47.0
ZC3_S6_unclassified_2.fastq: mean = 54.0, median = 47.0
ZC4_S7_unclassified_1.fastq: mean = 51.2, median = 45.0
ZC4_S7_unclassified_2.fastq: mean = 51.2, median = 45.0
ZP1_S20_unclassified_1.fastq: mean = 53.4, median = 47.0
ZP1_S20_unclassified_2.fastq: mean = 53.3, median = 47.0
ZP2_S21_unclassified_1.fastq: mean = 51.4, median = 46.0
ZP2_S21_unclassified_2.fastq: mean = 51.3, median = 46.0
ZP3_S22_unclassified_1.fastq: mean = 50.6, median = 45.0
ZP3_S22_unclassified_2.fastq: mean = 50.6, median = 45.0
✅ Statistics generated.

Metagenomic classification completed in: 00:02:37

================================================= COMPARISON TO GROUND TRUTH =================================================

Combining Bracken reports...
Combined CSV file saved to: ../zymobiomics_folder/results/runs/run_0205_1819/combined_breports.csv 

================================================= METAGENOMIC DIVERSITY ANALYSIS =================================================
Calculating alpha and beta diversity...
✅ Alpha diversity calculated.
null device 
          1 
Heatmap saved to: ../zymobiomics_folder/results/runs/run_0205_1819/diversity/beta_diversity_heatmap.png 
✅ Beta diversity heatmap generated.
✅ Diversity analysis completed successfully.

====================================================== HUMAN DNA ANALYSIS ======================================================

Processing host reads from sample: ZC1_S4_human
✅ BAM sorted.
✅ BAM indexed.
✅ BED created.

Processing host reads from sample: ZC2_S5_human
✅ BAM sorted.
✅ BAM indexed.
✅ BED created.

Processing host reads from sample: ZC3_S6_human
✅ BAM sorted.
✅ BAM indexed.
✅ BED created.

Processing host reads from sample: ZC4_S7_human
✅ BAM sorted.
✅ BAM indexed.
✅ BED created.

Processing host reads from sample: ZP1_S20_human
✅ BAM sorted.
✅ BAM indexed.
✅ BED created.

Processing host reads from sample: ZP2_S21_human
✅ BAM sorted.
✅ BAM indexed.
✅ BED created.

Processing host reads from sample: ZP3_S22_human
✅ BAM sorted.
✅ BAM indexed.
✅ BED created.

=============================================== KARYOTYPE ================================================
Identifying overlapping regions across samples...
Generating karyotype plot...
null device 
          1 
✅ Karyotype plot generated.

================================================== BLAST ==================================================

Extracting sequences for BLAST query...
✅ Sequences saved to BLAST query.
❌ No regions found. Skipping BLAST.

=========================================== JACCARD SIMILARITY ===========================================
Generating Jaccard similarity heatmap...
null device 
          1 
Heatmap saved at: ../zymobiomics_folder/processed_data/human/aligned_sam/../../../results/host_dna_analysis/jaccard_similarity_heatmap.png 
✅ Jaccard analysis complete.
✅ Host DNA analysis completed successfully.

✅ Pipeline completed successfully.
Storing log file...
❌ Summary generation failed!
