+ echo -e '\n================================================= ARGUMENT PARSING & VALIDATION =================================================\n'
+ TRIM=false
+ REMOVE_HOST_DNA=false
+ GROUND_TRUTH=true
+ [[ 3 -gt 0 ]]
+ case "$1" in
+ [[ -z /scratch/users/k24087895/final_project/zymobiomics_folder/raw_data/ ]]
+ [[ /scratch/users/k24087895/final_project/zymobiomics_folder/raw_data/ == -* ]]
+ [[ ! -d /scratch/users/k24087895/final_project/zymobiomics_folder/raw_data/ ]]
++ find /scratch/users/k24087895/final_project/zymobiomics_folder/raw_data/ -maxdepth 1 -type f '(' -name '*.fq' -o -name '*.fastq' -o -name '*.fq.gz' -o -name '*.fastq.gz' ')'
+ [[ -z /scratch/users/k24087895/final_project/zymobiomics_folder/raw_data/ZC2_S5_L001_R1_001.fastq.gz
/scratch/users/k24087895/final_project/zymobiomics_folder/raw_data/ZC3_S6_L001_R2_001.fastq.gz
/scratch/users/k24087895/final_project/zymobiomics_folder/raw_data/ZC1_S4_L001_R1_001.fastq.gz
/scratch/users/k24087895/final_project/zymobiomics_folder/raw_data/ZP2_S21_L001_R2_001.fastq.gz
/scratch/users/k24087895/final_project/zymobiomics_folder/raw_data/ZC2_S5_L001_R2_001.fastq.gz
/scratch/users/k24087895/final_project/zymobiomics_folder/raw_data/ZC1_S4_L001_R2_001.fastq.gz
/scratch/users/k24087895/final_project/zymobiomics_folder/raw_data/ZC4_S7_L001_R1_001.fastq.gz
/scratch/users/k24087895/final_project/zymobiomics_folder/raw_data/ZP1_S20_L001_R2_001.fastq.gz
/scratch/users/k24087895/final_project/zymobiomics_folder/raw_data/ZP3_S22_L001_R1_001.fastq.gz
/scratch/users/k24087895/final_project/zymobiomics_folder/raw_data/ZP1_S20_L001_R1_001.fastq.gz
/scratch/users/k24087895/final_project/zymobiomics_folder/raw_data/ZC4_S7_L001_R2_001.fastq.gz
/scratch/users/k24087895/final_project/zymobiomics_folder/raw_data/ZP2_S21_L001_R1_001.fastq.gz
/scratch/users/k24087895/final_project/zymobiomics_folder/raw_data/ZP3_S22_L001_R2_001.fastq.gz
/scratch/users/k24087895/final_project/zymobiomics_folder/raw_data/ZC3_S6_L001_R1_001.fastq.gz ]]
+ for file in "$2"/*.{fq,fastq}
+ [[ -f /scratch/users/k24087895/final_project/zymobiomics_folder/raw_data//*.fq ]]
+ for file in "$2"/*.{fq,fastq}
+ [[ -f /scratch/users/k24087895/final_project/zymobiomics_folder/raw_data//*.fastq ]]
+ for file in "$2"/*.fq.gz
+ [[ -f /scratch/users/k24087895/final_project/zymobiomics_folder/raw_data//*.fq.gz ]]
+ RAW_FASTQ_DIR=/scratch/users/k24087895/final_project/zymobiomics_folder/raw_data/
+ echo 'Raw FASTQ directory path: /scratch/users/k24087895/final_project/zymobiomics_folder/raw_data/'
++ dirname /scratch/users/k24087895/final_project/zymobiomics_folder/raw_data/
+ PROJ_DIR=/scratch/users/k24087895/final_project/zymobiomics_folder
++ dirname /scratch/users/k24087895/final_project/zymobiomics_folder
+ ROOT_DIR=/scratch/users/k24087895/final_project
+ DATABASE=/scratch/users/k24087895/final_project/data/databases/k2_standard_16gb_20241228
+ BOWTIE_PREFIX=/scratch/users/k24087895/final_project/data/bowtie_index/GRCh38_noalt_as/GRCh38_noalt_as
+ shift 2
+ [[ 1 -gt 0 ]]
+ case "$1" in
+ [[ -z '' ]]
+ echo '⚠️ Warning: No argument provided. Using default: /scratch/users/k24087895/final_project/data/bowtie_index/GRCh38_noalt_as/GRCh38_noalt_as'
+ shift
+ REMOVE_HOST_DNA=true
+ [[ 0 -gt 0 ]]
+ [[ -z /scratch/users/k24087895/final_project/zymobiomics_folder/raw_data/ ]]
++ [[ false == true ]]
++ echo 'Disabled ❌'
+ echo -e 'Quality Control & Trimming: Disabled ❌'
+ echo '⚠️ Optional, but must be done at least once on the raw reads for the pipeline to work.'
+ echo ''
+ [[ true == true ]]
+ echo -e 'Host DNA Removal: Enabled ✅'
+ echo 'Bowtie2 Index Prefix: /scratch/users/k24087895/final_project/data/bowtie_index/GRCh38_noalt_as/GRCh38_noalt_as'
+ echo '⚠️ Optional, but must be done at least once on the trimmed reads for the pipeline to work.'
+ echo ''
+ echo 'Kraken2/Bracken Database: /scratch/users/k24087895/final_project/data/databases/k2_standard_16gb_20241228'
+ echo -e '\n================================================= CONDA ENVIRONMENT ACTIVATION ==================================================\n'
+ source /scratch/users/k24087895/final_project/scripts/helper_scripts/environment_setup.sh /scratch/users/k24087895/final_project/scripts/final_project.yml
++ [[ -z /scratch/users/k24087895/final_project/scripts/final_project.yml ]]
++ [[ /scratch/users/k24087895/final_project/scripts/final_project.yml != *.yml ]]
++ [[ ! -f /scratch/users/k24087895/final_project/scripts/final_project.yml ]]
++ ENV_FILE=/scratch/users/k24087895/final_project/scripts/final_project.yml
+++ basename /scratch/users/k24087895/final_project/scripts/final_project.yml .yml
++ ENV_NAME=final_project
++ command -v conda
+++ conda shell.bash hook
++ eval 'export CONDA_EXE='\''/software/spackages_v0_21_prod/apps/linux-ubuntu22.04-zen2/gcc-13.2.0/anaconda3-2022.10-5wy43yh5crcsmws4afls5thwoskzarhe/bin/conda'\''
export _CE_M='\'''\''
export _CE_CONDA='\'''\''
export CONDA_PYTHON_EXE='\''/software/spackages_v0_21_prod/apps/linux-ubuntu22.04-zen2/gcc-13.2.0/anaconda3-2022.10-5wy43yh5crcsmws4afls5thwoskzarhe/bin/python'\''

# Copyright (C) 2012 Anaconda, Inc
# SPDX-License-Identifier: BSD-3-Clause

__conda_exe() (
    "$CONDA_EXE" $_CE_M $_CE_CONDA "$@"
)

__conda_hashr() {
    if [ -n "${ZSH_VERSION:+x}" ]; then
        \rehash
    elif [ -n "${POSH_VERSION:+x}" ]; then
        :  # pass
    else
        \hash -r
    fi
}

__conda_activate() {
    if [ -n "${CONDA_PS1_BACKUP:+x}" ]; then
        # Handle transition from shell activated with conda <= 4.3 to a subsequent activation
        # after conda updated to >= 4.4. See issue #6173.
        PS1="$CONDA_PS1_BACKUP"
        \unset CONDA_PS1_BACKUP
    fi
    \local ask_conda
    ask_conda="$(PS1="${PS1:-}" __conda_exe shell.posix "$@")" || \return
    \eval "$ask_conda"
    __conda_hashr
}

__conda_reactivate() {
    \local ask_conda
    ask_conda="$(PS1="${PS1:-}" __conda_exe shell.posix reactivate)" || \return
    \eval "$ask_conda"
    __conda_hashr
}

conda() {
    \local cmd="${1-__missing__}"
    case "$cmd" in
        activate|deactivate)
            __conda_activate "$@"
            ;;
        install|update|upgrade|remove|uninstall)
            __conda_exe "$@" || \return
            __conda_reactivate
            ;;
        *)
            __conda_exe "$@"
            ;;
    esac
}

if [ -z "${CONDA_SHLVL+x}" ]; then
    \export CONDA_SHLVL=0
    # In dev-mode CONDA_EXE is python.exe and on Windows
    # it is in a different relative location to condabin.
    if [ -n "${_CE_CONDA:+x}" ] && [ -n "${WINDIR+x}" ]; then
        PATH="$(\dirname "$CONDA_EXE")/condabin${PATH:+":${PATH}"}"
    else
        PATH="$(\dirname "$(\dirname "$CONDA_EXE")")/condabin${PATH:+":${PATH}"}"
    fi
    \export PATH

    # We'\''re not allowing PS1 to be unbound. It must at least be set.
    # However, we'\''re not exporting it, which can cause problems when starting a second shell
    # via a first shell (i.e. starting zsh from bash).
    if [ -z "${PS1+x}" ]; then
        PS1=
    fi
fi

conda activate base'
+++ export CONDA_EXE=/software/spackages_v0_21_prod/apps/linux-ubuntu22.04-zen2/gcc-13.2.0/anaconda3-2022.10-5wy43yh5crcsmws4afls5thwoskzarhe/bin/conda
+++ CONDA_EXE=/software/spackages_v0_21_prod/apps/linux-ubuntu22.04-zen2/gcc-13.2.0/anaconda3-2022.10-5wy43yh5crcsmws4afls5thwoskzarhe/bin/conda
+++ export _CE_M=
+++ _CE_M=
+++ export _CE_CONDA=
+++ _CE_CONDA=
+++ export CONDA_PYTHON_EXE=/software/spackages_v0_21_prod/apps/linux-ubuntu22.04-zen2/gcc-13.2.0/anaconda3-2022.10-5wy43yh5crcsmws4afls5thwoskzarhe/bin/python
+++ CONDA_PYTHON_EXE=/software/spackages_v0_21_prod/apps/linux-ubuntu22.04-zen2/gcc-13.2.0/anaconda3-2022.10-5wy43yh5crcsmws4afls5thwoskzarhe/bin/python
+++ '[' -z x ']'
+++ conda activate base
+++ local cmd=activate
+++ case "$cmd" in
+++ __conda_activate activate base
+++ '[' -n '' ']'
+++ local ask_conda
++++ PS1=
++++ __conda_exe shell.posix activate base
++++ /software/spackages_v0_21_prod/apps/linux-ubuntu22.04-zen2/gcc-13.2.0/anaconda3-2022.10-5wy43yh5crcsmws4afls5thwoskzarhe/bin/conda shell.posix activate base
+++ ask_conda='PS1='\''(base) '\''
export PATH='\''/users/k24087895/.local/bin:/software/spackages_v0_21_prod/apps/linux-ubuntu22.04-zen2/gcc-13.2.0/anaconda3-2022.10-5wy43yh5crcsmws4afls5thwoskzarhe/bin:/software/spackages_v0_21_prod/apps/linux-ubuntu22.04-zen2/gcc-13.2.0/anaconda3-2022.10-5wy43yh5crcsmws4afls5thwoskzarhe/condabin:/usr/local/sbin:/usr/local/bin:/usr/sbin:/usr/bin:/sbin:/bin:/usr/games:/usr/local/games:/snap/bin:/opt/puppetlabs/bin'\''
export CONDA_SHLVL='\''1'\''
export CONDA_PROMPT_MODIFIER='\''(base) '\'''
+++ eval 'PS1='\''(base) '\''
export PATH='\''/users/k24087895/.local/bin:/software/spackages_v0_21_prod/apps/linux-ubuntu22.04-zen2/gcc-13.2.0/anaconda3-2022.10-5wy43yh5crcsmws4afls5thwoskzarhe/bin:/software/spackages_v0_21_prod/apps/linux-ubuntu22.04-zen2/gcc-13.2.0/anaconda3-2022.10-5wy43yh5crcsmws4afls5thwoskzarhe/condabin:/usr/local/sbin:/usr/local/bin:/usr/sbin:/usr/bin:/sbin:/bin:/usr/games:/usr/local/games:/snap/bin:/opt/puppetlabs/bin'\''
export CONDA_SHLVL='\''1'\''
export CONDA_PROMPT_MODIFIER='\''(base) '\'''
++++ PS1='(base) '
++++ export PATH=/users/k24087895/.local/bin:/software/spackages_v0_21_prod/apps/linux-ubuntu22.04-zen2/gcc-13.2.0/anaconda3-2022.10-5wy43yh5crcsmws4afls5thwoskzarhe/bin:/software/spackages_v0_21_prod/apps/linux-ubuntu22.04-zen2/gcc-13.2.0/anaconda3-2022.10-5wy43yh5crcsmws4afls5thwoskzarhe/condabin:/usr/local/sbin:/usr/local/bin:/usr/sbin:/usr/bin:/sbin:/bin:/usr/games:/usr/local/games:/snap/bin:/opt/puppetlabs/bin
++++ PATH=/users/k24087895/.local/bin:/software/spackages_v0_21_prod/apps/linux-ubuntu22.04-zen2/gcc-13.2.0/anaconda3-2022.10-5wy43yh5crcsmws4afls5thwoskzarhe/bin:/software/spackages_v0_21_prod/apps/linux-ubuntu22.04-zen2/gcc-13.2.0/anaconda3-2022.10-5wy43yh5crcsmws4afls5thwoskzarhe/condabin:/usr/local/sbin:/usr/local/bin:/usr/sbin:/usr/bin:/sbin:/bin:/usr/games:/usr/local/games:/snap/bin:/opt/puppetlabs/bin
++++ export CONDA_SHLVL=1
++++ CONDA_SHLVL=1
++++ export 'CONDA_PROMPT_MODIFIER=(base) '
++++ CONDA_PROMPT_MODIFIER='(base) '
+++ __conda_hashr
+++ '[' -n '' ']'
+++ '[' -n '' ']'
+++ hash -r
++ conda env list
++ local cmd=env
++ case "$cmd" in
++ __conda_exe env list
++ grep -q final_project
++ /software/spackages_v0_21_prod/apps/linux-ubuntu22.04-zen2/gcc-13.2.0/anaconda3-2022.10-5wy43yh5crcsmws4afls5thwoskzarhe/bin/conda env list
++ conda activate final_project
++ local cmd=activate
++ case "$cmd" in
++ __conda_activate activate final_project
++ '[' -n '' ']'
++ local ask_conda
+++ PS1='(base) '
+++ __conda_exe shell.posix activate final_project
+++ /software/spackages_v0_21_prod/apps/linux-ubuntu22.04-zen2/gcc-13.2.0/anaconda3-2022.10-5wy43yh5crcsmws4afls5thwoskzarhe/bin/conda shell.posix activate final_project
++ ask_conda='PS1='\''(final_project) '\''
export PATH='\''/users/k24087895/.local/bin:/users/k24087895/.conda/envs/final_project/bin:/software/spackages_v0_21_prod/apps/linux-ubuntu22.04-zen2/gcc-13.2.0/anaconda3-2022.10-5wy43yh5crcsmws4afls5thwoskzarhe/condabin:/usr/local/sbin:/usr/local/bin:/usr/sbin:/usr/bin:/sbin:/bin:/usr/games:/usr/local/games:/snap/bin:/opt/puppetlabs/bin'\''
export CONDA_PREFIX='\''/users/k24087895/.conda/envs/final_project'\''
export CONDA_SHLVL='\''2'\''
export CONDA_DEFAULT_ENV='\''final_project'\''
export CONDA_PROMPT_MODIFIER='\''(final_project) '\''
export CONDA_PREFIX_1='\''/software/spackages_v0_21_prod/apps/linux-ubuntu22.04-zen2/gcc-13.2.0/anaconda3-2022.10-5wy43yh5crcsmws4afls5thwoskzarhe'\''
export CONDA_EXE='\''/software/spackages_v0_21_prod/apps/linux-ubuntu22.04-zen2/gcc-13.2.0/anaconda3-2022.10-5wy43yh5crcsmws4afls5thwoskzarhe/bin/conda'\''
export _CE_M='\'''\''
export _CE_CONDA='\'''\''
export CONDA_PYTHON_EXE='\''/software/spackages_v0_21_prod/apps/linux-ubuntu22.04-zen2/gcc-13.2.0/anaconda3-2022.10-5wy43yh5crcsmws4afls5thwoskzarhe/bin/python'\''
. "/users/k24087895/.conda/envs/final_project/etc/conda/activate.d/activate-r-base.sh"
. "/users/k24087895/.conda/envs/final_project/etc/conda/activate.d/libglib_activate.sh"
. "/users/k24087895/.conda/envs/final_project/etc/conda/activate.d/libxml2_activate.sh"
. "/users/k24087895/.conda/envs/final_project/etc/conda/activate.d/openjdk_activate.sh"'
++ eval 'PS1='\''(final_project) '\''
export PATH='\''/users/k24087895/.local/bin:/users/k24087895/.conda/envs/final_project/bin:/software/spackages_v0_21_prod/apps/linux-ubuntu22.04-zen2/gcc-13.2.0/anaconda3-2022.10-5wy43yh5crcsmws4afls5thwoskzarhe/condabin:/usr/local/sbin:/usr/local/bin:/usr/sbin:/usr/bin:/sbin:/bin:/usr/games:/usr/local/games:/snap/bin:/opt/puppetlabs/bin'\''
export CONDA_PREFIX='\''/users/k24087895/.conda/envs/final_project'\''
export CONDA_SHLVL='\''2'\''
export CONDA_DEFAULT_ENV='\''final_project'\''
export CONDA_PROMPT_MODIFIER='\''(final_project) '\''
export CONDA_PREFIX_1='\''/software/spackages_v0_21_prod/apps/linux-ubuntu22.04-zen2/gcc-13.2.0/anaconda3-2022.10-5wy43yh5crcsmws4afls5thwoskzarhe'\''
export CONDA_EXE='\''/software/spackages_v0_21_prod/apps/linux-ubuntu22.04-zen2/gcc-13.2.0/anaconda3-2022.10-5wy43yh5crcsmws4afls5thwoskzarhe/bin/conda'\''
export _CE_M='\'''\''
export _CE_CONDA='\'''\''
export CONDA_PYTHON_EXE='\''/software/spackages_v0_21_prod/apps/linux-ubuntu22.04-zen2/gcc-13.2.0/anaconda3-2022.10-5wy43yh5crcsmws4afls5thwoskzarhe/bin/python'\''
. "/users/k24087895/.conda/envs/final_project/etc/conda/activate.d/activate-r-base.sh"
. "/users/k24087895/.conda/envs/final_project/etc/conda/activate.d/libglib_activate.sh"
. "/users/k24087895/.conda/envs/final_project/etc/conda/activate.d/libxml2_activate.sh"
. "/users/k24087895/.conda/envs/final_project/etc/conda/activate.d/openjdk_activate.sh"'
+++ PS1='(final_project) '
+++ export PATH=/users/k24087895/.local/bin:/users/k24087895/.conda/envs/final_project/bin:/software/spackages_v0_21_prod/apps/linux-ubuntu22.04-zen2/gcc-13.2.0/anaconda3-2022.10-5wy43yh5crcsmws4afls5thwoskzarhe/condabin:/usr/local/sbin:/usr/local/bin:/usr/sbin:/usr/bin:/sbin:/bin:/usr/games:/usr/local/games:/snap/bin:/opt/puppetlabs/bin
+++ PATH=/users/k24087895/.local/bin:/users/k24087895/.conda/envs/final_project/bin:/software/spackages_v0_21_prod/apps/linux-ubuntu22.04-zen2/gcc-13.2.0/anaconda3-2022.10-5wy43yh5crcsmws4afls5thwoskzarhe/condabin:/usr/local/sbin:/usr/local/bin:/usr/sbin:/usr/bin:/sbin:/bin:/usr/games:/usr/local/games:/snap/bin:/opt/puppetlabs/bin
+++ export CONDA_PREFIX=/users/k24087895/.conda/envs/final_project
+++ CONDA_PREFIX=/users/k24087895/.conda/envs/final_project
+++ export CONDA_SHLVL=2
+++ CONDA_SHLVL=2
+++ export CONDA_DEFAULT_ENV=final_project
+++ CONDA_DEFAULT_ENV=final_project
+++ export 'CONDA_PROMPT_MODIFIER=(final_project) '
+++ CONDA_PROMPT_MODIFIER='(final_project) '
+++ export CONDA_PREFIX_1=/software/spackages_v0_21_prod/apps/linux-ubuntu22.04-zen2/gcc-13.2.0/anaconda3-2022.10-5wy43yh5crcsmws4afls5thwoskzarhe
+++ CONDA_PREFIX_1=/software/spackages_v0_21_prod/apps/linux-ubuntu22.04-zen2/gcc-13.2.0/anaconda3-2022.10-5wy43yh5crcsmws4afls5thwoskzarhe
+++ export CONDA_EXE=/software/spackages_v0_21_prod/apps/linux-ubuntu22.04-zen2/gcc-13.2.0/anaconda3-2022.10-5wy43yh5crcsmws4afls5thwoskzarhe/bin/conda
+++ CONDA_EXE=/software/spackages_v0_21_prod/apps/linux-ubuntu22.04-zen2/gcc-13.2.0/anaconda3-2022.10-5wy43yh5crcsmws4afls5thwoskzarhe/bin/conda
+++ export _CE_M=
+++ _CE_M=
+++ export _CE_CONDA=
+++ _CE_CONDA=
+++ export CONDA_PYTHON_EXE=/software/spackages_v0_21_prod/apps/linux-ubuntu22.04-zen2/gcc-13.2.0/anaconda3-2022.10-5wy43yh5crcsmws4afls5thwoskzarhe/bin/python
+++ CONDA_PYTHON_EXE=/software/spackages_v0_21_prod/apps/linux-ubuntu22.04-zen2/gcc-13.2.0/anaconda3-2022.10-5wy43yh5crcsmws4afls5thwoskzarhe/bin/python
+++ . /users/k24087895/.conda/envs/final_project/etc/conda/activate.d/activate-r-base.sh
++++ R CMD javareconf
++++ true
++++ '[' -n '' ']'
++++ export RSTUDIO_WHICH_R=/users/k24087895/.conda/envs/final_project/bin/R
++++ RSTUDIO_WHICH_R=/users/k24087895/.conda/envs/final_project/bin/R
+++ . /users/k24087895/.conda/envs/final_project/etc/conda/activate.d/libglib_activate.sh
++++ export GSETTINGS_SCHEMA_DIR_CONDA_BACKUP=
++++ GSETTINGS_SCHEMA_DIR_CONDA_BACKUP=
++++ export GSETTINGS_SCHEMA_DIR=/users/k24087895/.conda/envs/final_project/share/glib-2.0/schemas
++++ GSETTINGS_SCHEMA_DIR=/users/k24087895/.conda/envs/final_project/share/glib-2.0/schemas
+++ . /users/k24087895/.conda/envs/final_project/etc/conda/activate.d/libxml2_activate.sh
++++ test -n ''
++++ xml_catalog_files_libxml2=
++++ XML_CATALOG_FILES=
++++ conda_catalog_files=
++++ ifs_libxml2=' 	
'
++++ IFS=' '
++++ rem=/users/k24087895/.conda/envs/final_project
++++ for pre in ${rem}
++++ test '' = /users/k24087895/.conda/envs/final_project
++++ conda_catalog_files=/users/k24087895/.conda/envs/final_project
++++ rem=
++++ IFS=' 	
'
++++ conda_catalog_files='file:///users/k24087895/.conda/envs/final_project/etc/xml/catalog file:///etc/xml/catalog'
++++ export 'XML_CATALOG_FILES=file:///users/k24087895/.conda/envs/final_project/etc/xml/catalog file:///etc/xml/catalog'
++++ XML_CATALOG_FILES='file:///users/k24087895/.conda/envs/final_project/etc/xml/catalog file:///etc/xml/catalog'
++++ unset conda_catalog_files ifs_libxml2 rem
+++ . /users/k24087895/.conda/envs/final_project/etc/conda/activate.d/openjdk_activate.sh
++++ '[' x ']'
++++ export JAVA_HOME_CONDA_BACKUP=/users/k24087895/.conda/envs/final_project/lib/jvm
++++ JAVA_HOME_CONDA_BACKUP=/users/k24087895/.conda/envs/final_project/lib/jvm
++++ export JAVA_HOME=/users/k24087895/.conda/envs/final_project/lib/jvm
++++ JAVA_HOME=/users/k24087895/.conda/envs/final_project/lib/jvm
++++ '[' x ']'
++++ export JAVA_LD_LIBRARY_PATH_BACKUP=/users/k24087895/.conda/envs/final_project/lib/jvm/lib/server
++++ JAVA_LD_LIBRARY_PATH_BACKUP=/users/k24087895/.conda/envs/final_project/lib/jvm/lib/server
++++ export JAVA_LD_LIBRARY_PATH=/users/k24087895/.conda/envs/final_project/lib/jvm/lib/server
++++ JAVA_LD_LIBRARY_PATH=/users/k24087895/.conda/envs/final_project/lib/jvm/lib/server
++ __conda_hashr
++ '[' -n '' ']'
++ '[' -n '' ']'
++ hash -r
++ echo '✅ '\''final_project'\'' environment activated successfully.'
++ export PATH=/users/k24087895/.conda/envs/final_project/bin:/users/k24087895/.local/bin:/users/k24087895/.conda/envs/final_project/bin:/software/spackages_v0_21_prod/apps/linux-ubuntu22.04-zen2/gcc-13.2.0/anaconda3-2022.10-5wy43yh5crcsmws4afls5thwoskzarhe/condabin:/usr/local/sbin:/usr/local/bin:/usr/sbin:/usr/bin:/sbin:/bin:/usr/games:/usr/local/games:/snap/bin:/opt/puppetlabs/bin
++ PATH=/users/k24087895/.conda/envs/final_project/bin:/users/k24087895/.local/bin:/users/k24087895/.conda/envs/final_project/bin:/software/spackages_v0_21_prod/apps/linux-ubuntu22.04-zen2/gcc-13.2.0/anaconda3-2022.10-5wy43yh5crcsmws4afls5thwoskzarhe/condabin:/usr/local/sbin:/usr/local/bin:/usr/sbin:/usr/bin:/sbin:/bin:/usr/games:/usr/local/games:/snap/bin:/opt/puppetlabs/bin
++ export PYTHONPATH=/users/k24087895/.conda/envs/final_project/lib/python3.13/site-packages:
++ PYTHONPATH=/users/k24087895/.conda/envs/final_project/lib/python3.13/site-packages:
+ echo -e '\n====================================================== PROJECT STRUCTURE ======================================================\n'
+ RESULTS_DIR=/scratch/users/k24087895/final_project/zymobiomics_folder/results
+ FASTQC_DIR=/scratch/users/k24087895/final_project/zymobiomics_folder/results/fastqc
+ HOST_DNA_ANALYSIS_DIR=/scratch/users/k24087895/final_project/zymobiomics_folder/results/host_dna_analysis
++ dirname /scratch/users/k24087895/final_project/zymobiomics_folder/raw_data/
+ PROCESSED_DIR=/scratch/users/k24087895/final_project/zymobiomics_folder/processed_data
+ TRIMMED_DIR=/scratch/users/k24087895/final_project/zymobiomics_folder/processed_data/trimmed
+ HUMAN_DIR=/scratch/users/k24087895/final_project/zymobiomics_folder/processed_data/human
+ ALIGNED_SAM_DIR=/scratch/users/k24087895/final_project/zymobiomics_folder/processed_data/human/aligned_sam
+ SORTED_BAM_DIR=/scratch/users/k24087895/final_project/zymobiomics_folder/processed_data/human/sorted_bam
+ BED_FILES_DIR=/scratch/users/k24087895/final_project/zymobiomics_folder/processed_data/human/bed_files
+ METAGENOMIC_DIR=/scratch/users/k24087895/final_project/zymobiomics_folder/processed_data/metagenomic
+ FILTERED_FASTQ_DIR=/scratch/users/k24087895/final_project/zymobiomics_folder/processed_data/metagenomic/filtered_fastq
+ KRAKEN2_DIR=/scratch/users/k24087895/final_project/zymobiomics_folder/processed_data/metagenomic/kraken2
+ CLASSIFIED_DIR=/scratch/users/k24087895/final_project/zymobiomics_folder/processed_data/metagenomic/classified
+ UNCLASSIFIED_DIR=/scratch/users/k24087895/final_project/zymobiomics_folder/processed_data/metagenomic/unclassified
+ BRACKEN_DIR=/scratch/users/k24087895/final_project/zymobiomics_folder/processed_data/metagenomic/bracken
++ date +run_%d%m_%H%M
+ RUN_DIR=/scratch/users/k24087895/final_project/zymobiomics_folder/results/runs/run_2504_1724
+ REPORTS_DIR=/scratch/users/k24087895/final_project/zymobiomics_folder/results/runs/run_2504_1724/reports
+ KRONA_DIR=/scratch/users/k24087895/final_project/zymobiomics_folder/results/runs/run_2504_1724/krona
+ DIVERSITY_DIR=/scratch/users/k24087895/final_project/zymobiomics_folder/results/runs/run_2504_1724/diversity
+ LOG_DIR=/scratch/users/k24087895/final_project/zymobiomics_folder/results/runs/run_2504_1724/logs
+ mkdir -p /scratch/users/k24087895/final_project/zymobiomics_folder/results /scratch/users/k24087895/final_project/zymobiomics_folder/results/host_dna_analysis /scratch/users/k24087895/final_project/zymobiomics_folder/results/fastqc/pre_trimming /scratch/users/k24087895/final_project/zymobiomics_folder/results/fastqc/post_trimming /scratch/users/k24087895/final_project/zymobiomics_folder/processed_data/trimmed/paired /scratch/users/k24087895/final_project/zymobiomics_folder/processed_data/trimmed/unpaired /scratch/users/k24087895/final_project/zymobiomics_folder/processed_data/human/aligned_sam /scratch/users/k24087895/final_project/zymobiomics_folder/processed_data/metagenomic/filtered_fastq /scratch/users/k24087895/final_project/zymobiomics_folder/processed_data/metagenomic/kraken2 /scratch/users/k24087895/final_project/zymobiomics_folder/processed_data/metagenomic/classified /scratch/users/k24087895/final_project/zymobiomics_folder/processed_data/metagenomic/unclassified /scratch/users/k24087895/final_project/zymobiomics_folder/processed_data/metagenomic/bracken /scratch/users/k24087895/final_project/zymobiomics_folder/results/runs/run_2504_1724/reports /scratch/users/k24087895/final_project/zymobiomics_folder/results/runs/run_2504_1724/krona /scratch/users/k24087895/final_project/zymobiomics_folder/results/runs/run_2504_1724/diversity /scratch/users/k24087895/final_project/zymobiomics_folder/results/runs/run_2504_1724/logs /scratch/users/k24087895/final_project/zymobiomics_folder/processed_data/human/sorted_bam /scratch/users/k24087895/final_project/zymobiomics_folder/processed_data/human/bed_files
+ tree -L 3 -d /scratch/users/k24087895/final_project/zymobiomics_folder
+ echo 'Human DNA-related files (SAM, BAM, and BED) in the '\''human'\'' directory are created once per sub-project and remain unchanged across runs.'
+ echo 'Intermediate metagenomic files in the '\''metagenomic'\'' directory are overwritten with each run and should be inspected beforehand if desired.'
+ echo 'Results are stored in the '\''results'\'' directory (including FastQC, host DNA analysis, and run-specific results like Kraken2 and Bracken).'
+ [[ false == true ]]
+ echo -e '\n================================================= METAGENOMIC ABUNDANCE ESTIMATION ================================================='
+ echo '⚠️ This step assumes reads have already been trimmed with Trimmomatic and host DNA removed with Bowtie2. Processed reads must be in the correct directory.'
++ date +%s
+ START_TIME=1745598291
+ for R1 in "$TRIMMED_DIR"/paired/*_R1_paired.fastq.gz
++ basename /scratch/users/k24087895/final_project/zymobiomics_folder/processed_data/trimmed/paired/ZC1_S4_R1_paired.fastq.gz _R1_paired.fastq.gz
+ base=ZC1_S4
+ echo -e '\nProcessing sample: ZC1_S4'
+ [[ true == true ]]
+ echo -e '\nRemoving human reads with Bowtie2...'
+ BOWTIE_CMD='bowtie2 -x "/scratch/users/k24087895/final_project/data/bowtie_index/GRCh38_noalt_as/GRCh38_noalt_as" -p 8 -q --end-to-end --very-sensitive --no-mixed --no-discordant                     -1 "/scratch/users/k24087895/final_project/zymobiomics_folder/processed_data/trimmed/paired/ZC1_S4_R1_paired.fastq.gz" -2 "/scratch/users/k24087895/final_project/zymobiomics_folder/processed_data/trimmed/paired/ZC1_S4_R2_paired.fastq.gz"                     --un-conc "/scratch/users/k24087895/final_project/zymobiomics_folder/processed_data/metagenomic/filtered_fastq/ZC1_S4_metagenomic" -S "/scratch/users/k24087895/final_project/zymobiomics_folder/processed_data/human/aligned_sam/ZC1_S4_human.sam" 2>&1'
+ echo 'bowtie2 -x "/scratch/users/k24087895/final_project/data/bowtie_index/GRCh38_noalt_as/GRCh38_noalt_as" -p 8 -q --end-to-end --very-sensitive --no-mixed --no-discordant                     -1 "/scratch/users/k24087895/final_project/zymobiomics_folder/processed_data/trimmed/paired/ZC1_S4_R1_paired.fastq.gz" -2 "/scratch/users/k24087895/final_project/zymobiomics_folder/processed_data/trimmed/paired/ZC1_S4_R2_paired.fastq.gz"                     --un-conc "/scratch/users/k24087895/final_project/zymobiomics_folder/processed_data/metagenomic/filtered_fastq/ZC1_S4_metagenomic" -S "/scratch/users/k24087895/final_project/zymobiomics_folder/processed_data/human/aligned_sam/ZC1_S4_human.sam" 2>&1'
+ eval bowtie2 -x '"/scratch/users/k24087895/final_project/data/bowtie_index/GRCh38_noalt_as/GRCh38_noalt_as"' -p 8 -q --end-to-end --very-sensitive --no-mixed --no-discordant -1 '"/scratch/users/k24087895/final_project/zymobiomics_folder/processed_data/trimmed/paired/ZC1_S4_R1_paired.fastq.gz"' -2 '"/scratch/users/k24087895/final_project/zymobiomics_folder/processed_data/trimmed/paired/ZC1_S4_R2_paired.fastq.gz"' --un-conc '"/scratch/users/k24087895/final_project/zymobiomics_folder/processed_data/metagenomic/filtered_fastq/ZC1_S4_metagenomic"' -S '"/scratch/users/k24087895/final_project/zymobiomics_folder/processed_data/human/aligned_sam/ZC1_S4_human.sam"' '2>&1'
++ bowtie2 -x /scratch/users/k24087895/final_project/data/bowtie_index/GRCh38_noalt_as/GRCh38_noalt_as -p 8 -q --end-to-end --very-sensitive --no-mixed --no-discordant -1 /scratch/users/k24087895/final_project/zymobiomics_folder/processed_data/trimmed/paired/ZC1_S4_R1_paired.fastq.gz -2 /scratch/users/k24087895/final_project/zymobiomics_folder/processed_data/trimmed/paired/ZC1_S4_R2_paired.fastq.gz --un-conc /scratch/users/k24087895/final_project/zymobiomics_folder/processed_data/metagenomic/filtered_fastq/ZC1_S4_metagenomic -S /scratch/users/k24087895/final_project/zymobiomics_folder/processed_data/human/aligned_sam/ZC1_S4_human.sam
