
================================================= ARGUMENT PARSING & VALIDATION =================================================

Raw FASTQ directory path: ../zymobiomics_folder/raw_data/
âš ï¸ Warning: No argument provided. Using default: ../data/bowtie_index/GRCh38_noalt_as/GRCh38_noalt_as
âœ… Trimming enabled.
Quality Control & Trimming: Enabled âœ…
âš ï¸ Optional, but must be done at least once on the raw reads for the pipeline to work.

Host DNA Removal: Enabled âœ…
Bowtie2 Index Prefix: ../data/bowtie_index/GRCh38_noalt_as/GRCh38_noalt_as
âš ï¸ Optional, but must be done at least once on the trimmed reads for the pipeline to work.

Kraken2/Bracken Database: ../data/databases/k2_standard_16gb_20241228

================================================= CONDA ENVIRONMENT ACTIVATION ==================================================

âœ… 'metagenomics' environment activated successfully.

====================================================== PROJECT STRUCTURE ======================================================

../zymobiomics_folder
â”œâ”€â”€ processed_data
â”‚Â Â  â”œâ”€â”€ human
â”‚Â Â  â”‚Â Â  â”œâ”€â”€ aligned_sam
â”‚Â Â  â”‚Â Â  â”œâ”€â”€ bed_files
â”‚Â Â  â”‚Â Â  â””â”€â”€ sorted_bam
â”‚Â Â  â”œâ”€â”€ metagenomic
â”‚Â Â  â”‚Â Â  â”œâ”€â”€ bracken
â”‚Â Â  â”‚Â Â  â”œâ”€â”€ classified
â”‚Â Â  â”‚Â Â  â”œâ”€â”€ filtered_fastq
â”‚Â Â  â”‚Â Â  â”œâ”€â”€ kraken2
â”‚Â Â  â”‚Â Â  â””â”€â”€ unclassified
â”‚Â Â  â””â”€â”€ trimmed
â”‚Â Â      â”œâ”€â”€ paired
â”‚Â Â      â””â”€â”€ unpaired
â”œâ”€â”€ raw_data
â””â”€â”€ results
    â”œâ”€â”€ fastqc
    â”‚Â Â  â”œâ”€â”€ post_trimming
    â”‚Â Â  â””â”€â”€ pre_trimming
    â”œâ”€â”€ host_dna_analysis
    â””â”€â”€ runs
        â”œâ”€â”€ run_0204_1555
        â”œâ”€â”€ run_0204_1559
        â”œâ”€â”€ run_0204_1603
        â”œâ”€â”€ run_0204_1606
        â”œâ”€â”€ run_0204_1610
        â”œâ”€â”€ run_0204_1625
        â”œâ”€â”€ run_0204_1642
        â”œâ”€â”€ run_0204_1653
        â”œâ”€â”€ run_0304_1738
        â”œâ”€â”€ run_0504_0954
        â”œâ”€â”€ run_0504_0959
        â”œâ”€â”€ run_0504_2014
        â”œâ”€â”€ run_0504_2054
        â”œâ”€â”€ run_0504_2327
        â”œâ”€â”€ run_0504_2332
        â”œâ”€â”€ run_0504_2344
        â”œâ”€â”€ run_0504_2353
        â”œâ”€â”€ run_0604_2043
        â”œâ”€â”€ run_0604_2101
        â”œâ”€â”€ run_0604_2112
        â”œâ”€â”€ run_2504_1617
        â”œâ”€â”€ run_2504_1620
        â”œâ”€â”€ run_2504_1621
        â”œâ”€â”€ run_2504_1626
        â”œâ”€â”€ run_2504_1634
        â”œâ”€â”€ run_2504_1650
        â”œâ”€â”€ run_2504_1718
        â”œâ”€â”€ run_2504_1724
        â”œâ”€â”€ run_2504_1811
        â”œâ”€â”€ run_2504_1830
        â”œâ”€â”€ run_2504_1852
        â”œâ”€â”€ run_2504_1858
        â”œâ”€â”€ run_2504_1959
        â”œâ”€â”€ run_2504_2003
        â”œâ”€â”€ run_2504_2047
        â”œâ”€â”€ run_2504_2055
        â”œâ”€â”€ run_2504_2209
        â”œâ”€â”€ run_2504_2213
        â”œâ”€â”€ run_2504_2216
        â”œâ”€â”€ run_2603_1200
        â”œâ”€â”€ run_2603_1216
        â”œâ”€â”€ run_2603_1225
        â”œâ”€â”€ run_2603_1231
        â”œâ”€â”€ run_2603_1236
        â”œâ”€â”€ run_2603_1257
        â””â”€â”€ run_2604_0033

67 directories
Human DNA-related files (SAM, BAM, and BED) in the 'human' directory are created once per sub-project and remain unchanged across runs.
Intermediate metagenomic files in the 'metagenomic' directory are overwritten with each run and should be inspected beforehand if desired.
Results are stored in the 'results' directory (including FastQC, host DNA analysis, and run-specific results like Kraken2 and Bracken).

=================================================== QUALITY CONTROL & TRIMMING ===================================================


Running FastQC on all raw reads...
application/gzip
application/gzip
application/gzip
application/gzip
application/gzip
application/gzip
application/gzip
application/gzip
application/gzip
application/gzip
application/gzip
application/gzip
application/gzip
application/gzip
Analysis complete for ZC1_S4_L001_R1_001.fastq.gz
Analysis complete for ZC1_S4_L001_R2_001.fastq.gz
Analysis complete for ZC2_S5_L001_R1_001.fastq.gz
Analysis complete for ZC2_S5_L001_R2_001.fastq.gz
Analysis complete for ZC3_S6_L001_R1_001.fastq.gz
Analysis complete for ZC3_S6_L001_R2_001.fastq.gz
Analysis complete for ZC4_S7_L001_R1_001.fastq.gz
Analysis complete for ZC4_S7_L001_R2_001.fastq.gz
Analysis complete for ZP1_S20_L001_R1_001.fastq.gz
Analysis complete for ZP1_S20_L001_R2_001.fastq.gz
Analysis complete for ZP2_S21_L001_R1_001.fastq.gz
Analysis complete for ZP2_S21_L001_R2_001.fastq.gz
Analysis complete for ZP3_S22_L001_R1_001.fastq.gz
Analysis complete for ZP3_S22_L001_R2_001.fastq.gz
âœ… FastQC completed successfully.

/// MultiQC ðŸ” v1.28

       file_search | Search path: /cephfs/volumes/hpc_data_usr/k24087895/8bae1efe-9269-480e-9bb9-de76b8bdc9e7/final_project/zymobiomics_folder/results/fastqc/pre_trimming

            fastqc | Found 14 reports

     write_results | Data        : None
     write_results | Report      : /cephfs/volumes/hpc_data_usr/k24087895/8bae1efe-9269-480e-9bb9-de76b8bdc9e7/final_project/zymobiomics_folder/results/fastqc/pre_trimming/multiqc_report.html   (overwritten)
           multiqc | MultiQC complete
âœ… MultiQC report generated successfully.

Running Trimmomatic...
TrimmomaticPE: Started with arguments:
 -phred33 -threads 4 ../zymobiomics_folder/raw_data//ZC1_S4_L001_R1_001.fastq.gz ../zymobiomics_folder/raw_data//ZC1_S4_L001_R2_001.fastq.gz ../zymobiomics_folder/raw_data//../processed_data/trimmed/paired/ZC1_S4_R1_paired.fastq.gz ../zymobiomics_folder/raw_data//../processed_data/trimmed/unpaired/ZC1_S4_R1_unpaired.fastq.gz ../zymobiomics_folder/raw_data//../processed_data/trimmed/paired/ZC1_S4_R2_paired.fastq.gz ../zymobiomics_folder/raw_data//../processed_data/trimmed/unpaired/ZC1_S4_R2_unpaired.fastq.gz ILLUMINACLIP:/scratch/users/k24087895/final_project/data/adapters/TruSeq3-PE-2.fa:2:30:10:8:true HEADCROP:5 LEADING:5 CROP:240 SLIDINGWINDOW:4:15 TRAILING:10 MINLEN:35
Using PrefixPair: 'TACACTCTTTCCCTACACGACGCTCTTCCGATCT' and 'GTGACTGGAGTTCAGACGTGTGCTCTTCCGATCT'
Using Long Clipping Sequence: 'AGATCGGAAGAGCGTCGTGTAGGGAAAGAGTGTA'
Using Long Clipping Sequence: 'AGATCGGAAGAGCACACGTCTGAACTCCAGTCAC'
Using Long Clipping Sequence: 'GTGACTGGAGTTCAGACGTGTGCTCTTCCGATCT'
Using Long Clipping Sequence: 'TACACTCTTTCCCTACACGACGCTCTTCCGATCT'
ILLUMINACLIP: Using 1 prefix pairs, 4 forward/reverse sequences, 0 forward only sequences, 0 reverse only sequences
Input Read Pairs: 327187 Both Surviving: 287711 (87.93%) Forward Only Surviving: 4646 (1.42%) Reverse Only Surviving: 1206 (0.37%) Dropped: 33624 (10.28%)
TrimmomaticPE: Completed successfully
âœ… Trimmed ZC1_S4!

TrimmomaticPE: Started with arguments:
 -phred33 -threads 4 ../zymobiomics_folder/raw_data//ZC2_S5_L001_R1_001.fastq.gz ../zymobiomics_folder/raw_data//ZC2_S5_L001_R2_001.fastq.gz ../zymobiomics_folder/raw_data//../processed_data/trimmed/paired/ZC2_S5_R1_paired.fastq.gz ../zymobiomics_folder/raw_data//../processed_data/trimmed/unpaired/ZC2_S5_R1_unpaired.fastq.gz ../zymobiomics_folder/raw_data//../processed_data/trimmed/paired/ZC2_S5_R2_paired.fastq.gz ../zymobiomics_folder/raw_data//../processed_data/trimmed/unpaired/ZC2_S5_R2_unpaired.fastq.gz ILLUMINACLIP:/scratch/users/k24087895/final_project/data/adapters/TruSeq3-PE-2.fa:2:30:10:8:true HEADCROP:5 LEADING:5 CROP:240 SLIDINGWINDOW:4:15 TRAILING:10 MINLEN:35
Using PrefixPair: 'TACACTCTTTCCCTACACGACGCTCTTCCGATCT' and 'GTGACTGGAGTTCAGACGTGTGCTCTTCCGATCT'
Using Long Clipping Sequence: 'AGATCGGAAGAGCGTCGTGTAGGGAAAGAGTGTA'
Using Long Clipping Sequence: 'AGATCGGAAGAGCACACGTCTGAACTCCAGTCAC'
Using Long Clipping Sequence: 'GTGACTGGAGTTCAGACGTGTGCTCTTCCGATCT'
Using Long Clipping Sequence: 'TACACTCTTTCCCTACACGACGCTCTTCCGATCT'
ILLUMINACLIP: Using 1 prefix pairs, 4 forward/reverse sequences, 0 forward only sequences, 0 reverse only sequences
Input Read Pairs: 331292 Both Surviving: 267582 (80.77%) Forward Only Surviving: 3491 (1.05%) Reverse Only Surviving: 1313 (0.40%) Dropped: 58906 (17.78%)
TrimmomaticPE: Completed successfully
âœ… Trimmed ZC2_S5!

TrimmomaticPE: Started with arguments:
 -phred33 -threads 4 ../zymobiomics_folder/raw_data//ZC3_S6_L001_R1_001.fastq.gz ../zymobiomics_folder/raw_data//ZC3_S6_L001_R2_001.fastq.gz ../zymobiomics_folder/raw_data//../processed_data/trimmed/paired/ZC3_S6_R1_paired.fastq.gz ../zymobiomics_folder/raw_data//../processed_data/trimmed/unpaired/ZC3_S6_R1_unpaired.fastq.gz ../zymobiomics_folder/raw_data//../processed_data/trimmed/paired/ZC3_S6_R2_paired.fastq.gz ../zymobiomics_folder/raw_data//../processed_data/trimmed/unpaired/ZC3_S6_R2_unpaired.fastq.gz ILLUMINACLIP:/scratch/users/k24087895/final_project/data/adapters/TruSeq3-PE-2.fa:2:30:10:8:true HEADCROP:5 LEADING:5 CROP:240 SLIDINGWINDOW:4:15 TRAILING:10 MINLEN:35
Using PrefixPair: 'TACACTCTTTCCCTACACGACGCTCTTCCGATCT' and 'GTGACTGGAGTTCAGACGTGTGCTCTTCCGATCT'
Using Long Clipping Sequence: 'AGATCGGAAGAGCGTCGTGTAGGGAAAGAGTGTA'
Using Long Clipping Sequence: 'AGATCGGAAGAGCACACGTCTGAACTCCAGTCAC'
Using Long Clipping Sequence: 'GTGACTGGAGTTCAGACGTGTGCTCTTCCGATCT'
Using Long Clipping Sequence: 'TACACTCTTTCCCTACACGACGCTCTTCCGATCT'
ILLUMINACLIP: Using 1 prefix pairs, 4 forward/reverse sequences, 0 forward only sequences, 0 reverse only sequences
Input Read Pairs: 328660 Both Surviving: 273943 (83.35%) Forward Only Surviving: 3540 (1.08%) Reverse Only Surviving: 1306 (0.40%) Dropped: 49871 (15.17%)
TrimmomaticPE: Completed successfully
âœ… Trimmed ZC3_S6!

TrimmomaticPE: Started with arguments:
 -phred33 -threads 4 ../zymobiomics_folder/raw_data//ZC4_S7_L001_R1_001.fastq.gz ../zymobiomics_folder/raw_data//ZC4_S7_L001_R2_001.fastq.gz ../zymobiomics_folder/raw_data//../processed_data/trimmed/paired/ZC4_S7_R1_paired.fastq.gz ../zymobiomics_folder/raw_data//../processed_data/trimmed/unpaired/ZC4_S7_R1_unpaired.fastq.gz ../zymobiomics_folder/raw_data//../processed_data/trimmed/paired/ZC4_S7_R2_paired.fastq.gz ../zymobiomics_folder/raw_data//../processed_data/trimmed/unpaired/ZC4_S7_R2_unpaired.fastq.gz ILLUMINACLIP:/scratch/users/k24087895/final_project/data/adapters/TruSeq3-PE-2.fa:2:30:10:8:true HEADCROP:5 LEADING:5 CROP:240 SLIDINGWINDOW:4:15 TRAILING:10 MINLEN:35
Using PrefixPair: 'TACACTCTTTCCCTACACGACGCTCTTCCGATCT' and 'GTGACTGGAGTTCAGACGTGTGCTCTTCCGATCT'
Using Long Clipping Sequence: 'AGATCGGAAGAGCGTCGTGTAGGGAAAGAGTGTA'
Using Long Clipping Sequence: 'AGATCGGAAGAGCACACGTCTGAACTCCAGTCAC'
Using Long Clipping Sequence: 'GTGACTGGAGTTCAGACGTGTGCTCTTCCGATCT'
Using Long Clipping Sequence: 'TACACTCTTTCCCTACACGACGCTCTTCCGATCT'
ILLUMINACLIP: Using 1 prefix pairs, 4 forward/reverse sequences, 0 forward only sequences, 0 reverse only sequences
Input Read Pairs: 298033 Both Surviving: 238875 (80.15%) Forward Only Surviving: 3147 (1.06%) Reverse Only Surviving: 1202 (0.40%) Dropped: 54809 (18.39%)
TrimmomaticPE: Completed successfully
âœ… Trimmed ZC4_S7!

TrimmomaticPE: Started with arguments:
 -phred33 -threads 4 ../zymobiomics_folder/raw_data//ZP1_S20_L001_R1_001.fastq.gz ../zymobiomics_folder/raw_data//ZP1_S20_L001_R2_001.fastq.gz ../zymobiomics_folder/raw_data//../processed_data/trimmed/paired/ZP1_S20_R1_paired.fastq.gz ../zymobiomics_folder/raw_data//../processed_data/trimmed/unpaired/ZP1_S20_R1_unpaired.fastq.gz ../zymobiomics_folder/raw_data//../processed_data/trimmed/paired/ZP1_S20_R2_paired.fastq.gz ../zymobiomics_folder/raw_data//../processed_data/trimmed/unpaired/ZP1_S20_R2_unpaired.fastq.gz ILLUMINACLIP:/scratch/users/k24087895/final_project/data/adapters/TruSeq3-PE-2.fa:2:30:10:8:true HEADCROP:5 LEADING:5 CROP:240 SLIDINGWINDOW:4:15 TRAILING:10 MINLEN:35
Using PrefixPair: 'TACACTCTTTCCCTACACGACGCTCTTCCGATCT' and 'GTGACTGGAGTTCAGACGTGTGCTCTTCCGATCT'
Using Long Clipping Sequence: 'AGATCGGAAGAGCGTCGTGTAGGGAAAGAGTGTA'
Using Long Clipping Sequence: 'AGATCGGAAGAGCACACGTCTGAACTCCAGTCAC'
Using Long Clipping Sequence: 'GTGACTGGAGTTCAGACGTGTGCTCTTCCGATCT'
Using Long Clipping Sequence: 'TACACTCTTTCCCTACACGACGCTCTTCCGATCT'
ILLUMINACLIP: Using 1 prefix pairs, 4 forward/reverse sequences, 0 forward only sequences, 0 reverse only sequences
Input Read Pairs: 349154 Both Surviving: 299533 (85.79%) Forward Only Surviving: 4651 (1.33%) Reverse Only Surviving: 1387 (0.40%) Dropped: 43583 (12.48%)
TrimmomaticPE: Completed successfully
âœ… Trimmed ZP1_S20!

TrimmomaticPE: Started with arguments:
 -phred33 -threads 4 ../zymobiomics_folder/raw_data//ZP2_S21_L001_R1_001.fastq.gz ../zymobiomics_folder/raw_data//ZP2_S21_L001_R2_001.fastq.gz ../zymobiomics_folder/raw_data//../processed_data/trimmed/paired/ZP2_S21_R1_paired.fastq.gz ../zymobiomics_folder/raw_data//../processed_data/trimmed/unpaired/ZP2_S21_R1_unpaired.fastq.gz ../zymobiomics_folder/raw_data//../processed_data/trimmed/paired/ZP2_S21_R2_paired.fastq.gz ../zymobiomics_folder/raw_data//../processed_data/trimmed/unpaired/ZP2_S21_R2_unpaired.fastq.gz ILLUMINACLIP:/scratch/users/k24087895/final_project/data/adapters/TruSeq3-PE-2.fa:2:30:10:8:true HEADCROP:5 LEADING:5 CROP:240 SLIDINGWINDOW:4:15 TRAILING:10 MINLEN:35
Using PrefixPair: 'TACACTCTTTCCCTACACGACGCTCTTCCGATCT' and 'GTGACTGGAGTTCAGACGTGTGCTCTTCCGATCT'
Using Long Clipping Sequence: 'AGATCGGAAGAGCGTCGTGTAGGGAAAGAGTGTA'
Using Long Clipping Sequence: 'AGATCGGAAGAGCACACGTCTGAACTCCAGTCAC'
Using Long Clipping Sequence: 'GTGACTGGAGTTCAGACGTGTGCTCTTCCGATCT'
Using Long Clipping Sequence: 'TACACTCTTTCCCTACACGACGCTCTTCCGATCT'
ILLUMINACLIP: Using 1 prefix pairs, 4 forward/reverse sequences, 0 forward only sequences, 0 reverse only sequences
Input Read Pairs: 358936 Both Surviving: 293443 (81.75%) Forward Only Surviving: 6427 (1.79%) Reverse Only Surviving: 1577 (0.44%) Dropped: 57489 (16.02%)
TrimmomaticPE: Completed successfully
âœ… Trimmed ZP2_S21!

TrimmomaticPE: Started with arguments:
 -phred33 -threads 4 ../zymobiomics_folder/raw_data//ZP3_S22_L001_R1_001.fastq.gz ../zymobiomics_folder/raw_data//ZP3_S22_L001_R2_001.fastq.gz ../zymobiomics_folder/raw_data//../processed_data/trimmed/paired/ZP3_S22_R1_paired.fastq.gz ../zymobiomics_folder/raw_data//../processed_data/trimmed/unpaired/ZP3_S22_R1_unpaired.fastq.gz ../zymobiomics_folder/raw_data//../processed_data/trimmed/paired/ZP3_S22_R2_paired.fastq.gz ../zymobiomics_folder/raw_data//../processed_data/trimmed/unpaired/ZP3_S22_R2_unpaired.fastq.gz ILLUMINACLIP:/scratch/users/k24087895/final_project/data/adapters/TruSeq3-PE-2.fa:2:30:10:8:true HEADCROP:5 LEADING:5 CROP:240 SLIDINGWINDOW:4:15 TRAILING:10 MINLEN:35
Using PrefixPair: 'TACACTCTTTCCCTACACGACGCTCTTCCGATCT' and 'GTGACTGGAGTTCAGACGTGTGCTCTTCCGATCT'
Using Long Clipping Sequence: 'AGATCGGAAGAGCGTCGTGTAGGGAAAGAGTGTA'
Using Long Clipping Sequence: 'AGATCGGAAGAGCACACGTCTGAACTCCAGTCAC'
Using Long Clipping Sequence: 'GTGACTGGAGTTCAGACGTGTGCTCTTCCGATCT'
Using Long Clipping Sequence: 'TACACTCTTTCCCTACACGACGCTCTTCCGATCT'
ILLUMINACLIP: Using 1 prefix pairs, 4 forward/reverse sequences, 0 forward only sequences, 0 reverse only sequences
Input Read Pairs: 404941 Both Surviving: 326857 (80.72%) Forward Only Surviving: 3655 (0.90%) Reverse Only Surviving: 1642 (0.41%) Dropped: 72787 (17.97%)
TrimmomaticPE: Completed successfully
âœ… Trimmed ZP3_S22!


Running FastQC on paired trimmed reads...
âœ… FastQC completed successfully.

/// MultiQC ðŸ” v1.28

       file_search | Search path: /cephfs/volumes/hpc_data_usr/k24087895/8bae1efe-9269-480e-9bb9-de76b8bdc9e7/final_project/zymobiomics_folder/results/fastqc/post_trimming

            fastqc | Found 14 reports
            violin | Tried to make table/violin plot, but had no data. pconfig: {'namespace': 'FastQC', 'id': 'fastqc_top_overrepresented_sequences_table', 'title': 'FastQC: Top overrepresented sequences', 'col1_header': 'Overrepresented sequence', 'sort_rows': False}

     write_results | Data        : None
     write_results | Report      : /cephfs/volumes/hpc_data_usr/k24087895/8bae1efe-9269-480e-9bb9-de76b8bdc9e7/final_project/zymobiomics_folder/results/fastqc/post_trimming/multiqc_report.html   (overwritten)
           multiqc | MultiQC complete
âœ… MultiQC report generated successfully.

âœ… All processing steps completed successfully.
âœ… QC and trimming completed successfully.

================================================= METAGENOMIC ABUNDANCE ESTIMATION =================================================
âš ï¸ This step assumes reads have already been trimmed with Trimmomatic and host DNA removed with Bowtie2. Processed reads must be in the correct directory.

Processing sample: ZC1_S4

Removing human reads with Bowtie2...
bowtie2 -x "../data/bowtie_index/GRCh38_noalt_as/GRCh38_noalt_as" -p 8 -q --end-to-end --very-sensitive --no-mixed --no-discordant                     -1 "../zymobiomics_folder/processed_data/trimmed/paired/ZC1_S4_R1_paired.fastq.gz" -2 "../zymobiomics_folder/processed_data/trimmed/paired/ZC1_S4_R2_paired.fastq.gz"                     --un-conc "../zymobiomics_folder/processed_data/metagenomic/filtered_fastq/ZC1_S4_metagenomic" -S "../zymobiomics_folder/processed_data/human/aligned_sam/ZC1_S4_human.sam" 2>&1
sh: 1: /users/k24087895/.conda/envs/metagenomics/bin/bowtie2-align-s: Exec format error
(ERR): Description of arguments failed!
Exiting now ...
