
================================================= ARGUMENT PARSING & VALIDATION =================================================

Raw FASTQ directory path: ../casework_folder/raw_data/
âš ï¸ Warning: No argument provided. Using default: ../data/bowtie_index/GRCh38_noalt_as/GRCh38_noalt_as
âœ… Trimming enabled.
Quality Control & Trimming: Enabled âœ…
âš ï¸ Optional, but must be done at least once on the raw reads for the pipeline to work.

Host DNA Removal: Enabled âœ…
Bowtie2 Index Prefix: ../data/bowtie_index/GRCh38_noalt_as/GRCh38_noalt_as
âš ï¸ Optional, but must be done at least once on the trimmed reads for the pipeline to work.

Kraken2/Bracken Database: ../data/databases/k2_standard_16gb_20241228

================================================= CONDA ENVIRONMENT ACTIVATION ==================================================

âœ… 'metagenomics' environment activated successfully.

====================================================== PROJECT STRUCTURE ======================================================

../casework_folder
â”œâ”€â”€ comparisons
â”‚Â Â  â”œâ”€â”€ run_2503_1730
â”‚Â Â  â”‚Â Â  â””â”€â”€ results
â”‚Â Â  â””â”€â”€ run_2503_1738
â”‚Â Â      â””â”€â”€ results
â”œâ”€â”€ processed_data
â”‚Â Â  â”œâ”€â”€ human
â”‚Â Â  â”‚Â Â  â”œâ”€â”€ aligned_sam
â”‚Â Â  â”‚Â Â  â”œâ”€â”€ bed_files
â”‚Â Â  â”‚Â Â  â””â”€â”€ sorted_bam
â”‚Â Â  â”œâ”€â”€ metagenomic
â”‚Â Â  â”‚Â Â  â”œâ”€â”€ bracken
â”‚Â Â  â”‚Â Â  â”œâ”€â”€ classified
â”‚Â Â  â”‚Â Â  â”œâ”€â”€ filtered_fastq
â”‚Â Â  â”‚Â Â  â”œâ”€â”€ kraken
â”‚Â Â  â”‚Â Â  â”œâ”€â”€ kraken2
â”‚Â Â  â”‚Â Â  â””â”€â”€ unclassified
â”‚Â Â  â””â”€â”€ trimmed
â”‚Â Â      â”œâ”€â”€ paired
â”‚Â Â      â””â”€â”€ unpaired
â”œâ”€â”€ raw_data
â””â”€â”€ results
    â”œâ”€â”€ fastqc
    â”‚Â Â  â”œâ”€â”€ post_trimming
    â”‚Â Â  â””â”€â”€ pre_trimming
    â”œâ”€â”€ host_dna_analysis
    â””â”€â”€ runs
        â”œâ”€â”€ run_2603_1329
        â””â”€â”€ run_3004_1602

29 directories
Human DNA-related files (SAM, BAM, and BED) in the 'human' directory are created once per sub-project and remain unchanged across runs.
Intermediate metagenomic files in the 'metagenomic' directory are overwritten with each run and should be inspected beforehand if desired.
Results are stored in the 'results' directory (including FastQC, host DNA analysis, and run-specific results like Kraken2 and Bracken).

=================================================== QUALITY CONTROL & TRIMMING ===================================================


Running FastQC on all raw reads...
application/gzip
application/gzip
Analysis complete for Heart_S16_L001_R1_001.fastq.gz
Analysis complete for Heart_S16_L001_R2_001.fastq.gz
âœ… FastQC completed successfully.

/// MultiQC ðŸ” v1.28

       file_search | Search path: /cephfs/volumes/hpc_data_usr/k24087895/8bae1efe-9269-480e-9bb9-de76b8bdc9e7/final_project/casework_folder/results/fastqc/pre_trimming

            fastqc | Found 2 reports

     write_results | Data        : None
     write_results | Report      : /cephfs/volumes/hpc_data_usr/k24087895/8bae1efe-9269-480e-9bb9-de76b8bdc9e7/final_project/casework_folder/results/fastqc/pre_trimming/multiqc_report.html   (overwritten)
           multiqc | MultiQC complete
âœ… MultiQC report generated successfully.

Running Trimmomatic...
TrimmomaticPE: Started with arguments:
 -phred33 -threads 4 ../casework_folder/raw_data//Heart_S16_L001_R1_001.fastq.gz ../casework_folder/raw_data//Heart_S16_L001_R2_001.fastq.gz ../casework_folder/raw_data//../processed_data/trimmed/paired/Heart_S16_R1_paired.fastq.gz ../casework_folder/raw_data//../processed_data/trimmed/unpaired/Heart_S16_R1_unpaired.fastq.gz ../casework_folder/raw_data//../processed_data/trimmed/paired/Heart_S16_R2_paired.fastq.gz ../casework_folder/raw_data//../processed_data/trimmed/unpaired/Heart_S16_R2_unpaired.fastq.gz ILLUMINACLIP:/scratch/users/k24087895/final_project/data/adapters/TruSeq3-PE-2.fa:2:30:10:8:true HEADCROP:5 LEADING:5 CROP:240 SLIDINGWINDOW:4:15 TRAILING:10 MINLEN:35
Using PrefixPair: 'TACACTCTTTCCCTACACGACGCTCTTCCGATCT' and 'GTGACTGGAGTTCAGACGTGTGCTCTTCCGATCT'
Using Long Clipping Sequence: 'AGATCGGAAGAGCGTCGTGTAGGGAAAGAGTGTA'
Using Long Clipping Sequence: 'AGATCGGAAGAGCACACGTCTGAACTCCAGTCAC'
Using Long Clipping Sequence: 'GTGACTGGAGTTCAGACGTGTGCTCTTCCGATCT'
Using Long Clipping Sequence: 'TACACTCTTTCCCTACACGACGCTCTTCCGATCT'
ILLUMINACLIP: Using 1 prefix pairs, 4 forward/reverse sequences, 0 forward only sequences, 0 reverse only sequences
Input Read Pairs: 173122 Both Surviving: 65098 (37.60%) Forward Only Surviving: 5940 (3.43%) Reverse Only Surviving: 3485 (2.01%) Dropped: 98599 (56.95%)
TrimmomaticPE: Completed successfully
âœ… Trimmed Heart_S16!


Running FastQC on paired trimmed reads...
âœ… FastQC completed successfully.

/// MultiQC ðŸ” v1.28

       file_search | Search path: /cephfs/volumes/hpc_data_usr/k24087895/8bae1efe-9269-480e-9bb9-de76b8bdc9e7/final_project/casework_folder/results/fastqc/post_trimming

            fastqc | Found 2 reports
            violin | Tried to make table/violin plot, but had no data. pconfig: {'namespace': 'FastQC', 'id': 'fastqc_top_overrepresented_sequences_table', 'title': 'FastQC: Top overrepresented sequences', 'col1_header': 'Overrepresented sequence', 'sort_rows': False}

     write_results | Data        : None
     write_results | Report      : /cephfs/volumes/hpc_data_usr/k24087895/8bae1efe-9269-480e-9bb9-de76b8bdc9e7/final_project/casework_folder/results/fastqc/post_trimming/multiqc_report.html   (overwritten)
           multiqc | MultiQC complete
âœ… MultiQC report generated successfully.

âœ… All processing steps completed successfully.
âœ… QC and trimming completed successfully.

================================================= METAGENOMIC ABUNDANCE ESTIMATION =================================================
âš ï¸ This step assumes reads have already been trimmed with Trimmomatic and host DNA removed with Bowtie2. Processed reads must be in the correct directory.

Processing sample: Heart_S16

Removing human reads with Bowtie2...
bowtie2 -x "../data/bowtie_index/GRCh38_noalt_as/GRCh38_noalt_as" -p 8 -q --end-to-end --very-sensitive --no-mixed --no-discordant 	-1 "../casework_folder/processed_data/trimmed/paired/Heart_S16_R1_paired.fastq.gz" -2 "../casework_folder/processed_data/trimmed/paired/Heart_S16_R2_paired.fastq.gz" 	--un-conc "../casework_folder/processed_data/metagenomic/filtered_fastq/Heart_S16_metagenomic" -S "../casework_folder/processed_data/human/aligned_sam/Heart_S16_human.sam" 2>&1
65098 reads; of these:
  65098 (100.00%) were paired; of these:
    64205 (98.63%) aligned concordantly 0 times
    300 (0.46%) aligned concordantly exactly 1 time
    593 (0.91%) aligned concordantly >1 times
1.37% overall alignment rate
âœ… Host reads removed and filtered reads compressed.

Classifying metagenomic reads with Kraken2...
kraken2 --db "../data/databases/k2_standard_16gb_20241228" --threads 8 --report "../casework_folder/results/runs/run_3004_1602/reports/Heart_S16.k2report"                --report-minimizer-data --paired --minimum-hit-groups 2 --gzip-compressed                --classified-out "../casework_folder/processed_data/metagenomic/classified/Heart_S16_classified#.fastq" --unclassified-out "../casework_folder/processed_data/metagenomic/unclassified/Heart_S16_unclassified#.fastq"                "../casework_folder/processed_data/metagenomic/filtered_fastq/Heart_S16_metagenomic.1.gz" "../casework_folder/processed_data/metagenomic/filtered_fastq/Heart_S16_metagenomic.2.gz"                --output "../casework_folder/processed_data/metagenomic/kraken2/Heart_S16.kraken2" --use-names 2>&1
Loading database information... done.
64205 sequences (9.27 Mbp) processed in 0.391s (9841.8 Kseq/m, 1420.30 Mbp/m).
  12796 sequences classified (19.93%)
  51409 sequences unclassified (80.07%)
âœ… Classification complete.

Estimating species abundance with Bracken...
 >> Checking for Valid Options...
 >> Running Bracken 
      >> python src/est_abundance.py -i ../casework_folder/results/runs/run_3004_1602/reports/Heart_S16.k2report -o ../casework_folder/processed_data/metagenomic/bracken/Heart_S16.bracken -k ../data/databases/k2_standard_16gb_20241228/database100mers.kmer_distrib -l S -t 10
>> Checking report file: ../casework_folder/results/runs/run_3004_1602/reports/Heart_S16.k2report
PROGRAM START TIME: 04-30-2025 15:03:49
BRACKEN SUMMARY (Kraken report: ../casework_folder/results/runs/run_3004_1602/reports/Heart_S16.k2report)
    >>> Threshold: 10 
    >>> Number of species in sample: 1115 
	  >> Number of species with reads > threshold: 68 
	  >> Number of species with reads < threshold: 1047 
    >>> Total reads in sample: 64205
	  >> Total reads kept at species level (reads > threshold): 5588
	  >> Total reads discarded (species reads < threshold): 1718
	  >> Reads distributed: 4909
	  >> Reads not distributed (eg. no species above threshold): 581
	  >> Unclassified reads: 51409
BRACKEN OUTPUT PRODUCED: ../casework_folder/processed_data/metagenomic/bracken/Heart_S16.bracken
PROGRAM END TIME: 04-30-2025 15:03:49
  Bracken complete.
âœ… Abundance estimated.

Generating Krona visualization...
Writing ../casework_folder/results/runs/run_3004_1602/krona/Heart_S16.krona.html...
âœ… Krona plot generated.
Unzipping: ../casework_folder/processed_data/metagenomic/filtered_fastq/Heart_S16_metagenomic.1.gz -> ../casework_folder/processed_data/metagenomic/filtered_fastq/Heart_S16_metagenomic.1.fastq
Unzipping: ../casework_folder/processed_data/metagenomic/filtered_fastq/Heart_S16_metagenomic.2.gz -> ../casework_folder/processed_data/metagenomic/filtered_fastq/Heart_S16_metagenomic.2.fastq
../casework_folder/processed_data/metagenomic/filtered_fastq/Heart_S16_metagenomic.1.fastq: mean = 75.3, median = 63.0
../casework_folder/processed_data/metagenomic/filtered_fastq/Heart_S16_metagenomic.2.fastq: mean = 69.0, median = 60.0
../casework_folder/processed_data/metagenomic/classified/Heart_S16_classified_1.fastq: mean = 90.0, median = 79.0
../casework_folder/processed_data/metagenomic/classified/Heart_S16_classified_2.fastq: mean = 79.7, median = 73.0
../casework_folder/processed_data/metagenomic/unclassified/Heart_S16_unclassified_1.fastq: mean = 71.8, median = 60.0
../casework_folder/processed_data/metagenomic/unclassified/Heart_S16_unclassified_2.fastq: mean = 66.3, median = 57.0

Metagenomic classification completed in: 00:01:09

================================================= COMPARISON TO GROUND TRUTH =================================================

Combining Bracken reports...
