
================================================= ARGUMENT PARSING & VALIDATION =================================================

Raw FASTQ directory path: ../zymobiomics_folder/raw_data/
âœ…  Database set to: ../data/databases/k2_pluspfp_08gb_20241228/
âš ï¸  No Bowtie2 index provided. Using default: ../data/bowtie_index/GRCh38_noalt_as/GRCh38_noalt_as
âœ…  Trimming enabled.
Quality Control & Trimming: Enabled âœ…
âš ï¸  Optional, but must be done at least once on the raw reads for the pipeline to work.

Host DNA Removal: Enabled âœ…
Bowtie2 Index Prefix: ../data/bowtie_index/GRCh38_noalt_as/GRCh38_noalt_as
âš ï¸  Optional, but must be done at least once on the trimmed reads for the pipeline to work.

Kraken2/Bracken Database: ../data/databases/k2_pluspfp_08gb_20241228/

================================================= CONDA ENVIRONMENT ACTIVATION ==================================================

âœ… 'metagenomics' environment activated successfully.

====================================================== PROJECT STRUCTURE ======================================================

../zymobiomics_folder
â”œâ”€â”€ processed_data
â”‚Â Â  â”œâ”€â”€ human
â”‚Â Â  â”‚Â Â  â”œâ”€â”€ aligned_sam
â”‚Â Â  â”‚Â Â  â”œâ”€â”€ bed_files
â”‚Â Â  â”‚Â Â  â””â”€â”€ sorted_bam
â”‚Â Â  â”œâ”€â”€ metagenomic
â”‚Â Â  â”‚Â Â  â”œâ”€â”€ bracken
â”‚Â Â  â”‚Â Â  â”œâ”€â”€ classified
â”‚Â Â  â”‚Â Â  â”œâ”€â”€ filtered_fastq
â”‚Â Â  â”‚Â Â  â”œâ”€â”€ kraken2
â”‚Â Â  â”‚Â Â  â””â”€â”€ unclassified
â”‚Â Â  â””â”€â”€ trimmed
â”‚Â Â      â”œâ”€â”€ paired
â”‚Â Â      â””â”€â”€ unpaired
â”œâ”€â”€ raw_data
â””â”€â”€ results
    â”œâ”€â”€ fastqc
    â”‚Â Â  â”œâ”€â”€ post_trimming
    â”‚Â Â  â””â”€â”€ pre_trimming
    â”œâ”€â”€ host_dna_analysis
    â””â”€â”€ runs
        â””â”€â”€ run_2005_1637

22 directories
Human DNA-related files (SAM, BAM, and BED) in the 'human' directory are created once per sub-project and remain unchanged across runs.
Intermediate metagenomic files in the 'metagenomic' directory are overwritten with each run and should be inspected beforehand if desired.
Results are stored in the 'results' directory (including FastQC, host DNA analysis, and run-specific results like Kraken2 and Bracken).

=================================================== QUALITY CONTROL & TRIMMING ===================================================


Running FastQC on all raw reads...
âœ… FastQC completed successfully.

/// MultiQC ðŸ” v1.28

       file_search | Search path: /cephfs/volumes/hpc_data_usr/k24087895/8bae1efe-9269-480e-9bb9-de76b8bdc9e7/final_project/zymobiomics_folder/results/fastqc/pre_trimming

            fastqc | Found 14 reports

     write_results | Data        : None
     write_results | Report      : /cephfs/volumes/hpc_data_usr/k24087895/8bae1efe-9269-480e-9bb9-de76b8bdc9e7/final_project/zymobiomics_folder/results/fastqc/pre_trimming/multiqc_report.html   (overwritten)
           multiqc | MultiQC complete
âœ… MultiQC report generated successfully.

Running Trimmomatic...
TrimmomaticPE: Started with arguments:
 -phred33 -threads 4 ../zymobiomics_folder/raw_data//ZC1_S4_L001_R1_001.fastq.gz ../zymobiomics_folder/raw_data//ZC1_S4_L001_R2_001.fastq.gz ../zymobiomics_folder/raw_data//../processed_data/trimmed/paired/ZC1_S4_R1_paired.fastq.gz ../zymobiomics_folder/raw_data//../processed_data/trimmed/unpaired/ZC1_S4_R1_unpaired.fastq.gz ../zymobiomics_folder/raw_data//../processed_data/trimmed/paired/ZC1_S4_R2_paired.fastq.gz ../zymobiomics_folder/raw_data//../processed_data/trimmed/unpaired/ZC1_S4_R2_unpaired.fastq.gz ILLUMINACLIP:../zymobiomics_folder/raw_data//../../data/adapters/TruSeq3-PE-2.fa:2:30:10:8:true HEADCROP:5 LEADING:5 CROP:240 SLIDINGWINDOW:4:15 TRAILING:10 MINLEN:35
Using PrefixPair: 'TACACTCTTTCCCTACACGACGCTCTTCCGATCT' and 'GTGACTGGAGTTCAGACGTGTGCTCTTCCGATCT'
Using Long Clipping Sequence: 'AGATCGGAAGAGCGTCGTGTAGGGAAAGAGTGTA'
Using Long Clipping Sequence: 'AGATCGGAAGAGCACACGTCTGAACTCCAGTCAC'
Using Long Clipping Sequence: 'GTGACTGGAGTTCAGACGTGTGCTCTTCCGATCT'
Using Long Clipping Sequence: 'TACACTCTTTCCCTACACGACGCTCTTCCGATCT'
ILLUMINACLIP: Using 1 prefix pairs, 4 forward/reverse sequences, 0 forward only sequences, 0 reverse only sequences
Input Read Pairs: 327187 Both Surviving: 287711 (87.93%) Forward Only Surviving: 4646 (1.42%) Reverse Only Surviving: 1206 (0.37%) Dropped: 33624 (10.28%)
TrimmomaticPE: Completed successfully
âœ… Trimmed ZC1_S4!

TrimmomaticPE: Started with arguments:
 -phred33 -threads 4 ../zymobiomics_folder/raw_data//ZC2_S5_L001_R1_001.fastq.gz ../zymobiomics_folder/raw_data//ZC2_S5_L001_R2_001.fastq.gz ../zymobiomics_folder/raw_data//../processed_data/trimmed/paired/ZC2_S5_R1_paired.fastq.gz ../zymobiomics_folder/raw_data//../processed_data/trimmed/unpaired/ZC2_S5_R1_unpaired.fastq.gz ../zymobiomics_folder/raw_data//../processed_data/trimmed/paired/ZC2_S5_R2_paired.fastq.gz ../zymobiomics_folder/raw_data//../processed_data/trimmed/unpaired/ZC2_S5_R2_unpaired.fastq.gz ILLUMINACLIP:../zymobiomics_folder/raw_data//../../data/adapters/TruSeq3-PE-2.fa:2:30:10:8:true HEADCROP:5 LEADING:5 CROP:240 SLIDINGWINDOW:4:15 TRAILING:10 MINLEN:35
Using PrefixPair: 'TACACTCTTTCCCTACACGACGCTCTTCCGATCT' and 'GTGACTGGAGTTCAGACGTGTGCTCTTCCGATCT'
Using Long Clipping Sequence: 'AGATCGGAAGAGCGTCGTGTAGGGAAAGAGTGTA'
Using Long Clipping Sequence: 'AGATCGGAAGAGCACACGTCTGAACTCCAGTCAC'
Using Long Clipping Sequence: 'GTGACTGGAGTTCAGACGTGTGCTCTTCCGATCT'
Using Long Clipping Sequence: 'TACACTCTTTCCCTACACGACGCTCTTCCGATCT'
ILLUMINACLIP: Using 1 prefix pairs, 4 forward/reverse sequences, 0 forward only sequences, 0 reverse only sequences
Input Read Pairs: 331292 Both Surviving: 267582 (80.77%) Forward Only Surviving: 3491 (1.05%) Reverse Only Surviving: 1313 (0.40%) Dropped: 58906 (17.78%)
TrimmomaticPE: Completed successfully
âœ… Trimmed ZC2_S5!

TrimmomaticPE: Started with arguments:
 -phred33 -threads 4 ../zymobiomics_folder/raw_data//ZC3_S6_L001_R1_001.fastq.gz ../zymobiomics_folder/raw_data//ZC3_S6_L001_R2_001.fastq.gz ../zymobiomics_folder/raw_data//../processed_data/trimmed/paired/ZC3_S6_R1_paired.fastq.gz ../zymobiomics_folder/raw_data//../processed_data/trimmed/unpaired/ZC3_S6_R1_unpaired.fastq.gz ../zymobiomics_folder/raw_data//../processed_data/trimmed/paired/ZC3_S6_R2_paired.fastq.gz ../zymobiomics_folder/raw_data//../processed_data/trimmed/unpaired/ZC3_S6_R2_unpaired.fastq.gz ILLUMINACLIP:../zymobiomics_folder/raw_data//../../data/adapters/TruSeq3-PE-2.fa:2:30:10:8:true HEADCROP:5 LEADING:5 CROP:240 SLIDINGWINDOW:4:15 TRAILING:10 MINLEN:35
Using PrefixPair: 'TACACTCTTTCCCTACACGACGCTCTTCCGATCT' and 'GTGACTGGAGTTCAGACGTGTGCTCTTCCGATCT'
Using Long Clipping Sequence: 'AGATCGGAAGAGCGTCGTGTAGGGAAAGAGTGTA'
Using Long Clipping Sequence: 'AGATCGGAAGAGCACACGTCTGAACTCCAGTCAC'
Using Long Clipping Sequence: 'GTGACTGGAGTTCAGACGTGTGCTCTTCCGATCT'
Using Long Clipping Sequence: 'TACACTCTTTCCCTACACGACGCTCTTCCGATCT'
ILLUMINACLIP: Using 1 prefix pairs, 4 forward/reverse sequences, 0 forward only sequences, 0 reverse only sequences
Input Read Pairs: 328660 Both Surviving: 273943 (83.35%) Forward Only Surviving: 3540 (1.08%) Reverse Only Surviving: 1306 (0.40%) Dropped: 49871 (15.17%)
TrimmomaticPE: Completed successfully
âœ… Trimmed ZC3_S6!

TrimmomaticPE: Started with arguments:
 -phred33 -threads 4 ../zymobiomics_folder/raw_data//ZC4_S7_L001_R1_001.fastq.gz ../zymobiomics_folder/raw_data//ZC4_S7_L001_R2_001.fastq.gz ../zymobiomics_folder/raw_data//../processed_data/trimmed/paired/ZC4_S7_R1_paired.fastq.gz ../zymobiomics_folder/raw_data//../processed_data/trimmed/unpaired/ZC4_S7_R1_unpaired.fastq.gz ../zymobiomics_folder/raw_data//../processed_data/trimmed/paired/ZC4_S7_R2_paired.fastq.gz ../zymobiomics_folder/raw_data//../processed_data/trimmed/unpaired/ZC4_S7_R2_unpaired.fastq.gz ILLUMINACLIP:../zymobiomics_folder/raw_data//../../data/adapters/TruSeq3-PE-2.fa:2:30:10:8:true HEADCROP:5 LEADING:5 CROP:240 SLIDINGWINDOW:4:15 TRAILING:10 MINLEN:35
Using PrefixPair: 'TACACTCTTTCCCTACACGACGCTCTTCCGATCT' and 'GTGACTGGAGTTCAGACGTGTGCTCTTCCGATCT'
Using Long Clipping Sequence: 'AGATCGGAAGAGCGTCGTGTAGGGAAAGAGTGTA'
Using Long Clipping Sequence: 'AGATCGGAAGAGCACACGTCTGAACTCCAGTCAC'
Using Long Clipping Sequence: 'GTGACTGGAGTTCAGACGTGTGCTCTTCCGATCT'
Using Long Clipping Sequence: 'TACACTCTTTCCCTACACGACGCTCTTCCGATCT'
ILLUMINACLIP: Using 1 prefix pairs, 4 forward/reverse sequences, 0 forward only sequences, 0 reverse only sequences
Input Read Pairs: 298033 Both Surviving: 238875 (80.15%) Forward Only Surviving: 3147 (1.06%) Reverse Only Surviving: 1202 (0.40%) Dropped: 54809 (18.39%)
TrimmomaticPE: Completed successfully
âœ… Trimmed ZC4_S7!

TrimmomaticPE: Started with arguments:
 -phred33 -threads 4 ../zymobiomics_folder/raw_data//ZP1_S20_L001_R1_001.fastq.gz ../zymobiomics_folder/raw_data//ZP1_S20_L001_R2_001.fastq.gz ../zymobiomics_folder/raw_data//../processed_data/trimmed/paired/ZP1_S20_R1_paired.fastq.gz ../zymobiomics_folder/raw_data//../processed_data/trimmed/unpaired/ZP1_S20_R1_unpaired.fastq.gz ../zymobiomics_folder/raw_data//../processed_data/trimmed/paired/ZP1_S20_R2_paired.fastq.gz ../zymobiomics_folder/raw_data//../processed_data/trimmed/unpaired/ZP1_S20_R2_unpaired.fastq.gz ILLUMINACLIP:../zymobiomics_folder/raw_data//../../data/adapters/TruSeq3-PE-2.fa:2:30:10:8:true HEADCROP:5 LEADING:5 CROP:240 SLIDINGWINDOW:4:15 TRAILING:10 MINLEN:35
Using PrefixPair: 'TACACTCTTTCCCTACACGACGCTCTTCCGATCT' and 'GTGACTGGAGTTCAGACGTGTGCTCTTCCGATCT'
Using Long Clipping Sequence: 'AGATCGGAAGAGCGTCGTGTAGGGAAAGAGTGTA'
Using Long Clipping Sequence: 'AGATCGGAAGAGCACACGTCTGAACTCCAGTCAC'
Using Long Clipping Sequence: 'GTGACTGGAGTTCAGACGTGTGCTCTTCCGATCT'
Using Long Clipping Sequence: 'TACACTCTTTCCCTACACGACGCTCTTCCGATCT'
ILLUMINACLIP: Using 1 prefix pairs, 4 forward/reverse sequences, 0 forward only sequences, 0 reverse only sequences
Input Read Pairs: 349154 Both Surviving: 299533 (85.79%) Forward Only Surviving: 4651 (1.33%) Reverse Only Surviving: 1387 (0.40%) Dropped: 43583 (12.48%)
TrimmomaticPE: Completed successfully
âœ… Trimmed ZP1_S20!

TrimmomaticPE: Started with arguments:
 -phred33 -threads 4 ../zymobiomics_folder/raw_data//ZP2_S21_L001_R1_001.fastq.gz ../zymobiomics_folder/raw_data//ZP2_S21_L001_R2_001.fastq.gz ../zymobiomics_folder/raw_data//../processed_data/trimmed/paired/ZP2_S21_R1_paired.fastq.gz ../zymobiomics_folder/raw_data//../processed_data/trimmed/unpaired/ZP2_S21_R1_unpaired.fastq.gz ../zymobiomics_folder/raw_data//../processed_data/trimmed/paired/ZP2_S21_R2_paired.fastq.gz ../zymobiomics_folder/raw_data//../processed_data/trimmed/unpaired/ZP2_S21_R2_unpaired.fastq.gz ILLUMINACLIP:../zymobiomics_folder/raw_data//../../data/adapters/TruSeq3-PE-2.fa:2:30:10:8:true HEADCROP:5 LEADING:5 CROP:240 SLIDINGWINDOW:4:15 TRAILING:10 MINLEN:35
Using PrefixPair: 'TACACTCTTTCCCTACACGACGCTCTTCCGATCT' and 'GTGACTGGAGTTCAGACGTGTGCTCTTCCGATCT'
Using Long Clipping Sequence: 'AGATCGGAAGAGCGTCGTGTAGGGAAAGAGTGTA'
Using Long Clipping Sequence: 'AGATCGGAAGAGCACACGTCTGAACTCCAGTCAC'
Using Long Clipping Sequence: 'GTGACTGGAGTTCAGACGTGTGCTCTTCCGATCT'
Using Long Clipping Sequence: 'TACACTCTTTCCCTACACGACGCTCTTCCGATCT'
ILLUMINACLIP: Using 1 prefix pairs, 4 forward/reverse sequences, 0 forward only sequences, 0 reverse only sequences
Input Read Pairs: 358936 Both Surviving: 293443 (81.75%) Forward Only Surviving: 6427 (1.79%) Reverse Only Surviving: 1577 (0.44%) Dropped: 57489 (16.02%)
TrimmomaticPE: Completed successfully
âœ… Trimmed ZP2_S21!

TrimmomaticPE: Started with arguments:
 -phred33 -threads 4 ../zymobiomics_folder/raw_data//ZP3_S22_L001_R1_001.fastq.gz ../zymobiomics_folder/raw_data//ZP3_S22_L001_R2_001.fastq.gz ../zymobiomics_folder/raw_data//../processed_data/trimmed/paired/ZP3_S22_R1_paired.fastq.gz ../zymobiomics_folder/raw_data//../processed_data/trimmed/unpaired/ZP3_S22_R1_unpaired.fastq.gz ../zymobiomics_folder/raw_data//../processed_data/trimmed/paired/ZP3_S22_R2_paired.fastq.gz ../zymobiomics_folder/raw_data//../processed_data/trimmed/unpaired/ZP3_S22_R2_unpaired.fastq.gz ILLUMINACLIP:../zymobiomics_folder/raw_data//../../data/adapters/TruSeq3-PE-2.fa:2:30:10:8:true HEADCROP:5 LEADING:5 CROP:240 SLIDINGWINDOW:4:15 TRAILING:10 MINLEN:35
Using PrefixPair: 'TACACTCTTTCCCTACACGACGCTCTTCCGATCT' and 'GTGACTGGAGTTCAGACGTGTGCTCTTCCGATCT'
Using Long Clipping Sequence: 'AGATCGGAAGAGCGTCGTGTAGGGAAAGAGTGTA'
Using Long Clipping Sequence: 'AGATCGGAAGAGCACACGTCTGAACTCCAGTCAC'
Using Long Clipping Sequence: 'GTGACTGGAGTTCAGACGTGTGCTCTTCCGATCT'
Using Long Clipping Sequence: 'TACACTCTTTCCCTACACGACGCTCTTCCGATCT'
ILLUMINACLIP: Using 1 prefix pairs, 4 forward/reverse sequences, 0 forward only sequences, 0 reverse only sequences
Input Read Pairs: 404941 Both Surviving: 326857 (80.72%) Forward Only Surviving: 3655 (0.90%) Reverse Only Surviving: 1642 (0.41%) Dropped: 72787 (17.97%)
TrimmomaticPE: Completed successfully
âœ… Trimmed ZP3_S22!


Running FastQC on paired trimmed reads...
âœ… FastQC completed successfully.

/// MultiQC ðŸ” v1.28

       file_search | Search path: /cephfs/volumes/hpc_data_usr/k24087895/8bae1efe-9269-480e-9bb9-de76b8bdc9e7/final_project/zymobiomics_folder/results/fastqc/post_trimming

            fastqc | Found 14 reports
            violin | Tried to make table/violin plot, but had no data. pconfig: {'namespace': 'FastQC', 'id': 'fastqc_top_overrepresented_sequences_table', 'title': 'FastQC: Top overrepresented sequences', 'col1_header': 'Overrepresented sequence', 'sort_rows': False}

     write_results | Data        : None
     write_results | Report      : /cephfs/volumes/hpc_data_usr/k24087895/8bae1efe-9269-480e-9bb9-de76b8bdc9e7/final_project/zymobiomics_folder/results/fastqc/post_trimming/multiqc_report.html   (overwritten)
           multiqc | MultiQC complete
âœ… MultiQC report generated successfully.

âœ…  QC and trimming completed successfully.

Calculating read length statistics...
ZC1_S4_L001_R1_001.fastq.gz: mean = 98.9, median = 79.0
ZC1_S4_L001_R2_001.fastq.gz: mean = 101.8, median = 80.0
ZC2_S5_L001_R1_001.fastq.gz: mean = 77.9, median = 62.0
ZC2_S5_L001_R2_001.fastq.gz: mean = 78.9, median = 62.0
ZC3_S6_L001_R1_001.fastq.gz: mean = 84.8, median = 67.0
ZC3_S6_L001_R2_001.fastq.gz: mean = 85.4, median = 67.0
ZC4_S7_L001_R1_001.fastq.gz: mean = 78.9, median = 60.0
ZC4_S7_L001_R2_001.fastq.gz: mean = 79.9, median = 60.0
ZP1_S20_L001_R1_001.fastq.gz: mean = 85.2, median = 70.0
ZP1_S20_L001_R2_001.fastq.gz: mean = 86.2, median = 70.0
ZP2_S21_L001_R1_001.fastq.gz: mean = 79.1, median = 64.0
ZP2_S21_L001_R2_001.fastq.gz: mean = 82.8, median = 64.0
ZP3_S22_L001_R1_001.fastq.gz: mean = 78.2, median = 62.0
ZP3_S22_L001_R2_001.fastq.gz: mean = 77.8, median = 61.0
ZC1_S4_R1_paired.fastq.gz: mean = 90.3, median = 78.0
ZC1_S4_R2_paired.fastq.gz: mean = 89.5, median = 78.0
ZC2_S5_R1_paired.fastq.gz: mean = 71.7, median = 63.0
ZC2_S5_R2_paired.fastq.gz: mean = 71.7, median = 63.0
ZC3_S6_R1_paired.fastq.gz: mean = 78.4, median = 67.0
ZC3_S6_R2_paired.fastq.gz: mean = 78.1, median = 67.0
ZC4_S7_R1_paired.fastq.gz: mean = 73.4, median = 62.0
ZC4_S7_R2_paired.fastq.gz: mean = 73.2, median = 62.0
ZP1_S20_R1_paired.fastq.gz: mean = 78.2, median = 69.0
ZP1_S20_R2_paired.fastq.gz: mean = 78.0, median = 69.0
ZP2_S21_R1_paired.fastq.gz: mean = 73.4, median = 64.0
ZP2_S21_R2_paired.fastq.gz: mean = 73.1, median = 64.0
ZP3_S22_R1_paired.fastq.gz: mean = 72.0, median = 62.0
ZP3_S22_R2_paired.fastq.gz: mean = 72.0, median = 63.0
âœ… Statistics generated.

================================================= METAGENOMIC ABUNDANCE ESTIMATION =================================================
âš ï¸  This step assumes reads have already been trimmed with Trimmomatic and host DNA removed with Bowtie2. Processed reads must be in the correct directory.

Processing sample: ZC1_S4

Removing human reads with Bowtie2...
bowtie2 -x "../data/bowtie_index/GRCh38_noalt_as/GRCh38_noalt_as" -p 8 -q --end-to-end --very-sensitive --no-mixed --no-discordant 	                -1 "../zymobiomics_folder/processed_data/trimmed/paired/ZC1_S4_R1_paired.fastq.gz" -2 "../zymobiomics_folder/processed_data/trimmed/paired/ZC1_S4_R2_paired.fastq.gz" 	                --un-conc "../zymobiomics_folder/processed_data/metagenomic/filtered_fastq/ZC1_S4_metagenomic" -S "../zymobiomics_folder/processed_data/human/aligned_sam/ZC1_S4_human.sam" 2>&1
287711 reads; of these:
  287711 (100.00%) were paired; of these:
    287710 (100.00%) aligned concordantly 0 times
    0 (0.00%) aligned concordantly exactly 1 time
    1 (0.00%) aligned concordantly >1 times
0.00% overall alignment rate
âœ…  Host reads removed.

Classifying metagenomic reads with Kraken2...
kraken2 --db "../data/databases/k2_pluspfp_08gb_20241228/" --threads 8 --report "../zymobiomics_folder/results/runs/run_2005_1637/reports/ZC1_S4.k2report" 		--report-minimizer-data --paired --minimum-hit-groups 2 		--classified-out "../zymobiomics_folder/processed_data/metagenomic/classified/ZC1_S4_classified#.fastq" --unclassified-out "../zymobiomics_folder/processed_data/metagenomic/unclassified/ZC1_S4_unclassified#.fastq" 		--output "../zymobiomics_folder/processed_data/metagenomic/kraken2/ZC1_S4.kraken2" --use-names "../zymobiomics_folder/processed_data/metagenomic/filtered_fastq/ZC1_S4_metagenomic.1" "../zymobiomics_folder/processed_data/metagenomic/filtered_fastq/ZC1_S4_metagenomic.2" 2>&1
Loading database information... done.
287710 sequences (51.71 Mbp) processed in 2.455s (7032.6 Kseq/m, 1263.98 Mbp/m).
  111397 sequences classified (38.72%)
  176313 sequences unclassified (61.28%)
âœ…  Classification complete.

Estimating species abundance with Bracken...
 >> Checking for Valid Options...
 >> Running Bracken 
      >> python src/est_abundance.py -i ../zymobiomics_folder/results/runs/run_2005_1637/reports/ZC1_S4.k2report -o ../zymobiomics_folder/processed_data/metagenomic/bracken/ZC1_S4.bracken -k ../data/databases/k2_pluspfp_08gb_20241228/database100mers.kmer_distrib -l S -t 0
>> Checking report file: ../zymobiomics_folder/results/runs/run_2005_1637/reports/ZC1_S4.k2report
PROGRAM START TIME: 05-20-2025 15:43:45
BRACKEN SUMMARY (Kraken report: ../zymobiomics_folder/results/runs/run_2005_1637/reports/ZC1_S4.k2report)
    >>> Threshold: 0 
    >>> Number of species in sample: 139 
	  >> Number of species with reads > threshold: 139 
	  >> Number of species with reads < threshold: 0 
    >>> Total reads in sample: 287710
	  >> Total reads kept at species level (reads > threshold): 28762
	  >> Total reads discarded (species reads < threshold): 0
	  >> Reads distributed: 82614
	  >> Reads not distributed (eg. no species above threshold): 21
	  >> Unclassified reads: 176313
BRACKEN OUTPUT PRODUCED: ../zymobiomics_folder/processed_data/metagenomic/bracken/ZC1_S4.bracken
PROGRAM END TIME: 05-20-2025 15:43:46
  Bracken complete.
âœ…  Abundance estimated.

Generating Krona visualization...
Writing ../zymobiomics_folder/results/runs/run_2005_1637/krona/ZC1_S4.krona.html...
âœ…  Krona plot generated.

Processing sample: ZC2_S5

Removing human reads with Bowtie2...
bowtie2 -x "../data/bowtie_index/GRCh38_noalt_as/GRCh38_noalt_as" -p 8 -q --end-to-end --very-sensitive --no-mixed --no-discordant 	                -1 "../zymobiomics_folder/processed_data/trimmed/paired/ZC2_S5_R1_paired.fastq.gz" -2 "../zymobiomics_folder/processed_data/trimmed/paired/ZC2_S5_R2_paired.fastq.gz" 	                --un-conc "../zymobiomics_folder/processed_data/metagenomic/filtered_fastq/ZC2_S5_metagenomic" -S "../zymobiomics_folder/processed_data/human/aligned_sam/ZC2_S5_human.sam" 2>&1
267582 reads; of these:
  267582 (100.00%) were paired; of these:
    267582 (100.00%) aligned concordantly 0 times
    0 (0.00%) aligned concordantly exactly 1 time
    0 (0.00%) aligned concordantly >1 times
0.00% overall alignment rate
âœ…  Host reads removed.

Classifying metagenomic reads with Kraken2...
kraken2 --db "../data/databases/k2_pluspfp_08gb_20241228/" --threads 8 --report "../zymobiomics_folder/results/runs/run_2005_1637/reports/ZC2_S5.k2report" 		--report-minimizer-data --paired --minimum-hit-groups 2 		--classified-out "../zymobiomics_folder/processed_data/metagenomic/classified/ZC2_S5_classified#.fastq" --unclassified-out "../zymobiomics_folder/processed_data/metagenomic/unclassified/ZC2_S5_unclassified#.fastq" 		--output "../zymobiomics_folder/processed_data/metagenomic/kraken2/ZC2_S5.kraken2" --use-names "../zymobiomics_folder/processed_data/metagenomic/filtered_fastq/ZC2_S5_metagenomic.1" "../zymobiomics_folder/processed_data/metagenomic/filtered_fastq/ZC2_S5_metagenomic.2" 2>&1
Loading database information... done.
267582 sequences (38.37 Mbp) processed in 0.748s (21450.5 Kseq/m, 3075.69 Mbp/m).
  76106 sequences classified (28.44%)
  191476 sequences unclassified (71.56%)
âœ…  Classification complete.

Estimating species abundance with Bracken...
 >> Checking for Valid Options...
 >> Running Bracken 
      >> python src/est_abundance.py -i ../zymobiomics_folder/results/runs/run_2005_1637/reports/ZC2_S5.k2report -o ../zymobiomics_folder/processed_data/metagenomic/bracken/ZC2_S5.bracken -k ../data/databases/k2_pluspfp_08gb_20241228/database100mers.kmer_distrib -l S -t 0
>> Checking report file: ../zymobiomics_folder/results/runs/run_2005_1637/reports/ZC2_S5.k2report
PROGRAM START TIME: 05-20-2025 15:44:17
BRACKEN SUMMARY (Kraken report: ../zymobiomics_folder/results/runs/run_2005_1637/reports/ZC2_S5.k2report)
    >>> Threshold: 0 
    >>> Number of species in sample: 103 
	  >> Number of species with reads > threshold: 103 
	  >> Number of species with reads < threshold: 0 
    >>> Total reads in sample: 267582
	  >> Total reads kept at species level (reads > threshold): 18165
	  >> Total reads discarded (species reads < threshold): 0
	  >> Reads distributed: 57929
	  >> Reads not distributed (eg. no species above threshold): 12
	  >> Unclassified reads: 191476
BRACKEN OUTPUT PRODUCED: ../zymobiomics_folder/processed_data/metagenomic/bracken/ZC2_S5.bracken
PROGRAM END TIME: 05-20-2025 15:44:18
  Bracken complete.
âœ…  Abundance estimated.

Generating Krona visualization...
Writing ../zymobiomics_folder/results/runs/run_2005_1637/krona/ZC2_S5.krona.html...
âœ…  Krona plot generated.

Processing sample: ZC3_S6

Removing human reads with Bowtie2...
bowtie2 -x "../data/bowtie_index/GRCh38_noalt_as/GRCh38_noalt_as" -p 8 -q --end-to-end --very-sensitive --no-mixed --no-discordant 	                -1 "../zymobiomics_folder/processed_data/trimmed/paired/ZC3_S6_R1_paired.fastq.gz" -2 "../zymobiomics_folder/processed_data/trimmed/paired/ZC3_S6_R2_paired.fastq.gz" 	                --un-conc "../zymobiomics_folder/processed_data/metagenomic/filtered_fastq/ZC3_S6_metagenomic" -S "../zymobiomics_folder/processed_data/human/aligned_sam/ZC3_S6_human.sam" 2>&1
273943 reads; of these:
  273943 (100.00%) were paired; of these:
    273941 (100.00%) aligned concordantly 0 times
    1 (0.00%) aligned concordantly exactly 1 time
    1 (0.00%) aligned concordantly >1 times
0.00% overall alignment rate
âœ…  Host reads removed.

Classifying metagenomic reads with Kraken2...
kraken2 --db "../data/databases/k2_pluspfp_08gb_20241228/" --threads 8 --report "../zymobiomics_folder/results/runs/run_2005_1637/reports/ZC3_S6.k2report" 		--report-minimizer-data --paired --minimum-hit-groups 2 		--classified-out "../zymobiomics_folder/processed_data/metagenomic/classified/ZC3_S6_classified#.fastq" --unclassified-out "../zymobiomics_folder/processed_data/metagenomic/unclassified/ZC3_S6_unclassified#.fastq" 		--output "../zymobiomics_folder/processed_data/metagenomic/kraken2/ZC3_S6.kraken2" --use-names "../zymobiomics_folder/processed_data/metagenomic/filtered_fastq/ZC3_S6_metagenomic.1" "../zymobiomics_folder/processed_data/metagenomic/filtered_fastq/ZC3_S6_metagenomic.2" 2>&1
Loading database information... done.
273941 sequences (42.88 Mbp) processed in 0.842s (19518.7 Kseq/m, 3054.93 Mbp/m).
  86609 sequences classified (31.62%)
  187332 sequences unclassified (68.38%)
âœ…  Classification complete.

Estimating species abundance with Bracken...
 >> Checking for Valid Options...
 >> Running Bracken 
      >> python src/est_abundance.py -i ../zymobiomics_folder/results/runs/run_2005_1637/reports/ZC3_S6.k2report -o ../zymobiomics_folder/processed_data/metagenomic/bracken/ZC3_S6.bracken -k ../data/databases/k2_pluspfp_08gb_20241228/database100mers.kmer_distrib -l S -t 0
>> Checking report file: ../zymobiomics_folder/results/runs/run_2005_1637/reports/ZC3_S6.k2report
PROGRAM START TIME: 05-20-2025 15:44:42
BRACKEN SUMMARY (Kraken report: ../zymobiomics_folder/results/runs/run_2005_1637/reports/ZC3_S6.k2report)
    >>> Threshold: 0 
    >>> Number of species in sample: 128 
	  >> Number of species with reads > threshold: 128 
	  >> Number of species with reads < threshold: 0 
    >>> Total reads in sample: 273941
	  >> Total reads kept at species level (reads > threshold): 22729
	  >> Total reads discarded (species reads < threshold): 0
	  >> Reads distributed: 63865
	  >> Reads not distributed (eg. no species above threshold): 15
	  >> Unclassified reads: 187332
BRACKEN OUTPUT PRODUCED: ../zymobiomics_folder/processed_data/metagenomic/bracken/ZC3_S6.bracken
PROGRAM END TIME: 05-20-2025 15:44:42
  Bracken complete.
âœ…  Abundance estimated.

Generating Krona visualization...
Writing ../zymobiomics_folder/results/runs/run_2005_1637/krona/ZC3_S6.krona.html...
âœ…  Krona plot generated.

Processing sample: ZC4_S7

Removing human reads with Bowtie2...
bowtie2 -x "../data/bowtie_index/GRCh38_noalt_as/GRCh38_noalt_as" -p 8 -q --end-to-end --very-sensitive --no-mixed --no-discordant 	                -1 "../zymobiomics_folder/processed_data/trimmed/paired/ZC4_S7_R1_paired.fastq.gz" -2 "../zymobiomics_folder/processed_data/trimmed/paired/ZC4_S7_R2_paired.fastq.gz" 	                --un-conc "../zymobiomics_folder/processed_data/metagenomic/filtered_fastq/ZC4_S7_metagenomic" -S "../zymobiomics_folder/processed_data/human/aligned_sam/ZC4_S7_human.sam" 2>&1
238875 reads; of these:
  238875 (100.00%) were paired; of these:
    238874 (100.00%) aligned concordantly 0 times
    0 (0.00%) aligned concordantly exactly 1 time
    1 (0.00%) aligned concordantly >1 times
0.00% overall alignment rate
âœ…  Host reads removed.

Classifying metagenomic reads with Kraken2...
kraken2 --db "../data/databases/k2_pluspfp_08gb_20241228/" --threads 8 --report "../zymobiomics_folder/results/runs/run_2005_1637/reports/ZC4_S7.k2report" 		--report-minimizer-data --paired --minimum-hit-groups 2 		--classified-out "../zymobiomics_folder/processed_data/metagenomic/classified/ZC4_S7_classified#.fastq" --unclassified-out "../zymobiomics_folder/processed_data/metagenomic/unclassified/ZC4_S7_unclassified#.fastq" 		--output "../zymobiomics_folder/processed_data/metagenomic/kraken2/ZC4_S7.kraken2" --use-names "../zymobiomics_folder/processed_data/metagenomic/filtered_fastq/ZC4_S7_metagenomic.1" "../zymobiomics_folder/processed_data/metagenomic/filtered_fastq/ZC4_S7_metagenomic.2" 2>&1
Loading database information... done.
238874 sequences (35.00 Mbp) processed in 2.754s (5204.0 Kseq/m, 762.55 Mbp/m).
  69142 sequences classified (28.94%)
  169732 sequences unclassified (71.06%)
âœ…  Classification complete.

Estimating species abundance with Bracken...
 >> Checking for Valid Options...
 >> Running Bracken 
      >> python src/est_abundance.py -i ../zymobiomics_folder/results/runs/run_2005_1637/reports/ZC4_S7.k2report -o ../zymobiomics_folder/processed_data/metagenomic/bracken/ZC4_S7.bracken -k ../data/databases/k2_pluspfp_08gb_20241228/database100mers.kmer_distrib -l S -t 0
>> Checking report file: ../zymobiomics_folder/results/runs/run_2005_1637/reports/ZC4_S7.k2report
PROGRAM START TIME: 05-20-2025 15:45:37
BRACKEN SUMMARY (Kraken report: ../zymobiomics_folder/results/runs/run_2005_1637/reports/ZC4_S7.k2report)
    >>> Threshold: 0 
    >>> Number of species in sample: 92 
	  >> Number of species with reads > threshold: 92 
	  >> Number of species with reads < threshold: 0 
    >>> Total reads in sample: 238874
	  >> Total reads kept at species level (reads > threshold): 18595
	  >> Total reads discarded (species reads < threshold): 0
	  >> Reads distributed: 50538
	  >> Reads not distributed (eg. no species above threshold): 9
	  >> Unclassified reads: 169732
BRACKEN OUTPUT PRODUCED: ../zymobiomics_folder/processed_data/metagenomic/bracken/ZC4_S7.bracken
PROGRAM END TIME: 05-20-2025 15:45:37
  Bracken complete.
âœ…  Abundance estimated.

Generating Krona visualization...
Writing ../zymobiomics_folder/results/runs/run_2005_1637/krona/ZC4_S7.krona.html...
âœ…  Krona plot generated.

Processing sample: ZP1_S20

Removing human reads with Bowtie2...
bowtie2 -x "../data/bowtie_index/GRCh38_noalt_as/GRCh38_noalt_as" -p 8 -q --end-to-end --very-sensitive --no-mixed --no-discordant 	                -1 "../zymobiomics_folder/processed_data/trimmed/paired/ZP1_S20_R1_paired.fastq.gz" -2 "../zymobiomics_folder/processed_data/trimmed/paired/ZP1_S20_R2_paired.fastq.gz" 	                --un-conc "../zymobiomics_folder/processed_data/metagenomic/filtered_fastq/ZP1_S20_metagenomic" -S "../zymobiomics_folder/processed_data/human/aligned_sam/ZP1_S20_human.sam" 2>&1
299533 reads; of these:
  299533 (100.00%) were paired; of these:
    299531 (100.00%) aligned concordantly 0 times
    0 (0.00%) aligned concordantly exactly 1 time
    2 (0.00%) aligned concordantly >1 times
0.00% overall alignment rate
âœ…  Host reads removed.

Classifying metagenomic reads with Kraken2...
kraken2 --db "../data/databases/k2_pluspfp_08gb_20241228/" --threads 8 --report "../zymobiomics_folder/results/runs/run_2005_1637/reports/ZP1_S20.k2report" 		--report-minimizer-data --paired --minimum-hit-groups 2 		--classified-out "../zymobiomics_folder/processed_data/metagenomic/classified/ZP1_S20_classified#.fastq" --unclassified-out "../zymobiomics_folder/processed_data/metagenomic/unclassified/ZP1_S20_unclassified#.fastq" 		--output "../zymobiomics_folder/processed_data/metagenomic/kraken2/ZP1_S20.kraken2" --use-names "../zymobiomics_folder/processed_data/metagenomic/filtered_fastq/ZP1_S20_metagenomic.1" "../zymobiomics_folder/processed_data/metagenomic/filtered_fastq/ZP1_S20_metagenomic.2" 2>&1
Loading database information... done.
299531 sequences (46.78 Mbp) processed in 5.834s (3080.6 Kseq/m, 481.16 Mbp/m).
  98166 sequences classified (32.77%)
  201365 sequences unclassified (67.23%)
âœ…  Classification complete.

Estimating species abundance with Bracken...
 >> Checking for Valid Options...
 >> Running Bracken 
      >> python src/est_abundance.py -i ../zymobiomics_folder/results/runs/run_2005_1637/reports/ZP1_S20.k2report -o ../zymobiomics_folder/processed_data/metagenomic/bracken/ZP1_S20.bracken -k ../data/databases/k2_pluspfp_08gb_20241228/database100mers.kmer_distrib -l S -t 0
>> Checking report file: ../zymobiomics_folder/results/runs/run_2005_1637/reports/ZP1_S20.k2report
PROGRAM START TIME: 05-20-2025 15:48:03
BRACKEN SUMMARY (Kraken report: ../zymobiomics_folder/results/runs/run_2005_1637/reports/ZP1_S20.k2report)
    >>> Threshold: 0 
    >>> Number of species in sample: 114 
	  >> Number of species with reads > threshold: 114 
	  >> Number of species with reads < threshold: 0 
    >>> Total reads in sample: 299531
	  >> Total reads kept at species level (reads > threshold): 25174
	  >> Total reads discarded (species reads < threshold): 0
	  >> Reads distributed: 72981
	  >> Reads not distributed (eg. no species above threshold): 11
	  >> Unclassified reads: 201365
BRACKEN OUTPUT PRODUCED: ../zymobiomics_folder/processed_data/metagenomic/bracken/ZP1_S20.bracken
PROGRAM END TIME: 05-20-2025 15:48:03
  Bracken complete.
âœ…  Abundance estimated.

Generating Krona visualization...
Writing ../zymobiomics_folder/results/runs/run_2005_1637/krona/ZP1_S20.krona.html...
âœ…  Krona plot generated.

Processing sample: ZP2_S21

Removing human reads with Bowtie2...
bowtie2 -x "../data/bowtie_index/GRCh38_noalt_as/GRCh38_noalt_as" -p 8 -q --end-to-end --very-sensitive --no-mixed --no-discordant 	                -1 "../zymobiomics_folder/processed_data/trimmed/paired/ZP2_S21_R1_paired.fastq.gz" -2 "../zymobiomics_folder/processed_data/trimmed/paired/ZP2_S21_R2_paired.fastq.gz" 	                --un-conc "../zymobiomics_folder/processed_data/metagenomic/filtered_fastq/ZP2_S21_metagenomic" -S "../zymobiomics_folder/processed_data/human/aligned_sam/ZP2_S21_human.sam" 2>&1
293443 reads; of these:
  293443 (100.00%) were paired; of these:
    293442 (100.00%) aligned concordantly 0 times
    0 (0.00%) aligned concordantly exactly 1 time
    1 (0.00%) aligned concordantly >1 times
0.00% overall alignment rate
âœ…  Host reads removed.

Classifying metagenomic reads with Kraken2...
kraken2 --db "../data/databases/k2_pluspfp_08gb_20241228/" --threads 8 --report "../zymobiomics_folder/results/runs/run_2005_1637/reports/ZP2_S21.k2report" 		--report-minimizer-data --paired --minimum-hit-groups 2 		--classified-out "../zymobiomics_folder/processed_data/metagenomic/classified/ZP2_S21_classified#.fastq" --unclassified-out "../zymobiomics_folder/processed_data/metagenomic/unclassified/ZP2_S21_unclassified#.fastq" 		--output "../zymobiomics_folder/processed_data/metagenomic/kraken2/ZP2_S21.kraken2" --use-names "../zymobiomics_folder/processed_data/metagenomic/filtered_fastq/ZP2_S21_metagenomic.1" "../zymobiomics_folder/processed_data/metagenomic/filtered_fastq/ZP2_S21_metagenomic.2" 2>&1
Loading database information... done.
293442 sequences (42.99 Mbp) processed in 2.479s (7103.3 Kseq/m, 1040.68 Mbp/m).
  85854 sequences classified (29.26%)
  207588 sequences unclassified (70.74%)
âœ…  Classification complete.

Estimating species abundance with Bracken...
 >> Checking for Valid Options...
 >> Running Bracken 
      >> python src/est_abundance.py -i ../zymobiomics_folder/results/runs/run_2005_1637/reports/ZP2_S21.k2report -o ../zymobiomics_folder/processed_data/metagenomic/bracken/ZP2_S21.bracken -k ../data/databases/k2_pluspfp_08gb_20241228/database100mers.kmer_distrib -l S -t 0
>> Checking report file: ../zymobiomics_folder/results/runs/run_2005_1637/reports/ZP2_S21.k2report
PROGRAM START TIME: 05-20-2025 15:48:57
BRACKEN SUMMARY (Kraken report: ../zymobiomics_folder/results/runs/run_2005_1637/reports/ZP2_S21.k2report)
    >>> Threshold: 0 
    >>> Number of species in sample: 103 
	  >> Number of species with reads > threshold: 103 
	  >> Number of species with reads < threshold: 0 
    >>> Total reads in sample: 293442
	  >> Total reads kept at species level (reads > threshold): 21686
	  >> Total reads discarded (species reads < threshold): 0
	  >> Reads distributed: 64151
	  >> Reads not distributed (eg. no species above threshold): 17
	  >> Unclassified reads: 207588
BRACKEN OUTPUT PRODUCED: ../zymobiomics_folder/processed_data/metagenomic/bracken/ZP2_S21.bracken
PROGRAM END TIME: 05-20-2025 15:48:57
  Bracken complete.
âœ…  Abundance estimated.

Generating Krona visualization...
Writing ../zymobiomics_folder/results/runs/run_2005_1637/krona/ZP2_S21.krona.html...
âœ…  Krona plot generated.

Processing sample: ZP3_S22

Removing human reads with Bowtie2...
bowtie2 -x "../data/bowtie_index/GRCh38_noalt_as/GRCh38_noalt_as" -p 8 -q --end-to-end --very-sensitive --no-mixed --no-discordant 	                -1 "../zymobiomics_folder/processed_data/trimmed/paired/ZP3_S22_R1_paired.fastq.gz" -2 "../zymobiomics_folder/processed_data/trimmed/paired/ZP3_S22_R2_paired.fastq.gz" 	                --un-conc "../zymobiomics_folder/processed_data/metagenomic/filtered_fastq/ZP3_S22_metagenomic" -S "../zymobiomics_folder/processed_data/human/aligned_sam/ZP3_S22_human.sam" 2>&1
326857 reads; of these:
  326857 (100.00%) were paired; of these:
    326854 (100.00%) aligned concordantly 0 times
    2 (0.00%) aligned concordantly exactly 1 time
    1 (0.00%) aligned concordantly >1 times
0.00% overall alignment rate
âœ…  Host reads removed.

Classifying metagenomic reads with Kraken2...
kraken2 --db "../data/databases/k2_pluspfp_08gb_20241228/" --threads 8 --report "../zymobiomics_folder/results/runs/run_2005_1637/reports/ZP3_S22.k2report" 		--report-minimizer-data --paired --minimum-hit-groups 2 		--classified-out "../zymobiomics_folder/processed_data/metagenomic/classified/ZP3_S22_classified#.fastq" --unclassified-out "../zymobiomics_folder/processed_data/metagenomic/unclassified/ZP3_S22_unclassified#.fastq" 		--output "../zymobiomics_folder/processed_data/metagenomic/kraken2/ZP3_S22.kraken2" --use-names "../zymobiomics_folder/processed_data/metagenomic/filtered_fastq/ZP3_S22_metagenomic.1" "../zymobiomics_folder/processed_data/metagenomic/filtered_fastq/ZP3_S22_metagenomic.2" 2>&1
Loading database information... done.
326854 sequences (47.05 Mbp) processed in 0.796s (24632.5 Kseq/m, 3545.67 Mbp/m).
  94161 sequences classified (28.81%)
  232693 sequences unclassified (71.19%)
âœ…  Classification complete.

Estimating species abundance with Bracken...
 >> Checking for Valid Options...
 >> Running Bracken 
      >> python src/est_abundance.py -i ../zymobiomics_folder/results/runs/run_2005_1637/reports/ZP3_S22.k2report -o ../zymobiomics_folder/processed_data/metagenomic/bracken/ZP3_S22.bracken -k ../data/databases/k2_pluspfp_08gb_20241228/database100mers.kmer_distrib -l S -t 0
>> Checking report file: ../zymobiomics_folder/results/runs/run_2005_1637/reports/ZP3_S22.k2report
PROGRAM START TIME: 05-20-2025 15:49:33
BRACKEN SUMMARY (Kraken report: ../zymobiomics_folder/results/runs/run_2005_1637/reports/ZP3_S22.k2report)
    >>> Threshold: 0 
    >>> Number of species in sample: 122 
	  >> Number of species with reads > threshold: 122 
	  >> Number of species with reads < threshold: 0 
    >>> Total reads in sample: 326854
	  >> Total reads kept at species level (reads > threshold): 23863
	  >> Total reads discarded (species reads < threshold): 0
	  >> Reads distributed: 70279
	  >> Reads not distributed (eg. no species above threshold): 19
	  >> Unclassified reads: 232693
BRACKEN OUTPUT PRODUCED: ../zymobiomics_folder/processed_data/metagenomic/bracken/ZP3_S22.bracken
PROGRAM END TIME: 05-20-2025 15:49:33
  Bracken complete.
âœ…  Abundance estimated.

Generating Krona visualization...
Writing ../zymobiomics_folder/results/runs/run_2005_1637/krona/ZP3_S22.krona.html...
âœ…  Krona plot generated.

Metagenomic classification completed in: 00:07:11

Calculating read length statistics...
ZC1_S4_metagenomic.1: mean = 90.3, median = 78.0
ZC2_S5_metagenomic.1: mean = 71.7, median = 63.0
ZC3_S6_metagenomic.1: mean = 78.4, median = 67.0
ZC4_S7_metagenomic.1: mean = 73.4, median = 62.0
ZP1_S20_metagenomic.1: mean = 78.2, median = 69.0
ZP2_S21_metagenomic.1: mean = 73.4, median = 64.0
ZP3_S22_metagenomic.1: mean = 72.0, median = 62.0
ZC1_S4_metagenomic.2: mean = 89.5, median = 78.0
ZC2_S5_metagenomic.2: mean = 71.7, median = 63.0
ZC3_S6_metagenomic.2: mean = 78.1, median = 67.0
ZC4_S7_metagenomic.2: mean = 73.2, median = 62.0
ZP1_S20_metagenomic.2: mean = 78.0, median = 69.0
ZP2_S21_metagenomic.2: mean = 73.1, median = 64.0
ZP3_S22_metagenomic.2: mean = 72.0, median = 63.0
ZC1_S4_classified_1.fastq: mean = 117.4, median = 110.0
ZC1_S4_classified_2.fastq: mean = 115.9, median = 110.0
ZC2_S5_classified_1.fastq: mean = 94.5, median = 87.0
ZC2_S5_classified_2.fastq: mean = 94.3, median = 87.0
ZC3_S6_classified_1.fastq: mean = 104.4, median = 96.0
ZC3_S6_classified_2.fastq: mean = 103.8, median = 96.0
ZC4_S7_classified_1.fastq: mean = 100.7, median = 91.0
ZC4_S7_classified_2.fastq: mean = 100.0, median = 91.0
ZP1_S20_classified_1.fastq: mean = 101.0, median = 94.0
ZP1_S20_classified_2.fastq: mean = 100.6, median = 94.0
ZP2_S21_classified_1.fastq: mean = 96.8, median = 89.0
ZP2_S21_classified_2.fastq: mean = 96.2, median = 89.0
ZP3_S22_classified_1.fastq: mean = 95.3, median = 87.0
ZP3_S22_classified_2.fastq: mean = 95.2, median = 88.0
ZC1_S4_unclassified_1.fastq: mean = 73.1, median = 63.0
ZC1_S4_unclassified_2.fastq: mean = 72.8, median = 63.0
ZC2_S5_unclassified_1.fastq: mean = 62.6, median = 55.0
ZC2_S5_unclassified_2.fastq: mean = 62.7, median = 55.0
ZC3_S6_unclassified_1.fastq: mean = 66.3, median = 58.0
ZC3_S6_unclassified_2.fastq: mean = 66.3, median = 58.0
ZC4_S7_unclassified_1.fastq: mean = 62.3, median = 54.0
ZC4_S7_unclassified_2.fastq: mean = 62.2, median = 54.0
ZP1_S20_unclassified_1.fastq: mean = 67.1, median = 59.0
ZP1_S20_unclassified_2.fastq: mean = 67.0, median = 59.0
ZP2_S21_unclassified_1.fastq: mean = 63.7, median = 56.0
ZP2_S21_unclassified_2.fastq: mean = 63.6, median = 56.0
ZP3_S22_unclassified_1.fastq: mean = 62.5, median = 55.0
ZP3_S22_unclassified_2.fastq: mean = 62.6, median = 55.0
âœ… Statistics generated.

Combining Bracken reports...
Combined CSV file saved to: ../zymobiomics_folder/results/runs/run_2005_1637/combined_breports.csv 
âœ… Bracken reports combined.

Copying SLURM job logs...
âœ… SLURM job logs copied.

================================================= COMPARISON TO GROUND TRUTH =================================================

================================================= METAGENOMIC DIVERSITY ANALYSIS =================================================
Calculating alpha and beta diversity...
âœ… Alpha diversity calculated.
null device 
          1 
Heatmap saved to: ../zymobiomics_folder/results/runs/run_2005_1637/diversity/beta_diversity_heatmap.png 
âœ… Beta diversity heatmap generated.
âœ…  Diversity analysis completed successfully.

====================================================== HUMAN DNA ANALYSIS ======================================================

Processing host reads from sample: ZC1_S4_human
âœ… BAM sorted.
âœ… BAM indexed.
âœ… BED created.

Processing host reads from sample: ZC2_S5_human
âœ… BAM sorted.
âœ… BAM indexed.
âœ… BED created.

Processing host reads from sample: ZC3_S6_human
âœ… BAM sorted.
âœ… BAM indexed.
âœ… BED created.

Processing host reads from sample: ZC4_S7_human
âœ… BAM sorted.
âœ… BAM indexed.
âœ… BED created.

Processing host reads from sample: ZP1_S20_human
âœ… BAM sorted.
âœ… BAM indexed.
âœ… BED created.

Processing host reads from sample: ZP2_S21_human
âœ… BAM sorted.
âœ… BAM indexed.
âœ… BED created.

Processing host reads from sample: ZP3_S22_human
âœ… BAM sorted.
âœ… BAM indexed.
âœ… BED created.

=============================================== KARYOTYPE ================================================
Finding overlapping regions across samples...
âœ… Overlapping regions saved.
Generating karyotype plot...
null device 
          1 
Plot saved as: ../zymobiomics_folder/processed_data/human/aligned_sam/../../../results/host_dna_analysis/karyotype_frequency.jpg
âœ… Karyotype plot generated.
âœ… Filtered common intervals saved.

================================================== BLAST ==================================================

Extracting sequences for BLAST query...
âœ… Sequences saved to BLAST query.
âœ… Duplicate sequences removed.
âœ… 15 random sequences selected.
Running BLAST search...
