+ echo -e '\n================================================= ARGUMENT PARSING & VALIDATION =================================================\n'
+ TRIM=false
+ REMOVE_HOST_DNA=false
+ [[ 4 -gt 0 ]]
+ case "$1" in
+ [[ -z ../exposure_folder2/raw_data/ ]]
+ [[ ../exposure_folder2/raw_data/ == -* ]]
+ [[ ! -d ../exposure_folder2/raw_data/ ]]
++ find ../exposure_folder2/raw_data/ -maxdepth 1 -type f '(' -name '*.fq' -o -name '*.fastq' -o -name '*.fq.gz' -o -name '*.fastq.gz' ')'
+ [[ -z ../exposure_folder2/raw_data/L2RP_S14_L001_R1_001.fastq.gz
../exposure_folder2/raw_data/L1SG_S5_L001_R1_001.fastq.gz
../exposure_folder2/raw_data/S1SG_S3_L001_R1_001.fastq.gz
../exposure_folder2/raw_data/S1RP_S11_L001_R2_001.fastq.gz
../exposure_folder2/raw_data/S2RP_S12_L001_R1_001.fastq.gz
../exposure_folder2/raw_data/L2RP_S14_L001_R2_001.fastq.gz
../exposure_folder2/raw_data/L1SG_S5_L001_R2_001.fastq.gz
../exposure_folder2/raw_data/S2SG_S4_L001_R1_001.fastq.gz
../exposure_folder2/raw_data/S1SG_S3_L001_R2_001.fastq.gz
../exposure_folder2/raw_data/S1RP_S11_L001_R1_001.fastq.gz
../exposure_folder2/raw_data/L1RP_S13_L001_R2_001.fastq.gz
../exposure_folder2/raw_data/L2SG_S6_L001_R2_001.fastq.gz
../exposure_folder2/raw_data/L2SG_S6_L001_R1_001.fastq.gz
../exposure_folder2/raw_data/S2RP_S12_L001_R2_001.fastq.gz
../exposure_folder2/raw_data/L1RP_S13_L001_R1_001.fastq.gz
../exposure_folder2/raw_data/S2SG_S4_L001_R2_001.fastq.gz ]]
+ for file in "$2"/*.{fq,fastq}
+ [[ -f ../exposure_folder2/raw_data//*.fq ]]
+ for file in "$2"/*.{fq,fastq}
+ [[ -f ../exposure_folder2/raw_data//*.fastq ]]
+ for file in "$2"/*.fq.gz
+ [[ -f ../exposure_folder2/raw_data//*.fq.gz ]]
+ RAW_FASTQ_DIR=../exposure_folder2/raw_data/
+ echo 'Raw FASTQ directory path: ../exposure_folder2/raw_data/'
++ dirname ../exposure_folder2/raw_data/
+ PROJ_DIR=../exposure_folder2
++ dirname ../exposure_folder2
+ ROOT_DIR=..
+ DATABASE=../data/databases/k2_standard_16gb_20241228
+ BOWTIE_PREFIX=../data/bowtie_index/GRCh38_noalt_as/GRCh38_noalt_as
+ shift 2
+ [[ 2 -gt 0 ]]
+ case "$1" in
+ [[ -z /scratch/grp/msc_appbio/recovered/core_nt_database/ ]]
+ [[ /scratch/grp/msc_appbio/recovered/core_nt_database/ == -* ]]
+ [[ ! -d /scratch/grp/msc_appbio/recovered/core_nt_database/ ]]
+ [[ ! -f /scratch/grp/msc_appbio/recovered/core_nt_database//hash.k2d ]]
+ [[ ! -f /scratch/grp/msc_appbio/recovered/core_nt_database//taxo.k2d ]]
+ [[ ! -f /scratch/grp/msc_appbio/recovered/core_nt_database//opts.k2d ]]
++ ls /scratch/grp/msc_appbio/recovered/core_nt_database//database100mers.kmer_distrib /scratch/grp/msc_appbio/recovered/core_nt_database//database150mers.kmer_distrib /scratch/grp/msc_appbio/recovered/core_nt_database//database200mers.kmer_distrib /scratch/grp/msc_appbio/recovered/core_nt_database//database250mers.kmer_distrib /scratch/grp/msc_appbio/recovered/core_nt_database//database300mers.kmer_distrib /scratch/grp/msc_appbio/recovered/core_nt_database//database50mers.kmer_distrib /scratch/grp/msc_appbio/recovered/core_nt_database//database75mers.kmer_distrib
+ [[ ! -n /scratch/grp/msc_appbio/recovered/core_nt_database//database100mers.kmer_distrib
/scratch/grp/msc_appbio/recovered/core_nt_database//database150mers.kmer_distrib
/scratch/grp/msc_appbio/recovered/core_nt_database//database200mers.kmer_distrib
/scratch/grp/msc_appbio/recovered/core_nt_database//database250mers.kmer_distrib
/scratch/grp/msc_appbio/recovered/core_nt_database//database300mers.kmer_distrib
/scratch/grp/msc_appbio/recovered/core_nt_database//database50mers.kmer_distrib
/scratch/grp/msc_appbio/recovered/core_nt_database//database75mers.kmer_distrib ]]
+ DATABASE=/scratch/grp/msc_appbio/recovered/core_nt_database/
+ echo '✅ Database set to: /scratch/grp/msc_appbio/recovered/core_nt_database/'
+ shift 2
+ [[ 0 -gt 0 ]]
+ [[ -z ../exposure_folder2/raw_data/ ]]
++ [[ false == true ]]
++ echo 'Disabled ❌'
+ echo -e 'Quality Control & Trimming: Disabled ❌'
+ echo '⚠️ Optional, but must be done at least once on the raw reads for the pipeline to work.'
+ echo ''
+ [[ false == true ]]
+ echo -e 'Host DNA Removal: Disabled ❌'
+ echo '⚠️ Optional, but must be done at least once on the trimmed reads for the pipeline to work.'
+ echo ''
+ echo 'Kraken2/Bracken Database: /scratch/grp/msc_appbio/recovered/core_nt_database/'
+ echo -e '\n================================================= CONDA ENVIRONMENT ACTIVATION ==================================================\n'
+ source ../scripts/helper_scripts/environment_setup.sh ../scripts/metagenomics.yml
++ [[ -z ../scripts/metagenomics.yml ]]
++ [[ ../scripts/metagenomics.yml != *.yml ]]
++ [[ ! -f ../scripts/metagenomics.yml ]]
++ ENV_FILE=../scripts/metagenomics.yml
+++ basename ../scripts/metagenomics.yml .yml
++ ENV_NAME=metagenomics
++ command -v conda
+++ conda shell.bash hook
++ eval 'export CONDA_EXE='\''/software/spackages_v0_21_prod/apps/linux-ubuntu22.04-zen2/gcc-13.2.0/anaconda3-2022.10-5wy43yh5crcsmws4afls5thwoskzarhe/bin/conda'\''
export _CE_M='\'''\''
export _CE_CONDA='\'''\''
export CONDA_PYTHON_EXE='\''/software/spackages_v0_21_prod/apps/linux-ubuntu22.04-zen2/gcc-13.2.0/anaconda3-2022.10-5wy43yh5crcsmws4afls5thwoskzarhe/bin/python'\''

# Copyright (C) 2012 Anaconda, Inc
# SPDX-License-Identifier: BSD-3-Clause

__conda_exe() (
    "$CONDA_EXE" $_CE_M $_CE_CONDA "$@"
)

__conda_hashr() {
    if [ -n "${ZSH_VERSION:+x}" ]; then
        \rehash
    elif [ -n "${POSH_VERSION:+x}" ]; then
        :  # pass
    else
        \hash -r
    fi
}

__conda_activate() {
    if [ -n "${CONDA_PS1_BACKUP:+x}" ]; then
        # Handle transition from shell activated with conda <= 4.3 to a subsequent activation
        # after conda updated to >= 4.4. See issue #6173.
        PS1="$CONDA_PS1_BACKUP"
        \unset CONDA_PS1_BACKUP
    fi
    \local ask_conda
    ask_conda="$(PS1="${PS1:-}" __conda_exe shell.posix "$@")" || \return
    \eval "$ask_conda"
    __conda_hashr
}

__conda_reactivate() {
    \local ask_conda
    ask_conda="$(PS1="${PS1:-}" __conda_exe shell.posix reactivate)" || \return
    \eval "$ask_conda"
    __conda_hashr
}

conda() {
    \local cmd="${1-__missing__}"
    case "$cmd" in
        activate|deactivate)
            __conda_activate "$@"
            ;;
        install|update|upgrade|remove|uninstall)
            __conda_exe "$@" || \return
            __conda_reactivate
            ;;
        *)
            __conda_exe "$@"
            ;;
    esac
}

if [ -z "${CONDA_SHLVL+x}" ]; then
    \export CONDA_SHLVL=0
    # In dev-mode CONDA_EXE is python.exe and on Windows
    # it is in a different relative location to condabin.
    if [ -n "${_CE_CONDA:+x}" ] && [ -n "${WINDIR+x}" ]; then
        PATH="$(\dirname "$CONDA_EXE")/condabin${PATH:+":${PATH}"}"
    else
        PATH="$(\dirname "$(\dirname "$CONDA_EXE")")/condabin${PATH:+":${PATH}"}"
    fi
    \export PATH

    # We'\''re not allowing PS1 to be unbound. It must at least be set.
    # However, we'\''re not exporting it, which can cause problems when starting a second shell
    # via a first shell (i.e. starting zsh from bash).
    if [ -z "${PS1+x}" ]; then
        PS1=
    fi
fi

conda activate base'
+++ export CONDA_EXE=/software/spackages_v0_21_prod/apps/linux-ubuntu22.04-zen2/gcc-13.2.0/anaconda3-2022.10-5wy43yh5crcsmws4afls5thwoskzarhe/bin/conda
+++ CONDA_EXE=/software/spackages_v0_21_prod/apps/linux-ubuntu22.04-zen2/gcc-13.2.0/anaconda3-2022.10-5wy43yh5crcsmws4afls5thwoskzarhe/bin/conda
+++ export _CE_M=
+++ _CE_M=
+++ export _CE_CONDA=
+++ _CE_CONDA=
+++ export CONDA_PYTHON_EXE=/software/spackages_v0_21_prod/apps/linux-ubuntu22.04-zen2/gcc-13.2.0/anaconda3-2022.10-5wy43yh5crcsmws4afls5thwoskzarhe/bin/python
+++ CONDA_PYTHON_EXE=/software/spackages_v0_21_prod/apps/linux-ubuntu22.04-zen2/gcc-13.2.0/anaconda3-2022.10-5wy43yh5crcsmws4afls5thwoskzarhe/bin/python
+++ '[' -z x ']'
+++ conda activate base
+++ local cmd=activate
+++ case "$cmd" in
+++ __conda_activate activate base
+++ '[' -n '' ']'
+++ local ask_conda
++++ PS1=
++++ __conda_exe shell.posix activate base
++++ /software/spackages_v0_21_prod/apps/linux-ubuntu22.04-zen2/gcc-13.2.0/anaconda3-2022.10-5wy43yh5crcsmws4afls5thwoskzarhe/bin/conda shell.posix activate base
+++ ask_conda='PS1='\''(base) '\''
export PATH='\''/users/k24087895/.local/bin:/software/spackages_v0_21_prod/apps/linux-ubuntu22.04-zen2/gcc-13.2.0/anaconda3-2022.10-5wy43yh5crcsmws4afls5thwoskzarhe/bin:/software/spackages_v0_21_prod/apps/linux-ubuntu22.04-zen2/gcc-13.2.0/anaconda3-2022.10-5wy43yh5crcsmws4afls5thwoskzarhe/condabin:/usr/local/sbin:/usr/local/bin:/usr/sbin:/usr/bin:/sbin:/bin:/usr/games:/usr/local/games:/snap/bin:/opt/puppetlabs/bin'\''
export CONDA_SHLVL='\''1'\''
export CONDA_PROMPT_MODIFIER='\''(base) '\'''
+++ eval 'PS1='\''(base) '\''
export PATH='\''/users/k24087895/.local/bin:/software/spackages_v0_21_prod/apps/linux-ubuntu22.04-zen2/gcc-13.2.0/anaconda3-2022.10-5wy43yh5crcsmws4afls5thwoskzarhe/bin:/software/spackages_v0_21_prod/apps/linux-ubuntu22.04-zen2/gcc-13.2.0/anaconda3-2022.10-5wy43yh5crcsmws4afls5thwoskzarhe/condabin:/usr/local/sbin:/usr/local/bin:/usr/sbin:/usr/bin:/sbin:/bin:/usr/games:/usr/local/games:/snap/bin:/opt/puppetlabs/bin'\''
export CONDA_SHLVL='\''1'\''
export CONDA_PROMPT_MODIFIER='\''(base) '\'''
++++ PS1='(base) '
++++ export PATH=/users/k24087895/.local/bin:/software/spackages_v0_21_prod/apps/linux-ubuntu22.04-zen2/gcc-13.2.0/anaconda3-2022.10-5wy43yh5crcsmws4afls5thwoskzarhe/bin:/software/spackages_v0_21_prod/apps/linux-ubuntu22.04-zen2/gcc-13.2.0/anaconda3-2022.10-5wy43yh5crcsmws4afls5thwoskzarhe/condabin:/usr/local/sbin:/usr/local/bin:/usr/sbin:/usr/bin:/sbin:/bin:/usr/games:/usr/local/games:/snap/bin:/opt/puppetlabs/bin
++++ PATH=/users/k24087895/.local/bin:/software/spackages_v0_21_prod/apps/linux-ubuntu22.04-zen2/gcc-13.2.0/anaconda3-2022.10-5wy43yh5crcsmws4afls5thwoskzarhe/bin:/software/spackages_v0_21_prod/apps/linux-ubuntu22.04-zen2/gcc-13.2.0/anaconda3-2022.10-5wy43yh5crcsmws4afls5thwoskzarhe/condabin:/usr/local/sbin:/usr/local/bin:/usr/sbin:/usr/bin:/sbin:/bin:/usr/games:/usr/local/games:/snap/bin:/opt/puppetlabs/bin
++++ export CONDA_SHLVL=1
++++ CONDA_SHLVL=1
++++ export 'CONDA_PROMPT_MODIFIER=(base) '
++++ CONDA_PROMPT_MODIFIER='(base) '
+++ __conda_hashr
+++ '[' -n '' ']'
+++ '[' -n '' ']'
+++ hash -r
++ conda env list
++ local cmd=env
++ case "$cmd" in
++ __conda_exe env list
++ grep -q metagenomics
++ /software/spackages_v0_21_prod/apps/linux-ubuntu22.04-zen2/gcc-13.2.0/anaconda3-2022.10-5wy43yh5crcsmws4afls5thwoskzarhe/bin/conda env list
++ conda activate metagenomics
++ local cmd=activate
++ case "$cmd" in
++ __conda_activate activate metagenomics
++ '[' -n '' ']'
++ local ask_conda
+++ PS1='(base) '
+++ __conda_exe shell.posix activate metagenomics
+++ /software/spackages_v0_21_prod/apps/linux-ubuntu22.04-zen2/gcc-13.2.0/anaconda3-2022.10-5wy43yh5crcsmws4afls5thwoskzarhe/bin/conda shell.posix activate metagenomics
++ ask_conda='PS1='\''(metagenomics) '\''
export PATH='\''/users/k24087895/.local/bin:/users/k24087895/.conda/envs/metagenomics/bin:/software/spackages_v0_21_prod/apps/linux-ubuntu22.04-zen2/gcc-13.2.0/anaconda3-2022.10-5wy43yh5crcsmws4afls5thwoskzarhe/condabin:/usr/local/sbin:/usr/local/bin:/usr/sbin:/usr/bin:/sbin:/bin:/usr/games:/usr/local/games:/snap/bin:/opt/puppetlabs/bin'\''
export CONDA_PREFIX='\''/users/k24087895/.conda/envs/metagenomics'\''
export CONDA_SHLVL='\''2'\''
export CONDA_DEFAULT_ENV='\''metagenomics'\''
export CONDA_PROMPT_MODIFIER='\''(metagenomics) '\''
export CONDA_PREFIX_1='\''/software/spackages_v0_21_prod/apps/linux-ubuntu22.04-zen2/gcc-13.2.0/anaconda3-2022.10-5wy43yh5crcsmws4afls5thwoskzarhe'\''
export CONDA_EXE='\''/software/spackages_v0_21_prod/apps/linux-ubuntu22.04-zen2/gcc-13.2.0/anaconda3-2022.10-5wy43yh5crcsmws4afls5thwoskzarhe/bin/conda'\''
export _CE_M='\'''\''
export _CE_CONDA='\'''\''
export CONDA_PYTHON_EXE='\''/software/spackages_v0_21_prod/apps/linux-ubuntu22.04-zen2/gcc-13.2.0/anaconda3-2022.10-5wy43yh5crcsmws4afls5thwoskzarhe/bin/python'\''
. "/users/k24087895/.conda/envs/metagenomics/etc/conda/activate.d/activate-r-base.sh"
. "/users/k24087895/.conda/envs/metagenomics/etc/conda/activate.d/libglib_activate.sh"
. "/users/k24087895/.conda/envs/metagenomics/etc/conda/activate.d/libxml2_activate.sh"
. "/users/k24087895/.conda/envs/metagenomics/etc/conda/activate.d/openjdk_activate.sh"'
++ eval 'PS1='\''(metagenomics) '\''
export PATH='\''/users/k24087895/.local/bin:/users/k24087895/.conda/envs/metagenomics/bin:/software/spackages_v0_21_prod/apps/linux-ubuntu22.04-zen2/gcc-13.2.0/anaconda3-2022.10-5wy43yh5crcsmws4afls5thwoskzarhe/condabin:/usr/local/sbin:/usr/local/bin:/usr/sbin:/usr/bin:/sbin:/bin:/usr/games:/usr/local/games:/snap/bin:/opt/puppetlabs/bin'\''
export CONDA_PREFIX='\''/users/k24087895/.conda/envs/metagenomics'\''
export CONDA_SHLVL='\''2'\''
export CONDA_DEFAULT_ENV='\''metagenomics'\''
export CONDA_PROMPT_MODIFIER='\''(metagenomics) '\''
export CONDA_PREFIX_1='\''/software/spackages_v0_21_prod/apps/linux-ubuntu22.04-zen2/gcc-13.2.0/anaconda3-2022.10-5wy43yh5crcsmws4afls5thwoskzarhe'\''
export CONDA_EXE='\''/software/spackages_v0_21_prod/apps/linux-ubuntu22.04-zen2/gcc-13.2.0/anaconda3-2022.10-5wy43yh5crcsmws4afls5thwoskzarhe/bin/conda'\''
export _CE_M='\'''\''
export _CE_CONDA='\'''\''
export CONDA_PYTHON_EXE='\''/software/spackages_v0_21_prod/apps/linux-ubuntu22.04-zen2/gcc-13.2.0/anaconda3-2022.10-5wy43yh5crcsmws4afls5thwoskzarhe/bin/python'\''
. "/users/k24087895/.conda/envs/metagenomics/etc/conda/activate.d/activate-r-base.sh"
. "/users/k24087895/.conda/envs/metagenomics/etc/conda/activate.d/libglib_activate.sh"
. "/users/k24087895/.conda/envs/metagenomics/etc/conda/activate.d/libxml2_activate.sh"
. "/users/k24087895/.conda/envs/metagenomics/etc/conda/activate.d/openjdk_activate.sh"'
+++ PS1='(metagenomics) '
+++ export PATH=/users/k24087895/.local/bin:/users/k24087895/.conda/envs/metagenomics/bin:/software/spackages_v0_21_prod/apps/linux-ubuntu22.04-zen2/gcc-13.2.0/anaconda3-2022.10-5wy43yh5crcsmws4afls5thwoskzarhe/condabin:/usr/local/sbin:/usr/local/bin:/usr/sbin:/usr/bin:/sbin:/bin:/usr/games:/usr/local/games:/snap/bin:/opt/puppetlabs/bin
+++ PATH=/users/k24087895/.local/bin:/users/k24087895/.conda/envs/metagenomics/bin:/software/spackages_v0_21_prod/apps/linux-ubuntu22.04-zen2/gcc-13.2.0/anaconda3-2022.10-5wy43yh5crcsmws4afls5thwoskzarhe/condabin:/usr/local/sbin:/usr/local/bin:/usr/sbin:/usr/bin:/sbin:/bin:/usr/games:/usr/local/games:/snap/bin:/opt/puppetlabs/bin
+++ export CONDA_PREFIX=/users/k24087895/.conda/envs/metagenomics
+++ CONDA_PREFIX=/users/k24087895/.conda/envs/metagenomics
+++ export CONDA_SHLVL=2
+++ CONDA_SHLVL=2
+++ export CONDA_DEFAULT_ENV=metagenomics
+++ CONDA_DEFAULT_ENV=metagenomics
+++ export 'CONDA_PROMPT_MODIFIER=(metagenomics) '
+++ CONDA_PROMPT_MODIFIER='(metagenomics) '
+++ export CONDA_PREFIX_1=/software/spackages_v0_21_prod/apps/linux-ubuntu22.04-zen2/gcc-13.2.0/anaconda3-2022.10-5wy43yh5crcsmws4afls5thwoskzarhe
+++ CONDA_PREFIX_1=/software/spackages_v0_21_prod/apps/linux-ubuntu22.04-zen2/gcc-13.2.0/anaconda3-2022.10-5wy43yh5crcsmws4afls5thwoskzarhe
+++ export CONDA_EXE=/software/spackages_v0_21_prod/apps/linux-ubuntu22.04-zen2/gcc-13.2.0/anaconda3-2022.10-5wy43yh5crcsmws4afls5thwoskzarhe/bin/conda
+++ CONDA_EXE=/software/spackages_v0_21_prod/apps/linux-ubuntu22.04-zen2/gcc-13.2.0/anaconda3-2022.10-5wy43yh5crcsmws4afls5thwoskzarhe/bin/conda
+++ export _CE_M=
+++ _CE_M=
+++ export _CE_CONDA=
+++ _CE_CONDA=
+++ export CONDA_PYTHON_EXE=/software/spackages_v0_21_prod/apps/linux-ubuntu22.04-zen2/gcc-13.2.0/anaconda3-2022.10-5wy43yh5crcsmws4afls5thwoskzarhe/bin/python
+++ CONDA_PYTHON_EXE=/software/spackages_v0_21_prod/apps/linux-ubuntu22.04-zen2/gcc-13.2.0/anaconda3-2022.10-5wy43yh5crcsmws4afls5thwoskzarhe/bin/python
+++ . /users/k24087895/.conda/envs/metagenomics/etc/conda/activate.d/activate-r-base.sh
++++ R CMD javareconf
++++ '[' -n '' ']'
++++ export RSTUDIO_WHICH_R=/users/k24087895/.conda/envs/metagenomics/bin/R
++++ RSTUDIO_WHICH_R=/users/k24087895/.conda/envs/metagenomics/bin/R
+++ . /users/k24087895/.conda/envs/metagenomics/etc/conda/activate.d/libglib_activate.sh
++++ export GSETTINGS_SCHEMA_DIR_CONDA_BACKUP=
++++ GSETTINGS_SCHEMA_DIR_CONDA_BACKUP=
++++ export GSETTINGS_SCHEMA_DIR=/users/k24087895/.conda/envs/metagenomics/share/glib-2.0/schemas
++++ GSETTINGS_SCHEMA_DIR=/users/k24087895/.conda/envs/metagenomics/share/glib-2.0/schemas
+++ . /users/k24087895/.conda/envs/metagenomics/etc/conda/activate.d/libxml2_activate.sh
++++ test -n ''
++++ xml_catalog_files_libxml2=
++++ XML_CATALOG_FILES=
++++ conda_catalog_files=
++++ ifs_libxml2=' 	
'
++++ IFS=' '
++++ rem=/users/k24087895/.conda/envs/metagenomics
++++ for pre in ${rem}
++++ test '' = /users/k24087895/.conda/envs/metagenomics
++++ conda_catalog_files=/users/k24087895/.conda/envs/metagenomics
++++ rem=
++++ IFS=' 	
'
++++ conda_catalog_files='file:///users/k24087895/.conda/envs/metagenomics/etc/xml/catalog file:///etc/xml/catalog'
++++ export 'XML_CATALOG_FILES=file:///users/k24087895/.conda/envs/metagenomics/etc/xml/catalog file:///etc/xml/catalog'
++++ XML_CATALOG_FILES='file:///users/k24087895/.conda/envs/metagenomics/etc/xml/catalog file:///etc/xml/catalog'
++++ unset conda_catalog_files ifs_libxml2 rem
+++ . /users/k24087895/.conda/envs/metagenomics/etc/conda/activate.d/openjdk_activate.sh
++++ '[' '' ']'
++++ export JAVA_HOME=/users/k24087895/.conda/envs/metagenomics/lib/jvm
++++ JAVA_HOME=/users/k24087895/.conda/envs/metagenomics/lib/jvm
++++ '[' '' ']'
++++ export JAVA_LD_LIBRARY_PATH=/users/k24087895/.conda/envs/metagenomics/lib/jvm/lib/server
++++ JAVA_LD_LIBRARY_PATH=/users/k24087895/.conda/envs/metagenomics/lib/jvm/lib/server
++ __conda_hashr
++ '[' -n '' ']'
++ '[' -n '' ']'
++ hash -r
++ echo '✅ '\''metagenomics'\'' environment activated successfully.'
++ export PATH=/users/k24087895/.conda/envs/metagenomics/bin:/users/k24087895/.local/bin:/users/k24087895/.conda/envs/metagenomics/bin:/software/spackages_v0_21_prod/apps/linux-ubuntu22.04-zen2/gcc-13.2.0/anaconda3-2022.10-5wy43yh5crcsmws4afls5thwoskzarhe/condabin:/usr/local/sbin:/usr/local/bin:/usr/sbin:/usr/bin:/sbin:/bin:/usr/games:/usr/local/games:/snap/bin:/opt/puppetlabs/bin
++ PATH=/users/k24087895/.conda/envs/metagenomics/bin:/users/k24087895/.local/bin:/users/k24087895/.conda/envs/metagenomics/bin:/software/spackages_v0_21_prod/apps/linux-ubuntu22.04-zen2/gcc-13.2.0/anaconda3-2022.10-5wy43yh5crcsmws4afls5thwoskzarhe/condabin:/usr/local/sbin:/usr/local/bin:/usr/sbin:/usr/bin:/sbin:/bin:/usr/games:/usr/local/games:/snap/bin:/opt/puppetlabs/bin
+++ python -c 'import sys; print(".".join(map(str, sys.version_info[:3])))'
++ export PYTHONPATH=/users/k24087895/.conda/envs/metagenomics/lib/python3.12.10/site-packages:
++ PYTHONPATH=/users/k24087895/.conda/envs/metagenomics/lib/python3.12.10/site-packages:
+ echo -e '\n====================================================== PROJECT STRUCTURE ======================================================\n'
+ RESULTS_DIR=../exposure_folder2/results
+ FASTQC_DIR=../exposure_folder2/results/fastqc
+ HOST_DNA_ANALYSIS_DIR=../exposure_folder2/results/host_dna_analysis
++ dirname ../exposure_folder2/raw_data/
+ PROCESSED_DIR=../exposure_folder2/processed_data
+ TRIMMED_DIR=../exposure_folder2/processed_data/trimmed
+ HUMAN_DIR=../exposure_folder2/processed_data/human
+ ALIGNED_SAM_DIR=../exposure_folder2/processed_data/human/aligned_sam
+ SORTED_BAM_DIR=../exposure_folder2/processed_data/human/sorted_bam
+ BED_FILES_DIR=../exposure_folder2/processed_data/human/bed_files
+ METAGENOMIC_DIR=../exposure_folder2/processed_data/metagenomic
+ FILTERED_FASTQ_DIR=../exposure_folder2/processed_data/metagenomic/filtered_fastq
+ KRAKEN2_DIR=../exposure_folder2/processed_data/metagenomic/kraken2
+ CLASSIFIED_DIR=../exposure_folder2/processed_data/metagenomic/classified
+ UNCLASSIFIED_DIR=../exposure_folder2/processed_data/metagenomic/unclassified
+ BRACKEN_DIR=../exposure_folder2/processed_data/metagenomic/bracken
++ date +run_%d%m_%H%M
+ RUN_DIR=../exposure_folder2/results/runs/run_0305_0002
+ REPORTS_DIR=../exposure_folder2/results/runs/run_0305_0002/reports
+ KRONA_DIR=../exposure_folder2/results/runs/run_0305_0002/krona
+ DIVERSITY_DIR=../exposure_folder2/results/runs/run_0305_0002/diversity
+ LOG_DIR=../exposure_folder2/results/runs/run_0305_0002/logs
+ mkdir -p ../exposure_folder2/results ../exposure_folder2/results/host_dna_analysis ../exposure_folder2/results/fastqc/pre_trimming ../exposure_folder2/results/fastqc/post_trimming ../exposure_folder2/processed_data/trimmed/paired ../exposure_folder2/processed_data/trimmed/unpaired ../exposure_folder2/processed_data/human/aligned_sam ../exposure_folder2/processed_data/metagenomic/filtered_fastq ../exposure_folder2/processed_data/metagenomic/kraken2 ../exposure_folder2/processed_data/metagenomic/classified ../exposure_folder2/processed_data/metagenomic/unclassified ../exposure_folder2/processed_data/metagenomic/bracken ../exposure_folder2/results/runs/run_0305_0002/reports ../exposure_folder2/results/runs/run_0305_0002/krona ../exposure_folder2/results/runs/run_0305_0002/diversity ../exposure_folder2/results/runs/run_0305_0002/logs ../exposure_folder2/processed_data/human/sorted_bam ../exposure_folder2/processed_data/human/bed_files
+ tree -L 3 -d ../exposure_folder2
+ echo 'Human DNA-related files (SAM, BAM, and BED) in the '\''human'\'' directory are created once per sub-project and remain unchanged across runs.'
+ echo 'Intermediate metagenomic files in the '\''metagenomic'\'' directory are overwritten with each run and should be inspected beforehand if desired.'
+ echo 'Results are stored in the '\''results'\'' directory (including FastQC, host DNA analysis, and run-specific results like Kraken2 and Bracken).'
+ [[ false == true ]]
+ echo -e '\n================================================= METAGENOMIC ABUNDANCE ESTIMATION ================================================='
+ echo '⚠️ This step assumes reads have already been trimmed with Trimmomatic and host DNA removed with Bowtie2. Processed reads must be in the correct directory.'
++ date +%s
+ START_TIME=1746226967
+ for R1 in "$TRIMMED_DIR"/paired/*_R1_paired.fastq.gz
++ basename ../exposure_folder2/processed_data/trimmed/paired/L1RP_S13_R1_paired.fastq.gz _R1_paired.fastq.gz
+ base=L1RP_S13
+ echo -e '\nProcessing sample: L1RP_S13'
+ [[ false == true ]]
+ echo -e '\n🧪 DEBUG INFO for sample: L1RP_S13'
+ echo 'Input files:'
+ ls -lh ../exposure_folder2/processed_data/metagenomic/filtered_fastq/L1RP_S13_metagenomic.1 ../exposure_folder2/processed_data/metagenomic/filtered_fastq/L1RP_S13_metagenomic.2
+ echo -e '\nDisk usage of input files:'
+ du -sh ../exposure_folder2/processed_data/metagenomic/filtered_fastq/L1RP_S13_metagenomic.1 ../exposure_folder2/processed_data/metagenomic/filtered_fastq/L1RP_S13_metagenomic.2
+ echo -e '\nFirst few lines of R1 FASTQ:'
+ [[ -f ../exposure_folder2/processed_data/metagenomic/filtered_fastq/L1RP_S13_metagenomic.1 ]]
+ cat ../exposure_folder2/processed_data/metagenomic/filtered_fastq/L1RP_S13_metagenomic.1
+ head -n 4
+ echo -e '\n📈 Memory snapshot:'
+ free -h
+ echo -e '\nClassifying metagenomic reads with Kraken2...'
+ KRAKEN_CMD='kraken2 --d "/scratch/grp/msc_appbio/recovered/core_nt_database/" --threads 8 --report "../exposure_folder2/results/runs/run_0305_0002/reports/L1RP_S13.k2report"                --memory-mapping --report-minimizer-data --paired --minimum-hit-groups 2                --classified-out "../exposure_folder2/processed_data/metagenomic/classified/L1RP_S13_classified#.fastq" --unclassified-out "../exposure_folder2/processed_data/metagenomic/unclassified/L1RP_S13_unclassified#.fastq"                "../exposure_folder2/processed_data/metagenomic/filtered_fastq/L1RP_S13_metagenomic.1" "../exposure_folder2/processed_data/metagenomic/filtered_fastq/L1RP_S13_metagenomic.2"                --output "../exposure_folder2/processed_data/metagenomic/kraken2/L1RP_S13.kraken2" --use-names 2>&1'
+ echo 'kraken2 --d "/scratch/grp/msc_appbio/recovered/core_nt_database/" --threads 8 --report "../exposure_folder2/results/runs/run_0305_0002/reports/L1RP_S13.k2report"                --memory-mapping --report-minimizer-data --paired --minimum-hit-groups 2                --classified-out "../exposure_folder2/processed_data/metagenomic/classified/L1RP_S13_classified#.fastq" --unclassified-out "../exposure_folder2/processed_data/metagenomic/unclassified/L1RP_S13_unclassified#.fastq"                "../exposure_folder2/processed_data/metagenomic/filtered_fastq/L1RP_S13_metagenomic.1" "../exposure_folder2/processed_data/metagenomic/filtered_fastq/L1RP_S13_metagenomic.2"                --output "../exposure_folder2/processed_data/metagenomic/kraken2/L1RP_S13.kraken2" --use-names 2>&1'
+ eval 'kraken2 --d "/scratch/grp/msc_appbio/recovered/core_nt_database/" --threads 8 --report "../exposure_folder2/results/runs/run_0305_0002/reports/L1RP_S13.k2report"                --memory-mapping --report-minimizer-data --paired --minimum-hit-groups 2                --classified-out "../exposure_folder2/processed_data/metagenomic/classified/L1RP_S13_classified#.fastq" --unclassified-out "../exposure_folder2/processed_data/metagenomic/unclassified/L1RP_S13_unclassified#.fastq"                "../exposure_folder2/processed_data/metagenomic/filtered_fastq/L1RP_S13_metagenomic.1" "../exposure_folder2/processed_data/metagenomic/filtered_fastq/L1RP_S13_metagenomic.2"                --output "../exposure_folder2/processed_data/metagenomic/kraken2/L1RP_S13.kraken2" --use-names 2>&1'
++ kraken2 --d /scratch/grp/msc_appbio/recovered/core_nt_database/ --threads 8 --report ../exposure_folder2/results/runs/run_0305_0002/reports/L1RP_S13.k2report --memory-mapping --report-minimizer-data --paired --minimum-hit-groups 2 --classified-out ../exposure_folder2/processed_data/metagenomic/classified/L1RP_S13_classified#.fastq --unclassified-out ../exposure_folder2/processed_data/metagenomic/unclassified/L1RP_S13_unclassified#.fastq ../exposure_folder2/processed_data/metagenomic/filtered_fastq/L1RP_S13_metagenomic.1 ../exposure_folder2/processed_data/metagenomic/filtered_fastq/L1RP_S13_metagenomic.2 --output ../exposure_folder2/processed_data/metagenomic/kraken2/L1RP_S13.kraken2 --use-names
+ echo '✅ Classification complete.'
+ echo -e '\nEstimating species abundance with Bracken...'
+ bracken -d /scratch/grp/msc_appbio/recovered/core_nt_database/ -i ../exposure_folder2/results/runs/run_0305_0002/reports/L1RP_S13.k2report -l S -r 100 -t 0 -w ../exposure_folder2/results/runs/run_0305_0002/reports/L1RP_S13.breport -o ../exposure_folder2/processed_data/metagenomic/bracken/L1RP_S13.bracken
+ echo '✅ Abundance estimated.'
+ echo -e '\nGenerating Krona visualization...'
+ python ../tools/KrakenTools/kreport2krona.py -r ../exposure_folder2/results/runs/run_0305_0002/reports/L1RP_S13.breport -o ../exposure_folder2/results/runs/run_0305_0002/krona/L1RP_S13.krona.txt --no-intermediate-ranks
Traceback (most recent call last):
  File "/cephfs/volumes/hpc_data_usr/k24087895/8bae1efe-9269-480e-9bb9-de76b8bdc9e7/final_project/scripts/../tools/KrakenTools/kreport2krona.py", line 282, in <module>
    main()
  File "/cephfs/volumes/hpc_data_usr/k24087895/8bae1efe-9269-480e-9bb9-de76b8bdc9e7/final_project/scripts/../tools/KrakenTools/kreport2krona.py", line 278, in main
    kreport2krona_main(args.r_file,args.o_file) 
    ^^^^^^^^^^^^^^^^^^^^^^^^^^^^^^^^^^^^^^^^^^^
  File "/cephfs/volumes/hpc_data_usr/k24087895/8bae1efe-9269-480e-9bb9-de76b8bdc9e7/final_project/scripts/../tools/KrakenTools/kreport2krona.py", line 177, in kreport2krona_main
    r_file = open(report_file, 'r')
             ^^^^^^^^^^^^^^^^^^^^^^
FileNotFoundError: [Errno 2] No such file or directory: '../exposure_folder2/results/runs/run_0305_0002/reports/L1RP_S13.breport'
+ for R1 in "$TRIMMED_DIR"/paired/*_R1_paired.fastq.gz
++ basename ../exposure_folder2/processed_data/trimmed/paired/L1SG_S5_R1_paired.fastq.gz _R1_paired.fastq.gz
+ base=L1SG_S5
+ echo -e '\nProcessing sample: L1SG_S5'
+ [[ false == true ]]
+ echo -e '\n🧪 DEBUG INFO for sample: L1SG_S5'
+ echo 'Input files:'
+ ls -lh ../exposure_folder2/processed_data/metagenomic/filtered_fastq/L1SG_S5_metagenomic.1 ../exposure_folder2/processed_data/metagenomic/filtered_fastq/L1SG_S5_metagenomic.2
+ echo -e '\nDisk usage of input files:'
+ du -sh ../exposure_folder2/processed_data/metagenomic/filtered_fastq/L1SG_S5_metagenomic.1 ../exposure_folder2/processed_data/metagenomic/filtered_fastq/L1SG_S5_metagenomic.2
+ echo -e '\nFirst few lines of R1 FASTQ:'
+ [[ -f ../exposure_folder2/processed_data/metagenomic/filtered_fastq/L1SG_S5_metagenomic.1 ]]
+ cat ../exposure_folder2/processed_data/metagenomic/filtered_fastq/L1SG_S5_metagenomic.1
+ head -n 4
+ echo -e '\n📈 Memory snapshot:'
+ free -h
+ echo -e '\nClassifying metagenomic reads with Kraken2...'
+ KRAKEN_CMD='kraken2 --d "/scratch/grp/msc_appbio/recovered/core_nt_database/" --threads 8 --report "../exposure_folder2/results/runs/run_0305_0002/reports/L1SG_S5.k2report"                --memory-mapping --report-minimizer-data --paired --minimum-hit-groups 2                --classified-out "../exposure_folder2/processed_data/metagenomic/classified/L1SG_S5_classified#.fastq" --unclassified-out "../exposure_folder2/processed_data/metagenomic/unclassified/L1SG_S5_unclassified#.fastq"                "../exposure_folder2/processed_data/metagenomic/filtered_fastq/L1SG_S5_metagenomic.1" "../exposure_folder2/processed_data/metagenomic/filtered_fastq/L1SG_S5_metagenomic.2"                --output "../exposure_folder2/processed_data/metagenomic/kraken2/L1SG_S5.kraken2" --use-names 2>&1'
+ echo 'kraken2 --d "/scratch/grp/msc_appbio/recovered/core_nt_database/" --threads 8 --report "../exposure_folder2/results/runs/run_0305_0002/reports/L1SG_S5.k2report"                --memory-mapping --report-minimizer-data --paired --minimum-hit-groups 2                --classified-out "../exposure_folder2/processed_data/metagenomic/classified/L1SG_S5_classified#.fastq" --unclassified-out "../exposure_folder2/processed_data/metagenomic/unclassified/L1SG_S5_unclassified#.fastq"                "../exposure_folder2/processed_data/metagenomic/filtered_fastq/L1SG_S5_metagenomic.1" "../exposure_folder2/processed_data/metagenomic/filtered_fastq/L1SG_S5_metagenomic.2"                --output "../exposure_folder2/processed_data/metagenomic/kraken2/L1SG_S5.kraken2" --use-names 2>&1'
+ eval 'kraken2 --d "/scratch/grp/msc_appbio/recovered/core_nt_database/" --threads 8 --report "../exposure_folder2/results/runs/run_0305_0002/reports/L1SG_S5.k2report"                --memory-mapping --report-minimizer-data --paired --minimum-hit-groups 2                --classified-out "../exposure_folder2/processed_data/metagenomic/classified/L1SG_S5_classified#.fastq" --unclassified-out "../exposure_folder2/processed_data/metagenomic/unclassified/L1SG_S5_unclassified#.fastq"                "../exposure_folder2/processed_data/metagenomic/filtered_fastq/L1SG_S5_metagenomic.1" "../exposure_folder2/processed_data/metagenomic/filtered_fastq/L1SG_S5_metagenomic.2"                --output "../exposure_folder2/processed_data/metagenomic/kraken2/L1SG_S5.kraken2" --use-names 2>&1'
++ kraken2 --d /scratch/grp/msc_appbio/recovered/core_nt_database/ --threads 8 --report ../exposure_folder2/results/runs/run_0305_0002/reports/L1SG_S5.k2report --memory-mapping --report-minimizer-data --paired --minimum-hit-groups 2 --classified-out ../exposure_folder2/processed_data/metagenomic/classified/L1SG_S5_classified#.fastq --unclassified-out ../exposure_folder2/processed_data/metagenomic/unclassified/L1SG_S5_unclassified#.fastq ../exposure_folder2/processed_data/metagenomic/filtered_fastq/L1SG_S5_metagenomic.1 ../exposure_folder2/processed_data/metagenomic/filtered_fastq/L1SG_S5_metagenomic.2 --output ../exposure_folder2/processed_data/metagenomic/kraken2/L1SG_S5.kraken2 --use-names
