
================================================= ARGUMENT PARSING & VALIDATION =================================================

⚠️  No adapter file provided. Using default.
⚠️  No Bowtie2 index provided. Using default.
===== Pipeline Configuration Summary =====
Raw FASTQ directory path: /scratch/users/k24087895/final_project/zymobiomics_folder/raw_data
Kraken2/Bracken Database: /scratch/users/k24087895/final_project/data/databases/k2_standard_16gb_20250402
Ground Truth: /scratch/users/k24087895/final_project/zymobiomics_folder/raw_data/ground_truth.csv ✅
Quality Control & Trimming: Enabled ✅ (Adapter: /scratch/users/k24087895/final_project/data/adapters/TruSeq3-PE-2.fa)
Host DNA Removal: Enabled ✅ (Index: /scratch/users/k24087895/final_project/data/bowtie_index/GRCh38_noalt_as/GRCh38_noalt_as)

================================================= CONDA ENVIRONMENT ACTIVATION ==================================================

✅ 'metagenomics' environment activated successfully.

====================================================== PROJECT STRUCTURE ======================================================

/scratch/users/k24087895/final_project/zymobiomics_folder
├── processed_data
│   ├── human
│   │   ├── aligned_sam
│   │   ├── bed_files
│   │   └── sorted_bam
│   ├── metagenomic
│   │   ├── bracken
│   │   ├── classified
│   │   ├── filtered_fastq
│   │   ├── kraken2
│   │   └── unclassified
│   └── trimmed
│       ├── paired
│       └── unpaired
├── raw_data
└── results
    ├── fastqc
    │   ├── post_trimming
    │   └── pre_trimming
    ├── host_dna_analysis
    └── runs
        ├── run_2005_1637
        ├── run_2005_1655
        ├── run_2005_1658
        ├── run_2005_1706
        ├── run_2005_1730
        ├── run_2005_1744
        ├── run_2105_1617
        ├── run_2105_1632
        ├── run_2105_1640
        ├── run_2105_1653
        ├── run_2105_1700
        ├── run_2105_1708
        ├── run_2105_1713
        ├── run_2105_1722
        ├── run_2205_1556
        ├── run_2205_1603
        ├── run_2205_1608
        ├── run_2205_1648
        ├── run_2205_1702
        ├── run_2205_1708
        ├── run_2205_1718
        ├── run_2205_1725
        ├── run_2305_1437
        ├── run_2305_1444
        ├── run_2305_1459
        ├── run_2305_1505
        ├── run_2305_1511
        ├── run_2305_1526
        ├── run_2305_1536
        ├── run_2305_1550
        ├── run_2305_1554
        ├── run_2305_1611
        ├── run_2505_2018
        ├── run_2705_1328
        ├── run_2705_1329
        ├── run_2705_1331
        ├── run_2705_1332
        ├── run_2705_1340
        ├── run_2705_1405
        ├── run_2705_1605
        ├── run_2705_1631
        └── run_2705_1633

63 directories
Human DNA-related files (SAM, BAM, and BED) in the 'human' directory are created once per sub-project and remain unchanged across runs.
Intermediate metagenomic files in the 'metagenomic' directory are overwritten with each run and should be inspected beforehand if desired.
Results are stored in the 'results' directory (including FastQC, host DNA analysis, and run-specific results like Kraken2 and Bracken).

=================================================== QUALITY CONTROL & TRIMMING ===================================================


Running FastQC on all raw reads...
