
================================================= ARGUMENT PARSING & VALIDATION =================================================

⚠️  Trimming and host DNA removal are optional but must be done once; if skipped, ensure trimmed and filtered files exist in the correct directories.\n
===== Pipeline Configuration Summary =====
Raw FASTQ directory path: /scratch/prj/aef_forensic_metagenomics/zymobiomics_folder/raw_data
Kraken2/Bracken Database: /scratch/prj/aef_forensic_metagenomics/data/databases/k2_pluspfp_20250402
Ground Truth: /scratch/prj/aef_forensic_metagenomics/zymobiomics_folder/raw_data/ground_truth.csv ✅
Quality Control & Trimming: Disabled ❌
Host DNA Removal: Disabled ❌

================================================= CONDA ENVIRONMENT ACTIVATION ==================================================

✅ 'metagenomics' environment activated successfully.

====================================================== PROJECT STRUCTURE ======================================================

/scratch/prj/aef_forensic_metagenomics/zymobiomics_folder
├── processed_data
│   ├── human
│   │   ├── aligned_sam
│   │   ├── bed_files
│   │   └── sorted_bam
│   ├── metagenomic
│   │   ├── bracken
│   │   ├── classified
│   │   ├── filtered_fastq
│   │   ├── kraken2
│   │   └── unclassified
│   └── trimmed
│       ├── paired
│       └── unpaired
├── raw_data
└── results
    ├── fastqc
    │   ├── post_trimming
    │   └── pre_trimming
    ├── host_dna_analysis
    └── runs
        ├── run_0806_2227
        ├── run_0806_2325
        ├── run_0806_2336
        ├── run_0806_2347
        ├── run_0806_2356
        ├── run_0906_0005
        ├── run_0906_0017
        ├── run_0906_0029
        ├── run_0906_0040
        ├── run_0906_0051
        ├── run_0906_0102
        ├── run_0906_0113
        ├── run_0906_0122
        ├── run_0906_0131
        ├── run_0906_0141
        ├── run_0906_0149
        ├── run_0906_0157
        ├── run_0906_0205
        ├── run_0906_0213
        ├── run_0906_0221
        ├── run_0906_0229
        ├── run_0906_0237
        ├── run_0906_0246
        ├── run_0906_0256
        ├── run_0906_0305
        ├── run_0906_0314
        ├── run_0906_0323
        ├── run_0906_0332
        ├── run_0906_0341
        ├── run_0906_0350
        ├── run_0906_0400
        ├── run_0906_0409
        ├── run_0906_0418
        ├── run_0906_0427
        ├── run_0906_0436
        ├── run_0906_0442
        ├── run_0906_0448
        ├── run_0906_0457
        ├── run_0906_0506
        ├── run_0906_0515
        ├── run_0906_0522
        ├── run_0906_0529
        ├── run_0906_0540
        ├── run_0906_0551
        ├── run_0906_0601
        ├── run_0906_0609
        ├── run_0906_0619
        ├── run_0906_0628
        ├── run_0906_0636
        ├── run_0906_0648
        ├── run_0906_0658
        ├── run_0906_0709
        ├── run_0906_0720
        ├── run_0906_0731
        ├── run_0906_0742
        ├── run_0906_0754
        ├── run_0906_0802
        ├── run_0906_0810
        ├── run_0906_0818
        ├── run_0906_0828
        ├── run_0906_0839
        ├── run_0906_0851
        ├── run_0906_0901
        ├── run_0906_0911
        ├── run_0906_0920
        ├── run_0906_0929
        ├── run_0906_0939
        ├── run_0906_0951
        ├── run_0906_1001
        ├── run_0906_1011
        ├── run_0906_1021
        ├── run_0906_1031
        ├── run_0906_1042
        ├── run_0906_1052
        ├── run_0906_1110
        ├── run_0906_1132
        ├── run_0906_1142
        ├── run_0906_1206
        ├── run_0906_1217
        ├── run_0906_1227
        ├── run_0906_1237
        ├── run_0906_1251
        ├── run_0906_1305
        ├── run_0906_1314
        ├── run_0906_1323
        ├── run_0906_1336
        ├── run_0906_1345
        ├── run_0906_1354
        ├── run_0906_1403
        ├── run_0906_1413
        ├── run_0906_1422
        ├── run_0906_1431
        ├── run_0906_1440
        ├── run_0906_1450
        ├── run_0906_1501
        ├── run_0906_1511
        ├── run_0906_1520
        ├── run_0906_1530
        ├── run_0906_1540
        ├── run_0906_1549
        ├── run_0906_1558
        ├── run_0906_1608
        ├── run_0906_1618
        ├── run_0906_1632
        ├── run_0906_1642
        ├── run_0906_1652
        ├── run_0906_1702
        ├── run_0906_1713
        ├── run_0906_1723
        ├── run_0906_1734
        ├── run_0906_1747
        ├── run_0906_1757
        ├── run_0906_1806
        ├── run_0906_1816
        ├── run_0906_1828
        ├── run_0906_1855
        ├── run_0906_1904
        ├── run_0906_1917
        ├── run_0906_1928
        ├── run_0906_1940
        ├── run_0906_1952
        ├── run_0906_2002
        ├── run_0906_2020
        ├── run_0906_2030
        ├── run_0906_2040
        ├── run_0906_2049
        ├── run_0906_2059
        ├── run_0906_2110
        ├── run_0906_2120
        ├── run_0906_2128
        ├── run_0906_2138
        ├── run_0906_2146
        ├── run_0906_2155
        ├── run_0906_2205
        ├── run_0906_2214
        ├── run_0906_2223
        ├── run_1006_1224
        ├── run_1006_1259
        ├── run_1006_1311
        ├── run_1006_1321
        ├── run_1006_1330
        ├── run_1006_1339
        ├── run_1006_1348
        ├── run_1006_1402
        ├── run_1006_1411
        ├── run_1006_1420
        ├── run_1006_1428
        ├── run_1006_1437
        ├── run_1006_1454
        ├── run_1006_1506
        ├── run_1006_1548
        ├── run_1006_1557
        ├── run_1006_1606
        ├── run_1006_1615
        ├── run_1006_1623
        ├── run_1006_1632
        ├── run_1006_1640
        ├── run_1106_1050
        ├── run_1106_1111
        ├── run_1106_1146
        ├── run_1106_1222
        ├── run_1106_1308
        ├── run_1106_1403
        ├── run_1106_1434
        ├── run_1106_1549
        ├── run_1106_1706
        ├── run_1106_1812
        ├── run_1106_1835
        ├── run_1106_1917
        ├── run_1106_1949
        ├── run_1106_2019
        ├── run_1106_2103
        ├── run_1106_2142
        ├── run_1106_2249
        ├── run_1106_2355
        ├── run_1206_0051
        ├── run_1206_0123
        ├── run_1206_2241
        ├── run_1206_2258
        ├── run_1206_2315
        ├── run_1206_2329
        ├── run_1206_2343
        ├── run_1206_2356
        ├── run_1306_0014
        ├── run_1306_0028
        ├── run_1306_0042
        ├── run_1306_0058
        ├── run_1306_0112
        ├── run_1306_0132
        ├── run_1306_0150
        ├── run_1306_0205
        ├── run_1306_0225
        ├── run_1306_0242
        ├── run_1306_0257
        ├── run_1306_0313
        ├── run_1306_0328
        ├── run_1306_0343
        ├── run_1306_0357
        ├── run_1306_0413
        ├── run_1306_0446
        ├── run_1306_0511
        ├── run_1306_0543
        ├── run_1306_0608
        ├── run_1306_0634
        ├── run_1306_0700
        ├── run_1306_0729
        ├── run_1306_0754
        ├── run_1306_0825
        ├── run_1306_0854
        ├── run_1306_0929
        ├── run_1306_0955
        ├── run_1306_1015
        ├── run_1306_1047
        ├── run_1306_1106
        ├── run_1306_1127
        ├── run_1306_1208
        ├── run_1306_1242
        └── run_1306_1311

239 directories
Human DNA-related files (SAM, BAM, and BED) in the 'human' directory are created once per sub-project and remain unchanged across runs.
Intermediate metagenomic files in the 'metagenomic' directory are overwritten with each run and should be inspected beforehand if desired.
Results are stored in the 'results' directory (including FastQC, host DNA analysis, and run-specific results like Kraken2 and Bracken).

================================================= METAGENOMIC ABUNDANCE ESTIMATION =================================================
⚠️  This step assumes reads have already been trimmed with Trimmomatic and host DNA removed with Bowtie2. Processed reads must be in the correct directory.

Processing sample: ZC1_S4

Classifying metagenomic reads with Kraken2...
kraken2 --db "/scratch/prj/aef_forensic_metagenomics/data/databases/k2_pluspfp_20250402" --threads 8 --report "/scratch/prj/aef_forensic_metagenomics/zymobiomics_folder/results/runs/run_1306_1311/reports/ZC1_S4.k2report" 		--report-minimizer-data --paired --minimum-hit-groups 4 		--classified-out "/scratch/prj/aef_forensic_metagenomics/zymobiomics_folder/processed_data/metagenomic/classified/ZC1_S4_classified#.fastq" --unclassified-out "/scratch/prj/aef_forensic_metagenomics/zymobiomics_folder/processed_data/metagenomic/unclassified/ZC1_S4_unclassified#.fastq" 		--output "/scratch/prj/aef_forensic_metagenomics/zymobiomics_folder/processed_data/metagenomic/kraken2/ZC1_S4.kraken2" --use-names "/scratch/prj/aef_forensic_metagenomics/zymobiomics_folder/processed_data/metagenomic/filtered_fastq/ZC1_S4_metagenomic.1" "/scratch/prj/aef_forensic_metagenomics/zymobiomics_folder/processed_data/metagenomic/filtered_fastq/ZC1_S4_metagenomic.2" 2>&1
Loading database information... done.
287710 sequences (51.71 Mbp) processed in 1.594s (10828.0 Kseq/m, 1946.13 Mbp/m).
  273145 sequences classified (94.94%)
  14565 sequences unclassified (5.06%)
✅  Classification complete.

Estimating species abundance with Bracken...
 >> Checking for Valid Options...
 >> Running Bracken 
      >> python src/est_abundance.py -i /scratch/prj/aef_forensic_metagenomics/zymobiomics_folder/results/runs/run_1306_1311/reports/ZC1_S4.k2report -o /scratch/prj/aef_forensic_metagenomics/zymobiomics_folder/processed_data/metagenomic/bracken/ZC1_S4.bracken -k /scratch/prj/aef_forensic_metagenomics/data/databases/k2_pluspfp_20250402/database100mers.kmer_distrib -l S -t 40
>> Checking report file: /scratch/prj/aef_forensic_metagenomics/zymobiomics_folder/results/runs/run_1306_1311/reports/ZC1_S4.k2report
PROGRAM START TIME: 06-13-2025 12:20:26
BRACKEN SUMMARY (Kraken report: /scratch/prj/aef_forensic_metagenomics/zymobiomics_folder/results/runs/run_1306_1311/reports/ZC1_S4.k2report)
    >>> Threshold: 40 
    >>> Number of species in sample: 487 
	  >> Number of species with reads > threshold: 22 
	  >> Number of species with reads < threshold: 465 
    >>> Total reads in sample: 287710
	  >> Total reads kept at species level (reads > threshold): 105121
	  >> Total reads discarded (species reads < threshold): 1318
	  >> Reads distributed: 166439
	  >> Reads not distributed (eg. no species above threshold): 267
	  >> Unclassified reads: 14565
BRACKEN OUTPUT PRODUCED: /scratch/prj/aef_forensic_metagenomics/zymobiomics_folder/processed_data/metagenomic/bracken/ZC1_S4.bracken
PROGRAM END TIME: 06-13-2025 12:20:26
  Bracken complete.
✅  Abundance estimated.

Generating Krona visualization...
Writing /scratch/prj/aef_forensic_metagenomics/zymobiomics_folder/results/runs/run_1306_1311/krona/ZC1_S4.krona.html...
✅  Krona plot generated.

Processing sample: ZC2_S5

Classifying metagenomic reads with Kraken2...
kraken2 --db "/scratch/prj/aef_forensic_metagenomics/data/databases/k2_pluspfp_20250402" --threads 8 --report "/scratch/prj/aef_forensic_metagenomics/zymobiomics_folder/results/runs/run_1306_1311/reports/ZC2_S5.k2report" 		--report-minimizer-data --paired --minimum-hit-groups 4 		--classified-out "/scratch/prj/aef_forensic_metagenomics/zymobiomics_folder/processed_data/metagenomic/classified/ZC2_S5_classified#.fastq" --unclassified-out "/scratch/prj/aef_forensic_metagenomics/zymobiomics_folder/processed_data/metagenomic/unclassified/ZC2_S5_unclassified#.fastq" 		--output "/scratch/prj/aef_forensic_metagenomics/zymobiomics_folder/processed_data/metagenomic/kraken2/ZC2_S5.kraken2" --use-names "/scratch/prj/aef_forensic_metagenomics/zymobiomics_folder/processed_data/metagenomic/filtered_fastq/ZC2_S5_metagenomic.1" "/scratch/prj/aef_forensic_metagenomics/zymobiomics_folder/processed_data/metagenomic/filtered_fastq/ZC2_S5_metagenomic.2" 2>&1
Loading database information... done.
267582 sequences (38.37 Mbp) processed in 1.368s (11732.6 Kseq/m, 1682.28 Mbp/m).
  246340 sequences classified (92.06%)
  21242 sequences unclassified (7.94%)
✅  Classification complete.

Estimating species abundance with Bracken...
 >> Checking for Valid Options...
 >> Running Bracken 
      >> python src/est_abundance.py -i /scratch/prj/aef_forensic_metagenomics/zymobiomics_folder/results/runs/run_1306_1311/reports/ZC2_S5.k2report -o /scratch/prj/aef_forensic_metagenomics/zymobiomics_folder/processed_data/metagenomic/bracken/ZC2_S5.bracken -k /scratch/prj/aef_forensic_metagenomics/data/databases/k2_pluspfp_20250402/database100mers.kmer_distrib -l S -t 40
>> Checking report file: /scratch/prj/aef_forensic_metagenomics/zymobiomics_folder/results/runs/run_1306_1311/reports/ZC2_S5.k2report
PROGRAM START TIME: 06-13-2025 12:22:17
BRACKEN SUMMARY (Kraken report: /scratch/prj/aef_forensic_metagenomics/zymobiomics_folder/results/runs/run_1306_1311/reports/ZC2_S5.k2report)
    >>> Threshold: 40 
    >>> Number of species in sample: 408 
	  >> Number of species with reads > threshold: 18 
	  >> Number of species with reads < threshold: 390 
    >>> Total reads in sample: 267582
	  >> Total reads kept at species level (reads > threshold): 85050
	  >> Total reads discarded (species reads < threshold): 1210
	  >> Reads distributed: 159879
	  >> Reads not distributed (eg. no species above threshold): 201
	  >> Unclassified reads: 21242
BRACKEN OUTPUT PRODUCED: /scratch/prj/aef_forensic_metagenomics/zymobiomics_folder/processed_data/metagenomic/bracken/ZC2_S5.bracken
PROGRAM END TIME: 06-13-2025 12:22:17
  Bracken complete.
✅  Abundance estimated.

Generating Krona visualization...
Writing /scratch/prj/aef_forensic_metagenomics/zymobiomics_folder/results/runs/run_1306_1311/krona/ZC2_S5.krona.html...
✅  Krona plot generated.

Processing sample: ZC3_S6

Classifying metagenomic reads with Kraken2...
kraken2 --db "/scratch/prj/aef_forensic_metagenomics/data/databases/k2_pluspfp_20250402" --threads 8 --report "/scratch/prj/aef_forensic_metagenomics/zymobiomics_folder/results/runs/run_1306_1311/reports/ZC3_S6.k2report" 		--report-minimizer-data --paired --minimum-hit-groups 4 		--classified-out "/scratch/prj/aef_forensic_metagenomics/zymobiomics_folder/processed_data/metagenomic/classified/ZC3_S6_classified#.fastq" --unclassified-out "/scratch/prj/aef_forensic_metagenomics/zymobiomics_folder/processed_data/metagenomic/unclassified/ZC3_S6_unclassified#.fastq" 		--output "/scratch/prj/aef_forensic_metagenomics/zymobiomics_folder/processed_data/metagenomic/kraken2/ZC3_S6.kraken2" --use-names "/scratch/prj/aef_forensic_metagenomics/zymobiomics_folder/processed_data/metagenomic/filtered_fastq/ZC3_S6_metagenomic.1" "/scratch/prj/aef_forensic_metagenomics/zymobiomics_folder/processed_data/metagenomic/filtered_fastq/ZC3_S6_metagenomic.2" 2>&1
Loading database information...