
================================================= ARGUMENT PARSING & VALIDATION =================================================

⚠️  No Bowtie2 index provided. Using default.
⚠️  No adapter file provided. Using default.
===== Pipeline Configuration Summary =====
Raw FASTQ directory path: ../long_RP1/raw_data/
Kraken2/Bracken Database: ../data/databases/k2_core_nt_20240904/
Ground Truth: Not provided ❌
Quality Control & Trimming: Enabled ✅ (Adapter: /scratch/prj/aef_forensic_metagenomics/data/adapters/TruSeq3-PE-2.fa)
Host DNA Removal: Enabled ✅ (Index: /scratch/prj/aef_forensic_metagenomics/data/bowtie_index/GRCh38_noalt_as/GRCh38_noalt_as)

================================================= CONDA ENVIRONMENT ACTIVATION ==================================================

✅ 'metagenomics' environment activated successfully.

====================================================== PROJECT STRUCTURE ======================================================

../long_RP1
├── processed_data
│   ├── human
│   │   ├── aligned_sam
│   │   ├── bed_files
│   │   └── sorted_bam
│   ├── metagenomic
│   │   ├── bracken
│   │   ├── classified
│   │   ├── filtered_fastq
│   │   ├── kraken2
│   │   └── unclassified
│   └── trimmed
│       ├── paired
│       └── unpaired
├── raw_data
└── results
    ├── fastqc
    │   ├── post_trimming
    │   └── pre_trimming
    ├── host_dna_analysis
    └── runs
        ├── run_2206_1816
        └── run_2206_2357

23 directories
Human DNA-related files (SAM, BAM, and BED) in the 'human' directory are created once per sub-project and remain unchanged across runs.
Intermediate metagenomic files in the 'metagenomic' directory are overwritten with each run and should be inspected beforehand if desired.
Results are stored in the 'results' directory (including FastQC, host DNA analysis, and run-specific results like Kraken2 and Bracken).

=================================================== QUALITY CONTROL & TRIMMING ===================================================


Running FastQC on all raw reads...
✅ FastQC completed successfully.

/// MultiQC 🔍 v1.28

     version_check | MultiQC Version v1.29 now available!
       file_search | Search path: /cephfs/volumes/hpc_data_prj/aef_forensic_metagenomics/08802aa9-726d-448b-82fb-de4fd3419dc2/long_RP1/results/fastqc/pre_trimming

            fastqc | Found 76 reports

     write_results | Existing reports found, adding suffix to filenames. Use '--force' to overwrite.
     write_results | Data        : None
     write_results | Report      : /cephfs/volumes/hpc_data_prj/aef_forensic_metagenomics/08802aa9-726d-448b-82fb-de4fd3419dc2/long_RP1/results/fastqc/pre_trimming/multiqc_report_1.html
           multiqc | MultiQC complete
✅ MultiQC report generated successfully.

Running Trimmomatic...
TrimmomaticPE: Started with arguments:
 -phred33 -threads 4 ../long_RP1/raw_data//A01_S1_L001_R1_001.fastq.gz ../long_RP1/raw_data//A01_S1_L001_R2_001.fastq.gz ../long_RP1/processed_data/trimmed/paired/A01_S1_R1_paired.fastq.gz ../long_RP1/processed_data/trimmed/unpaired/A01_S1_R1_unpaired.fastq.gz ../long_RP1/processed_data/trimmed/paired/A01_S1_R2_paired.fastq.gz ../long_RP1/processed_data/trimmed/unpaired/A01_S1_R2_unpaired.fastq.gz ILLUMINACLIP:/scratch/prj/aef_forensic_metagenomics/data/adapters/TruSeq3-PE-2.fa:2:30:10:8:true HEADCROP:5 LEADING:5 CROP:240 SLIDINGWINDOW:4:15 TRAILING:10 MINLEN:35
Using PrefixPair: 'TACACTCTTTCCCTACACGACGCTCTTCCGATCT' and 'GTGACTGGAGTTCAGACGTGTGCTCTTCCGATCT'
Using Long Clipping Sequence: 'AGATCGGAAGAGCGTCGTGTAGGGAAAGAGTGTA'
Using Long Clipping Sequence: 'AGATCGGAAGAGCACACGTCTGAACTCCAGTCAC'
Using Long Clipping Sequence: 'GTGACTGGAGTTCAGACGTGTGCTCTTCCGATCT'
Using Long Clipping Sequence: 'TACACTCTTTCCCTACACGACGCTCTTCCGATCT'
ILLUMINACLIP: Using 1 prefix pairs, 4 forward/reverse sequences, 0 forward only sequences, 0 reverse only sequences
Input Read Pairs: 348239 Both Surviving: 330761 (94.98%) Forward Only Surviving: 2587 (0.74%) Reverse Only Surviving: 768 (0.22%) Dropped: 14123 (4.06%)
TrimmomaticPE: Completed successfully
✅ Trimmed A01_S1!

TrimmomaticPE: Started with arguments:
 -phred33 -threads 4 ../long_RP1/raw_data//A02_S2_L001_R1_001.fastq.gz ../long_RP1/raw_data//A02_S2_L001_R2_001.fastq.gz ../long_RP1/processed_data/trimmed/paired/A02_S2_R1_paired.fastq.gz ../long_RP1/processed_data/trimmed/unpaired/A02_S2_R1_unpaired.fastq.gz ../long_RP1/processed_data/trimmed/paired/A02_S2_R2_paired.fastq.gz ../long_RP1/processed_data/trimmed/unpaired/A02_S2_R2_unpaired.fastq.gz ILLUMINACLIP:/scratch/prj/aef_forensic_metagenomics/data/adapters/TruSeq3-PE-2.fa:2:30:10:8:true HEADCROP:5 LEADING:5 CROP:240 SLIDINGWINDOW:4:15 TRAILING:10 MINLEN:35
Using PrefixPair: 'TACACTCTTTCCCTACACGACGCTCTTCCGATCT' and 'GTGACTGGAGTTCAGACGTGTGCTCTTCCGATCT'
Using Long Clipping Sequence: 'AGATCGGAAGAGCGTCGTGTAGGGAAAGAGTGTA'
Using Long Clipping Sequence: 'AGATCGGAAGAGCACACGTCTGAACTCCAGTCAC'
Using Long Clipping Sequence: 'GTGACTGGAGTTCAGACGTGTGCTCTTCCGATCT'
Using Long Clipping Sequence: 'TACACTCTTTCCCTACACGACGCTCTTCCGATCT'
ILLUMINACLIP: Using 1 prefix pairs, 4 forward/reverse sequences, 0 forward only sequences, 0 reverse only sequences
Input Read Pairs: 369819 Both Surviving: 281266 (76.06%) Forward Only Surviving: 2069 (0.56%) Reverse Only Surviving: 918 (0.25%) Dropped: 85566 (23.14%)
TrimmomaticPE: Completed successfully
✅ Trimmed A02_S2!

TrimmomaticPE: Started with arguments:
 -phred33 -threads 4 ../long_RP1/raw_data//A03_S3_L001_R1_001.fastq.gz ../long_RP1/raw_data//A03_S3_L001_R2_001.fastq.gz ../long_RP1/processed_data/trimmed/paired/A03_S3_R1_paired.fastq.gz ../long_RP1/processed_data/trimmed/unpaired/A03_S3_R1_unpaired.fastq.gz ../long_RP1/processed_data/trimmed/paired/A03_S3_R2_paired.fastq.gz ../long_RP1/processed_data/trimmed/unpaired/A03_S3_R2_unpaired.fastq.gz ILLUMINACLIP:/scratch/prj/aef_forensic_metagenomics/data/adapters/TruSeq3-PE-2.fa:2:30:10:8:true HEADCROP:5 LEADING:5 CROP:240 SLIDINGWINDOW:4:15 TRAILING:10 MINLEN:35
Using PrefixPair: 'TACACTCTTTCCCTACACGACGCTCTTCCGATCT' and 'GTGACTGGAGTTCAGACGTGTGCTCTTCCGATCT'
Using Long Clipping Sequence: 'AGATCGGAAGAGCGTCGTGTAGGGAAAGAGTGTA'
Using Long Clipping Sequence: 'AGATCGGAAGAGCACACGTCTGAACTCCAGTCAC'
Using Long Clipping Sequence: 'GTGACTGGAGTTCAGACGTGTGCTCTTCCGATCT'
Using Long Clipping Sequence: 'TACACTCTTTCCCTACACGACGCTCTTCCGATCT'
ILLUMINACLIP: Using 1 prefix pairs, 4 forward/reverse sequences, 0 forward only sequences, 0 reverse only sequences
Input Read Pairs: 403288 Both Surviving: 356541 (88.41%) Forward Only Surviving: 2392 (0.59%) Reverse Only Surviving: 1010 (0.25%) Dropped: 43345 (10.75%)
TrimmomaticPE: Completed successfully
✅ Trimmed A03_S3!

TrimmomaticPE: Started with arguments:
 -phred33 -threads 4 ../long_RP1/raw_data//A04_S4_L001_R1_001.fastq.gz ../long_RP1/raw_data//A04_S4_L001_R2_001.fastq.gz ../long_RP1/processed_data/trimmed/paired/A04_S4_R1_paired.fastq.gz ../long_RP1/processed_data/trimmed/unpaired/A04_S4_R1_unpaired.fastq.gz ../long_RP1/processed_data/trimmed/paired/A04_S4_R2_paired.fastq.gz ../long_RP1/processed_data/trimmed/unpaired/A04_S4_R2_unpaired.fastq.gz ILLUMINACLIP:/scratch/prj/aef_forensic_metagenomics/data/adapters/TruSeq3-PE-2.fa:2:30:10:8:true HEADCROP:5 LEADING:5 CROP:240 SLIDINGWINDOW:4:15 TRAILING:10 MINLEN:35
Using PrefixPair: 'TACACTCTTTCCCTACACGACGCTCTTCCGATCT' and 'GTGACTGGAGTTCAGACGTGTGCTCTTCCGATCT'
Using Long Clipping Sequence: 'AGATCGGAAGAGCGTCGTGTAGGGAAAGAGTGTA'
Using Long Clipping Sequence: 'AGATCGGAAGAGCACACGTCTGAACTCCAGTCAC'
Using Long Clipping Sequence: 'GTGACTGGAGTTCAGACGTGTGCTCTTCCGATCT'
Using Long Clipping Sequence: 'TACACTCTTTCCCTACACGACGCTCTTCCGATCT'
ILLUMINACLIP: Using 1 prefix pairs, 4 forward/reverse sequences, 0 forward only sequences, 0 reverse only sequences
Input Read Pairs: 196760 Both Surviving: 186777 (94.93%) Forward Only Surviving: 1729 (0.88%) Reverse Only Surviving: 440 (0.22%) Dropped: 7814 (3.97%)
TrimmomaticPE: Completed successfully
✅ Trimmed A04_S4!

TrimmomaticPE: Started with arguments:
 -phred33 -threads 4 ../long_RP1/raw_data//A05_S5_L001_R1_001.fastq.gz ../long_RP1/raw_data//A05_S5_L001_R2_001.fastq.gz ../long_RP1/processed_data/trimmed/paired/A05_S5_R1_paired.fastq.gz ../long_RP1/processed_data/trimmed/unpaired/A05_S5_R1_unpaired.fastq.gz ../long_RP1/processed_data/trimmed/paired/A05_S5_R2_paired.fastq.gz ../long_RP1/processed_data/trimmed/unpaired/A05_S5_R2_unpaired.fastq.gz ILLUMINACLIP:/scratch/prj/aef_forensic_metagenomics/data/adapters/TruSeq3-PE-2.fa:2:30:10:8:true HEADCROP:5 LEADING:5 CROP:240 SLIDINGWINDOW:4:15 TRAILING:10 MINLEN:35
Using PrefixPair: 'TACACTCTTTCCCTACACGACGCTCTTCCGATCT' and 'GTGACTGGAGTTCAGACGTGTGCTCTTCCGATCT'
Using Long Clipping Sequence: 'AGATCGGAAGAGCGTCGTGTAGGGAAAGAGTGTA'
Using Long Clipping Sequence: 'AGATCGGAAGAGCACACGTCTGAACTCCAGTCAC'
Using Long Clipping Sequence: 'GTGACTGGAGTTCAGACGTGTGCTCTTCCGATCT'
Using Long Clipping Sequence: 'TACACTCTTTCCCTACACGACGCTCTTCCGATCT'
ILLUMINACLIP: Using 1 prefix pairs, 4 forward/reverse sequences, 0 forward only sequences, 0 reverse only sequences
Input Read Pairs: 348184 Both Surviving: 330215 (94.84%) Forward Only Surviving: 1822 (0.52%) Reverse Only Surviving: 803 (0.23%) Dropped: 15344 (4.41%)
TrimmomaticPE: Completed successfully
✅ Trimmed A05_S5!

TrimmomaticPE: Started with arguments:
 -phred33 -threads 4 ../long_RP1/raw_data//A06_S6_L001_R1_001.fastq.gz ../long_RP1/raw_data//A06_S6_L001_R2_001.fastq.gz ../long_RP1/processed_data/trimmed/paired/A06_S6_R1_paired.fastq.gz ../long_RP1/processed_data/trimmed/unpaired/A06_S6_R1_unpaired.fastq.gz ../long_RP1/processed_data/trimmed/paired/A06_S6_R2_paired.fastq.gz ../long_RP1/processed_data/trimmed/unpaired/A06_S6_R2_unpaired.fastq.gz ILLUMINACLIP:/scratch/prj/aef_forensic_metagenomics/data/adapters/TruSeq3-PE-2.fa:2:30:10:8:true HEADCROP:5 LEADING:5 CROP:240 SLIDINGWINDOW:4:15 TRAILING:10 MINLEN:35
Using PrefixPair: 'TACACTCTTTCCCTACACGACGCTCTTCCGATCT' and 'GTGACTGGAGTTCAGACGTGTGCTCTTCCGATCT'
Using Long Clipping Sequence: 'AGATCGGAAGAGCGTCGTGTAGGGAAAGAGTGTA'
Using Long Clipping Sequence: 'AGATCGGAAGAGCACACGTCTGAACTCCAGTCAC'
Using Long Clipping Sequence: 'GTGACTGGAGTTCAGACGTGTGCTCTTCCGATCT'
Using Long Clipping Sequence: 'TACACTCTTTCCCTACACGACGCTCTTCCGATCT'
ILLUMINACLIP: Using 1 prefix pairs, 4 forward/reverse sequences, 0 forward only sequences, 0 reverse only sequences
Input Read Pairs: 154927 Both Surviving: 145690 (94.04%) Forward Only Surviving: 1624 (1.05%) Reverse Only Surviving: 277 (0.18%) Dropped: 7336 (4.74%)
TrimmomaticPE: Completed successfully
✅ Trimmed A06_S6!

TrimmomaticPE: Started with arguments:
 -phred33 -threads 4 ../long_RP1/raw_data//A07_S7_L001_R1_001.fastq.gz ../long_RP1/raw_data//A07_S7_L001_R2_001.fastq.gz ../long_RP1/processed_data/trimmed/paired/A07_S7_R1_paired.fastq.gz ../long_RP1/processed_data/trimmed/unpaired/A07_S7_R1_unpaired.fastq.gz ../long_RP1/processed_data/trimmed/paired/A07_S7_R2_paired.fastq.gz ../long_RP1/processed_data/trimmed/unpaired/A07_S7_R2_unpaired.fastq.gz ILLUMINACLIP:/scratch/prj/aef_forensic_metagenomics/data/adapters/TruSeq3-PE-2.fa:2:30:10:8:true HEADCROP:5 LEADING:5 CROP:240 SLIDINGWINDOW:4:15 TRAILING:10 MINLEN:35
Using PrefixPair: 'TACACTCTTTCCCTACACGACGCTCTTCCGATCT' and 'GTGACTGGAGTTCAGACGTGTGCTCTTCCGATCT'
Using Long Clipping Sequence: 'AGATCGGAAGAGCGTCGTGTAGGGAAAGAGTGTA'
Using Long Clipping Sequence: 'AGATCGGAAGAGCACACGTCTGAACTCCAGTCAC'
Using Long Clipping Sequence: 'GTGACTGGAGTTCAGACGTGTGCTCTTCCGATCT'
Using Long Clipping Sequence: 'TACACTCTTTCCCTACACGACGCTCTTCCGATCT'
ILLUMINACLIP: Using 1 prefix pairs, 4 forward/reverse sequences, 0 forward only sequences, 0 reverse only sequences
Input Read Pairs: 297011 Both Surviving: 237586 (79.99%) Forward Only Surviving: 1421 (0.48%) Reverse Only Surviving: 558 (0.19%) Dropped: 57446 (19.34%)
TrimmomaticPE: Completed successfully
✅ Trimmed A07_S7!

TrimmomaticPE: Started with arguments:
 -phred33 -threads 4 ../long_RP1/raw_data//A08_S8_L001_R1_001.fastq.gz ../long_RP1/raw_data//A08_S8_L001_R2_001.fastq.gz ../long_RP1/processed_data/trimmed/paired/A08_S8_R1_paired.fastq.gz ../long_RP1/processed_data/trimmed/unpaired/A08_S8_R1_unpaired.fastq.gz ../long_RP1/processed_data/trimmed/paired/A08_S8_R2_paired.fastq.gz ../long_RP1/processed_data/trimmed/unpaired/A08_S8_R2_unpaired.fastq.gz ILLUMINACLIP:/scratch/prj/aef_forensic_metagenomics/data/adapters/TruSeq3-PE-2.fa:2:30:10:8:true HEADCROP:5 LEADING:5 CROP:240 SLIDINGWINDOW:4:15 TRAILING:10 MINLEN:35
Using PrefixPair: 'TACACTCTTTCCCTACACGACGCTCTTCCGATCT' and 'GTGACTGGAGTTCAGACGTGTGCTCTTCCGATCT'
Using Long Clipping Sequence: 'AGATCGGAAGAGCGTCGTGTAGGGAAAGAGTGTA'
Using Long Clipping Sequence: 'AGATCGGAAGAGCACACGTCTGAACTCCAGTCAC'
Using Long Clipping Sequence: 'GTGACTGGAGTTCAGACGTGTGCTCTTCCGATCT'
Using Long Clipping Sequence: 'TACACTCTTTCCCTACACGACGCTCTTCCGATCT'
ILLUMINACLIP: Using 1 prefix pairs, 4 forward/reverse sequences, 0 forward only sequences, 0 reverse only sequences
Input Read Pairs: 543090 Both Surviving: 497943 (91.69%) Forward Only Surviving: 3121 (0.57%) Reverse Only Surviving: 994 (0.18%) Dropped: 41032 (7.56%)
TrimmomaticPE: Completed successfully
✅ Trimmed A08_S8!

TrimmomaticPE: Started with arguments:
 -phred33 -threads 4 ../long_RP1/raw_data//A09_S9_L001_R1_001.fastq.gz ../long_RP1/raw_data//A09_S9_L001_R2_001.fastq.gz ../long_RP1/processed_data/trimmed/paired/A09_S9_R1_paired.fastq.gz ../long_RP1/processed_data/trimmed/unpaired/A09_S9_R1_unpaired.fastq.gz ../long_RP1/processed_data/trimmed/paired/A09_S9_R2_paired.fastq.gz ../long_RP1/processed_data/trimmed/unpaired/A09_S9_R2_unpaired.fastq.gz ILLUMINACLIP:/scratch/prj/aef_forensic_metagenomics/data/adapters/TruSeq3-PE-2.fa:2:30:10:8:true HEADCROP:5 LEADING:5 CROP:240 SLIDINGWINDOW:4:15 TRAILING:10 MINLEN:35
Using PrefixPair: 'TACACTCTTTCCCTACACGACGCTCTTCCGATCT' and 'GTGACTGGAGTTCAGACGTGTGCTCTTCCGATCT'
Using Long Clipping Sequence: 'AGATCGGAAGAGCGTCGTGTAGGGAAAGAGTGTA'
Using Long Clipping Sequence: 'AGATCGGAAGAGCACACGTCTGAACTCCAGTCAC'
Using Long Clipping Sequence: 'GTGACTGGAGTTCAGACGTGTGCTCTTCCGATCT'
Using Long Clipping Sequence: 'TACACTCTTTCCCTACACGACGCTCTTCCGATCT'
ILLUMINACLIP: Using 1 prefix pairs, 4 forward/reverse sequences, 0 forward only sequences, 0 reverse only sequences
Input Read Pairs: 400208 Both Surviving: 385625 (96.36%) Forward Only Surviving: 4430 (1.11%) Reverse Only Surviving: 856 (0.21%) Dropped: 9297 (2.32%)
TrimmomaticPE: Completed successfully
✅ Trimmed A09_S9!

TrimmomaticPE: Started with arguments:
 -phred33 -threads 4 ../long_RP1/raw_data//A10_S10_L001_R1_001.fastq.gz ../long_RP1/raw_data//A10_S10_L001_R2_001.fastq.gz ../long_RP1/processed_data/trimmed/paired/A10_S10_R1_paired.fastq.gz ../long_RP1/processed_data/trimmed/unpaired/A10_S10_R1_unpaired.fastq.gz ../long_RP1/processed_data/trimmed/paired/A10_S10_R2_paired.fastq.gz ../long_RP1/processed_data/trimmed/unpaired/A10_S10_R2_unpaired.fastq.gz ILLUMINACLIP:/scratch/prj/aef_forensic_metagenomics/data/adapters/TruSeq3-PE-2.fa:2:30:10:8:true HEADCROP:5 LEADING:5 CROP:240 SLIDINGWINDOW:4:15 TRAILING:10 MINLEN:35
Using PrefixPair: 'TACACTCTTTCCCTACACGACGCTCTTCCGATCT' and 'GTGACTGGAGTTCAGACGTGTGCTCTTCCGATCT'
Using Long Clipping Sequence: 'AGATCGGAAGAGCGTCGTGTAGGGAAAGAGTGTA'
Using Long Clipping Sequence: 'AGATCGGAAGAGCACACGTCTGAACTCCAGTCAC'
Using Long Clipping Sequence: 'GTGACTGGAGTTCAGACGTGTGCTCTTCCGATCT'
Using Long Clipping Sequence: 'TACACTCTTTCCCTACACGACGCTCTTCCGATCT'
ILLUMINACLIP: Using 1 prefix pairs, 4 forward/reverse sequences, 0 forward only sequences, 0 reverse only sequences
Input Read Pairs: 270835 Both Surviving: 264566 (97.69%) Forward Only Surviving: 1642 (0.61%) Reverse Only Surviving: 448 (0.17%) Dropped: 4179 (1.54%)
TrimmomaticPE: Completed successfully
✅ Trimmed A10_S10!

TrimmomaticPE: Started with arguments:
 -phred33 -threads 4 ../long_RP1/raw_data//A11_S11_L001_R1_001.fastq.gz ../long_RP1/raw_data//A11_S11_L001_R2_001.fastq.gz ../long_RP1/processed_data/trimmed/paired/A11_S11_R1_paired.fastq.gz ../long_RP1/processed_data/trimmed/unpaired/A11_S11_R1_unpaired.fastq.gz ../long_RP1/processed_data/trimmed/paired/A11_S11_R2_paired.fastq.gz ../long_RP1/processed_data/trimmed/unpaired/A11_S11_R2_unpaired.fastq.gz ILLUMINACLIP:/scratch/prj/aef_forensic_metagenomics/data/adapters/TruSeq3-PE-2.fa:2:30:10:8:true HEADCROP:5 LEADING:5 CROP:240 SLIDINGWINDOW:4:15 TRAILING:10 MINLEN:35
Using PrefixPair: 'TACACTCTTTCCCTACACGACGCTCTTCCGATCT' and 'GTGACTGGAGTTCAGACGTGTGCTCTTCCGATCT'
Using Long Clipping Sequence: 'AGATCGGAAGAGCGTCGTGTAGGGAAAGAGTGTA'
Using Long Clipping Sequence: 'AGATCGGAAGAGCACACGTCTGAACTCCAGTCAC'
Using Long Clipping Sequence: 'GTGACTGGAGTTCAGACGTGTGCTCTTCCGATCT'
Using Long Clipping Sequence: 'TACACTCTTTCCCTACACGACGCTCTTCCGATCT'
ILLUMINACLIP: Using 1 prefix pairs, 4 forward/reverse sequences, 0 forward only sequences, 0 reverse only sequences
Input Read Pairs: 466442 Both Surviving: 455357 (97.62%) Forward Only Surviving: 3160 (0.68%) Reverse Only Surviving: 741 (0.16%) Dropped: 7184 (1.54%)
TrimmomaticPE: Completed successfully
✅ Trimmed A11_S11!

TrimmomaticPE: Started with arguments:
 -phred33 -threads 4 ../long_RP1/raw_data//A12_S12_L001_R1_001.fastq.gz ../long_RP1/raw_data//A12_S12_L001_R2_001.fastq.gz ../long_RP1/processed_data/trimmed/paired/A12_S12_R1_paired.fastq.gz ../long_RP1/processed_data/trimmed/unpaired/A12_S12_R1_unpaired.fastq.gz ../long_RP1/processed_data/trimmed/paired/A12_S12_R2_paired.fastq.gz ../long_RP1/processed_data/trimmed/unpaired/A12_S12_R2_unpaired.fastq.gz ILLUMINACLIP:/scratch/prj/aef_forensic_metagenomics/data/adapters/TruSeq3-PE-2.fa:2:30:10:8:true HEADCROP:5 LEADING:5 CROP:240 SLIDINGWINDOW:4:15 TRAILING:10 MINLEN:35
Using PrefixPair: 'TACACTCTTTCCCTACACGACGCTCTTCCGATCT' and 'GTGACTGGAGTTCAGACGTGTGCTCTTCCGATCT'
Using Long Clipping Sequence: 'AGATCGGAAGAGCGTCGTGTAGGGAAAGAGTGTA'
Using Long Clipping Sequence: 'AGATCGGAAGAGCACACGTCTGAACTCCAGTCAC'
Using Long Clipping Sequence: 'GTGACTGGAGTTCAGACGTGTGCTCTTCCGATCT'
Using Long Clipping Sequence: 'TACACTCTTTCCCTACACGACGCTCTTCCGATCT'
ILLUMINACLIP: Using 1 prefix pairs, 4 forward/reverse sequences, 0 forward only sequences, 0 reverse only sequences
Input Read Pairs: 428761 Both Surviving: 400701 (93.46%) Forward Only Surviving: 3810 (0.89%) Reverse Only Surviving: 1019 (0.24%) Dropped: 23231 (5.42%)
TrimmomaticPE: Completed successfully
✅ Trimmed A12_S12!

TrimmomaticPE: Started with arguments:
 -phred33 -threads 4 ../long_RP1/raw_data//B01_S13_L001_R1_001.fastq.gz ../long_RP1/raw_data//B01_S13_L001_R2_001.fastq.gz ../long_RP1/processed_data/trimmed/paired/B01_S13_R1_paired.fastq.gz ../long_RP1/processed_data/trimmed/unpaired/B01_S13_R1_unpaired.fastq.gz ../long_RP1/processed_data/trimmed/paired/B01_S13_R2_paired.fastq.gz ../long_RP1/processed_data/trimmed/unpaired/B01_S13_R2_unpaired.fastq.gz ILLUMINACLIP:/scratch/prj/aef_forensic_metagenomics/data/adapters/TruSeq3-PE-2.fa:2:30:10:8:true HEADCROP:5 LEADING:5 CROP:240 SLIDINGWINDOW:4:15 TRAILING:10 MINLEN:35
Using PrefixPair: 'TACACTCTTTCCCTACACGACGCTCTTCCGATCT' and 'GTGACTGGAGTTCAGACGTGTGCTCTTCCGATCT'
Using Long Clipping Sequence: 'AGATCGGAAGAGCGTCGTGTAGGGAAAGAGTGTA'
Using Long Clipping Sequence: 'AGATCGGAAGAGCACACGTCTGAACTCCAGTCAC'
Using Long Clipping Sequence: 'GTGACTGGAGTTCAGACGTGTGCTCTTCCGATCT'
Using Long Clipping Sequence: 'TACACTCTTTCCCTACACGACGCTCTTCCGATCT'
ILLUMINACLIP: Using 1 prefix pairs, 4 forward/reverse sequences, 0 forward only sequences, 0 reverse only sequences
Input Read Pairs: 130686 Both Surviving: 127118 (97.27%) Forward Only Surviving: 1175 (0.90%) Reverse Only Surviving: 309 (0.24%) Dropped: 2084 (1.59%)
TrimmomaticPE: Completed successfully
✅ Trimmed B01_S13!

TrimmomaticPE: Started with arguments:
 -phred33 -threads 4 ../long_RP1/raw_data//B02_S14_L001_R1_001.fastq.gz ../long_RP1/raw_data//B02_S14_L001_R2_001.fastq.gz ../long_RP1/processed_data/trimmed/paired/B02_S14_R1_paired.fastq.gz ../long_RP1/processed_data/trimmed/unpaired/B02_S14_R1_unpaired.fastq.gz ../long_RP1/processed_data/trimmed/paired/B02_S14_R2_paired.fastq.gz ../long_RP1/processed_data/trimmed/unpaired/B02_S14_R2_unpaired.fastq.gz ILLUMINACLIP:/scratch/prj/aef_forensic_metagenomics/data/adapters/TruSeq3-PE-2.fa:2:30:10:8:true HEADCROP:5 LEADING:5 CROP:240 SLIDINGWINDOW:4:15 TRAILING:10 MINLEN:35
Using PrefixPair: 'TACACTCTTTCCCTACACGACGCTCTTCCGATCT' and 'GTGACTGGAGTTCAGACGTGTGCTCTTCCGATCT'
Using Long Clipping Sequence: 'AGATCGGAAGAGCGTCGTGTAGGGAAAGAGTGTA'
Using Long Clipping Sequence: 'AGATCGGAAGAGCACACGTCTGAACTCCAGTCAC'
Using Long Clipping Sequence: 'GTGACTGGAGTTCAGACGTGTGCTCTTCCGATCT'
Using Long Clipping Sequence: 'TACACTCTTTCCCTACACGACGCTCTTCCGATCT'
ILLUMINACLIP: Using 1 prefix pairs, 4 forward/reverse sequences, 0 forward only sequences, 0 reverse only sequences
Input Read Pairs: 308753 Both Surviving: 295022 (95.55%) Forward Only Surviving: 3034 (0.98%) Reverse Only Surviving: 558 (0.18%) Dropped: 10139 (3.28%)
TrimmomaticPE: Completed successfully
✅ Trimmed B02_S14!

TrimmomaticPE: Started with arguments:
 -phred33 -threads 4 ../long_RP1/raw_data//B03_S15_L001_R1_001.fastq.gz ../long_RP1/raw_data//B03_S15_L001_R2_001.fastq.gz ../long_RP1/processed_data/trimmed/paired/B03_S15_R1_paired.fastq.gz ../long_RP1/processed_data/trimmed/unpaired/B03_S15_R1_unpaired.fastq.gz ../long_RP1/processed_data/trimmed/paired/B03_S15_R2_paired.fastq.gz ../long_RP1/processed_data/trimmed/unpaired/B03_S15_R2_unpaired.fastq.gz ILLUMINACLIP:/scratch/prj/aef_forensic_metagenomics/data/adapters/TruSeq3-PE-2.fa:2:30:10:8:true HEADCROP:5 LEADING:5 CROP:240 SLIDINGWINDOW:4:15 TRAILING:10 MINLEN:35
Using PrefixPair: 'TACACTCTTTCCCTACACGACGCTCTTCCGATCT' and 'GTGACTGGAGTTCAGACGTGTGCTCTTCCGATCT'
Using Long Clipping Sequence: 'AGATCGGAAGAGCGTCGTGTAGGGAAAGAGTGTA'
Using Long Clipping Sequence: 'AGATCGGAAGAGCACACGTCTGAACTCCAGTCAC'
Using Long Clipping Sequence: 'GTGACTGGAGTTCAGACGTGTGCTCTTCCGATCT'
Using Long Clipping Sequence: 'TACACTCTTTCCCTACACGACGCTCTTCCGATCT'
ILLUMINACLIP: Using 1 prefix pairs, 4 forward/reverse sequences, 0 forward only sequences, 0 reverse only sequences
Input Read Pairs: 84 Both Surviving: 78 (92.86%) Forward Only Surviving: 0 (0.00%) Reverse Only Surviving: 0 (0.00%) Dropped: 6 (7.14%)
TrimmomaticPE: Completed successfully
✅ Trimmed B03_S15!

TrimmomaticPE: Started with arguments:
 -phred33 -threads 4 ../long_RP1/raw_data//B04_S16_L001_R1_001.fastq.gz ../long_RP1/raw_data//B04_S16_L001_R2_001.fastq.gz ../long_RP1/processed_data/trimmed/paired/B04_S16_R1_paired.fastq.gz ../long_RP1/processed_data/trimmed/unpaired/B04_S16_R1_unpaired.fastq.gz ../long_RP1/processed_data/trimmed/paired/B04_S16_R2_paired.fastq.gz ../long_RP1/processed_data/trimmed/unpaired/B04_S16_R2_unpaired.fastq.gz ILLUMINACLIP:/scratch/prj/aef_forensic_metagenomics/data/adapters/TruSeq3-PE-2.fa:2:30:10:8:true HEADCROP:5 LEADING:5 CROP:240 SLIDINGWINDOW:4:15 TRAILING:10 MINLEN:35
Using PrefixPair: 'TACACTCTTTCCCTACACGACGCTCTTCCGATCT' and 'GTGACTGGAGTTCAGACGTGTGCTCTTCCGATCT'
Using Long Clipping Sequence: 'AGATCGGAAGAGCGTCGTGTAGGGAAAGAGTGTA'
Using Long Clipping Sequence: 'AGATCGGAAGAGCACACGTCTGAACTCCAGTCAC'
Using Long Clipping Sequence: 'GTGACTGGAGTTCAGACGTGTGCTCTTCCGATCT'
Using Long Clipping Sequence: 'TACACTCTTTCCCTACACGACGCTCTTCCGATCT'
ILLUMINACLIP: Using 1 prefix pairs, 4 forward/reverse sequences, 0 forward only sequences, 0 reverse only sequences
Input Read Pairs: 305231 Both Surviving: 280453 (91.88%) Forward Only Surviving: 1870 (0.61%) Reverse Only Surviving: 643 (0.21%) Dropped: 22265 (7.29%)
TrimmomaticPE: Completed successfully
✅ Trimmed B04_S16!

TrimmomaticPE: Started with arguments:
 -phred33 -threads 4 ../long_RP1/raw_data//B05_S17_L001_R1_001.fastq.gz ../long_RP1/raw_data//B05_S17_L001_R2_001.fastq.gz ../long_RP1/processed_data/trimmed/paired/B05_S17_R1_paired.fastq.gz ../long_RP1/processed_data/trimmed/unpaired/B05_S17_R1_unpaired.fastq.gz ../long_RP1/processed_data/trimmed/paired/B05_S17_R2_paired.fastq.gz ../long_RP1/processed_data/trimmed/unpaired/B05_S17_R2_unpaired.fastq.gz ILLUMINACLIP:/scratch/prj/aef_forensic_metagenomics/data/adapters/TruSeq3-PE-2.fa:2:30:10:8:true HEADCROP:5 LEADING:5 CROP:240 SLIDINGWINDOW:4:15 TRAILING:10 MINLEN:35
Using PrefixPair: 'TACACTCTTTCCCTACACGACGCTCTTCCGATCT' and 'GTGACTGGAGTTCAGACGTGTGCTCTTCCGATCT'
Using Long Clipping Sequence: 'AGATCGGAAGAGCGTCGTGTAGGGAAAGAGTGTA'
Using Long Clipping Sequence: 'AGATCGGAAGAGCACACGTCTGAACTCCAGTCAC'
Using Long Clipping Sequence: 'GTGACTGGAGTTCAGACGTGTGCTCTTCCGATCT'
Using Long Clipping Sequence: 'TACACTCTTTCCCTACACGACGCTCTTCCGATCT'
ILLUMINACLIP: Using 1 prefix pairs, 4 forward/reverse sequences, 0 forward only sequences, 0 reverse only sequences
Input Read Pairs: 817578 Both Surviving: 760255 (92.99%) Forward Only Surviving: 5274 (0.65%) Reverse Only Surviving: 1600 (0.20%) Dropped: 50449 (6.17%)
TrimmomaticPE: Completed successfully
✅ Trimmed B05_S17!

TrimmomaticPE: Started with arguments:
 -phred33 -threads 4 ../long_RP1/raw_data//B06_S18_L001_R1_001.fastq.gz ../long_RP1/raw_data//B06_S18_L001_R2_001.fastq.gz ../long_RP1/processed_data/trimmed/paired/B06_S18_R1_paired.fastq.gz ../long_RP1/processed_data/trimmed/unpaired/B06_S18_R1_unpaired.fastq.gz ../long_RP1/processed_data/trimmed/paired/B06_S18_R2_paired.fastq.gz ../long_RP1/processed_data/trimmed/unpaired/B06_S18_R2_unpaired.fastq.gz ILLUMINACLIP:/scratch/prj/aef_forensic_metagenomics/data/adapters/TruSeq3-PE-2.fa:2:30:10:8:true HEADCROP:5 LEADING:5 CROP:240 SLIDINGWINDOW:4:15 TRAILING:10 MINLEN:35
Using PrefixPair: 'TACACTCTTTCCCTACACGACGCTCTTCCGATCT' and 'GTGACTGGAGTTCAGACGTGTGCTCTTCCGATCT'
Using Long Clipping Sequence: 'AGATCGGAAGAGCGTCGTGTAGGGAAAGAGTGTA'
Using Long Clipping Sequence: 'AGATCGGAAGAGCACACGTCTGAACTCCAGTCAC'
Using Long Clipping Sequence: 'GTGACTGGAGTTCAGACGTGTGCTCTTCCGATCT'
Using Long Clipping Sequence: 'TACACTCTTTCCCTACACGACGCTCTTCCGATCT'
ILLUMINACLIP: Using 1 prefix pairs, 4 forward/reverse sequences, 0 forward only sequences, 0 reverse only sequences
Input Read Pairs: 302212 Both Surviving: 286237 (94.71%) Forward Only Surviving: 3064 (1.01%) Reverse Only Surviving: 895 (0.30%) Dropped: 12016 (3.98%)
TrimmomaticPE: Completed successfully
✅ Trimmed B06_S18!

TrimmomaticPE: Started with arguments:
 -phred33 -threads 4 ../long_RP1/raw_data//B07_S19_L001_R1_001.fastq.gz ../long_RP1/raw_data//B07_S19_L001_R2_001.fastq.gz ../long_RP1/processed_data/trimmed/paired/B07_S19_R1_paired.fastq.gz ../long_RP1/processed_data/trimmed/unpaired/B07_S19_R1_unpaired.fastq.gz ../long_RP1/processed_data/trimmed/paired/B07_S19_R2_paired.fastq.gz ../long_RP1/processed_data/trimmed/unpaired/B07_S19_R2_unpaired.fastq.gz ILLUMINACLIP:/scratch/prj/aef_forensic_metagenomics/data/adapters/TruSeq3-PE-2.fa:2:30:10:8:true HEADCROP:5 LEADING:5 CROP:240 SLIDINGWINDOW:4:15 TRAILING:10 MINLEN:35
Using PrefixPair: 'TACACTCTTTCCCTACACGACGCTCTTCCGATCT' and 'GTGACTGGAGTTCAGACGTGTGCTCTTCCGATCT'
Using Long Clipping Sequence: 'AGATCGGAAGAGCGTCGTGTAGGGAAAGAGTGTA'
Using Long Clipping Sequence: 'AGATCGGAAGAGCACACGTCTGAACTCCAGTCAC'
Using Long Clipping Sequence: 'GTGACTGGAGTTCAGACGTGTGCTCTTCCGATCT'
Using Long Clipping Sequence: 'TACACTCTTTCCCTACACGACGCTCTTCCGATCT'
ILLUMINACLIP: Using 1 prefix pairs, 4 forward/reverse sequences, 0 forward only sequences, 0 reverse only sequences
Input Read Pairs: 337 Both Surviving: 308 (91.39%) Forward Only Surviving: 1 (0.30%) Reverse Only Surviving: 0 (0.00%) Dropped: 28 (8.31%)
TrimmomaticPE: Completed successfully
✅ Trimmed B07_S19!

TrimmomaticPE: Started with arguments:
 -phred33 -threads 4 ../long_RP1/raw_data//B08_S20_L001_R1_001.fastq.gz ../long_RP1/raw_data//B08_S20_L001_R2_001.fastq.gz ../long_RP1/processed_data/trimmed/paired/B08_S20_R1_paired.fastq.gz ../long_RP1/processed_data/trimmed/unpaired/B08_S20_R1_unpaired.fastq.gz ../long_RP1/processed_data/trimmed/paired/B08_S20_R2_paired.fastq.gz ../long_RP1/processed_data/trimmed/unpaired/B08_S20_R2_unpaired.fastq.gz ILLUMINACLIP:/scratch/prj/aef_forensic_metagenomics/data/adapters/TruSeq3-PE-2.fa:2:30:10:8:true HEADCROP:5 LEADING:5 CROP:240 SLIDINGWINDOW:4:15 TRAILING:10 MINLEN:35
Using PrefixPair: 'TACACTCTTTCCCTACACGACGCTCTTCCGATCT' and 'GTGACTGGAGTTCAGACGTGTGCTCTTCCGATCT'
Using Long Clipping Sequence: 'AGATCGGAAGAGCGTCGTGTAGGGAAAGAGTGTA'
Using Long Clipping Sequence: 'AGATCGGAAGAGCACACGTCTGAACTCCAGTCAC'
Using Long Clipping Sequence: 'GTGACTGGAGTTCAGACGTGTGCTCTTCCGATCT'
Using Long Clipping Sequence: 'TACACTCTTTCCCTACACGACGCTCTTCCGATCT'
ILLUMINACLIP: Using 1 prefix pairs, 4 forward/reverse sequences, 0 forward only sequences, 0 reverse only sequences
Input Read Pairs: 199997 Both Surviving: 185280 (92.64%) Forward Only Surviving: 1914 (0.96%) Reverse Only Surviving: 451 (0.23%) Dropped: 12352 (6.18%)
TrimmomaticPE: Completed successfully
✅ Trimmed B08_S20!

TrimmomaticPE: Started with arguments:
 -phred33 -threads 4 ../long_RP1/raw_data//B09_S21_L001_R1_001.fastq.gz ../long_RP1/raw_data//B09_S21_L001_R2_001.fastq.gz ../long_RP1/processed_data/trimmed/paired/B09_S21_R1_paired.fastq.gz ../long_RP1/processed_data/trimmed/unpaired/B09_S21_R1_unpaired.fastq.gz ../long_RP1/processed_data/trimmed/paired/B09_S21_R2_paired.fastq.gz ../long_RP1/processed_data/trimmed/unpaired/B09_S21_R2_unpaired.fastq.gz ILLUMINACLIP:/scratch/prj/aef_forensic_metagenomics/data/adapters/TruSeq3-PE-2.fa:2:30:10:8:true HEADCROP:5 LEADING:5 CROP:240 SLIDINGWINDOW:4:15 TRAILING:10 MINLEN:35
Using PrefixPair: 'TACACTCTTTCCCTACACGACGCTCTTCCGATCT' and 'GTGACTGGAGTTCAGACGTGTGCTCTTCCGATCT'
Using Long Clipping Sequence: 'AGATCGGAAGAGCGTCGTGTAGGGAAAGAGTGTA'
Using Long Clipping Sequence: 'AGATCGGAAGAGCACACGTCTGAACTCCAGTCAC'
Using Long Clipping Sequence: 'GTGACTGGAGTTCAGACGTGTGCTCTTCCGATCT'
Using Long Clipping Sequence: 'TACACTCTTTCCCTACACGACGCTCTTCCGATCT'
ILLUMINACLIP: Using 1 prefix pairs, 4 forward/reverse sequences, 0 forward only sequences, 0 reverse only sequences
Input Read Pairs: 390025 Both Surviving: 364440 (93.44%) Forward Only Surviving: 2896 (0.74%) Reverse Only Surviving: 762 (0.20%) Dropped: 21927 (5.62%)
TrimmomaticPE: Completed successfully
✅ Trimmed B09_S21!

TrimmomaticPE: Started with arguments:
 -phred33 -threads 4 ../long_RP1/raw_data//B10_S22_L001_R1_001.fastq.gz ../long_RP1/raw_data//B10_S22_L001_R2_001.fastq.gz ../long_RP1/processed_data/trimmed/paired/B10_S22_R1_paired.fastq.gz ../long_RP1/processed_data/trimmed/unpaired/B10_S22_R1_unpaired.fastq.gz ../long_RP1/processed_data/trimmed/paired/B10_S22_R2_paired.fastq.gz ../long_RP1/processed_data/trimmed/unpaired/B10_S22_R2_unpaired.fastq.gz ILLUMINACLIP:/scratch/prj/aef_forensic_metagenomics/data/adapters/TruSeq3-PE-2.fa:2:30:10:8:true HEADCROP:5 LEADING:5 CROP:240 SLIDINGWINDOW:4:15 TRAILING:10 MINLEN:35
Using PrefixPair: 'TACACTCTTTCCCTACACGACGCTCTTCCGATCT' and 'GTGACTGGAGTTCAGACGTGTGCTCTTCCGATCT'
Using Long Clipping Sequence: 'AGATCGGAAGAGCGTCGTGTAGGGAAAGAGTGTA'
Using Long Clipping Sequence: 'AGATCGGAAGAGCACACGTCTGAACTCCAGTCAC'
Using Long Clipping Sequence: 'GTGACTGGAGTTCAGACGTGTGCTCTTCCGATCT'
Using Long Clipping Sequence: 'TACACTCTTTCCCTACACGACGCTCTTCCGATCT'
ILLUMINACLIP: Using 1 prefix pairs, 4 forward/reverse sequences, 0 forward only sequences, 0 reverse only sequences
Input Read Pairs: 314353 Both Surviving: 294627 (93.72%) Forward Only Surviving: 2505 (0.80%) Reverse Only Surviving: 747 (0.24%) Dropped: 16474 (5.24%)
TrimmomaticPE: Completed successfully
✅ Trimmed B10_S22!

TrimmomaticPE: Started with arguments:
 -phred33 -threads 4 ../long_RP1/raw_data//B11_S23_L001_R1_001.fastq.gz ../long_RP1/raw_data//B11_S23_L001_R2_001.fastq.gz ../long_RP1/processed_data/trimmed/paired/B11_S23_R1_paired.fastq.gz ../long_RP1/processed_data/trimmed/unpaired/B11_S23_R1_unpaired.fastq.gz ../long_RP1/processed_data/trimmed/paired/B11_S23_R2_paired.fastq.gz ../long_RP1/processed_data/trimmed/unpaired/B11_S23_R2_unpaired.fastq.gz ILLUMINACLIP:/scratch/prj/aef_forensic_metagenomics/data/adapters/TruSeq3-PE-2.fa:2:30:10:8:true HEADCROP:5 LEADING:5 CROP:240 SLIDINGWINDOW:4:15 TRAILING:10 MINLEN:35
Using PrefixPair: 'TACACTCTTTCCCTACACGACGCTCTTCCGATCT' and 'GTGACTGGAGTTCAGACGTGTGCTCTTCCGATCT'
Using Long Clipping Sequence: 'AGATCGGAAGAGCGTCGTGTAGGGAAAGAGTGTA'
Using Long Clipping Sequence: 'AGATCGGAAGAGCACACGTCTGAACTCCAGTCAC'
Using Long Clipping Sequence: 'GTGACTGGAGTTCAGACGTGTGCTCTTCCGATCT'
Using Long Clipping Sequence: 'TACACTCTTTCCCTACACGACGCTCTTCCGATCT'
ILLUMINACLIP: Using 1 prefix pairs, 4 forward/reverse sequences, 0 forward only sequences, 0 reverse only sequences
Input Read Pairs: 384514 Both Surviving: 361029 (93.89%) Forward Only Surviving: 2767 (0.72%) Reverse Only Surviving: 932 (0.24%) Dropped: 19786 (5.15%)
TrimmomaticPE: Completed successfully
✅ Trimmed B11_S23!

TrimmomaticPE: Started with arguments:
 -phred33 -threads 4 ../long_RP1/raw_data//B12_S24_L001_R1_001.fastq.gz ../long_RP1/raw_data//B12_S24_L001_R2_001.fastq.gz ../long_RP1/processed_data/trimmed/paired/B12_S24_R1_paired.fastq.gz ../long_RP1/processed_data/trimmed/unpaired/B12_S24_R1_unpaired.fastq.gz ../long_RP1/processed_data/trimmed/paired/B12_S24_R2_paired.fastq.gz ../long_RP1/processed_data/trimmed/unpaired/B12_S24_R2_unpaired.fastq.gz ILLUMINACLIP:/scratch/prj/aef_forensic_metagenomics/data/adapters/TruSeq3-PE-2.fa:2:30:10:8:true HEADCROP:5 LEADING:5 CROP:240 SLIDINGWINDOW:4:15 TRAILING:10 MINLEN:35
Using PrefixPair: 'TACACTCTTTCCCTACACGACGCTCTTCCGATCT' and 'GTGACTGGAGTTCAGACGTGTGCTCTTCCGATCT'
Using Long Clipping Sequence: 'AGATCGGAAGAGCGTCGTGTAGGGAAAGAGTGTA'
Using Long Clipping Sequence: 'AGATCGGAAGAGCACACGTCTGAACTCCAGTCAC'
Using Long Clipping Sequence: 'GTGACTGGAGTTCAGACGTGTGCTCTTCCGATCT'
Using Long Clipping Sequence: 'TACACTCTTTCCCTACACGACGCTCTTCCGATCT'
ILLUMINACLIP: Using 1 prefix pairs, 4 forward/reverse sequences, 0 forward only sequences, 0 reverse only sequences
Input Read Pairs: 115616 Both Surviving: 106626 (92.22%) Forward Only Surviving: 803 (0.69%) Reverse Only Surviving: 281 (0.24%) Dropped: 7906 (6.84%)
TrimmomaticPE: Completed successfully
✅ Trimmed B12_S24!

TrimmomaticPE: Started with arguments:
 -phred33 -threads 4 ../long_RP1/raw_data//Blank_S38_L001_R1_001.fastq.gz ../long_RP1/raw_data//Blank_S38_L001_R2_001.fastq.gz ../long_RP1/processed_data/trimmed/paired/Blank_S38_R1_paired.fastq.gz ../long_RP1/processed_data/trimmed/unpaired/Blank_S38_R1_unpaired.fastq.gz ../long_RP1/processed_data/trimmed/paired/Blank_S38_R2_paired.fastq.gz ../long_RP1/processed_data/trimmed/unpaired/Blank_S38_R2_unpaired.fastq.gz ILLUMINACLIP:/scratch/prj/aef_forensic_metagenomics/data/adapters/TruSeq3-PE-2.fa:2:30:10:8:true HEADCROP:5 LEADING:5 CROP:240 SLIDINGWINDOW:4:15 TRAILING:10 MINLEN:35
Using PrefixPair: 'TACACTCTTTCCCTACACGACGCTCTTCCGATCT' and 'GTGACTGGAGTTCAGACGTGTGCTCTTCCGATCT'
Using Long Clipping Sequence: 'AGATCGGAAGAGCGTCGTGTAGGGAAAGAGTGTA'
Using Long Clipping Sequence: 'AGATCGGAAGAGCACACGTCTGAACTCCAGTCAC'
Using Long Clipping Sequence: 'GTGACTGGAGTTCAGACGTGTGCTCTTCCGATCT'
Using Long Clipping Sequence: 'TACACTCTTTCCCTACACGACGCTCTTCCGATCT'
ILLUMINACLIP: Using 1 prefix pairs, 4 forward/reverse sequences, 0 forward only sequences, 0 reverse only sequences
Input Read Pairs: 344217 Both Surviving: 257177 (74.71%) Forward Only Surviving: 2021 (0.59%) Reverse Only Surviving: 665 (0.19%) Dropped: 84354 (24.51%)
TrimmomaticPE: Completed successfully
✅ Trimmed Blank_S38!

TrimmomaticPE: Started with arguments:
 -phred33 -threads 4 ../long_RP1/raw_data//C01_S25_L001_R1_001.fastq.gz ../long_RP1/raw_data//C01_S25_L001_R2_001.fastq.gz ../long_RP1/processed_data/trimmed/paired/C01_S25_R1_paired.fastq.gz ../long_RP1/processed_data/trimmed/unpaired/C01_S25_R1_unpaired.fastq.gz ../long_RP1/processed_data/trimmed/paired/C01_S25_R2_paired.fastq.gz ../long_RP1/processed_data/trimmed/unpaired/C01_S25_R2_unpaired.fastq.gz ILLUMINACLIP:/scratch/prj/aef_forensic_metagenomics/data/adapters/TruSeq3-PE-2.fa:2:30:10:8:true HEADCROP:5 LEADING:5 CROP:240 SLIDINGWINDOW:4:15 TRAILING:10 MINLEN:35
Using PrefixPair: 'TACACTCTTTCCCTACACGACGCTCTTCCGATCT' and 'GTGACTGGAGTTCAGACGTGTGCTCTTCCGATCT'
Using Long Clipping Sequence: 'AGATCGGAAGAGCGTCGTGTAGGGAAAGAGTGTA'
Using Long Clipping Sequence: 'AGATCGGAAGAGCACACGTCTGAACTCCAGTCAC'
Using Long Clipping Sequence: 'GTGACTGGAGTTCAGACGTGTGCTCTTCCGATCT'
Using Long Clipping Sequence: 'TACACTCTTTCCCTACACGACGCTCTTCCGATCT'
ILLUMINACLIP: Using 1 prefix pairs, 4 forward/reverse sequences, 0 forward only sequences, 0 reverse only sequences
Input Read Pairs: 422013 Both Surviving: 310381 (73.55%) Forward Only Surviving: 1702 (0.40%) Reverse Only Surviving: 670 (0.16%) Dropped: 109260 (25.89%)
TrimmomaticPE: Completed successfully
✅ Trimmed C01_S25!

TrimmomaticPE: Started with arguments:
 -phred33 -threads 4 ../long_RP1/raw_data//C02_S26_L001_R1_001.fastq.gz ../long_RP1/raw_data//C02_S26_L001_R2_001.fastq.gz ../long_RP1/processed_data/trimmed/paired/C02_S26_R1_paired.fastq.gz ../long_RP1/processed_data/trimmed/unpaired/C02_S26_R1_unpaired.fastq.gz ../long_RP1/processed_data/trimmed/paired/C02_S26_R2_paired.fastq.gz ../long_RP1/processed_data/trimmed/unpaired/C02_S26_R2_unpaired.fastq.gz ILLUMINACLIP:/scratch/prj/aef_forensic_metagenomics/data/adapters/TruSeq3-PE-2.fa:2:30:10:8:true HEADCROP:5 LEADING:5 CROP:240 SLIDINGWINDOW:4:15 TRAILING:10 MINLEN:35
Using PrefixPair: 'TACACTCTTTCCCTACACGACGCTCTTCCGATCT' and 'GTGACTGGAGTTCAGACGTGTGCTCTTCCGATCT'
Using Long Clipping Sequence: 'AGATCGGAAGAGCGTCGTGTAGGGAAAGAGTGTA'
Using Long Clipping Sequence: 'AGATCGGAAGAGCACACGTCTGAACTCCAGTCAC'
Using Long Clipping Sequence: 'GTGACTGGAGTTCAGACGTGTGCTCTTCCGATCT'
Using Long Clipping Sequence: 'TACACTCTTTCCCTACACGACGCTCTTCCGATCT'
ILLUMINACLIP: Using 1 prefix pairs, 4 forward/reverse sequences, 0 forward only sequences, 0 reverse only sequences
Input Read Pairs: 485954 Both Surviving: 369685 (76.07%) Forward Only Surviving: 2527 (0.52%) Reverse Only Surviving: 897 (0.18%) Dropped: 112845 (23.22%)
TrimmomaticPE: Completed successfully
✅ Trimmed C02_S26!

TrimmomaticPE: Started with arguments:
 -phred33 -threads 4 ../long_RP1/raw_data//C03_S27_L001_R1_001.fastq.gz ../long_RP1/raw_data//C03_S27_L001_R2_001.fastq.gz ../long_RP1/processed_data/trimmed/paired/C03_S27_R1_paired.fastq.gz ../long_RP1/processed_data/trimmed/unpaired/C03_S27_R1_unpaired.fastq.gz ../long_RP1/processed_data/trimmed/paired/C03_S27_R2_paired.fastq.gz ../long_RP1/processed_data/trimmed/unpaired/C03_S27_R2_unpaired.fastq.gz ILLUMINACLIP:/scratch/prj/aef_forensic_metagenomics/data/adapters/TruSeq3-PE-2.fa:2:30:10:8:true HEADCROP:5 LEADING:5 CROP:240 SLIDINGWINDOW:4:15 TRAILING:10 MINLEN:35
Using PrefixPair: 'TACACTCTTTCCCTACACGACGCTCTTCCGATCT' and 'GTGACTGGAGTTCAGACGTGTGCTCTTCCGATCT'
Using Long Clipping Sequence: 'AGATCGGAAGAGCGTCGTGTAGGGAAAGAGTGTA'
Using Long Clipping Sequence: 'AGATCGGAAGAGCACACGTCTGAACTCCAGTCAC'
Using Long Clipping Sequence: 'GTGACTGGAGTTCAGACGTGTGCTCTTCCGATCT'
Using Long Clipping Sequence: 'TACACTCTTTCCCTACACGACGCTCTTCCGATCT'
ILLUMINACLIP: Using 1 prefix pairs, 4 forward/reverse sequences, 0 forward only sequences, 0 reverse only sequences
Input Read Pairs: 343667 Both Surviving: 323212 (94.05%) Forward Only Surviving: 3180 (0.93%) Reverse Only Surviving: 573 (0.17%) Dropped: 16702 (4.86%)
TrimmomaticPE: Completed successfully
✅ Trimmed C03_S27!

TrimmomaticPE: Started with arguments:
 -phred33 -threads 4 ../long_RP1/raw_data//C04_S28_L001_R1_001.fastq.gz ../long_RP1/raw_data//C04_S28_L001_R2_001.fastq.gz ../long_RP1/processed_data/trimmed/paired/C04_S28_R1_paired.fastq.gz ../long_RP1/processed_data/trimmed/unpaired/C04_S28_R1_unpaired.fastq.gz ../long_RP1/processed_data/trimmed/paired/C04_S28_R2_paired.fastq.gz ../long_RP1/processed_data/trimmed/unpaired/C04_S28_R2_unpaired.fastq.gz ILLUMINACLIP:/scratch/prj/aef_forensic_metagenomics/data/adapters/TruSeq3-PE-2.fa:2:30:10:8:true HEADCROP:5 LEADING:5 CROP:240 SLIDINGWINDOW:4:15 TRAILING:10 MINLEN:35
Using PrefixPair: 'TACACTCTTTCCCTACACGACGCTCTTCCGATCT' and 'GTGACTGGAGTTCAGACGTGTGCTCTTCCGATCT'
Using Long Clipping Sequence: 'AGATCGGAAGAGCGTCGTGTAGGGAAAGAGTGTA'
Using Long Clipping Sequence: 'AGATCGGAAGAGCACACGTCTGAACTCCAGTCAC'
Using Long Clipping Sequence: 'GTGACTGGAGTTCAGACGTGTGCTCTTCCGATCT'
Using Long Clipping Sequence: 'TACACTCTTTCCCTACACGACGCTCTTCCGATCT'
ILLUMINACLIP: Using 1 prefix pairs, 4 forward/reverse sequences, 0 forward only sequences, 0 reverse only sequences
Input Read Pairs: 13 Both Surviving: 11 (84.62%) Forward Only Surviving: 0 (0.00%) Reverse Only Surviving: 0 (0.00%) Dropped: 2 (15.38%)
TrimmomaticPE: Completed successfully
✅ Trimmed C04_S28!

TrimmomaticPE: Started with arguments:
 -phred33 -threads 4 ../long_RP1/raw_data//C05_S29_L001_R1_001.fastq.gz ../long_RP1/raw_data//C05_S29_L001_R2_001.fastq.gz ../long_RP1/processed_data/trimmed/paired/C05_S29_R1_paired.fastq.gz ../long_RP1/processed_data/trimmed/unpaired/C05_S29_R1_unpaired.fastq.gz ../long_RP1/processed_data/trimmed/paired/C05_S29_R2_paired.fastq.gz ../long_RP1/processed_data/trimmed/unpaired/C05_S29_R2_unpaired.fastq.gz ILLUMINACLIP:/scratch/prj/aef_forensic_metagenomics/data/adapters/TruSeq3-PE-2.fa:2:30:10:8:true HEADCROP:5 LEADING:5 CROP:240 SLIDINGWINDOW:4:15 TRAILING:10 MINLEN:35
Using PrefixPair: 'TACACTCTTTCCCTACACGACGCTCTTCCGATCT' and 'GTGACTGGAGTTCAGACGTGTGCTCTTCCGATCT'
Using Long Clipping Sequence: 'AGATCGGAAGAGCGTCGTGTAGGGAAAGAGTGTA'
Using Long Clipping Sequence: 'AGATCGGAAGAGCACACGTCTGAACTCCAGTCAC'
Using Long Clipping Sequence: 'GTGACTGGAGTTCAGACGTGTGCTCTTCCGATCT'
Using Long Clipping Sequence: 'TACACTCTTTCCCTACACGACGCTCTTCCGATCT'
ILLUMINACLIP: Using 1 prefix pairs, 4 forward/reverse sequences, 0 forward only sequences, 0 reverse only sequences
Input Read Pairs: 246812 Both Surviving: 233254 (94.51%) Forward Only Surviving: 1467 (0.59%) Reverse Only Surviving: 476 (0.19%) Dropped: 11615 (4.71%)
TrimmomaticPE: Completed successfully
✅ Trimmed C05_S29!

TrimmomaticPE: Started with arguments:
 -phred33 -threads 4 ../long_RP1/raw_data//C06_S30_L001_R1_001.fastq.gz ../long_RP1/raw_data//C06_S30_L001_R2_001.fastq.gz ../long_RP1/processed_data/trimmed/paired/C06_S30_R1_paired.fastq.gz ../long_RP1/processed_data/trimmed/unpaired/C06_S30_R1_unpaired.fastq.gz ../long_RP1/processed_data/trimmed/paired/C06_S30_R2_paired.fastq.gz ../long_RP1/processed_data/trimmed/unpaired/C06_S30_R2_unpaired.fastq.gz ILLUMINACLIP:/scratch/prj/aef_forensic_metagenomics/data/adapters/TruSeq3-PE-2.fa:2:30:10:8:true HEADCROP:5 LEADING:5 CROP:240 SLIDINGWINDOW:4:15 TRAILING:10 MINLEN:35
Using PrefixPair: 'TACACTCTTTCCCTACACGACGCTCTTCCGATCT' and 'GTGACTGGAGTTCAGACGTGTGCTCTTCCGATCT'
Using Long Clipping Sequence: 'AGATCGGAAGAGCGTCGTGTAGGGAAAGAGTGTA'
Using Long Clipping Sequence: 'AGATCGGAAGAGCACACGTCTGAACTCCAGTCAC'
Using Long Clipping Sequence: 'GTGACTGGAGTTCAGACGTGTGCTCTTCCGATCT'
Using Long Clipping Sequence: 'TACACTCTTTCCCTACACGACGCTCTTCCGATCT'
ILLUMINACLIP: Using 1 prefix pairs, 4 forward/reverse sequences, 0 forward only sequences, 0 reverse only sequences
Input Read Pairs: 416627 Both Surviving: 320737 (76.98%) Forward Only Surviving: 2250 (0.54%) Reverse Only Surviving: 832 (0.20%) Dropped: 92808 (22.28%)
TrimmomaticPE: Completed successfully
✅ Trimmed C06_S30!

TrimmomaticPE: Started with arguments:
 -phred33 -threads 4 ../long_RP1/raw_data//C07_S31_L001_R1_001.fastq.gz ../long_RP1/raw_data//C07_S31_L001_R2_001.fastq.gz ../long_RP1/processed_data/trimmed/paired/C07_S31_R1_paired.fastq.gz ../long_RP1/processed_data/trimmed/unpaired/C07_S31_R1_unpaired.fastq.gz ../long_RP1/processed_data/trimmed/paired/C07_S31_R2_paired.fastq.gz ../long_RP1/processed_data/trimmed/unpaired/C07_S31_R2_unpaired.fastq.gz ILLUMINACLIP:/scratch/prj/aef_forensic_metagenomics/data/adapters/TruSeq3-PE-2.fa:2:30:10:8:true HEADCROP:5 LEADING:5 CROP:240 SLIDINGWINDOW:4:15 TRAILING:10 MINLEN:35
Using PrefixPair: 'TACACTCTTTCCCTACACGACGCTCTTCCGATCT' and 'GTGACTGGAGTTCAGACGTGTGCTCTTCCGATCT'
Using Long Clipping Sequence: 'AGATCGGAAGAGCGTCGTGTAGGGAAAGAGTGTA'
Using Long Clipping Sequence: 'AGATCGGAAGAGCACACGTCTGAACTCCAGTCAC'
Using Long Clipping Sequence: 'GTGACTGGAGTTCAGACGTGTGCTCTTCCGATCT'
Using Long Clipping Sequence: 'TACACTCTTTCCCTACACGACGCTCTTCCGATCT'
ILLUMINACLIP: Using 1 prefix pairs, 4 forward/reverse sequences, 0 forward only sequences, 0 reverse only sequences
Input Read Pairs: 28589 Both Surviving: 22265 (77.88%) Forward Only Surviving: 112 (0.39%) Reverse Only Surviving: 40 (0.14%) Dropped: 6172 (21.59%)
TrimmomaticPE: Completed successfully
✅ Trimmed C07_S31!

TrimmomaticPE: Started with arguments:
 -phred33 -threads 4 ../long_RP1/raw_data//C08_S32_L001_R1_001.fastq.gz ../long_RP1/raw_data//C08_S32_L001_R2_001.fastq.gz ../long_RP1/processed_data/trimmed/paired/C08_S32_R1_paired.fastq.gz ../long_RP1/processed_data/trimmed/unpaired/C08_S32_R1_unpaired.fastq.gz ../long_RP1/processed_data/trimmed/paired/C08_S32_R2_paired.fastq.gz ../long_RP1/processed_data/trimmed/unpaired/C08_S32_R2_unpaired.fastq.gz ILLUMINACLIP:/scratch/prj/aef_forensic_metagenomics/data/adapters/TruSeq3-PE-2.fa:2:30:10:8:true HEADCROP:5 LEADING:5 CROP:240 SLIDINGWINDOW:4:15 TRAILING:10 MINLEN:35
Using PrefixPair: 'TACACTCTTTCCCTACACGACGCTCTTCCGATCT' and 'GTGACTGGAGTTCAGACGTGTGCTCTTCCGATCT'
Using Long Clipping Sequence: 'AGATCGGAAGAGCGTCGTGTAGGGAAAGAGTGTA'
Using Long Clipping Sequence: 'AGATCGGAAGAGCACACGTCTGAACTCCAGTCAC'
Using Long Clipping Sequence: 'GTGACTGGAGTTCAGACGTGTGCTCTTCCGATCT'
Using Long Clipping Sequence: 'TACACTCTTTCCCTACACGACGCTCTTCCGATCT'
ILLUMINACLIP: Using 1 prefix pairs, 4 forward/reverse sequences, 0 forward only sequences, 0 reverse only sequences
Input Read Pairs: 241495 Both Surviving: 157955 (65.41%) Forward Only Surviving: 1848 (0.77%) Reverse Only Surviving: 451 (0.19%) Dropped: 81241 (33.64%)
TrimmomaticPE: Completed successfully
✅ Trimmed C08_S32!

TrimmomaticPE: Started with arguments:
 -phred33 -threads 4 ../long_RP1/raw_data//C09_S33_L001_R1_001.fastq.gz ../long_RP1/raw_data//C09_S33_L001_R2_001.fastq.gz ../long_RP1/processed_data/trimmed/paired/C09_S33_R1_paired.fastq.gz ../long_RP1/processed_data/trimmed/unpaired/C09_S33_R1_unpaired.fastq.gz ../long_RP1/processed_data/trimmed/paired/C09_S33_R2_paired.fastq.gz ../long_RP1/processed_data/trimmed/unpaired/C09_S33_R2_unpaired.fastq.gz ILLUMINACLIP:/scratch/prj/aef_forensic_metagenomics/data/adapters/TruSeq3-PE-2.fa:2:30:10:8:true HEADCROP:5 LEADING:5 CROP:240 SLIDINGWINDOW:4:15 TRAILING:10 MINLEN:35
Using PrefixPair: 'TACACTCTTTCCCTACACGACGCTCTTCCGATCT' and 'GTGACTGGAGTTCAGACGTGTGCTCTTCCGATCT'
Using Long Clipping Sequence: 'AGATCGGAAGAGCGTCGTGTAGGGAAAGAGTGTA'
Using Long Clipping Sequence: 'AGATCGGAAGAGCACACGTCTGAACTCCAGTCAC'
Using Long Clipping Sequence: 'GTGACTGGAGTTCAGACGTGTGCTCTTCCGATCT'
Using Long Clipping Sequence: 'TACACTCTTTCCCTACACGACGCTCTTCCGATCT'
ILLUMINACLIP: Using 1 prefix pairs, 4 forward/reverse sequences, 0 forward only sequences, 0 reverse only sequences
Input Read Pairs: 170869 Both Surviving: 123710 (72.40%) Forward Only Surviving: 2389 (1.40%) Reverse Only Surviving: 348 (0.20%) Dropped: 44422 (26.00%)
TrimmomaticPE: Completed successfully
✅ Trimmed C09_S33!

TrimmomaticPE: Started with arguments:
 -phred33 -threads 4 ../long_RP1/raw_data//C10_S34_L001_R1_001.fastq.gz ../long_RP1/raw_data//C10_S34_L001_R2_001.fastq.gz ../long_RP1/processed_data/trimmed/paired/C10_S34_R1_paired.fastq.gz ../long_RP1/processed_data/trimmed/unpaired/C10_S34_R1_unpaired.fastq.gz ../long_RP1/processed_data/trimmed/paired/C10_S34_R2_paired.fastq.gz ../long_RP1/processed_data/trimmed/unpaired/C10_S34_R2_unpaired.fastq.gz ILLUMINACLIP:/scratch/prj/aef_forensic_metagenomics/data/adapters/TruSeq3-PE-2.fa:2:30:10:8:true HEADCROP:5 LEADING:5 CROP:240 SLIDINGWINDOW:4:15 TRAILING:10 MINLEN:35
Using PrefixPair: 'TACACTCTTTCCCTACACGACGCTCTTCCGATCT' and 'GTGACTGGAGTTCAGACGTGTGCTCTTCCGATCT'
Using Long Clipping Sequence: 'AGATCGGAAGAGCGTCGTGTAGGGAAAGAGTGTA'
Using Long Clipping Sequence: 'AGATCGGAAGAGCACACGTCTGAACTCCAGTCAC'
Using Long Clipping Sequence: 'GTGACTGGAGTTCAGACGTGTGCTCTTCCGATCT'
Using Long Clipping Sequence: 'TACACTCTTTCCCTACACGACGCTCTTCCGATCT'
ILLUMINACLIP: Using 1 prefix pairs, 4 forward/reverse sequences, 0 forward only sequences, 0 reverse only sequences
Input Read Pairs: 301396 Both Surviving: 293856 (97.50%) Forward Only Surviving: 2954 (0.98%) Reverse Only Surviving: 513 (0.17%) Dropped: 4073 (1.35%)
TrimmomaticPE: Completed successfully
✅ Trimmed C10_S34!

TrimmomaticPE: Started with arguments:
 -phred33 -threads 4 ../long_RP1/raw_data//C11_S35_L001_R1_001.fastq.gz ../long_RP1/raw_data//C11_S35_L001_R2_001.fastq.gz ../long_RP1/processed_data/trimmed/paired/C11_S35_R1_paired.fastq.gz ../long_RP1/processed_data/trimmed/unpaired/C11_S35_R1_unpaired.fastq.gz ../long_RP1/processed_data/trimmed/paired/C11_S35_R2_paired.fastq.gz ../long_RP1/processed_data/trimmed/unpaired/C11_S35_R2_unpaired.fastq.gz ILLUMINACLIP:/scratch/prj/aef_forensic_metagenomics/data/adapters/TruSeq3-PE-2.fa:2:30:10:8:true HEADCROP:5 LEADING:5 CROP:240 SLIDINGWINDOW:4:15 TRAILING:10 MINLEN:35
Using PrefixPair: 'TACACTCTTTCCCTACACGACGCTCTTCCGATCT' and 'GTGACTGGAGTTCAGACGTGTGCTCTTCCGATCT'
Using Long Clipping Sequence: 'AGATCGGAAGAGCGTCGTGTAGGGAAAGAGTGTA'
Using Long Clipping Sequence: 'AGATCGGAAGAGCACACGTCTGAACTCCAGTCAC'
Using Long Clipping Sequence: 'GTGACTGGAGTTCAGACGTGTGCTCTTCCGATCT'
Using Long Clipping Sequence: 'TACACTCTTTCCCTACACGACGCTCTTCCGATCT'
ILLUMINACLIP: Using 1 prefix pairs, 4 forward/reverse sequences, 0 forward only sequences, 0 reverse only sequences
Input Read Pairs: 274155 Both Surviving: 252889 (92.24%) Forward Only Surviving: 2256 (0.82%) Reverse Only Surviving: 620 (0.23%) Dropped: 18390 (6.71%)
TrimmomaticPE: Completed successfully
✅ Trimmed C11_S35!

TrimmomaticPE: Started with arguments:
 -phred33 -threads 4 ../long_RP1/raw_data//C12_S36_L001_R1_001.fastq.gz ../long_RP1/raw_data//C12_S36_L001_R2_001.fastq.gz ../long_RP1/processed_data/trimmed/paired/C12_S36_R1_paired.fastq.gz ../long_RP1/processed_data/trimmed/unpaired/C12_S36_R1_unpaired.fastq.gz ../long_RP1/processed_data/trimmed/paired/C12_S36_R2_paired.fastq.gz ../long_RP1/processed_data/trimmed/unpaired/C12_S36_R2_unpaired.fastq.gz ILLUMINACLIP:/scratch/prj/aef_forensic_metagenomics/data/adapters/TruSeq3-PE-2.fa:2:30:10:8:true HEADCROP:5 LEADING:5 CROP:240 SLIDINGWINDOW:4:15 TRAILING:10 MINLEN:35
Using PrefixPair: 'TACACTCTTTCCCTACACGACGCTCTTCCGATCT' and 'GTGACTGGAGTTCAGACGTGTGCTCTTCCGATCT'
Using Long Clipping Sequence: 'AGATCGGAAGAGCGTCGTGTAGGGAAAGAGTGTA'
Using Long Clipping Sequence: 'AGATCGGAAGAGCACACGTCTGAACTCCAGTCAC'
Using Long Clipping Sequence: 'GTGACTGGAGTTCAGACGTGTGCTCTTCCGATCT'
Using Long Clipping Sequence: 'TACACTCTTTCCCTACACGACGCTCTTCCGATCT'
ILLUMINACLIP: Using 1 prefix pairs, 4 forward/reverse sequences, 0 forward only sequences, 0 reverse only sequences
Input Read Pairs: 338097 Both Surviving: 255724 (75.64%) Forward Only Surviving: 3089 (0.91%) Reverse Only Surviving: 586 (0.17%) Dropped: 78698 (23.28%)
TrimmomaticPE: Completed successfully
✅ Trimmed C12_S36!

TrimmomaticPE: Started with arguments:
 -phred33 -threads 4 ../long_RP1/raw_data//ENC_S37_L001_R1_001.fastq.gz ../long_RP1/raw_data//ENC_S37_L001_R2_001.fastq.gz ../long_RP1/processed_data/trimmed/paired/ENC_S37_R1_paired.fastq.gz ../long_RP1/processed_data/trimmed/unpaired/ENC_S37_R1_unpaired.fastq.gz ../long_RP1/processed_data/trimmed/paired/ENC_S37_R2_paired.fastq.gz ../long_RP1/processed_data/trimmed/unpaired/ENC_S37_R2_unpaired.fastq.gz ILLUMINACLIP:/scratch/prj/aef_forensic_metagenomics/data/adapters/TruSeq3-PE-2.fa:2:30:10:8:true HEADCROP:5 LEADING:5 CROP:240 SLIDINGWINDOW:4:15 TRAILING:10 MINLEN:35
Using PrefixPair: 'TACACTCTTTCCCTACACGACGCTCTTCCGATCT' and 'GTGACTGGAGTTCAGACGTGTGCTCTTCCGATCT'
Using Long Clipping Sequence: 'AGATCGGAAGAGCGTCGTGTAGGGAAAGAGTGTA'
Using Long Clipping Sequence: 'AGATCGGAAGAGCACACGTCTGAACTCCAGTCAC'
Using Long Clipping Sequence: 'GTGACTGGAGTTCAGACGTGTGCTCTTCCGATCT'
Using Long Clipping Sequence: 'TACACTCTTTCCCTACACGACGCTCTTCCGATCT'
ILLUMINACLIP: Using 1 prefix pairs, 4 forward/reverse sequences, 0 forward only sequences, 0 reverse only sequences
Input Read Pairs: 761870 Both Surviving: 54168 (7.11%) Forward Only Surviving: 1042 (0.14%) Reverse Only Surviving: 1155 (0.15%) Dropped: 705505 (92.60%)
TrimmomaticPE: Completed successfully
✅ Trimmed ENC_S37!


Running FastQC on paired trimmed reads...
