
================================================= ARGUMENT PARSING & VALIDATION =================================================

Raw FASTQ directory path: ../zymobiomics_folder/raw_data/
✅  Database set to: ../data/databases/k2_zymobiomics_250509/
Quality Control & Trimming: Disabled ❌
⚠️  Optional, but must be done at least once on the raw reads for the pipeline to work.

Host DNA Removal: Disabled ❌
⚠️  Optional, but must be done at least once on the trimmed reads for the pipeline to work.

Kraken2/Bracken Database: ../data/databases/k2_zymobiomics_250509/

================================================= CONDA ENVIRONMENT ACTIVATION ==================================================

✅ 'metagenomics' environment activated successfully.

====================================================== PROJECT STRUCTURE ======================================================

../zymobiomics_folder
├── processed_data
│   ├── human
│   │   ├── aligned_sam
│   │   ├── bed_files
│   │   └── sorted_bam
│   ├── metagenomic
│   │   ├── bracken
│   │   ├── classified
│   │   ├── filtered_fastq
│   │   ├── kraken2
│   │   └── unclassified
│   └── trimmed
│       ├── paired
│       └── unpaired
├── raw_data
└── results
    ├── fastqc
    │   ├── post_trimming
    │   └── pre_trimming
    ├── host_dna_analysis
    └── runs
        ├── run_2005_1637
        ├── run_2005_1655
        ├── run_2005_1658
        ├── run_2005_1706
        ├── run_2005_1730
        ├── run_2005_1744
        ├── run_2105_1617
        ├── run_2105_1632
        ├── run_2105_1640
        ├── run_2105_1653
        ├── run_2105_1700
        ├── run_2105_1708
        ├── run_2105_1713
        ├── run_2105_1722
        ├── run_2205_1556
        └── run_2205_1603

37 directories
Human DNA-related files (SAM, BAM, and BED) in the 'human' directory are created once per sub-project and remain unchanged across runs.
Intermediate metagenomic files in the 'metagenomic' directory are overwritten with each run and should be inspected beforehand if desired.
Results are stored in the 'results' directory (including FastQC, host DNA analysis, and run-specific results like Kraken2 and Bracken).

================================================= METAGENOMIC ABUNDANCE ESTIMATION =================================================
⚠️  This step assumes reads have already been trimmed with Trimmomatic and host DNA removed with Bowtie2. Processed reads must be in the correct directory.

Processing sample: ZC1_S4

Classifying metagenomic reads with Kraken2...
kraken2 --db "../data/databases/k2_zymobiomics_250509/" --threads 8 --report "../zymobiomics_folder/results/runs/run_2205_1603/reports/ZC1_S4.k2report" 		--report-minimizer-data --paired --minimum-hit-groups 5 		--classified-out "../zymobiomics_folder/processed_data/metagenomic/classified/ZC1_S4_classified#.fastq" --unclassified-out "../zymobiomics_folder/processed_data/metagenomic/unclassified/ZC1_S4_unclassified#.fastq" 		--output "../zymobiomics_folder/processed_data/metagenomic/kraken2/ZC1_S4.kraken2" --use-names "../zymobiomics_folder/processed_data/metagenomic/filtered_fastq/ZC1_S4_metagenomic.1" "../zymobiomics_folder/processed_data/metagenomic/filtered_fastq/ZC1_S4_metagenomic.2" 2>&1
Loading database information... done.
287710 sequences (51.71 Mbp) processed in 0.810s (21317.7 Kseq/m, 3831.47 Mbp/m).
  206015 sequences classified (71.61%)
  81695 sequences unclassified (28.39%)
✅  Classification complete.

Estimating species abundance with Bracken...
 >> Checking for Valid Options...
 >> Running Bracken 
      >> python src/est_abundance.py -i ../zymobiomics_folder/results/runs/run_2205_1603/reports/ZC1_S4.k2report -o ../zymobiomics_folder/processed_data/metagenomic/bracken/ZC1_S4.bracken -k ../data/databases/k2_zymobiomics_250509/database100mers.kmer_distrib -l S -t 10
>> Checking report file: ../zymobiomics_folder/results/runs/run_2205_1603/reports/ZC1_S4.k2report
PROGRAM START TIME: 05-22-2025 15:03:24
BRACKEN SUMMARY (Kraken report: ../zymobiomics_folder/results/runs/run_2205_1603/reports/ZC1_S4.k2report)
    >>> Threshold: 10 
    >>> Number of species in sample: 10 
	  >> Number of species with reads > threshold: 10 
	  >> Number of species with reads < threshold: 0 
    >>> Total reads in sample: 287710
	  >> Total reads kept at species level (reads > threshold): 205181
	  >> Total reads discarded (species reads < threshold): 0
	  >> Reads distributed: 828
	  >> Reads not distributed (eg. no species above threshold): 6
	  >> Unclassified reads: 81695
BRACKEN OUTPUT PRODUCED: ../zymobiomics_folder/processed_data/metagenomic/bracken/ZC1_S4.bracken
PROGRAM END TIME: 05-22-2025 15:03:24
  Bracken complete.
✅  Abundance estimated.

Generating Krona visualization...
Writing ../zymobiomics_folder/results/runs/run_2205_1603/krona/ZC1_S4.krona.html...
✅  Krona plot generated.

Processing sample: ZC2_S5

Classifying metagenomic reads with Kraken2...
kraken2 --db "../data/databases/k2_zymobiomics_250509/" --threads 8 --report "../zymobiomics_folder/results/runs/run_2205_1603/reports/ZC2_S5.k2report" 		--report-minimizer-data --paired --minimum-hit-groups 5 		--classified-out "../zymobiomics_folder/processed_data/metagenomic/classified/ZC2_S5_classified#.fastq" --unclassified-out "../zymobiomics_folder/processed_data/metagenomic/unclassified/ZC2_S5_unclassified#.fastq" 		--output "../zymobiomics_folder/processed_data/metagenomic/kraken2/ZC2_S5.kraken2" --use-names "../zymobiomics_folder/processed_data/metagenomic/filtered_fastq/ZC2_S5_metagenomic.1" "../zymobiomics_folder/processed_data/metagenomic/filtered_fastq/ZC2_S5_metagenomic.2" 2>&1
Loading database information... done.
267582 sequences (38.37 Mbp) processed in 0.709s (22641.9 Kseq/m, 3246.52 Mbp/m).
  176785 sequences classified (66.07%)
  90797 sequences unclassified (33.93%)
✅  Classification complete.

Estimating species abundance with Bracken...
 >> Checking for Valid Options...
 >> Running Bracken 
      >> python src/est_abundance.py -i ../zymobiomics_folder/results/runs/run_2205_1603/reports/ZC2_S5.k2report -o ../zymobiomics_folder/processed_data/metagenomic/bracken/ZC2_S5.bracken -k ../data/databases/k2_zymobiomics_250509/database100mers.kmer_distrib -l S -t 10
>> Checking report file: ../zymobiomics_folder/results/runs/run_2205_1603/reports/ZC2_S5.k2report
PROGRAM START TIME: 05-22-2025 15:03:25
BRACKEN SUMMARY (Kraken report: ../zymobiomics_folder/results/runs/run_2205_1603/reports/ZC2_S5.k2report)
    >>> Threshold: 10 
    >>> Number of species in sample: 10 
	  >> Number of species with reads > threshold: 10 
	  >> Number of species with reads < threshold: 0 
    >>> Total reads in sample: 267582
	  >> Total reads kept at species level (reads > threshold): 175830
	  >> Total reads discarded (species reads < threshold): 0
	  >> Reads distributed: 952
	  >> Reads not distributed (eg. no species above threshold): 3
	  >> Unclassified reads: 90797
BRACKEN OUTPUT PRODUCED: ../zymobiomics_folder/processed_data/metagenomic/bracken/ZC2_S5.bracken
PROGRAM END TIME: 05-22-2025 15:03:25
  Bracken complete.
✅  Abundance estimated.

Generating Krona visualization...
Writing ../zymobiomics_folder/results/runs/run_2205_1603/krona/ZC2_S5.krona.html...
✅  Krona plot generated.

Processing sample: ZC3_S6

Classifying metagenomic reads with Kraken2...
kraken2 --db "../data/databases/k2_zymobiomics_250509/" --threads 8 --report "../zymobiomics_folder/results/runs/run_2205_1603/reports/ZC3_S6.k2report" 		--report-minimizer-data --paired --minimum-hit-groups 5 		--classified-out "../zymobiomics_folder/processed_data/metagenomic/classified/ZC3_S6_classified#.fastq" --unclassified-out "../zymobiomics_folder/processed_data/metagenomic/unclassified/ZC3_S6_unclassified#.fastq" 		--output "../zymobiomics_folder/processed_data/metagenomic/kraken2/ZC3_S6.kraken2" --use-names "../zymobiomics_folder/processed_data/metagenomic/filtered_fastq/ZC3_S6_metagenomic.1" "../zymobiomics_folder/processed_data/metagenomic/filtered_fastq/ZC3_S6_metagenomic.2" 2>&1
Loading database information... done.
273941 sequences (42.88 Mbp) processed in 0.676s (24319.1 Kseq/m, 3806.27 Mbp/m).
  182987 sequences classified (66.80%)
  90954 sequences unclassified (33.20%)
✅  Classification complete.

Estimating species abundance with Bracken...
 >> Checking for Valid Options...
 >> Running Bracken 
      >> python src/est_abundance.py -i ../zymobiomics_folder/results/runs/run_2205_1603/reports/ZC3_S6.k2report -o ../zymobiomics_folder/processed_data/metagenomic/bracken/ZC3_S6.bracken -k ../data/databases/k2_zymobiomics_250509/database100mers.kmer_distrib -l S -t 10
>> Checking report file: ../zymobiomics_folder/results/runs/run_2205_1603/reports/ZC3_S6.k2report
PROGRAM START TIME: 05-22-2025 15:03:26
BRACKEN SUMMARY (Kraken report: ../zymobiomics_folder/results/runs/run_2205_1603/reports/ZC3_S6.k2report)
    >>> Threshold: 10 
    >>> Number of species in sample: 10 
	  >> Number of species with reads > threshold: 10 
	  >> Number of species with reads < threshold: 0 
    >>> Total reads in sample: 273941
	  >> Total reads kept at species level (reads > threshold): 182182
	  >> Total reads discarded (species reads < threshold): 0
	  >> Reads distributed: 798
	  >> Reads not distributed (eg. no species above threshold): 7
	  >> Unclassified reads: 90954
BRACKEN OUTPUT PRODUCED: ../zymobiomics_folder/processed_data/metagenomic/bracken/ZC3_S6.bracken
PROGRAM END TIME: 05-22-2025 15:03:26
  Bracken complete.
✅  Abundance estimated.

Generating Krona visualization...
Writing ../zymobiomics_folder/results/runs/run_2205_1603/krona/ZC3_S6.krona.html...
✅  Krona plot generated.

Processing sample: ZC4_S7

Classifying metagenomic reads with Kraken2...
kraken2 --db "../data/databases/k2_zymobiomics_250509/" --threads 8 --report "../zymobiomics_folder/results/runs/run_2205_1603/reports/ZC4_S7.k2report" 		--report-minimizer-data --paired --minimum-hit-groups 5 		--classified-out "../zymobiomics_folder/processed_data/metagenomic/classified/ZC4_S7_classified#.fastq" --unclassified-out "../zymobiomics_folder/processed_data/metagenomic/unclassified/ZC4_S7_unclassified#.fastq" 		--output "../zymobiomics_folder/processed_data/metagenomic/kraken2/ZC4_S7.kraken2" --use-names "../zymobiomics_folder/processed_data/metagenomic/filtered_fastq/ZC4_S7_metagenomic.1" "../zymobiomics_folder/processed_data/metagenomic/filtered_fastq/ZC4_S7_metagenomic.2" 2>&1
Loading database information... done.
238874 sequences (35.00 Mbp) processed in 0.601s (23866.8 Kseq/m, 3497.23 Mbp/m).
  154617 sequences classified (64.73%)
  84257 sequences unclassified (35.27%)
✅  Classification complete.

Estimating species abundance with Bracken...
 >> Checking for Valid Options...
 >> Running Bracken 
      >> python src/est_abundance.py -i ../zymobiomics_folder/results/runs/run_2205_1603/reports/ZC4_S7.k2report -o ../zymobiomics_folder/processed_data/metagenomic/bracken/ZC4_S7.bracken -k ../data/databases/k2_zymobiomics_250509/database100mers.kmer_distrib -l S -t 10
>> Checking report file: ../zymobiomics_folder/results/runs/run_2205_1603/reports/ZC4_S7.k2report
PROGRAM START TIME: 05-22-2025 15:03:27
BRACKEN SUMMARY (Kraken report: ../zymobiomics_folder/results/runs/run_2205_1603/reports/ZC4_S7.k2report)
    >>> Threshold: 10 
    >>> Number of species in sample: 10 
	  >> Number of species with reads > threshold: 10 
	  >> Number of species with reads < threshold: 0 
    >>> Total reads in sample: 238874
	  >> Total reads kept at species level (reads > threshold): 153964
	  >> Total reads discarded (species reads < threshold): 0
	  >> Reads distributed: 651
	  >> Reads not distributed (eg. no species above threshold): 2
	  >> Unclassified reads: 84257
BRACKEN OUTPUT PRODUCED: ../zymobiomics_folder/processed_data/metagenomic/bracken/ZC4_S7.bracken
PROGRAM END TIME: 05-22-2025 15:03:27
  Bracken complete.
✅  Abundance estimated.

Generating Krona visualization...
Writing ../zymobiomics_folder/results/runs/run_2205_1603/krona/ZC4_S7.krona.html...
✅  Krona plot generated.

Processing sample: ZP1_S20

Classifying metagenomic reads with Kraken2...
kraken2 --db "../data/databases/k2_zymobiomics_250509/" --threads 8 --report "../zymobiomics_folder/results/runs/run_2205_1603/reports/ZP1_S20.k2report" 		--report-minimizer-data --paired --minimum-hit-groups 5 		--classified-out "../zymobiomics_folder/processed_data/metagenomic/classified/ZP1_S20_classified#.fastq" --unclassified-out "../zymobiomics_folder/processed_data/metagenomic/unclassified/ZP1_S20_unclassified#.fastq" 		--output "../zymobiomics_folder/processed_data/metagenomic/kraken2/ZP1_S20.kraken2" --use-names "../zymobiomics_folder/processed_data/metagenomic/filtered_fastq/ZP1_S20_metagenomic.1" "../zymobiomics_folder/processed_data/metagenomic/filtered_fastq/ZP1_S20_metagenomic.2" 2>&1
Loading database information... done.
299531 sequences (46.78 Mbp) processed in 0.728s (24673.4 Kseq/m, 3853.79 Mbp/m).
  207911 sequences classified (69.41%)
  91620 sequences unclassified (30.59%)
✅  Classification complete.

Estimating species abundance with Bracken...
 >> Checking for Valid Options...
 >> Running Bracken 
      >> python src/est_abundance.py -i ../zymobiomics_folder/results/runs/run_2205_1603/reports/ZP1_S20.k2report -o ../zymobiomics_folder/processed_data/metagenomic/bracken/ZP1_S20.bracken -k ../data/databases/k2_zymobiomics_250509/database100mers.kmer_distrib -l S -t 10
>> Checking report file: ../zymobiomics_folder/results/runs/run_2205_1603/reports/ZP1_S20.k2report
PROGRAM START TIME: 05-22-2025 15:03:28
BRACKEN SUMMARY (Kraken report: ../zymobiomics_folder/results/runs/run_2205_1603/reports/ZP1_S20.k2report)
    >>> Threshold: 10 
    >>> Number of species in sample: 10 
	  >> Number of species with reads > threshold: 10 
	  >> Number of species with reads < threshold: 0 
    >>> Total reads in sample: 299531
	  >> Total reads kept at species level (reads > threshold): 207061
	  >> Total reads discarded (species reads < threshold): 0
	  >> Reads distributed: 847
	  >> Reads not distributed (eg. no species above threshold): 3
	  >> Unclassified reads: 91620
BRACKEN OUTPUT PRODUCED: ../zymobiomics_folder/processed_data/metagenomic/bracken/ZP1_S20.bracken
PROGRAM END TIME: 05-22-2025 15:03:28
  Bracken complete.
✅  Abundance estimated.

Generating Krona visualization...
Writing ../zymobiomics_folder/results/runs/run_2205_1603/krona/ZP1_S20.krona.html...
✅  Krona plot generated.

Processing sample: ZP2_S21

Classifying metagenomic reads with Kraken2...
kraken2 --db "../data/databases/k2_zymobiomics_250509/" --threads 8 --report "../zymobiomics_folder/results/runs/run_2205_1603/reports/ZP2_S21.k2report" 		--report-minimizer-data --paired --minimum-hit-groups 5 		--classified-out "../zymobiomics_folder/processed_data/metagenomic/classified/ZP2_S21_classified#.fastq" --unclassified-out "../zymobiomics_folder/processed_data/metagenomic/unclassified/ZP2_S21_unclassified#.fastq" 		--output "../zymobiomics_folder/processed_data/metagenomic/kraken2/ZP2_S21.kraken2" --use-names "../zymobiomics_folder/processed_data/metagenomic/filtered_fastq/ZP2_S21_metagenomic.1" "../zymobiomics_folder/processed_data/metagenomic/filtered_fastq/ZP2_S21_metagenomic.2" 2>&1
Loading database information... done.
293442 sequences (42.99 Mbp) processed in 0.739s (23814.6 Kseq/m, 3488.98 Mbp/m).
  195106 sequences classified (66.49%)
  98336 sequences unclassified (33.51%)
✅  Classification complete.

Estimating species abundance with Bracken...
 >> Checking for Valid Options...
 >> Running Bracken 
      >> python src/est_abundance.py -i ../zymobiomics_folder/results/runs/run_2205_1603/reports/ZP2_S21.k2report -o ../zymobiomics_folder/processed_data/metagenomic/bracken/ZP2_S21.bracken -k ../data/databases/k2_zymobiomics_250509/database100mers.kmer_distrib -l S -t 10
>> Checking report file: ../zymobiomics_folder/results/runs/run_2205_1603/reports/ZP2_S21.k2report
PROGRAM START TIME: 05-22-2025 15:03:29
BRACKEN SUMMARY (Kraken report: ../zymobiomics_folder/results/runs/run_2205_1603/reports/ZP2_S21.k2report)
    >>> Threshold: 10 
    >>> Number of species in sample: 10 
	  >> Number of species with reads > threshold: 10 
	  >> Number of species with reads < threshold: 0 
    >>> Total reads in sample: 293442
	  >> Total reads kept at species level (reads > threshold): 194267
	  >> Total reads discarded (species reads < threshold): 0
	  >> Reads distributed: 839
	  >> Reads not distributed (eg. no species above threshold): 0
	  >> Unclassified reads: 98336
BRACKEN OUTPUT PRODUCED: ../zymobiomics_folder/processed_data/metagenomic/bracken/ZP2_S21.bracken
PROGRAM END TIME: 05-22-2025 15:03:29
  Bracken complete.
✅  Abundance estimated.

Generating Krona visualization...
Writing ../zymobiomics_folder/results/runs/run_2205_1603/krona/ZP2_S21.krona.html...
✅  Krona plot generated.

Processing sample: ZP3_S22

Classifying metagenomic reads with Kraken2...
kraken2 --db "../data/databases/k2_zymobiomics_250509/" --threads 8 --report "../zymobiomics_folder/results/runs/run_2205_1603/reports/ZP3_S22.k2report" 		--report-minimizer-data --paired --minimum-hit-groups 5 		--classified-out "../zymobiomics_folder/processed_data/metagenomic/classified/ZP3_S22_classified#.fastq" --unclassified-out "../zymobiomics_folder/processed_data/metagenomic/unclassified/ZP3_S22_unclassified#.fastq" 		--output "../zymobiomics_folder/processed_data/metagenomic/kraken2/ZP3_S22.kraken2" --use-names "../zymobiomics_folder/processed_data/metagenomic/filtered_fastq/ZP3_S22_metagenomic.1" "../zymobiomics_folder/processed_data/metagenomic/filtered_fastq/ZP3_S22_metagenomic.2" 2>&1
Loading database information... done.
326854 sequences (47.05 Mbp) processed in 0.736s (26660.6 Kseq/m, 3837.60 Mbp/m).
  217259 sequences classified (66.47%)
  109595 sequences unclassified (33.53%)
✅  Classification complete.

Estimating species abundance with Bracken...
 >> Checking for Valid Options...
 >> Running Bracken 
      >> python src/est_abundance.py -i ../zymobiomics_folder/results/runs/run_2205_1603/reports/ZP3_S22.k2report -o ../zymobiomics_folder/processed_data/metagenomic/bracken/ZP3_S22.bracken -k ../data/databases/k2_zymobiomics_250509/database100mers.kmer_distrib -l S -t 10
>> Checking report file: ../zymobiomics_folder/results/runs/run_2205_1603/reports/ZP3_S22.k2report
PROGRAM START TIME: 05-22-2025 15:03:30
BRACKEN SUMMARY (Kraken report: ../zymobiomics_folder/results/runs/run_2205_1603/reports/ZP3_S22.k2report)
    >>> Threshold: 10 
    >>> Number of species in sample: 10 
	  >> Number of species with reads > threshold: 10 
	  >> Number of species with reads < threshold: 0 
    >>> Total reads in sample: 326854
	  >> Total reads kept at species level (reads > threshold): 216219
	  >> Total reads discarded (species reads < threshold): 0
	  >> Reads distributed: 1038
	  >> Reads not distributed (eg. no species above threshold): 2
	  >> Unclassified reads: 109595
BRACKEN OUTPUT PRODUCED: ../zymobiomics_folder/processed_data/metagenomic/bracken/ZP3_S22.bracken
PROGRAM END TIME: 05-22-2025 15:03:30
  Bracken complete.
✅  Abundance estimated.

Generating Krona visualization...
Writing ../zymobiomics_folder/results/runs/run_2205_1603/krona/ZP3_S22.krona.html...
✅  Krona plot generated.

Metagenomic classification completed in: 00:00:07

Calculating read length statistics...
ZC1_S4_metagenomic.1: mean = 90.3, median = 78.0
ZC2_S5_metagenomic.1: mean = 71.7, median = 63.0
ZC3_S6_metagenomic.1: mean = 78.4, median = 67.0
ZC4_S7_metagenomic.1: mean = 73.4, median = 62.0
ZP1_S20_metagenomic.1: mean = 78.2, median = 69.0
ZP2_S21_metagenomic.1: mean = 73.4, median = 64.0
ZP3_S22_metagenomic.1: mean = 72.0, median = 62.0
ZC1_S4_metagenomic.2: mean = 89.5, median = 78.0
ZC2_S5_metagenomic.2: mean = 71.7, median = 63.0
ZC3_S6_metagenomic.2: mean = 78.1, median = 67.0
ZC4_S7_metagenomic.2: mean = 73.2, median = 62.0
ZP1_S20_metagenomic.2: mean = 78.0, median = 69.0
ZP2_S21_metagenomic.2: mean = 73.1, median = 64.0
ZP3_S22_metagenomic.2: mean = 72.0, median = 63.0
ZC1_S4_classified_1.fastq: mean = 98.1, median = 87.0
ZC1_S4_classified_2.fastq: mean = 97.1, median = 87.0
ZC2_S5_classified_1.fastq: mean = 78.4, median = 70.0
ZC2_S5_classified_2.fastq: mean = 78.3, median = 70.0
ZC3_S6_classified_1.fastq: mean = 86.1, median = 75.0
ZC3_S6_classified_2.fastq: mean = 85.8, median = 75.0
ZC4_S7_classified_1.fastq: mean = 81.7, median = 70.0
ZC4_S7_classified_2.fastq: mean = 81.3, median = 70.0
ZP1_S20_classified_1.fastq: mean = 84.7, median = 76.0
ZP1_S20_classified_2.fastq: mean = 84.4, median = 76.0
ZP2_S21_classified_1.fastq: mean = 80.2, median = 71.0
ZP2_S21_classified_2.fastq: mean = 79.9, median = 71.0
ZP3_S22_classified_1.fastq: mean = 78.8, median = 70.0
ZP3_S22_classified_2.fastq: mean = 78.8, median = 70.0
ZC1_S4_unclassified_1.fastq: mean = 70.5, median = 58.0
ZC1_S4_unclassified_2.fastq: mean = 70.3, median = 58.0
ZC2_S5_unclassified_1.fastq: mean = 58.7, median = 50.0
ZC2_S5_unclassified_2.fastq: mean = 58.7, median = 50.0
ZC3_S6_unclassified_1.fastq: mean = 62.8, median = 52.0
ZC3_S6_unclassified_2.fastq: mean = 62.8, median = 52.0
ZC4_S7_unclassified_1.fastq: mean = 58.1, median = 48.0
ZC4_S7_unclassified_2.fastq: mean = 58.1, median = 48.0
ZP1_S20_unclassified_1.fastq: mean = 63.5, median = 54.0
ZP1_S20_unclassified_2.fastq: mean = 63.4, median = 54.0
ZP2_S21_unclassified_1.fastq: mean = 59.8, median = 50.0
ZP2_S21_unclassified_2.fastq: mean = 59.7, median = 50.0
ZP3_S22_unclassified_1.fastq: mean = 58.4, median = 49.0
ZP3_S22_unclassified_2.fastq: mean = 58.4, median = 49.0
✅ Statistics generated.

Combining Bracken reports...
Combined CSV file saved to: ../zymobiomics_folder/results/runs/run_2205_1603/combined_breports.csv 
✅ Bracken reports combined.

Copying SLURM job logs...
✅ SLURM job logs copied.

================================================= COMPARISON TO GROUND TRUTH =================================================

================================================= METAGENOMIC DIVERSITY ANALYSIS =================================================
Calculating alpha and beta diversity...
✅ Alpha diversity calculated.
null device 
          1 
Heatmap saved to: ../zymobiomics_folder/results/runs/run_2205_1603/diversity/beta_diversity_heatmap.png 
✅ Beta diversity heatmap generated.
✅  Diversity analysis completed successfully.

✅  Pipeline completed successfully.

Copying final SLURM job logs
