
================================================= ARGUMENT PARSING & VALIDATION =================================================

Raw FASTQ directory path: ../zymobiomics_folder/raw_data/
✅  Database set to: /scratch/users/k24087895/final_project/data/databases/k2_housepets_250510/
Quality Control & Trimming: Disabled ❌
⚠️  Optional, but must be done at least once on the raw reads for the pipeline to work.

Host DNA Removal: Disabled ❌
⚠️  Optional, but must be done at least once on the trimmed reads for the pipeline to work.

Kraken2/Bracken Database: /scratch/users/k24087895/final_project/data/databases/k2_housepets_250510/

================================================= CONDA ENVIRONMENT ACTIVATION ==================================================

✅ 'metagenomics' environment activated successfully.

====================================================== PROJECT STRUCTURE ======================================================

../zymobiomics_folder
├── processed_data
│   ├── human
│   │   ├── aligned_sam
│   │   ├── bed_files
│   │   └── sorted_bam
│   ├── metagenomic
│   │   ├── bracken
│   │   ├── classified
│   │   ├── filtered_fastq
│   │   ├── kraken2
│   │   └── unclassified
│   └── trimmed
│       ├── paired
│       └── unpaired
├── raw_data
└── results
    ├── fastqc
    │   ├── post_trimming
    │   └── pre_trimming
    ├── host_dna_analysis
    └── runs
        ├── run_2005_1637
        ├── run_2005_1655
        ├── run_2005_1658
        ├── run_2005_1706
        ├── run_2005_1730
        ├── run_2005_1744
        ├── run_2105_1617
        ├── run_2105_1632
        ├── run_2105_1640
        ├── run_2105_1653
        ├── run_2105_1700
        ├── run_2105_1708
        ├── run_2105_1713
        ├── run_2105_1722
        ├── run_2205_1556
        ├── run_2205_1603
        ├── run_2205_1608
        ├── run_2205_1648
        ├── run_2205_1702
        ├── run_2205_1708
        ├── run_2205_1718
        ├── run_2205_1725
        ├── run_2305_1437
        ├── run_2305_1444
        ├── run_2305_1459
        ├── run_2305_1505
        ├── run_2305_1511
        ├── run_2305_1526
        ├── run_2305_1536
        ├── run_2305_1550
        └── run_2305_1554

52 directories
Human DNA-related files (SAM, BAM, and BED) in the 'human' directory are created once per sub-project and remain unchanged across runs.
Intermediate metagenomic files in the 'metagenomic' directory are overwritten with each run and should be inspected beforehand if desired.
Results are stored in the 'results' directory (including FastQC, host DNA analysis, and run-specific results like Kraken2 and Bracken).

================================================= METAGENOMIC ABUNDANCE ESTIMATION =================================================
⚠️  This step assumes reads have already been trimmed with Trimmomatic and host DNA removed with Bowtie2. Processed reads must be in the correct directory.

Processing sample: ZC1_S4

Classifying metagenomic reads with Kraken2...
kraken2 --db "/scratch/users/k24087895/final_project/data/databases/k2_housepets_250510/" --threads 8 --report "../zymobiomics_folder/results/runs/run_2305_1554/reports/ZC1_S4.k2report" 		--report-minimizer-data --paired --minimum-hit-groups 10 		--classified-out "../zymobiomics_folder/processed_data/metagenomic/classified/ZC1_S4_classified#.fastq" --unclassified-out "../zymobiomics_folder/processed_data/metagenomic/unclassified/ZC1_S4_unclassified#.fastq" 		--output "../zymobiomics_folder/processed_data/metagenomic/kraken2/ZC1_S4.kraken2" --use-names "../zymobiomics_folder/processed_data/metagenomic/filtered_fastq/ZC1_S4_metagenomic.1" "../zymobiomics_folder/processed_data/metagenomic/filtered_fastq/ZC1_S4_metagenomic.2" 2>&1
Loading database information... done.
287710 sequences (51.71 Mbp) processed in 1.545s (11170.8 Kseq/m, 2007.75 Mbp/m).
  43 sequences classified (0.01%)
  287667 sequences unclassified (99.99%)
✅  Classification complete.

Estimating species abundance with Bracken...
 >> Checking for Valid Options...
 >> Running Bracken 
      >> python src/est_abundance.py -i ../zymobiomics_folder/results/runs/run_2305_1554/reports/ZC1_S4.k2report -o ../zymobiomics_folder/processed_data/metagenomic/bracken/ZC1_S4.bracken -k /scratch/users/k24087895/final_project/data/databases/k2_housepets_250510/database100mers.kmer_distrib -l S -t 0
>> Checking report file: ../zymobiomics_folder/results/runs/run_2305_1554/reports/ZC1_S4.k2report
PROGRAM START TIME: 05-23-2025 14:55:19
BRACKEN SUMMARY (Kraken report: ../zymobiomics_folder/results/runs/run_2305_1554/reports/ZC1_S4.k2report)
    >>> Threshold: 0 
    >>> Number of species in sample: 4 
	  >> Number of species with reads > threshold: 4 
	  >> Number of species with reads < threshold: 0 
    >>> Total reads in sample: 287710
	  >> Total reads kept at species level (reads > threshold): 26
	  >> Total reads discarded (species reads < threshold): 0
	  >> Reads distributed: 17
	  >> Reads not distributed (eg. no species above threshold): 0
	  >> Unclassified reads: 287667
BRACKEN OUTPUT PRODUCED: ../zymobiomics_folder/processed_data/metagenomic/bracken/ZC1_S4.bracken
PROGRAM END TIME: 05-23-2025 14:55:19
  Bracken complete.
✅  Abundance estimated.

Generating Krona visualization...
Writing ../zymobiomics_folder/results/runs/run_2305_1554/krona/ZC1_S4.krona.html...
✅  Krona plot generated.

Processing sample: ZC2_S5

Classifying metagenomic reads with Kraken2...
kraken2 --db "/scratch/users/k24087895/final_project/data/databases/k2_housepets_250510/" --threads 8 --report "../zymobiomics_folder/results/runs/run_2305_1554/reports/ZC2_S5.k2report" 		--report-minimizer-data --paired --minimum-hit-groups 10 		--classified-out "../zymobiomics_folder/processed_data/metagenomic/classified/ZC2_S5_classified#.fastq" --unclassified-out "../zymobiomics_folder/processed_data/metagenomic/unclassified/ZC2_S5_unclassified#.fastq" 		--output "../zymobiomics_folder/processed_data/metagenomic/kraken2/ZC2_S5.kraken2" --use-names "../zymobiomics_folder/processed_data/metagenomic/filtered_fastq/ZC2_S5_metagenomic.1" "../zymobiomics_folder/processed_data/metagenomic/filtered_fastq/ZC2_S5_metagenomic.2" 2>&1
Loading database information... done.
267582 sequences (38.37 Mbp) processed in 1.254s (12802.5 Kseq/m, 1835.69 Mbp/m).
  22 sequences classified (0.01%)
  267560 sequences unclassified (99.99%)
✅  Classification complete.

Estimating species abundance with Bracken...
 >> Checking for Valid Options...
 >> Running Bracken 
      >> python src/est_abundance.py -i ../zymobiomics_folder/results/runs/run_2305_1554/reports/ZC2_S5.k2report -o ../zymobiomics_folder/processed_data/metagenomic/bracken/ZC2_S5.bracken -k /scratch/users/k24087895/final_project/data/databases/k2_housepets_250510/database100mers.kmer_distrib -l S -t 0
>> Checking report file: ../zymobiomics_folder/results/runs/run_2305_1554/reports/ZC2_S5.k2report
PROGRAM START TIME: 05-23-2025 14:55:28
BRACKEN SUMMARY (Kraken report: ../zymobiomics_folder/results/runs/run_2305_1554/reports/ZC2_S5.k2report)
    >>> Threshold: 0 
    >>> Number of species in sample: 3 
	  >> Number of species with reads > threshold: 3 
	  >> Number of species with reads < threshold: 0 
    >>> Total reads in sample: 267582
	  >> Total reads kept at species level (reads > threshold): 18
	  >> Total reads discarded (species reads < threshold): 0
	  >> Reads distributed: 4
	  >> Reads not distributed (eg. no species above threshold): 0
	  >> Unclassified reads: 267560
BRACKEN OUTPUT PRODUCED: ../zymobiomics_folder/processed_data/metagenomic/bracken/ZC2_S5.bracken
PROGRAM END TIME: 05-23-2025 14:55:28
  Bracken complete.
✅  Abundance estimated.

Generating Krona visualization...
Writing ../zymobiomics_folder/results/runs/run_2305_1554/krona/ZC2_S5.krona.html...
✅  Krona plot generated.

Processing sample: ZC3_S6

Classifying metagenomic reads with Kraken2...
kraken2 --db "/scratch/users/k24087895/final_project/data/databases/k2_housepets_250510/" --threads 8 --report "../zymobiomics_folder/results/runs/run_2305_1554/reports/ZC3_S6.k2report" 		--report-minimizer-data --paired --minimum-hit-groups 10 		--classified-out "../zymobiomics_folder/processed_data/metagenomic/classified/ZC3_S6_classified#.fastq" --unclassified-out "../zymobiomics_folder/processed_data/metagenomic/unclassified/ZC3_S6_unclassified#.fastq" 		--output "../zymobiomics_folder/processed_data/metagenomic/kraken2/ZC3_S6.kraken2" --use-names "../zymobiomics_folder/processed_data/metagenomic/filtered_fastq/ZC3_S6_metagenomic.1" "../zymobiomics_folder/processed_data/metagenomic/filtered_fastq/ZC3_S6_metagenomic.2" 2>&1
Loading database information... done.
273941 sequences (42.88 Mbp) processed in 1.227s (13394.0 Kseq/m, 2096.34 Mbp/m).
  22 sequences classified (0.01%)
  273919 sequences unclassified (99.99%)
✅  Classification complete.

Estimating species abundance with Bracken...
 >> Checking for Valid Options...
 >> Running Bracken 
      >> python src/est_abundance.py -i ../zymobiomics_folder/results/runs/run_2305_1554/reports/ZC3_S6.k2report -o ../zymobiomics_folder/processed_data/metagenomic/bracken/ZC3_S6.bracken -k /scratch/users/k24087895/final_project/data/databases/k2_housepets_250510/database100mers.kmer_distrib -l S -t 0
>> Checking report file: ../zymobiomics_folder/results/runs/run_2305_1554/reports/ZC3_S6.k2report
PROGRAM START TIME: 05-23-2025 14:55:38
BRACKEN SUMMARY (Kraken report: ../zymobiomics_folder/results/runs/run_2305_1554/reports/ZC3_S6.k2report)
    >>> Threshold: 0 
    >>> Number of species in sample: 4 
	  >> Number of species with reads > threshold: 4 
	  >> Number of species with reads < threshold: 0 
    >>> Total reads in sample: 273941
	  >> Total reads kept at species level (reads > threshold): 16
	  >> Total reads discarded (species reads < threshold): 0
	  >> Reads distributed: 6
	  >> Reads not distributed (eg. no species above threshold): 0
	  >> Unclassified reads: 273919
BRACKEN OUTPUT PRODUCED: ../zymobiomics_folder/processed_data/metagenomic/bracken/ZC3_S6.bracken
PROGRAM END TIME: 05-23-2025 14:55:38
  Bracken complete.
✅  Abundance estimated.

Generating Krona visualization...
Writing ../zymobiomics_folder/results/runs/run_2305_1554/krona/ZC3_S6.krona.html...
✅  Krona plot generated.

Processing sample: ZC4_S7

Classifying metagenomic reads with Kraken2...
kraken2 --db "/scratch/users/k24087895/final_project/data/databases/k2_housepets_250510/" --threads 8 --report "../zymobiomics_folder/results/runs/run_2305_1554/reports/ZC4_S7.k2report" 		--report-minimizer-data --paired --minimum-hit-groups 10 		--classified-out "../zymobiomics_folder/processed_data/metagenomic/classified/ZC4_S7_classified#.fastq" --unclassified-out "../zymobiomics_folder/processed_data/metagenomic/unclassified/ZC4_S7_unclassified#.fastq" 		--output "../zymobiomics_folder/processed_data/metagenomic/kraken2/ZC4_S7.kraken2" --use-names "../zymobiomics_folder/processed_data/metagenomic/filtered_fastq/ZC4_S7_metagenomic.1" "../zymobiomics_folder/processed_data/metagenomic/filtered_fastq/ZC4_S7_metagenomic.2" 2>&1
Loading database information... done.
238874 sequences (35.00 Mbp) processed in 0.975s (14695.9 Kseq/m, 2153.40 Mbp/m).
  15 sequences classified (0.01%)
  238859 sequences unclassified (99.99%)
✅  Classification complete.

Estimating species abundance with Bracken...
 >> Checking for Valid Options...
 >> Running Bracken 
      >> python src/est_abundance.py -i ../zymobiomics_folder/results/runs/run_2305_1554/reports/ZC4_S7.k2report -o ../zymobiomics_folder/processed_data/metagenomic/bracken/ZC4_S7.bracken -k /scratch/users/k24087895/final_project/data/databases/k2_housepets_250510/database100mers.kmer_distrib -l S -t 0
>> Checking report file: ../zymobiomics_folder/results/runs/run_2305_1554/reports/ZC4_S7.k2report
PROGRAM START TIME: 05-23-2025 14:55:47
BRACKEN SUMMARY (Kraken report: ../zymobiomics_folder/results/runs/run_2305_1554/reports/ZC4_S7.k2report)
    >>> Threshold: 0 
    >>> Number of species in sample: 4 
	  >> Number of species with reads > threshold: 4 
	  >> Number of species with reads < threshold: 0 
    >>> Total reads in sample: 238874
	  >> Total reads kept at species level (reads > threshold): 9
	  >> Total reads discarded (species reads < threshold): 0
	  >> Reads distributed: 6
	  >> Reads not distributed (eg. no species above threshold): 0
	  >> Unclassified reads: 238859
BRACKEN OUTPUT PRODUCED: ../zymobiomics_folder/processed_data/metagenomic/bracken/ZC4_S7.bracken
PROGRAM END TIME: 05-23-2025 14:55:47
  Bracken complete.
✅  Abundance estimated.

Generating Krona visualization...
Writing ../zymobiomics_folder/results/runs/run_2305_1554/krona/ZC4_S7.krona.html...
✅  Krona plot generated.

Processing sample: ZP1_S20

Classifying metagenomic reads with Kraken2...
kraken2 --db "/scratch/users/k24087895/final_project/data/databases/k2_housepets_250510/" --threads 8 --report "../zymobiomics_folder/results/runs/run_2305_1554/reports/ZP1_S20.k2report" 		--report-minimizer-data --paired --minimum-hit-groups 10 		--classified-out "../zymobiomics_folder/processed_data/metagenomic/classified/ZP1_S20_classified#.fastq" --unclassified-out "../zymobiomics_folder/processed_data/metagenomic/unclassified/ZP1_S20_unclassified#.fastq" 		--output "../zymobiomics_folder/processed_data/metagenomic/kraken2/ZP1_S20.kraken2" --use-names "../zymobiomics_folder/processed_data/metagenomic/filtered_fastq/ZP1_S20_metagenomic.1" "../zymobiomics_folder/processed_data/metagenomic/filtered_fastq/ZP1_S20_metagenomic.2" 2>&1
Loading database information... done.
299531 sequences (46.78 Mbp) processed in 1.159s (15512.6 Kseq/m, 2422.94 Mbp/m).
  23 sequences classified (0.01%)
  299508 sequences unclassified (99.99%)
✅  Classification complete.

Estimating species abundance with Bracken...
 >> Checking for Valid Options...
 >> Running Bracken 
      >> python src/est_abundance.py -i ../zymobiomics_folder/results/runs/run_2305_1554/reports/ZP1_S20.k2report -o ../zymobiomics_folder/processed_data/metagenomic/bracken/ZP1_S20.bracken -k /scratch/users/k24087895/final_project/data/databases/k2_housepets_250510/database100mers.kmer_distrib -l S -t 0
>> Checking report file: ../zymobiomics_folder/results/runs/run_2305_1554/reports/ZP1_S20.k2report
PROGRAM START TIME: 05-23-2025 14:55:57
BRACKEN SUMMARY (Kraken report: ../zymobiomics_folder/results/runs/run_2305_1554/reports/ZP1_S20.k2report)
    >>> Threshold: 0 
    >>> Number of species in sample: 4 
	  >> Number of species with reads > threshold: 4 
	  >> Number of species with reads < threshold: 0 
    >>> Total reads in sample: 299531
	  >> Total reads kept at species level (reads > threshold): 17
	  >> Total reads discarded (species reads < threshold): 0
	  >> Reads distributed: 6
	  >> Reads not distributed (eg. no species above threshold): 0
	  >> Unclassified reads: 299508
BRACKEN OUTPUT PRODUCED: ../zymobiomics_folder/processed_data/metagenomic/bracken/ZP1_S20.bracken
PROGRAM END TIME: 05-23-2025 14:55:57
  Bracken complete.
✅  Abundance estimated.

Generating Krona visualization...
Writing ../zymobiomics_folder/results/runs/run_2305_1554/krona/ZP1_S20.krona.html...
✅  Krona plot generated.

Processing sample: ZP2_S21

Classifying metagenomic reads with Kraken2...
kraken2 --db "/scratch/users/k24087895/final_project/data/databases/k2_housepets_250510/" --threads 8 --report "../zymobiomics_folder/results/runs/run_2305_1554/reports/ZP2_S21.k2report" 		--report-minimizer-data --paired --minimum-hit-groups 10 		--classified-out "../zymobiomics_folder/processed_data/metagenomic/classified/ZP2_S21_classified#.fastq" --unclassified-out "../zymobiomics_folder/processed_data/metagenomic/unclassified/ZP2_S21_unclassified#.fastq" 		--output "../zymobiomics_folder/processed_data/metagenomic/kraken2/ZP2_S21.kraken2" --use-names "../zymobiomics_folder/processed_data/metagenomic/filtered_fastq/ZP2_S21_metagenomic.1" "../zymobiomics_folder/processed_data/metagenomic/filtered_fastq/ZP2_S21_metagenomic.2" 2>&1
Loading database information... done.
293442 sequences (42.99 Mbp) processed in 1.302s (13518.5 Kseq/m, 1980.54 Mbp/m).
  17 sequences classified (0.01%)
  293425 sequences unclassified (99.99%)
✅  Classification complete.

Estimating species abundance with Bracken...
 >> Checking for Valid Options...
 >> Running Bracken 
      >> python src/est_abundance.py -i ../zymobiomics_folder/results/runs/run_2305_1554/reports/ZP2_S21.k2report -o ../zymobiomics_folder/processed_data/metagenomic/bracken/ZP2_S21.bracken -k /scratch/users/k24087895/final_project/data/databases/k2_housepets_250510/database100mers.kmer_distrib -l S -t 0
>> Checking report file: ../zymobiomics_folder/results/runs/run_2305_1554/reports/ZP2_S21.k2report
PROGRAM START TIME: 05-23-2025 14:56:06
BRACKEN SUMMARY (Kraken report: ../zymobiomics_folder/results/runs/run_2305_1554/reports/ZP2_S21.k2report)
    >>> Threshold: 0 
    >>> Number of species in sample: 2 
	  >> Number of species with reads > threshold: 2 
	  >> Number of species with reads < threshold: 0 
    >>> Total reads in sample: 293442
	  >> Total reads kept at species level (reads > threshold): 9
	  >> Total reads discarded (species reads < threshold): 0
	  >> Reads distributed: 8
	  >> Reads not distributed (eg. no species above threshold): 0
	  >> Unclassified reads: 293425
BRACKEN OUTPUT PRODUCED: ../zymobiomics_folder/processed_data/metagenomic/bracken/ZP2_S21.bracken
PROGRAM END TIME: 05-23-2025 14:56:06
  Bracken complete.
✅  Abundance estimated.

Generating Krona visualization...
Writing ../zymobiomics_folder/results/runs/run_2305_1554/krona/ZP2_S21.krona.html...
✅  Krona plot generated.

Processing sample: ZP3_S22

Classifying metagenomic reads with Kraken2...
kraken2 --db "/scratch/users/k24087895/final_project/data/databases/k2_housepets_250510/" --threads 8 --report "../zymobiomics_folder/results/runs/run_2305_1554/reports/ZP3_S22.k2report" 		--report-minimizer-data --paired --minimum-hit-groups 10 		--classified-out "../zymobiomics_folder/processed_data/metagenomic/classified/ZP3_S22_classified#.fastq" --unclassified-out "../zymobiomics_folder/processed_data/metagenomic/unclassified/ZP3_S22_unclassified#.fastq" 		--output "../zymobiomics_folder/processed_data/metagenomic/kraken2/ZP3_S22.kraken2" --use-names "../zymobiomics_folder/processed_data/metagenomic/filtered_fastq/ZP3_S22_metagenomic.1" "../zymobiomics_folder/processed_data/metagenomic/filtered_fastq/ZP3_S22_metagenomic.2" 2>&1
Loading database information... done.
326854 sequences (47.05 Mbp) processed in 1.335s (14685.7 Kseq/m, 2113.89 Mbp/m).
  18 sequences classified (0.01%)
  326836 sequences unclassified (99.99%)
✅  Classification complete.

Estimating species abundance with Bracken...
 >> Checking for Valid Options...
 >> Running Bracken 
      >> python src/est_abundance.py -i ../zymobiomics_folder/results/runs/run_2305_1554/reports/ZP3_S22.k2report -o ../zymobiomics_folder/processed_data/metagenomic/bracken/ZP3_S22.bracken -k /scratch/users/k24087895/final_project/data/databases/k2_housepets_250510/database100mers.kmer_distrib -l S -t 0
>> Checking report file: ../zymobiomics_folder/results/runs/run_2305_1554/reports/ZP3_S22.k2report
PROGRAM START TIME: 05-23-2025 14:56:15
BRACKEN SUMMARY (Kraken report: ../zymobiomics_folder/results/runs/run_2305_1554/reports/ZP3_S22.k2report)
    >>> Threshold: 0 
    >>> Number of species in sample: 5 
	  >> Number of species with reads > threshold: 5 
	  >> Number of species with reads < threshold: 0 
    >>> Total reads in sample: 326854
	  >> Total reads kept at species level (reads > threshold): 16
	  >> Total reads discarded (species reads < threshold): 0
	  >> Reads distributed: 2
	  >> Reads not distributed (eg. no species above threshold): 0
	  >> Unclassified reads: 326836
BRACKEN OUTPUT PRODUCED: ../zymobiomics_folder/processed_data/metagenomic/bracken/ZP3_S22.bracken
PROGRAM END TIME: 05-23-2025 14:56:15
  Bracken complete.
✅  Abundance estimated.

Generating Krona visualization...
Writing ../zymobiomics_folder/results/runs/run_2305_1554/krona/ZP3_S22.krona.html...
✅  Krona plot generated.

Metagenomic classification completed in: 00:01:36

Calculating read length statistics...
ZC1_S4_metagenomic.1: mean = 90.3, median = 78.0
ZC2_S5_metagenomic.1: mean = 71.7, median = 63.0
ZC3_S6_metagenomic.1: mean = 78.4, median = 67.0
ZC4_S7_metagenomic.1: mean = 73.4, median = 62.0
ZP1_S20_metagenomic.1: mean = 78.2, median = 69.0
ZP2_S21_metagenomic.1: mean = 73.4, median = 64.0
ZP3_S22_metagenomic.1: mean = 72.0, median = 62.0
ZC1_S4_metagenomic.2: mean = 89.5, median = 78.0
ZC2_S5_metagenomic.2: mean = 71.7, median = 63.0
ZC3_S6_metagenomic.2: mean = 78.1, median = 67.0
ZC4_S7_metagenomic.2: mean = 73.2, median = 62.0
ZP1_S20_metagenomic.2: mean = 78.0, median = 69.0
ZP2_S21_metagenomic.2: mean = 73.1, median = 64.0
ZP3_S22_metagenomic.2: mean = 72.0, median = 63.0
ZC1_S4_classified_1.fastq: mean = 129.0, median = 123.0
ZC1_S4_classified_2.fastq: mean = 127.6, median = 123.0
ZC2_S5_classified_1.fastq: mean = 102.5, median = 97.0
ZC2_S5_classified_2.fastq: mean = 102.4, median = 97.0
ZC3_S6_classified_1.fastq: mean = 107.2, median = 91.5
ZC3_S6_classified_2.fastq: mean = 105.5, median = 91.5
ZC4_S7_classified_1.fastq: mean = 134.1, median = 135.0
ZC4_S7_classified_2.fastq: mean = 132.8, median = 135.0
ZP1_S20_classified_1.fastq: mean = 102.0, median = 77.0
ZP1_S20_classified_2.fastq: mean = 99.1, median = 77.0
ZP2_S21_classified_1.fastq: mean = 100.5, median = 103.0
ZP2_S21_classified_2.fastq: mean = 100.5, median = 103.0
ZP3_S22_classified_1.fastq: mean = 104.0, median = 95.5
ZP3_S22_classified_2.fastq: mean = 103.5, median = 95.5
ZC1_S4_unclassified_1.fastq: mean = 90.3, median = 78.0
ZC1_S4_unclassified_2.fastq: mean = 89.5, median = 78.0
ZC2_S5_unclassified_1.fastq: mean = 71.7, median = 63.0
ZC2_S5_unclassified_2.fastq: mean = 71.7, median = 63.0
ZC3_S6_unclassified_1.fastq: mean = 78.4, median = 67.0
ZC3_S6_unclassified_2.fastq: mean = 78.1, median = 67.0
ZC4_S7_unclassified_1.fastq: mean = 73.4, median = 62.0
ZC4_S7_unclassified_2.fastq: mean = 73.2, median = 62.0
ZP1_S20_unclassified_1.fastq: mean = 78.2, median = 69.0
ZP1_S20_unclassified_2.fastq: mean = 78.0, median = 69.0
ZP2_S21_unclassified_1.fastq: mean = 73.4, median = 64.0
ZP2_S21_unclassified_2.fastq: mean = 73.1, median = 64.0
ZP3_S22_unclassified_1.fastq: mean = 72.0, median = 62.0
ZP3_S22_unclassified_2.fastq: mean = 72.0, median = 63.0
✅ Statistics generated.

Combining Bracken reports...
Combined CSV file saved to: ../zymobiomics_folder/results/runs/run_2305_1554/combined_breports.csv 
✅ Bracken reports combined.

Copying SLURM job logs...
✅ SLURM job logs copied.

================================================= COMPARISON TO GROUND TRUTH =================================================

================================================= METAGENOMIC DIVERSITY ANALYSIS =================================================
Calculating alpha and beta diversity...
✅ Alpha diversity calculated.
null device 
          1 
Heatmap saved to: ../zymobiomics_folder/results/runs/run_2305_1554/diversity/beta_diversity_heatmap.png 
✅ Beta diversity heatmap generated.
✅  Diversity analysis completed successfully.

✅  Pipeline completed successfully.

Copying final SLURM job logs
