
================================================= ARGUMENT PARSING & VALIDATION =================================================

Raw FASTQ directory path: ../zymobiomics_folder/raw_data/
✅  Database set to: ../data/databases/k2_housepets_250510/
Quality Control & Trimming: Disabled ❌
⚠️  Optional, but must be done at least once on the raw reads for the pipeline to work.

Host DNA Removal: Disabled ❌
⚠️  Optional, but must be done at least once on the trimmed reads for the pipeline to work.

Kraken2/Bracken Database: ../data/databases/k2_housepets_250510/

================================================= CONDA ENVIRONMENT ACTIVATION ==================================================

✅ 'metagenomics' environment activated successfully.

====================================================== PROJECT STRUCTURE ======================================================

../zymobiomics_folder
├── processed_data
│   ├── human
│   │   ├── aligned_sam
│   │   ├── bed_files
│   │   └── sorted_bam
│   ├── metagenomic
│   │   ├── bracken
│   │   ├── classified
│   │   ├── filtered_fastq
│   │   ├── kraken2
│   │   └── unclassified
│   └── trimmed
│       ├── paired
│       └── unpaired
├── raw_data
└── results
    ├── fastqc
    │   ├── post_trimming
    │   └── pre_trimming
    ├── host_dna_analysis
    └── runs
        ├── run_2005_1637
        ├── run_2005_1655
        ├── run_2005_1658
        └── run_2005_1706

25 directories
Human DNA-related files (SAM, BAM, and BED) in the 'human' directory are created once per sub-project and remain unchanged across runs.
Intermediate metagenomic files in the 'metagenomic' directory are overwritten with each run and should be inspected beforehand if desired.
Results are stored in the 'results' directory (including FastQC, host DNA analysis, and run-specific results like Kraken2 and Bracken).

================================================= METAGENOMIC ABUNDANCE ESTIMATION =================================================
⚠️  This step assumes reads have already been trimmed with Trimmomatic and host DNA removed with Bowtie2. Processed reads must be in the correct directory.

Processing sample: ZC1_S4

Classifying metagenomic reads with Kraken2...
kraken2 --db "../data/databases/k2_housepets_250510/" --threads 8 --report "../zymobiomics_folder/results/runs/run_2005_1706/reports/ZC1_S4.k2report" 		--report-minimizer-data --paired --minimum-hit-groups 2 		--classified-out "../zymobiomics_folder/processed_data/metagenomic/classified/ZC1_S4_classified#.fastq" --unclassified-out "../zymobiomics_folder/processed_data/metagenomic/unclassified/ZC1_S4_unclassified#.fastq" 		--output "../zymobiomics_folder/processed_data/metagenomic/kraken2/ZC1_S4.kraken2" --use-names "../zymobiomics_folder/processed_data/metagenomic/filtered_fastq/ZC1_S4_metagenomic.1" "../zymobiomics_folder/processed_data/metagenomic/filtered_fastq/ZC1_S4_metagenomic.2" 2>&1
Loading database information... done.
287710 sequences (51.71 Mbp) processed in 1.127s (15313.2 Kseq/m, 2752.26 Mbp/m).
  805 sequences classified (0.28%)
  286905 sequences unclassified (99.72%)
✅  Classification complete.

Estimating species abundance with Bracken...
 >> Checking for Valid Options...
 >> Running Bracken 
      >> python src/est_abundance.py -i ../zymobiomics_folder/results/runs/run_2005_1706/reports/ZC1_S4.k2report -o ../zymobiomics_folder/processed_data/metagenomic/bracken/ZC1_S4.bracken -k ../data/databases/k2_housepets_250510/database100mers.kmer_distrib -l S -t 0
>> Checking report file: ../zymobiomics_folder/results/runs/run_2005_1706/reports/ZC1_S4.k2report
PROGRAM START TIME: 05-20-2025 16:07:22
BRACKEN SUMMARY (Kraken report: ../zymobiomics_folder/results/runs/run_2005_1706/reports/ZC1_S4.k2report)
    >>> Threshold: 0 
    >>> Number of species in sample: 11 
	  >> Number of species with reads > threshold: 11 
	  >> Number of species with reads < threshold: 0 
    >>> Total reads in sample: 287710
	  >> Total reads kept at species level (reads > threshold): 730
	  >> Total reads discarded (species reads < threshold): 0
	  >> Reads distributed: 75
	  >> Reads not distributed (eg. no species above threshold): 0
	  >> Unclassified reads: 286905
BRACKEN OUTPUT PRODUCED: ../zymobiomics_folder/processed_data/metagenomic/bracken/ZC1_S4.bracken
PROGRAM END TIME: 05-20-2025 16:07:22
  Bracken complete.
✅  Abundance estimated.

Generating Krona visualization...
Writing ../zymobiomics_folder/results/runs/run_2005_1706/krona/ZC1_S4.krona.html...
✅  Krona plot generated.

Processing sample: ZC2_S5

Classifying metagenomic reads with Kraken2...
kraken2 --db "../data/databases/k2_housepets_250510/" --threads 8 --report "../zymobiomics_folder/results/runs/run_2005_1706/reports/ZC2_S5.k2report" 		--report-minimizer-data --paired --minimum-hit-groups 2 		--classified-out "../zymobiomics_folder/processed_data/metagenomic/classified/ZC2_S5_classified#.fastq" --unclassified-out "../zymobiomics_folder/processed_data/metagenomic/unclassified/ZC2_S5_unclassified#.fastq" 		--output "../zymobiomics_folder/processed_data/metagenomic/kraken2/ZC2_S5.kraken2" --use-names "../zymobiomics_folder/processed_data/metagenomic/filtered_fastq/ZC2_S5_metagenomic.1" "../zymobiomics_folder/processed_data/metagenomic/filtered_fastq/ZC2_S5_metagenomic.2" 2>&1
Loading database information... done.
267582 sequences (38.37 Mbp) processed in 1.725s (9308.6 Kseq/m, 1334.71 Mbp/m).
  543 sequences classified (0.20%)
  267039 sequences unclassified (99.80%)
✅  Classification complete.

Estimating species abundance with Bracken...
 >> Checking for Valid Options...
 >> Running Bracken 
      >> python src/est_abundance.py -i ../zymobiomics_folder/results/runs/run_2005_1706/reports/ZC2_S5.k2report -o ../zymobiomics_folder/processed_data/metagenomic/bracken/ZC2_S5.bracken -k ../data/databases/k2_housepets_250510/database100mers.kmer_distrib -l S -t 0
>> Checking report file: ../zymobiomics_folder/results/runs/run_2005_1706/reports/ZC2_S5.k2report
PROGRAM START TIME: 05-20-2025 16:07:35
BRACKEN SUMMARY (Kraken report: ../zymobiomics_folder/results/runs/run_2005_1706/reports/ZC2_S5.k2report)
    >>> Threshold: 0 
    >>> Number of species in sample: 11 
	  >> Number of species with reads > threshold: 11 
	  >> Number of species with reads < threshold: 0 
    >>> Total reads in sample: 267582
	  >> Total reads kept at species level (reads > threshold): 489
	  >> Total reads discarded (species reads < threshold): 0
	  >> Reads distributed: 54
	  >> Reads not distributed (eg. no species above threshold): 0
	  >> Unclassified reads: 267039
BRACKEN OUTPUT PRODUCED: ../zymobiomics_folder/processed_data/metagenomic/bracken/ZC2_S5.bracken
PROGRAM END TIME: 05-20-2025 16:07:35
  Bracken complete.
✅  Abundance estimated.

Generating Krona visualization...
Writing ../zymobiomics_folder/results/runs/run_2005_1706/krona/ZC2_S5.krona.html...
✅  Krona plot generated.

Processing sample: ZC3_S6

Classifying metagenomic reads with Kraken2...
kraken2 --db "../data/databases/k2_housepets_250510/" --threads 8 --report "../zymobiomics_folder/results/runs/run_2005_1706/reports/ZC3_S6.k2report" 		--report-minimizer-data --paired --minimum-hit-groups 2 		--classified-out "../zymobiomics_folder/processed_data/metagenomic/classified/ZC3_S6_classified#.fastq" --unclassified-out "../zymobiomics_folder/processed_data/metagenomic/unclassified/ZC3_S6_unclassified#.fastq" 		--output "../zymobiomics_folder/processed_data/metagenomic/kraken2/ZC3_S6.kraken2" --use-names "../zymobiomics_folder/processed_data/metagenomic/filtered_fastq/ZC3_S6_metagenomic.1" "../zymobiomics_folder/processed_data/metagenomic/filtered_fastq/ZC3_S6_metagenomic.2" 2>&1
Loading database information... done.
273941 sequences (42.88 Mbp) processed in 1.131s (14536.7 Kseq/m, 2275.19 Mbp/m).
  778 sequences classified (0.28%)
  273163 sequences unclassified (99.72%)
✅  Classification complete.

Estimating species abundance with Bracken...
 >> Checking for Valid Options...
 >> Running Bracken 
      >> python src/est_abundance.py -i ../zymobiomics_folder/results/runs/run_2005_1706/reports/ZC3_S6.k2report -o ../zymobiomics_folder/processed_data/metagenomic/bracken/ZC3_S6.bracken -k ../data/databases/k2_housepets_250510/database100mers.kmer_distrib -l S -t 0
>> Checking report file: ../zymobiomics_folder/results/runs/run_2005_1706/reports/ZC3_S6.k2report
PROGRAM START TIME: 05-20-2025 16:07:47
BRACKEN SUMMARY (Kraken report: ../zymobiomics_folder/results/runs/run_2005_1706/reports/ZC3_S6.k2report)
    >>> Threshold: 0 
    >>> Number of species in sample: 11 
	  >> Number of species with reads > threshold: 11 
	  >> Number of species with reads < threshold: 0 
    >>> Total reads in sample: 273941
	  >> Total reads kept at species level (reads > threshold): 731
	  >> Total reads discarded (species reads < threshold): 0
	  >> Reads distributed: 47
	  >> Reads not distributed (eg. no species above threshold): 0
	  >> Unclassified reads: 273163
BRACKEN OUTPUT PRODUCED: ../zymobiomics_folder/processed_data/metagenomic/bracken/ZC3_S6.bracken
PROGRAM END TIME: 05-20-2025 16:07:47
  Bracken complete.
✅  Abundance estimated.

Generating Krona visualization...
Writing ../zymobiomics_folder/results/runs/run_2005_1706/krona/ZC3_S6.krona.html...
✅  Krona plot generated.

Processing sample: ZC4_S7

Classifying metagenomic reads with Kraken2...
kraken2 --db "../data/databases/k2_housepets_250510/" --threads 8 --report "../zymobiomics_folder/results/runs/run_2005_1706/reports/ZC4_S7.k2report" 		--report-minimizer-data --paired --minimum-hit-groups 2 		--classified-out "../zymobiomics_folder/processed_data/metagenomic/classified/ZC4_S7_classified#.fastq" --unclassified-out "../zymobiomics_folder/processed_data/metagenomic/unclassified/ZC4_S7_unclassified#.fastq" 		--output "../zymobiomics_folder/processed_data/metagenomic/kraken2/ZC4_S7.kraken2" --use-names "../zymobiomics_folder/processed_data/metagenomic/filtered_fastq/ZC4_S7_metagenomic.1" "../zymobiomics_folder/processed_data/metagenomic/filtered_fastq/ZC4_S7_metagenomic.2" 2>&1
Loading database information... done.
238874 sequences (35.00 Mbp) processed in 1.266s (11317.9 Kseq/m, 1658.42 Mbp/m).
  477 sequences classified (0.20%)
  238397 sequences unclassified (99.80%)
✅  Classification complete.

Estimating species abundance with Bracken...
 >> Checking for Valid Options...
 >> Running Bracken 
      >> python src/est_abundance.py -i ../zymobiomics_folder/results/runs/run_2005_1706/reports/ZC4_S7.k2report -o ../zymobiomics_folder/processed_data/metagenomic/bracken/ZC4_S7.bracken -k ../data/databases/k2_housepets_250510/database100mers.kmer_distrib -l S -t 0
>> Checking report file: ../zymobiomics_folder/results/runs/run_2005_1706/reports/ZC4_S7.k2report
PROGRAM START TIME: 05-20-2025 16:07:59
BRACKEN SUMMARY (Kraken report: ../zymobiomics_folder/results/runs/run_2005_1706/reports/ZC4_S7.k2report)
    >>> Threshold: 0 
    >>> Number of species in sample: 11 
	  >> Number of species with reads > threshold: 11 
	  >> Number of species with reads < threshold: 0 
    >>> Total reads in sample: 238874
	  >> Total reads kept at species level (reads > threshold): 432
	  >> Total reads discarded (species reads < threshold): 0
	  >> Reads distributed: 45
	  >> Reads not distributed (eg. no species above threshold): 0
	  >> Unclassified reads: 238397
BRACKEN OUTPUT PRODUCED: ../zymobiomics_folder/processed_data/metagenomic/bracken/ZC4_S7.bracken
PROGRAM END TIME: 05-20-2025 16:07:59
  Bracken complete.
✅  Abundance estimated.

Generating Krona visualization...
Writing ../zymobiomics_folder/results/runs/run_2005_1706/krona/ZC4_S7.krona.html...
✅  Krona plot generated.

Processing sample: ZP1_S20

Classifying metagenomic reads with Kraken2...
kraken2 --db "../data/databases/k2_housepets_250510/" --threads 8 --report "../zymobiomics_folder/results/runs/run_2005_1706/reports/ZP1_S20.k2report" 		--report-minimizer-data --paired --minimum-hit-groups 2 		--classified-out "../zymobiomics_folder/processed_data/metagenomic/classified/ZP1_S20_classified#.fastq" --unclassified-out "../zymobiomics_folder/processed_data/metagenomic/unclassified/ZP1_S20_unclassified#.fastq" 		--output "../zymobiomics_folder/processed_data/metagenomic/kraken2/ZP1_S20.kraken2" --use-names "../zymobiomics_folder/processed_data/metagenomic/filtered_fastq/ZP1_S20_metagenomic.1" "../zymobiomics_folder/processed_data/metagenomic/filtered_fastq/ZP1_S20_metagenomic.2" 2>&1
Loading database information... done.
299531 sequences (46.78 Mbp) processed in 2.055s (8745.2 Kseq/m, 1365.93 Mbp/m).
  753 sequences classified (0.25%)
  298778 sequences unclassified (99.75%)
✅  Classification complete.

Estimating species abundance with Bracken...
 >> Checking for Valid Options...
 >> Running Bracken 
      >> python src/est_abundance.py -i ../zymobiomics_folder/results/runs/run_2005_1706/reports/ZP1_S20.k2report -o ../zymobiomics_folder/processed_data/metagenomic/bracken/ZP1_S20.bracken -k ../data/databases/k2_housepets_250510/database100mers.kmer_distrib -l S -t 0
>> Checking report file: ../zymobiomics_folder/results/runs/run_2005_1706/reports/ZP1_S20.k2report
PROGRAM START TIME: 05-20-2025 16:08:12
BRACKEN SUMMARY (Kraken report: ../zymobiomics_folder/results/runs/run_2005_1706/reports/ZP1_S20.k2report)
    >>> Threshold: 0 
    >>> Number of species in sample: 11 
	  >> Number of species with reads > threshold: 11 
	  >> Number of species with reads < threshold: 0 
    >>> Total reads in sample: 299531
	  >> Total reads kept at species level (reads > threshold): 693
	  >> Total reads discarded (species reads < threshold): 0
	  >> Reads distributed: 60
	  >> Reads not distributed (eg. no species above threshold): 0
	  >> Unclassified reads: 298778
BRACKEN OUTPUT PRODUCED: ../zymobiomics_folder/processed_data/metagenomic/bracken/ZP1_S20.bracken
PROGRAM END TIME: 05-20-2025 16:08:12
  Bracken complete.
✅  Abundance estimated.

Generating Krona visualization...
Writing ../zymobiomics_folder/results/runs/run_2005_1706/krona/ZP1_S20.krona.html...
✅  Krona plot generated.

Processing sample: ZP2_S21

Classifying metagenomic reads with Kraken2...
kraken2 --db "../data/databases/k2_housepets_250510/" --threads 8 --report "../zymobiomics_folder/results/runs/run_2005_1706/reports/ZP2_S21.k2report" 		--report-minimizer-data --paired --minimum-hit-groups 2 		--classified-out "../zymobiomics_folder/processed_data/metagenomic/classified/ZP2_S21_classified#.fastq" --unclassified-out "../zymobiomics_folder/processed_data/metagenomic/unclassified/ZP2_S21_unclassified#.fastq" 		--output "../zymobiomics_folder/processed_data/metagenomic/kraken2/ZP2_S21.kraken2" --use-names "../zymobiomics_folder/processed_data/metagenomic/filtered_fastq/ZP2_S21_metagenomic.1" "../zymobiomics_folder/processed_data/metagenomic/filtered_fastq/ZP2_S21_metagenomic.2" 2>&1
Loading database information... done.
293442 sequences (42.99 Mbp) processed in 1.175s (14988.4 Kseq/m, 2195.89 Mbp/m).
  743 sequences classified (0.25%)
  292699 sequences unclassified (99.75%)
✅  Classification complete.

Estimating species abundance with Bracken...
 >> Checking for Valid Options...
 >> Running Bracken 
      >> python src/est_abundance.py -i ../zymobiomics_folder/results/runs/run_2005_1706/reports/ZP2_S21.k2report -o ../zymobiomics_folder/processed_data/metagenomic/bracken/ZP2_S21.bracken -k ../data/databases/k2_housepets_250510/database100mers.kmer_distrib -l S -t 0
>> Checking report file: ../zymobiomics_folder/results/runs/run_2005_1706/reports/ZP2_S21.k2report
PROGRAM START TIME: 05-20-2025 16:08:25
BRACKEN SUMMARY (Kraken report: ../zymobiomics_folder/results/runs/run_2005_1706/reports/ZP2_S21.k2report)
    >>> Threshold: 0 
    >>> Number of species in sample: 11 
	  >> Number of species with reads > threshold: 11 
	  >> Number of species with reads < threshold: 0 
    >>> Total reads in sample: 293442
	  >> Total reads kept at species level (reads > threshold): 691
	  >> Total reads discarded (species reads < threshold): 0
	  >> Reads distributed: 52
	  >> Reads not distributed (eg. no species above threshold): 0
	  >> Unclassified reads: 292699
BRACKEN OUTPUT PRODUCED: ../zymobiomics_folder/processed_data/metagenomic/bracken/ZP2_S21.bracken
PROGRAM END TIME: 05-20-2025 16:08:25
  Bracken complete.
✅  Abundance estimated.

Generating Krona visualization...
Writing ../zymobiomics_folder/results/runs/run_2005_1706/krona/ZP2_S21.krona.html...
✅  Krona plot generated.

Processing sample: ZP3_S22

Classifying metagenomic reads with Kraken2...
kraken2 --db "../data/databases/k2_housepets_250510/" --threads 8 --report "../zymobiomics_folder/results/runs/run_2005_1706/reports/ZP3_S22.k2report" 		--report-minimizer-data --paired --minimum-hit-groups 2 		--classified-out "../zymobiomics_folder/processed_data/metagenomic/classified/ZP3_S22_classified#.fastq" --unclassified-out "../zymobiomics_folder/processed_data/metagenomic/unclassified/ZP3_S22_unclassified#.fastq" 		--output "../zymobiomics_folder/processed_data/metagenomic/kraken2/ZP3_S22.kraken2" --use-names "../zymobiomics_folder/processed_data/metagenomic/filtered_fastq/ZP3_S22_metagenomic.1" "../zymobiomics_folder/processed_data/metagenomic/filtered_fastq/ZP3_S22_metagenomic.2" 2>&1
Loading database information... done.
326854 sequences (47.05 Mbp) processed in 1.444s (13578.1 Kseq/m, 1954.47 Mbp/m).
  693 sequences classified (0.21%)
  326161 sequences unclassified (99.79%)
✅  Classification complete.

Estimating species abundance with Bracken...
 >> Checking for Valid Options...
 >> Running Bracken 
      >> python src/est_abundance.py -i ../zymobiomics_folder/results/runs/run_2005_1706/reports/ZP3_S22.k2report -o ../zymobiomics_folder/processed_data/metagenomic/bracken/ZP3_S22.bracken -k ../data/databases/k2_housepets_250510/database100mers.kmer_distrib -l S -t 0
>> Checking report file: ../zymobiomics_folder/results/runs/run_2005_1706/reports/ZP3_S22.k2report
PROGRAM START TIME: 05-20-2025 16:08:38
BRACKEN SUMMARY (Kraken report: ../zymobiomics_folder/results/runs/run_2005_1706/reports/ZP3_S22.k2report)
    >>> Threshold: 0 
    >>> Number of species in sample: 11 
	  >> Number of species with reads > threshold: 11 
	  >> Number of species with reads < threshold: 0 
    >>> Total reads in sample: 326854
	  >> Total reads kept at species level (reads > threshold): 647
	  >> Total reads discarded (species reads < threshold): 0
	  >> Reads distributed: 46
	  >> Reads not distributed (eg. no species above threshold): 0
	  >> Unclassified reads: 326161
BRACKEN OUTPUT PRODUCED: ../zymobiomics_folder/processed_data/metagenomic/bracken/ZP3_S22.bracken
PROGRAM END TIME: 05-20-2025 16:08:38
  Bracken complete.
✅  Abundance estimated.

Generating Krona visualization...
Writing ../zymobiomics_folder/results/runs/run_2005_1706/krona/ZP3_S22.krona.html...
✅  Krona plot generated.

Metagenomic classification completed in: 00:01:59

Calculating read length statistics...
ZC1_S4_metagenomic.1: mean = 90.3, median = 78.0
ZC2_S5_metagenomic.1: mean = 71.7, median = 63.0
ZC3_S6_metagenomic.1: mean = 78.4, median = 67.0
ZC4_S7_metagenomic.1: mean = 73.4, median = 62.0
ZP1_S20_metagenomic.1: mean = 78.2, median = 69.0
ZP2_S21_metagenomic.1: mean = 73.4, median = 64.0
ZP3_S22_metagenomic.1: mean = 72.0, median = 62.0
ZC1_S4_metagenomic.2: mean = 89.5, median = 78.0
ZC2_S5_metagenomic.2: mean = 71.7, median = 63.0
ZC3_S6_metagenomic.2: mean = 78.1, median = 67.0
ZC4_S7_metagenomic.2: mean = 73.2, median = 62.0
ZP1_S20_metagenomic.2: mean = 78.0, median = 69.0
ZP2_S21_metagenomic.2: mean = 73.1, median = 64.0
ZP3_S22_metagenomic.2: mean = 72.0, median = 63.0
ZC1_S4_classified_1.fastq: mean = 121.5, median = 117.0
ZC1_S4_classified_2.fastq: mean = 121.2, median = 117.0
ZC2_S5_classified_1.fastq: mean = 106.1, median = 100.0
ZC2_S5_classified_2.fastq: mean = 105.7, median = 101.0
ZC3_S6_classified_1.fastq: mean = 113.0, median = 104.5
ZC3_S6_classified_2.fastq: mean = 112.7, median = 104.5
ZC4_S7_classified_1.fastq: mean = 109.1, median = 99.0
ZC4_S7_classified_2.fastq: mean = 108.8, median = 99.0
ZP1_S20_classified_1.fastq: mean = 111.3, median = 103.0
ZP1_S20_classified_2.fastq: mean = 110.0, median = 103.0
ZP2_S21_classified_1.fastq: mean = 107.2, median = 100.0
ZP2_S21_classified_2.fastq: mean = 107.0, median = 100.0
ZP3_S22_classified_1.fastq: mean = 103.1, median = 97.0
ZP3_S22_classified_2.fastq: mean = 103.6, median = 98.0
ZC1_S4_unclassified_1.fastq: mean = 90.2, median = 78.0
ZC1_S4_unclassified_2.fastq: mean = 89.4, median = 78.0
ZC2_S5_unclassified_1.fastq: mean = 71.6, median = 63.0
ZC2_S5_unclassified_2.fastq: mean = 71.6, median = 63.0
ZC3_S6_unclassified_1.fastq: mean = 78.3, median = 67.0
ZC3_S6_unclassified_2.fastq: mean = 78.0, median = 67.0
ZC4_S7_unclassified_1.fastq: mean = 73.3, median = 62.0
ZC4_S7_unclassified_2.fastq: mean = 73.1, median = 62.0
ZP1_S20_unclassified_1.fastq: mean = 78.1, median = 69.0
ZP1_S20_unclassified_2.fastq: mean = 77.9, median = 69.0
ZP2_S21_unclassified_1.fastq: mean = 73.3, median = 64.0
ZP2_S21_unclassified_2.fastq: mean = 73.0, median = 64.0
ZP3_S22_unclassified_1.fastq: mean = 71.9, median = 62.0
ZP3_S22_unclassified_2.fastq: mean = 71.9, median = 63.0
✅ Statistics generated.

Combining Bracken reports...
Combined CSV file saved to: ../zymobiomics_folder/results/runs/run_2005_1706/combined_breports.csv 
✅ Bracken reports combined.

Copying SLURM job logs...
✅ SLURM job logs copied.

================================================= COMPARISON TO GROUND TRUTH =================================================

================================================= METAGENOMIC DIVERSITY ANALYSIS =================================================
Calculating alpha and beta diversity...
✅ Alpha diversity calculated.
null device 
          1 
Heatmap saved to: ../zymobiomics_folder/results/runs/run_2005_1706/diversity/beta_diversity_heatmap.png 
✅ Beta diversity heatmap generated.
✅  Diversity analysis completed successfully.

✅  Pipeline completed successfully.

Copying final SLURM job logs
