
================================================= ARGUMENT PARSING & VALIDATION =================================================

⚠️  Trimming and host DNA removal are optional but must be done once; if skipped, ensure trimmed and filtered files exist in the correct directories.\n
===== Pipeline Configuration Summary =====
Raw FASTQ directory path: /scratch/prj/aef_forensic_metagenomics/exposure_folder/raw_data
Kraken2/Bracken Database: /scratch/prj/aef_forensic_metagenomics/data/databases/k2_pluspfp_20250402
Ground Truth: Not provided ❌
Quality Control & Trimming: Disabled ❌
Host DNA Removal: Disabled ❌

================================================= CONDA ENVIRONMENT ACTIVATION ==================================================

✅ 'metagenomics' environment activated successfully.

====================================================== PROJECT STRUCTURE ======================================================

/scratch/prj/aef_forensic_metagenomics/exposure_folder
├── processed_data
│   ├── human
│   │   ├── aligned_sam
│   │   ├── bed_files
│   │   └── sorted_bam
│   ├── metagenomic
│   │   ├── bracken
│   │   ├── classified
│   │   ├── filtered_fastq
│   │   ├── kraken2
│   │   └── unclassified
│   └── trimmed
│       ├── paired
│       └── unpaired
├── raw_data
└── results
    ├── fastqc
    │   ├── post_trimming
    │   └── pre_trimming
    ├── host_dna_analysis
    └── runs
        ├── run_1506_1837
        ├── run_1506_1852
        ├── run_1506_1902
        ├── run_1506_1911
        ├── run_1506_1920
        ├── run_1506_1929
        ├── run_1506_1937
        ├── run_1506_1947
        ├── run_1506_1956
        ├── run_1506_2004
        ├── run_1506_2012
        ├── run_1506_2019
        ├── run_1506_2029
        ├── run_1506_2037
        ├── run_1506_2045
        ├── run_1506_2053
        ├── run_1506_2102
        ├── run_1506_2112
        ├── run_1506_2120
        ├── run_1506_2129
        ├── run_1506_2138
        ├── run_1506_2146
        ├── run_1506_2157
        ├── run_1506_2207
        ├── run_1506_2218
        ├── run_1506_2228
        ├── run_1506_2238
        ├── run_1506_2249
        ├── run_1506_2258
        ├── run_1506_2310
        ├── run_1506_2319
        ├── run_1506_2332
        ├── run_1506_2342
        ├── run_1506_2352
        ├── run_1606_0005
        ├── run_1606_0017
        ├── run_1606_0028
        ├── run_1606_0038
        ├── run_1606_0049
        ├── run_1606_0101
        ├── run_1606_0111
        ├── run_1606_0121
        ├── run_1606_0130
        ├── run_1606_0138
        ├── run_1606_0146
        ├── run_1606_0154
        ├── run_1606_0203
        ├── run_1606_0211
        ├── run_1606_0219
        ├── run_1606_0227
        ├── run_1606_0237
        ├── run_1606_0245
        ├── run_1606_0255
        ├── run_1606_0304
        ├── run_1606_0313
        ├── run_1606_0321
        ├── run_1606_0328
        ├── run_1606_0337
        ├── run_1606_0346
        ├── run_1606_0354
        ├── run_1606_0402
        ├── run_1606_0411
        ├── run_1606_0457
        ├── run_1606_0531
        ├── run_1606_0621
        ├── run_1606_0656
        ├── run_1606_0746
        ├── run_1606_0820
        ├── run_1606_0917
        ├── run_1606_1004
        ├── run_1606_1039
        ├── run_1606_1132
        ├── run_1606_1221
        └── run_1606_1312

95 directories
Human DNA-related files (SAM, BAM, and BED) in the 'human' directory are created once per sub-project and remain unchanged across runs.
Intermediate metagenomic files in the 'metagenomic' directory are overwritten with each run and should be inspected beforehand if desired.
Results are stored in the 'results' directory (including FastQC, host DNA analysis, and run-specific results like Kraken2 and Bracken).

================================================= METAGENOMIC ABUNDANCE ESTIMATION =================================================
⚠️  This step assumes reads have already been trimmed with Trimmomatic and host DNA removed with Bowtie2. Processed reads must be in the correct directory.

Processing sample: D1RP_S9

Classifying metagenomic reads with Kraken2...
kraken2 --db "/scratch/prj/aef_forensic_metagenomics/data/databases/k2_pluspfp_20250402" --threads 8 --report "/scratch/prj/aef_forensic_metagenomics/exposure_folder/results/runs/run_1606_1312/reports/D1RP_S9.k2report" 		--report-minimizer-data --paired --minimum-hit-groups 3 		--classified-out "/scratch/prj/aef_forensic_metagenomics/exposure_folder/processed_data/metagenomic/classified/D1RP_S9_classified#.fastq" --unclassified-out "/scratch/prj/aef_forensic_metagenomics/exposure_folder/processed_data/metagenomic/unclassified/D1RP_S9_unclassified#.fastq" 		--output "/scratch/prj/aef_forensic_metagenomics/exposure_folder/processed_data/metagenomic/kraken2/D1RP_S9.kraken2" --use-names "/scratch/prj/aef_forensic_metagenomics/exposure_folder/processed_data/metagenomic/filtered_fastq/D1RP_S9_metagenomic.1" "/scratch/prj/aef_forensic_metagenomics/exposure_folder/processed_data/metagenomic/filtered_fastq/D1RP_S9_metagenomic.2" 2>&1
Loading database information... done.
124006 sequences (32.63 Mbp) processed in 0.915s (8133.2 Kseq/m, 2140.17 Mbp/m).
  23944 sequences classified (19.31%)
  100062 sequences unclassified (80.69%)
✅  Classification complete.

Estimating species abundance with Bracken...
 >> Checking for Valid Options...
 >> Running Bracken 
      >> python src/est_abundance.py -i /scratch/prj/aef_forensic_metagenomics/exposure_folder/results/runs/run_1606_1312/reports/D1RP_S9.k2report -o /scratch/prj/aef_forensic_metagenomics/exposure_folder/processed_data/metagenomic/bracken/D1RP_S9.bracken -k /scratch/prj/aef_forensic_metagenomics/data/databases/k2_pluspfp_20250402/database100mers.kmer_distrib -l S -t 10
>> Checking report file: /scratch/prj/aef_forensic_metagenomics/exposure_folder/results/runs/run_1606_1312/reports/D1RP_S9.k2report
PROGRAM START TIME: 06-16-2025 12:20:10
BRACKEN SUMMARY (Kraken report: /scratch/prj/aef_forensic_metagenomics/exposure_folder/results/runs/run_1606_1312/reports/D1RP_S9.k2report)
    >>> Threshold: 10 
    >>> Number of species in sample: 628 
	  >> Number of species with reads > threshold: 94 
	  >> Number of species with reads < threshold: 534 
    >>> Total reads in sample: 124006
	  >> Total reads kept at species level (reads > threshold): 20551
	  >> Total reads discarded (species reads < threshold): 1086
	  >> Reads distributed: 1925
	  >> Reads not distributed (eg. no species above threshold): 382
	  >> Unclassified reads: 100062
BRACKEN OUTPUT PRODUCED: /scratch/prj/aef_forensic_metagenomics/exposure_folder/processed_data/metagenomic/bracken/D1RP_S9.bracken
PROGRAM END TIME: 06-16-2025 12:20:11
  Bracken complete.
✅  Abundance estimated.

Generating Krona visualization...
Writing /scratch/prj/aef_forensic_metagenomics/exposure_folder/results/runs/run_1606_1312/krona/D1RP_S9.krona.html...
✅  Krona plot generated.

Processing sample: D1SG_S1

Classifying metagenomic reads with Kraken2...
kraken2 --db "/scratch/prj/aef_forensic_metagenomics/data/databases/k2_pluspfp_20250402" --threads 8 --report "/scratch/prj/aef_forensic_metagenomics/exposure_folder/results/runs/run_1606_1312/reports/D1SG_S1.k2report" 		--report-minimizer-data --paired --minimum-hit-groups 3 		--classified-out "/scratch/prj/aef_forensic_metagenomics/exposure_folder/processed_data/metagenomic/classified/D1SG_S1_classified#.fastq" --unclassified-out "/scratch/prj/aef_forensic_metagenomics/exposure_folder/processed_data/metagenomic/unclassified/D1SG_S1_unclassified#.fastq" 		--output "/scratch/prj/aef_forensic_metagenomics/exposure_folder/processed_data/metagenomic/kraken2/D1SG_S1.kraken2" --use-names "/scratch/prj/aef_forensic_metagenomics/exposure_folder/processed_data/metagenomic/filtered_fastq/D1SG_S1_metagenomic.1" "/scratch/prj/aef_forensic_metagenomics/exposure_folder/processed_data/metagenomic/filtered_fastq/D1SG_S1_metagenomic.2" 2>&1
Loading database information... done.
155364 sequences (39.82 Mbp) processed in 1.201s (7760.6 Kseq/m, 1988.95 Mbp/m).
  50473 sequences classified (32.49%)
  104891 sequences unclassified (67.51%)
✅  Classification complete.

Estimating species abundance with Bracken...
 >> Checking for Valid Options...
 >> Running Bracken 
      >> python src/est_abundance.py -i /scratch/prj/aef_forensic_metagenomics/exposure_folder/results/runs/run_1606_1312/reports/D1SG_S1.k2report -o /scratch/prj/aef_forensic_metagenomics/exposure_folder/processed_data/metagenomic/bracken/D1SG_S1.bracken -k /scratch/prj/aef_forensic_metagenomics/data/databases/k2_pluspfp_20250402/database100mers.kmer_distrib -l S -t 10
>> Checking report file: /scratch/prj/aef_forensic_metagenomics/exposure_folder/results/runs/run_1606_1312/reports/D1SG_S1.k2report
PROGRAM START TIME: 06-16-2025 12:21:53
BRACKEN SUMMARY (Kraken report: /scratch/prj/aef_forensic_metagenomics/exposure_folder/results/runs/run_1606_1312/reports/D1SG_S1.k2report)
    >>> Threshold: 10 
    >>> Number of species in sample: 5119 
	  >> Number of species with reads > threshold: 428 
	  >> Number of species with reads < threshold: 4691 
    >>> Total reads in sample: 155364
	  >> Total reads kept at species level (reads > threshold): 26671
	  >> Total reads discarded (species reads < threshold): 12461
	  >> Reads distributed: 9319
	  >> Reads not distributed (eg. no species above threshold): 2022
	  >> Unclassified reads: 104891
BRACKEN OUTPUT PRODUCED: /scratch/prj/aef_forensic_metagenomics/exposure_folder/processed_data/metagenomic/bracken/D1SG_S1.bracken
PROGRAM END TIME: 06-16-2025 12:21:54
  Bracken complete.
✅  Abundance estimated.

Generating Krona visualization...
Writing /scratch/prj/aef_forensic_metagenomics/exposure_folder/results/runs/run_1606_1312/krona/D1SG_S1.krona.html...
✅  Krona plot generated.

Processing sample: D2RP_S10

Classifying metagenomic reads with Kraken2...
kraken2 --db "/scratch/prj/aef_forensic_metagenomics/data/databases/k2_pluspfp_20250402" --threads 8 --report "/scratch/prj/aef_forensic_metagenomics/exposure_folder/results/runs/run_1606_1312/reports/D2RP_S10.k2report" 		--report-minimizer-data --paired --minimum-hit-groups 3 		--classified-out "/scratch/prj/aef_forensic_metagenomics/exposure_folder/processed_data/metagenomic/classified/D2RP_S10_classified#.fastq" --unclassified-out "/scratch/prj/aef_forensic_metagenomics/exposure_folder/processed_data/metagenomic/unclassified/D2RP_S10_unclassified#.fastq" 		--output "/scratch/prj/aef_forensic_metagenomics/exposure_folder/processed_data/metagenomic/kraken2/D2RP_S10.kraken2" --use-names "/scratch/prj/aef_forensic_metagenomics/exposure_folder/processed_data/metagenomic/filtered_fastq/D2RP_S10_metagenomic.1" "/scratch/prj/aef_forensic_metagenomics/exposure_folder/processed_data/metagenomic/filtered_fastq/D2RP_S10_metagenomic.2" 2>&1
Loading database information... done.
122720 sequences (31.55 Mbp) processed in 0.791s (9313.6 Kseq/m, 2394.16 Mbp/m).
  104724 sequences classified (85.34%)
  17996 sequences unclassified (14.66%)
✅  Classification complete.

Estimating species abundance with Bracken...
 >> Checking for Valid Options...
 >> Running Bracken 
      >> python src/est_abundance.py -i /scratch/prj/aef_forensic_metagenomics/exposure_folder/results/runs/run_1606_1312/reports/D2RP_S10.k2report -o /scratch/prj/aef_forensic_metagenomics/exposure_folder/processed_data/metagenomic/bracken/D2RP_S10.bracken -k /scratch/prj/aef_forensic_metagenomics/data/databases/k2_pluspfp_20250402/database100mers.kmer_distrib -l S -t 10
>> Checking report file: /scratch/prj/aef_forensic_metagenomics/exposure_folder/results/runs/run_1606_1312/reports/D2RP_S10.k2report
PROGRAM START TIME: 06-16-2025 12:23:36
BRACKEN SUMMARY (Kraken report: /scratch/prj/aef_forensic_metagenomics/exposure_folder/results/runs/run_1606_1312/reports/D2RP_S10.k2report)
    >>> Threshold: 10 
    >>> Number of species in sample: 52 
	  >> Number of species with reads > threshold: 15 
	  >> Number of species with reads < threshold: 37 
    >>> Total reads in sample: 122720
	  >> Total reads kept at species level (reads > threshold): 101997
	  >> Total reads discarded (species reads < threshold): 82
	  >> Reads distributed: 2603
	  >> Reads not distributed (eg. no species above threshold): 42
	  >> Unclassified reads: 17996
BRACKEN OUTPUT PRODUCED: /scratch/prj/aef_forensic_metagenomics/exposure_folder/processed_data/metagenomic/bracken/D2RP_S10.bracken
PROGRAM END TIME: 06-16-2025 12:23:36
  Bracken complete.
✅  Abundance estimated.

Generating Krona visualization...
Writing /scratch/prj/aef_forensic_metagenomics/exposure_folder/results/runs/run_1606_1312/krona/D2RP_S10.krona.html...
✅  Krona plot generated.

Processing sample: D2SG_S2

Classifying metagenomic reads with Kraken2...
kraken2 --db "/scratch/prj/aef_forensic_metagenomics/data/databases/k2_pluspfp_20250402" --threads 8 --report "/scratch/prj/aef_forensic_metagenomics/exposure_folder/results/runs/run_1606_1312/reports/D2SG_S2.k2report" 		--report-minimizer-data --paired --minimum-hit-groups 3 		--classified-out "/scratch/prj/aef_forensic_metagenomics/exposure_folder/processed_data/metagenomic/classified/D2SG_S2_classified#.fastq" --unclassified-out "/scratch/prj/aef_forensic_metagenomics/exposure_folder/processed_data/metagenomic/unclassified/D2SG_S2_unclassified#.fastq" 		--output "/scratch/prj/aef_forensic_metagenomics/exposure_folder/processed_data/metagenomic/kraken2/D2SG_S2.kraken2" --use-names "/scratch/prj/aef_forensic_metagenomics/exposure_folder/processed_data/metagenomic/filtered_fastq/D2SG_S2_metagenomic.1" "/scratch/prj/aef_forensic_metagenomics/exposure_folder/processed_data/metagenomic/filtered_fastq/D2SG_S2_metagenomic.2" 2>&1
Loading database information... done.
27649 sequences (6.00 Mbp) processed in 0.589s (2816.5 Kseq/m, 611.13 Mbp/m).
  24372 sequences classified (88.15%)
  3277 sequences unclassified (11.85%)
✅  Classification complete.

Estimating species abundance with Bracken...
 >> Checking for Valid Options...
 >> Running Bracken 
      >> python src/est_abundance.py -i /scratch/prj/aef_forensic_metagenomics/exposure_folder/results/runs/run_1606_1312/reports/D2SG_S2.k2report -o /scratch/prj/aef_forensic_metagenomics/exposure_folder/processed_data/metagenomic/bracken/D2SG_S2.bracken -k /scratch/prj/aef_forensic_metagenomics/data/databases/k2_pluspfp_20250402/database100mers.kmer_distrib -l S -t 10
>> Checking report file: /scratch/prj/aef_forensic_metagenomics/exposure_folder/results/runs/run_1606_1312/reports/D2SG_S2.k2report
PROGRAM START TIME: 06-16-2025 12:25:19
BRACKEN SUMMARY (Kraken report: /scratch/prj/aef_forensic_metagenomics/exposure_folder/results/runs/run_1606_1312/reports/D2SG_S2.k2report)
    >>> Threshold: 10 
    >>> Number of species in sample: 496 
	  >> Number of species with reads > threshold: 43 
	  >> Number of species with reads < threshold: 453 
    >>> Total reads in sample: 27649
	  >> Total reads kept at species level (reads > threshold): 22189
	  >> Total reads discarded (species reads < threshold): 759
	  >> Reads distributed: 1232
	  >> Reads not distributed (eg. no species above threshold): 192
	  >> Unclassified reads: 3277
BRACKEN OUTPUT PRODUCED: /scratch/prj/aef_forensic_metagenomics/exposure_folder/processed_data/metagenomic/bracken/D2SG_S2.bracken
PROGRAM END TIME: 06-16-2025 12:25:19
  Bracken complete.
✅  Abundance estimated.

Generating Krona visualization...
Writing /scratch/prj/aef_forensic_metagenomics/exposure_folder/results/runs/run_1606_1312/krona/D2SG_S2.krona.html...
✅  Krona plot generated.

Processing sample: L1RP_S13

Classifying metagenomic reads with Kraken2...
kraken2 --db "/scratch/prj/aef_forensic_metagenomics/data/databases/k2_pluspfp_20250402" --threads 8 --report "/scratch/prj/aef_forensic_metagenomics/exposure_folder/results/runs/run_1606_1312/reports/L1RP_S13.k2report" 		--report-minimizer-data --paired --minimum-hit-groups 3 		--classified-out "/scratch/prj/aef_forensic_metagenomics/exposure_folder/processed_data/metagenomic/classified/L1RP_S13_classified#.fastq" --unclassified-out "/scratch/prj/aef_forensic_metagenomics/exposure_folder/processed_data/metagenomic/unclassified/L1RP_S13_unclassified#.fastq" 		--output "/scratch/prj/aef_forensic_metagenomics/exposure_folder/processed_data/metagenomic/kraken2/L1RP_S13.kraken2" --use-names "/scratch/prj/aef_forensic_metagenomics/exposure_folder/processed_data/metagenomic/filtered_fastq/L1RP_S13_metagenomic.1" "/scratch/prj/aef_forensic_metagenomics/exposure_folder/processed_data/metagenomic/filtered_fastq/L1RP_S13_metagenomic.2" 2>&1
Loading database information... done.
164179 sequences (42.32 Mbp) processed in 1.073s (9179.8 Kseq/m, 2366.35 Mbp/m).
  6022 sequences classified (3.67%)
  158157 sequences unclassified (96.33%)
✅  Classification complete.

Estimating species abundance with Bracken...
 >> Checking for Valid Options...
 >> Running Bracken 
      >> python src/est_abundance.py -i /scratch/prj/aef_forensic_metagenomics/exposure_folder/results/runs/run_1606_1312/reports/L1RP_S13.k2report -o /scratch/prj/aef_forensic_metagenomics/exposure_folder/processed_data/metagenomic/bracken/L1RP_S13.bracken -k /scratch/prj/aef_forensic_metagenomics/data/databases/k2_pluspfp_20250402/database100mers.kmer_distrib -l S -t 10
>> Checking report file: /scratch/prj/aef_forensic_metagenomics/exposure_folder/results/runs/run_1606_1312/reports/L1RP_S13.k2report
PROGRAM START TIME: 06-16-2025 12:27:02
BRACKEN SUMMARY (Kraken report: /scratch/prj/aef_forensic_metagenomics/exposure_folder/results/runs/run_1606_1312/reports/L1RP_S13.k2report)
    >>> Threshold: 10 
    >>> Number of species in sample: 165 
	  >> Number of species with reads > threshold: 31 
	  >> Number of species with reads < threshold: 134 
    >>> Total reads in sample: 164179
	  >> Total reads kept at species level (reads > threshold): 5182
	  >> Total reads discarded (species reads < threshold): 299
	  >> Reads distributed: 360
	  >> Reads not distributed (eg. no species above threshold): 181
	  >> Unclassified reads: 158157
BRACKEN OUTPUT PRODUCED: /scratch/prj/aef_forensic_metagenomics/exposure_folder/processed_data/metagenomic/bracken/L1RP_S13.bracken
PROGRAM END TIME: 06-16-2025 12:27:02
  Bracken complete.
✅  Abundance estimated.

Generating Krona visualization...
Writing /scratch/prj/aef_forensic_metagenomics/exposure_folder/results/runs/run_1606_1312/krona/L1RP_S13.krona.html...
✅  Krona plot generated.

Processing sample: L1SG_S5

Classifying metagenomic reads with Kraken2...
kraken2 --db "/scratch/prj/aef_forensic_metagenomics/data/databases/k2_pluspfp_20250402" --threads 8 --report "/scratch/prj/aef_forensic_metagenomics/exposure_folder/results/runs/run_1606_1312/reports/L1SG_S5.k2report" 		--report-minimizer-data --paired --minimum-hit-groups 3 		--classified-out "/scratch/prj/aef_forensic_metagenomics/exposure_folder/processed_data/metagenomic/classified/L1SG_S5_classified#.fastq" --unclassified-out "/scratch/prj/aef_forensic_metagenomics/exposure_folder/processed_data/metagenomic/unclassified/L1SG_S5_unclassified#.fastq" 		--output "/scratch/prj/aef_forensic_metagenomics/exposure_folder/processed_data/metagenomic/kraken2/L1SG_S5.kraken2" --use-names "/scratch/prj/aef_forensic_metagenomics/exposure_folder/processed_data/metagenomic/filtered_fastq/L1SG_S5_metagenomic.1" "/scratch/prj/aef_forensic_metagenomics/exposure_folder/processed_data/metagenomic/filtered_fastq/L1SG_S5_metagenomic.2" 2>&1
Loading database information... done.
46411 sequences (11.17 Mbp) processed in 0.511s (5447.9 Kseq/m, 1310.78 Mbp/m).
  7224 sequences classified (15.57%)
  39187 sequences unclassified (84.43%)
✅  Classification complete.

Estimating species abundance with Bracken...
 >> Checking for Valid Options...
 >> Running Bracken 
      >> python src/est_abundance.py -i /scratch/prj/aef_forensic_metagenomics/exposure_folder/results/runs/run_1606_1312/reports/L1SG_S5.k2report -o /scratch/prj/aef_forensic_metagenomics/exposure_folder/processed_data/metagenomic/bracken/L1SG_S5.bracken -k /scratch/prj/aef_forensic_metagenomics/data/databases/k2_pluspfp_20250402/database100mers.kmer_distrib -l S -t 10
>> Checking report file: /scratch/prj/aef_forensic_metagenomics/exposure_folder/results/runs/run_1606_1312/reports/L1SG_S5.k2report
PROGRAM START TIME: 06-16-2025 12:28:45
BRACKEN SUMMARY (Kraken report: /scratch/prj/aef_forensic_metagenomics/exposure_folder/results/runs/run_1606_1312/reports/L1SG_S5.k2report)
    >>> Threshold: 10 
    >>> Number of species in sample: 1743 
	  >> Number of species with reads > threshold: 60 
	  >> Number of species with reads < threshold: 1683 
    >>> Total reads in sample: 46411
	  >> Total reads kept at species level (reads > threshold): 2421
	  >> Total reads discarded (species reads < threshold): 2812
	  >> Reads distributed: 1137
	  >> Reads not distributed (eg. no species above threshold): 854
	  >> Unclassified reads: 39187
BRACKEN OUTPUT PRODUCED: /scratch/prj/aef_forensic_metagenomics/exposure_folder/processed_data/metagenomic/bracken/L1SG_S5.bracken
PROGRAM END TIME: 06-16-2025 12:28:45
  Bracken complete.
✅  Abundance estimated.

Generating Krona visualization...
Writing /scratch/prj/aef_forensic_metagenomics/exposure_folder/results/runs/run_1606_1312/krona/L1SG_S5.krona.html...
✅  Krona plot generated.

Processing sample: L2RP_S14

Classifying metagenomic reads with Kraken2...
kraken2 --db "/scratch/prj/aef_forensic_metagenomics/data/databases/k2_pluspfp_20250402" --threads 8 --report "/scratch/prj/aef_forensic_metagenomics/exposure_folder/results/runs/run_1606_1312/reports/L2RP_S14.k2report" 		--report-minimizer-data --paired --minimum-hit-groups 3 		--classified-out "/scratch/prj/aef_forensic_metagenomics/exposure_folder/processed_data/metagenomic/classified/L2RP_S14_classified#.fastq" --unclassified-out "/scratch/prj/aef_forensic_metagenomics/exposure_folder/processed_data/metagenomic/unclassified/L2RP_S14_unclassified#.fastq" 		--output "/scratch/prj/aef_forensic_metagenomics/exposure_folder/processed_data/metagenomic/kraken2/L2RP_S14.kraken2" --use-names "/scratch/prj/aef_forensic_metagenomics/exposure_folder/processed_data/metagenomic/filtered_fastq/L2RP_S14_metagenomic.1" "/scratch/prj/aef_forensic_metagenomics/exposure_folder/processed_data/metagenomic/filtered_fastq/L2RP_S14_metagenomic.2" 2>&1
Loading database information... done.
129193 sequences (30.26 Mbp) processed in 0.776s (9990.5 Kseq/m, 2340.33 Mbp/m).
  108952 sequences classified (84.33%)
  20241 sequences unclassified (15.67%)
✅  Classification complete.

Estimating species abundance with Bracken...
 >> Checking for Valid Options...
 >> Running Bracken 
      >> python src/est_abundance.py -i /scratch/prj/aef_forensic_metagenomics/exposure_folder/results/runs/run_1606_1312/reports/L2RP_S14.k2report -o /scratch/prj/aef_forensic_metagenomics/exposure_folder/processed_data/metagenomic/bracken/L2RP_S14.bracken -k /scratch/prj/aef_forensic_metagenomics/data/databases/k2_pluspfp_20250402/database100mers.kmer_distrib -l S -t 10
>> Checking report file: /scratch/prj/aef_forensic_metagenomics/exposure_folder/results/runs/run_1606_1312/reports/L2RP_S14.k2report
PROGRAM START TIME: 06-16-2025 12:30:27
BRACKEN SUMMARY (Kraken report: /scratch/prj/aef_forensic_metagenomics/exposure_folder/results/runs/run_1606_1312/reports/L2RP_S14.k2report)
    >>> Threshold: 10 
    >>> Number of species in sample: 35 
	  >> Number of species with reads > threshold: 10 
	  >> Number of species with reads < threshold: 25 
    >>> Total reads in sample: 129193
	  >> Total reads kept at species level (reads > threshold): 98141
	  >> Total reads discarded (species reads < threshold): 54
	  >> Reads distributed: 10754
	  >> Reads not distributed (eg. no species above threshold): 3
	  >> Unclassified reads: 20241
BRACKEN OUTPUT PRODUCED: /scratch/prj/aef_forensic_metagenomics/exposure_folder/processed_data/metagenomic/bracken/L2RP_S14.bracken
PROGRAM END TIME: 06-16-2025 12:30:27
  Bracken complete.
✅  Abundance estimated.

Generating Krona visualization...
Writing /scratch/prj/aef_forensic_metagenomics/exposure_folder/results/runs/run_1606_1312/krona/L2RP_S14.krona.html...
✅  Krona plot generated.

Processing sample: L2SG_S6

Classifying metagenomic reads with Kraken2...
kraken2 --db "/scratch/prj/aef_forensic_metagenomics/data/databases/k2_pluspfp_20250402" --threads 8 --report "/scratch/prj/aef_forensic_metagenomics/exposure_folder/results/runs/run_1606_1312/reports/L2SG_S6.k2report" 		--report-minimizer-data --paired --minimum-hit-groups 3 		--classified-out "/scratch/prj/aef_forensic_metagenomics/exposure_folder/processed_data/metagenomic/classified/L2SG_S6_classified#.fastq" --unclassified-out "/scratch/prj/aef_forensic_metagenomics/exposure_folder/processed_data/metagenomic/unclassified/L2SG_S6_unclassified#.fastq" 		--output "/scratch/prj/aef_forensic_metagenomics/exposure_folder/processed_data/metagenomic/kraken2/L2SG_S6.kraken2" --use-names "/scratch/prj/aef_forensic_metagenomics/exposure_folder/processed_data/metagenomic/filtered_fastq/L2SG_S6_metagenomic.1" "/scratch/prj/aef_forensic_metagenomics/exposure_folder/processed_data/metagenomic/filtered_fastq/L2SG_S6_metagenomic.2" 2>&1
Loading database information... done.
10131 sequences (2.44 Mbp) processed in 0.371s (1638.3 Kseq/m, 394.88 Mbp/m).
  8753 sequences classified (86.40%)
  1378 sequences unclassified (13.60%)
✅  Classification complete.

Estimating species abundance with Bracken...
 >> Checking for Valid Options...
 >> Running Bracken 
      >> python src/est_abundance.py -i /scratch/prj/aef_forensic_metagenomics/exposure_folder/results/runs/run_1606_1312/reports/L2SG_S6.k2report -o /scratch/prj/aef_forensic_metagenomics/exposure_folder/processed_data/metagenomic/bracken/L2SG_S6.bracken -k /scratch/prj/aef_forensic_metagenomics/data/databases/k2_pluspfp_20250402/database100mers.kmer_distrib -l S -t 10
>> Checking report file: /scratch/prj/aef_forensic_metagenomics/exposure_folder/results/runs/run_1606_1312/reports/L2SG_S6.k2report
PROGRAM START TIME: 06-16-2025 12:32:03
BRACKEN SUMMARY (Kraken report: /scratch/prj/aef_forensic_metagenomics/exposure_folder/results/runs/run_1606_1312/reports/L2SG_S6.k2report)
    >>> Threshold: 10 
    >>> Number of species in sample: 172 
	  >> Number of species with reads > threshold: 9 
	  >> Number of species with reads < threshold: 163 
    >>> Total reads in sample: 10131
	  >> Total reads kept at species level (reads > threshold): 8263
	  >> Total reads discarded (species reads < threshold): 267
	  >> Reads distributed: 158
	  >> Reads not distributed (eg. no species above threshold): 65
	  >> Unclassified reads: 1378
BRACKEN OUTPUT PRODUCED: /scratch/prj/aef_forensic_metagenomics/exposure_folder/processed_data/metagenomic/bracken/L2SG_S6.bracken
PROGRAM END TIME: 06-16-2025 12:32:03
  Bracken complete.
✅  Abundance estimated.

Generating Krona visualization...
Writing /scratch/prj/aef_forensic_metagenomics/exposure_folder/results/runs/run_1606_1312/krona/L2SG_S6.krona.html...
✅  Krona plot generated.

Processing sample: S1RP_S11

Classifying metagenomic reads with Kraken2...
kraken2 --db "/scratch/prj/aef_forensic_metagenomics/data/databases/k2_pluspfp_20250402" --threads 8 --report "/scratch/prj/aef_forensic_metagenomics/exposure_folder/results/runs/run_1606_1312/reports/S1RP_S11.k2report" 		--report-minimizer-data --paired --minimum-hit-groups 3 		--classified-out "/scratch/prj/aef_forensic_metagenomics/exposure_folder/processed_data/metagenomic/classified/S1RP_S11_classified#.fastq" --unclassified-out "/scratch/prj/aef_forensic_metagenomics/exposure_folder/processed_data/metagenomic/unclassified/S1RP_S11_unclassified#.fastq" 		--output "/scratch/prj/aef_forensic_metagenomics/exposure_folder/processed_data/metagenomic/kraken2/S1RP_S11.kraken2" --use-names "/scratch/prj/aef_forensic_metagenomics/exposure_folder/processed_data/metagenomic/filtered_fastq/S1RP_S11_metagenomic.1" "/scratch/prj/aef_forensic_metagenomics/exposure_folder/processed_data/metagenomic/filtered_fastq/S1RP_S11_metagenomic.2" 2>&1
Loading database information... done.
133184 sequences (34.60 Mbp) processed in 0.857s (9324.7 Kseq/m, 2422.28 Mbp/m).
  1222 sequences classified (0.92%)
  131962 sequences unclassified (99.08%)
✅  Classification complete.

Estimating species abundance with Bracken...
 >> Checking for Valid Options...
 >> Running Bracken 
      >> python src/est_abundance.py -i /scratch/prj/aef_forensic_metagenomics/exposure_folder/results/runs/run_1606_1312/reports/S1RP_S11.k2report -o /scratch/prj/aef_forensic_metagenomics/exposure_folder/processed_data/metagenomic/bracken/S1RP_S11.bracken -k /scratch/prj/aef_forensic_metagenomics/data/databases/k2_pluspfp_20250402/database100mers.kmer_distrib -l S -t 10
>> Checking report file: /scratch/prj/aef_forensic_metagenomics/exposure_folder/results/runs/run_1606_1312/reports/S1RP_S11.k2report
PROGRAM START TIME: 06-16-2025 12:33:40
BRACKEN SUMMARY (Kraken report: /scratch/prj/aef_forensic_metagenomics/exposure_folder/results/runs/run_1606_1312/reports/S1RP_S11.k2report)
    >>> Threshold: 10 
    >>> Number of species in sample: 35 
	  >> Number of species with reads > threshold: 10 
	  >> Number of species with reads < threshold: 25 
    >>> Total reads in sample: 133184
	  >> Total reads kept at species level (reads > threshold): 1067
	  >> Total reads discarded (species reads < threshold): 51
	  >> Reads distributed: 83
	  >> Reads not distributed (eg. no species above threshold): 21
	  >> Unclassified reads: 131962
BRACKEN OUTPUT PRODUCED: /scratch/prj/aef_forensic_metagenomics/exposure_folder/processed_data/metagenomic/bracken/S1RP_S11.bracken
PROGRAM END TIME: 06-16-2025 12:33:40
  Bracken complete.
✅  Abundance estimated.

Generating Krona visualization...
Writing /scratch/prj/aef_forensic_metagenomics/exposure_folder/results/runs/run_1606_1312/krona/S1RP_S11.krona.html...
✅  Krona plot generated.

Processing sample: S1SG_S3

Classifying metagenomic reads with Kraken2...
kraken2 --db "/scratch/prj/aef_forensic_metagenomics/data/databases/k2_pluspfp_20250402" --threads 8 --report "/scratch/prj/aef_forensic_metagenomics/exposure_folder/results/runs/run_1606_1312/reports/S1SG_S3.k2report" 		--report-minimizer-data --paired --minimum-hit-groups 3 		--classified-out "/scratch/prj/aef_forensic_metagenomics/exposure_folder/processed_data/metagenomic/classified/S1SG_S3_classified#.fastq" --unclassified-out "/scratch/prj/aef_forensic_metagenomics/exposure_folder/processed_data/metagenomic/unclassified/S1SG_S3_unclassified#.fastq" 		--output "/scratch/prj/aef_forensic_metagenomics/exposure_folder/processed_data/metagenomic/kraken2/S1SG_S3.kraken2" --use-names "/scratch/prj/aef_forensic_metagenomics/exposure_folder/processed_data/metagenomic/filtered_fastq/S1SG_S3_metagenomic.1" "/scratch/prj/aef_forensic_metagenomics/exposure_folder/processed_data/metagenomic/filtered_fastq/S1SG_S3_metagenomic.2" 2>&1
Loading database information... done.
7003 sequences (1.59 Mbp) processed in 0.599s (700.9 Kseq/m, 159.16 Mbp/m).
  2866 sequences classified (40.93%)
  4137 sequences unclassified (59.07%)
✅  Classification complete.

Estimating species abundance with Bracken...
 >> Checking for Valid Options...
 >> Running Bracken 
      >> python src/est_abundance.py -i /scratch/prj/aef_forensic_metagenomics/exposure_folder/results/runs/run_1606_1312/reports/S1SG_S3.k2report -o /scratch/prj/aef_forensic_metagenomics/exposure_folder/processed_data/metagenomic/bracken/S1SG_S3.bracken -k /scratch/prj/aef_forensic_metagenomics/data/databases/k2_pluspfp_20250402/database100mers.kmer_distrib -l S -t 10
>> Checking report file: /scratch/prj/aef_forensic_metagenomics/exposure_folder/results/runs/run_1606_1312/reports/S1SG_S3.k2report
PROGRAM START TIME: 06-16-2025 12:35:16
BRACKEN SUMMARY (Kraken report: /scratch/prj/aef_forensic_metagenomics/exposure_folder/results/runs/run_1606_1312/reports/S1SG_S3.k2report)
    >>> Threshold: 10 
    >>> Number of species in sample: 637 
	  >> Number of species with reads > threshold: 15 
	  >> Number of species with reads < threshold: 622 
    >>> Total reads in sample: 7003
	  >> Total reads kept at species level (reads > threshold): 1340
	  >> Total reads discarded (species reads < threshold): 869
	  >> Reads distributed: 347
	  >> Reads not distributed (eg. no species above threshold): 310
	  >> Unclassified reads: 4137
BRACKEN OUTPUT PRODUCED: /scratch/prj/aef_forensic_metagenomics/exposure_folder/processed_data/metagenomic/bracken/S1SG_S3.bracken
PROGRAM END TIME: 06-16-2025 12:35:16
  Bracken complete.
✅  Abundance estimated.

Generating Krona visualization...
Writing /scratch/prj/aef_forensic_metagenomics/exposure_folder/results/runs/run_1606_1312/krona/S1SG_S3.krona.html...
✅  Krona plot generated.

Processing sample: S2RP_S12

Classifying metagenomic reads with Kraken2...
kraken2 --db "/scratch/prj/aef_forensic_metagenomics/data/databases/k2_pluspfp_20250402" --threads 8 --report "/scratch/prj/aef_forensic_metagenomics/exposure_folder/results/runs/run_1606_1312/reports/S2RP_S12.k2report" 		--report-minimizer-data --paired --minimum-hit-groups 3 		--classified-out "/scratch/prj/aef_forensic_metagenomics/exposure_folder/processed_data/metagenomic/classified/S2RP_S12_classified#.fastq" --unclassified-out "/scratch/prj/aef_forensic_metagenomics/exposure_folder/processed_data/metagenomic/unclassified/S2RP_S12_unclassified#.fastq" 		--output "/scratch/prj/aef_forensic_metagenomics/exposure_folder/processed_data/metagenomic/kraken2/S2RP_S12.kraken2" --use-names "/scratch/prj/aef_forensic_metagenomics/exposure_folder/processed_data/metagenomic/filtered_fastq/S2RP_S12_metagenomic.1" "/scratch/prj/aef_forensic_metagenomics/exposure_folder/processed_data/metagenomic/filtered_fastq/S2RP_S12_metagenomic.2" 2>&1
Loading database information... done.
236239 sequences (46.91 Mbp) processed in 1.285s (11027.4 Kseq/m, 2189.83 Mbp/m).
  164949 sequences classified (69.82%)
  71290 sequences unclassified (30.18%)
✅  Classification complete.

Estimating species abundance with Bracken...
 >> Checking for Valid Options...
 >> Running Bracken 
      >> python src/est_abundance.py -i /scratch/prj/aef_forensic_metagenomics/exposure_folder/results/runs/run_1606_1312/reports/S2RP_S12.k2report -o /scratch/prj/aef_forensic_metagenomics/exposure_folder/processed_data/metagenomic/bracken/S2RP_S12.bracken -k /scratch/prj/aef_forensic_metagenomics/data/databases/k2_pluspfp_20250402/database100mers.kmer_distrib -l S -t 10
>> Checking report file: /scratch/prj/aef_forensic_metagenomics/exposure_folder/results/runs/run_1606_1312/reports/S2RP_S12.k2report
PROGRAM START TIME: 06-16-2025 12:36:55
BRACKEN SUMMARY (Kraken report: /scratch/prj/aef_forensic_metagenomics/exposure_folder/results/runs/run_1606_1312/reports/S2RP_S12.k2report)
    >>> Threshold: 10 
    >>> Number of species in sample: 164 
	  >> Number of species with reads > threshold: 37 
	  >> Number of species with reads < threshold: 127 
    >>> Total reads in sample: 236239
	  >> Total reads kept at species level (reads > threshold): 148063
	  >> Total reads discarded (species reads < threshold): 256
	  >> Reads distributed: 16520
	  >> Reads not distributed (eg. no species above threshold): 110
	  >> Unclassified reads: 71290
BRACKEN OUTPUT PRODUCED: /scratch/prj/aef_forensic_metagenomics/exposure_folder/processed_data/metagenomic/bracken/S2RP_S12.bracken
PROGRAM END TIME: 06-16-2025 12:36:56
  Bracken complete.
✅  Abundance estimated.

Generating Krona visualization...
Writing /scratch/prj/aef_forensic_metagenomics/exposure_folder/results/runs/run_1606_1312/krona/S2RP_S12.krona.html...
✅  Krona plot generated.

Processing sample: S2SG_S4

Classifying metagenomic reads with Kraken2...
kraken2 --db "/scratch/prj/aef_forensic_metagenomics/data/databases/k2_pluspfp_20250402" --threads 8 --report "/scratch/prj/aef_forensic_metagenomics/exposure_folder/results/runs/run_1606_1312/reports/S2SG_S4.k2report" 		--report-minimizer-data --paired --minimum-hit-groups 3 		--classified-out "/scratch/prj/aef_forensic_metagenomics/exposure_folder/processed_data/metagenomic/classified/S2SG_S4_classified#.fastq" --unclassified-out "/scratch/prj/aef_forensic_metagenomics/exposure_folder/processed_data/metagenomic/unclassified/S2SG_S4_unclassified#.fastq" 		--output "/scratch/prj/aef_forensic_metagenomics/exposure_folder/processed_data/metagenomic/kraken2/S2SG_S4.kraken2" --use-names "/scratch/prj/aef_forensic_metagenomics/exposure_folder/processed_data/metagenomic/filtered_fastq/S2SG_S4_metagenomic.1" "/scratch/prj/aef_forensic_metagenomics/exposure_folder/processed_data/metagenomic/filtered_fastq/S2SG_S4_metagenomic.2" 2>&1
Loading database information... done.
5794 sequences (1.33 Mbp) processed in 0.250s (1390.3 Kseq/m, 319.98 Mbp/m).
  3980 sequences classified (68.69%)
  1814 sequences unclassified (31.31%)
✅  Classification complete.

Estimating species abundance with Bracken...
 >> Checking for Valid Options...
 >> Running Bracken 
      >> python src/est_abundance.py -i /scratch/prj/aef_forensic_metagenomics/exposure_folder/results/runs/run_1606_1312/reports/S2SG_S4.k2report -o /scratch/prj/aef_forensic_metagenomics/exposure_folder/processed_data/metagenomic/bracken/S2SG_S4.bracken -k /scratch/prj/aef_forensic_metagenomics/data/databases/k2_pluspfp_20250402/database100mers.kmer_distrib -l S -t 10
>> Checking report file: /scratch/prj/aef_forensic_metagenomics/exposure_folder/results/runs/run_1606_1312/reports/S2SG_S4.k2report
PROGRAM START TIME: 06-16-2025 12:38:37
BRACKEN SUMMARY (Kraken report: /scratch/prj/aef_forensic_metagenomics/exposure_folder/results/runs/run_1606_1312/reports/S2SG_S4.k2report)
    >>> Threshold: 10 
    >>> Number of species in sample: 356 
	  >> Number of species with reads > threshold: 36 
	  >> Number of species with reads < threshold: 320 
    >>> Total reads in sample: 5794
	  >> Total reads kept at species level (reads > threshold): 2840
	  >> Total reads discarded (species reads < threshold): 493
	  >> Reads distributed: 542
	  >> Reads not distributed (eg. no species above threshold): 105
	  >> Unclassified reads: 1814
BRACKEN OUTPUT PRODUCED: /scratch/prj/aef_forensic_metagenomics/exposure_folder/processed_data/metagenomic/bracken/S2SG_S4.bracken
PROGRAM END TIME: 06-16-2025 12:38:37
  Bracken complete.
✅  Abundance estimated.

Generating Krona visualization...
Writing /scratch/prj/aef_forensic_metagenomics/exposure_folder/results/runs/run_1606_1312/krona/S2SG_S4.krona.html...
✅  Krona plot generated.

Metagenomic classification completed in: 00:26:35

Calculating read length statistics...
D1RP_S9_metagenomic.1: mean = 132.8, median = 138.0
D1SG_S1_metagenomic.1: mean = 129.0, median = 130.0
D2RP_S10_metagenomic.1: mean = 129.6, median = 132.0
D2SG_S2_metagenomic.1: mean = 108.7, median = 102.0
L1RP_S13_metagenomic.1: mean = 129.4, median = 132.0
L1SG_S5_metagenomic.1: mean = 120.8, median = 116.0
L2RP_S14_metagenomic.1: mean = 117.3, median = 108.0
L2SG_S6_metagenomic.1: mean = 120.7, median = 116.0
S1RP_S11_metagenomic.1: mean = 130.7, median = 135.0
S1SG_S3_metagenomic.1: mean = 114.0, median = 107.0
S2RP_S12_metagenomic.1: mean = 99.5, median = 84.0
S2SG_S4_metagenomic.1: mean = 115.5, median = 107.0
D1RP_S9_metagenomic.2: mean = 130.4, median = 133.0
D1SG_S1_metagenomic.2: mean = 127.3, median = 128.0
D2RP_S10_metagenomic.2: mean = 127.5, median = 129.0
D2SG_S2_metagenomic.2: mean = 108.3, median = 101.0
L1RP_S13_metagenomic.2: mean = 128.3, median = 130.0
L1SG_S5_metagenomic.2: mean = 119.8, median = 115.0
L2RP_S14_metagenomic.2: mean = 116.9, median = 107.0
L2SG_S6_metagenomic.2: mean = 120.3, median = 116.0
S1RP_S11_metagenomic.2: mean = 129.1, median = 132.0
S1SG_S3_metagenomic.2: mean = 113.0, median = 107.0
S2RP_S12_metagenomic.2: mean = 99.1, median = 84.0
S2SG_S4_metagenomic.2: mean = 114.7, median = 107.0
D1RP_S9_classified_1.fastq: mean = 140.7, median = 152.0
D1RP_S9_classified_2.fastq: mean = 138.4, median = 147.0
D1SG_S1_classified_1.fastq: mean = 142.4, median = 153.0
D1SG_S1_classified_2.fastq: mean = 140.5, median = 149.0
D2RP_S10_classified_1.fastq: mean = 134.7, median = 140.0
D2RP_S10_classified_2.fastq: mean = 132.4, median = 136.0
D2SG_S2_classified_1.fastq: mean = 110.5, median = 105.0
D2SG_S2_classified_2.fastq: mean = 110.1, median = 104.0
L1RP_S13_classified_1.fastq: mean = 137.0, median = 144.0
L1RP_S13_classified_2.fastq: mean = 135.2, median = 142.0
L1SG_S5_classified_1.fastq: mean = 139.6, median = 146.0
L1SG_S5_classified_2.fastq: mean = 138.1, median = 143.0
L2RP_S14_classified_1.fastq: mean = 122.8, median = 116.0
L2RP_S14_classified_2.fastq: mean = 122.3, median = 115.0
L2SG_S6_classified_1.fastq: mean = 126.3, median = 124.0
L2SG_S6_classified_2.fastq: mean = 125.9, median = 123.0
S1RP_S11_classified_1.fastq: mean = 159.5, median = 186.0
S1RP_S11_classified_2.fastq: mean = 152.6, median = 169.5
S1SG_S3_classified_1.fastq: mean = 124.2, median = 122.0
S1SG_S3_classified_2.fastq: mean = 123.1, median = 121.0
S2RP_S12_classified_1.fastq: mean = 110.0, median = 98.0
S2RP_S12_classified_2.fastq: mean = 109.4, median = 97.0
S2SG_S4_classified_1.fastq: mean = 124.4, median = 120.0
S2SG_S4_classified_2.fastq: mean = 123.5, median = 119.0
D1RP_S9_unclassified_1.fastq: mean = 130.9, median = 135.0
D1RP_S9_unclassified_2.fastq: mean = 128.4, median = 130.0
D1SG_S1_unclassified_1.fastq: mean = 122.5, median = 119.0
D1SG_S1_unclassified_2.fastq: mean = 121.0, median = 116.0
D2RP_S10_unclassified_1.fastq: mean = 100.1, median = 75.0
D2RP_S10_unclassified_2.fastq: mean = 98.5, median = 73.0
D2SG_S2_unclassified_1.fastq: mean = 95.3, median = 79.0
D2SG_S2_unclassified_2.fastq: mean = 94.8, median = 79.0
L1RP_S13_unclassified_1.fastq: mean = 129.2, median = 131.0
L1RP_S13_unclassified_2.fastq: mean = 128.1, median = 129.0
L1SG_S5_unclassified_1.fastq: mean = 117.3, median = 110.0
L1SG_S5_unclassified_2.fastq: mean = 116.4, median = 109.0
L2RP_S14_unclassified_1.fastq: mean = 88.1, median = 59.0
L2RP_S14_unclassified_2.fastq: mean = 87.7, median = 59.0
L2SG_S6_unclassified_1.fastq: mean = 85.4, median = 66.0
L2SG_S6_unclassified_2.fastq: mean = 85.0, median = 65.5
S1RP_S11_unclassified_1.fastq: mean = 130.4, median = 135.0
S1RP_S11_unclassified_2.fastq: mean = 128.9, median = 131.0
S1SG_S3_unclassified_1.fastq: mean = 106.9, median = 96.0
S1SG_S3_unclassified_2.fastq: mean = 106.1, median = 96.0
S2RP_S12_unclassified_1.fastq: mean = 75.4, median = 58.0
S2RP_S12_unclassified_2.fastq: mean = 75.1, median = 58.0
S2SG_S4_unclassified_1.fastq: mean = 95.9, median = 78.0
S2SG_S4_unclassified_2.fastq: mean = 95.2, median = 77.0
✅ Statistics generated.

Combining Bracken reports...
✅ Bracken reports combined.

Copying SLURM job logs...
✅ SLURM job logs copied.

================================================= COMPARISON TO GROUND TRUTH =================================================

================================================= METAGENOMIC DIVERSITY ANALYSIS =================================================
Calculating alpha and beta diversity...
✅ Alpha diversity calculated.
✅ Beta diversity heatmap generated.
✅  Diversity analysis completed successfully.

✅  Pipeline completed successfully.

Copying final SLURM job logs
