
================================================= CONDA ENVIRONMENT ACTIVATION ==================================================

================================================= ARGUMENT PARSING & VALIDATION =================================================
Raw FASTQ directory path: /scratch/users/k24087895/final_project/metagenome_analysis/zymobiomics_folder/raw_data/
Database path: /scratch/users/k24087895/final_project/metagenome_analysis/data/databases/custom/

======================================================= PIPELINE SUMMARY ========================================================
Quality Control & Trimming: Disabled ❌
⚠️ This step is optional, but it must have been performed at least once on the raw reads for the rest of the pipeline to function correctly.

Host DNA Removal: Disabled ❌
Host DNA Bowtie2 Index Prefix: /scratch/users/k24087895/final_project/metagenome_analysis/data/bowtie_index/GRCh38_noalt_as/GRCh38_noalt_as
⚠️ This step is optional, but it must have been performed at least once on the trimmed reads for the rest of the pipeline to function correctly.

Kraken2/Bracken Database Path: /scratch/users/k24087895/final_project/metagenome_analysis/data/databases/custom/
=================================================================================================================================

====================================================== DIRECTORY STRUCTURE ======================================================
✅ All output directories created successfully.

================================================= METAGENOMIC ABUNDANCE ESTIMATION =================================================
⚠️ This step assumes reads have already been trimmed with Trimmomatic and host DNA removed with Bowtie2. Processed reads must be in the correct directory.

Processing sample: ZC1_S4

Classifying metagenomic reads with Kraken2...
kraken2 --db "/scratch/users/k24087895/final_project/metagenome_analysis/data/databases/custom/" --threads 8 --report "/scratch/users/k24087895/final_project/metagenome_analysis/zymobiomics_folder/results/runs/run_0504_0954/reports/ZC1_S4.k2report"                --report-minimizer-data --paired --minimum-hit-groups 2 --gzip-compressed                --classified-out "/scratch/users/k24087895/final_project/metagenome_analysis/zymobiomics_folder/processed_data/metagenomic/classified/ZC1_S4_classified#.fastq" --unclassified-out "/scratch/users/k24087895/final_project/metagenome_analysis/zymobiomics_folder/processed_data/metagenomic/unclassified/ZC1_S4_unclassified#.fastq"                "/scratch/users/k24087895/final_project/metagenome_analysis/zymobiomics_folder/processed_data/metagenomic/filtered_fastq/ZC1_S4_metagenomic.1.gz" "/scratch/users/k24087895/final_project/metagenome_analysis/zymobiomics_folder/processed_data/metagenomic/filtered_fastq/ZC1_S4_metagenomic.2.gz"                --output "/scratch/users/k24087895/final_project/metagenome_analysis/zymobiomics_folder/processed_data/metagenomic/kraken2/ZC1_S4.kraken2" --use-names 2>&1
Loading database information... done.
287718 sequences (51.94 Mbp) processed in 1.376s (12545.4 Kseq/m, 2264.62 Mbp/m).
  232855 sequences classified (80.93%)
  54863 sequences unclassified (19.07%)
✅ Classification complete.

Estimating species abundance with Bracken...
 >> Checking for Valid Options...
 >> Running Bracken 
      >> python src/est_abundance.py -i /scratch/users/k24087895/final_project/metagenome_analysis/zymobiomics_folder/results/runs/run_0504_0954/reports/ZC1_S4.k2report -o /scratch/users/k24087895/final_project/metagenome_analysis/zymobiomics_folder/processed_data/metagenomic/bracken/ZC1_S4.bracken -k /scratch/users/k24087895/final_project/metagenome_analysis/data/databases/custom/database100mers.kmer_distrib -l S -t 0
>> Checking report file: /scratch/users/k24087895/final_project/metagenome_analysis/zymobiomics_folder/results/runs/run_0504_0954/reports/ZC1_S4.k2report
PROGRAM START TIME: 04-05-2025 08:54:12
BRACKEN SUMMARY (Kraken report: /scratch/users/k24087895/final_project/metagenome_analysis/zymobiomics_folder/results/runs/run_0504_0954/reports/ZC1_S4.k2report)
    >>> Threshold: 0 
    >>> Number of species in sample: 10 
	  >> Number of species with reads > threshold: 10 
	  >> Number of species with reads < threshold: 0 
    >>> Total reads in sample: 287718
	  >> Total reads kept at species level (reads > threshold): 231848
	  >> Total reads discarded (species reads < threshold): 0
	  >> Reads distributed: 999
	  >> Reads not distributed (eg. no species above threshold): 8
	  >> Unclassified reads: 54863
BRACKEN OUTPUT PRODUCED: /scratch/users/k24087895/final_project/metagenome_analysis/zymobiomics_folder/processed_data/metagenomic/bracken/ZC1_S4.bracken
PROGRAM END TIME: 04-05-2025 08:54:12
  Bracken complete.
✅ Abundance estimated.

Generating Krona visualization...
Writing /scratch/users/k24087895/final_project/metagenome_analysis/zymobiomics_folder/results/runs/run_0504_0954/krona/ZC1_S4.krona.html...
✅ Krona plot generated.

Processing sample: ZC2_S5

Classifying metagenomic reads with Kraken2...
kraken2 --db "/scratch/users/k24087895/final_project/metagenome_analysis/data/databases/custom/" --threads 8 --report "/scratch/users/k24087895/final_project/metagenome_analysis/zymobiomics_folder/results/runs/run_0504_0954/reports/ZC2_S5.k2report"                --report-minimizer-data --paired --minimum-hit-groups 2 --gzip-compressed                --classified-out "/scratch/users/k24087895/final_project/metagenome_analysis/zymobiomics_folder/processed_data/metagenomic/classified/ZC2_S5_classified#.fastq" --unclassified-out "/scratch/users/k24087895/final_project/metagenome_analysis/zymobiomics_folder/processed_data/metagenomic/unclassified/ZC2_S5_unclassified#.fastq"                "/scratch/users/k24087895/final_project/metagenome_analysis/zymobiomics_folder/processed_data/metagenomic/filtered_fastq/ZC2_S5_metagenomic.1.gz" "/scratch/users/k24087895/final_project/metagenome_analysis/zymobiomics_folder/processed_data/metagenomic/filtered_fastq/ZC2_S5_metagenomic.2.gz"                --output "/scratch/users/k24087895/final_project/metagenome_analysis/zymobiomics_folder/processed_data/metagenomic/kraken2/ZC2_S5.kraken2" --use-names 2>&1
Loading database information... done.
267587 sequences (38.48 Mbp) processed in 1.054s (15227.6 Kseq/m, 2189.81 Mbp/m).
  209110 sequences classified (78.15%)
  58477 sequences unclassified (21.85%)
✅ Classification complete.

Estimating species abundance with Bracken...
 >> Checking for Valid Options...
 >> Running Bracken 
      >> python src/est_abundance.py -i /scratch/users/k24087895/final_project/metagenome_analysis/zymobiomics_folder/results/runs/run_0504_0954/reports/ZC2_S5.k2report -o /scratch/users/k24087895/final_project/metagenome_analysis/zymobiomics_folder/processed_data/metagenomic/bracken/ZC2_S5.bracken -k /scratch/users/k24087895/final_project/metagenome_analysis/data/databases/custom/database100mers.kmer_distrib -l S -t 0
>> Checking report file: /scratch/users/k24087895/final_project/metagenome_analysis/zymobiomics_folder/results/runs/run_0504_0954/reports/ZC2_S5.k2report
PROGRAM START TIME: 04-05-2025 08:54:14
BRACKEN SUMMARY (Kraken report: /scratch/users/k24087895/final_project/metagenome_analysis/zymobiomics_folder/results/runs/run_0504_0954/reports/ZC2_S5.k2report)
    >>> Threshold: 0 
    >>> Number of species in sample: 10 
	  >> Number of species with reads > threshold: 10 
	  >> Number of species with reads < threshold: 0 
    >>> Total reads in sample: 267587
	  >> Total reads kept at species level (reads > threshold): 207907
	  >> Total reads discarded (species reads < threshold): 0
	  >> Reads distributed: 1198
	  >> Reads not distributed (eg. no species above threshold): 5
	  >> Unclassified reads: 58477
BRACKEN OUTPUT PRODUCED: /scratch/users/k24087895/final_project/metagenome_analysis/zymobiomics_folder/processed_data/metagenomic/bracken/ZC2_S5.bracken
PROGRAM END TIME: 04-05-2025 08:54:14
  Bracken complete.
✅ Abundance estimated.

Generating Krona visualization...
Writing /scratch/users/k24087895/final_project/metagenome_analysis/zymobiomics_folder/results/runs/run_0504_0954/krona/ZC2_S5.krona.html...
✅ Krona plot generated.

Processing sample: ZC3_S6

Classifying metagenomic reads with Kraken2...
kraken2 --db "/scratch/users/k24087895/final_project/metagenome_analysis/data/databases/custom/" --threads 8 --report "/scratch/users/k24087895/final_project/metagenome_analysis/zymobiomics_folder/results/runs/run_0504_0954/reports/ZC3_S6.k2report"                --report-minimizer-data --paired --minimum-hit-groups 2 --gzip-compressed                --classified-out "/scratch/users/k24087895/final_project/metagenome_analysis/zymobiomics_folder/processed_data/metagenomic/classified/ZC3_S6_classified#.fastq" --unclassified-out "/scratch/users/k24087895/final_project/metagenome_analysis/zymobiomics_folder/processed_data/metagenomic/unclassified/ZC3_S6_unclassified#.fastq"                "/scratch/users/k24087895/final_project/metagenome_analysis/zymobiomics_folder/processed_data/metagenomic/filtered_fastq/ZC3_S6_metagenomic.1.gz" "/scratch/users/k24087895/final_project/metagenome_analysis/zymobiomics_folder/processed_data/metagenomic/filtered_fastq/ZC3_S6_metagenomic.2.gz"                --output "/scratch/users/k24087895/final_project/metagenome_analysis/zymobiomics_folder/processed_data/metagenomic/kraken2/ZC3_S6.kraken2" --use-names 2>&1
Loading database information... done.
273957 sequences (43.03 Mbp) processed in 1.400s (11744.6 Kseq/m, 1844.85 Mbp/m).
  213917 sequences classified (78.08%)
  60040 sequences unclassified (21.92%)
✅ Classification complete.

Estimating species abundance with Bracken...
 >> Checking for Valid Options...
 >> Running Bracken 
      >> python src/est_abundance.py -i /scratch/users/k24087895/final_project/metagenome_analysis/zymobiomics_folder/results/runs/run_0504_0954/reports/ZC3_S6.k2report -o /scratch/users/k24087895/final_project/metagenome_analysis/zymobiomics_folder/processed_data/metagenomic/bracken/ZC3_S6.bracken -k /scratch/users/k24087895/final_project/metagenome_analysis/data/databases/custom/database100mers.kmer_distrib -l S -t 0
>> Checking report file: /scratch/users/k24087895/final_project/metagenome_analysis/zymobiomics_folder/results/runs/run_0504_0954/reports/ZC3_S6.k2report
PROGRAM START TIME: 04-05-2025 08:54:15
BRACKEN SUMMARY (Kraken report: /scratch/users/k24087895/final_project/metagenome_analysis/zymobiomics_folder/results/runs/run_0504_0954/reports/ZC3_S6.k2report)
    >>> Threshold: 0 
    >>> Number of species in sample: 10 
	  >> Number of species with reads > threshold: 10 
	  >> Number of species with reads < threshold: 0 
    >>> Total reads in sample: 273957
	  >> Total reads kept at species level (reads > threshold): 212896
	  >> Total reads discarded (species reads < threshold): 0
	  >> Reads distributed: 1012
	  >> Reads not distributed (eg. no species above threshold): 9
	  >> Unclassified reads: 60040
BRACKEN OUTPUT PRODUCED: /scratch/users/k24087895/final_project/metagenome_analysis/zymobiomics_folder/processed_data/metagenomic/bracken/ZC3_S6.bracken
PROGRAM END TIME: 04-05-2025 08:54:15
  Bracken complete.
✅ Abundance estimated.

Generating Krona visualization...
Writing /scratch/users/k24087895/final_project/metagenome_analysis/zymobiomics_folder/results/runs/run_0504_0954/krona/ZC3_S6.krona.html...
✅ Krona plot generated.

Processing sample: ZC4_S7

Classifying metagenomic reads with Kraken2...
kraken2 --db "/scratch/users/k24087895/final_project/metagenome_analysis/data/databases/custom/" --threads 8 --report "/scratch/users/k24087895/final_project/metagenome_analysis/zymobiomics_folder/results/runs/run_0504_0954/reports/ZC4_S7.k2report"                --report-minimizer-data --paired --minimum-hit-groups 2 --gzip-compressed                --classified-out "/scratch/users/k24087895/final_project/metagenome_analysis/zymobiomics_folder/processed_data/metagenomic/classified/ZC4_S7_classified#.fastq" --unclassified-out "/scratch/users/k24087895/final_project/metagenome_analysis/zymobiomics_folder/processed_data/metagenomic/unclassified/ZC4_S7_unclassified#.fastq"                "/scratch/users/k24087895/final_project/metagenome_analysis/zymobiomics_folder/processed_data/metagenomic/filtered_fastq/ZC4_S7_metagenomic.1.gz" "/scratch/users/k24087895/final_project/metagenome_analysis/zymobiomics_folder/processed_data/metagenomic/filtered_fastq/ZC4_S7_metagenomic.2.gz"                --output "/scratch/users/k24087895/final_project/metagenome_analysis/zymobiomics_folder/processed_data/metagenomic/kraken2/ZC4_S7.kraken2" --use-names 2>&1
Loading database information... done.
238889 sequences (35.12 Mbp) processed in 1.005s (14255.0 Kseq/m, 2095.43 Mbp/m).
  184571 sequences classified (77.26%)
  54318 sequences unclassified (22.74%)
✅ Classification complete.

Estimating species abundance with Bracken...
 >> Checking for Valid Options...
 >> Running Bracken 
      >> python src/est_abundance.py -i /scratch/users/k24087895/final_project/metagenome_analysis/zymobiomics_folder/results/runs/run_0504_0954/reports/ZC4_S7.k2report -o /scratch/users/k24087895/final_project/metagenome_analysis/zymobiomics_folder/processed_data/metagenomic/bracken/ZC4_S7.bracken -k /scratch/users/k24087895/final_project/metagenome_analysis/data/databases/custom/database100mers.kmer_distrib -l S -t 0
>> Checking report file: /scratch/users/k24087895/final_project/metagenome_analysis/zymobiomics_folder/results/runs/run_0504_0954/reports/ZC4_S7.k2report
PROGRAM START TIME: 04-05-2025 08:54:17
BRACKEN SUMMARY (Kraken report: /scratch/users/k24087895/final_project/metagenome_analysis/zymobiomics_folder/results/runs/run_0504_0954/reports/ZC4_S7.k2report)
    >>> Threshold: 0 
    >>> Number of species in sample: 10 
	  >> Number of species with reads > threshold: 10 
	  >> Number of species with reads < threshold: 0 
    >>> Total reads in sample: 238889
	  >> Total reads kept at species level (reads > threshold): 183716
	  >> Total reads discarded (species reads < threshold): 0
	  >> Reads distributed: 851
	  >> Reads not distributed (eg. no species above threshold): 4
	  >> Unclassified reads: 54318
BRACKEN OUTPUT PRODUCED: /scratch/users/k24087895/final_project/metagenome_analysis/zymobiomics_folder/processed_data/metagenomic/bracken/ZC4_S7.bracken
PROGRAM END TIME: 04-05-2025 08:54:17
  Bracken complete.
✅ Abundance estimated.

Generating Krona visualization...
Writing /scratch/users/k24087895/final_project/metagenome_analysis/zymobiomics_folder/results/runs/run_0504_0954/krona/ZC4_S7.krona.html...
✅ Krona plot generated.

Processing sample: ZP1_S20

Classifying metagenomic reads with Kraken2...
kraken2 --db "/scratch/users/k24087895/final_project/metagenome_analysis/data/databases/custom/" --threads 8 --report "/scratch/users/k24087895/final_project/metagenome_analysis/zymobiomics_folder/results/runs/run_0504_0954/reports/ZP1_S20.k2report"                --report-minimizer-data --paired --minimum-hit-groups 2 --gzip-compressed                --classified-out "/scratch/users/k24087895/final_project/metagenome_analysis/zymobiomics_folder/processed_data/metagenomic/classified/ZP1_S20_classified#.fastq" --unclassified-out "/scratch/users/k24087895/final_project/metagenome_analysis/zymobiomics_folder/processed_data/metagenomic/unclassified/ZP1_S20_unclassified#.fastq"                "/scratch/users/k24087895/final_project/metagenome_analysis/zymobiomics_folder/processed_data/metagenomic/filtered_fastq/ZP1_S20_metagenomic.1.gz" "/scratch/users/k24087895/final_project/metagenome_analysis/zymobiomics_folder/processed_data/metagenomic/filtered_fastq/ZP1_S20_metagenomic.2.gz"                --output "/scratch/users/k24087895/final_project/metagenome_analysis/zymobiomics_folder/processed_data/metagenomic/kraken2/ZP1_S20.kraken2" --use-names 2>&1
Loading database information... done.
299544 sequences (46.94 Mbp) processed in 1.398s (12855.1 Kseq/m, 2014.42 Mbp/m).
  239689 sequences classified (80.02%)
  59855 sequences unclassified (19.98%)
✅ Classification complete.

Estimating species abundance with Bracken...
 >> Checking for Valid Options...
 >> Running Bracken 
      >> python src/est_abundance.py -i /scratch/users/k24087895/final_project/metagenome_analysis/zymobiomics_folder/results/runs/run_0504_0954/reports/ZP1_S20.k2report -o /scratch/users/k24087895/final_project/metagenome_analysis/zymobiomics_folder/processed_data/metagenomic/bracken/ZP1_S20.bracken -k /scratch/users/k24087895/final_project/metagenome_analysis/data/databases/custom/database100mers.kmer_distrib -l S -t 0
>> Checking report file: /scratch/users/k24087895/final_project/metagenome_analysis/zymobiomics_folder/results/runs/run_0504_0954/reports/ZP1_S20.k2report
PROGRAM START TIME: 04-05-2025 08:54:18
BRACKEN SUMMARY (Kraken report: /scratch/users/k24087895/final_project/metagenome_analysis/zymobiomics_folder/results/runs/run_0504_0954/reports/ZP1_S20.k2report)
    >>> Threshold: 0 
    >>> Number of species in sample: 10 
	  >> Number of species with reads > threshold: 10 
	  >> Number of species with reads < threshold: 0 
    >>> Total reads in sample: 299544
	  >> Total reads kept at species level (reads > threshold): 238667
	  >> Total reads discarded (species reads < threshold): 0
	  >> Reads distributed: 1019
	  >> Reads not distributed (eg. no species above threshold): 3
	  >> Unclassified reads: 59855
BRACKEN OUTPUT PRODUCED: /scratch/users/k24087895/final_project/metagenome_analysis/zymobiomics_folder/processed_data/metagenomic/bracken/ZP1_S20.bracken
PROGRAM END TIME: 04-05-2025 08:54:18
  Bracken complete.
✅ Abundance estimated.

Generating Krona visualization...
Writing /scratch/users/k24087895/final_project/metagenome_analysis/zymobiomics_folder/results/runs/run_0504_0954/krona/ZP1_S20.krona.html...
✅ Krona plot generated.

Processing sample: ZP2_S21

Classifying metagenomic reads with Kraken2...
kraken2 --db "/scratch/users/k24087895/final_project/metagenome_analysis/data/databases/custom/" --threads 8 --report "/scratch/users/k24087895/final_project/metagenome_analysis/zymobiomics_folder/results/runs/run_0504_0954/reports/ZP2_S21.k2report"                --report-minimizer-data --paired --minimum-hit-groups 2 --gzip-compressed                --classified-out "/scratch/users/k24087895/final_project/metagenome_analysis/zymobiomics_folder/processed_data/metagenomic/classified/ZP2_S21_classified#.fastq" --unclassified-out "/scratch/users/k24087895/final_project/metagenome_analysis/zymobiomics_folder/processed_data/metagenomic/unclassified/ZP2_S21_unclassified#.fastq"                "/scratch/users/k24087895/final_project/metagenome_analysis/zymobiomics_folder/processed_data/metagenomic/filtered_fastq/ZP2_S21_metagenomic.1.gz" "/scratch/users/k24087895/final_project/metagenome_analysis/zymobiomics_folder/processed_data/metagenomic/filtered_fastq/ZP2_S21_metagenomic.2.gz"                --output "/scratch/users/k24087895/final_project/metagenome_analysis/zymobiomics_folder/processed_data/metagenomic/kraken2/ZP2_S21.kraken2" --use-names 2>&1
Loading database information... done.
293458 sequences (43.16 Mbp) processed in 1.290s (13652.2 Kseq/m, 2007.71 Mbp/m).
  229930 sequences classified (78.35%)
  63528 sequences unclassified (21.65%)
✅ Classification complete.

Estimating species abundance with Bracken...
 >> Checking for Valid Options...
 >> Running Bracken 
      >> python src/est_abundance.py -i /scratch/users/k24087895/final_project/metagenome_analysis/zymobiomics_folder/results/runs/run_0504_0954/reports/ZP2_S21.k2report -o /scratch/users/k24087895/final_project/metagenome_analysis/zymobiomics_folder/processed_data/metagenomic/bracken/ZP2_S21.bracken -k /scratch/users/k24087895/final_project/metagenome_analysis/data/databases/custom/database100mers.kmer_distrib -l S -t 0
>> Checking report file: /scratch/users/k24087895/final_project/metagenome_analysis/zymobiomics_folder/results/runs/run_0504_0954/reports/ZP2_S21.k2report
PROGRAM START TIME: 04-05-2025 08:54:20
BRACKEN SUMMARY (Kraken report: /scratch/users/k24087895/final_project/metagenome_analysis/zymobiomics_folder/results/runs/run_0504_0954/reports/ZP2_S21.k2report)
    >>> Threshold: 0 
    >>> Number of species in sample: 10 
	  >> Number of species with reads > threshold: 10 
	  >> Number of species with reads < threshold: 0 
    >>> Total reads in sample: 293458
	  >> Total reads kept at species level (reads > threshold): 228874
	  >> Total reads discarded (species reads < threshold): 0
	  >> Reads distributed: 1056
	  >> Reads not distributed (eg. no species above threshold): 0
	  >> Unclassified reads: 63528
BRACKEN OUTPUT PRODUCED: /scratch/users/k24087895/final_project/metagenome_analysis/zymobiomics_folder/processed_data/metagenomic/bracken/ZP2_S21.bracken
PROGRAM END TIME: 04-05-2025 08:54:20
  Bracken complete.
✅ Abundance estimated.

Generating Krona visualization...
Writing /scratch/users/k24087895/final_project/metagenome_analysis/zymobiomics_folder/results/runs/run_0504_0954/krona/ZP2_S21.krona.html...
✅ Krona plot generated.

Processing sample: ZP3_S22

Classifying metagenomic reads with Kraken2...
kraken2 --db "/scratch/users/k24087895/final_project/metagenome_analysis/data/databases/custom/" --threads 8 --report "/scratch/users/k24087895/final_project/metagenome_analysis/zymobiomics_folder/results/runs/run_0504_0954/reports/ZP3_S22.k2report"                --report-minimizer-data --paired --minimum-hit-groups 2 --gzip-compressed                --classified-out "/scratch/users/k24087895/final_project/metagenome_analysis/zymobiomics_folder/processed_data/metagenomic/classified/ZP3_S22_classified#.fastq" --unclassified-out "/scratch/users/k24087895/final_project/metagenome_analysis/zymobiomics_folder/processed_data/metagenomic/unclassified/ZP3_S22_unclassified#.fastq"                "/scratch/users/k24087895/final_project/metagenome_analysis/zymobiomics_folder/processed_data/metagenomic/filtered_fastq/ZP3_S22_metagenomic.1.gz" "/scratch/users/k24087895/final_project/metagenome_analysis/zymobiomics_folder/processed_data/metagenomic/filtered_fastq/ZP3_S22_metagenomic.2.gz"                --output "/scratch/users/k24087895/final_project/metagenome_analysis/zymobiomics_folder/processed_data/metagenomic/kraken2/ZP3_S22.kraken2" --use-names 2>&1
Loading database information... done.
326874 sequences (47.19 Mbp) processed in 1.348s (14551.7 Kseq/m, 2100.81 Mbp/m).
  256656 sequences classified (78.52%)
  70218 sequences unclassified (21.48%)
✅ Classification complete.

Estimating species abundance with Bracken...
 >> Checking for Valid Options...
 >> Running Bracken 
      >> python src/est_abundance.py -i /scratch/users/k24087895/final_project/metagenome_analysis/zymobiomics_folder/results/runs/run_0504_0954/reports/ZP3_S22.k2report -o /scratch/users/k24087895/final_project/metagenome_analysis/zymobiomics_folder/processed_data/metagenomic/bracken/ZP3_S22.bracken -k /scratch/users/k24087895/final_project/metagenome_analysis/data/databases/custom/database100mers.kmer_distrib -l S -t 0
>> Checking report file: /scratch/users/k24087895/final_project/metagenome_analysis/zymobiomics_folder/results/runs/run_0504_0954/reports/ZP3_S22.k2report
PROGRAM START TIME: 04-05-2025 08:54:21
BRACKEN SUMMARY (Kraken report: /scratch/users/k24087895/final_project/metagenome_analysis/zymobiomics_folder/results/runs/run_0504_0954/reports/ZP3_S22.k2report)
    >>> Threshold: 0 
    >>> Number of species in sample: 10 
	  >> Number of species with reads > threshold: 10 
	  >> Number of species with reads < threshold: 0 
    >>> Total reads in sample: 326874
	  >> Total reads kept at species level (reads > threshold): 255371
	  >> Total reads discarded (species reads < threshold): 0
	  >> Reads distributed: 1283
	  >> Reads not distributed (eg. no species above threshold): 2
	  >> Unclassified reads: 70218
BRACKEN OUTPUT PRODUCED: /scratch/users/k24087895/final_project/metagenome_analysis/zymobiomics_folder/processed_data/metagenomic/bracken/ZP3_S22.bracken
PROGRAM END TIME: 04-05-2025 08:54:21
  Bracken complete.
✅ Abundance estimated.

Generating Krona visualization...
Writing /scratch/users/k24087895/final_project/metagenome_analysis/zymobiomics_folder/results/runs/run_0504_0954/krona/ZP3_S22.krona.html...
✅ Krona plot generated.

Metagenomic classification completed in: 00:00:11

================================================= TAXONOMY HEATMAP =================================================

================================================= METAGENOMIC DIVERSITY ANALYSIS =================================================
Calculating alpha and beta diversity...
✅ Alpha diversity calculated for all samples.
null device 
          1 
Heatmap saved to: /scratch/users/k24087895/final_project/metagenome_analysis/zymobiomics_folder/results/runs/run_0504_0954/diversity/beta_diversity_heatmap.png 
✅ Beta diversity heatmap generated.

==================================================== TOTAL READ EXTRACTION ====================================================
✅ Total read counts saved to: /scratch/users/k24087895/final_project/metagenome_analysis/zymobiomics_folder/processed_data/metagenomic/total_reads.csv

✅ Pipeline completed successfully.
Storing log file...
