
================================================= CONDA ENVIRONMENT ACTIVATION ==================================================

================================================= ARGUMENT PARSING & VALIDATION =================================================
Raw FASTQ directory path: /scratch/users/k24087895/final_project/metagenome_analysis/zymobiomics_folder/raw_data
Database path: /scratch/users/k24087895/final_project/metagenome_analysis/data/databases/k2_pluspfp_08gb_20241228

======================================================= PIPELINE SUMMARY ========================================================
Quality Control & Trimming: Disabled ❌
⚠️ This step is optional, but it must have been performed at least once on the raw reads for the rest of the pipeline to function correctly.

Host DNA Removal: Disabled ❌
Host DNA Bowtie2 Index Prefix: /scratch/users/k24087895/final_project/metagenome_analysis/data/bowtie_index/GRCh38_noalt_as/GRCh38_noalt_as
⚠️ This step is optional, but it must have been performed at least once on the trimmed reads for the rest of the pipeline to function correctly.

Kraken2/Bracken Database Path: /scratch/users/k24087895/final_project/metagenome_analysis/data/databases/k2_pluspfp_08gb_20241228
=================================================================================================================================

====================================================== DIRECTORY STRUCTURE ======================================================
✅ All output directories created successfully.

================================================= METAGENOMIC ABUNDANCE ESTIMATION =================================================
⚠️ This step assumes reads have already been trimmed with Trimmomatic and host DNA removed with Bowtie2. Processed reads must be in the correct directory.

Processing sample: ZC1_S4

Classifying metagenomic reads with Kraken2...
kraken2 --db "/scratch/users/k24087895/final_project/metagenome_analysis/data/databases/k2_pluspfp_08gb_20241228" --threads 8 --report "/scratch/users/k24087895/final_project/metagenome_analysis/zymobiomics_folder/results/runs/run_0204_1559/reports/ZC1_S4.k2report"                --report-minimizer-data --paired --minimum-hit-groups 2 --gzip-compressed                --classified-out "/scratch/users/k24087895/final_project/metagenome_analysis/zymobiomics_folder/processed_data/metagenomic/classified/ZC1_S4_classified#.fastq" --unclassified-out "/scratch/users/k24087895/final_project/metagenome_analysis/zymobiomics_folder/processed_data/metagenomic/unclassified/ZC1_S4_unclassified#.fastq"                "/scratch/users/k24087895/final_project/metagenome_analysis/zymobiomics_folder/processed_data/metagenomic/filtered_fastq/ZC1_S4_metagenomic.1.gz" "/scratch/users/k24087895/final_project/metagenome_analysis/zymobiomics_folder/processed_data/metagenomic/filtered_fastq/ZC1_S4_metagenomic.2.gz"                --output "/scratch/users/k24087895/final_project/metagenome_analysis/zymobiomics_folder/processed_data/metagenomic/kraken2/ZC1_S4.kraken2" --use-names 2>&1
Loading database information... done.
287718 sequences (51.94 Mbp) processed in 1.199s (14399.2 Kseq/m, 2599.25 Mbp/m).
  111417 sequences classified (38.72%)
  176301 sequences unclassified (61.28%)
✅ Classification complete.

Estimating species abundance with Bracken...
 >> Checking for Valid Options...
 >> Running Bracken 
      >> python src/est_abundance.py -i /scratch/users/k24087895/final_project/metagenome_analysis/zymobiomics_folder/results/runs/run_0204_1559/reports/ZC1_S4.k2report -o /scratch/users/k24087895/final_project/metagenome_analysis/zymobiomics_folder/processed_data/metagenomic/bracken/ZC1_S4.bracken -k /scratch/users/k24087895/final_project/metagenome_analysis/data/databases/k2_pluspfp_08gb_20241228/database100mers.kmer_distrib -l S -t 0
>> Checking report file: /scratch/users/k24087895/final_project/metagenome_analysis/zymobiomics_folder/results/runs/run_0204_1559/reports/ZC1_S4.k2report
PROGRAM START TIME: 04-02-2025 14:59:27
BRACKEN SUMMARY (Kraken report: /scratch/users/k24087895/final_project/metagenome_analysis/zymobiomics_folder/results/runs/run_0204_1559/reports/ZC1_S4.k2report)
    >>> Threshold: 0 
    >>> Number of species in sample: 140 
	  >> Number of species with reads > threshold: 140 
	  >> Number of species with reads < threshold: 0 
    >>> Total reads in sample: 287718
	  >> Total reads kept at species level (reads > threshold): 28782
	  >> Total reads discarded (species reads < threshold): 0
	  >> Reads distributed: 82614
	  >> Reads not distributed (eg. no species above threshold): 21
	  >> Unclassified reads: 176301
BRACKEN OUTPUT PRODUCED: /scratch/users/k24087895/final_project/metagenome_analysis/zymobiomics_folder/processed_data/metagenomic/bracken/ZC1_S4.bracken
PROGRAM END TIME: 04-02-2025 14:59:27
  Bracken complete.
✅ Abundance estimated.

Generating Krona visualization...
Writing /scratch/users/k24087895/final_project/metagenome_analysis/zymobiomics_folder/results/runs/run_0204_1559/krona/ZC1_S4.krona.html...
✅ Krona plot generated.

Processing sample: ZC2_S5

Classifying metagenomic reads with Kraken2...
kraken2 --db "/scratch/users/k24087895/final_project/metagenome_analysis/data/databases/k2_pluspfp_08gb_20241228" --threads 8 --report "/scratch/users/k24087895/final_project/metagenome_analysis/zymobiomics_folder/results/runs/run_0204_1559/reports/ZC2_S5.k2report"                --report-minimizer-data --paired --minimum-hit-groups 2 --gzip-compressed                --classified-out "/scratch/users/k24087895/final_project/metagenome_analysis/zymobiomics_folder/processed_data/metagenomic/classified/ZC2_S5_classified#.fastq" --unclassified-out "/scratch/users/k24087895/final_project/metagenome_analysis/zymobiomics_folder/processed_data/metagenomic/unclassified/ZC2_S5_unclassified#.fastq"                "/scratch/users/k24087895/final_project/metagenome_analysis/zymobiomics_folder/processed_data/metagenomic/filtered_fastq/ZC2_S5_metagenomic.1.gz" "/scratch/users/k24087895/final_project/metagenome_analysis/zymobiomics_folder/processed_data/metagenomic/filtered_fastq/ZC2_S5_metagenomic.2.gz"                --output "/scratch/users/k24087895/final_project/metagenome_analysis/zymobiomics_folder/processed_data/metagenomic/kraken2/ZC2_S5.kraken2" --use-names 2>&1
Loading database information... done.
267587 sequences (38.48 Mbp) processed in 0.943s (17023.6 Kseq/m, 2448.07 Mbp/m).
  76123 sequences classified (28.45%)
  191464 sequences unclassified (71.55%)
✅ Classification complete.

Estimating species abundance with Bracken...
 >> Checking for Valid Options...
 >> Running Bracken 
      >> python src/est_abundance.py -i /scratch/users/k24087895/final_project/metagenome_analysis/zymobiomics_folder/results/runs/run_0204_1559/reports/ZC2_S5.k2report -o /scratch/users/k24087895/final_project/metagenome_analysis/zymobiomics_folder/processed_data/metagenomic/bracken/ZC2_S5.bracken -k /scratch/users/k24087895/final_project/metagenome_analysis/data/databases/k2_pluspfp_08gb_20241228/database100mers.kmer_distrib -l S -t 0
>> Checking report file: /scratch/users/k24087895/final_project/metagenome_analysis/zymobiomics_folder/results/runs/run_0204_1559/reports/ZC2_S5.k2report
PROGRAM START TIME: 04-02-2025 14:59:34
BRACKEN SUMMARY (Kraken report: /scratch/users/k24087895/final_project/metagenome_analysis/zymobiomics_folder/results/runs/run_0204_1559/reports/ZC2_S5.k2report)
    >>> Threshold: 0 
    >>> Number of species in sample: 103 
	  >> Number of species with reads > threshold: 103 
	  >> Number of species with reads < threshold: 0 
    >>> Total reads in sample: 267587
	  >> Total reads kept at species level (reads > threshold): 18180
	  >> Total reads discarded (species reads < threshold): 0
	  >> Reads distributed: 57931
	  >> Reads not distributed (eg. no species above threshold): 12
	  >> Unclassified reads: 191464
BRACKEN OUTPUT PRODUCED: /scratch/users/k24087895/final_project/metagenome_analysis/zymobiomics_folder/processed_data/metagenomic/bracken/ZC2_S5.bracken
PROGRAM END TIME: 04-02-2025 14:59:34
  Bracken complete.
✅ Abundance estimated.

Generating Krona visualization...
Writing /scratch/users/k24087895/final_project/metagenome_analysis/zymobiomics_folder/results/runs/run_0204_1559/krona/ZC2_S5.krona.html...
✅ Krona plot generated.

Processing sample: ZC3_S6

Classifying metagenomic reads with Kraken2...
kraken2 --db "/scratch/users/k24087895/final_project/metagenome_analysis/data/databases/k2_pluspfp_08gb_20241228" --threads 8 --report "/scratch/users/k24087895/final_project/metagenome_analysis/zymobiomics_folder/results/runs/run_0204_1559/reports/ZC3_S6.k2report"                --report-minimizer-data --paired --minimum-hit-groups 2 --gzip-compressed                --classified-out "/scratch/users/k24087895/final_project/metagenome_analysis/zymobiomics_folder/processed_data/metagenomic/classified/ZC3_S6_classified#.fastq" --unclassified-out "/scratch/users/k24087895/final_project/metagenome_analysis/zymobiomics_folder/processed_data/metagenomic/unclassified/ZC3_S6_unclassified#.fastq"                "/scratch/users/k24087895/final_project/metagenome_analysis/zymobiomics_folder/processed_data/metagenomic/filtered_fastq/ZC3_S6_metagenomic.1.gz" "/scratch/users/k24087895/final_project/metagenome_analysis/zymobiomics_folder/processed_data/metagenomic/filtered_fastq/ZC3_S6_metagenomic.2.gz"                --output "/scratch/users/k24087895/final_project/metagenome_analysis/zymobiomics_folder/processed_data/metagenomic/kraken2/ZC3_S6.kraken2" --use-names 2>&1
Loading database information... done.
273957 sequences (43.03 Mbp) processed in 1.050s (15657.8 Kseq/m, 2459.53 Mbp/m).
  86699 sequences classified (31.65%)
  187258 sequences unclassified (68.35%)
✅ Classification complete.

Estimating species abundance with Bracken...
 >> Checking for Valid Options...
 >> Running Bracken 
      >> python src/est_abundance.py -i /scratch/users/k24087895/final_project/metagenome_analysis/zymobiomics_folder/results/runs/run_0204_1559/reports/ZC3_S6.k2report -o /scratch/users/k24087895/final_project/metagenome_analysis/zymobiomics_folder/processed_data/metagenomic/bracken/ZC3_S6.bracken -k /scratch/users/k24087895/final_project/metagenome_analysis/data/databases/k2_pluspfp_08gb_20241228/database100mers.kmer_distrib -l S -t 0
>> Checking report file: /scratch/users/k24087895/final_project/metagenome_analysis/zymobiomics_folder/results/runs/run_0204_1559/reports/ZC3_S6.k2report
PROGRAM START TIME: 04-02-2025 14:59:41
BRACKEN SUMMARY (Kraken report: /scratch/users/k24087895/final_project/metagenome_analysis/zymobiomics_folder/results/runs/run_0204_1559/reports/ZC3_S6.k2report)
    >>> Threshold: 0 
    >>> Number of species in sample: 129 
	  >> Number of species with reads > threshold: 129 
	  >> Number of species with reads < threshold: 0 
    >>> Total reads in sample: 273957
	  >> Total reads kept at species level (reads > threshold): 22744
	  >> Total reads discarded (species reads < threshold): 0
	  >> Reads distributed: 63940
	  >> Reads not distributed (eg. no species above threshold): 15
	  >> Unclassified reads: 187258
BRACKEN OUTPUT PRODUCED: /scratch/users/k24087895/final_project/metagenome_analysis/zymobiomics_folder/processed_data/metagenomic/bracken/ZC3_S6.bracken
PROGRAM END TIME: 04-02-2025 14:59:42
  Bracken complete.
✅ Abundance estimated.

Generating Krona visualization...
Writing /scratch/users/k24087895/final_project/metagenome_analysis/zymobiomics_folder/results/runs/run_0204_1559/krona/ZC3_S6.krona.html...
✅ Krona plot generated.

Processing sample: ZC4_S7

Classifying metagenomic reads with Kraken2...
kraken2 --db "/scratch/users/k24087895/final_project/metagenome_analysis/data/databases/k2_pluspfp_08gb_20241228" --threads 8 --report "/scratch/users/k24087895/final_project/metagenome_analysis/zymobiomics_folder/results/runs/run_0204_1559/reports/ZC4_S7.k2report"                --report-minimizer-data --paired --minimum-hit-groups 2 --gzip-compressed                --classified-out "/scratch/users/k24087895/final_project/metagenome_analysis/zymobiomics_folder/processed_data/metagenomic/classified/ZC4_S7_classified#.fastq" --unclassified-out "/scratch/users/k24087895/final_project/metagenome_analysis/zymobiomics_folder/processed_data/metagenomic/unclassified/ZC4_S7_unclassified#.fastq"                "/scratch/users/k24087895/final_project/metagenome_analysis/zymobiomics_folder/processed_data/metagenomic/filtered_fastq/ZC4_S7_metagenomic.1.gz" "/scratch/users/k24087895/final_project/metagenome_analysis/zymobiomics_folder/processed_data/metagenomic/filtered_fastq/ZC4_S7_metagenomic.2.gz"                --output "/scratch/users/k24087895/final_project/metagenome_analysis/zymobiomics_folder/processed_data/metagenomic/kraken2/ZC4_S7.kraken2" --use-names 2>&1
Loading database information... done.
238889 sequences (35.12 Mbp) processed in 0.870s (16474.5 Kseq/m, 2421.70 Mbp/m).
  69161 sequences classified (28.95%)
  169728 sequences unclassified (71.05%)
✅ Classification complete.

Estimating species abundance with Bracken...
 >> Checking for Valid Options...
 >> Running Bracken 
      >> python src/est_abundance.py -i /scratch/users/k24087895/final_project/metagenome_analysis/zymobiomics_folder/results/runs/run_0204_1559/reports/ZC4_S7.k2report -o /scratch/users/k24087895/final_project/metagenome_analysis/zymobiomics_folder/processed_data/metagenomic/bracken/ZC4_S7.bracken -k /scratch/users/k24087895/final_project/metagenome_analysis/data/databases/k2_pluspfp_08gb_20241228/database100mers.kmer_distrib -l S -t 0
>> Checking report file: /scratch/users/k24087895/final_project/metagenome_analysis/zymobiomics_folder/results/runs/run_0204_1559/reports/ZC4_S7.k2report
PROGRAM START TIME: 04-02-2025 14:59:49
BRACKEN SUMMARY (Kraken report: /scratch/users/k24087895/final_project/metagenome_analysis/zymobiomics_folder/results/runs/run_0204_1559/reports/ZC4_S7.k2report)
    >>> Threshold: 0 
    >>> Number of species in sample: 94 
	  >> Number of species with reads > threshold: 94 
	  >> Number of species with reads < threshold: 0 
    >>> Total reads in sample: 238889
	  >> Total reads kept at species level (reads > threshold): 18613
	  >> Total reads discarded (species reads < threshold): 0
	  >> Reads distributed: 50539
	  >> Reads not distributed (eg. no species above threshold): 9
	  >> Unclassified reads: 169728
BRACKEN OUTPUT PRODUCED: /scratch/users/k24087895/final_project/metagenome_analysis/zymobiomics_folder/processed_data/metagenomic/bracken/ZC4_S7.bracken
PROGRAM END TIME: 04-02-2025 14:59:49
  Bracken complete.
✅ Abundance estimated.

Generating Krona visualization...
Writing /scratch/users/k24087895/final_project/metagenome_analysis/zymobiomics_folder/results/runs/run_0204_1559/krona/ZC4_S7.krona.html...
✅ Krona plot generated.

Processing sample: ZP1_S20

Classifying metagenomic reads with Kraken2...
kraken2 --db "/scratch/users/k24087895/final_project/metagenome_analysis/data/databases/k2_pluspfp_08gb_20241228" --threads 8 --report "/scratch/users/k24087895/final_project/metagenome_analysis/zymobiomics_folder/results/runs/run_0204_1559/reports/ZP1_S20.k2report"                --report-minimizer-data --paired --minimum-hit-groups 2 --gzip-compressed                --classified-out "/scratch/users/k24087895/final_project/metagenome_analysis/zymobiomics_folder/processed_data/metagenomic/classified/ZP1_S20_classified#.fastq" --unclassified-out "/scratch/users/k24087895/final_project/metagenome_analysis/zymobiomics_folder/processed_data/metagenomic/unclassified/ZP1_S20_unclassified#.fastq"                "/scratch/users/k24087895/final_project/metagenome_analysis/zymobiomics_folder/processed_data/metagenomic/filtered_fastq/ZP1_S20_metagenomic.1.gz" "/scratch/users/k24087895/final_project/metagenome_analysis/zymobiomics_folder/processed_data/metagenomic/filtered_fastq/ZP1_S20_metagenomic.2.gz"                --output "/scratch/users/k24087895/final_project/metagenome_analysis/zymobiomics_folder/processed_data/metagenomic/kraken2/ZP1_S20.kraken2" --use-names 2>&1
Loading database information... done.
299544 sequences (46.94 Mbp) processed in 1.144s (15704.8 Kseq/m, 2460.98 Mbp/m).
  98188 sequences classified (32.78%)
  201356 sequences unclassified (67.22%)
✅ Classification complete.

Estimating species abundance with Bracken...
 >> Checking for Valid Options...
 >> Running Bracken 
      >> python src/est_abundance.py -i /scratch/users/k24087895/final_project/metagenome_analysis/zymobiomics_folder/results/runs/run_0204_1559/reports/ZP1_S20.k2report -o /scratch/users/k24087895/final_project/metagenome_analysis/zymobiomics_folder/processed_data/metagenomic/bracken/ZP1_S20.bracken -k /scratch/users/k24087895/final_project/metagenome_analysis/data/databases/k2_pluspfp_08gb_20241228/database100mers.kmer_distrib -l S -t 0
>> Checking report file: /scratch/users/k24087895/final_project/metagenome_analysis/zymobiomics_folder/results/runs/run_0204_1559/reports/ZP1_S20.k2report
PROGRAM START TIME: 04-02-2025 14:59:56
BRACKEN SUMMARY (Kraken report: /scratch/users/k24087895/final_project/metagenome_analysis/zymobiomics_folder/results/runs/run_0204_1559/reports/ZP1_S20.k2report)
    >>> Threshold: 0 
    >>> Number of species in sample: 115 
	  >> Number of species with reads > threshold: 115 
	  >> Number of species with reads < threshold: 0 
    >>> Total reads in sample: 299544
	  >> Total reads kept at species level (reads > threshold): 25185
	  >> Total reads discarded (species reads < threshold): 0
	  >> Reads distributed: 72991
	  >> Reads not distributed (eg. no species above threshold): 12
	  >> Unclassified reads: 201356
BRACKEN OUTPUT PRODUCED: /scratch/users/k24087895/final_project/metagenome_analysis/zymobiomics_folder/processed_data/metagenomic/bracken/ZP1_S20.bracken
PROGRAM END TIME: 04-02-2025 14:59:56
  Bracken complete.
✅ Abundance estimated.

Generating Krona visualization...
Writing /scratch/users/k24087895/final_project/metagenome_analysis/zymobiomics_folder/results/runs/run_0204_1559/krona/ZP1_S20.krona.html...
✅ Krona plot generated.

Processing sample: ZP2_S21

Classifying metagenomic reads with Kraken2...
kraken2 --db "/scratch/users/k24087895/final_project/metagenome_analysis/data/databases/k2_pluspfp_08gb_20241228" --threads 8 --report "/scratch/users/k24087895/final_project/metagenome_analysis/zymobiomics_folder/results/runs/run_0204_1559/reports/ZP2_S21.k2report"                --report-minimizer-data --paired --minimum-hit-groups 2 --gzip-compressed                --classified-out "/scratch/users/k24087895/final_project/metagenome_analysis/zymobiomics_folder/processed_data/metagenomic/classified/ZP2_S21_classified#.fastq" --unclassified-out "/scratch/users/k24087895/final_project/metagenome_analysis/zymobiomics_folder/processed_data/metagenomic/unclassified/ZP2_S21_unclassified#.fastq"                "/scratch/users/k24087895/final_project/metagenome_analysis/zymobiomics_folder/processed_data/metagenomic/filtered_fastq/ZP2_S21_metagenomic.1.gz" "/scratch/users/k24087895/final_project/metagenome_analysis/zymobiomics_folder/processed_data/metagenomic/filtered_fastq/ZP2_S21_metagenomic.2.gz"                --output "/scratch/users/k24087895/final_project/metagenome_analysis/zymobiomics_folder/processed_data/metagenomic/kraken2/ZP2_S21.kraken2" --use-names 2>&1
Loading database information... done.
293458 sequences (43.16 Mbp) processed in 1.054s (16705.5 Kseq/m, 2456.73 Mbp/m).
  85898 sequences classified (29.27%)
  207560 sequences unclassified (70.73%)
✅ Classification complete.

Estimating species abundance with Bracken...
 >> Checking for Valid Options...
 >> Running Bracken 
      >> python src/est_abundance.py -i /scratch/users/k24087895/final_project/metagenome_analysis/zymobiomics_folder/results/runs/run_0204_1559/reports/ZP2_S21.k2report -o /scratch/users/k24087895/final_project/metagenome_analysis/zymobiomics_folder/processed_data/metagenomic/bracken/ZP2_S21.bracken -k /scratch/users/k24087895/final_project/metagenome_analysis/data/databases/k2_pluspfp_08gb_20241228/database100mers.kmer_distrib -l S -t 0
>> Checking report file: /scratch/users/k24087895/final_project/metagenome_analysis/zymobiomics_folder/results/runs/run_0204_1559/reports/ZP2_S21.k2report
PROGRAM START TIME: 04-02-2025 15:00:03
BRACKEN SUMMARY (Kraken report: /scratch/users/k24087895/final_project/metagenome_analysis/zymobiomics_folder/results/runs/run_0204_1559/reports/ZP2_S21.k2report)
    >>> Threshold: 0 
    >>> Number of species in sample: 103 
	  >> Number of species with reads > threshold: 103 
	  >> Number of species with reads < threshold: 0 
    >>> Total reads in sample: 293458
	  >> Total reads kept at species level (reads > threshold): 21713
	  >> Total reads discarded (species reads < threshold): 0
	  >> Reads distributed: 64168
	  >> Reads not distributed (eg. no species above threshold): 17
	  >> Unclassified reads: 207560
BRACKEN OUTPUT PRODUCED: /scratch/users/k24087895/final_project/metagenome_analysis/zymobiomics_folder/processed_data/metagenomic/bracken/ZP2_S21.bracken
PROGRAM END TIME: 04-02-2025 15:00:04
  Bracken complete.
✅ Abundance estimated.

Generating Krona visualization...
Writing /scratch/users/k24087895/final_project/metagenome_analysis/zymobiomics_folder/results/runs/run_0204_1559/krona/ZP2_S21.krona.html...
✅ Krona plot generated.

Processing sample: ZP3_S22

Classifying metagenomic reads with Kraken2...
kraken2 --db "/scratch/users/k24087895/final_project/metagenome_analysis/data/databases/k2_pluspfp_08gb_20241228" --threads 8 --report "/scratch/users/k24087895/final_project/metagenome_analysis/zymobiomics_folder/results/runs/run_0204_1559/reports/ZP3_S22.k2report"                --report-minimizer-data --paired --minimum-hit-groups 2 --gzip-compressed                --classified-out "/scratch/users/k24087895/final_project/metagenome_analysis/zymobiomics_folder/processed_data/metagenomic/classified/ZP3_S22_classified#.fastq" --unclassified-out "/scratch/users/k24087895/final_project/metagenome_analysis/zymobiomics_folder/processed_data/metagenomic/unclassified/ZP3_S22_unclassified#.fastq"                "/scratch/users/k24087895/final_project/metagenome_analysis/zymobiomics_folder/processed_data/metagenomic/filtered_fastq/ZP3_S22_metagenomic.1.gz" "/scratch/users/k24087895/final_project/metagenome_analysis/zymobiomics_folder/processed_data/metagenomic/filtered_fastq/ZP3_S22_metagenomic.2.gz"                --output "/scratch/users/k24087895/final_project/metagenome_analysis/zymobiomics_folder/processed_data/metagenomic/kraken2/ZP3_S22.kraken2" --use-names 2>&1
Loading database information... done.
326874 sequences (47.19 Mbp) processed in 1.178s (16650.9 Kseq/m, 2403.87 Mbp/m).
  94184 sequences classified (28.81%)
  232690 sequences unclassified (71.19%)
✅ Classification complete.

Estimating species abundance with Bracken...
 >> Checking for Valid Options...
 >> Running Bracken 
      >> python src/est_abundance.py -i /scratch/users/k24087895/final_project/metagenome_analysis/zymobiomics_folder/results/runs/run_0204_1559/reports/ZP3_S22.k2report -o /scratch/users/k24087895/final_project/metagenome_analysis/zymobiomics_folder/processed_data/metagenomic/bracken/ZP3_S22.bracken -k /scratch/users/k24087895/final_project/metagenome_analysis/data/databases/k2_pluspfp_08gb_20241228/database100mers.kmer_distrib -l S -t 0
>> Checking report file: /scratch/users/k24087895/final_project/metagenome_analysis/zymobiomics_folder/results/runs/run_0204_1559/reports/ZP3_S22.k2report
PROGRAM START TIME: 04-02-2025 15:00:11
BRACKEN SUMMARY (Kraken report: /scratch/users/k24087895/final_project/metagenome_analysis/zymobiomics_folder/results/runs/run_0204_1559/reports/ZP3_S22.k2report)
    >>> Threshold: 0 
    >>> Number of species in sample: 123 
	  >> Number of species with reads > threshold: 123 
	  >> Number of species with reads < threshold: 0 
    >>> Total reads in sample: 326874
	  >> Total reads kept at species level (reads > threshold): 23882
	  >> Total reads discarded (species reads < threshold): 0
	  >> Reads distributed: 70283
	  >> Reads not distributed (eg. no species above threshold): 19
	  >> Unclassified reads: 232690
BRACKEN OUTPUT PRODUCED: /scratch/users/k24087895/final_project/metagenome_analysis/zymobiomics_folder/processed_data/metagenomic/bracken/ZP3_S22.bracken
PROGRAM END TIME: 04-02-2025 15:00:11
  Bracken complete.
✅ Abundance estimated.

Generating Krona visualization...
Writing /scratch/users/k24087895/final_project/metagenome_analysis/zymobiomics_folder/results/runs/run_0204_1559/krona/ZP3_S22.krona.html...
✅ Krona plot generated.

Metagenomic classification completed in: 00:01:08

================================================= TAXONOMY HEATMAP =================================================

================================================= METAGENOMIC DIVERSITY ANALYSIS =================================================
Calculating alpha and beta diversity...
✅ Alpha diversity calculated for all samples.
null device 
          1 
Heatmap saved to: /scratch/users/k24087895/final_project/metagenome_analysis/zymobiomics_folder/results/runs/run_0204_1559/diversity/beta_diversity_heatmap.png 
✅ Beta diversity heatmap generated.

==================================================== TOTAL READ EXTRACTION ====================================================
✅ Total read counts saved to: /scratch/users/k24087895/final_project/metagenome_analysis/zymobiomics_folder/processed_data/metagenomic/total_reads.csv

✅ Pipeline completed successfully.
