
================================================= ARGUMENT PARSING & VALIDATION =================================================

⚠️  Trimming and host DNA removal are optional but must be done once; if skipped, ensure trimmed and filtered files exist in the correct directories.\n
===== Pipeline Configuration Summary =====
Raw FASTQ directory path: /scratch/prj/aef_forensic_metagenomics/exposure_folder/raw_data
Kraken2/Bracken Database: /scratch/prj/aef_forensic_metagenomics/data/databases/k2_housepets_250510
Ground Truth: Not provided ❌
Quality Control & Trimming: Disabled ❌
Host DNA Removal: Disabled ❌

================================================= CONDA ENVIRONMENT ACTIVATION ==================================================

✅ 'metagenomics' environment activated successfully.

====================================================== PROJECT STRUCTURE ======================================================

/scratch/prj/aef_forensic_metagenomics/exposure_folder
├── processed_data
│   ├── human
│   │   ├── aligned_sam
│   │   ├── bed_files
│   │   └── sorted_bam
│   ├── metagenomic
│   │   ├── bracken
│   │   ├── classified
│   │   ├── filtered_fastq
│   │   ├── kraken2
│   │   └── unclassified
│   └── trimmed
│       ├── paired
│       └── unpaired
├── raw_data
└── results
    ├── fastqc
    │   ├── post_trimming
    │   └── pre_trimming
    ├── host_dna_analysis
    └── runs
        ├── run_1506_1837
        ├── run_1506_1852
        ├── run_1506_1902
        ├── run_1506_1911
        ├── run_1506_1920
        ├── run_1506_1929
        ├── run_1506_1937
        └── run_1506_1947

29 directories
Human DNA-related files (SAM, BAM, and BED) in the 'human' directory are created once per sub-project and remain unchanged across runs.
Intermediate metagenomic files in the 'metagenomic' directory are overwritten with each run and should be inspected beforehand if desired.
Results are stored in the 'results' directory (including FastQC, host DNA analysis, and run-specific results like Kraken2 and Bracken).

================================================= METAGENOMIC ABUNDANCE ESTIMATION =================================================
⚠️  This step assumes reads have already been trimmed with Trimmomatic and host DNA removed with Bowtie2. Processed reads must be in the correct directory.

Processing sample: D1RP_S9

Classifying metagenomic reads with Kraken2...
kraken2 --db "/scratch/prj/aef_forensic_metagenomics/data/databases/k2_housepets_250510" --threads 8 --report "/scratch/prj/aef_forensic_metagenomics/exposure_folder/results/runs/run_1506_1947/reports/D1RP_S9.k2report" 		--report-minimizer-data --paired --minimum-hit-groups 2 		--classified-out "/scratch/prj/aef_forensic_metagenomics/exposure_folder/processed_data/metagenomic/classified/D1RP_S9_classified#.fastq" --unclassified-out "/scratch/prj/aef_forensic_metagenomics/exposure_folder/processed_data/metagenomic/unclassified/D1RP_S9_unclassified#.fastq" 		--output "/scratch/prj/aef_forensic_metagenomics/exposure_folder/processed_data/metagenomic/kraken2/D1RP_S9.kraken2" --use-names "/scratch/prj/aef_forensic_metagenomics/exposure_folder/processed_data/metagenomic/filtered_fastq/D1RP_S9_metagenomic.1" "/scratch/prj/aef_forensic_metagenomics/exposure_folder/processed_data/metagenomic/filtered_fastq/D1RP_S9_metagenomic.2" 2>&1
Loading database information... done.
124006 sequences (32.63 Mbp) processed in 0.712s (10444.7 Kseq/m, 2748.42 Mbp/m).
  696 sequences classified (0.56%)
  123310 sequences unclassified (99.44%)
✅  Classification complete.

Estimating species abundance with Bracken...
 >> Checking for Valid Options...
 >> Running Bracken 
      >> python src/est_abundance.py -i /scratch/prj/aef_forensic_metagenomics/exposure_folder/results/runs/run_1506_1947/reports/D1RP_S9.k2report -o /scratch/prj/aef_forensic_metagenomics/exposure_folder/processed_data/metagenomic/bracken/D1RP_S9.bracken -k /scratch/prj/aef_forensic_metagenomics/data/databases/k2_housepets_250510/database100mers.kmer_distrib -l S -t 5
>> Checking report file: /scratch/prj/aef_forensic_metagenomics/exposure_folder/results/runs/run_1506_1947/reports/D1RP_S9.k2report
PROGRAM START TIME: 06-15-2025 18:47:19
BRACKEN SUMMARY (Kraken report: /scratch/prj/aef_forensic_metagenomics/exposure_folder/results/runs/run_1506_1947/reports/D1RP_S9.k2report)
    >>> Threshold: 5 
    >>> Number of species in sample: 11 
	  >> Number of species with reads > threshold: 11 
	  >> Number of species with reads < threshold: 0 
    >>> Total reads in sample: 124006
	  >> Total reads kept at species level (reads > threshold): 364
	  >> Total reads discarded (species reads < threshold): 0
	  >> Reads distributed: 332
	  >> Reads not distributed (eg. no species above threshold): 0
	  >> Unclassified reads: 123310
BRACKEN OUTPUT PRODUCED: /scratch/prj/aef_forensic_metagenomics/exposure_folder/processed_data/metagenomic/bracken/D1RP_S9.bracken
PROGRAM END TIME: 06-15-2025 18:47:19
  Bracken complete.
✅  Abundance estimated.

Generating Krona visualization...
Writing /scratch/prj/aef_forensic_metagenomics/exposure_folder/results/runs/run_1506_1947/krona/D1RP_S9.krona.html...
✅  Krona plot generated.

Processing sample: D1SG_S1

Classifying metagenomic reads with Kraken2...
kraken2 --db "/scratch/prj/aef_forensic_metagenomics/data/databases/k2_housepets_250510" --threads 8 --report "/scratch/prj/aef_forensic_metagenomics/exposure_folder/results/runs/run_1506_1947/reports/D1SG_S1.k2report" 		--report-minimizer-data --paired --minimum-hit-groups 2 		--classified-out "/scratch/prj/aef_forensic_metagenomics/exposure_folder/processed_data/metagenomic/classified/D1SG_S1_classified#.fastq" --unclassified-out "/scratch/prj/aef_forensic_metagenomics/exposure_folder/processed_data/metagenomic/unclassified/D1SG_S1_unclassified#.fastq" 		--output "/scratch/prj/aef_forensic_metagenomics/exposure_folder/processed_data/metagenomic/kraken2/D1SG_S1.kraken2" --use-names "/scratch/prj/aef_forensic_metagenomics/exposure_folder/processed_data/metagenomic/filtered_fastq/D1SG_S1_metagenomic.1" "/scratch/prj/aef_forensic_metagenomics/exposure_folder/processed_data/metagenomic/filtered_fastq/D1SG_S1_metagenomic.2" 2>&1
Loading database information... done.
155364 sequences (39.82 Mbp) processed in 0.925s (10073.9 Kseq/m, 2581.81 Mbp/m).
  2436 sequences classified (1.57%)
  152928 sequences unclassified (98.43%)
✅  Classification complete.

Estimating species abundance with Bracken...
 >> Checking for Valid Options...
 >> Running Bracken 
      >> python src/est_abundance.py -i /scratch/prj/aef_forensic_metagenomics/exposure_folder/results/runs/run_1506_1947/reports/D1SG_S1.k2report -o /scratch/prj/aef_forensic_metagenomics/exposure_folder/processed_data/metagenomic/bracken/D1SG_S1.bracken -k /scratch/prj/aef_forensic_metagenomics/data/databases/k2_housepets_250510/database100mers.kmer_distrib -l S -t 5
>> Checking report file: /scratch/prj/aef_forensic_metagenomics/exposure_folder/results/runs/run_1506_1947/reports/D1SG_S1.k2report
PROGRAM START TIME: 06-15-2025 18:47:30
BRACKEN SUMMARY (Kraken report: /scratch/prj/aef_forensic_metagenomics/exposure_folder/results/runs/run_1506_1947/reports/D1SG_S1.k2report)
    >>> Threshold: 5 
    >>> Number of species in sample: 11 
	  >> Number of species with reads > threshold: 11 
	  >> Number of species with reads < threshold: 0 
    >>> Total reads in sample: 155364
	  >> Total reads kept at species level (reads > threshold): 1902
	  >> Total reads discarded (species reads < threshold): 0
	  >> Reads distributed: 534
	  >> Reads not distributed (eg. no species above threshold): 0
	  >> Unclassified reads: 152928
BRACKEN OUTPUT PRODUCED: /scratch/prj/aef_forensic_metagenomics/exposure_folder/processed_data/metagenomic/bracken/D1SG_S1.bracken
PROGRAM END TIME: 06-15-2025 18:47:30
  Bracken complete.
✅  Abundance estimated.

Generating Krona visualization...
Writing /scratch/prj/aef_forensic_metagenomics/exposure_folder/results/runs/run_1506_1947/krona/D1SG_S1.krona.html...
✅  Krona plot generated.

Processing sample: D2RP_S10

Classifying metagenomic reads with Kraken2...
kraken2 --db "/scratch/prj/aef_forensic_metagenomics/data/databases/k2_housepets_250510" --threads 8 --report "/scratch/prj/aef_forensic_metagenomics/exposure_folder/results/runs/run_1506_1947/reports/D2RP_S10.k2report" 		--report-minimizer-data --paired --minimum-hit-groups 2 		--classified-out "/scratch/prj/aef_forensic_metagenomics/exposure_folder/processed_data/metagenomic/classified/D2RP_S10_classified#.fastq" --unclassified-out "/scratch/prj/aef_forensic_metagenomics/exposure_folder/processed_data/metagenomic/unclassified/D2RP_S10_unclassified#.fastq" 		--output "/scratch/prj/aef_forensic_metagenomics/exposure_folder/processed_data/metagenomic/kraken2/D2RP_S10.kraken2" --use-names "/scratch/prj/aef_forensic_metagenomics/exposure_folder/processed_data/metagenomic/filtered_fastq/D2RP_S10_metagenomic.1" "/scratch/prj/aef_forensic_metagenomics/exposure_folder/processed_data/metagenomic/filtered_fastq/D2RP_S10_metagenomic.2" 2>&1
Loading database information... done.
122720 sequences (31.55 Mbp) processed in 0.746s (9869.0 Kseq/m, 2536.92 Mbp/m).
  2310 sequences classified (1.88%)
  120410 sequences unclassified (98.12%)
✅  Classification complete.

Estimating species abundance with Bracken...
 >> Checking for Valid Options...
 >> Running Bracken 
      >> python src/est_abundance.py -i /scratch/prj/aef_forensic_metagenomics/exposure_folder/results/runs/run_1506_1947/reports/D2RP_S10.k2report -o /scratch/prj/aef_forensic_metagenomics/exposure_folder/processed_data/metagenomic/bracken/D2RP_S10.bracken -k /scratch/prj/aef_forensic_metagenomics/data/databases/k2_housepets_250510/database100mers.kmer_distrib -l S -t 5
>> Checking report file: /scratch/prj/aef_forensic_metagenomics/exposure_folder/results/runs/run_1506_1947/reports/D2RP_S10.k2report
PROGRAM START TIME: 06-15-2025 18:47:41
BRACKEN SUMMARY (Kraken report: /scratch/prj/aef_forensic_metagenomics/exposure_folder/results/runs/run_1506_1947/reports/D2RP_S10.k2report)
    >>> Threshold: 5 
    >>> Number of species in sample: 10 
	  >> Number of species with reads > threshold: 10 
	  >> Number of species with reads < threshold: 0 
    >>> Total reads in sample: 122720
	  >> Total reads kept at species level (reads > threshold): 1994
	  >> Total reads discarded (species reads < threshold): 0
	  >> Reads distributed: 316
	  >> Reads not distributed (eg. no species above threshold): 0
	  >> Unclassified reads: 120410
BRACKEN OUTPUT PRODUCED: /scratch/prj/aef_forensic_metagenomics/exposure_folder/processed_data/metagenomic/bracken/D2RP_S10.bracken
PROGRAM END TIME: 06-15-2025 18:47:41
  Bracken complete.
✅  Abundance estimated.

Generating Krona visualization...
Writing /scratch/prj/aef_forensic_metagenomics/exposure_folder/results/runs/run_1506_1947/krona/D2RP_S10.krona.html...
✅  Krona plot generated.

Processing sample: D2SG_S2

Classifying metagenomic reads with Kraken2...
kraken2 --db "/scratch/prj/aef_forensic_metagenomics/data/databases/k2_housepets_250510" --threads 8 --report "/scratch/prj/aef_forensic_metagenomics/exposure_folder/results/runs/run_1506_1947/reports/D2SG_S2.k2report" 		--report-minimizer-data --paired --minimum-hit-groups 2 		--classified-out "/scratch/prj/aef_forensic_metagenomics/exposure_folder/processed_data/metagenomic/classified/D2SG_S2_classified#.fastq" --unclassified-out "/scratch/prj/aef_forensic_metagenomics/exposure_folder/processed_data/metagenomic/unclassified/D2SG_S2_unclassified#.fastq" 		--output "/scratch/prj/aef_forensic_metagenomics/exposure_folder/processed_data/metagenomic/kraken2/D2SG_S2.kraken2" --use-names "/scratch/prj/aef_forensic_metagenomics/exposure_folder/processed_data/metagenomic/filtered_fastq/D2SG_S2_metagenomic.1" "/scratch/prj/aef_forensic_metagenomics/exposure_folder/processed_data/metagenomic/filtered_fastq/D2SG_S2_metagenomic.2" 2>&1
Loading database information... done.
27649 sequences (6.00 Mbp) processed in 0.367s (4522.6 Kseq/m, 981.32 Mbp/m).
  3278 sequences classified (11.86%)
  24371 sequences unclassified (88.14%)
✅  Classification complete.

Estimating species abundance with Bracken...
 >> Checking for Valid Options...
 >> Running Bracken 
      >> python src/est_abundance.py -i /scratch/prj/aef_forensic_metagenomics/exposure_folder/results/runs/run_1506_1947/reports/D2SG_S2.k2report -o /scratch/prj/aef_forensic_metagenomics/exposure_folder/processed_data/metagenomic/bracken/D2SG_S2.bracken -k /scratch/prj/aef_forensic_metagenomics/data/databases/k2_housepets_250510/database100mers.kmer_distrib -l S -t 5
>> Checking report file: /scratch/prj/aef_forensic_metagenomics/exposure_folder/results/runs/run_1506_1947/reports/D2SG_S2.k2report
PROGRAM START TIME: 06-15-2025 18:47:51
BRACKEN SUMMARY (Kraken report: /scratch/prj/aef_forensic_metagenomics/exposure_folder/results/runs/run_1506_1947/reports/D2SG_S2.k2report)
    >>> Threshold: 5 
    >>> Number of species in sample: 11 
	  >> Number of species with reads > threshold: 11 
	  >> Number of species with reads < threshold: 0 
    >>> Total reads in sample: 27649
	  >> Total reads kept at species level (reads > threshold): 2295
	  >> Total reads discarded (species reads < threshold): 0
	  >> Reads distributed: 983
	  >> Reads not distributed (eg. no species above threshold): 0
	  >> Unclassified reads: 24371
BRACKEN OUTPUT PRODUCED: /scratch/prj/aef_forensic_metagenomics/exposure_folder/processed_data/metagenomic/bracken/D2SG_S2.bracken
PROGRAM END TIME: 06-15-2025 18:47:51
  Bracken complete.
✅  Abundance estimated.

Generating Krona visualization...
Writing /scratch/prj/aef_forensic_metagenomics/exposure_folder/results/runs/run_1506_1947/krona/D2SG_S2.krona.html...
✅  Krona plot generated.

Processing sample: L1RP_S13

Classifying metagenomic reads with Kraken2...
kraken2 --db "/scratch/prj/aef_forensic_metagenomics/data/databases/k2_housepets_250510" --threads 8 --report "/scratch/prj/aef_forensic_metagenomics/exposure_folder/results/runs/run_1506_1947/reports/L1RP_S13.k2report" 		--report-minimizer-data --paired --minimum-hit-groups 2 		--classified-out "/scratch/prj/aef_forensic_metagenomics/exposure_folder/processed_data/metagenomic/classified/L1RP_S13_classified#.fastq" --unclassified-out "/scratch/prj/aef_forensic_metagenomics/exposure_folder/processed_data/metagenomic/unclassified/L1RP_S13_unclassified#.fastq" 		--output "/scratch/prj/aef_forensic_metagenomics/exposure_folder/processed_data/metagenomic/kraken2/L1RP_S13.kraken2" --use-names "/scratch/prj/aef_forensic_metagenomics/exposure_folder/processed_data/metagenomic/filtered_fastq/L1RP_S13_metagenomic.1" "/scratch/prj/aef_forensic_metagenomics/exposure_folder/processed_data/metagenomic/filtered_fastq/L1RP_S13_metagenomic.2" 2>&1
Loading database information... done.
164179 sequences (42.32 Mbp) processed in 0.840s (11724.9 Kseq/m, 3022.44 Mbp/m).
  310 sequences classified (0.19%)
  163869 sequences unclassified (99.81%)
✅  Classification complete.

Estimating species abundance with Bracken...
 >> Checking for Valid Options...
 >> Running Bracken 
      >> python src/est_abundance.py -i /scratch/prj/aef_forensic_metagenomics/exposure_folder/results/runs/run_1506_1947/reports/L1RP_S13.k2report -o /scratch/prj/aef_forensic_metagenomics/exposure_folder/processed_data/metagenomic/bracken/L1RP_S13.bracken -k /scratch/prj/aef_forensic_metagenomics/data/databases/k2_housepets_250510/database100mers.kmer_distrib -l S -t 5
>> Checking report file: /scratch/prj/aef_forensic_metagenomics/exposure_folder/results/runs/run_1506_1947/reports/L1RP_S13.k2report
PROGRAM START TIME: 06-15-2025 18:48:02
BRACKEN SUMMARY (Kraken report: /scratch/prj/aef_forensic_metagenomics/exposure_folder/results/runs/run_1506_1947/reports/L1RP_S13.k2report)
    >>> Threshold: 5 
    >>> Number of species in sample: 10 
	  >> Number of species with reads > threshold: 7 
	  >> Number of species with reads < threshold: 3 
    >>> Total reads in sample: 164179
	  >> Total reads kept at species level (reads > threshold): 273
	  >> Total reads discarded (species reads < threshold): 8
	  >> Reads distributed: 29
	  >> Reads not distributed (eg. no species above threshold): 0
	  >> Unclassified reads: 163869
BRACKEN OUTPUT PRODUCED: /scratch/prj/aef_forensic_metagenomics/exposure_folder/processed_data/metagenomic/bracken/L1RP_S13.bracken
PROGRAM END TIME: 06-15-2025 18:48:02
  Bracken complete.
✅  Abundance estimated.

Generating Krona visualization...
Writing /scratch/prj/aef_forensic_metagenomics/exposure_folder/results/runs/run_1506_1947/krona/L1RP_S13.krona.html...
✅  Krona plot generated.

Processing sample: L1SG_S5

Classifying metagenomic reads with Kraken2...
kraken2 --db "/scratch/prj/aef_forensic_metagenomics/data/databases/k2_housepets_250510" --threads 8 --report "/scratch/prj/aef_forensic_metagenomics/exposure_folder/results/runs/run_1506_1947/reports/L1SG_S5.k2report" 		--report-minimizer-data --paired --minimum-hit-groups 2 		--classified-out "/scratch/prj/aef_forensic_metagenomics/exposure_folder/processed_data/metagenomic/classified/L1SG_S5_classified#.fastq" --unclassified-out "/scratch/prj/aef_forensic_metagenomics/exposure_folder/processed_data/metagenomic/unclassified/L1SG_S5_unclassified#.fastq" 		--output "/scratch/prj/aef_forensic_metagenomics/exposure_folder/processed_data/metagenomic/kraken2/L1SG_S5.kraken2" --use-names "/scratch/prj/aef_forensic_metagenomics/exposure_folder/processed_data/metagenomic/filtered_fastq/L1SG_S5_metagenomic.1" "/scratch/prj/aef_forensic_metagenomics/exposure_folder/processed_data/metagenomic/filtered_fastq/L1SG_S5_metagenomic.2" 2>&1
Loading database information... done.
46411 sequences (11.17 Mbp) processed in 0.456s (6113.1 Kseq/m, 1470.83 Mbp/m).
  487 sequences classified (1.05%)
  45924 sequences unclassified (98.95%)
✅  Classification complete.

Estimating species abundance with Bracken...
 >> Checking for Valid Options...
 >> Running Bracken 
      >> python src/est_abundance.py -i /scratch/prj/aef_forensic_metagenomics/exposure_folder/results/runs/run_1506_1947/reports/L1SG_S5.k2report -o /scratch/prj/aef_forensic_metagenomics/exposure_folder/processed_data/metagenomic/bracken/L1SG_S5.bracken -k /scratch/prj/aef_forensic_metagenomics/data/databases/k2_housepets_250510/database100mers.kmer_distrib -l S -t 5
>> Checking report file: /scratch/prj/aef_forensic_metagenomics/exposure_folder/results/runs/run_1506_1947/reports/L1SG_S5.k2report
PROGRAM START TIME: 06-15-2025 18:48:12
BRACKEN SUMMARY (Kraken report: /scratch/prj/aef_forensic_metagenomics/exposure_folder/results/runs/run_1506_1947/reports/L1SG_S5.k2report)
    >>> Threshold: 5 
    >>> Number of species in sample: 11 
	  >> Number of species with reads > threshold: 11 
	  >> Number of species with reads < threshold: 0 
    >>> Total reads in sample: 46411
	  >> Total reads kept at species level (reads > threshold): 430
	  >> Total reads discarded (species reads < threshold): 0
	  >> Reads distributed: 57
	  >> Reads not distributed (eg. no species above threshold): 0
	  >> Unclassified reads: 45924
BRACKEN OUTPUT PRODUCED: /scratch/prj/aef_forensic_metagenomics/exposure_folder/processed_data/metagenomic/bracken/L1SG_S5.bracken
PROGRAM END TIME: 06-15-2025 18:48:12
  Bracken complete.
✅  Abundance estimated.

Generating Krona visualization...
Writing /scratch/prj/aef_forensic_metagenomics/exposure_folder/results/runs/run_1506_1947/krona/L1SG_S5.krona.html...
✅  Krona plot generated.

Processing sample: L2RP_S14

Classifying metagenomic reads with Kraken2...
kraken2 --db "/scratch/prj/aef_forensic_metagenomics/data/databases/k2_housepets_250510" --threads 8 --report "/scratch/prj/aef_forensic_metagenomics/exposure_folder/results/runs/run_1506_1947/reports/L2RP_S14.k2report" 		--report-minimizer-data --paired --minimum-hit-groups 2 		--classified-out "/scratch/prj/aef_forensic_metagenomics/exposure_folder/processed_data/metagenomic/classified/L2RP_S14_classified#.fastq" --unclassified-out "/scratch/prj/aef_forensic_metagenomics/exposure_folder/processed_data/metagenomic/unclassified/L2RP_S14_unclassified#.fastq" 		--output "/scratch/prj/aef_forensic_metagenomics/exposure_folder/processed_data/metagenomic/kraken2/L2RP_S14.kraken2" --use-names "/scratch/prj/aef_forensic_metagenomics/exposure_folder/processed_data/metagenomic/filtered_fastq/L2RP_S14_metagenomic.1" "/scratch/prj/aef_forensic_metagenomics/exposure_folder/processed_data/metagenomic/filtered_fastq/L2RP_S14_metagenomic.2" 2>&1
Loading database information... done.
129193 sequences (30.26 Mbp) processed in 0.543s (14278.6 Kseq/m, 3344.83 Mbp/m).
  79 sequences classified (0.06%)
  129114 sequences unclassified (99.94%)
✅  Classification complete.

Estimating species abundance with Bracken...
 >> Checking for Valid Options...
 >> Running Bracken 
      >> python src/est_abundance.py -i /scratch/prj/aef_forensic_metagenomics/exposure_folder/results/runs/run_1506_1947/reports/L2RP_S14.k2report -o /scratch/prj/aef_forensic_metagenomics/exposure_folder/processed_data/metagenomic/bracken/L2RP_S14.bracken -k /scratch/prj/aef_forensic_metagenomics/data/databases/k2_housepets_250510/database100mers.kmer_distrib -l S -t 5
>> Checking report file: /scratch/prj/aef_forensic_metagenomics/exposure_folder/results/runs/run_1506_1947/reports/L2RP_S14.k2report
PROGRAM START TIME: 06-15-2025 18:48:23
BRACKEN SUMMARY (Kraken report: /scratch/prj/aef_forensic_metagenomics/exposure_folder/results/runs/run_1506_1947/reports/L2RP_S14.k2report)
    >>> Threshold: 5 
    >>> Number of species in sample: 9 
	  >> Number of species with reads > threshold: 6 
	  >> Number of species with reads < threshold: 3 
    >>> Total reads in sample: 129193
	  >> Total reads kept at species level (reads > threshold): 60
	  >> Total reads discarded (species reads < threshold): 6
	  >> Reads distributed: 13
	  >> Reads not distributed (eg. no species above threshold): 0
	  >> Unclassified reads: 129114
BRACKEN OUTPUT PRODUCED: /scratch/prj/aef_forensic_metagenomics/exposure_folder/processed_data/metagenomic/bracken/L2RP_S14.bracken
PROGRAM END TIME: 06-15-2025 18:48:23
  Bracken complete.
✅  Abundance estimated.

Generating Krona visualization...
Writing /scratch/prj/aef_forensic_metagenomics/exposure_folder/results/runs/run_1506_1947/krona/L2RP_S14.krona.html...
✅  Krona plot generated.

Processing sample: L2SG_S6

Classifying metagenomic reads with Kraken2...
kraken2 --db "/scratch/prj/aef_forensic_metagenomics/data/databases/k2_housepets_250510" --threads 8 --report "/scratch/prj/aef_forensic_metagenomics/exposure_folder/results/runs/run_1506_1947/reports/L2SG_S6.k2report" 		--report-minimizer-data --paired --minimum-hit-groups 2 		--classified-out "/scratch/prj/aef_forensic_metagenomics/exposure_folder/processed_data/metagenomic/classified/L2SG_S6_classified#.fastq" --unclassified-out "/scratch/prj/aef_forensic_metagenomics/exposure_folder/processed_data/metagenomic/unclassified/L2SG_S6_unclassified#.fastq" 		--output "/scratch/prj/aef_forensic_metagenomics/exposure_folder/processed_data/metagenomic/kraken2/L2SG_S6.kraken2" --use-names "/scratch/prj/aef_forensic_metagenomics/exposure_folder/processed_data/metagenomic/filtered_fastq/L2SG_S6_metagenomic.1" "/scratch/prj/aef_forensic_metagenomics/exposure_folder/processed_data/metagenomic/filtered_fastq/L2SG_S6_metagenomic.2" 2>&1
Loading database information... done.
10131 sequences (2.44 Mbp) processed in 0.276s (2200.5 Kseq/m, 530.37 Mbp/m).
  141 sequences classified (1.39%)
  9990 sequences unclassified (98.61%)
✅  Classification complete.

Estimating species abundance with Bracken...
 >> Checking for Valid Options...
 >> Running Bracken 
      >> python src/est_abundance.py -i /scratch/prj/aef_forensic_metagenomics/exposure_folder/results/runs/run_1506_1947/reports/L2SG_S6.k2report -o /scratch/prj/aef_forensic_metagenomics/exposure_folder/processed_data/metagenomic/bracken/L2SG_S6.bracken -k /scratch/prj/aef_forensic_metagenomics/data/databases/k2_housepets_250510/database100mers.kmer_distrib -l S -t 5
>> Checking report file: /scratch/prj/aef_forensic_metagenomics/exposure_folder/results/runs/run_1506_1947/reports/L2SG_S6.k2report
PROGRAM START TIME: 06-15-2025 18:48:34
BRACKEN SUMMARY (Kraken report: /scratch/prj/aef_forensic_metagenomics/exposure_folder/results/runs/run_1506_1947/reports/L2SG_S6.k2report)
    >>> Threshold: 5 
    >>> Number of species in sample: 11 
	  >> Number of species with reads > threshold: 9 
	  >> Number of species with reads < threshold: 2 
    >>> Total reads in sample: 10131
	  >> Total reads kept at species level (reads > threshold): 116
	  >> Total reads discarded (species reads < threshold): 8
	  >> Reads distributed: 17
	  >> Reads not distributed (eg. no species above threshold): 0
	  >> Unclassified reads: 9990
BRACKEN OUTPUT PRODUCED: /scratch/prj/aef_forensic_metagenomics/exposure_folder/processed_data/metagenomic/bracken/L2SG_S6.bracken
PROGRAM END TIME: 06-15-2025 18:48:34
  Bracken complete.
✅  Abundance estimated.

Generating Krona visualization...
Writing /scratch/prj/aef_forensic_metagenomics/exposure_folder/results/runs/run_1506_1947/krona/L2SG_S6.krona.html...
✅  Krona plot generated.

Processing sample: S1RP_S11

Classifying metagenomic reads with Kraken2...
kraken2 --db "/scratch/prj/aef_forensic_metagenomics/data/databases/k2_housepets_250510" --threads 8 --report "/scratch/prj/aef_forensic_metagenomics/exposure_folder/results/runs/run_1506_1947/reports/S1RP_S11.k2report" 		--report-minimizer-data --paired --minimum-hit-groups 2 		--classified-out "/scratch/prj/aef_forensic_metagenomics/exposure_folder/processed_data/metagenomic/classified/S1RP_S11_classified#.fastq" --unclassified-out "/scratch/prj/aef_forensic_metagenomics/exposure_folder/processed_data/metagenomic/unclassified/S1RP_S11_unclassified#.fastq" 		--output "/scratch/prj/aef_forensic_metagenomics/exposure_folder/processed_data/metagenomic/kraken2/S1RP_S11.kraken2" --use-names "/scratch/prj/aef_forensic_metagenomics/exposure_folder/processed_data/metagenomic/filtered_fastq/S1RP_S11_metagenomic.1" "/scratch/prj/aef_forensic_metagenomics/exposure_folder/processed_data/metagenomic/filtered_fastq/S1RP_S11_metagenomic.2" 2>&1
Loading database information... done.
133184 sequences (34.60 Mbp) processed in 0.710s (11254.8 Kseq/m, 2923.67 Mbp/m).
  37 sequences classified (0.03%)
  133147 sequences unclassified (99.97%)
✅  Classification complete.

Estimating species abundance with Bracken...
 >> Checking for Valid Options...
 >> Running Bracken 
      >> python src/est_abundance.py -i /scratch/prj/aef_forensic_metagenomics/exposure_folder/results/runs/run_1506_1947/reports/S1RP_S11.k2report -o /scratch/prj/aef_forensic_metagenomics/exposure_folder/processed_data/metagenomic/bracken/S1RP_S11.bracken -k /scratch/prj/aef_forensic_metagenomics/data/databases/k2_housepets_250510/database100mers.kmer_distrib -l S -t 5
>> Checking report file: /scratch/prj/aef_forensic_metagenomics/exposure_folder/results/runs/run_1506_1947/reports/S1RP_S11.k2report
PROGRAM START TIME: 06-15-2025 18:48:45
BRACKEN SUMMARY (Kraken report: /scratch/prj/aef_forensic_metagenomics/exposure_folder/results/runs/run_1506_1947/reports/S1RP_S11.k2report)
    >>> Threshold: 5 
    >>> Number of species in sample: 10 
	  >> Number of species with reads > threshold: 3 
	  >> Number of species with reads < threshold: 7 
    >>> Total reads in sample: 133184
	  >> Total reads kept at species level (reads > threshold): 21
	  >> Total reads discarded (species reads < threshold): 15
	  >> Reads distributed: 1
	  >> Reads not distributed (eg. no species above threshold): 0
	  >> Unclassified reads: 133147
BRACKEN OUTPUT PRODUCED: /scratch/prj/aef_forensic_metagenomics/exposure_folder/processed_data/metagenomic/bracken/S1RP_S11.bracken
PROGRAM END TIME: 06-15-2025 18:48:45
  Bracken complete.
✅  Abundance estimated.

Generating Krona visualization...
Writing /scratch/prj/aef_forensic_metagenomics/exposure_folder/results/runs/run_1506_1947/krona/S1RP_S11.krona.html...
✅  Krona plot generated.

Processing sample: S1SG_S3

Classifying metagenomic reads with Kraken2...
kraken2 --db "/scratch/prj/aef_forensic_metagenomics/data/databases/k2_housepets_250510" --threads 8 --report "/scratch/prj/aef_forensic_metagenomics/exposure_folder/results/runs/run_1506_1947/reports/S1SG_S3.k2report" 		--report-minimizer-data --paired --minimum-hit-groups 2 		--classified-out "/scratch/prj/aef_forensic_metagenomics/exposure_folder/processed_data/metagenomic/classified/S1SG_S3_classified#.fastq" --unclassified-out "/scratch/prj/aef_forensic_metagenomics/exposure_folder/processed_data/metagenomic/unclassified/S1SG_S3_unclassified#.fastq" 		--output "/scratch/prj/aef_forensic_metagenomics/exposure_folder/processed_data/metagenomic/kraken2/S1SG_S3.kraken2" --use-names "/scratch/prj/aef_forensic_metagenomics/exposure_folder/processed_data/metagenomic/filtered_fastq/S1SG_S3_metagenomic.1" "/scratch/prj/aef_forensic_metagenomics/exposure_folder/processed_data/metagenomic/filtered_fastq/S1SG_S3_metagenomic.2" 2>&1
Loading database information... done.
7003 sequences (1.59 Mbp) processed in 0.221s (1900.6 Kseq/m, 431.55 Mbp/m).
  181 sequences classified (2.58%)
  6822 sequences unclassified (97.42%)
✅  Classification complete.

Estimating species abundance with Bracken...
 >> Checking for Valid Options...
 >> Running Bracken 
      >> python src/est_abundance.py -i /scratch/prj/aef_forensic_metagenomics/exposure_folder/results/runs/run_1506_1947/reports/S1SG_S3.k2report -o /scratch/prj/aef_forensic_metagenomics/exposure_folder/processed_data/metagenomic/bracken/S1SG_S3.bracken -k /scratch/prj/aef_forensic_metagenomics/data/databases/k2_housepets_250510/database100mers.kmer_distrib -l S -t 5
>> Checking report file: /scratch/prj/aef_forensic_metagenomics/exposure_folder/results/runs/run_1506_1947/reports/S1SG_S3.k2report
PROGRAM START TIME: 06-15-2025 18:48:55
BRACKEN SUMMARY (Kraken report: /scratch/prj/aef_forensic_metagenomics/exposure_folder/results/runs/run_1506_1947/reports/S1SG_S3.k2report)
    >>> Threshold: 5 
    >>> Number of species in sample: 11 
	  >> Number of species with reads > threshold: 10 
	  >> Number of species with reads < threshold: 1 
    >>> Total reads in sample: 7003
	  >> Total reads kept at species level (reads > threshold): 144
	  >> Total reads discarded (species reads < threshold): 1
	  >> Reads distributed: 36
	  >> Reads not distributed (eg. no species above threshold): 0
	  >> Unclassified reads: 6822
BRACKEN OUTPUT PRODUCED: /scratch/prj/aef_forensic_metagenomics/exposure_folder/processed_data/metagenomic/bracken/S1SG_S3.bracken
PROGRAM END TIME: 06-15-2025 18:48:55
  Bracken complete.
✅  Abundance estimated.

Generating Krona visualization...
Writing /scratch/prj/aef_forensic_metagenomics/exposure_folder/results/runs/run_1506_1947/krona/S1SG_S3.krona.html...
✅  Krona plot generated.

Processing sample: S2RP_S12

Classifying metagenomic reads with Kraken2...
kraken2 --db "/scratch/prj/aef_forensic_metagenomics/data/databases/k2_housepets_250510" --threads 8 --report "/scratch/prj/aef_forensic_metagenomics/exposure_folder/results/runs/run_1506_1947/reports/S2RP_S12.k2report" 		--report-minimizer-data --paired --minimum-hit-groups 2 		--classified-out "/scratch/prj/aef_forensic_metagenomics/exposure_folder/processed_data/metagenomic/classified/S2RP_S12_classified#.fastq" --unclassified-out "/scratch/prj/aef_forensic_metagenomics/exposure_folder/processed_data/metagenomic/unclassified/S2RP_S12_unclassified#.fastq" 		--output "/scratch/prj/aef_forensic_metagenomics/exposure_folder/processed_data/metagenomic/kraken2/S2RP_S12.kraken2" --use-names "/scratch/prj/aef_forensic_metagenomics/exposure_folder/processed_data/metagenomic/filtered_fastq/S2RP_S12_metagenomic.1" "/scratch/prj/aef_forensic_metagenomics/exposure_folder/processed_data/metagenomic/filtered_fastq/S2RP_S12_metagenomic.2" 2>&1
Loading database information... done.
236239 sequences (46.91 Mbp) processed in 0.721s (19650.2 Kseq/m, 3902.17 Mbp/m).
  164 sequences classified (0.07%)
  236075 sequences unclassified (99.93%)
✅  Classification complete.

Estimating species abundance with Bracken...
 >> Checking for Valid Options...
 >> Running Bracken 
      >> python src/est_abundance.py -i /scratch/prj/aef_forensic_metagenomics/exposure_folder/results/runs/run_1506_1947/reports/S2RP_S12.k2report -o /scratch/prj/aef_forensic_metagenomics/exposure_folder/processed_data/metagenomic/bracken/S2RP_S12.bracken -k /scratch/prj/aef_forensic_metagenomics/data/databases/k2_housepets_250510/database100mers.kmer_distrib -l S -t 5
>> Checking report file: /scratch/prj/aef_forensic_metagenomics/exposure_folder/results/runs/run_1506_1947/reports/S2RP_S12.k2report
PROGRAM START TIME: 06-15-2025 18:49:07
BRACKEN SUMMARY (Kraken report: /scratch/prj/aef_forensic_metagenomics/exposure_folder/results/runs/run_1506_1947/reports/S2RP_S12.k2report)
    >>> Threshold: 5 
    >>> Number of species in sample: 10 
	  >> Number of species with reads > threshold: 7 
	  >> Number of species with reads < threshold: 3 
    >>> Total reads in sample: 236239
	  >> Total reads kept at species level (reads > threshold): 126
	  >> Total reads discarded (species reads < threshold): 3
	  >> Reads distributed: 35
	  >> Reads not distributed (eg. no species above threshold): 0
	  >> Unclassified reads: 236075
BRACKEN OUTPUT PRODUCED: /scratch/prj/aef_forensic_metagenomics/exposure_folder/processed_data/metagenomic/bracken/S2RP_S12.bracken
PROGRAM END TIME: 06-15-2025 18:49:07
  Bracken complete.
✅  Abundance estimated.

Generating Krona visualization...
Writing /scratch/prj/aef_forensic_metagenomics/exposure_folder/results/runs/run_1506_1947/krona/S2RP_S12.krona.html...
✅  Krona plot generated.

Processing sample: S2SG_S4

Classifying metagenomic reads with Kraken2...
kraken2 --db "/scratch/prj/aef_forensic_metagenomics/data/databases/k2_housepets_250510" --threads 8 --report "/scratch/prj/aef_forensic_metagenomics/exposure_folder/results/runs/run_1506_1947/reports/S2SG_S4.k2report" 		--report-minimizer-data --paired --minimum-hit-groups 2 		--classified-out "/scratch/prj/aef_forensic_metagenomics/exposure_folder/processed_data/metagenomic/classified/S2SG_S4_classified#.fastq" --unclassified-out "/scratch/prj/aef_forensic_metagenomics/exposure_folder/processed_data/metagenomic/unclassified/S2SG_S4_unclassified#.fastq" 		--output "/scratch/prj/aef_forensic_metagenomics/exposure_folder/processed_data/metagenomic/kraken2/S2SG_S4.kraken2" --use-names "/scratch/prj/aef_forensic_metagenomics/exposure_folder/processed_data/metagenomic/filtered_fastq/S2SG_S4_metagenomic.1" "/scratch/prj/aef_forensic_metagenomics/exposure_folder/processed_data/metagenomic/filtered_fastq/S2SG_S4_metagenomic.2" 2>&1
Loading database information... done.
5794 sequences (1.33 Mbp) processed in 0.201s (1733.7 Kseq/m, 399.03 Mbp/m).
  151 sequences classified (2.61%)
  5643 sequences unclassified (97.39%)
✅  Classification complete.

Estimating species abundance with Bracken...
 >> Checking for Valid Options...
 >> Running Bracken 
      >> python src/est_abundance.py -i /scratch/prj/aef_forensic_metagenomics/exposure_folder/results/runs/run_1506_1947/reports/S2SG_S4.k2report -o /scratch/prj/aef_forensic_metagenomics/exposure_folder/processed_data/metagenomic/bracken/S2SG_S4.bracken -k /scratch/prj/aef_forensic_metagenomics/data/databases/k2_housepets_250510/database100mers.kmer_distrib -l S -t 5
>> Checking report file: /scratch/prj/aef_forensic_metagenomics/exposure_folder/results/runs/run_1506_1947/reports/S2SG_S4.k2report
PROGRAM START TIME: 06-15-2025 18:49:18
BRACKEN SUMMARY (Kraken report: /scratch/prj/aef_forensic_metagenomics/exposure_folder/results/runs/run_1506_1947/reports/S2SG_S4.k2report)
    >>> Threshold: 5 
    >>> Number of species in sample: 11 
	  >> Number of species with reads > threshold: 8 
	  >> Number of species with reads < threshold: 3 
    >>> Total reads in sample: 5794
	  >> Total reads kept at species level (reads > threshold): 115
	  >> Total reads discarded (species reads < threshold): 7
	  >> Reads distributed: 29
	  >> Reads not distributed (eg. no species above threshold): 0
	  >> Unclassified reads: 5643
BRACKEN OUTPUT PRODUCED: /scratch/prj/aef_forensic_metagenomics/exposure_folder/processed_data/metagenomic/bracken/S2SG_S4.bracken
PROGRAM END TIME: 06-15-2025 18:49:18
  Bracken complete.
✅  Abundance estimated.

Generating Krona visualization...
Writing /scratch/prj/aef_forensic_metagenomics/exposure_folder/results/runs/run_1506_1947/krona/S2SG_S4.krona.html...
✅  Krona plot generated.

Metagenomic classification completed in: 00:02:09

Calculating read length statistics...
D1RP_S9_metagenomic.1: mean = 132.8, median = 138.0
D1SG_S1_metagenomic.1: mean = 129.0, median = 130.0
D2RP_S10_metagenomic.1: mean = 129.6, median = 132.0
D2SG_S2_metagenomic.1: mean = 108.7, median = 102.0
L1RP_S13_metagenomic.1: mean = 129.4, median = 132.0
L1SG_S5_metagenomic.1: mean = 120.8, median = 116.0
L2RP_S14_metagenomic.1: mean = 117.3, median = 108.0
L2SG_S6_metagenomic.1: mean = 120.7, median = 116.0
S1RP_S11_metagenomic.1: mean = 130.7, median = 135.0
S1SG_S3_metagenomic.1: mean = 114.0, median = 107.0
S2RP_S12_metagenomic.1: mean = 99.5, median = 84.0
S2SG_S4_metagenomic.1: mean = 115.5, median = 107.0
D1RP_S9_metagenomic.2: mean = 130.4, median = 133.0
D1SG_S1_metagenomic.2: mean = 127.3, median = 128.0
D2RP_S10_metagenomic.2: mean = 127.5, median = 129.0
D2SG_S2_metagenomic.2: mean = 108.3, median = 101.0
L1RP_S13_metagenomic.2: mean = 128.3, median = 130.0
L1SG_S5_metagenomic.2: mean = 119.8, median = 115.0
L2RP_S14_metagenomic.2: mean = 116.9, median = 107.0
L2SG_S6_metagenomic.2: mean = 120.3, median = 116.0
S1RP_S11_metagenomic.2: mean = 129.1, median = 132.0
S1SG_S3_metagenomic.2: mean = 113.0, median = 107.0
S2RP_S12_metagenomic.2: mean = 99.1, median = 84.0
S2SG_S4_metagenomic.2: mean = 114.7, median = 107.0
D1RP_S9_classified_1.fastq: mean = 139.6, median = 143.0
D1RP_S9_classified_2.fastq: mean = 138.2, median = 141.5
D1SG_S1_classified_1.fastq: mean = 134.2, median = 136.0
D1SG_S1_classified_2.fastq: mean = 133.9, median = 136.0
D2RP_S10_classified_1.fastq: mean = 130.7, median = 133.0
D2RP_S10_classified_2.fastq: mean = 130.3, median = 132.0
D2SG_S2_classified_1.fastq: mean = 124.9, median = 126.0
D2SG_S2_classified_2.fastq: mean = 124.5, median = 126.0
L1RP_S13_classified_1.fastq: mean = 124.8, median = 118.0
L1RP_S13_classified_2.fastq: mean = 123.3, median = 118.0
L1SG_S5_classified_1.fastq: mean = 144.1, median = 150.0
L1SG_S5_classified_2.fastq: mean = 144.0, median = 150.0
L2RP_S14_classified_1.fastq: mean = 142.7, median = 148.0
L2RP_S14_classified_2.fastq: mean = 142.8, median = 148.0
L2SG_S6_classified_1.fastq: mean = 142.3, median = 142.0
L2SG_S6_classified_2.fastq: mean = 141.7, median = 142.0
S1RP_S11_classified_1.fastq: mean = 105.9, median = 98.0
S1RP_S11_classified_2.fastq: mean = 139.2, median = 143.0
S1SG_S3_classified_1.fastq: mean = 131.6, median = 140.0
S1SG_S3_classified_2.fastq: mean = 130.1, median = 136.0
S2RP_S12_classified_1.fastq: mean = 125.6, median = 123.5
S2RP_S12_classified_2.fastq: mean = 124.1, median = 123.0
S2SG_S4_classified_1.fastq: mean = 126.1, median = 129.0
S2SG_S4_classified_2.fastq: mean = 126.0, median = 137.0
D1RP_S9_unclassified_1.fastq: mean = 132.7, median = 138.0
D1RP_S9_unclassified_2.fastq: mean = 130.3, median = 133.0
D1SG_S1_unclassified_1.fastq: mean = 128.9, median = 130.0
D1SG_S1_unclassified_2.fastq: mean = 127.2, median = 127.0
D2RP_S10_unclassified_1.fastq: mean = 129.6, median = 132.0
D2RP_S10_unclassified_2.fastq: mean = 127.4, median = 129.0
D2SG_S2_unclassified_1.fastq: mean = 106.5, median = 98.0
D2SG_S2_unclassified_2.fastq: mean = 106.1, median = 98.0
L1RP_S13_unclassified_1.fastq: mean = 129.5, median = 132.0
L1RP_S13_unclassified_2.fastq: mean = 128.3, median = 130.0
L1SG_S5_unclassified_1.fastq: mean = 120.6, median = 116.0
L1SG_S5_unclassified_2.fastq: mean = 119.5, median = 114.0
L2RP_S14_unclassified_1.fastq: mean = 117.3, median = 108.0
L2RP_S14_unclassified_2.fastq: mean = 116.9, median = 107.0
L2SG_S6_unclassified_1.fastq: mean = 120.4, median = 115.0
L2SG_S6_unclassified_2.fastq: mean = 120.0, median = 115.0
S1RP_S11_unclassified_1.fastq: mean = 130.7, median = 136.0
S1RP_S11_unclassified_2.fastq: mean = 129.1, median = 131.0
S1SG_S3_unclassified_1.fastq: mean = 113.5, median = 107.0
S1SG_S3_unclassified_2.fastq: mean = 112.6, median = 106.0
S2RP_S12_unclassified_1.fastq: mean = 99.5, median = 84.0
S2RP_S12_unclassified_2.fastq: mean = 99.0, median = 84.0
S2SG_S4_unclassified_1.fastq: mean = 115.2, median = 107.0
S2SG_S4_unclassified_2.fastq: mean = 114.4, median = 106.0
✅ Statistics generated.

Combining Bracken reports...
✅ Bracken reports combined.

Copying SLURM job logs...
✅ SLURM job logs copied.

================================================= COMPARISON TO GROUND TRUTH =================================================

================================================= METAGENOMIC DIVERSITY ANALYSIS =================================================
Calculating alpha and beta diversity...
✅ Alpha diversity calculated.
✅ Beta diversity heatmap generated.
✅  Diversity analysis completed successfully.

✅  Pipeline completed successfully.

Copying final SLURM job logs
