
================================================= ARGUMENT PARSING & VALIDATION =================================================

⚠️  Trimming and host DNA removal are optional but must be done once; if skipped, ensure trimmed and filtered files exist in the correct directories.\n
===== Pipeline Configuration Summary =====
Raw FASTQ directory path: /scratch/prj/aef_forensic_metagenomics/exposure_folder/raw_data
Kraken2/Bracken Database: /scratch/prj/aef_forensic_metagenomics/data/databases/k2_pluspfp_16gb_20250402
Ground Truth: Not provided ❌
Quality Control & Trimming: Disabled ❌
Host DNA Removal: Disabled ❌

================================================= CONDA ENVIRONMENT ACTIVATION ==================================================

✅ 'metagenomics' environment activated successfully.

====================================================== PROJECT STRUCTURE ======================================================

/scratch/prj/aef_forensic_metagenomics/exposure_folder
├── processed_data
│   ├── human
│   │   ├── aligned_sam
│   │   ├── bed_files
│   │   └── sorted_bam
│   ├── metagenomic
│   │   ├── bracken
│   │   ├── classified
│   │   ├── filtered_fastq
│   │   ├── kraken2
│   │   └── unclassified
│   └── trimmed
│       ├── paired
│       └── unpaired
├── raw_data
└── results
    ├── fastqc
    │   ├── post_trimming
    │   └── pre_trimming
    ├── host_dna_analysis
    └── runs
        ├── run_1506_1837
        ├── run_1506_1852
        ├── run_1506_1902
        ├── run_1506_1911
        ├── run_1506_1920
        ├── run_1506_1929
        ├── run_1506_1937
        ├── run_1506_1947
        ├── run_1506_1956
        ├── run_1506_2004
        ├── run_1506_2012
        ├── run_1506_2019
        ├── run_1506_2029
        ├── run_1506_2037
        ├── run_1506_2045
        ├── run_1506_2053
        ├── run_1506_2102
        ├── run_1506_2112
        ├── run_1506_2120
        ├── run_1506_2129
        ├── run_1506_2138
        ├── run_1506_2146
        ├── run_1506_2157
        ├── run_1506_2207
        ├── run_1506_2218
        ├── run_1506_2228
        ├── run_1506_2238
        ├── run_1506_2249
        ├── run_1506_2258
        ├── run_1506_2310
        ├── run_1506_2319
        ├── run_1506_2332
        ├── run_1506_2342
        ├── run_1506_2352
        ├── run_1606_0005
        ├── run_1606_0017
        ├── run_1606_0028
        ├── run_1606_0038
        ├── run_1606_0049
        └── run_1606_0101

61 directories
Human DNA-related files (SAM, BAM, and BED) in the 'human' directory are created once per sub-project and remain unchanged across runs.
Intermediate metagenomic files in the 'metagenomic' directory are overwritten with each run and should be inspected beforehand if desired.
Results are stored in the 'results' directory (including FastQC, host DNA analysis, and run-specific results like Kraken2 and Bracken).

================================================= METAGENOMIC ABUNDANCE ESTIMATION =================================================
⚠️  This step assumes reads have already been trimmed with Trimmomatic and host DNA removed with Bowtie2. Processed reads must be in the correct directory.

Processing sample: D1RP_S9

Classifying metagenomic reads with Kraken2...
kraken2 --db "/scratch/prj/aef_forensic_metagenomics/data/databases/k2_pluspfp_16gb_20250402" --threads 8 --report "/scratch/prj/aef_forensic_metagenomics/exposure_folder/results/runs/run_1606_0101/reports/D1RP_S9.k2report" 		--report-minimizer-data --paired --minimum-hit-groups 4 		--classified-out "/scratch/prj/aef_forensic_metagenomics/exposure_folder/processed_data/metagenomic/classified/D1RP_S9_classified#.fastq" --unclassified-out "/scratch/prj/aef_forensic_metagenomics/exposure_folder/processed_data/metagenomic/unclassified/D1RP_S9_unclassified#.fastq" 		--output "/scratch/prj/aef_forensic_metagenomics/exposure_folder/processed_data/metagenomic/kraken2/D1RP_S9.kraken2" --use-names "/scratch/prj/aef_forensic_metagenomics/exposure_folder/processed_data/metagenomic/filtered_fastq/D1RP_S9_metagenomic.1" "/scratch/prj/aef_forensic_metagenomics/exposure_folder/processed_data/metagenomic/filtered_fastq/D1RP_S9_metagenomic.2" 2>&1
Loading database information... done.
124006 sequences (32.63 Mbp) processed in 0.721s (10321.1 Kseq/m, 2715.91 Mbp/m).
  9364 sequences classified (7.55%)
  114642 sequences unclassified (92.45%)
✅  Classification complete.

Estimating species abundance with Bracken...
 >> Checking for Valid Options...
 >> Running Bracken 
      >> python src/est_abundance.py -i /scratch/prj/aef_forensic_metagenomics/exposure_folder/results/runs/run_1606_0101/reports/D1RP_S9.k2report -o /scratch/prj/aef_forensic_metagenomics/exposure_folder/processed_data/metagenomic/bracken/D1RP_S9.bracken -k /scratch/prj/aef_forensic_metagenomics/data/databases/k2_pluspfp_16gb_20250402/database100mers.kmer_distrib -l S -t 20
>> Checking report file: /scratch/prj/aef_forensic_metagenomics/exposure_folder/results/runs/run_1606_0101/reports/D1RP_S9.k2report
PROGRAM START TIME: 06-16-2025 00:01:57
BRACKEN SUMMARY (Kraken report: /scratch/prj/aef_forensic_metagenomics/exposure_folder/results/runs/run_1606_0101/reports/D1RP_S9.k2report)
    >>> Threshold: 20 
    >>> Number of species in sample: 59 
	  >> Number of species with reads > threshold: 10 
	  >> Number of species with reads < threshold: 49 
    >>> Total reads in sample: 124006
	  >> Total reads kept at species level (reads > threshold): 8697
	  >> Total reads discarded (species reads < threshold): 171
	  >> Reads distributed: 436
	  >> Reads not distributed (eg. no species above threshold): 60
	  >> Unclassified reads: 114642
BRACKEN OUTPUT PRODUCED: /scratch/prj/aef_forensic_metagenomics/exposure_folder/processed_data/metagenomic/bracken/D1RP_S9.bracken
PROGRAM END TIME: 06-16-2025 00:01:57
  Bracken complete.
✅  Abundance estimated.

Generating Krona visualization...
Writing /scratch/prj/aef_forensic_metagenomics/exposure_folder/results/runs/run_1606_0101/krona/D1RP_S9.krona.html...
✅  Krona plot generated.

Processing sample: D1SG_S1

Classifying metagenomic reads with Kraken2...
kraken2 --db "/scratch/prj/aef_forensic_metagenomics/data/databases/k2_pluspfp_16gb_20250402" --threads 8 --report "/scratch/prj/aef_forensic_metagenomics/exposure_folder/results/runs/run_1606_0101/reports/D1SG_S1.k2report" 		--report-minimizer-data --paired --minimum-hit-groups 4 		--classified-out "/scratch/prj/aef_forensic_metagenomics/exposure_folder/processed_data/metagenomic/classified/D1SG_S1_classified#.fastq" --unclassified-out "/scratch/prj/aef_forensic_metagenomics/exposure_folder/processed_data/metagenomic/unclassified/D1SG_S1_unclassified#.fastq" 		--output "/scratch/prj/aef_forensic_metagenomics/exposure_folder/processed_data/metagenomic/kraken2/D1SG_S1.kraken2" --use-names "/scratch/prj/aef_forensic_metagenomics/exposure_folder/processed_data/metagenomic/filtered_fastq/D1SG_S1_metagenomic.1" "/scratch/prj/aef_forensic_metagenomics/exposure_folder/processed_data/metagenomic/filtered_fastq/D1SG_S1_metagenomic.2" 2>&1
Loading database information... done.
155364 sequences (39.82 Mbp) processed in 0.940s (9917.8 Kseq/m, 2541.80 Mbp/m).
  11989 sequences classified (7.72%)
  143375 sequences unclassified (92.28%)
✅  Classification complete.

Estimating species abundance with Bracken...
 >> Checking for Valid Options...
 >> Running Bracken 
      >> python src/est_abundance.py -i /scratch/prj/aef_forensic_metagenomics/exposure_folder/results/runs/run_1606_0101/reports/D1SG_S1.k2report -o /scratch/prj/aef_forensic_metagenomics/exposure_folder/processed_data/metagenomic/bracken/D1SG_S1.bracken -k /scratch/prj/aef_forensic_metagenomics/data/databases/k2_pluspfp_16gb_20250402/database100mers.kmer_distrib -l S -t 20
>> Checking report file: /scratch/prj/aef_forensic_metagenomics/exposure_folder/results/runs/run_1606_0101/reports/D1SG_S1.k2report
PROGRAM START TIME: 06-16-2025 00:02:08
BRACKEN SUMMARY (Kraken report: /scratch/prj/aef_forensic_metagenomics/exposure_folder/results/runs/run_1606_0101/reports/D1SG_S1.k2report)
    >>> Threshold: 20 
    >>> Number of species in sample: 1145 
	  >> Number of species with reads > threshold: 17 
	  >> Number of species with reads < threshold: 1128 
    >>> Total reads in sample: 155364
	  >> Total reads kept at species level (reads > threshold): 7555
	  >> Total reads discarded (species reads < threshold): 2007
	  >> Reads distributed: 1351
	  >> Reads not distributed (eg. no species above threshold): 1076
	  >> Unclassified reads: 143375
BRACKEN OUTPUT PRODUCED: /scratch/prj/aef_forensic_metagenomics/exposure_folder/processed_data/metagenomic/bracken/D1SG_S1.bracken
PROGRAM END TIME: 06-16-2025 00:02:08
  Bracken complete.
✅  Abundance estimated.

Generating Krona visualization...
Writing /scratch/prj/aef_forensic_metagenomics/exposure_folder/results/runs/run_1606_0101/krona/D1SG_S1.krona.html...
✅  Krona plot generated.

Processing sample: D2RP_S10

Classifying metagenomic reads with Kraken2...
kraken2 --db "/scratch/prj/aef_forensic_metagenomics/data/databases/k2_pluspfp_16gb_20250402" --threads 8 --report "/scratch/prj/aef_forensic_metagenomics/exposure_folder/results/runs/run_1606_0101/reports/D2RP_S10.k2report" 		--report-minimizer-data --paired --minimum-hit-groups 4 		--classified-out "/scratch/prj/aef_forensic_metagenomics/exposure_folder/processed_data/metagenomic/classified/D2RP_S10_classified#.fastq" --unclassified-out "/scratch/prj/aef_forensic_metagenomics/exposure_folder/processed_data/metagenomic/unclassified/D2RP_S10_unclassified#.fastq" 		--output "/scratch/prj/aef_forensic_metagenomics/exposure_folder/processed_data/metagenomic/kraken2/D2RP_S10.kraken2" --use-names "/scratch/prj/aef_forensic_metagenomics/exposure_folder/processed_data/metagenomic/filtered_fastq/D2RP_S10_metagenomic.1" "/scratch/prj/aef_forensic_metagenomics/exposure_folder/processed_data/metagenomic/filtered_fastq/D2RP_S10_metagenomic.2" 2>&1
Loading database information... done.
122720 sequences (31.55 Mbp) processed in 1.386s (5311.4 Kseq/m, 1365.35 Mbp/m).
  63201 sequences classified (51.50%)
  59519 sequences unclassified (48.50%)
✅  Classification complete.

Estimating species abundance with Bracken...
 >> Checking for Valid Options...
 >> Running Bracken 
      >> python src/est_abundance.py -i /scratch/prj/aef_forensic_metagenomics/exposure_folder/results/runs/run_1606_0101/reports/D2RP_S10.k2report -o /scratch/prj/aef_forensic_metagenomics/exposure_folder/processed_data/metagenomic/bracken/D2RP_S10.bracken -k /scratch/prj/aef_forensic_metagenomics/data/databases/k2_pluspfp_16gb_20250402/database100mers.kmer_distrib -l S -t 20
>> Checking report file: /scratch/prj/aef_forensic_metagenomics/exposure_folder/results/runs/run_1606_0101/reports/D2RP_S10.k2report
PROGRAM START TIME: 06-16-2025 00:02:18
BRACKEN SUMMARY (Kraken report: /scratch/prj/aef_forensic_metagenomics/exposure_folder/results/runs/run_1606_0101/reports/D2RP_S10.k2report)
    >>> Threshold: 20 
    >>> Number of species in sample: 24 
	  >> Number of species with reads > threshold: 7 
	  >> Number of species with reads < threshold: 17 
    >>> Total reads in sample: 122720
	  >> Total reads kept at species level (reads > threshold): 62397
	  >> Total reads discarded (species reads < threshold): 52
	  >> Reads distributed: 729
	  >> Reads not distributed (eg. no species above threshold): 23
	  >> Unclassified reads: 59519
BRACKEN OUTPUT PRODUCED: /scratch/prj/aef_forensic_metagenomics/exposure_folder/processed_data/metagenomic/bracken/D2RP_S10.bracken
PROGRAM END TIME: 06-16-2025 00:02:18
  Bracken complete.
✅  Abundance estimated.

Generating Krona visualization...
Writing /scratch/prj/aef_forensic_metagenomics/exposure_folder/results/runs/run_1606_0101/krona/D2RP_S10.krona.html...
✅  Krona plot generated.

Processing sample: D2SG_S2

Classifying metagenomic reads with Kraken2...
kraken2 --db "/scratch/prj/aef_forensic_metagenomics/data/databases/k2_pluspfp_16gb_20250402" --threads 8 --report "/scratch/prj/aef_forensic_metagenomics/exposure_folder/results/runs/run_1606_0101/reports/D2SG_S2.k2report" 		--report-minimizer-data --paired --minimum-hit-groups 4 		--classified-out "/scratch/prj/aef_forensic_metagenomics/exposure_folder/processed_data/metagenomic/classified/D2SG_S2_classified#.fastq" --unclassified-out "/scratch/prj/aef_forensic_metagenomics/exposure_folder/processed_data/metagenomic/unclassified/D2SG_S2_unclassified#.fastq" 		--output "/scratch/prj/aef_forensic_metagenomics/exposure_folder/processed_data/metagenomic/kraken2/D2SG_S2.kraken2" --use-names "/scratch/prj/aef_forensic_metagenomics/exposure_folder/processed_data/metagenomic/filtered_fastq/D2SG_S2_metagenomic.1" "/scratch/prj/aef_forensic_metagenomics/exposure_folder/processed_data/metagenomic/filtered_fastq/D2SG_S2_metagenomic.2" 2>&1
Loading database information... done.
27649 sequences (6.00 Mbp) processed in 0.277s (5991.7 Kseq/m, 1300.08 Mbp/m).
  10706 sequences classified (38.72%)
  16943 sequences unclassified (61.28%)
✅  Classification complete.

Estimating species abundance with Bracken...
 >> Checking for Valid Options...
 >> Running Bracken 
      >> python src/est_abundance.py -i /scratch/prj/aef_forensic_metagenomics/exposure_folder/results/runs/run_1606_0101/reports/D2SG_S2.k2report -o /scratch/prj/aef_forensic_metagenomics/exposure_folder/processed_data/metagenomic/bracken/D2SG_S2.bracken -k /scratch/prj/aef_forensic_metagenomics/data/databases/k2_pluspfp_16gb_20250402/database100mers.kmer_distrib -l S -t 20
>> Checking report file: /scratch/prj/aef_forensic_metagenomics/exposure_folder/results/runs/run_1606_0101/reports/D2SG_S2.k2report
PROGRAM START TIME: 06-16-2025 00:02:27
BRACKEN SUMMARY (Kraken report: /scratch/prj/aef_forensic_metagenomics/exposure_folder/results/runs/run_1606_0101/reports/D2SG_S2.k2report)
    >>> Threshold: 20 
    >>> Number of species in sample: 164 
	  >> Number of species with reads > threshold: 13 
	  >> Number of species with reads < threshold: 151 
    >>> Total reads in sample: 27649
	  >> Total reads kept at species level (reads > threshold): 9441
	  >> Total reads discarded (species reads < threshold): 388
	  >> Reads distributed: 704
	  >> Reads not distributed (eg. no species above threshold): 173
	  >> Unclassified reads: 16943
BRACKEN OUTPUT PRODUCED: /scratch/prj/aef_forensic_metagenomics/exposure_folder/processed_data/metagenomic/bracken/D2SG_S2.bracken
PROGRAM END TIME: 06-16-2025 00:02:27
  Bracken complete.
✅  Abundance estimated.

Generating Krona visualization...
Writing /scratch/prj/aef_forensic_metagenomics/exposure_folder/results/runs/run_1606_0101/krona/D2SG_S2.krona.html...
✅  Krona plot generated.

Processing sample: L1RP_S13

Classifying metagenomic reads with Kraken2...
kraken2 --db "/scratch/prj/aef_forensic_metagenomics/data/databases/k2_pluspfp_16gb_20250402" --threads 8 --report "/scratch/prj/aef_forensic_metagenomics/exposure_folder/results/runs/run_1606_0101/reports/L1RP_S13.k2report" 		--report-minimizer-data --paired --minimum-hit-groups 4 		--classified-out "/scratch/prj/aef_forensic_metagenomics/exposure_folder/processed_data/metagenomic/classified/L1RP_S13_classified#.fastq" --unclassified-out "/scratch/prj/aef_forensic_metagenomics/exposure_folder/processed_data/metagenomic/unclassified/L1RP_S13_unclassified#.fastq" 		--output "/scratch/prj/aef_forensic_metagenomics/exposure_folder/processed_data/metagenomic/kraken2/L1RP_S13.kraken2" --use-names "/scratch/prj/aef_forensic_metagenomics/exposure_folder/processed_data/metagenomic/filtered_fastq/L1RP_S13_metagenomic.1" "/scratch/prj/aef_forensic_metagenomics/exposure_folder/processed_data/metagenomic/filtered_fastq/L1RP_S13_metagenomic.2" 2>&1
Loading database information... done.
164179 sequences (42.32 Mbp) processed in 1.063s (9266.1 Kseq/m, 2388.59 Mbp/m).
  1593 sequences classified (0.97%)
  162586 sequences unclassified (99.03%)
✅  Classification complete.

Estimating species abundance with Bracken...
 >> Checking for Valid Options...
 >> Running Bracken 
      >> python src/est_abundance.py -i /scratch/prj/aef_forensic_metagenomics/exposure_folder/results/runs/run_1606_0101/reports/L1RP_S13.k2report -o /scratch/prj/aef_forensic_metagenomics/exposure_folder/processed_data/metagenomic/bracken/L1RP_S13.bracken -k /scratch/prj/aef_forensic_metagenomics/data/databases/k2_pluspfp_16gb_20250402/database100mers.kmer_distrib -l S -t 20
>> Checking report file: /scratch/prj/aef_forensic_metagenomics/exposure_folder/results/runs/run_1606_0101/reports/L1RP_S13.k2report
PROGRAM START TIME: 06-16-2025 00:02:37
BRACKEN SUMMARY (Kraken report: /scratch/prj/aef_forensic_metagenomics/exposure_folder/results/runs/run_1606_0101/reports/L1RP_S13.k2report)
    >>> Threshold: 20 
    >>> Number of species in sample: 16 
	  >> Number of species with reads > threshold: 7 
	  >> Number of species with reads < threshold: 9 
    >>> Total reads in sample: 164179
	  >> Total reads kept at species level (reads > threshold): 1474
	  >> Total reads discarded (species reads < threshold): 27
	  >> Reads distributed: 80
	  >> Reads not distributed (eg. no species above threshold): 12
	  >> Unclassified reads: 162586
BRACKEN OUTPUT PRODUCED: /scratch/prj/aef_forensic_metagenomics/exposure_folder/processed_data/metagenomic/bracken/L1RP_S13.bracken
PROGRAM END TIME: 06-16-2025 00:02:37
  Bracken complete.
✅  Abundance estimated.

Generating Krona visualization...
Writing /scratch/prj/aef_forensic_metagenomics/exposure_folder/results/runs/run_1606_0101/krona/L1RP_S13.krona.html...
✅  Krona plot generated.

Processing sample: L1SG_S5

Classifying metagenomic reads with Kraken2...
kraken2 --db "/scratch/prj/aef_forensic_metagenomics/data/databases/k2_pluspfp_16gb_20250402" --threads 8 --report "/scratch/prj/aef_forensic_metagenomics/exposure_folder/results/runs/run_1606_0101/reports/L1SG_S5.k2report" 		--report-minimizer-data --paired --minimum-hit-groups 4 		--classified-out "/scratch/prj/aef_forensic_metagenomics/exposure_folder/processed_data/metagenomic/classified/L1SG_S5_classified#.fastq" --unclassified-out "/scratch/prj/aef_forensic_metagenomics/exposure_folder/processed_data/metagenomic/unclassified/L1SG_S5_unclassified#.fastq" 		--output "/scratch/prj/aef_forensic_metagenomics/exposure_folder/processed_data/metagenomic/kraken2/L1SG_S5.kraken2" --use-names "/scratch/prj/aef_forensic_metagenomics/exposure_folder/processed_data/metagenomic/filtered_fastq/L1SG_S5_metagenomic.1" "/scratch/prj/aef_forensic_metagenomics/exposure_folder/processed_data/metagenomic/filtered_fastq/L1SG_S5_metagenomic.2" 2>&1
Loading database information... done.
46411 sequences (11.17 Mbp) processed in 0.451s (6180.2 Kseq/m, 1486.96 Mbp/m).
  941 sequences classified (2.03%)
  45470 sequences unclassified (97.97%)
✅  Classification complete.

Estimating species abundance with Bracken...
 >> Checking for Valid Options...
 >> Running Bracken 
      >> python src/est_abundance.py -i /scratch/prj/aef_forensic_metagenomics/exposure_folder/results/runs/run_1606_0101/reports/L1SG_S5.k2report -o /scratch/prj/aef_forensic_metagenomics/exposure_folder/processed_data/metagenomic/bracken/L1SG_S5.bracken -k /scratch/prj/aef_forensic_metagenomics/data/databases/k2_pluspfp_16gb_20250402/database100mers.kmer_distrib -l S -t 20
>> Checking report file: /scratch/prj/aef_forensic_metagenomics/exposure_folder/results/runs/run_1606_0101/reports/L1SG_S5.k2report
PROGRAM START TIME: 06-16-2025 00:02:48
BRACKEN SUMMARY (Kraken report: /scratch/prj/aef_forensic_metagenomics/exposure_folder/results/runs/run_1606_0101/reports/L1SG_S5.k2report)
    >>> Threshold: 20 
    >>> Number of species in sample: 236 
	  >> Number of species with reads > threshold: 3 
	  >> Number of species with reads < threshold: 233 
    >>> Total reads in sample: 46411
	  >> Total reads kept at species level (reads > threshold): 241
	  >> Total reads discarded (species reads < threshold): 372
	  >> Reads distributed: 79
	  >> Reads not distributed (eg. no species above threshold): 249
	  >> Unclassified reads: 45470
BRACKEN OUTPUT PRODUCED: /scratch/prj/aef_forensic_metagenomics/exposure_folder/processed_data/metagenomic/bracken/L1SG_S5.bracken
PROGRAM END TIME: 06-16-2025 00:02:48
  Bracken complete.
✅  Abundance estimated.

Generating Krona visualization...
Writing /scratch/prj/aef_forensic_metagenomics/exposure_folder/results/runs/run_1606_0101/krona/L1SG_S5.krona.html...
✅  Krona plot generated.

Processing sample: L2RP_S14

Classifying metagenomic reads with Kraken2...
kraken2 --db "/scratch/prj/aef_forensic_metagenomics/data/databases/k2_pluspfp_16gb_20250402" --threads 8 --report "/scratch/prj/aef_forensic_metagenomics/exposure_folder/results/runs/run_1606_0101/reports/L2RP_S14.k2report" 		--report-minimizer-data --paired --minimum-hit-groups 4 		--classified-out "/scratch/prj/aef_forensic_metagenomics/exposure_folder/processed_data/metagenomic/classified/L2RP_S14_classified#.fastq" --unclassified-out "/scratch/prj/aef_forensic_metagenomics/exposure_folder/processed_data/metagenomic/unclassified/L2RP_S14_unclassified#.fastq" 		--output "/scratch/prj/aef_forensic_metagenomics/exposure_folder/processed_data/metagenomic/kraken2/L2RP_S14.kraken2" --use-names "/scratch/prj/aef_forensic_metagenomics/exposure_folder/processed_data/metagenomic/filtered_fastq/L2RP_S14_metagenomic.1" "/scratch/prj/aef_forensic_metagenomics/exposure_folder/processed_data/metagenomic/filtered_fastq/L2RP_S14_metagenomic.2" 2>&1
Loading database information... done.
129193 sequences (30.26 Mbp) processed in 0.629s (12327.7 Kseq/m, 2887.83 Mbp/m).
  57717 sequences classified (44.68%)
  71476 sequences unclassified (55.32%)
✅  Classification complete.

Estimating species abundance with Bracken...
 >> Checking for Valid Options...
 >> Running Bracken 
      >> python src/est_abundance.py -i /scratch/prj/aef_forensic_metagenomics/exposure_folder/results/runs/run_1606_0101/reports/L2RP_S14.k2report -o /scratch/prj/aef_forensic_metagenomics/exposure_folder/processed_data/metagenomic/bracken/L2RP_S14.bracken -k /scratch/prj/aef_forensic_metagenomics/data/databases/k2_pluspfp_16gb_20250402/database100mers.kmer_distrib -l S -t 20
>> Checking report file: /scratch/prj/aef_forensic_metagenomics/exposure_folder/results/runs/run_1606_0101/reports/L2RP_S14.k2report
PROGRAM START TIME: 06-16-2025 00:02:58
BRACKEN SUMMARY (Kraken report: /scratch/prj/aef_forensic_metagenomics/exposure_folder/results/runs/run_1606_0101/reports/L2RP_S14.k2report)
    >>> Threshold: 20 
    >>> Number of species in sample: 17 
	  >> Number of species with reads > threshold: 3 
	  >> Number of species with reads < threshold: 14 
    >>> Total reads in sample: 129193
	  >> Total reads kept at species level (reads > threshold): 48350
	  >> Total reads discarded (species reads < threshold): 72
	  >> Reads distributed: 9271
	  >> Reads not distributed (eg. no species above threshold): 24
	  >> Unclassified reads: 71476
BRACKEN OUTPUT PRODUCED: /scratch/prj/aef_forensic_metagenomics/exposure_folder/processed_data/metagenomic/bracken/L2RP_S14.bracken
PROGRAM END TIME: 06-16-2025 00:02:59
  Bracken complete.
✅  Abundance estimated.

Generating Krona visualization...
Writing /scratch/prj/aef_forensic_metagenomics/exposure_folder/results/runs/run_1606_0101/krona/L2RP_S14.krona.html...
✅  Krona plot generated.

Processing sample: L2SG_S6

Classifying metagenomic reads with Kraken2...
kraken2 --db "/scratch/prj/aef_forensic_metagenomics/data/databases/k2_pluspfp_16gb_20250402" --threads 8 --report "/scratch/prj/aef_forensic_metagenomics/exposure_folder/results/runs/run_1606_0101/reports/L2SG_S6.k2report" 		--report-minimizer-data --paired --minimum-hit-groups 4 		--classified-out "/scratch/prj/aef_forensic_metagenomics/exposure_folder/processed_data/metagenomic/classified/L2SG_S6_classified#.fastq" --unclassified-out "/scratch/prj/aef_forensic_metagenomics/exposure_folder/processed_data/metagenomic/unclassified/L2SG_S6_unclassified#.fastq" 		--output "/scratch/prj/aef_forensic_metagenomics/exposure_folder/processed_data/metagenomic/kraken2/L2SG_S6.kraken2" --use-names "/scratch/prj/aef_forensic_metagenomics/exposure_folder/processed_data/metagenomic/filtered_fastq/L2SG_S6_metagenomic.1" "/scratch/prj/aef_forensic_metagenomics/exposure_folder/processed_data/metagenomic/filtered_fastq/L2SG_S6_metagenomic.2" 2>&1
Loading database information... done.
10131 sequences (2.44 Mbp) processed in 0.214s (2839.1 Kseq/m, 684.29 Mbp/m).
  4461 sequences classified (44.03%)
  5670 sequences unclassified (55.97%)
✅  Classification complete.

Estimating species abundance with Bracken...
 >> Checking for Valid Options...
 >> Running Bracken 
      >> python src/est_abundance.py -i /scratch/prj/aef_forensic_metagenomics/exposure_folder/results/runs/run_1606_0101/reports/L2SG_S6.k2report -o /scratch/prj/aef_forensic_metagenomics/exposure_folder/processed_data/metagenomic/bracken/L2SG_S6.bracken -k /scratch/prj/aef_forensic_metagenomics/data/databases/k2_pluspfp_16gb_20250402/database100mers.kmer_distrib -l S -t 20
>> Checking report file: /scratch/prj/aef_forensic_metagenomics/exposure_folder/results/runs/run_1606_0101/reports/L2SG_S6.k2report
PROGRAM START TIME: 06-16-2025 00:03:08
BRACKEN SUMMARY (Kraken report: /scratch/prj/aef_forensic_metagenomics/exposure_folder/results/runs/run_1606_0101/reports/L2SG_S6.k2report)
    >>> Threshold: 20 
    >>> Number of species in sample: 48 
	  >> Number of species with reads > threshold: 3 
	  >> Number of species with reads < threshold: 45 
    >>> Total reads in sample: 10131
	  >> Total reads kept at species level (reads > threshold): 4219
	  >> Total reads discarded (species reads < threshold): 103
	  >> Reads distributed: 58
	  >> Reads not distributed (eg. no species above threshold): 81
	  >> Unclassified reads: 5670
BRACKEN OUTPUT PRODUCED: /scratch/prj/aef_forensic_metagenomics/exposure_folder/processed_data/metagenomic/bracken/L2SG_S6.bracken
PROGRAM END TIME: 06-16-2025 00:03:08
  Bracken complete.
✅  Abundance estimated.

Generating Krona visualization...
Writing /scratch/prj/aef_forensic_metagenomics/exposure_folder/results/runs/run_1606_0101/krona/L2SG_S6.krona.html...
✅  Krona plot generated.

Processing sample: S1RP_S11

Classifying metagenomic reads with Kraken2...
kraken2 --db "/scratch/prj/aef_forensic_metagenomics/data/databases/k2_pluspfp_16gb_20250402" --threads 8 --report "/scratch/prj/aef_forensic_metagenomics/exposure_folder/results/runs/run_1606_0101/reports/S1RP_S11.k2report" 		--report-minimizer-data --paired --minimum-hit-groups 4 		--classified-out "/scratch/prj/aef_forensic_metagenomics/exposure_folder/processed_data/metagenomic/classified/S1RP_S11_classified#.fastq" --unclassified-out "/scratch/prj/aef_forensic_metagenomics/exposure_folder/processed_data/metagenomic/unclassified/S1RP_S11_unclassified#.fastq" 		--output "/scratch/prj/aef_forensic_metagenomics/exposure_folder/processed_data/metagenomic/kraken2/S1RP_S11.kraken2" --use-names "/scratch/prj/aef_forensic_metagenomics/exposure_folder/processed_data/metagenomic/filtered_fastq/S1RP_S11_metagenomic.1" "/scratch/prj/aef_forensic_metagenomics/exposure_folder/processed_data/metagenomic/filtered_fastq/S1RP_S11_metagenomic.2" 2>&1
Loading database information... done.
133184 sequences (34.60 Mbp) processed in 0.859s (9301.8 Kseq/m, 2416.34 Mbp/m).
  68 sequences classified (0.05%)
  133116 sequences unclassified (99.95%)
✅  Classification complete.

Estimating species abundance with Bracken...
 >> Checking for Valid Options...
 >> Running Bracken 
      >> python src/est_abundance.py -i /scratch/prj/aef_forensic_metagenomics/exposure_folder/results/runs/run_1606_0101/reports/S1RP_S11.k2report -o /scratch/prj/aef_forensic_metagenomics/exposure_folder/processed_data/metagenomic/bracken/S1RP_S11.bracken -k /scratch/prj/aef_forensic_metagenomics/data/databases/k2_pluspfp_16gb_20250402/database100mers.kmer_distrib -l S -t 20
>> Checking report file: /scratch/prj/aef_forensic_metagenomics/exposure_folder/results/runs/run_1606_0101/reports/S1RP_S11.k2report
PROGRAM START TIME: 06-16-2025 00:03:18
BRACKEN SUMMARY (Kraken report: /scratch/prj/aef_forensic_metagenomics/exposure_folder/results/runs/run_1606_0101/reports/S1RP_S11.k2report)
    >>> Threshold: 20 
    >>> Number of species in sample: 4 
	  >> Number of species with reads > threshold: 1 
	  >> Number of species with reads < threshold: 3 
    >>> Total reads in sample: 133184
	  >> Total reads kept at species level (reads > threshold): 44
	  >> Total reads discarded (species reads < threshold): 7
	  >> Reads distributed: 2
	  >> Reads not distributed (eg. no species above threshold): 15
	  >> Unclassified reads: 133116
BRACKEN OUTPUT PRODUCED: /scratch/prj/aef_forensic_metagenomics/exposure_folder/processed_data/metagenomic/bracken/S1RP_S11.bracken
PROGRAM END TIME: 06-16-2025 00:03:18
  Bracken complete.
✅  Abundance estimated.

Generating Krona visualization...
Writing /scratch/prj/aef_forensic_metagenomics/exposure_folder/results/runs/run_1606_0101/krona/S1RP_S11.krona.html...
✅  Krona plot generated.

Processing sample: S1SG_S3

Classifying metagenomic reads with Kraken2...
kraken2 --db "/scratch/prj/aef_forensic_metagenomics/data/databases/k2_pluspfp_16gb_20250402" --threads 8 --report "/scratch/prj/aef_forensic_metagenomics/exposure_folder/results/runs/run_1606_0101/reports/S1SG_S3.k2report" 		--report-minimizer-data --paired --minimum-hit-groups 4 		--classified-out "/scratch/prj/aef_forensic_metagenomics/exposure_folder/processed_data/metagenomic/classified/S1SG_S3_classified#.fastq" --unclassified-out "/scratch/prj/aef_forensic_metagenomics/exposure_folder/processed_data/metagenomic/unclassified/S1SG_S3_unclassified#.fastq" 		--output "/scratch/prj/aef_forensic_metagenomics/exposure_folder/processed_data/metagenomic/kraken2/S1SG_S3.kraken2" --use-names "/scratch/prj/aef_forensic_metagenomics/exposure_folder/processed_data/metagenomic/filtered_fastq/S1SG_S3_metagenomic.1" "/scratch/prj/aef_forensic_metagenomics/exposure_folder/processed_data/metagenomic/filtered_fastq/S1SG_S3_metagenomic.2" 2>&1
Loading database information... done.
7003 sequences (1.59 Mbp) processed in 0.144s (2910.2 Kseq/m, 660.78 Mbp/m).
  855 sequences classified (12.21%)
  6148 sequences unclassified (87.79%)
✅  Classification complete.

Estimating species abundance with Bracken...
 >> Checking for Valid Options...
 >> Running Bracken 
      >> python src/est_abundance.py -i /scratch/prj/aef_forensic_metagenomics/exposure_folder/results/runs/run_1606_0101/reports/S1SG_S3.k2report -o /scratch/prj/aef_forensic_metagenomics/exposure_folder/processed_data/metagenomic/bracken/S1SG_S3.bracken -k /scratch/prj/aef_forensic_metagenomics/data/databases/k2_pluspfp_16gb_20250402/database100mers.kmer_distrib -l S -t 20
>> Checking report file: /scratch/prj/aef_forensic_metagenomics/exposure_folder/results/runs/run_1606_0101/reports/S1SG_S3.k2report
PROGRAM START TIME: 06-16-2025 00:03:27
BRACKEN SUMMARY (Kraken report: /scratch/prj/aef_forensic_metagenomics/exposure_folder/results/runs/run_1606_0101/reports/S1SG_S3.k2report)
    >>> Threshold: 20 
    >>> Number of species in sample: 119 
	  >> Number of species with reads > threshold: 3 
	  >> Number of species with reads < threshold: 116 
    >>> Total reads in sample: 7003
	  >> Total reads kept at species level (reads > threshold): 384
	  >> Total reads discarded (species reads < threshold): 205
	  >> Reads distributed: 97
	  >> Reads not distributed (eg. no species above threshold): 169
	  >> Unclassified reads: 6148
BRACKEN OUTPUT PRODUCED: /scratch/prj/aef_forensic_metagenomics/exposure_folder/processed_data/metagenomic/bracken/S1SG_S3.bracken
PROGRAM END TIME: 06-16-2025 00:03:28
  Bracken complete.
✅  Abundance estimated.

Generating Krona visualization...
Writing /scratch/prj/aef_forensic_metagenomics/exposure_folder/results/runs/run_1606_0101/krona/S1SG_S3.krona.html...
✅  Krona plot generated.

Processing sample: S2RP_S12

Classifying metagenomic reads with Kraken2...
kraken2 --db "/scratch/prj/aef_forensic_metagenomics/data/databases/k2_pluspfp_16gb_20250402" --threads 8 --report "/scratch/prj/aef_forensic_metagenomics/exposure_folder/results/runs/run_1606_0101/reports/S2RP_S12.k2report" 		--report-minimizer-data --paired --minimum-hit-groups 4 		--classified-out "/scratch/prj/aef_forensic_metagenomics/exposure_folder/processed_data/metagenomic/classified/S2RP_S12_classified#.fastq" --unclassified-out "/scratch/prj/aef_forensic_metagenomics/exposure_folder/processed_data/metagenomic/unclassified/S2RP_S12_unclassified#.fastq" 		--output "/scratch/prj/aef_forensic_metagenomics/exposure_folder/processed_data/metagenomic/kraken2/S2RP_S12.kraken2" --use-names "/scratch/prj/aef_forensic_metagenomics/exposure_folder/processed_data/metagenomic/filtered_fastq/S2RP_S12_metagenomic.1" "/scratch/prj/aef_forensic_metagenomics/exposure_folder/processed_data/metagenomic/filtered_fastq/S2RP_S12_metagenomic.2" 2>&1
Loading database information... done.
236239 sequences (46.91 Mbp) processed in 1.461s (9703.1 Kseq/m, 1926.85 Mbp/m).
  65241 sequences classified (27.62%)
  170998 sequences unclassified (72.38%)
✅  Classification complete.

Estimating species abundance with Bracken...
 >> Checking for Valid Options...
 >> Running Bracken 
      >> python src/est_abundance.py -i /scratch/prj/aef_forensic_metagenomics/exposure_folder/results/runs/run_1606_0101/reports/S2RP_S12.k2report -o /scratch/prj/aef_forensic_metagenomics/exposure_folder/processed_data/metagenomic/bracken/S2RP_S12.bracken -k /scratch/prj/aef_forensic_metagenomics/data/databases/k2_pluspfp_16gb_20250402/database100mers.kmer_distrib -l S -t 20
>> Checking report file: /scratch/prj/aef_forensic_metagenomics/exposure_folder/results/runs/run_1606_0101/reports/S2RP_S12.k2report
PROGRAM START TIME: 06-16-2025 00:03:38
BRACKEN SUMMARY (Kraken report: /scratch/prj/aef_forensic_metagenomics/exposure_folder/results/runs/run_1606_0101/reports/S2RP_S12.k2report)
    >>> Threshold: 20 
    >>> Number of species in sample: 39 
	  >> Number of species with reads > threshold: 13 
	  >> Number of species with reads < threshold: 26 
    >>> Total reads in sample: 236239
	  >> Total reads kept at species level (reads > threshold): 59782
	  >> Total reads discarded (species reads < threshold): 53
	  >> Reads distributed: 5368
	  >> Reads not distributed (eg. no species above threshold): 38
	  >> Unclassified reads: 170998
BRACKEN OUTPUT PRODUCED: /scratch/prj/aef_forensic_metagenomics/exposure_folder/processed_data/metagenomic/bracken/S2RP_S12.bracken
PROGRAM END TIME: 06-16-2025 00:03:38
  Bracken complete.
✅  Abundance estimated.

Generating Krona visualization...
Writing /scratch/prj/aef_forensic_metagenomics/exposure_folder/results/runs/run_1606_0101/krona/S2RP_S12.krona.html...
✅  Krona plot generated.

Processing sample: S2SG_S4

Classifying metagenomic reads with Kraken2...
kraken2 --db "/scratch/prj/aef_forensic_metagenomics/data/databases/k2_pluspfp_16gb_20250402" --threads 8 --report "/scratch/prj/aef_forensic_metagenomics/exposure_folder/results/runs/run_1606_0101/reports/S2SG_S4.k2report" 		--report-minimizer-data --paired --minimum-hit-groups 4 		--classified-out "/scratch/prj/aef_forensic_metagenomics/exposure_folder/processed_data/metagenomic/classified/S2SG_S4_classified#.fastq" --unclassified-out "/scratch/prj/aef_forensic_metagenomics/exposure_folder/processed_data/metagenomic/unclassified/S2SG_S4_unclassified#.fastq" 		--output "/scratch/prj/aef_forensic_metagenomics/exposure_folder/processed_data/metagenomic/kraken2/S2SG_S4.kraken2" --use-names "/scratch/prj/aef_forensic_metagenomics/exposure_folder/processed_data/metagenomic/filtered_fastq/S2SG_S4_metagenomic.1" "/scratch/prj/aef_forensic_metagenomics/exposure_folder/processed_data/metagenomic/filtered_fastq/S2SG_S4_metagenomic.2" 2>&1
Loading database information... done.
5794 sequences (1.33 Mbp) processed in 0.200s (1741.4 Kseq/m, 400.80 Mbp/m).
  1513 sequences classified (26.11%)
  4281 sequences unclassified (73.89%)
✅  Classification complete.

Estimating species abundance with Bracken...
 >> Checking for Valid Options...
 >> Running Bracken 
      >> python src/est_abundance.py -i /scratch/prj/aef_forensic_metagenomics/exposure_folder/results/runs/run_1606_0101/reports/S2SG_S4.k2report -o /scratch/prj/aef_forensic_metagenomics/exposure_folder/processed_data/metagenomic/bracken/S2SG_S4.bracken -k /scratch/prj/aef_forensic_metagenomics/data/databases/k2_pluspfp_16gb_20250402/database100mers.kmer_distrib -l S -t 20
>> Checking report file: /scratch/prj/aef_forensic_metagenomics/exposure_folder/results/runs/run_1606_0101/reports/S2SG_S4.k2report
PROGRAM START TIME: 06-16-2025 00:03:48
BRACKEN SUMMARY (Kraken report: /scratch/prj/aef_forensic_metagenomics/exposure_folder/results/runs/run_1606_0101/reports/S2SG_S4.k2report)
    >>> Threshold: 20 
    >>> Number of species in sample: 123 
	  >> Number of species with reads > threshold: 8 
	  >> Number of species with reads < threshold: 115 
    >>> Total reads in sample: 5794
	  >> Total reads kept at species level (reads > threshold): 816
	  >> Total reads discarded (species reads < threshold): 268
	  >> Reads distributed: 265
	  >> Reads not distributed (eg. no species above threshold): 164
	  >> Unclassified reads: 4281
BRACKEN OUTPUT PRODUCED: /scratch/prj/aef_forensic_metagenomics/exposure_folder/processed_data/metagenomic/bracken/S2SG_S4.bracken
PROGRAM END TIME: 06-16-2025 00:03:48
  Bracken complete.
✅  Abundance estimated.

Generating Krona visualization...
Writing /scratch/prj/aef_forensic_metagenomics/exposure_folder/results/runs/run_1606_0101/krona/S2SG_S4.krona.html...
✅  Krona plot generated.

Metagenomic classification completed in: 00:02:23

Calculating read length statistics...
D1RP_S9_metagenomic.1: mean = 132.8, median = 138.0
D1SG_S1_metagenomic.1: mean = 129.0, median = 130.0
D2RP_S10_metagenomic.1: mean = 129.6, median = 132.0
D2SG_S2_metagenomic.1: mean = 108.7, median = 102.0
L1RP_S13_metagenomic.1: mean = 129.4, median = 132.0
L1SG_S5_metagenomic.1: mean = 120.8, median = 116.0
L2RP_S14_metagenomic.1: mean = 117.3, median = 108.0
L2SG_S6_metagenomic.1: mean = 120.7, median = 116.0
S1RP_S11_metagenomic.1: mean = 130.7, median = 135.0
S1SG_S3_metagenomic.1: mean = 114.0, median = 107.0
S2RP_S12_metagenomic.1: mean = 99.5, median = 84.0
S2SG_S4_metagenomic.1: mean = 115.5, median = 107.0
D1RP_S9_metagenomic.2: mean = 130.4, median = 133.0
D1SG_S1_metagenomic.2: mean = 127.3, median = 128.0
D2RP_S10_metagenomic.2: mean = 127.5, median = 129.0
D2SG_S2_metagenomic.2: mean = 108.3, median = 101.0
L1RP_S13_metagenomic.2: mean = 128.3, median = 130.0
L1SG_S5_metagenomic.2: mean = 119.8, median = 115.0
L2RP_S14_metagenomic.2: mean = 116.9, median = 107.0
L2SG_S6_metagenomic.2: mean = 120.3, median = 116.0
S1RP_S11_metagenomic.2: mean = 129.1, median = 132.0
S1SG_S3_metagenomic.2: mean = 113.0, median = 107.0
S2RP_S12_metagenomic.2: mean = 99.1, median = 84.0
S2SG_S4_metagenomic.2: mean = 114.7, median = 107.0
D1RP_S9_classified_1.fastq: mean = 163.6, median = 190.0
D1RP_S9_classified_2.fastq: mean = 161.5, median = 183.0
D1SG_S1_classified_1.fastq: mean = 156.6, median = 169.0
D1SG_S1_classified_2.fastq: mean = 155.6, median = 167.0
D2RP_S10_classified_1.fastq: mean = 162.6, median = 188.0
D2RP_S10_classified_2.fastq: mean = 160.0, median = 180.0
D2SG_S2_classified_1.fastq: mean = 140.0, median = 141.0
D2SG_S2_classified_2.fastq: mean = 139.4, median = 141.0
L1RP_S13_classified_1.fastq: mean = 163.4, median = 184.0
L1RP_S13_classified_2.fastq: mean = 160.5, median = 177.0
L1SG_S5_classified_1.fastq: mean = 151.7, median = 156.0
L1SG_S5_classified_2.fastq: mean = 150.7, median = 153.0
L2RP_S14_classified_1.fastq: mean = 157.9, median = 180.0
L2RP_S14_classified_2.fastq: mean = 157.4, median = 179.0
L2SG_S6_classified_1.fastq: mean = 158.6, median = 174.0
L2SG_S6_classified_2.fastq: mean = 158.2, median = 173.0
S1RP_S11_classified_1.fastq: mean = 161.0, median = 188.5
S1RP_S11_classified_2.fastq: mean = 160.0, median = 183.0
S1SG_S3_classified_1.fastq: mean = 146.2, median = 147.0
S1SG_S3_classified_2.fastq: mean = 145.1, median = 145.0
S2RP_S12_classified_1.fastq: mean = 144.8, median = 148.0
S2RP_S12_classified_2.fastq: mean = 144.2, median = 147.0
S2SG_S4_classified_1.fastq: mean = 153.8, median = 162.0
S2SG_S4_classified_2.fastq: mean = 152.9, median = 162.0
D1RP_S9_unclassified_1.fastq: mean = 130.3, median = 133.0
D1RP_S9_unclassified_2.fastq: mean = 127.8, median = 128.0
D1SG_S1_unclassified_1.fastq: mean = 126.6, median = 125.0
D1SG_S1_unclassified_2.fastq: mean = 125.0, median = 123.0
D2RP_S10_unclassified_1.fastq: mean = 94.6, median = 78.0
D2RP_S10_unclassified_2.fastq: mean = 92.9, median = 77.0
D2SG_S2_unclassified_1.fastq: mean = 88.9, median = 77.0
D2SG_S2_unclassified_2.fastq: mean = 88.6, median = 77.0
L1RP_S13_unclassified_1.fastq: mean = 129.1, median = 131.0
L1RP_S13_unclassified_2.fastq: mean = 128.0, median = 129.0
L1SG_S5_unclassified_1.fastq: mean = 120.2, median = 115.0
L1SG_S5_unclassified_2.fastq: mean = 119.1, median = 113.0
L2RP_S14_unclassified_1.fastq: mean = 84.6, median = 70.0
L2RP_S14_unclassified_2.fastq: mean = 84.2, median = 70.0
L2SG_S6_unclassified_1.fastq: mean = 90.9, median = 78.0
L2SG_S6_unclassified_2.fastq: mean = 90.5, median = 78.0
S1RP_S11_unclassified_1.fastq: mean = 130.7, median = 135.0
S1RP_S11_unclassified_2.fastq: mean = 129.1, median = 131.0
S1SG_S3_unclassified_1.fastq: mean = 109.5, median = 100.0
S1SG_S3_unclassified_2.fastq: mean = 108.6, median = 99.0
S2RP_S12_unclassified_1.fastq: mean = 82.3, median = 68.0
S2RP_S12_unclassified_2.fastq: mean = 81.8, median = 68.0
S2SG_S4_unclassified_1.fastq: mean = 102.0, median = 87.0
S2SG_S4_unclassified_2.fastq: mean = 101.2, median = 86.0
✅ Statistics generated.

Combining Bracken reports...
✅ Bracken reports combined.

Copying SLURM job logs...
✅ SLURM job logs copied.

================================================= COMPARISON TO GROUND TRUTH =================================================

================================================= METAGENOMIC DIVERSITY ANALYSIS =================================================
Calculating alpha and beta diversity...
✅ Alpha diversity calculated.
✅ Beta diversity heatmap generated.
✅  Diversity analysis completed successfully.

✅  Pipeline completed successfully.

Copying final SLURM job logs
