
================================================= ARGUMENT PARSING & VALIDATION =================================================

Raw FASTQ directory path: ../zymobiomics_folder/raw_data/
✅  Database set to: /scratch/users/k24087895/final_project/data/databases/k2_eupathdb48_20230407
Quality Control & Trimming: Disabled ❌
⚠️  Optional, but must be done at least once on the raw reads for the pipeline to work.

Host DNA Removal: Disabled ❌
⚠️  Optional, but must be done at least once on the trimmed reads for the pipeline to work.

Kraken2/Bracken Database: /scratch/users/k24087895/final_project/data/databases/k2_eupathdb48_20230407

================================================= CONDA ENVIRONMENT ACTIVATION ==================================================

✅ 'metagenomics' environment activated successfully.

====================================================== PROJECT STRUCTURE ======================================================

../zymobiomics_folder
├── processed_data
│   ├── human
│   │   ├── aligned_sam
│   │   ├── bed_files
│   │   └── sorted_bam
│   ├── metagenomic
│   │   ├── bracken
│   │   ├── classified
│   │   ├── filtered_fastq
│   │   ├── kraken2
│   │   └── unclassified
│   └── trimmed
│       ├── paired
│       └── unpaired
├── raw_data
└── results
    ├── fastqc
    │   ├── post_trimming
    │   └── pre_trimming
    ├── host_dna_analysis
    └── runs
        ├── run_2005_1637
        ├── run_2005_1655
        ├── run_2005_1658
        ├── run_2005_1706
        ├── run_2005_1730
        ├── run_2005_1744
        ├── run_2105_1617
        ├── run_2105_1632
        ├── run_2105_1640
        ├── run_2105_1653
        ├── run_2105_1700
        ├── run_2105_1708
        ├── run_2105_1713
        ├── run_2105_1722
        ├── run_2205_1556
        ├── run_2205_1603
        ├── run_2205_1608
        ├── run_2205_1648
        ├── run_2205_1702
        ├── run_2205_1708
        ├── run_2205_1718
        ├── run_2205_1725
        └── run_2305_1437

44 directories
Human DNA-related files (SAM, BAM, and BED) in the 'human' directory are created once per sub-project and remain unchanged across runs.
Intermediate metagenomic files in the 'metagenomic' directory are overwritten with each run and should be inspected beforehand if desired.
Results are stored in the 'results' directory (including FastQC, host DNA analysis, and run-specific results like Kraken2 and Bracken).

================================================= METAGENOMIC ABUNDANCE ESTIMATION =================================================
⚠️  This step assumes reads have already been trimmed with Trimmomatic and host DNA removed with Bowtie2. Processed reads must be in the correct directory.

Processing sample: ZC1_S4

Classifying metagenomic reads with Kraken2...
kraken2 --db "/scratch/users/k24087895/final_project/data/databases/k2_eupathdb48_20230407" --threads 8 --report "../zymobiomics_folder/results/runs/run_2305_1437/reports/ZC1_S4.k2report" 		--report-minimizer-data --paired --minimum-hit-groups 5 		--classified-out "../zymobiomics_folder/processed_data/metagenomic/classified/ZC1_S4_classified#.fastq" --unclassified-out "../zymobiomics_folder/processed_data/metagenomic/unclassified/ZC1_S4_unclassified#.fastq" 		--output "../zymobiomics_folder/processed_data/metagenomic/kraken2/ZC1_S4.kraken2" --use-names "../zymobiomics_folder/processed_data/metagenomic/filtered_fastq/ZC1_S4_metagenomic.1" "../zymobiomics_folder/processed_data/metagenomic/filtered_fastq/ZC1_S4_metagenomic.2" 2>&1
Loading database information... done.
287710 sequences (51.71 Mbp) processed in 1.427s (12098.0 Kseq/m, 2174.39 Mbp/m).
  12726 sequences classified (4.42%)
  274984 sequences unclassified (95.58%)
✅  Classification complete.

Estimating species abundance with Bracken...
 >> Checking for Valid Options...
 >> Running Bracken 
      >> python src/est_abundance.py -i ../zymobiomics_folder/results/runs/run_2305_1437/reports/ZC1_S4.k2report -o ../zymobiomics_folder/processed_data/metagenomic/bracken/ZC1_S4.bracken -k /scratch/users/k24087895/final_project/data/databases/k2_eupathdb48_20230407/database100mers.kmer_distrib -l S -t 10
>> Checking report file: ../zymobiomics_folder/results/runs/run_2305_1437/reports/ZC1_S4.k2report
PROGRAM START TIME: 05-23-2025 13:38:09
BRACKEN SUMMARY (Kraken report: ../zymobiomics_folder/results/runs/run_2305_1437/reports/ZC1_S4.k2report)
    >>> Threshold: 10 
    >>> Number of species in sample: 34 
	  >> Number of species with reads > threshold: 5 
	  >> Number of species with reads < threshold: 29 
    >>> Total reads in sample: 287710
	  >> Total reads kept at species level (reads > threshold): 12526
	  >> Total reads discarded (species reads < threshold): 66
	  >> Reads distributed: 121
	  >> Reads not distributed (eg. no species above threshold): 13
	  >> Unclassified reads: 274984
BRACKEN OUTPUT PRODUCED: ../zymobiomics_folder/processed_data/metagenomic/bracken/ZC1_S4.bracken
PROGRAM END TIME: 05-23-2025 13:38:09
  Bracken complete.
✅  Abundance estimated.

Generating Krona visualization...
Writing ../zymobiomics_folder/results/runs/run_2305_1437/krona/ZC1_S4.krona.html...
✅  Krona plot generated.

Processing sample: ZC2_S5

Classifying metagenomic reads with Kraken2...
kraken2 --db "/scratch/users/k24087895/final_project/data/databases/k2_eupathdb48_20230407" --threads 8 --report "../zymobiomics_folder/results/runs/run_2305_1437/reports/ZC2_S5.k2report" 		--report-minimizer-data --paired --minimum-hit-groups 5 		--classified-out "../zymobiomics_folder/processed_data/metagenomic/classified/ZC2_S5_classified#.fastq" --unclassified-out "../zymobiomics_folder/processed_data/metagenomic/unclassified/ZC2_S5_unclassified#.fastq" 		--output "../zymobiomics_folder/processed_data/metagenomic/kraken2/ZC2_S5.kraken2" --use-names "../zymobiomics_folder/processed_data/metagenomic/filtered_fastq/ZC2_S5_metagenomic.1" "../zymobiomics_folder/processed_data/metagenomic/filtered_fastq/ZC2_S5_metagenomic.2" 2>&1
Loading database information... done.
267582 sequences (38.37 Mbp) processed in 1.231s (13038.0 Kseq/m, 1869.46 Mbp/m).
  11059 sequences classified (4.13%)
  256523 sequences unclassified (95.87%)
✅  Classification complete.

Estimating species abundance with Bracken...
 >> Checking for Valid Options...
 >> Running Bracken 
      >> python src/est_abundance.py -i ../zymobiomics_folder/results/runs/run_2305_1437/reports/ZC2_S5.k2report -o ../zymobiomics_folder/processed_data/metagenomic/bracken/ZC2_S5.bracken -k /scratch/users/k24087895/final_project/data/databases/k2_eupathdb48_20230407/database100mers.kmer_distrib -l S -t 10
>> Checking report file: ../zymobiomics_folder/results/runs/run_2305_1437/reports/ZC2_S5.k2report
PROGRAM START TIME: 05-23-2025 13:38:17
BRACKEN SUMMARY (Kraken report: ../zymobiomics_folder/results/runs/run_2305_1437/reports/ZC2_S5.k2report)
    >>> Threshold: 10 
    >>> Number of species in sample: 34 
	  >> Number of species with reads > threshold: 4 
	  >> Number of species with reads < threshold: 30 
    >>> Total reads in sample: 267582
	  >> Total reads kept at species level (reads > threshold): 10883
	  >> Total reads discarded (species reads < threshold): 60
	  >> Reads distributed: 103
	  >> Reads not distributed (eg. no species above threshold): 13
	  >> Unclassified reads: 256523
BRACKEN OUTPUT PRODUCED: ../zymobiomics_folder/processed_data/metagenomic/bracken/ZC2_S5.bracken
PROGRAM END TIME: 05-23-2025 13:38:17
  Bracken complete.
✅  Abundance estimated.

Generating Krona visualization...
Writing ../zymobiomics_folder/results/runs/run_2305_1437/krona/ZC2_S5.krona.html...
✅  Krona plot generated.

Processing sample: ZC3_S6

Classifying metagenomic reads with Kraken2...
kraken2 --db "/scratch/users/k24087895/final_project/data/databases/k2_eupathdb48_20230407" --threads 8 --report "../zymobiomics_folder/results/runs/run_2305_1437/reports/ZC3_S6.k2report" 		--report-minimizer-data --paired --minimum-hit-groups 5 		--classified-out "../zymobiomics_folder/processed_data/metagenomic/classified/ZC3_S6_classified#.fastq" --unclassified-out "../zymobiomics_folder/processed_data/metagenomic/unclassified/ZC3_S6_unclassified#.fastq" 		--output "../zymobiomics_folder/processed_data/metagenomic/kraken2/ZC3_S6.kraken2" --use-names "../zymobiomics_folder/processed_data/metagenomic/filtered_fastq/ZC3_S6_metagenomic.1" "../zymobiomics_folder/processed_data/metagenomic/filtered_fastq/ZC3_S6_metagenomic.2" 2>&1
Loading database information... done.
273941 sequences (42.88 Mbp) processed in 1.431s (11488.6 Kseq/m, 1798.12 Mbp/m).
  13336 sequences classified (4.87%)
  260605 sequences unclassified (95.13%)
✅  Classification complete.

Estimating species abundance with Bracken...
 >> Checking for Valid Options...
 >> Running Bracken 
      >> python src/est_abundance.py -i ../zymobiomics_folder/results/runs/run_2305_1437/reports/ZC3_S6.k2report -o ../zymobiomics_folder/processed_data/metagenomic/bracken/ZC3_S6.bracken -k /scratch/users/k24087895/final_project/data/databases/k2_eupathdb48_20230407/database100mers.kmer_distrib -l S -t 10
>> Checking report file: ../zymobiomics_folder/results/runs/run_2305_1437/reports/ZC3_S6.k2report
PROGRAM START TIME: 05-23-2025 13:38:25
BRACKEN SUMMARY (Kraken report: ../zymobiomics_folder/results/runs/run_2305_1437/reports/ZC3_S6.k2report)
    >>> Threshold: 10 
    >>> Number of species in sample: 32 
	  >> Number of species with reads > threshold: 4 
	  >> Number of species with reads < threshold: 28 
    >>> Total reads in sample: 273941
	  >> Total reads kept at species level (reads > threshold): 13141
	  >> Total reads discarded (species reads < threshold): 58
	  >> Reads distributed: 132
	  >> Reads not distributed (eg. no species above threshold): 5
	  >> Unclassified reads: 260605
BRACKEN OUTPUT PRODUCED: ../zymobiomics_folder/processed_data/metagenomic/bracken/ZC3_S6.bracken
PROGRAM END TIME: 05-23-2025 13:38:25
  Bracken complete.
✅  Abundance estimated.

Generating Krona visualization...
Writing ../zymobiomics_folder/results/runs/run_2305_1437/krona/ZC3_S6.krona.html...
✅  Krona plot generated.

Processing sample: ZC4_S7

Classifying metagenomic reads with Kraken2...
kraken2 --db "/scratch/users/k24087895/final_project/data/databases/k2_eupathdb48_20230407" --threads 8 --report "../zymobiomics_folder/results/runs/run_2305_1437/reports/ZC4_S7.k2report" 		--report-minimizer-data --paired --minimum-hit-groups 5 		--classified-out "../zymobiomics_folder/processed_data/metagenomic/classified/ZC4_S7_classified#.fastq" --unclassified-out "../zymobiomics_folder/processed_data/metagenomic/unclassified/ZC4_S7_unclassified#.fastq" 		--output "../zymobiomics_folder/processed_data/metagenomic/kraken2/ZC4_S7.kraken2" --use-names "../zymobiomics_folder/processed_data/metagenomic/filtered_fastq/ZC4_S7_metagenomic.1" "../zymobiomics_folder/processed_data/metagenomic/filtered_fastq/ZC4_S7_metagenomic.2" 2>&1
Loading database information... done.
238874 sequences (35.00 Mbp) processed in 1.264s (11340.3 Kseq/m, 1661.72 Mbp/m).
  9906 sequences classified (4.15%)
  228968 sequences unclassified (95.85%)
✅  Classification complete.

Estimating species abundance with Bracken...
 >> Checking for Valid Options...
 >> Running Bracken 
      >> python src/est_abundance.py -i ../zymobiomics_folder/results/runs/run_2305_1437/reports/ZC4_S7.k2report -o ../zymobiomics_folder/processed_data/metagenomic/bracken/ZC4_S7.bracken -k /scratch/users/k24087895/final_project/data/databases/k2_eupathdb48_20230407/database100mers.kmer_distrib -l S -t 10
>> Checking report file: ../zymobiomics_folder/results/runs/run_2305_1437/reports/ZC4_S7.k2report
PROGRAM START TIME: 05-23-2025 13:38:33
BRACKEN SUMMARY (Kraken report: ../zymobiomics_folder/results/runs/run_2305_1437/reports/ZC4_S7.k2report)
    >>> Threshold: 10 
    >>> Number of species in sample: 30 
	  >> Number of species with reads > threshold: 4 
	  >> Number of species with reads < threshold: 26 
    >>> Total reads in sample: 238874
	  >> Total reads kept at species level (reads > threshold): 9760
	  >> Total reads discarded (species reads < threshold): 48
	  >> Reads distributed: 91
	  >> Reads not distributed (eg. no species above threshold): 7
	  >> Unclassified reads: 228968
BRACKEN OUTPUT PRODUCED: ../zymobiomics_folder/processed_data/metagenomic/bracken/ZC4_S7.bracken
PROGRAM END TIME: 05-23-2025 13:38:33
  Bracken complete.
✅  Abundance estimated.

Generating Krona visualization...
Writing ../zymobiomics_folder/results/runs/run_2305_1437/krona/ZC4_S7.krona.html...
✅  Krona plot generated.

Processing sample: ZP1_S20

Classifying metagenomic reads with Kraken2...
kraken2 --db "/scratch/users/k24087895/final_project/data/databases/k2_eupathdb48_20230407" --threads 8 --report "../zymobiomics_folder/results/runs/run_2305_1437/reports/ZP1_S20.k2report" 		--report-minimizer-data --paired --minimum-hit-groups 5 		--classified-out "../zymobiomics_folder/processed_data/metagenomic/classified/ZP1_S20_classified#.fastq" --unclassified-out "../zymobiomics_folder/processed_data/metagenomic/unclassified/ZP1_S20_unclassified#.fastq" 		--output "../zymobiomics_folder/processed_data/metagenomic/kraken2/ZP1_S20.kraken2" --use-names "../zymobiomics_folder/processed_data/metagenomic/filtered_fastq/ZP1_S20_metagenomic.1" "../zymobiomics_folder/processed_data/metagenomic/filtered_fastq/ZP1_S20_metagenomic.2" 2>&1
Loading database information... done.
299531 sequences (46.78 Mbp) processed in 1.471s (12217.4 Kseq/m, 1908.25 Mbp/m).
  9396 sequences classified (3.14%)
  290135 sequences unclassified (96.86%)
✅  Classification complete.

Estimating species abundance with Bracken...
 >> Checking for Valid Options...
 >> Running Bracken 
      >> python src/est_abundance.py -i ../zymobiomics_folder/results/runs/run_2305_1437/reports/ZP1_S20.k2report -o ../zymobiomics_folder/processed_data/metagenomic/bracken/ZP1_S20.bracken -k /scratch/users/k24087895/final_project/data/databases/k2_eupathdb48_20230407/database100mers.kmer_distrib -l S -t 10
>> Checking report file: ../zymobiomics_folder/results/runs/run_2305_1437/reports/ZP1_S20.k2report
PROGRAM START TIME: 05-23-2025 13:38:41
BRACKEN SUMMARY (Kraken report: ../zymobiomics_folder/results/runs/run_2305_1437/reports/ZP1_S20.k2report)
    >>> Threshold: 10 
    >>> Number of species in sample: 37 
	  >> Number of species with reads > threshold: 4 
	  >> Number of species with reads < threshold: 33 
    >>> Total reads in sample: 299531
	  >> Total reads kept at species level (reads > threshold): 9241
	  >> Total reads discarded (species reads < threshold): 55
	  >> Reads distributed: 89
	  >> Reads not distributed (eg. no species above threshold): 11
	  >> Unclassified reads: 290135
BRACKEN OUTPUT PRODUCED: ../zymobiomics_folder/processed_data/metagenomic/bracken/ZP1_S20.bracken
PROGRAM END TIME: 05-23-2025 13:38:41
  Bracken complete.
✅  Abundance estimated.

Generating Krona visualization...
Writing ../zymobiomics_folder/results/runs/run_2305_1437/krona/ZP1_S20.krona.html...
✅  Krona plot generated.

Processing sample: ZP2_S21

Classifying metagenomic reads with Kraken2...
kraken2 --db "/scratch/users/k24087895/final_project/data/databases/k2_eupathdb48_20230407" --threads 8 --report "../zymobiomics_folder/results/runs/run_2305_1437/reports/ZP2_S21.k2report" 		--report-minimizer-data --paired --minimum-hit-groups 5 		--classified-out "../zymobiomics_folder/processed_data/metagenomic/classified/ZP2_S21_classified#.fastq" --unclassified-out "../zymobiomics_folder/processed_data/metagenomic/unclassified/ZP2_S21_unclassified#.fastq" 		--output "../zymobiomics_folder/processed_data/metagenomic/kraken2/ZP2_S21.kraken2" --use-names "../zymobiomics_folder/processed_data/metagenomic/filtered_fastq/ZP2_S21_metagenomic.1" "../zymobiomics_folder/processed_data/metagenomic/filtered_fastq/ZP2_S21_metagenomic.2" 2>&1
Loading database information... done.
293442 sequences (42.99 Mbp) processed in 1.232s (14286.7 Kseq/m, 2093.08 Mbp/m).
  8775 sequences classified (2.99%)
  284667 sequences unclassified (97.01%)
✅  Classification complete.

Estimating species abundance with Bracken...
 >> Checking for Valid Options...
 >> Running Bracken 
      >> python src/est_abundance.py -i ../zymobiomics_folder/results/runs/run_2305_1437/reports/ZP2_S21.k2report -o ../zymobiomics_folder/processed_data/metagenomic/bracken/ZP2_S21.bracken -k /scratch/users/k24087895/final_project/data/databases/k2_eupathdb48_20230407/database100mers.kmer_distrib -l S -t 10
>> Checking report file: ../zymobiomics_folder/results/runs/run_2305_1437/reports/ZP2_S21.k2report
PROGRAM START TIME: 05-23-2025 13:38:49
BRACKEN SUMMARY (Kraken report: ../zymobiomics_folder/results/runs/run_2305_1437/reports/ZP2_S21.k2report)
    >>> Threshold: 10 
    >>> Number of species in sample: 25 
	  >> Number of species with reads > threshold: 4 
	  >> Number of species with reads < threshold: 21 
    >>> Total reads in sample: 293442
	  >> Total reads kept at species level (reads > threshold): 8650
	  >> Total reads discarded (species reads < threshold): 39
	  >> Reads distributed: 77
	  >> Reads not distributed (eg. no species above threshold): 9
	  >> Unclassified reads: 284667
BRACKEN OUTPUT PRODUCED: ../zymobiomics_folder/processed_data/metagenomic/bracken/ZP2_S21.bracken
PROGRAM END TIME: 05-23-2025 13:38:49
  Bracken complete.
✅  Abundance estimated.

Generating Krona visualization...
Writing ../zymobiomics_folder/results/runs/run_2305_1437/krona/ZP2_S21.krona.html...
✅  Krona plot generated.

Processing sample: ZP3_S22

Classifying metagenomic reads with Kraken2...
kraken2 --db "/scratch/users/k24087895/final_project/data/databases/k2_eupathdb48_20230407" --threads 8 --report "../zymobiomics_folder/results/runs/run_2305_1437/reports/ZP3_S22.k2report" 		--report-minimizer-data --paired --minimum-hit-groups 5 		--classified-out "../zymobiomics_folder/processed_data/metagenomic/classified/ZP3_S22_classified#.fastq" --unclassified-out "../zymobiomics_folder/processed_data/metagenomic/unclassified/ZP3_S22_unclassified#.fastq" 		--output "../zymobiomics_folder/processed_data/metagenomic/kraken2/ZP3_S22.kraken2" --use-names "../zymobiomics_folder/processed_data/metagenomic/filtered_fastq/ZP3_S22_metagenomic.1" "../zymobiomics_folder/processed_data/metagenomic/filtered_fastq/ZP3_S22_metagenomic.2" 2>&1
Loading database information... done.
326854 sequences (47.05 Mbp) processed in 1.279s (15337.0 Kseq/m, 2207.65 Mbp/m).
  9683 sequences classified (2.96%)
  317171 sequences unclassified (97.04%)
✅  Classification complete.

Estimating species abundance with Bracken...
 >> Checking for Valid Options...
 >> Running Bracken 
      >> python src/est_abundance.py -i ../zymobiomics_folder/results/runs/run_2305_1437/reports/ZP3_S22.k2report -o ../zymobiomics_folder/processed_data/metagenomic/bracken/ZP3_S22.bracken -k /scratch/users/k24087895/final_project/data/databases/k2_eupathdb48_20230407/database100mers.kmer_distrib -l S -t 10
>> Checking report file: ../zymobiomics_folder/results/runs/run_2305_1437/reports/ZP3_S22.k2report
PROGRAM START TIME: 05-23-2025 13:38:57
BRACKEN SUMMARY (Kraken report: ../zymobiomics_folder/results/runs/run_2305_1437/reports/ZP3_S22.k2report)
    >>> Threshold: 10 
    >>> Number of species in sample: 30 
	  >> Number of species with reads > threshold: 3 
	  >> Number of species with reads < threshold: 27 
    >>> Total reads in sample: 326854
	  >> Total reads kept at species level (reads > threshold): 9520
	  >> Total reads discarded (species reads < threshold): 67
	  >> Reads distributed: 90
	  >> Reads not distributed (eg. no species above threshold): 6
	  >> Unclassified reads: 317171
BRACKEN OUTPUT PRODUCED: ../zymobiomics_folder/processed_data/metagenomic/bracken/ZP3_S22.bracken
PROGRAM END TIME: 05-23-2025 13:38:57
  Bracken complete.
✅  Abundance estimated.

Generating Krona visualization...
Writing ../zymobiomics_folder/results/runs/run_2305_1437/krona/ZP3_S22.krona.html...
✅  Krona plot generated.

Metagenomic classification completed in: 00:01:19

Calculating read length statistics...
ZC1_S4_metagenomic.1: mean = 90.3, median = 78.0
ZC2_S5_metagenomic.1: mean = 71.7, median = 63.0
ZC3_S6_metagenomic.1: mean = 78.4, median = 67.0
ZC4_S7_metagenomic.1: mean = 73.4, median = 62.0
ZP1_S20_metagenomic.1: mean = 78.2, median = 69.0
ZP2_S21_metagenomic.1: mean = 73.4, median = 64.0
ZP3_S22_metagenomic.1: mean = 72.0, median = 62.0
ZC1_S4_metagenomic.2: mean = 89.5, median = 78.0
ZC2_S5_metagenomic.2: mean = 71.7, median = 63.0
ZC3_S6_metagenomic.2: mean = 78.1, median = 67.0
ZC4_S7_metagenomic.2: mean = 73.2, median = 62.0
ZP1_S20_metagenomic.2: mean = 78.0, median = 69.0
ZP2_S21_metagenomic.2: mean = 73.1, median = 64.0
ZP3_S22_metagenomic.2: mean = 72.0, median = 63.0
ZC1_S4_classified_1.fastq: mean = 96.6, median = 85.0
ZC1_S4_classified_2.fastq: mean = 95.8, median = 85.0
ZC2_S5_classified_1.fastq: mean = 77.5, median = 68.0
ZC2_S5_classified_2.fastq: mean = 77.4, median = 68.0
ZC3_S6_classified_1.fastq: mean = 84.5, median = 73.0
ZC3_S6_classified_2.fastq: mean = 84.2, median = 73.0
ZC4_S7_classified_1.fastq: mean = 79.9, median = 69.0
ZC4_S7_classified_2.fastq: mean = 79.7, median = 69.0
ZP1_S20_classified_1.fastq: mean = 82.5, median = 74.0
ZP1_S20_classified_2.fastq: mean = 82.4, median = 74.0
ZP2_S21_classified_1.fastq: mean = 78.9, median = 69.0
ZP2_S21_classified_2.fastq: mean = 78.5, median = 69.0
ZP3_S22_classified_1.fastq: mean = 76.4, median = 67.0
ZP3_S22_classified_2.fastq: mean = 76.5, median = 67.0
ZC1_S4_unclassified_1.fastq: mean = 90.0, median = 78.0
ZC1_S4_unclassified_2.fastq: mean = 89.2, median = 78.0
ZC2_S5_unclassified_1.fastq: mean = 71.5, median = 62.0
ZC2_S5_unclassified_2.fastq: mean = 71.4, median = 62.0
ZC3_S6_unclassified_1.fastq: mean = 78.1, median = 67.0
ZC3_S6_unclassified_2.fastq: mean = 77.8, median = 67.0
ZC4_S7_unclassified_1.fastq: mean = 73.1, median = 61.0
ZC4_S7_unclassified_2.fastq: mean = 72.9, median = 62.0
ZP1_S20_unclassified_1.fastq: mean = 78.1, median = 69.0
ZP1_S20_unclassified_2.fastq: mean = 77.9, median = 69.0
ZP2_S21_unclassified_1.fastq: mean = 73.2, median = 64.0
ZP2_S21_unclassified_2.fastq: mean = 73.0, median = 64.0
ZP3_S22_unclassified_1.fastq: mean = 71.8, median = 62.0
ZP3_S22_unclassified_2.fastq: mean = 71.8, median = 62.0
✅ Statistics generated.

Combining Bracken reports...
Combined CSV file saved to: ../zymobiomics_folder/results/runs/run_2305_1437/combined_breports.csv 
✅ Bracken reports combined.

Copying SLURM job logs...
✅ SLURM job logs copied.

================================================= COMPARISON TO GROUND TRUTH =================================================

================================================= METAGENOMIC DIVERSITY ANALYSIS =================================================
Calculating alpha and beta diversity...
✅ Alpha diversity calculated.
null device 
          1 
Heatmap saved to: ../zymobiomics_folder/results/runs/run_2305_1437/diversity/beta_diversity_heatmap.png 
✅ Beta diversity heatmap generated.
✅  Diversity analysis completed successfully.

✅  Pipeline completed successfully.

Copying final SLURM job logs
