
================================================= ARGUMENT PARSING & VALIDATION =================================================

⚠️  Trimming and host DNA removal are optional but must be done once; if skipped, ensure trimmed and filtered files exist in the correct directories.\n
===== Pipeline Configuration Summary =====
Raw FASTQ directory path: /scratch/users/k24087895/final_project/zymobiomics_folder/raw_data
Kraken2/Bracken Database: /scratch/users/k24087895/final_project/data/databases/k2_pluspfp_08gb_20241228
Ground Truth: /scratch/users/k24087895/final_project/zymobiomics_folder/raw_data/ground_truth.csv ✅
Quality Control & Trimming: Disabled ❌
Host DNA Removal: Disabled ❌

================================================= CONDA ENVIRONMENT ACTIVATION ==================================================

✅ 'metagenomics' environment activated successfully.

====================================================== PROJECT STRUCTURE ======================================================

/scratch/users/k24087895/final_project/zymobiomics_folder
├── processed_data
│   ├── human
│   │   ├── aligned_sam
│   │   ├── bed_files
│   │   └── sorted_bam
│   ├── metagenomic
│   │   ├── bracken
│   │   ├── classified
│   │   ├── filtered_fastq
│   │   ├── kraken2
│   │   └── unclassified
│   └── trimmed
│       ├── paired
│       └── unpaired
├── raw_data
└── results
    ├── fastqc
    │   ├── post_trimming
    │   └── pre_trimming
    ├── host_dna_analysis
    └── runs
        ├── run_0806_2227
        ├── run_0806_2325
        ├── run_0806_2336
        ├── run_0806_2347
        ├── run_0806_2356
        ├── run_0906_0005
        ├── run_0906_0017
        ├── run_0906_0029
        ├── run_0906_0040
        ├── run_0906_0051
        ├── run_0906_0102
        ├── run_0906_0113
        ├── run_0906_0122
        ├── run_0906_0131
        ├── run_0906_0141
        ├── run_0906_0149
        ├── run_0906_0157
        ├── run_0906_0205
        ├── run_0906_0213
        ├── run_0906_0221
        ├── run_0906_0229
        ├── run_0906_0237
        ├── run_0906_0246
        ├── run_0906_0256
        ├── run_0906_0305
        ├── run_0906_0314
        ├── run_0906_0323
        ├── run_0906_0332
        ├── run_0906_0341
        ├── run_0906_0350
        ├── run_0906_0400
        ├── run_0906_0409
        ├── run_0906_0418
        ├── run_0906_0427
        ├── run_0906_0436
        ├── run_0906_0442
        ├── run_0906_0448
        ├── run_0906_0457
        ├── run_0906_0506
        ├── run_0906_0515
        ├── run_0906_0522
        ├── run_0906_0529
        ├── run_0906_0540
        ├── run_2005_1637
        ├── run_2005_1655
        ├── run_2005_1658
        ├── run_2005_1706
        ├── run_2005_1730
        ├── run_2005_1744
        ├── run_2105_1617
        ├── run_2105_1632
        ├── run_2105_1640
        ├── run_2105_1653
        ├── run_2105_1700
        ├── run_2105_1708
        ├── run_2105_1713
        ├── run_2105_1722
        ├── run_2205_1556
        ├── run_2205_1603
        ├── run_2205_1608
        ├── run_2205_1648
        ├── run_2205_1702
        ├── run_2205_1708
        ├── run_2205_1718
        ├── run_2205_1725
        ├── run_2305_1437
        ├── run_2305_1444
        ├── run_2305_1459
        ├── run_2305_1505
        ├── run_2305_1511
        ├── run_2305_1526
        ├── run_2305_1536
        ├── run_2305_1550
        ├── run_2305_1554
        ├── run_2305_1611
        ├── run_2505_2018
        ├── run_2705_1328
        ├── run_2705_1329
        ├── run_2705_1331
        ├── run_2705_1332
        ├── run_2705_1340
        ├── run_2705_1405
        ├── run_2705_1605
        ├── run_2705_1631
        ├── run_2705_1633
        ├── run_2705_1659
        ├── run_2705_1708
        ├── run_2705_1719
        ├── run_2705_1731
        ├── run_2705_1741
        ├── run_2705_1750
        └── run_2705_1800

113 directories
Human DNA-related files (SAM, BAM, and BED) in the 'human' directory are created once per sub-project and remain unchanged across runs.
Intermediate metagenomic files in the 'metagenomic' directory are overwritten with each run and should be inspected beforehand if desired.
Results are stored in the 'results' directory (including FastQC, host DNA analysis, and run-specific results like Kraken2 and Bracken).

================================================= METAGENOMIC ABUNDANCE ESTIMATION =================================================
⚠️  This step assumes reads have already been trimmed with Trimmomatic and host DNA removed with Bowtie2. Processed reads must be in the correct directory.

Processing sample: ZC1_S4

Classifying metagenomic reads with Kraken2...
kraken2 --db "/scratch/users/k24087895/final_project/data/databases/k2_pluspfp_08gb_20241228" --threads 8 --report "/scratch/users/k24087895/final_project/zymobiomics_folder/results/runs/run_0906_0540/reports/ZC1_S4.k2report" 		--report-minimizer-data --paired --minimum-hit-groups 1 		--classified-out "/scratch/users/k24087895/final_project/zymobiomics_folder/processed_data/metagenomic/classified/ZC1_S4_classified#.fastq" --unclassified-out "/scratch/users/k24087895/final_project/zymobiomics_folder/processed_data/metagenomic/unclassified/ZC1_S4_unclassified#.fastq" 		--output "/scratch/users/k24087895/final_project/zymobiomics_folder/processed_data/metagenomic/kraken2/ZC1_S4.kraken2" --use-names "/scratch/users/k24087895/final_project/zymobiomics_folder/processed_data/metagenomic/filtered_fastq/ZC1_S4_metagenomic.1" "/scratch/users/k24087895/final_project/zymobiomics_folder/processed_data/metagenomic/filtered_fastq/ZC1_S4_metagenomic.2" 2>&1
Loading database information... done.
287710 sequences (51.71 Mbp) processed in 1.035s (16672.1 Kseq/m, 2996.49 Mbp/m).
  135309 sequences classified (47.03%)
  152401 sequences unclassified (52.97%)
✅  Classification complete.

Estimating species abundance with Bracken...
 >> Checking for Valid Options...
 >> Running Bracken 
      >> python src/est_abundance.py -i /scratch/users/k24087895/final_project/zymobiomics_folder/results/runs/run_0906_0540/reports/ZC1_S4.k2report -o /scratch/users/k24087895/final_project/zymobiomics_folder/processed_data/metagenomic/bracken/ZC1_S4.bracken -k /scratch/users/k24087895/final_project/data/databases/k2_pluspfp_08gb_20241228/database100mers.kmer_distrib -l S -t 5
>> Checking report file: /scratch/users/k24087895/final_project/zymobiomics_folder/results/runs/run_0906_0540/reports/ZC1_S4.k2report
PROGRAM START TIME: 06-09-2025 04:40:44
BRACKEN SUMMARY (Kraken report: /scratch/users/k24087895/final_project/zymobiomics_folder/results/runs/run_0906_0540/reports/ZC1_S4.k2report)
    >>> Threshold: 5 
    >>> Number of species in sample: 197 
	  >> Number of species with reads > threshold: 33 
	  >> Number of species with reads < threshold: 164 
    >>> Total reads in sample: 287710
	  >> Total reads kept at species level (reads > threshold): 34017
	  >> Total reads discarded (species reads < threshold): 209
	  >> Reads distributed: 101031
	  >> Reads not distributed (eg. no species above threshold): 52
	  >> Unclassified reads: 152401
BRACKEN OUTPUT PRODUCED: /scratch/users/k24087895/final_project/zymobiomics_folder/processed_data/metagenomic/bracken/ZC1_S4.bracken
PROGRAM END TIME: 06-09-2025 04:40:45
  Bracken complete.
✅  Abundance estimated.

Generating Krona visualization...
Writing /scratch/users/k24087895/final_project/zymobiomics_folder/results/runs/run_0906_0540/krona/ZC1_S4.krona.html...
✅  Krona plot generated.

Processing sample: ZC2_S5

Classifying metagenomic reads with Kraken2...
kraken2 --db "/scratch/users/k24087895/final_project/data/databases/k2_pluspfp_08gb_20241228" --threads 8 --report "/scratch/users/k24087895/final_project/zymobiomics_folder/results/runs/run_0906_0540/reports/ZC2_S5.k2report" 		--report-minimizer-data --paired --minimum-hit-groups 1 		--classified-out "/scratch/users/k24087895/final_project/zymobiomics_folder/processed_data/metagenomic/classified/ZC2_S5_classified#.fastq" --unclassified-out "/scratch/users/k24087895/final_project/zymobiomics_folder/processed_data/metagenomic/unclassified/ZC2_S5_unclassified#.fastq" 		--output "/scratch/users/k24087895/final_project/zymobiomics_folder/processed_data/metagenomic/kraken2/ZC2_S5.kraken2" --use-names "/scratch/users/k24087895/final_project/zymobiomics_folder/processed_data/metagenomic/filtered_fastq/ZC2_S5_metagenomic.1" "/scratch/users/k24087895/final_project/zymobiomics_folder/processed_data/metagenomic/filtered_fastq/ZC2_S5_metagenomic.2" 2>&1
Loading database information... done.
267582 sequences (38.37 Mbp) processed in 0.963s (16676.1 Kseq/m, 2391.10 Mbp/m).
  99593 sequences classified (37.22%)
  167989 sequences unclassified (62.78%)
✅  Classification complete.

Estimating species abundance with Bracken...
 >> Checking for Valid Options...
 >> Running Bracken 
      >> python src/est_abundance.py -i /scratch/users/k24087895/final_project/zymobiomics_folder/results/runs/run_0906_0540/reports/ZC2_S5.k2report -o /scratch/users/k24087895/final_project/zymobiomics_folder/processed_data/metagenomic/bracken/ZC2_S5.bracken -k /scratch/users/k24087895/final_project/data/databases/k2_pluspfp_08gb_20241228/database100mers.kmer_distrib -l S -t 5
>> Checking report file: /scratch/users/k24087895/final_project/zymobiomics_folder/results/runs/run_0906_0540/reports/ZC2_S5.k2report
PROGRAM START TIME: 06-09-2025 04:40:54
BRACKEN SUMMARY (Kraken report: /scratch/users/k24087895/final_project/zymobiomics_folder/results/runs/run_0906_0540/reports/ZC2_S5.k2report)
    >>> Threshold: 5 
    >>> Number of species in sample: 156 
	  >> Number of species with reads > threshold: 26 
	  >> Number of species with reads < threshold: 130 
    >>> Total reads in sample: 267582
	  >> Total reads kept at species level (reads > threshold): 23173
	  >> Total reads discarded (species reads < threshold): 195
	  >> Reads distributed: 76182
	  >> Reads not distributed (eg. no species above threshold): 43
	  >> Unclassified reads: 167989
BRACKEN OUTPUT PRODUCED: /scratch/users/k24087895/final_project/zymobiomics_folder/processed_data/metagenomic/bracken/ZC2_S5.bracken
PROGRAM END TIME: 06-09-2025 04:40:55
  Bracken complete.
✅  Abundance estimated.

Generating Krona visualization...
Writing /scratch/users/k24087895/final_project/zymobiomics_folder/results/runs/run_0906_0540/krona/ZC2_S5.krona.html...
✅  Krona plot generated.

Processing sample: ZC3_S6

Classifying metagenomic reads with Kraken2...
kraken2 --db "/scratch/users/k24087895/final_project/data/databases/k2_pluspfp_08gb_20241228" --threads 8 --report "/scratch/users/k24087895/final_project/zymobiomics_folder/results/runs/run_0906_0540/reports/ZC3_S6.k2report" 		--report-minimizer-data --paired --minimum-hit-groups 1 		--classified-out "/scratch/users/k24087895/final_project/zymobiomics_folder/processed_data/metagenomic/classified/ZC3_S6_classified#.fastq" --unclassified-out "/scratch/users/k24087895/final_project/zymobiomics_folder/processed_data/metagenomic/unclassified/ZC3_S6_unclassified#.fastq" 		--output "/scratch/users/k24087895/final_project/zymobiomics_folder/processed_data/metagenomic/kraken2/ZC3_S6.kraken2" --use-names "/scratch/users/k24087895/final_project/zymobiomics_folder/processed_data/metagenomic/filtered_fastq/ZC3_S6_metagenomic.1" "/scratch/users/k24087895/final_project/zymobiomics_folder/processed_data/metagenomic/filtered_fastq/ZC3_S6_metagenomic.2" 2>&1
Loading database information... done.
273941 sequences (42.88 Mbp) processed in 0.944s (17408.1 Kseq/m, 2724.60 Mbp/m).
  110060 sequences classified (40.18%)
  163881 sequences unclassified (59.82%)
✅  Classification complete.

Estimating species abundance with Bracken...
 >> Checking for Valid Options...
 >> Running Bracken 
      >> python src/est_abundance.py -i /scratch/users/k24087895/final_project/zymobiomics_folder/results/runs/run_0906_0540/reports/ZC3_S6.k2report -o /scratch/users/k24087895/final_project/zymobiomics_folder/processed_data/metagenomic/bracken/ZC3_S6.bracken -k /scratch/users/k24087895/final_project/data/databases/k2_pluspfp_08gb_20241228/database100mers.kmer_distrib -l S -t 5
>> Checking report file: /scratch/users/k24087895/final_project/zymobiomics_folder/results/runs/run_0906_0540/reports/ZC3_S6.k2report
PROGRAM START TIME: 06-09-2025 04:41:04
BRACKEN SUMMARY (Kraken report: /scratch/users/k24087895/final_project/zymobiomics_folder/results/runs/run_0906_0540/reports/ZC3_S6.k2report)
    >>> Threshold: 5 
    >>> Number of species in sample: 185 
	  >> Number of species with reads > threshold: 32 
	  >> Number of species with reads < threshold: 153 
    >>> Total reads in sample: 273941
	  >> Total reads kept at species level (reads > threshold): 28091
	  >> Total reads discarded (species reads < threshold): 201
	  >> Reads distributed: 81727
	  >> Reads not distributed (eg. no species above threshold): 41
	  >> Unclassified reads: 163881
BRACKEN OUTPUT PRODUCED: /scratch/users/k24087895/final_project/zymobiomics_folder/processed_data/metagenomic/bracken/ZC3_S6.bracken
PROGRAM END TIME: 06-09-2025 04:41:04
  Bracken complete.
✅  Abundance estimated.

Generating Krona visualization...
Writing /scratch/users/k24087895/final_project/zymobiomics_folder/results/runs/run_0906_0540/krona/ZC3_S6.krona.html...
✅  Krona plot generated.

Processing sample: ZC4_S7

Classifying metagenomic reads with Kraken2...
kraken2 --db "/scratch/users/k24087895/final_project/data/databases/k2_pluspfp_08gb_20241228" --threads 8 --report "/scratch/users/k24087895/final_project/zymobiomics_folder/results/runs/run_0906_0540/reports/ZC4_S7.k2report" 		--report-minimizer-data --paired --minimum-hit-groups 1 		--classified-out "/scratch/users/k24087895/final_project/zymobiomics_folder/processed_data/metagenomic/classified/ZC4_S7_classified#.fastq" --unclassified-out "/scratch/users/k24087895/final_project/zymobiomics_folder/processed_data/metagenomic/unclassified/ZC4_S7_unclassified#.fastq" 		--output "/scratch/users/k24087895/final_project/zymobiomics_folder/processed_data/metagenomic/kraken2/ZC4_S7.kraken2" --use-names "/scratch/users/k24087895/final_project/zymobiomics_folder/processed_data/metagenomic/filtered_fastq/ZC4_S7_metagenomic.1" "/scratch/users/k24087895/final_project/zymobiomics_folder/processed_data/metagenomic/filtered_fastq/ZC4_S7_metagenomic.2" 2>&1
Loading database information... done.
238874 sequences (35.00 Mbp) processed in 0.867s (16538.6 Kseq/m, 2423.42 Mbp/m).
  89957 sequences classified (37.66%)
  148917 sequences unclassified (62.34%)
✅  Classification complete.

Estimating species abundance with Bracken...
 >> Checking for Valid Options...
 >> Running Bracken 
      >> python src/est_abundance.py -i /scratch/users/k24087895/final_project/zymobiomics_folder/results/runs/run_0906_0540/reports/ZC4_S7.k2report -o /scratch/users/k24087895/final_project/zymobiomics_folder/processed_data/metagenomic/bracken/ZC4_S7.bracken -k /scratch/users/k24087895/final_project/data/databases/k2_pluspfp_08gb_20241228/database100mers.kmer_distrib -l S -t 5
>> Checking report file: /scratch/users/k24087895/final_project/zymobiomics_folder/results/runs/run_0906_0540/reports/ZC4_S7.k2report
PROGRAM START TIME: 06-09-2025 04:41:13
BRACKEN SUMMARY (Kraken report: /scratch/users/k24087895/final_project/zymobiomics_folder/results/runs/run_0906_0540/reports/ZC4_S7.k2report)
    >>> Threshold: 5 
    >>> Number of species in sample: 142 
	  >> Number of species with reads > threshold: 21 
	  >> Number of species with reads < threshold: 121 
    >>> Total reads in sample: 238874
	  >> Total reads kept at species level (reads > threshold): 23644
	  >> Total reads discarded (species reads < threshold): 166
	  >> Reads distributed: 66116
	  >> Reads not distributed (eg. no species above threshold): 31
	  >> Unclassified reads: 148917
BRACKEN OUTPUT PRODUCED: /scratch/users/k24087895/final_project/zymobiomics_folder/processed_data/metagenomic/bracken/ZC4_S7.bracken
PROGRAM END TIME: 06-09-2025 04:41:14
  Bracken complete.
✅  Abundance estimated.

Generating Krona visualization...
Writing /scratch/users/k24087895/final_project/zymobiomics_folder/results/runs/run_0906_0540/krona/ZC4_S7.krona.html...
✅  Krona plot generated.

Processing sample: ZP1_S20

Classifying metagenomic reads with Kraken2...
kraken2 --db "/scratch/users/k24087895/final_project/data/databases/k2_pluspfp_08gb_20241228" --threads 8 --report "/scratch/users/k24087895/final_project/zymobiomics_folder/results/runs/run_0906_0540/reports/ZP1_S20.k2report" 		--report-minimizer-data --paired --minimum-hit-groups 1 		--classified-out "/scratch/users/k24087895/final_project/zymobiomics_folder/processed_data/metagenomic/classified/ZP1_S20_classified#.fastq" --unclassified-out "/scratch/users/k24087895/final_project/zymobiomics_folder/processed_data/metagenomic/unclassified/ZP1_S20_unclassified#.fastq" 		--output "/scratch/users/k24087895/final_project/zymobiomics_folder/processed_data/metagenomic/kraken2/ZP1_S20.kraken2" --use-names "/scratch/users/k24087895/final_project/zymobiomics_folder/processed_data/metagenomic/filtered_fastq/ZP1_S20_metagenomic.1" "/scratch/users/k24087895/final_project/zymobiomics_folder/processed_data/metagenomic/filtered_fastq/ZP1_S20_metagenomic.2" 2>&1
Loading database information... done.
299531 sequences (46.78 Mbp) processed in 1.121s (16035.0 Kseq/m, 2504.53 Mbp/m).
  124271 sequences classified (41.49%)
  175260 sequences unclassified (58.51%)
✅  Classification complete.

Estimating species abundance with Bracken...
 >> Checking for Valid Options...
 >> Running Bracken 
      >> python src/est_abundance.py -i /scratch/users/k24087895/final_project/zymobiomics_folder/results/runs/run_0906_0540/reports/ZP1_S20.k2report -o /scratch/users/k24087895/final_project/zymobiomics_folder/processed_data/metagenomic/bracken/ZP1_S20.bracken -k /scratch/users/k24087895/final_project/data/databases/k2_pluspfp_08gb_20241228/database100mers.kmer_distrib -l S -t 5
>> Checking report file: /scratch/users/k24087895/final_project/zymobiomics_folder/results/runs/run_0906_0540/reports/ZP1_S20.k2report
PROGRAM START TIME: 06-09-2025 04:41:22
BRACKEN SUMMARY (Kraken report: /scratch/users/k24087895/final_project/zymobiomics_folder/results/runs/run_0906_0540/reports/ZP1_S20.k2report)
    >>> Threshold: 5 
    >>> Number of species in sample: 182 
	  >> Number of species with reads > threshold: 24 
	  >> Number of species with reads < threshold: 158 
    >>> Total reads in sample: 299531
	  >> Total reads kept at species level (reads > threshold): 31178
	  >> Total reads discarded (species reads < threshold): 217
	  >> Reads distributed: 92831
	  >> Reads not distributed (eg. no species above threshold): 45
	  >> Unclassified reads: 175260
BRACKEN OUTPUT PRODUCED: /scratch/users/k24087895/final_project/zymobiomics_folder/processed_data/metagenomic/bracken/ZP1_S20.bracken
PROGRAM END TIME: 06-09-2025 04:41:22
  Bracken complete.
✅  Abundance estimated.

Generating Krona visualization...
Writing /scratch/users/k24087895/final_project/zymobiomics_folder/results/runs/run_0906_0540/krona/ZP1_S20.krona.html...
✅  Krona plot generated.

Processing sample: ZP2_S21

Classifying metagenomic reads with Kraken2...
kraken2 --db "/scratch/users/k24087895/final_project/data/databases/k2_pluspfp_08gb_20241228" --threads 8 --report "/scratch/users/k24087895/final_project/zymobiomics_folder/results/runs/run_0906_0540/reports/ZP2_S21.k2report" 		--report-minimizer-data --paired --minimum-hit-groups 1 		--classified-out "/scratch/users/k24087895/final_project/zymobiomics_folder/processed_data/metagenomic/classified/ZP2_S21_classified#.fastq" --unclassified-out "/scratch/users/k24087895/final_project/zymobiomics_folder/processed_data/metagenomic/unclassified/ZP2_S21_unclassified#.fastq" 		--output "/scratch/users/k24087895/final_project/zymobiomics_folder/processed_data/metagenomic/kraken2/ZP2_S21.kraken2" --use-names "/scratch/users/k24087895/final_project/zymobiomics_folder/processed_data/metagenomic/filtered_fastq/ZP2_S21_metagenomic.1" "/scratch/users/k24087895/final_project/zymobiomics_folder/processed_data/metagenomic/filtered_fastq/ZP2_S21_metagenomic.2" 2>&1
Loading database information... done.
293442 sequences (42.99 Mbp) processed in 1.071s (16434.0 Kseq/m, 2407.68 Mbp/m).
  111773 sequences classified (38.09%)
  181669 sequences unclassified (61.91%)
✅  Classification complete.

Estimating species abundance with Bracken...
 >> Checking for Valid Options...
 >> Running Bracken 
      >> python src/est_abundance.py -i /scratch/users/k24087895/final_project/zymobiomics_folder/results/runs/run_0906_0540/reports/ZP2_S21.k2report -o /scratch/users/k24087895/final_project/zymobiomics_folder/processed_data/metagenomic/bracken/ZP2_S21.bracken -k /scratch/users/k24087895/final_project/data/databases/k2_pluspfp_08gb_20241228/database100mers.kmer_distrib -l S -t 5
>> Checking report file: /scratch/users/k24087895/final_project/zymobiomics_folder/results/runs/run_0906_0540/reports/ZP2_S21.k2report
PROGRAM START TIME: 06-09-2025 04:41:32
BRACKEN SUMMARY (Kraken report: /scratch/users/k24087895/final_project/zymobiomics_folder/results/runs/run_0906_0540/reports/ZP2_S21.k2report)
    >>> Threshold: 5 
    >>> Number of species in sample: 170 
	  >> Number of species with reads > threshold: 25 
	  >> Number of species with reads < threshold: 145 
    >>> Total reads in sample: 293442
	  >> Total reads kept at species level (reads > threshold): 27620
	  >> Total reads discarded (species reads < threshold): 201
	  >> Reads distributed: 83908
	  >> Reads not distributed (eg. no species above threshold): 44
	  >> Unclassified reads: 181669
BRACKEN OUTPUT PRODUCED: /scratch/users/k24087895/final_project/zymobiomics_folder/processed_data/metagenomic/bracken/ZP2_S21.bracken
PROGRAM END TIME: 06-09-2025 04:41:32
  Bracken complete.
✅  Abundance estimated.

Generating Krona visualization...
Writing /scratch/users/k24087895/final_project/zymobiomics_folder/results/runs/run_0906_0540/krona/ZP2_S21.krona.html...
✅  Krona plot generated.

Processing sample: ZP3_S22

Classifying metagenomic reads with Kraken2...
kraken2 --db "/scratch/users/k24087895/final_project/data/databases/k2_pluspfp_08gb_20241228" --threads 8 --report "/scratch/users/k24087895/final_project/zymobiomics_folder/results/runs/run_0906_0540/reports/ZP3_S22.k2report" 		--report-minimizer-data --paired --minimum-hit-groups 1 		--classified-out "/scratch/users/k24087895/final_project/zymobiomics_folder/processed_data/metagenomic/classified/ZP3_S22_classified#.fastq" --unclassified-out "/scratch/users/k24087895/final_project/zymobiomics_folder/processed_data/metagenomic/unclassified/ZP3_S22_unclassified#.fastq" 		--output "/scratch/users/k24087895/final_project/zymobiomics_folder/processed_data/metagenomic/kraken2/ZP3_S22.kraken2" --use-names "/scratch/users/k24087895/final_project/zymobiomics_folder/processed_data/metagenomic/filtered_fastq/ZP3_S22_metagenomic.1" "/scratch/users/k24087895/final_project/zymobiomics_folder/processed_data/metagenomic/filtered_fastq/ZP3_S22_metagenomic.2" 2>&1
Loading database information... done.
326854 sequences (47.05 Mbp) processed in 1.063s (18447.2 Kseq/m, 2655.33 Mbp/m).
  122756 sequences classified (37.56%)
  204098 sequences unclassified (62.44%)
✅  Classification complete.

Estimating species abundance with Bracken...
 >> Checking for Valid Options...
 >> Running Bracken 
      >> python src/est_abundance.py -i /scratch/users/k24087895/final_project/zymobiomics_folder/results/runs/run_0906_0540/reports/ZP3_S22.k2report -o /scratch/users/k24087895/final_project/zymobiomics_folder/processed_data/metagenomic/bracken/ZP3_S22.bracken -k /scratch/users/k24087895/final_project/data/databases/k2_pluspfp_08gb_20241228/database100mers.kmer_distrib -l S -t 5
>> Checking report file: /scratch/users/k24087895/final_project/zymobiomics_folder/results/runs/run_0906_0540/reports/ZP3_S22.k2report
PROGRAM START TIME: 06-09-2025 04:41:42
BRACKEN SUMMARY (Kraken report: /scratch/users/k24087895/final_project/zymobiomics_folder/results/runs/run_0906_0540/reports/ZP3_S22.k2report)
    >>> Threshold: 5 
    >>> Number of species in sample: 167 
	  >> Number of species with reads > threshold: 27 
	  >> Number of species with reads < threshold: 140 
    >>> Total reads in sample: 326854
	  >> Total reads kept at species level (reads > threshold): 30510
	  >> Total reads discarded (species reads < threshold): 192
	  >> Reads distributed: 92013
	  >> Reads not distributed (eg. no species above threshold): 41
	  >> Unclassified reads: 204098
BRACKEN OUTPUT PRODUCED: /scratch/users/k24087895/final_project/zymobiomics_folder/processed_data/metagenomic/bracken/ZP3_S22.bracken
PROGRAM END TIME: 06-09-2025 04:41:43
  Bracken complete.
✅  Abundance estimated.

Generating Krona visualization...
Writing /scratch/users/k24087895/final_project/zymobiomics_folder/results/runs/run_0906_0540/krona/ZP3_S22.krona.html...
✅  Krona plot generated.

Metagenomic classification completed in: 00:01:08

Calculating read length statistics...
ZC1_S4_metagenomic.1: mean = 90.3, median = 78.0
ZC2_S5_metagenomic.1: mean = 71.7, median = 63.0
ZC3_S6_metagenomic.1: mean = 78.4, median = 67.0
ZC4_S7_metagenomic.1: mean = 73.4, median = 62.0
ZP1_S20_metagenomic.1: mean = 78.2, median = 69.0
ZP2_S21_metagenomic.1: mean = 73.4, median = 64.0
ZP3_S22_metagenomic.1: mean = 72.0, median = 62.0
ZC1_S4_metagenomic.2: mean = 89.5, median = 78.0
ZC2_S5_metagenomic.2: mean = 71.7, median = 63.0
ZC3_S6_metagenomic.2: mean = 78.1, median = 67.0
ZC4_S7_metagenomic.2: mean = 73.2, median = 62.0
ZP1_S20_metagenomic.2: mean = 78.0, median = 69.0
ZP2_S21_metagenomic.2: mean = 73.1, median = 64.0
ZP3_S22_metagenomic.2: mean = 72.0, median = 63.0
ZC1_S4_classified_1.fastq: mean = 111.3, median = 103.0
ZC1_S4_classified_2.fastq: mean = 109.9, median = 103.0
ZC2_S5_classified_1.fastq: mean = 88.0, median = 80.0
ZC2_S5_classified_2.fastq: mean = 87.9, median = 80.0
ZC3_S6_classified_1.fastq: mean = 97.7, median = 88.0
ZC3_S6_classified_2.fastq: mean = 97.1, median = 88.0
ZC4_S7_classified_1.fastq: mean = 93.2, median = 82.0
ZC4_S7_classified_2.fastq: mean = 92.6, median = 83.0
ZP1_S20_classified_1.fastq: mean = 95.1, median = 87.0
ZP1_S20_classified_2.fastq: mean = 94.7, median = 87.0
ZP2_S21_classified_1.fastq: mean = 90.3, median = 82.0
ZP2_S21_classified_2.fastq: mean = 89.8, median = 82.0
ZP3_S22_classified_1.fastq: mean = 88.7, median = 81.0
ZP3_S22_classified_2.fastq: mean = 88.7, median = 81.0
ZC1_S4_unclassified_1.fastq: mean = 71.6, median = 62.0
ZC1_S4_unclassified_2.fastq: mean = 71.4, median = 62.0
ZC2_S5_unclassified_1.fastq: mean = 62.1, median = 55.0
ZC2_S5_unclassified_2.fastq: mean = 62.0, median = 55.0
ZC3_S6_unclassified_1.fastq: mean = 65.4, median = 57.0
ZC3_S6_unclassified_2.fastq: mean = 65.4, median = 57.0
ZC4_S7_unclassified_1.fastq: mean = 61.4, median = 53.0
ZC4_S7_unclassified_2.fastq: mean = 61.4, median = 53.0
ZP1_S20_unclassified_1.fastq: mean = 66.2, median = 59.0
ZP1_S20_unclassified_2.fastq: mean = 66.2, median = 59.0
ZP2_S21_unclassified_1.fastq: mean = 63.0, median = 56.0
ZP2_S21_unclassified_2.fastq: mean = 62.9, median = 56.0
ZP3_S22_unclassified_1.fastq: mean = 61.9, median = 55.0
ZP3_S22_unclassified_2.fastq: mean = 61.9, median = 55.0
✅ Statistics generated.

Combining Bracken reports...
✅ Bracken reports combined.

Copying SLURM job logs...
✅ SLURM job logs copied.

================================================= COMPARISON TO GROUND TRUTH =================================================

================================================= METAGENOMIC DIVERSITY ANALYSIS =================================================
Calculating alpha and beta diversity...
✅ Alpha diversity calculated.
✅ Beta diversity heatmap generated.
✅  Diversity analysis completed successfully.

✅  Pipeline completed successfully.

Copying final SLURM job logs
