
================================================= ARGUMENT PARSING & VALIDATION =================================================

Raw FASTQ directory path: ../zymobiomics_folder/raw_data/
✅  Database set to: ../data/databases/k2_pluspfp_16gb_20250402
Quality Control & Trimming: Disabled ❌
⚠️  Optional, but must be done at least once on the raw reads for the pipeline to work.

Host DNA Removal: Disabled ❌
⚠️  Optional, but must be done at least once on the trimmed reads for the pipeline to work.

Kraken2/Bracken Database: ../data/databases/k2_pluspfp_16gb_20250402

================================================= CONDA ENVIRONMENT ACTIVATION ==================================================

✅ 'metagenomics' environment activated successfully.

====================================================== PROJECT STRUCTURE ======================================================

../zymobiomics_folder
├── processed_data
│   ├── human
│   │   ├── aligned_sam
│   │   ├── bed_files
│   │   └── sorted_bam
│   ├── metagenomic
│   │   ├── bracken
│   │   ├── classified
│   │   ├── filtered_fastq
│   │   ├── kraken2
│   │   └── unclassified
│   └── trimmed
│       ├── paired
│       └── unpaired
├── raw_data
└── results
    ├── fastqc
    │   ├── post_trimming
    │   └── pre_trimming
    ├── host_dna_analysis
    └── runs
        ├── run_2005_1637
        ├── run_2005_1655
        ├── run_2005_1658
        ├── run_2005_1706
        ├── run_2005_1730
        ├── run_2005_1744
        ├── run_2105_1617
        ├── run_2105_1632
        ├── run_2105_1640
        ├── run_2105_1653
        └── run_2105_1700

32 directories
Human DNA-related files (SAM, BAM, and BED) in the 'human' directory are created once per sub-project and remain unchanged across runs.
Intermediate metagenomic files in the 'metagenomic' directory are overwritten with each run and should be inspected beforehand if desired.
Results are stored in the 'results' directory (including FastQC, host DNA analysis, and run-specific results like Kraken2 and Bracken).

================================================= METAGENOMIC ABUNDANCE ESTIMATION =================================================
⚠️  This step assumes reads have already been trimmed with Trimmomatic and host DNA removed with Bowtie2. Processed reads must be in the correct directory.

Processing sample: ZC1_S4

Classifying metagenomic reads with Kraken2...
kraken2 --db "../data/databases/k2_pluspfp_16gb_20250402" --threads 8 --report "../zymobiomics_folder/results/runs/run_2105_1700/reports/ZC1_S4.k2report" 		--report-minimizer-data --paired --minimum-hit-groups 2 		--classified-out "../zymobiomics_folder/processed_data/metagenomic/classified/ZC1_S4_classified#.fastq" --unclassified-out "../zymobiomics_folder/processed_data/metagenomic/unclassified/ZC1_S4_unclassified#.fastq" 		--output "../zymobiomics_folder/processed_data/metagenomic/kraken2/ZC1_S4.kraken2" --use-names "../zymobiomics_folder/processed_data/metagenomic/filtered_fastq/ZC1_S4_metagenomic.1" "../zymobiomics_folder/processed_data/metagenomic/filtered_fastq/ZC1_S4_metagenomic.2" 2>&1
Loading database information... done.
287710 sequences (51.71 Mbp) processed in 0.755s (22869.2 Kseq/m, 4110.32 Mbp/m).
  163580 sequences classified (56.86%)
  124130 sequences unclassified (43.14%)
✅  Classification complete.

Estimating species abundance with Bracken...
 >> Checking for Valid Options...
 >> Running Bracken 
      >> python src/est_abundance.py -i ../zymobiomics_folder/results/runs/run_2105_1700/reports/ZC1_S4.k2report -o ../zymobiomics_folder/processed_data/metagenomic/bracken/ZC1_S4.bracken -k ../data/databases/k2_pluspfp_16gb_20250402/database100mers.kmer_distrib -l S -t 0
>> Checking report file: ../zymobiomics_folder/results/runs/run_2105_1700/reports/ZC1_S4.k2report
PROGRAM START TIME: 05-21-2025 16:00:13
BRACKEN SUMMARY (Kraken report: ../zymobiomics_folder/results/runs/run_2105_1700/reports/ZC1_S4.k2report)
    >>> Threshold: 0 
    >>> Number of species in sample: 205 
	  >> Number of species with reads > threshold: 205 
	  >> Number of species with reads < threshold: 0 
    >>> Total reads in sample: 287710
	  >> Total reads kept at species level (reads > threshold): 46400
	  >> Total reads discarded (species reads < threshold): 0
	  >> Reads distributed: 117165
	  >> Reads not distributed (eg. no species above threshold): 15
	  >> Unclassified reads: 124130
BRACKEN OUTPUT PRODUCED: ../zymobiomics_folder/processed_data/metagenomic/bracken/ZC1_S4.bracken
PROGRAM END TIME: 05-21-2025 16:00:13
  Bracken complete.
✅  Abundance estimated.

Generating Krona visualization...
Writing ../zymobiomics_folder/results/runs/run_2105_1700/krona/ZC1_S4.krona.html...
✅  Krona plot generated.

Processing sample: ZC2_S5

Classifying metagenomic reads with Kraken2...
kraken2 --db "../data/databases/k2_pluspfp_16gb_20250402" --threads 8 --report "../zymobiomics_folder/results/runs/run_2105_1700/reports/ZC2_S5.k2report" 		--report-minimizer-data --paired --minimum-hit-groups 2 		--classified-out "../zymobiomics_folder/processed_data/metagenomic/classified/ZC2_S5_classified#.fastq" --unclassified-out "../zymobiomics_folder/processed_data/metagenomic/unclassified/ZC2_S5_unclassified#.fastq" 		--output "../zymobiomics_folder/processed_data/metagenomic/kraken2/ZC2_S5.kraken2" --use-names "../zymobiomics_folder/processed_data/metagenomic/filtered_fastq/ZC2_S5_metagenomic.1" "../zymobiomics_folder/processed_data/metagenomic/filtered_fastq/ZC2_S5_metagenomic.2" 2>&1
Loading database information... done.
267582 sequences (38.37 Mbp) processed in 0.612s (26232.4 Kseq/m, 3761.33 Mbp/m).
  119940 sequences classified (44.82%)
  147642 sequences unclassified (55.18%)
✅  Classification complete.

Estimating species abundance with Bracken...
 >> Checking for Valid Options...
 >> Running Bracken 
      >> python src/est_abundance.py -i ../zymobiomics_folder/results/runs/run_2105_1700/reports/ZC2_S5.k2report -o ../zymobiomics_folder/processed_data/metagenomic/bracken/ZC2_S5.bracken -k ../data/databases/k2_pluspfp_16gb_20250402/database100mers.kmer_distrib -l S -t 0
>> Checking report file: ../zymobiomics_folder/results/runs/run_2105_1700/reports/ZC2_S5.k2report
PROGRAM START TIME: 05-21-2025 16:00:22
BRACKEN SUMMARY (Kraken report: ../zymobiomics_folder/results/runs/run_2105_1700/reports/ZC2_S5.k2report)
    >>> Threshold: 0 
    >>> Number of species in sample: 157 
	  >> Number of species with reads > threshold: 157 
	  >> Number of species with reads < threshold: 0 
    >>> Total reads in sample: 267582
	  >> Total reads kept at species level (reads > threshold): 30845
	  >> Total reads discarded (species reads < threshold): 0
	  >> Reads distributed: 89085
	  >> Reads not distributed (eg. no species above threshold): 10
	  >> Unclassified reads: 147642
BRACKEN OUTPUT PRODUCED: ../zymobiomics_folder/processed_data/metagenomic/bracken/ZC2_S5.bracken
PROGRAM END TIME: 05-21-2025 16:00:22
  Bracken complete.
✅  Abundance estimated.

Generating Krona visualization...
Writing ../zymobiomics_folder/results/runs/run_2105_1700/krona/ZC2_S5.krona.html...
✅  Krona plot generated.

Processing sample: ZC3_S6

Classifying metagenomic reads with Kraken2...
kraken2 --db "../data/databases/k2_pluspfp_16gb_20250402" --threads 8 --report "../zymobiomics_folder/results/runs/run_2105_1700/reports/ZC3_S6.k2report" 		--report-minimizer-data --paired --minimum-hit-groups 2 		--classified-out "../zymobiomics_folder/processed_data/metagenomic/classified/ZC3_S6_classified#.fastq" --unclassified-out "../zymobiomics_folder/processed_data/metagenomic/unclassified/ZC3_S6_unclassified#.fastq" 		--output "../zymobiomics_folder/processed_data/metagenomic/kraken2/ZC3_S6.kraken2" --use-names "../zymobiomics_folder/processed_data/metagenomic/filtered_fastq/ZC3_S6_metagenomic.1" "../zymobiomics_folder/processed_data/metagenomic/filtered_fastq/ZC3_S6_metagenomic.2" 2>&1
Loading database information... done.
273941 sequences (42.88 Mbp) processed in 0.627s (26196.0 Kseq/m, 4100.02 Mbp/m).
  133064 sequences classified (48.57%)
  140877 sequences unclassified (51.43%)
✅  Classification complete.

Estimating species abundance with Bracken...
 >> Checking for Valid Options...
 >> Running Bracken 
      >> python src/est_abundance.py -i ../zymobiomics_folder/results/runs/run_2105_1700/reports/ZC3_S6.k2report -o ../zymobiomics_folder/processed_data/metagenomic/bracken/ZC3_S6.bracken -k ../data/databases/k2_pluspfp_16gb_20250402/database100mers.kmer_distrib -l S -t 0
>> Checking report file: ../zymobiomics_folder/results/runs/run_2105_1700/reports/ZC3_S6.k2report
PROGRAM START TIME: 05-21-2025 16:00:30
BRACKEN SUMMARY (Kraken report: ../zymobiomics_folder/results/runs/run_2105_1700/reports/ZC3_S6.k2report)
    >>> Threshold: 0 
    >>> Number of species in sample: 189 
	  >> Number of species with reads > threshold: 189 
	  >> Number of species with reads < threshold: 0 
    >>> Total reads in sample: 273941
	  >> Total reads kept at species level (reads > threshold): 37707
	  >> Total reads discarded (species reads < threshold): 0
	  >> Reads distributed: 95335
	  >> Reads not distributed (eg. no species above threshold): 22
	  >> Unclassified reads: 140877
BRACKEN OUTPUT PRODUCED: ../zymobiomics_folder/processed_data/metagenomic/bracken/ZC3_S6.bracken
PROGRAM END TIME: 05-21-2025 16:00:30
  Bracken complete.
✅  Abundance estimated.

Generating Krona visualization...
Writing ../zymobiomics_folder/results/runs/run_2105_1700/krona/ZC3_S6.krona.html...
✅  Krona plot generated.

Processing sample: ZC4_S7

Classifying metagenomic reads with Kraken2...
kraken2 --db "../data/databases/k2_pluspfp_16gb_20250402" --threads 8 --report "../zymobiomics_folder/results/runs/run_2105_1700/reports/ZC4_S7.k2report" 		--report-minimizer-data --paired --minimum-hit-groups 2 		--classified-out "../zymobiomics_folder/processed_data/metagenomic/classified/ZC4_S7_classified#.fastq" --unclassified-out "../zymobiomics_folder/processed_data/metagenomic/unclassified/ZC4_S7_unclassified#.fastq" 		--output "../zymobiomics_folder/processed_data/metagenomic/kraken2/ZC4_S7.kraken2" --use-names "../zymobiomics_folder/processed_data/metagenomic/filtered_fastq/ZC4_S7_metagenomic.1" "../zymobiomics_folder/processed_data/metagenomic/filtered_fastq/ZC4_S7_metagenomic.2" 2>&1
Loading database information... done.
238874 sequences (35.00 Mbp) processed in 0.514s (27871.6 Kseq/m, 4084.06 Mbp/m).
  107500 sequences classified (45.00%)
  131374 sequences unclassified (55.00%)
✅  Classification complete.

Estimating species abundance with Bracken...
 >> Checking for Valid Options...
 >> Running Bracken 
      >> python src/est_abundance.py -i ../zymobiomics_folder/results/runs/run_2105_1700/reports/ZC4_S7.k2report -o ../zymobiomics_folder/processed_data/metagenomic/bracken/ZC4_S7.bracken -k ../data/databases/k2_pluspfp_16gb_20250402/database100mers.kmer_distrib -l S -t 0
>> Checking report file: ../zymobiomics_folder/results/runs/run_2105_1700/reports/ZC4_S7.k2report
PROGRAM START TIME: 05-21-2025 16:00:38
BRACKEN SUMMARY (Kraken report: ../zymobiomics_folder/results/runs/run_2105_1700/reports/ZC4_S7.k2report)
    >>> Threshold: 0 
    >>> Number of species in sample: 149 
	  >> Number of species with reads > threshold: 149 
	  >> Number of species with reads < threshold: 0 
    >>> Total reads in sample: 238874
	  >> Total reads kept at species level (reads > threshold): 30811
	  >> Total reads discarded (species reads < threshold): 0
	  >> Reads distributed: 76676
	  >> Reads not distributed (eg. no species above threshold): 13
	  >> Unclassified reads: 131374
BRACKEN OUTPUT PRODUCED: ../zymobiomics_folder/processed_data/metagenomic/bracken/ZC4_S7.bracken
PROGRAM END TIME: 05-21-2025 16:00:38
  Bracken complete.
✅  Abundance estimated.

Generating Krona visualization...
Writing ../zymobiomics_folder/results/runs/run_2105_1700/krona/ZC4_S7.krona.html...
✅  Krona plot generated.

Processing sample: ZP1_S20

Classifying metagenomic reads with Kraken2...
kraken2 --db "../data/databases/k2_pluspfp_16gb_20250402" --threads 8 --report "../zymobiomics_folder/results/runs/run_2105_1700/reports/ZP1_S20.k2report" 		--report-minimizer-data --paired --minimum-hit-groups 2 		--classified-out "../zymobiomics_folder/processed_data/metagenomic/classified/ZP1_S20_classified#.fastq" --unclassified-out "../zymobiomics_folder/processed_data/metagenomic/unclassified/ZP1_S20_unclassified#.fastq" 		--output "../zymobiomics_folder/processed_data/metagenomic/kraken2/ZP1_S20.kraken2" --use-names "../zymobiomics_folder/processed_data/metagenomic/filtered_fastq/ZP1_S20_metagenomic.1" "../zymobiomics_folder/processed_data/metagenomic/filtered_fastq/ZP1_S20_metagenomic.2" 2>&1
Loading database information... done.
299531 sequences (46.78 Mbp) processed in 0.754s (23846.6 Kseq/m, 3724.64 Mbp/m).
  150768 sequences classified (50.33%)
  148763 sequences unclassified (49.67%)
✅  Classification complete.

Estimating species abundance with Bracken...
 >> Checking for Valid Options...
 >> Running Bracken 
      >> python src/est_abundance.py -i ../zymobiomics_folder/results/runs/run_2105_1700/reports/ZP1_S20.k2report -o ../zymobiomics_folder/processed_data/metagenomic/bracken/ZP1_S20.bracken -k ../data/databases/k2_pluspfp_16gb_20250402/database100mers.kmer_distrib -l S -t 0
>> Checking report file: ../zymobiomics_folder/results/runs/run_2105_1700/reports/ZP1_S20.k2report
PROGRAM START TIME: 05-21-2025 16:00:46
BRACKEN SUMMARY (Kraken report: ../zymobiomics_folder/results/runs/run_2105_1700/reports/ZP1_S20.k2report)
    >>> Threshold: 0 
    >>> Number of species in sample: 168 
	  >> Number of species with reads > threshold: 168 
	  >> Number of species with reads < threshold: 0 
    >>> Total reads in sample: 299531
	  >> Total reads kept at species level (reads > threshold): 41423
	  >> Total reads discarded (species reads < threshold): 0
	  >> Reads distributed: 109332
	  >> Reads not distributed (eg. no species above threshold): 13
	  >> Unclassified reads: 148763
BRACKEN OUTPUT PRODUCED: ../zymobiomics_folder/processed_data/metagenomic/bracken/ZP1_S20.bracken
PROGRAM END TIME: 05-21-2025 16:00:46
  Bracken complete.
✅  Abundance estimated.

Generating Krona visualization...
Writing ../zymobiomics_folder/results/runs/run_2105_1700/krona/ZP1_S20.krona.html...
✅  Krona plot generated.

Processing sample: ZP2_S21

Classifying metagenomic reads with Kraken2...
kraken2 --db "../data/databases/k2_pluspfp_16gb_20250402" --threads 8 --report "../zymobiomics_folder/results/runs/run_2105_1700/reports/ZP2_S21.k2report" 		--report-minimizer-data --paired --minimum-hit-groups 2 		--classified-out "../zymobiomics_folder/processed_data/metagenomic/classified/ZP2_S21_classified#.fastq" --unclassified-out "../zymobiomics_folder/processed_data/metagenomic/unclassified/ZP2_S21_unclassified#.fastq" 		--output "../zymobiomics_folder/processed_data/metagenomic/kraken2/ZP2_S21.kraken2" --use-names "../zymobiomics_folder/processed_data/metagenomic/filtered_fastq/ZP2_S21_metagenomic.1" "../zymobiomics_folder/processed_data/metagenomic/filtered_fastq/ZP2_S21_metagenomic.2" 2>&1
Loading database information... done.
293442 sequences (42.99 Mbp) processed in 0.733s (24009.3 Kseq/m, 3517.50 Mbp/m).
  135196 sequences classified (46.07%)
  158246 sequences unclassified (53.93%)
✅  Classification complete.

Estimating species abundance with Bracken...
 >> Checking for Valid Options...
 >> Running Bracken 
      >> python src/est_abundance.py -i ../zymobiomics_folder/results/runs/run_2105_1700/reports/ZP2_S21.k2report -o ../zymobiomics_folder/processed_data/metagenomic/bracken/ZP2_S21.bracken -k ../data/databases/k2_pluspfp_16gb_20250402/database100mers.kmer_distrib -l S -t 0
>> Checking report file: ../zymobiomics_folder/results/runs/run_2105_1700/reports/ZP2_S21.k2report
PROGRAM START TIME: 05-21-2025 16:00:54
BRACKEN SUMMARY (Kraken report: ../zymobiomics_folder/results/runs/run_2105_1700/reports/ZP2_S21.k2report)
    >>> Threshold: 0 
    >>> Number of species in sample: 164 
	  >> Number of species with reads > threshold: 164 
	  >> Number of species with reads < threshold: 0 
    >>> Total reads in sample: 293442
	  >> Total reads kept at species level (reads > threshold): 36676
	  >> Total reads discarded (species reads < threshold): 0
	  >> Reads distributed: 98499
	  >> Reads not distributed (eg. no species above threshold): 21
	  >> Unclassified reads: 158246
BRACKEN OUTPUT PRODUCED: ../zymobiomics_folder/processed_data/metagenomic/bracken/ZP2_S21.bracken
PROGRAM END TIME: 05-21-2025 16:00:54
  Bracken complete.
✅  Abundance estimated.

Generating Krona visualization...
Writing ../zymobiomics_folder/results/runs/run_2105_1700/krona/ZP2_S21.krona.html...
✅  Krona plot generated.

Processing sample: ZP3_S22

Classifying metagenomic reads with Kraken2...
kraken2 --db "../data/databases/k2_pluspfp_16gb_20250402" --threads 8 --report "../zymobiomics_folder/results/runs/run_2105_1700/reports/ZP3_S22.k2report" 		--report-minimizer-data --paired --minimum-hit-groups 2 		--classified-out "../zymobiomics_folder/processed_data/metagenomic/classified/ZP3_S22_classified#.fastq" --unclassified-out "../zymobiomics_folder/processed_data/metagenomic/unclassified/ZP3_S22_unclassified#.fastq" 		--output "../zymobiomics_folder/processed_data/metagenomic/kraken2/ZP3_S22.kraken2" --use-names "../zymobiomics_folder/processed_data/metagenomic/filtered_fastq/ZP3_S22_metagenomic.1" "../zymobiomics_folder/processed_data/metagenomic/filtered_fastq/ZP3_S22_metagenomic.2" 2>&1
Loading database information... done.
326854 sequences (47.05 Mbp) processed in 0.690s (28434.1 Kseq/m, 4092.89 Mbp/m).
  148283 sequences classified (45.37%)
  178571 sequences unclassified (54.63%)
✅  Classification complete.

Estimating species abundance with Bracken...
 >> Checking for Valid Options...
 >> Running Bracken 
      >> python src/est_abundance.py -i ../zymobiomics_folder/results/runs/run_2105_1700/reports/ZP3_S22.k2report -o ../zymobiomics_folder/processed_data/metagenomic/bracken/ZP3_S22.bracken -k ../data/databases/k2_pluspfp_16gb_20250402/database100mers.kmer_distrib -l S -t 0
>> Checking report file: ../zymobiomics_folder/results/runs/run_2105_1700/reports/ZP3_S22.k2report
PROGRAM START TIME: 05-21-2025 16:01:02
BRACKEN SUMMARY (Kraken report: ../zymobiomics_folder/results/runs/run_2105_1700/reports/ZP3_S22.k2report)
    >>> Threshold: 0 
    >>> Number of species in sample: 171 
	  >> Number of species with reads > threshold: 171 
	  >> Number of species with reads < threshold: 0 
    >>> Total reads in sample: 326854
	  >> Total reads kept at species level (reads > threshold): 39976
	  >> Total reads discarded (species reads < threshold): 0
	  >> Reads distributed: 108294
	  >> Reads not distributed (eg. no species above threshold): 13
	  >> Unclassified reads: 178571
BRACKEN OUTPUT PRODUCED: ../zymobiomics_folder/processed_data/metagenomic/bracken/ZP3_S22.bracken
PROGRAM END TIME: 05-21-2025 16:01:02
  Bracken complete.
✅  Abundance estimated.

Generating Krona visualization...
Writing ../zymobiomics_folder/results/runs/run_2105_1700/krona/ZP3_S22.krona.html...
✅  Krona plot generated.

Metagenomic classification completed in: 00:00:57

Calculating read length statistics...
ZC1_S4_metagenomic.1: mean = 90.3, median = 78.0
ZC2_S5_metagenomic.1: mean = 71.7, median = 63.0
ZC3_S6_metagenomic.1: mean = 78.4, median = 67.0
ZC4_S7_metagenomic.1: mean = 73.4, median = 62.0
ZP1_S20_metagenomic.1: mean = 78.2, median = 69.0
ZP2_S21_metagenomic.1: mean = 73.4, median = 64.0
ZP3_S22_metagenomic.1: mean = 72.0, median = 62.0
ZC1_S4_metagenomic.2: mean = 89.5, median = 78.0
ZC2_S5_metagenomic.2: mean = 71.7, median = 63.0
ZC3_S6_metagenomic.2: mean = 78.1, median = 67.0
ZC4_S7_metagenomic.2: mean = 73.2, median = 62.0
ZP1_S20_metagenomic.2: mean = 78.0, median = 69.0
ZP2_S21_metagenomic.2: mean = 73.1, median = 64.0
ZP3_S22_metagenomic.2: mean = 72.0, median = 63.0
ZC1_S4_classified_1.fastq: mean = 110.8, median = 102.0
ZC1_S4_classified_2.fastq: mean = 109.6, median = 102.0
ZC2_S5_classified_1.fastq: mean = 89.8, median = 82.0
ZC2_S5_classified_2.fastq: mean = 89.7, median = 82.0
ZC3_S6_classified_1.fastq: mean = 98.7, median = 90.0
ZC3_S6_classified_2.fastq: mean = 98.2, median = 90.0
ZC4_S7_classified_1.fastq: mean = 94.5, median = 84.0
ZC4_S7_classified_2.fastq: mean = 94.0, median = 84.0
ZP1_S20_classified_1.fastq: mean = 96.0, median = 88.0
ZP1_S20_classified_2.fastq: mean = 95.7, median = 88.0
ZP2_S21_classified_1.fastq: mean = 91.7, median = 84.0
ZP2_S21_classified_2.fastq: mean = 91.3, median = 84.0
ZP3_S22_classified_1.fastq: mean = 90.4, median = 83.0
ZP3_S22_classified_2.fastq: mean = 90.3, median = 83.0
ZC1_S4_unclassified_1.fastq: mean = 63.1, median = 55.0
ZC1_S4_unclassified_2.fastq: mean = 63.0, median = 55.0
ZC2_S5_unclassified_1.fastq: mean = 57.0, median = 51.0
ZC2_S5_unclassified_2.fastq: mean = 57.1, median = 51.0
ZC3_S6_unclassified_1.fastq: mean = 59.2, median = 52.0
ZC3_S6_unclassified_2.fastq: mean = 59.2, median = 52.0
ZC4_S7_unclassified_1.fastq: mean = 56.1, median = 50.0
ZC4_S7_unclassified_2.fastq: mean = 56.1, median = 50.0
ZP1_S20_unclassified_1.fastq: mean = 60.1, median = 54.0
ZP1_S20_unclassified_2.fastq: mean = 60.1, median = 54.0
ZP2_S21_unclassified_1.fastq: mean = 57.7, median = 52.0
ZP2_S21_unclassified_2.fastq: mean = 57.6, median = 52.0
ZP3_S22_unclassified_1.fastq: mean = 56.7, median = 51.0
ZP3_S22_unclassified_2.fastq: mean = 56.8, median = 51.0
✅ Statistics generated.

Combining Bracken reports...
Combined CSV file saved to: ../zymobiomics_folder/results/runs/run_2105_1700/combined_breports.csv 
✅ Bracken reports combined.

Copying SLURM job logs...
✅ SLURM job logs copied.

================================================= COMPARISON TO GROUND TRUTH =================================================

================================================= METAGENOMIC DIVERSITY ANALYSIS =================================================
Calculating alpha and beta diversity...
✅ Alpha diversity calculated.
null device 
          1 
Heatmap saved to: ../zymobiomics_folder/results/runs/run_2105_1700/diversity/beta_diversity_heatmap.png 
✅ Beta diversity heatmap generated.
✅  Diversity analysis completed successfully.

✅  Pipeline completed successfully.

Copying final SLURM job logs
