
================================================= ARGUMENT PARSING & VALIDATION =================================================

⚠️  Trimming and host DNA removal are optional but must be done once; if skipped, ensure trimmed and filtered files exist in the correct directories.\n
===== Pipeline Configuration Summary =====
Raw FASTQ directory path: /scratch/prj/aef_forensic_metagenomics/exposure_folder/raw_data
Kraken2/Bracken Database: /scratch/prj/aef_forensic_metagenomics/data/databases/k2_core_nt_20240904
Ground Truth: Not provided ❌
Quality Control & Trimming: Disabled ❌
Host DNA Removal: Disabled ❌

================================================= CONDA ENVIRONMENT ACTIVATION ==================================================

✅ 'metagenomics' environment activated successfully.

====================================================== PROJECT STRUCTURE ======================================================

/scratch/prj/aef_forensic_metagenomics/exposure_folder
├── processed_data
│   ├── human
│   │   ├── aligned_sam
│   │   ├── bed_files
│   │   └── sorted_bam
│   ├── metagenomic
│   │   ├── bracken
│   │   ├── classified
│   │   ├── filtered_fastq
│   │   ├── kraken2
│   │   └── unclassified
│   └── trimmed
│       ├── paired
│       └── unpaired
├── raw_data
└── results
    ├── fastqc
    │   ├── post_trimming
    │   └── pre_trimming
    ├── host_dna_analysis
    └── runs
        ├── run_1506_1837
        ├── run_1506_1852
        ├── run_1506_1902
        ├── run_1506_1911
        ├── run_1506_1920
        ├── run_1506_1929
        ├── run_1506_1937
        ├── run_1506_1947
        ├── run_1506_1956
        ├── run_1506_2004
        ├── run_1506_2012
        ├── run_1506_2019
        ├── run_1506_2029
        ├── run_1506_2037
        ├── run_1506_2045
        ├── run_1506_2053
        ├── run_1506_2102
        ├── run_1506_2112
        ├── run_1506_2120
        ├── run_1506_2129
        ├── run_1506_2138
        ├── run_1506_2146
        ├── run_1506_2157
        ├── run_1506_2207
        ├── run_1506_2218
        ├── run_1506_2228
        ├── run_1506_2238
        ├── run_1506_2249
        ├── run_1506_2258
        ├── run_1506_2310
        ├── run_1506_2319
        ├── run_1506_2332
        ├── run_1506_2342
        ├── run_1506_2352
        ├── run_1606_0005
        ├── run_1606_0017
        ├── run_1606_0028
        ├── run_1606_0038
        ├── run_1606_0049
        ├── run_1606_0101
        ├── run_1606_0111
        ├── run_1606_0121
        ├── run_1606_0130
        ├── run_1606_0138
        ├── run_1606_0146
        ├── run_1606_0154
        ├── run_1606_0203
        ├── run_1606_0211
        ├── run_1606_0219
        ├── run_1606_0227
        ├── run_1606_0237
        ├── run_1606_0245
        ├── run_1606_0255
        ├── run_1606_0304
        ├── run_1606_0313
        ├── run_1606_0321
        ├── run_1606_0328
        ├── run_1606_0337
        ├── run_1606_0346
        ├── run_1606_0354
        ├── run_1606_0402
        ├── run_1606_0411
        ├── run_1606_0457
        ├── run_1606_0531
        ├── run_1606_0621
        ├── run_1606_0656
        ├── run_1606_0746
        ├── run_1606_0820
        ├── run_1606_0917
        ├── run_1606_1004
        ├── run_1606_1039
        ├── run_1606_1132
        ├── run_1606_1221
        ├── run_1606_1312
        ├── run_1606_1346
        ├── run_1606_1421
        ├── run_1606_1526
        ├── run_1606_1607
        ├── run_1606_1643
        ├── run_1606_1718
        ├── run_1606_1756
        ├── run_1606_1834
        ├── run_1706_1008
        ├── run_1706_1023
        ├── run_1706_1105
        ├── run_1706_1146
        └── run_1706_1308

108 directories
Human DNA-related files (SAM, BAM, and BED) in the 'human' directory are created once per sub-project and remain unchanged across runs.
Intermediate metagenomic files in the 'metagenomic' directory are overwritten with each run and should be inspected beforehand if desired.
Results are stored in the 'results' directory (including FastQC, host DNA analysis, and run-specific results like Kraken2 and Bracken).

================================================= METAGENOMIC ABUNDANCE ESTIMATION =================================================
⚠️  This step assumes reads have already been trimmed with Trimmomatic and host DNA removed with Bowtie2. Processed reads must be in the correct directory.

Processing sample: D1RP_S9

Classifying metagenomic reads with Kraken2...
kraken2 --db "/scratch/prj/aef_forensic_metagenomics/data/databases/k2_core_nt_20240904" --threads 8 --report "/scratch/prj/aef_forensic_metagenomics/exposure_folder/results/runs/run_1706_1308/reports/D1RP_S9.k2report" 		--report-minimizer-data --paired --minimum-hit-groups 1 		--classified-out "/scratch/prj/aef_forensic_metagenomics/exposure_folder/processed_data/metagenomic/classified/D1RP_S9_classified#.fastq" --unclassified-out "/scratch/prj/aef_forensic_metagenomics/exposure_folder/processed_data/metagenomic/unclassified/D1RP_S9_unclassified#.fastq" 		--output "/scratch/prj/aef_forensic_metagenomics/exposure_folder/processed_data/metagenomic/kraken2/D1RP_S9.kraken2" --use-names "/scratch/prj/aef_forensic_metagenomics/exposure_folder/processed_data/metagenomic/filtered_fastq/D1RP_S9_metagenomic.1" "/scratch/prj/aef_forensic_metagenomics/exposure_folder/processed_data/metagenomic/filtered_fastq/D1RP_S9_metagenomic.2" 2>&1
Loading database information... done.
124006 sequences (32.63 Mbp) processed in 0.628s (11841.6 Kseq/m, 3116.00 Mbp/m).
  46286 sequences classified (37.33%)
  77720 sequences unclassified (62.67%)
✅  Classification complete.

Estimating species abundance with Bracken...
 >> Checking for Valid Options...
 >> Running Bracken 
      >> python src/est_abundance.py -i /scratch/prj/aef_forensic_metagenomics/exposure_folder/results/runs/run_1706_1308/reports/D1RP_S9.k2report -o /scratch/prj/aef_forensic_metagenomics/exposure_folder/processed_data/metagenomic/bracken/D1RP_S9.bracken -k /scratch/prj/aef_forensic_metagenomics/data/databases/k2_core_nt_20240904/database100mers.kmer_distrib -l S -t 20
>> Checking report file: /scratch/prj/aef_forensic_metagenomics/exposure_folder/results/runs/run_1706_1308/reports/D1RP_S9.k2report
PROGRAM START TIME: 06-17-2025 12:10:38
BRACKEN SUMMARY (Kraken report: /scratch/prj/aef_forensic_metagenomics/exposure_folder/results/runs/run_1706_1308/reports/D1RP_S9.k2report)
    >>> Threshold: 20 
    >>> Number of species in sample: 2378 
	  >> Number of species with reads > threshold: 193 
	  >> Number of species with reads < threshold: 2185 
    >>> Total reads in sample: 124006
	  >> Total reads kept at species level (reads > threshold): 33997
	  >> Total reads discarded (species reads < threshold): 6000
	  >> Reads distributed: 5213
	  >> Reads not distributed (eg. no species above threshold): 1076
	  >> Unclassified reads: 77720
BRACKEN OUTPUT PRODUCED: /scratch/prj/aef_forensic_metagenomics/exposure_folder/processed_data/metagenomic/bracken/D1RP_S9.bracken
PROGRAM END TIME: 06-17-2025 12:10:46
  Bracken complete.
✅  Abundance estimated.

Generating Krona visualization...
Writing /scratch/prj/aef_forensic_metagenomics/exposure_folder/results/runs/run_1706_1308/krona/D1RP_S9.krona.html...
✅  Krona plot generated.

Processing sample: D1SG_S1

Classifying metagenomic reads with Kraken2...
kraken2 --db "/scratch/prj/aef_forensic_metagenomics/data/databases/k2_core_nt_20240904" --threads 8 --report "/scratch/prj/aef_forensic_metagenomics/exposure_folder/results/runs/run_1706_1308/reports/D1SG_S1.k2report" 		--report-minimizer-data --paired --minimum-hit-groups 1 		--classified-out "/scratch/prj/aef_forensic_metagenomics/exposure_folder/processed_data/metagenomic/classified/D1SG_S1_classified#.fastq" --unclassified-out "/scratch/prj/aef_forensic_metagenomics/exposure_folder/processed_data/metagenomic/unclassified/D1SG_S1_unclassified#.fastq" 		--output "/scratch/prj/aef_forensic_metagenomics/exposure_folder/processed_data/metagenomic/kraken2/D1SG_S1.kraken2" --use-names "/scratch/prj/aef_forensic_metagenomics/exposure_folder/processed_data/metagenomic/filtered_fastq/D1SG_S1_metagenomic.1" "/scratch/prj/aef_forensic_metagenomics/exposure_folder/processed_data/metagenomic/filtered_fastq/D1SG_S1_metagenomic.2" 2>&1
Loading database information... done.
155364 sequences (39.82 Mbp) processed in 0.860s (10843.6 Kseq/m, 2779.08 Mbp/m).
  78564 sequences classified (50.57%)
  76800 sequences unclassified (49.43%)
✅  Classification complete.

Estimating species abundance with Bracken...
 >> Checking for Valid Options...
 >> Running Bracken 
      >> python src/est_abundance.py -i /scratch/prj/aef_forensic_metagenomics/exposure_folder/results/runs/run_1706_1308/reports/D1SG_S1.k2report -o /scratch/prj/aef_forensic_metagenomics/exposure_folder/processed_data/metagenomic/bracken/D1SG_S1.bracken -k /scratch/prj/aef_forensic_metagenomics/data/databases/k2_core_nt_20240904/database100mers.kmer_distrib -l S -t 20
>> Checking report file: /scratch/prj/aef_forensic_metagenomics/exposure_folder/results/runs/run_1706_1308/reports/D1SG_S1.k2report
PROGRAM START TIME: 06-17-2025 12:12:55
BRACKEN SUMMARY (Kraken report: /scratch/prj/aef_forensic_metagenomics/exposure_folder/results/runs/run_1706_1308/reports/D1SG_S1.k2report)
    >>> Threshold: 20 
    >>> Number of species in sample: 9614 
	  >> Number of species with reads > threshold: 301 
	  >> Number of species with reads < threshold: 9313 
    >>> Total reads in sample: 155364
	  >> Total reads kept at species level (reads > threshold): 22224
	  >> Total reads discarded (species reads < threshold): 32906
	  >> Reads distributed: 17868
	  >> Reads not distributed (eg. no species above threshold): 5566
	  >> Unclassified reads: 76800
BRACKEN OUTPUT PRODUCED: /scratch/prj/aef_forensic_metagenomics/exposure_folder/processed_data/metagenomic/bracken/D1SG_S1.bracken
PROGRAM END TIME: 06-17-2025 12:13:03
  Bracken complete.
✅  Abundance estimated.

Generating Krona visualization...
Writing /scratch/prj/aef_forensic_metagenomics/exposure_folder/results/runs/run_1706_1308/krona/D1SG_S1.krona.html...
✅  Krona plot generated.

Processing sample: D2RP_S10

Classifying metagenomic reads with Kraken2...
kraken2 --db "/scratch/prj/aef_forensic_metagenomics/data/databases/k2_core_nt_20240904" --threads 8 --report "/scratch/prj/aef_forensic_metagenomics/exposure_folder/results/runs/run_1706_1308/reports/D2RP_S10.k2report" 		--report-minimizer-data --paired --minimum-hit-groups 1 		--classified-out "/scratch/prj/aef_forensic_metagenomics/exposure_folder/processed_data/metagenomic/classified/D2RP_S10_classified#.fastq" --unclassified-out "/scratch/prj/aef_forensic_metagenomics/exposure_folder/processed_data/metagenomic/unclassified/D2RP_S10_unclassified#.fastq" 		--output "/scratch/prj/aef_forensic_metagenomics/exposure_folder/processed_data/metagenomic/kraken2/D2RP_S10.kraken2" --use-names "/scratch/prj/aef_forensic_metagenomics/exposure_folder/processed_data/metagenomic/filtered_fastq/D2RP_S10_metagenomic.1" "/scratch/prj/aef_forensic_metagenomics/exposure_folder/processed_data/metagenomic/filtered_fastq/D2RP_S10_metagenomic.2" 2>&1
Loading database information... done.
122720 sequences (31.55 Mbp) processed in 0.668s (11024.5 Kseq/m, 2833.97 Mbp/m).
  107197 sequences classified (87.35%)
  15523 sequences unclassified (12.65%)
✅  Classification complete.

Estimating species abundance with Bracken...
 >> Checking for Valid Options...
 >> Running Bracken 
      >> python src/est_abundance.py -i /scratch/prj/aef_forensic_metagenomics/exposure_folder/results/runs/run_1706_1308/reports/D2RP_S10.k2report -o /scratch/prj/aef_forensic_metagenomics/exposure_folder/processed_data/metagenomic/bracken/D2RP_S10.bracken -k /scratch/prj/aef_forensic_metagenomics/data/databases/k2_core_nt_20240904/database100mers.kmer_distrib -l S -t 20
>> Checking report file: /scratch/prj/aef_forensic_metagenomics/exposure_folder/results/runs/run_1706_1308/reports/D2RP_S10.k2report
PROGRAM START TIME: 06-17-2025 12:15:39
BRACKEN SUMMARY (Kraken report: /scratch/prj/aef_forensic_metagenomics/exposure_folder/results/runs/run_1706_1308/reports/D2RP_S10.k2report)
    >>> Threshold: 20 
    >>> Number of species in sample: 324 
	  >> Number of species with reads > threshold: 31 
	  >> Number of species with reads < threshold: 293 
    >>> Total reads in sample: 122720
	  >> Total reads kept at species level (reads > threshold): 96834
	  >> Total reads discarded (species reads < threshold): 627
	  >> Reads distributed: 9514
	  >> Reads not distributed (eg. no species above threshold): 222
	  >> Unclassified reads: 15523
BRACKEN OUTPUT PRODUCED: /scratch/prj/aef_forensic_metagenomics/exposure_folder/processed_data/metagenomic/bracken/D2RP_S10.bracken
PROGRAM END TIME: 06-17-2025 12:15:46
  Bracken complete.
✅  Abundance estimated.

Generating Krona visualization...
Writing /scratch/prj/aef_forensic_metagenomics/exposure_folder/results/runs/run_1706_1308/krona/D2RP_S10.krona.html...
✅  Krona plot generated.

Processing sample: D2SG_S2

Classifying metagenomic reads with Kraken2...
kraken2 --db "/scratch/prj/aef_forensic_metagenomics/data/databases/k2_core_nt_20240904" --threads 8 --report "/scratch/prj/aef_forensic_metagenomics/exposure_folder/results/runs/run_1706_1308/reports/D2SG_S2.k2report" 		--report-minimizer-data --paired --minimum-hit-groups 1 		--classified-out "/scratch/prj/aef_forensic_metagenomics/exposure_folder/processed_data/metagenomic/classified/D2SG_S2_classified#.fastq" --unclassified-out "/scratch/prj/aef_forensic_metagenomics/exposure_folder/processed_data/metagenomic/unclassified/D2SG_S2_unclassified#.fastq" 		--output "/scratch/prj/aef_forensic_metagenomics/exposure_folder/processed_data/metagenomic/kraken2/D2SG_S2.kraken2" --use-names "/scratch/prj/aef_forensic_metagenomics/exposure_folder/processed_data/metagenomic/filtered_fastq/D2SG_S2_metagenomic.1" "/scratch/prj/aef_forensic_metagenomics/exposure_folder/processed_data/metagenomic/filtered_fastq/D2SG_S2_metagenomic.2" 2>&1
Loading database information... done.
27649 sequences (6.00 Mbp) processed in 0.516s (3216.5 Kseq/m, 697.92 Mbp/m).
  25184 sequences classified (91.08%)
  2465 sequences unclassified (8.92%)
✅  Classification complete.

Estimating species abundance with Bracken...
 >> Checking for Valid Options...
 >> Running Bracken 
      >> python src/est_abundance.py -i /scratch/prj/aef_forensic_metagenomics/exposure_folder/results/runs/run_1706_1308/reports/D2SG_S2.k2report -o /scratch/prj/aef_forensic_metagenomics/exposure_folder/processed_data/metagenomic/bracken/D2SG_S2.bracken -k /scratch/prj/aef_forensic_metagenomics/data/databases/k2_core_nt_20240904/database100mers.kmer_distrib -l S -t 20
>> Checking report file: /scratch/prj/aef_forensic_metagenomics/exposure_folder/results/runs/run_1706_1308/reports/D2SG_S2.k2report
PROGRAM START TIME: 06-17-2025 12:19:02
BRACKEN SUMMARY (Kraken report: /scratch/prj/aef_forensic_metagenomics/exposure_folder/results/runs/run_1706_1308/reports/D2SG_S2.k2report)
    >>> Threshold: 20 
    >>> Number of species in sample: 993 
	  >> Number of species with reads > threshold: 35 
	  >> Number of species with reads < threshold: 958 
    >>> Total reads in sample: 27649
	  >> Total reads kept at species level (reads > threshold): 17034
	  >> Total reads discarded (species reads < threshold): 1696
	  >> Reads distributed: 6069
	  >> Reads not distributed (eg. no species above threshold): 385
	  >> Unclassified reads: 2465
BRACKEN OUTPUT PRODUCED: /scratch/prj/aef_forensic_metagenomics/exposure_folder/processed_data/metagenomic/bracken/D2SG_S2.bracken
PROGRAM END TIME: 06-17-2025 12:19:10
  Bracken complete.
✅  Abundance estimated.

Generating Krona visualization...
Writing /scratch/prj/aef_forensic_metagenomics/exposure_folder/results/runs/run_1706_1308/krona/D2SG_S2.krona.html...
✅  Krona plot generated.

Processing sample: L1RP_S13

Classifying metagenomic reads with Kraken2...
kraken2 --db "/scratch/prj/aef_forensic_metagenomics/data/databases/k2_core_nt_20240904" --threads 8 --report "/scratch/prj/aef_forensic_metagenomics/exposure_folder/results/runs/run_1706_1308/reports/L1RP_S13.k2report" 		--report-minimizer-data --paired --minimum-hit-groups 1 		--classified-out "/scratch/prj/aef_forensic_metagenomics/exposure_folder/processed_data/metagenomic/classified/L1RP_S13_classified#.fastq" --unclassified-out "/scratch/prj/aef_forensic_metagenomics/exposure_folder/processed_data/metagenomic/unclassified/L1RP_S13_unclassified#.fastq" 		--output "/scratch/prj/aef_forensic_metagenomics/exposure_folder/processed_data/metagenomic/kraken2/L1RP_S13.kraken2" --use-names "/scratch/prj/aef_forensic_metagenomics/exposure_folder/processed_data/metagenomic/filtered_fastq/L1RP_S13_metagenomic.1" "/scratch/prj/aef_forensic_metagenomics/exposure_folder/processed_data/metagenomic/filtered_fastq/L1RP_S13_metagenomic.2" 2>&1
Loading database information... done.
164179 sequences (42.32 Mbp) processed in 1.018s (9680.3 Kseq/m, 2495.37 Mbp/m).
  36374 sequences classified (22.16%)
  127805 sequences unclassified (77.84%)
✅  Classification complete.

Estimating species abundance with Bracken...
 >> Checking for Valid Options...
 >> Running Bracken 
      >> python src/est_abundance.py -i /scratch/prj/aef_forensic_metagenomics/exposure_folder/results/runs/run_1706_1308/reports/L1RP_S13.k2report -o /scratch/prj/aef_forensic_metagenomics/exposure_folder/processed_data/metagenomic/bracken/L1RP_S13.bracken -k /scratch/prj/aef_forensic_metagenomics/data/databases/k2_core_nt_20240904/database100mers.kmer_distrib -l S -t 20
>> Checking report file: /scratch/prj/aef_forensic_metagenomics/exposure_folder/results/runs/run_1706_1308/reports/L1RP_S13.k2report
PROGRAM START TIME: 06-17-2025 12:23:14
BRACKEN SUMMARY (Kraken report: /scratch/prj/aef_forensic_metagenomics/exposure_folder/results/runs/run_1706_1308/reports/L1RP_S13.k2report)
    >>> Threshold: 20 
    >>> Number of species in sample: 1435 
	  >> Number of species with reads > threshold: 130 
	  >> Number of species with reads < threshold: 1305 
    >>> Total reads in sample: 164179
	  >> Total reads kept at species level (reads > threshold): 27055
	  >> Total reads discarded (species reads < threshold): 3321
	  >> Reads distributed: 2695
	  >> Reads not distributed (eg. no species above threshold): 3303
	  >> Unclassified reads: 127805
BRACKEN OUTPUT PRODUCED: /scratch/prj/aef_forensic_metagenomics/exposure_folder/processed_data/metagenomic/bracken/L1RP_S13.bracken
PROGRAM END TIME: 06-17-2025 12:23:21
  Bracken complete.
✅  Abundance estimated.

Generating Krona visualization...
Writing /scratch/prj/aef_forensic_metagenomics/exposure_folder/results/runs/run_1706_1308/krona/L1RP_S13.krona.html...
✅  Krona plot generated.

Processing sample: L1SG_S5

Classifying metagenomic reads with Kraken2...
kraken2 --db "/scratch/prj/aef_forensic_metagenomics/data/databases/k2_core_nt_20240904" --threads 8 --report "/scratch/prj/aef_forensic_metagenomics/exposure_folder/results/runs/run_1706_1308/reports/L1SG_S5.k2report" 		--report-minimizer-data --paired --minimum-hit-groups 1 		--classified-out "/scratch/prj/aef_forensic_metagenomics/exposure_folder/processed_data/metagenomic/classified/L1SG_S5_classified#.fastq" --unclassified-out "/scratch/prj/aef_forensic_metagenomics/exposure_folder/processed_data/metagenomic/unclassified/L1SG_S5_unclassified#.fastq" 		--output "/scratch/prj/aef_forensic_metagenomics/exposure_folder/processed_data/metagenomic/kraken2/L1SG_S5.kraken2" --use-names "/scratch/prj/aef_forensic_metagenomics/exposure_folder/processed_data/metagenomic/filtered_fastq/L1SG_S5_metagenomic.1" "/scratch/prj/aef_forensic_metagenomics/exposure_folder/processed_data/metagenomic/filtered_fastq/L1SG_S5_metagenomic.2" 2>&1
Loading database information... done.
46411 sequences (11.17 Mbp) processed in 0.513s (5423.4 Kseq/m, 1304.89 Mbp/m).
  17904 sequences classified (38.58%)
  28507 sequences unclassified (61.42%)
✅  Classification complete.

Estimating species abundance with Bracken...
 >> Checking for Valid Options...
 >> Running Bracken 
      >> python src/est_abundance.py -i /scratch/prj/aef_forensic_metagenomics/exposure_folder/results/runs/run_1706_1308/reports/L1SG_S5.k2report -o /scratch/prj/aef_forensic_metagenomics/exposure_folder/processed_data/metagenomic/bracken/L1SG_S5.bracken -k /scratch/prj/aef_forensic_metagenomics/data/databases/k2_core_nt_20240904/database100mers.kmer_distrib -l S -t 20
>> Checking report file: /scratch/prj/aef_forensic_metagenomics/exposure_folder/results/runs/run_1706_1308/reports/L1SG_S5.k2report
PROGRAM START TIME: 06-17-2025 12:25:59
BRACKEN SUMMARY (Kraken report: /scratch/prj/aef_forensic_metagenomics/exposure_folder/results/runs/run_1706_1308/reports/L1SG_S5.k2report)
    >>> Threshold: 20 
    >>> Number of species in sample: 4589 
	  >> Number of species with reads > threshold: 49 
	  >> Number of species with reads < threshold: 4540 
    >>> Total reads in sample: 46411
	  >> Total reads kept at species level (reads > threshold): 5371
	  >> Total reads discarded (species reads < threshold): 8308
	  >> Reads distributed: 2324
	  >> Reads not distributed (eg. no species above threshold): 1901
	  >> Unclassified reads: 28507
BRACKEN OUTPUT PRODUCED: /scratch/prj/aef_forensic_metagenomics/exposure_folder/processed_data/metagenomic/bracken/L1SG_S5.bracken
PROGRAM END TIME: 06-17-2025 12:26:08
  Bracken complete.
✅  Abundance estimated.

Generating Krona visualization...
Writing /scratch/prj/aef_forensic_metagenomics/exposure_folder/results/runs/run_1706_1308/krona/L1SG_S5.krona.html...
✅  Krona plot generated.

Processing sample: L2RP_S14

Classifying metagenomic reads with Kraken2...
kraken2 --db "/scratch/prj/aef_forensic_metagenomics/data/databases/k2_core_nt_20240904" --threads 8 --report "/scratch/prj/aef_forensic_metagenomics/exposure_folder/results/runs/run_1706_1308/reports/L2RP_S14.k2report" 		--report-minimizer-data --paired --minimum-hit-groups 1 		--classified-out "/scratch/prj/aef_forensic_metagenomics/exposure_folder/processed_data/metagenomic/classified/L2RP_S14_classified#.fastq" --unclassified-out "/scratch/prj/aef_forensic_metagenomics/exposure_folder/processed_data/metagenomic/unclassified/L2RP_S14_unclassified#.fastq" 		--output "/scratch/prj/aef_forensic_metagenomics/exposure_folder/processed_data/metagenomic/kraken2/L2RP_S14.kraken2" --use-names "/scratch/prj/aef_forensic_metagenomics/exposure_folder/processed_data/metagenomic/filtered_fastq/L2RP_S14_metagenomic.1" "/scratch/prj/aef_forensic_metagenomics/exposure_folder/processed_data/metagenomic/filtered_fastq/L2RP_S14_metagenomic.2" 2>&1
Loading database information... done.
129193 sequences (30.26 Mbp) processed in 0.834s (9289.1 Kseq/m, 2176.03 Mbp/m).
  91031 sequences classified (70.46%)
  38162 sequences unclassified (29.54%)
✅  Classification complete.

Estimating species abundance with Bracken...
 >> Checking for Valid Options...
 >> Running Bracken 
      >> python src/est_abundance.py -i /scratch/prj/aef_forensic_metagenomics/exposure_folder/results/runs/run_1706_1308/reports/L2RP_S14.k2report -o /scratch/prj/aef_forensic_metagenomics/exposure_folder/processed_data/metagenomic/bracken/L2RP_S14.bracken -k /scratch/prj/aef_forensic_metagenomics/data/databases/k2_core_nt_20240904/database100mers.kmer_distrib -l S -t 20
>> Checking report file: /scratch/prj/aef_forensic_metagenomics/exposure_folder/results/runs/run_1706_1308/reports/L2RP_S14.k2report
PROGRAM START TIME: 06-17-2025 12:28:56
BRACKEN SUMMARY (Kraken report: /scratch/prj/aef_forensic_metagenomics/exposure_folder/results/runs/run_1706_1308/reports/L2RP_S14.k2report)
    >>> Threshold: 20 
    >>> Number of species in sample: 268 
	  >> Number of species with reads > threshold: 21 
	  >> Number of species with reads < threshold: 247 
    >>> Total reads in sample: 129193
	  >> Total reads kept at species level (reads > threshold): 74721
	  >> Total reads discarded (species reads < threshold): 566
	  >> Reads distributed: 15606
	  >> Reads not distributed (eg. no species above threshold): 138
	  >> Unclassified reads: 38162
BRACKEN OUTPUT PRODUCED: /scratch/prj/aef_forensic_metagenomics/exposure_folder/processed_data/metagenomic/bracken/L2RP_S14.bracken
PROGRAM END TIME: 06-17-2025 12:29:05
  Bracken complete.
✅  Abundance estimated.

Generating Krona visualization...
Writing /scratch/prj/aef_forensic_metagenomics/exposure_folder/results/runs/run_1706_1308/krona/L2RP_S14.krona.html...
✅  Krona plot generated.

Processing sample: L2SG_S6

Classifying metagenomic reads with Kraken2...
kraken2 --db "/scratch/prj/aef_forensic_metagenomics/data/databases/k2_core_nt_20240904" --threads 8 --report "/scratch/prj/aef_forensic_metagenomics/exposure_folder/results/runs/run_1706_1308/reports/L2SG_S6.k2report" 		--report-minimizer-data --paired --minimum-hit-groups 1 		--classified-out "/scratch/prj/aef_forensic_metagenomics/exposure_folder/processed_data/metagenomic/classified/L2SG_S6_classified#.fastq" --unclassified-out "/scratch/prj/aef_forensic_metagenomics/exposure_folder/processed_data/metagenomic/unclassified/L2SG_S6_unclassified#.fastq" 		--output "/scratch/prj/aef_forensic_metagenomics/exposure_folder/processed_data/metagenomic/kraken2/L2SG_S6.kraken2" --use-names "/scratch/prj/aef_forensic_metagenomics/exposure_folder/processed_data/metagenomic/filtered_fastq/L2SG_S6_metagenomic.1" "/scratch/prj/aef_forensic_metagenomics/exposure_folder/processed_data/metagenomic/filtered_fastq/L2SG_S6_metagenomic.2" 2>&1
Loading database information... done.
10131 sequences (2.44 Mbp) processed in 0.308s (1974.2 Kseq/m, 475.84 Mbp/m).
  6523 sequences classified (64.39%)
  3608 sequences unclassified (35.61%)
✅  Classification complete.

Estimating species abundance with Bracken...
 >> Checking for Valid Options...
 >> Running Bracken 
      >> python src/est_abundance.py -i /scratch/prj/aef_forensic_metagenomics/exposure_folder/results/runs/run_1706_1308/reports/L2SG_S6.k2report -o /scratch/prj/aef_forensic_metagenomics/exposure_folder/processed_data/metagenomic/bracken/L2SG_S6.bracken -k /scratch/prj/aef_forensic_metagenomics/data/databases/k2_core_nt_20240904/database100mers.kmer_distrib -l S -t 20
>> Checking report file: /scratch/prj/aef_forensic_metagenomics/exposure_folder/results/runs/run_1706_1308/reports/L2SG_S6.k2report
PROGRAM START TIME: 06-17-2025 12:32:13
BRACKEN SUMMARY (Kraken report: /scratch/prj/aef_forensic_metagenomics/exposure_folder/results/runs/run_1706_1308/reports/L2SG_S6.k2report)
    >>> Threshold: 20 
    >>> Number of species in sample: 686 
	  >> Number of species with reads > threshold: 12 
	  >> Number of species with reads < threshold: 674 
    >>> Total reads in sample: 10131
	  >> Total reads kept at species level (reads > threshold): 4874
	  >> Total reads discarded (species reads < threshold): 1037
	  >> Reads distributed: 421
	  >> Reads not distributed (eg. no species above threshold): 191
	  >> Unclassified reads: 3608
BRACKEN OUTPUT PRODUCED: /scratch/prj/aef_forensic_metagenomics/exposure_folder/processed_data/metagenomic/bracken/L2SG_S6.bracken
PROGRAM END TIME: 06-17-2025 12:32:21
  Bracken complete.
✅  Abundance estimated.

Generating Krona visualization...
Writing /scratch/prj/aef_forensic_metagenomics/exposure_folder/results/runs/run_1706_1308/krona/L2SG_S6.krona.html...
✅  Krona plot generated.

Processing sample: S1RP_S11

Classifying metagenomic reads with Kraken2...
kraken2 --db "/scratch/prj/aef_forensic_metagenomics/data/databases/k2_core_nt_20240904" --threads 8 --report "/scratch/prj/aef_forensic_metagenomics/exposure_folder/results/runs/run_1706_1308/reports/S1RP_S11.k2report" 		--report-minimizer-data --paired --minimum-hit-groups 1 		--classified-out "/scratch/prj/aef_forensic_metagenomics/exposure_folder/processed_data/metagenomic/classified/S1RP_S11_classified#.fastq" --unclassified-out "/scratch/prj/aef_forensic_metagenomics/exposure_folder/processed_data/metagenomic/unclassified/S1RP_S11_unclassified#.fastq" 		--output "/scratch/prj/aef_forensic_metagenomics/exposure_folder/processed_data/metagenomic/kraken2/S1RP_S11.kraken2" --use-names "/scratch/prj/aef_forensic_metagenomics/exposure_folder/processed_data/metagenomic/filtered_fastq/S1RP_S11_metagenomic.1" "/scratch/prj/aef_forensic_metagenomics/exposure_folder/processed_data/metagenomic/filtered_fastq/S1RP_S11_metagenomic.2" 2>&1
Loading database information... done.
133184 sequences (34.60 Mbp) processed in 0.732s (10923.7 Kseq/m, 2837.66 Mbp/m).
  27396 sequences classified (20.57%)
  105788 sequences unclassified (79.43%)
✅  Classification complete.

Estimating species abundance with Bracken...
 >> Checking for Valid Options...
 >> Running Bracken 
      >> python src/est_abundance.py -i /scratch/prj/aef_forensic_metagenomics/exposure_folder/results/runs/run_1706_1308/reports/S1RP_S11.k2report -o /scratch/prj/aef_forensic_metagenomics/exposure_folder/processed_data/metagenomic/bracken/S1RP_S11.bracken -k /scratch/prj/aef_forensic_metagenomics/data/databases/k2_core_nt_20240904/database100mers.kmer_distrib -l S -t 20
>> Checking report file: /scratch/prj/aef_forensic_metagenomics/exposure_folder/results/runs/run_1706_1308/reports/S1RP_S11.k2report
PROGRAM START TIME: 06-17-2025 12:35:02
BRACKEN SUMMARY (Kraken report: /scratch/prj/aef_forensic_metagenomics/exposure_folder/results/runs/run_1706_1308/reports/S1RP_S11.k2report)
    >>> Threshold: 20 
    >>> Number of species in sample: 528 
	  >> Number of species with reads > threshold: 31 
	  >> Number of species with reads < threshold: 497 
    >>> Total reads in sample: 133184
	  >> Total reads kept at species level (reads > threshold): 23400
	  >> Total reads discarded (species reads < threshold): 1282
	  >> Reads distributed: 449
	  >> Reads not distributed (eg. no species above threshold): 2265
	  >> Unclassified reads: 105788
BRACKEN OUTPUT PRODUCED: /scratch/prj/aef_forensic_metagenomics/exposure_folder/processed_data/metagenomic/bracken/S1RP_S11.bracken
PROGRAM END TIME: 06-17-2025 12:35:10
  Bracken complete.
✅  Abundance estimated.

Generating Krona visualization...
Writing /scratch/prj/aef_forensic_metagenomics/exposure_folder/results/runs/run_1706_1308/krona/S1RP_S11.krona.html...
✅  Krona plot generated.

Processing sample: S1SG_S3

Classifying metagenomic reads with Kraken2...
kraken2 --db "/scratch/prj/aef_forensic_metagenomics/data/databases/k2_core_nt_20240904" --threads 8 --report "/scratch/prj/aef_forensic_metagenomics/exposure_folder/results/runs/run_1706_1308/reports/S1SG_S3.k2report" 		--report-minimizer-data --paired --minimum-hit-groups 1 		--classified-out "/scratch/prj/aef_forensic_metagenomics/exposure_folder/processed_data/metagenomic/classified/S1SG_S3_classified#.fastq" --unclassified-out "/scratch/prj/aef_forensic_metagenomics/exposure_folder/processed_data/metagenomic/unclassified/S1SG_S3_unclassified#.fastq" 		--output "/scratch/prj/aef_forensic_metagenomics/exposure_folder/processed_data/metagenomic/kraken2/S1SG_S3.kraken2" --use-names "/scratch/prj/aef_forensic_metagenomics/exposure_folder/processed_data/metagenomic/filtered_fastq/S1SG_S3_metagenomic.1" "/scratch/prj/aef_forensic_metagenomics/exposure_folder/processed_data/metagenomic/filtered_fastq/S1SG_S3_metagenomic.2" 2>&1
Loading database information... done.
7003 sequences (1.59 Mbp) processed in 0.530s (793.0 Kseq/m, 180.07 Mbp/m).
  3662 sequences classified (52.29%)
  3341 sequences unclassified (47.71%)
✅  Classification complete.

Estimating species abundance with Bracken...
 >> Checking for Valid Options...
 >> Running Bracken 
      >> python src/est_abundance.py -i /scratch/prj/aef_forensic_metagenomics/exposure_folder/results/runs/run_1706_1308/reports/S1SG_S3.k2report -o /scratch/prj/aef_forensic_metagenomics/exposure_folder/processed_data/metagenomic/bracken/S1SG_S3.bracken -k /scratch/prj/aef_forensic_metagenomics/data/databases/k2_core_nt_20240904/database100mers.kmer_distrib -l S -t 20
>> Checking report file: /scratch/prj/aef_forensic_metagenomics/exposure_folder/results/runs/run_1706_1308/reports/S1SG_S3.k2report
PROGRAM START TIME: 06-17-2025 12:37:52
BRACKEN SUMMARY (Kraken report: /scratch/prj/aef_forensic_metagenomics/exposure_folder/results/runs/run_1706_1308/reports/S1SG_S3.k2report)
    >>> Threshold: 20 
    >>> Number of species in sample: 1234 
	  >> Number of species with reads > threshold: 5 
	  >> Number of species with reads < threshold: 1229 
    >>> Total reads in sample: 7003
	  >> Total reads kept at species level (reads > threshold): 783
	  >> Total reads discarded (species reads < threshold): 1788
	  >> Reads distributed: 508
	  >> Reads not distributed (eg. no species above threshold): 583
	  >> Unclassified reads: 3341
BRACKEN OUTPUT PRODUCED: /scratch/prj/aef_forensic_metagenomics/exposure_folder/processed_data/metagenomic/bracken/S1SG_S3.bracken
PROGRAM END TIME: 06-17-2025 12:38:00
  Bracken complete.
✅  Abundance estimated.

Generating Krona visualization...
Writing /scratch/prj/aef_forensic_metagenomics/exposure_folder/results/runs/run_1706_1308/krona/S1SG_S3.krona.html...
✅  Krona plot generated.

Processing sample: S2RP_S12

Classifying metagenomic reads with Kraken2...
kraken2 --db "/scratch/prj/aef_forensic_metagenomics/data/databases/k2_core_nt_20240904" --threads 8 --report "/scratch/prj/aef_forensic_metagenomics/exposure_folder/results/runs/run_1706_1308/reports/S2RP_S12.k2report" 		--report-minimizer-data --paired --minimum-hit-groups 1 		--classified-out "/scratch/prj/aef_forensic_metagenomics/exposure_folder/processed_data/metagenomic/classified/S2RP_S12_classified#.fastq" --unclassified-out "/scratch/prj/aef_forensic_metagenomics/exposure_folder/processed_data/metagenomic/unclassified/S2RP_S12_unclassified#.fastq" 		--output "/scratch/prj/aef_forensic_metagenomics/exposure_folder/processed_data/metagenomic/kraken2/S2RP_S12.kraken2" --use-names "/scratch/prj/aef_forensic_metagenomics/exposure_folder/processed_data/metagenomic/filtered_fastq/S2RP_S12_metagenomic.1" "/scratch/prj/aef_forensic_metagenomics/exposure_folder/processed_data/metagenomic/filtered_fastq/S2RP_S12_metagenomic.2" 2>&1
Loading database information... done.
236239 sequences (46.91 Mbp) processed in 1.578s (8980.0 Kseq/m, 1783.27 Mbp/m).
  183677 sequences classified (77.75%)
  52562 sequences unclassified (22.25%)
✅  Classification complete.

Estimating species abundance with Bracken...
 >> Checking for Valid Options...
 >> Running Bracken 
      >> python src/est_abundance.py -i /scratch/prj/aef_forensic_metagenomics/exposure_folder/results/runs/run_1706_1308/reports/S2RP_S12.k2report -o /scratch/prj/aef_forensic_metagenomics/exposure_folder/processed_data/metagenomic/bracken/S2RP_S12.bracken -k /scratch/prj/aef_forensic_metagenomics/data/databases/k2_core_nt_20240904/database100mers.kmer_distrib -l S -t 20
>> Checking report file: /scratch/prj/aef_forensic_metagenomics/exposure_folder/results/runs/run_1706_1308/reports/S2RP_S12.k2report
PROGRAM START TIME: 06-17-2025 12:40:19
BRACKEN SUMMARY (Kraken report: /scratch/prj/aef_forensic_metagenomics/exposure_folder/results/runs/run_1706_1308/reports/S2RP_S12.k2report)
    >>> Threshold: 20 
    >>> Number of species in sample: 566 
	  >> Number of species with reads > threshold: 45 
	  >> Number of species with reads < threshold: 521 
    >>> Total reads in sample: 236239
	  >> Total reads kept at species level (reads > threshold): 159148
	  >> Total reads discarded (species reads < threshold): 1199
	  >> Reads distributed: 19640
	  >> Reads not distributed (eg. no species above threshold): 3690
	  >> Unclassified reads: 52562
BRACKEN OUTPUT PRODUCED: /scratch/prj/aef_forensic_metagenomics/exposure_folder/processed_data/metagenomic/bracken/S2RP_S12.bracken
PROGRAM END TIME: 06-17-2025 12:40:27
  Bracken complete.
✅  Abundance estimated.

Generating Krona visualization...
Writing /scratch/prj/aef_forensic_metagenomics/exposure_folder/results/runs/run_1706_1308/krona/S2RP_S12.krona.html...
✅  Krona plot generated.

Processing sample: S2SG_S4

Classifying metagenomic reads with Kraken2...
kraken2 --db "/scratch/prj/aef_forensic_metagenomics/data/databases/k2_core_nt_20240904" --threads 8 --report "/scratch/prj/aef_forensic_metagenomics/exposure_folder/results/runs/run_1706_1308/reports/S2SG_S4.k2report" 		--report-minimizer-data --paired --minimum-hit-groups 1 		--classified-out "/scratch/prj/aef_forensic_metagenomics/exposure_folder/processed_data/metagenomic/classified/S2SG_S4_classified#.fastq" --unclassified-out "/scratch/prj/aef_forensic_metagenomics/exposure_folder/processed_data/metagenomic/unclassified/S2SG_S4_unclassified#.fastq" 		--output "/scratch/prj/aef_forensic_metagenomics/exposure_folder/processed_data/metagenomic/kraken2/S2SG_S4.kraken2" --use-names "/scratch/prj/aef_forensic_metagenomics/exposure_folder/processed_data/metagenomic/filtered_fastq/S2SG_S4_metagenomic.1" "/scratch/prj/aef_forensic_metagenomics/exposure_folder/processed_data/metagenomic/filtered_fastq/S2SG_S4_metagenomic.2" 2>&1
Loading database information... done.
5794 sequences (1.33 Mbp) processed in 0.174s (2003.5 Kseq/m, 461.11 Mbp/m).
  4434 sequences classified (76.53%)
  1360 sequences unclassified (23.47%)
✅  Classification complete.

Estimating species abundance with Bracken...
 >> Checking for Valid Options...
 >> Running Bracken 
      >> python src/est_abundance.py -i /scratch/prj/aef_forensic_metagenomics/exposure_folder/results/runs/run_1706_1308/reports/S2SG_S4.k2report -o /scratch/prj/aef_forensic_metagenomics/exposure_folder/processed_data/metagenomic/bracken/S2SG_S4.bracken -k /scratch/prj/aef_forensic_metagenomics/data/databases/k2_core_nt_20240904/database100mers.kmer_distrib -l S -t 20
>> Checking report file: /scratch/prj/aef_forensic_metagenomics/exposure_folder/results/runs/run_1706_1308/reports/S2SG_S4.k2report
PROGRAM START TIME: 06-17-2025 12:42:30
BRACKEN SUMMARY (Kraken report: /scratch/prj/aef_forensic_metagenomics/exposure_folder/results/runs/run_1706_1308/reports/S2SG_S4.k2report)
    >>> Threshold: 20 
    >>> Number of species in sample: 570 
	  >> Number of species with reads > threshold: 16 
	  >> Number of species with reads < threshold: 554 
    >>> Total reads in sample: 5794
	  >> Total reads kept at species level (reads > threshold): 2531
	  >> Total reads discarded (species reads < threshold): 1031
	  >> Reads distributed: 641
	  >> Reads not distributed (eg. no species above threshold): 231
	  >> Unclassified reads: 1360
BRACKEN OUTPUT PRODUCED: /scratch/prj/aef_forensic_metagenomics/exposure_folder/processed_data/metagenomic/bracken/S2SG_S4.bracken
PROGRAM END TIME: 06-17-2025 12:42:38
  Bracken complete.
✅  Abundance estimated.

Generating Krona visualization...
Writing /scratch/prj/aef_forensic_metagenomics/exposure_folder/results/runs/run_1706_1308/krona/S2SG_S4.krona.html...
✅  Krona plot generated.

Metagenomic classification completed in: 00:34:03

Calculating read length statistics...
D1RP_S9_metagenomic.1: mean = 132.8, median = 138.0
D1SG_S1_metagenomic.1: mean = 129.0, median = 130.0
D2RP_S10_metagenomic.1: mean = 129.6, median = 132.0
D2SG_S2_metagenomic.1: mean = 108.7, median = 102.0
L1RP_S13_metagenomic.1: mean = 129.4, median = 132.0
L1SG_S5_metagenomic.1: mean = 120.8, median = 116.0
L2RP_S14_metagenomic.1: mean = 117.3, median = 108.0
L2SG_S6_metagenomic.1: mean = 120.7, median = 116.0
S1RP_S11_metagenomic.1: mean = 130.7, median = 135.0
S1SG_S3_metagenomic.1: mean = 114.0, median = 107.0
S2RP_S12_metagenomic.1: mean = 99.5, median = 84.0
S2SG_S4_metagenomic.1: mean = 115.5, median = 107.0
D1RP_S9_metagenomic.2: mean = 130.4, median = 133.0
D1SG_S1_metagenomic.2: mean = 127.3, median = 128.0
D2RP_S10_metagenomic.2: mean = 127.5, median = 129.0
D2SG_S2_metagenomic.2: mean = 108.3, median = 101.0
L1RP_S13_metagenomic.2: mean = 128.3, median = 130.0
L1SG_S5_metagenomic.2: mean = 119.8, median = 115.0
L2RP_S14_metagenomic.2: mean = 116.9, median = 107.0
L2SG_S6_metagenomic.2: mean = 120.3, median = 116.0
S1RP_S11_metagenomic.2: mean = 129.1, median = 132.0
S1SG_S3_metagenomic.2: mean = 113.0, median = 107.0
S2RP_S12_metagenomic.2: mean = 99.1, median = 84.0
S2SG_S4_metagenomic.2: mean = 114.7, median = 107.0
D1RP_S9_classified_1.fastq: mean = 148.9, median = 174.0
D1RP_S9_classified_2.fastq: mean = 146.0, median = 165.0
D1SG_S1_classified_1.fastq: mean = 144.2, median = 157.0
D1SG_S1_classified_2.fastq: mean = 142.0, median = 152.0
D2RP_S10_classified_1.fastq: mean = 134.1, median = 140.0
D2RP_S10_classified_2.fastq: mean = 131.8, median = 135.0
D2SG_S2_classified_1.fastq: mean = 110.4, median = 105.0
D2SG_S2_classified_2.fastq: mean = 110.0, median = 104.0
L1RP_S13_classified_1.fastq: mean = 160.0, median = 193.0
L1RP_S13_classified_2.fastq: mean = 158.2, median = 191.0
L1SG_S5_classified_1.fastq: mean = 139.6, median = 147.0
L1SG_S5_classified_2.fastq: mean = 138.1, median = 144.0
L2RP_S14_classified_1.fastq: mean = 128.1, median = 127.0
L2RP_S14_classified_2.fastq: mean = 127.7, median = 126.0
L2SG_S6_classified_1.fastq: mean = 133.3, median = 135.0
L2SG_S6_classified_2.fastq: mean = 132.8, median = 135.0
S1RP_S11_classified_1.fastq: mean = 167.1, median = 194.0
S1RP_S11_classified_2.fastq: mean = 163.6, median = 194.0
S1SG_S3_classified_1.fastq: mean = 124.6, median = 122.0
S1SG_S3_classified_2.fastq: mean = 123.5, median = 121.0
S2RP_S12_classified_1.fastq: mean = 107.1, median = 94.0
S2RP_S12_classified_2.fastq: mean = 106.5, median = 93.0
S2SG_S4_classified_1.fastq: mean = 122.8, median = 119.0
S2SG_S4_classified_2.fastq: mean = 122.0, median = 118.0
D1RP_S9_unclassified_1.fastq: mean = 123.2, median = 119.0
D1RP_S9_unclassified_2.fastq: mean = 121.1, median = 116.0
D1SG_S1_unclassified_1.fastq: mean = 113.3, median = 104.0
D1SG_S1_unclassified_2.fastq: mean = 112.4, median = 103.0
D2RP_S10_unclassified_1.fastq: mean = 98.8, median = 77.0
D2RP_S10_unclassified_2.fastq: mean = 97.2, median = 75.0
D2SG_S2_unclassified_1.fastq: mean = 91.3, median = 76.0
D2SG_S2_unclassified_2.fastq: mean = 90.9, median = 76.0
L1RP_S13_unclassified_1.fastq: mean = 120.8, median = 115.0
L1RP_S13_unclassified_2.fastq: mean = 119.8, median = 114.0
L1SG_S5_unclassified_1.fastq: mean = 109.0, median = 98.0
L1SG_S5_unclassified_2.fastq: mean = 108.3, median = 97.0
L2RP_S14_unclassified_1.fastq: mean = 91.5, median = 75.0
L2RP_S14_unclassified_2.fastq: mean = 91.3, median = 75.0
L2SG_S6_unclassified_1.fastq: mean = 98.0, median = 82.0
L2SG_S6_unclassified_2.fastq: mean = 97.7, median = 82.0
S1RP_S11_unclassified_1.fastq: mean = 121.2, median = 115.0
S1RP_S11_unclassified_2.fastq: mean = 120.2, median = 114.0
S1SG_S3_unclassified_1.fastq: mean = 102.4, median = 91.0
S1SG_S3_unclassified_2.fastq: mean = 101.6, median = 91.0
S2RP_S12_unclassified_1.fastq: mean = 73.2, median = 57.0
S2RP_S12_unclassified_2.fastq: mean = 72.9, median = 57.0
S2SG_S4_unclassified_1.fastq: mean = 91.6, median = 72.0
S2SG_S4_unclassified_2.fastq: mean = 90.7, median = 71.0
✅ Statistics generated.

Combining Bracken reports...
✅ Bracken reports combined.

Copying SLURM job logs...
✅ SLURM job logs copied.

================================================= COMPARISON TO GROUND TRUTH =================================================

================================================= METAGENOMIC DIVERSITY ANALYSIS =================================================
Calculating alpha and beta diversity...
✅ Alpha diversity calculated.
✅ Beta diversity heatmap generated.
✅  Diversity analysis completed successfully.

✅  Pipeline completed successfully.

Copying final SLURM job logs
