
================================================= CONDA ENVIRONMENT ACTIVATION ==================================================

================================================= ARGUMENT PARSING & VALIDATION =================================================
Raw FASTQ directory path: /scratch/users/k24087895/final_project/metagenome_analysis/zymobiomics_folder/raw_data/
Database path: /scratch/users/k24087895/final_project/metagenome_analysis/data/databases/k2_standard_08gb_20241228

======================================================= PIPELINE SUMMARY ========================================================
Quality Control & Trimming: Disabled ❌
⚠️ This step is optional, but it must have been performed at least once on the raw reads for the rest of the pipeline to function correctly.

Host DNA Removal: Disabled ❌
Host DNA Bowtie2 Index Prefix: /scratch/users/k24087895/final_project/metagenome_analysis/data/bowtie_index/GRCh38_noalt_as/GRCh38_noalt_as
⚠️ This step is optional, but it must have been performed at least once on the trimmed reads for the rest of the pipeline to function correctly.

Kraken2/Bracken Database Path: /scratch/users/k24087895/final_project/metagenome_analysis/data/databases/k2_standard_08gb_20241228
=================================================================================================================================

====================================================== DIRECTORY STRUCTURE ======================================================
✅ All output directories created successfully.

================================================= METAGENOMIC ABUNDANCE ESTIMATION =================================================
⚠️ This step assumes reads have already been trimmed with Trimmomatic and host DNA removed with Bowtie2. Processed reads must be in the correct directory.

Processing sample: ZC1_S4

Classifying metagenomic reads with Kraken2...
kraken2 --db "/scratch/users/k24087895/final_project/metagenome_analysis/data/databases/k2_standard_08gb_20241228" --threads 8 --report "/scratch/users/k24087895/final_project/metagenome_analysis/zymobiomics_folder/results/runs/run_2603_1231/reports/ZC1_S4.k2report"                --report-minimizer-data --paired --minimum-hit-groups 2 --gzip-compressed                --classified-out "/scratch/users/k24087895/final_project/metagenome_analysis/zymobiomics_folder/processed_data/metagenomic/classified/ZC1_S4_classified#.fastq" --unclassified-out "/scratch/users/k24087895/final_project/metagenome_analysis/zymobiomics_folder/processed_data/metagenomic/unclassified/ZC1_S4_unclassified#.fastq"                "/scratch/users/k24087895/final_project/metagenome_analysis/zymobiomics_folder/processed_data/metagenomic/filtered_fastq/ZC1_S4_metagenomic.1.gz" "/scratch/users/k24087895/final_project/metagenome_analysis/zymobiomics_folder/processed_data/metagenomic/filtered_fastq/ZC1_S4_metagenomic.2.gz"                --output "/scratch/users/k24087895/final_project/metagenome_analysis/zymobiomics_folder/processed_data/metagenomic/kraken2/ZC1_S4.kraken2" --use-names 2>&1
Loading database information... done.
304354 sequences (53.05 Mbp) processed in 1.351s (13517.6 Kseq/m, 2356.11 Mbp/m).
  169032 sequences classified (55.54%)
  135322 sequences unclassified (44.46%)
✅ Classification complete.

Estimating species abundance with Bracken...
 >> Checking for Valid Options...
 >> Running Bracken 
      >> python src/est_abundance.py -i /scratch/users/k24087895/final_project/metagenome_analysis/zymobiomics_folder/results/runs/run_2603_1231/reports/ZC1_S4.k2report -o /scratch/users/k24087895/final_project/metagenome_analysis/zymobiomics_folder/processed_data/metagenomic/bracken/ZC1_S4.bracken -k /scratch/users/k24087895/final_project/metagenome_analysis/data/databases/k2_standard_08gb_20241228/database100mers.kmer_distrib -l S -t 10
>> Checking report file: /scratch/users/k24087895/final_project/metagenome_analysis/zymobiomics_folder/results/runs/run_2603_1231/reports/ZC1_S4.k2report
PROGRAM START TIME: 03-26-2025 12:32:28
BRACKEN SUMMARY (Kraken report: /scratch/users/k24087895/final_project/metagenome_analysis/zymobiomics_folder/results/runs/run_2603_1231/reports/ZC1_S4.k2report)
    >>> Threshold: 10 
    >>> Number of species in sample: 201 
	  >> Number of species with reads > threshold: 24 
	  >> Number of species with reads < threshold: 177 
    >>> Total reads in sample: 304354
	  >> Total reads kept at species level (reads > threshold): 44244
	  >> Total reads discarded (species reads < threshold): 293
	  >> Reads distributed: 124432
	  >> Reads not distributed (eg. no species above threshold): 63
	  >> Unclassified reads: 135322
BRACKEN OUTPUT PRODUCED: /scratch/users/k24087895/final_project/metagenome_analysis/zymobiomics_folder/processed_data/metagenomic/bracken/ZC1_S4.bracken
PROGRAM END TIME: 03-26-2025 12:32:28
  Bracken complete.
✅ Abundance estimated.

Generating Krona visualization...
Writing /scratch/users/k24087895/final_project/metagenome_analysis/zymobiomics_folder/results/runs/run_2603_1231/krona/ZC1_S4.krona.html...
✅ Krona plot generated.

Processing sample: ZC2_S5

Classifying metagenomic reads with Kraken2...
kraken2 --db "/scratch/users/k24087895/final_project/metagenome_analysis/data/databases/k2_standard_08gb_20241228" --threads 8 --report "/scratch/users/k24087895/final_project/metagenome_analysis/zymobiomics_folder/results/runs/run_2603_1231/reports/ZC2_S5.k2report"                --report-minimizer-data --paired --minimum-hit-groups 2 --gzip-compressed                --classified-out "/scratch/users/k24087895/final_project/metagenome_analysis/zymobiomics_folder/processed_data/metagenomic/classified/ZC2_S5_classified#.fastq" --unclassified-out "/scratch/users/k24087895/final_project/metagenome_analysis/zymobiomics_folder/processed_data/metagenomic/unclassified/ZC2_S5_unclassified#.fastq"                "/scratch/users/k24087895/final_project/metagenome_analysis/zymobiomics_folder/processed_data/metagenomic/filtered_fastq/ZC2_S5_metagenomic.1.gz" "/scratch/users/k24087895/final_project/metagenome_analysis/zymobiomics_folder/processed_data/metagenomic/filtered_fastq/ZC2_S5_metagenomic.2.gz"                --output "/scratch/users/k24087895/final_project/metagenome_analysis/zymobiomics_folder/processed_data/metagenomic/kraken2/ZC2_S5.kraken2" --use-names 2>&1
Loading database information... done.
294096 sequences (40.22 Mbp) processed in 1.106s (15953.3 Kseq/m, 2181.56 Mbp/m).
  126706 sequences classified (43.08%)
  167390 sequences unclassified (56.92%)
✅ Classification complete.

Estimating species abundance with Bracken...
 >> Checking for Valid Options...
 >> Running Bracken 
      >> python src/est_abundance.py -i /scratch/users/k24087895/final_project/metagenome_analysis/zymobiomics_folder/results/runs/run_2603_1231/reports/ZC2_S5.k2report -o /scratch/users/k24087895/final_project/metagenome_analysis/zymobiomics_folder/processed_data/metagenomic/bracken/ZC2_S5.bracken -k /scratch/users/k24087895/final_project/metagenome_analysis/data/databases/k2_standard_08gb_20241228/database100mers.kmer_distrib -l S -t 10
>> Checking report file: /scratch/users/k24087895/final_project/metagenome_analysis/zymobiomics_folder/results/runs/run_2603_1231/reports/ZC2_S5.k2report
PROGRAM START TIME: 03-26-2025 12:32:35
BRACKEN SUMMARY (Kraken report: /scratch/users/k24087895/final_project/metagenome_analysis/zymobiomics_folder/results/runs/run_2603_1231/reports/ZC2_S5.k2report)
    >>> Threshold: 10 
    >>> Number of species in sample: 164 
	  >> Number of species with reads > threshold: 16 
	  >> Number of species with reads < threshold: 148 
    >>> Total reads in sample: 294096
	  >> Total reads kept at species level (reads > threshold): 29438
	  >> Total reads discarded (species reads < threshold): 278
	  >> Reads distributed: 96944
	  >> Reads not distributed (eg. no species above threshold): 46
	  >> Unclassified reads: 167390
BRACKEN OUTPUT PRODUCED: /scratch/users/k24087895/final_project/metagenome_analysis/zymobiomics_folder/processed_data/metagenomic/bracken/ZC2_S5.bracken
PROGRAM END TIME: 03-26-2025 12:32:36
  Bracken complete.
✅ Abundance estimated.

Generating Krona visualization...
Writing /scratch/users/k24087895/final_project/metagenome_analysis/zymobiomics_folder/results/runs/run_2603_1231/krona/ZC2_S5.krona.html...
✅ Krona plot generated.

Processing sample: ZC3_S6

Classifying metagenomic reads with Kraken2...
kraken2 --db "/scratch/users/k24087895/final_project/metagenome_analysis/data/databases/k2_standard_08gb_20241228" --threads 8 --report "/scratch/users/k24087895/final_project/metagenome_analysis/zymobiomics_folder/results/runs/run_2603_1231/reports/ZC3_S6.k2report"                --report-minimizer-data --paired --minimum-hit-groups 2 --gzip-compressed                --classified-out "/scratch/users/k24087895/final_project/metagenome_analysis/zymobiomics_folder/processed_data/metagenomic/classified/ZC3_S6_classified#.fastq" --unclassified-out "/scratch/users/k24087895/final_project/metagenome_analysis/zymobiomics_folder/processed_data/metagenomic/unclassified/ZC3_S6_unclassified#.fastq"                "/scratch/users/k24087895/final_project/metagenome_analysis/zymobiomics_folder/processed_data/metagenomic/filtered_fastq/ZC3_S6_metagenomic.1.gz" "/scratch/users/k24087895/final_project/metagenome_analysis/zymobiomics_folder/processed_data/metagenomic/filtered_fastq/ZC3_S6_metagenomic.2.gz"                --output "/scratch/users/k24087895/final_project/metagenome_analysis/zymobiomics_folder/processed_data/metagenomic/kraken2/ZC3_S6.kraken2" --use-names 2>&1
Loading database information... done.
297184 sequences (44.56 Mbp) processed in 1.155s (15438.9 Kseq/m, 2314.99 Mbp/m).
  138673 sequences classified (46.66%)
  158511 sequences unclassified (53.34%)
✅ Classification complete.

Estimating species abundance with Bracken...
 >> Checking for Valid Options...
 >> Running Bracken 
      >> python src/est_abundance.py -i /scratch/users/k24087895/final_project/metagenome_analysis/zymobiomics_folder/results/runs/run_2603_1231/reports/ZC3_S6.k2report -o /scratch/users/k24087895/final_project/metagenome_analysis/zymobiomics_folder/processed_data/metagenomic/bracken/ZC3_S6.bracken -k /scratch/users/k24087895/final_project/metagenome_analysis/data/databases/k2_standard_08gb_20241228/database100mers.kmer_distrib -l S -t 10
>> Checking report file: /scratch/users/k24087895/final_project/metagenome_analysis/zymobiomics_folder/results/runs/run_2603_1231/reports/ZC3_S6.k2report
PROGRAM START TIME: 03-26-2025 12:32:43
BRACKEN SUMMARY (Kraken report: /scratch/users/k24087895/final_project/metagenome_analysis/zymobiomics_folder/results/runs/run_2603_1231/reports/ZC3_S6.k2report)
    >>> Threshold: 10 
    >>> Number of species in sample: 173 
	  >> Number of species with reads > threshold: 24 
	  >> Number of species with reads < threshold: 149 
    >>> Total reads in sample: 297184
	  >> Total reads kept at species level (reads > threshold): 35490
	  >> Total reads discarded (species reads < threshold): 242
	  >> Reads distributed: 102897
	  >> Reads not distributed (eg. no species above threshold): 44
	  >> Unclassified reads: 158511
BRACKEN OUTPUT PRODUCED: /scratch/users/k24087895/final_project/metagenome_analysis/zymobiomics_folder/processed_data/metagenomic/bracken/ZC3_S6.bracken
PROGRAM END TIME: 03-26-2025 12:32:43
  Bracken complete.
✅ Abundance estimated.

Generating Krona visualization...
Writing /scratch/users/k24087895/final_project/metagenome_analysis/zymobiomics_folder/results/runs/run_2603_1231/krona/ZC3_S6.krona.html...
✅ Krona plot generated.

Processing sample: ZC4_S7

Classifying metagenomic reads with Kraken2...
kraken2 --db "/scratch/users/k24087895/final_project/metagenome_analysis/data/databases/k2_standard_08gb_20241228" --threads 8 --report "/scratch/users/k24087895/final_project/metagenome_analysis/zymobiomics_folder/results/runs/run_2603_1231/reports/ZC4_S7.k2report"                --report-minimizer-data --paired --minimum-hit-groups 2 --gzip-compressed                --classified-out "/scratch/users/k24087895/final_project/metagenome_analysis/zymobiomics_folder/processed_data/metagenomic/classified/ZC4_S7_classified#.fastq" --unclassified-out "/scratch/users/k24087895/final_project/metagenome_analysis/zymobiomics_folder/processed_data/metagenomic/unclassified/ZC4_S7_unclassified#.fastq"                "/scratch/users/k24087895/final_project/metagenome_analysis/zymobiomics_folder/processed_data/metagenomic/filtered_fastq/ZC4_S7_metagenomic.1.gz" "/scratch/users/k24087895/final_project/metagenome_analysis/zymobiomics_folder/processed_data/metagenomic/filtered_fastq/ZC4_S7_metagenomic.2.gz"                --output "/scratch/users/k24087895/final_project/metagenome_analysis/zymobiomics_folder/processed_data/metagenomic/kraken2/ZC4_S7.kraken2" --use-names 2>&1
Loading database information... done.
264206 sequences (36.78 Mbp) processed in 0.981s (16153.3 Kseq/m, 2248.49 Mbp/m).
  113081 sequences classified (42.80%)
  151125 sequences unclassified (57.20%)
✅ Classification complete.

Estimating species abundance with Bracken...
 >> Checking for Valid Options...
 >> Running Bracken 
      >> python src/est_abundance.py -i /scratch/users/k24087895/final_project/metagenome_analysis/zymobiomics_folder/results/runs/run_2603_1231/reports/ZC4_S7.k2report -o /scratch/users/k24087895/final_project/metagenome_analysis/zymobiomics_folder/processed_data/metagenomic/bracken/ZC4_S7.bracken -k /scratch/users/k24087895/final_project/metagenome_analysis/data/databases/k2_standard_08gb_20241228/database100mers.kmer_distrib -l S -t 10
>> Checking report file: /scratch/users/k24087895/final_project/metagenome_analysis/zymobiomics_folder/results/runs/run_2603_1231/reports/ZC4_S7.k2report
PROGRAM START TIME: 03-26-2025 12:32:50
BRACKEN SUMMARY (Kraken report: /scratch/users/k24087895/final_project/metagenome_analysis/zymobiomics_folder/results/runs/run_2603_1231/reports/ZC4_S7.k2report)
    >>> Threshold: 10 
    >>> Number of species in sample: 148 
	  >> Number of species with reads > threshold: 16 
	  >> Number of species with reads < threshold: 132 
    >>> Total reads in sample: 264206
	  >> Total reads kept at species level (reads > threshold): 29729
	  >> Total reads discarded (species reads < threshold): 239
	  >> Reads distributed: 83083
	  >> Reads not distributed (eg. no species above threshold): 30
	  >> Unclassified reads: 151125
BRACKEN OUTPUT PRODUCED: /scratch/users/k24087895/final_project/metagenome_analysis/zymobiomics_folder/processed_data/metagenomic/bracken/ZC4_S7.bracken
PROGRAM END TIME: 03-26-2025 12:32:50
  Bracken complete.
✅ Abundance estimated.

Generating Krona visualization...
Writing /scratch/users/k24087895/final_project/metagenome_analysis/zymobiomics_folder/results/runs/run_2603_1231/krona/ZC4_S7.krona.html...
✅ Krona plot generated.

Processing sample: ZP1_S20

Classifying metagenomic reads with Kraken2...
kraken2 --db "/scratch/users/k24087895/final_project/metagenome_analysis/data/databases/k2_standard_08gb_20241228" --threads 8 --report "/scratch/users/k24087895/final_project/metagenome_analysis/zymobiomics_folder/results/runs/run_2603_1231/reports/ZP1_S20.k2report"                --report-minimizer-data --paired --minimum-hit-groups 2 --gzip-compressed                --classified-out "/scratch/users/k24087895/final_project/metagenome_analysis/zymobiomics_folder/processed_data/metagenomic/classified/ZP1_S20_classified#.fastq" --unclassified-out "/scratch/users/k24087895/final_project/metagenome_analysis/zymobiomics_folder/processed_data/metagenomic/unclassified/ZP1_S20_unclassified#.fastq"                "/scratch/users/k24087895/final_project/metagenome_analysis/zymobiomics_folder/processed_data/metagenomic/filtered_fastq/ZP1_S20_metagenomic.1.gz" "/scratch/users/k24087895/final_project/metagenome_analysis/zymobiomics_folder/processed_data/metagenomic/filtered_fastq/ZP1_S20_metagenomic.2.gz"                --output "/scratch/users/k24087895/final_project/metagenome_analysis/zymobiomics_folder/processed_data/metagenomic/kraken2/ZP1_S20.kraken2" --use-names 2>&1
Loading database information... done.
320064 sequences (48.30 Mbp) processed in 1.305s (14714.6 Kseq/m, 2220.40 Mbp/m).
  159981 sequences classified (49.98%)
  160083 sequences unclassified (50.02%)
✅ Classification complete.

Estimating species abundance with Bracken...
 >> Checking for Valid Options...
 >> Running Bracken 
      >> python src/est_abundance.py -i /scratch/users/k24087895/final_project/metagenome_analysis/zymobiomics_folder/results/runs/run_2603_1231/reports/ZP1_S20.k2report -o /scratch/users/k24087895/final_project/metagenome_analysis/zymobiomics_folder/processed_data/metagenomic/bracken/ZP1_S20.bracken -k /scratch/users/k24087895/final_project/metagenome_analysis/data/databases/k2_standard_08gb_20241228/database100mers.kmer_distrib -l S -t 10
>> Checking report file: /scratch/users/k24087895/final_project/metagenome_analysis/zymobiomics_folder/results/runs/run_2603_1231/reports/ZP1_S20.k2report
PROGRAM START TIME: 03-26-2025 12:32:57
BRACKEN SUMMARY (Kraken report: /scratch/users/k24087895/final_project/metagenome_analysis/zymobiomics_folder/results/runs/run_2603_1231/reports/ZP1_S20.k2report)
    >>> Threshold: 10 
    >>> Number of species in sample: 164 
	  >> Number of species with reads > threshold: 22 
	  >> Number of species with reads < threshold: 142 
    >>> Total reads in sample: 320064
	  >> Total reads kept at species level (reads > threshold): 41693
	  >> Total reads discarded (species reads < threshold): 238
	  >> Reads distributed: 118005
	  >> Reads not distributed (eg. no species above threshold): 45
	  >> Unclassified reads: 160083
BRACKEN OUTPUT PRODUCED: /scratch/users/k24087895/final_project/metagenome_analysis/zymobiomics_folder/processed_data/metagenomic/bracken/ZP1_S20.bracken
PROGRAM END TIME: 03-26-2025 12:32:57
  Bracken complete.
✅ Abundance estimated.

Generating Krona visualization...
Writing /scratch/users/k24087895/final_project/metagenome_analysis/zymobiomics_folder/results/runs/run_2603_1231/krona/ZP1_S20.krona.html...
✅ Krona plot generated.

Processing sample: ZP2_S21

Classifying metagenomic reads with Kraken2...
kraken2 --db "/scratch/users/k24087895/final_project/metagenome_analysis/data/databases/k2_standard_08gb_20241228" --threads 8 --report "/scratch/users/k24087895/final_project/metagenome_analysis/zymobiomics_folder/results/runs/run_2603_1231/reports/ZP2_S21.k2report"                --report-minimizer-data --paired --minimum-hit-groups 2 --gzip-compressed                --classified-out "/scratch/users/k24087895/final_project/metagenome_analysis/zymobiomics_folder/processed_data/metagenomic/classified/ZP2_S21_classified#.fastq" --unclassified-out "/scratch/users/k24087895/final_project/metagenome_analysis/zymobiomics_folder/processed_data/metagenomic/unclassified/ZP2_S21_unclassified#.fastq"                "/scratch/users/k24087895/final_project/metagenome_analysis/zymobiomics_folder/processed_data/metagenomic/filtered_fastq/ZP2_S21_metagenomic.1.gz" "/scratch/users/k24087895/final_project/metagenome_analysis/zymobiomics_folder/processed_data/metagenomic/filtered_fastq/ZP2_S21_metagenomic.2.gz"                --output "/scratch/users/k24087895/final_project/metagenome_analysis/zymobiomics_folder/processed_data/metagenomic/kraken2/ZP2_S21.kraken2" --use-names 2>&1
Loading database information... done.
319707 sequences (44.89 Mbp) processed in 1.199s (16004.1 Kseq/m, 2247.37 Mbp/m).
  144474 sequences classified (45.19%)
  175233 sequences unclassified (54.81%)
✅ Classification complete.

Estimating species abundance with Bracken...
 >> Checking for Valid Options...
 >> Running Bracken 
      >> python src/est_abundance.py -i /scratch/users/k24087895/final_project/metagenome_analysis/zymobiomics_folder/results/runs/run_2603_1231/reports/ZP2_S21.k2report -o /scratch/users/k24087895/final_project/metagenome_analysis/zymobiomics_folder/processed_data/metagenomic/bracken/ZP2_S21.bracken -k /scratch/users/k24087895/final_project/metagenome_analysis/data/databases/k2_standard_08gb_20241228/database100mers.kmer_distrib -l S -t 10
>> Checking report file: /scratch/users/k24087895/final_project/metagenome_analysis/zymobiomics_folder/results/runs/run_2603_1231/reports/ZP2_S21.k2report
PROGRAM START TIME: 03-26-2025 12:33:04
BRACKEN SUMMARY (Kraken report: /scratch/users/k24087895/final_project/metagenome_analysis/zymobiomics_folder/results/runs/run_2603_1231/reports/ZP2_S21.k2report)
    >>> Threshold: 10 
    >>> Number of species in sample: 154 
	  >> Number of species with reads > threshold: 17 
	  >> Number of species with reads < threshold: 137 
    >>> Total reads in sample: 319707
	  >> Total reads kept at species level (reads > threshold): 36946
	  >> Total reads discarded (species reads < threshold): 268
	  >> Reads distributed: 107211
	  >> Reads not distributed (eg. no species above threshold): 49
	  >> Unclassified reads: 175233
BRACKEN OUTPUT PRODUCED: /scratch/users/k24087895/final_project/metagenome_analysis/zymobiomics_folder/processed_data/metagenomic/bracken/ZP2_S21.bracken
PROGRAM END TIME: 03-26-2025 12:33:04
  Bracken complete.
✅ Abundance estimated.

Generating Krona visualization...
Writing /scratch/users/k24087895/final_project/metagenome_analysis/zymobiomics_folder/results/runs/run_2603_1231/krona/ZP2_S21.krona.html...
✅ Krona plot generated.

Processing sample: ZP3_S22

Classifying metagenomic reads with Kraken2...
kraken2 --db "/scratch/users/k24087895/final_project/metagenome_analysis/data/databases/k2_standard_08gb_20241228" --threads 8 --report "/scratch/users/k24087895/final_project/metagenome_analysis/zymobiomics_folder/results/runs/run_2603_1231/reports/ZP3_S22.k2report"                --report-minimizer-data --paired --minimum-hit-groups 2 --gzip-compressed                --classified-out "/scratch/users/k24087895/final_project/metagenome_analysis/zymobiomics_folder/processed_data/metagenomic/classified/ZP3_S22_classified#.fastq" --unclassified-out "/scratch/users/k24087895/final_project/metagenome_analysis/zymobiomics_folder/processed_data/metagenomic/unclassified/ZP3_S22_unclassified#.fastq"                "/scratch/users/k24087895/final_project/metagenome_analysis/zymobiomics_folder/processed_data/metagenomic/filtered_fastq/ZP3_S22_metagenomic.1.gz" "/scratch/users/k24087895/final_project/metagenome_analysis/zymobiomics_folder/processed_data/metagenomic/filtered_fastq/ZP3_S22_metagenomic.2.gz"                --output "/scratch/users/k24087895/final_project/metagenome_analysis/zymobiomics_folder/processed_data/metagenomic/kraken2/ZP3_S22.kraken2" --use-names 2>&1
Loading database information... done.
358997 sequences (49.29 Mbp) processed in 1.303s (16530.4 Kseq/m, 2269.68 Mbp/m).
  158496 sequences classified (44.15%)
  200501 sequences unclassified (55.85%)
✅ Classification complete.

Estimating species abundance with Bracken...
 >> Checking for Valid Options...
 >> Running Bracken 
      >> python src/est_abundance.py -i /scratch/users/k24087895/final_project/metagenome_analysis/zymobiomics_folder/results/runs/run_2603_1231/reports/ZP3_S22.k2report -o /scratch/users/k24087895/final_project/metagenome_analysis/zymobiomics_folder/processed_data/metagenomic/bracken/ZP3_S22.bracken -k /scratch/users/k24087895/final_project/metagenome_analysis/data/databases/k2_standard_08gb_20241228/database100mers.kmer_distrib -l S -t 10
>> Checking report file: /scratch/users/k24087895/final_project/metagenome_analysis/zymobiomics_folder/results/runs/run_2603_1231/reports/ZP3_S22.k2report
PROGRAM START TIME: 03-26-2025 12:33:12
BRACKEN SUMMARY (Kraken report: /scratch/users/k24087895/final_project/metagenome_analysis/zymobiomics_folder/results/runs/run_2603_1231/reports/ZP3_S22.k2report)
    >>> Threshold: 10 
    >>> Number of species in sample: 163 
	  >> Number of species with reads > threshold: 16 
	  >> Number of species with reads < threshold: 147 
    >>> Total reads in sample: 358997
	  >> Total reads kept at species level (reads > threshold): 40346
	  >> Total reads discarded (species reads < threshold): 284
	  >> Reads distributed: 117819
	  >> Reads not distributed (eg. no species above threshold): 47
	  >> Unclassified reads: 200501
BRACKEN OUTPUT PRODUCED: /scratch/users/k24087895/final_project/metagenome_analysis/zymobiomics_folder/processed_data/metagenomic/bracken/ZP3_S22.bracken
PROGRAM END TIME: 03-26-2025 12:33:12
  Bracken complete.
✅ Abundance estimated.

Generating Krona visualization...
Writing /scratch/users/k24087895/final_project/metagenome_analysis/zymobiomics_folder/results/runs/run_2603_1231/krona/ZP3_S22.krona.html...
✅ Krona plot generated.

Metagenomic classification completed in: 00:01:13

================================================= METAGENOMIC DIVERSITY ANALYSIS =================================================
Calculating alpha and beta diversity...
✅ Alpha diversity calculated for all samples.
null device 
          1 
Heatmap saved to: /scratch/users/k24087895/final_project/metagenome_analysis/zymobiomics_folder/results/runs/run_2603_1231/diversity/beta_diversity_heatmap.png 
✅ Beta diversity heatmap generated.

==================================================== TOTAL READ EXTRACTION ====================================================
✅ Total read counts saved to: /scratch/users/k24087895/final_project/metagenome_analysis/zymobiomics_folder/processed_data/metagenomic/total_reads.csv

✅ Pipeline completed successfully.
