
================================================= ARGUMENT PARSING & VALIDATION =================================================

⚠️  Trimming and host DNA removal are optional but must be done once; if skipped, ensure trimmed and filtered files exist in the correct directories.\n
===== Pipeline Configuration Summary =====
Raw FASTQ directory path: /scratch/users/k24087895/final_project/zymobiomics_folder/raw_data
Kraken2/Bracken Database: /scratch/users/k24087895/final_project/data/databases/k2_eupathdb48_20230407
Ground Truth: /scratch/users/k24087895/final_project/zymobiomics_folder/raw_data/ground_truth.csv ✅
Quality Control & Trimming: Disabled ❌
Host DNA Removal: Disabled ❌

================================================= CONDA ENVIRONMENT ACTIVATION ==================================================

✅ 'metagenomics' environment activated successfully.

====================================================== PROJECT STRUCTURE ======================================================

/scratch/users/k24087895/final_project/zymobiomics_folder
├── processed_data
│   ├── human
│   │   ├── aligned_sam
│   │   ├── bed_files
│   │   └── sorted_bam
│   ├── metagenomic
│   │   ├── bracken
│   │   ├── classified
│   │   ├── filtered_fastq
│   │   ├── kraken2
│   │   └── unclassified
│   └── trimmed
│       ├── paired
│       └── unpaired
├── raw_data
└── results
    ├── fastqc
    │   ├── post_trimming
    │   └── pre_trimming
    ├── host_dna_analysis
    └── runs
        ├── run_0806_2227
        ├── run_0806_2325
        ├── run_0806_2336
        ├── run_2005_1637
        ├── run_2005_1655
        ├── run_2005_1658
        ├── run_2005_1706
        ├── run_2005_1730
        ├── run_2005_1744
        ├── run_2105_1617
        ├── run_2105_1632
        ├── run_2105_1640
        ├── run_2105_1653
        ├── run_2105_1700
        ├── run_2105_1708
        ├── run_2105_1713
        ├── run_2105_1722
        ├── run_2205_1556
        ├── run_2205_1603
        ├── run_2205_1608
        ├── run_2205_1648
        ├── run_2205_1702
        ├── run_2205_1708
        ├── run_2205_1718
        ├── run_2205_1725
        ├── run_2305_1437
        ├── run_2305_1444
        ├── run_2305_1459
        ├── run_2305_1505
        ├── run_2305_1511
        ├── run_2305_1526
        ├── run_2305_1536
        ├── run_2305_1550
        ├── run_2305_1554
        ├── run_2305_1611
        ├── run_2505_2018
        ├── run_2705_1328
        ├── run_2705_1329
        ├── run_2705_1331
        ├── run_2705_1332
        ├── run_2705_1340
        ├── run_2705_1405
        ├── run_2705_1605
        ├── run_2705_1631
        ├── run_2705_1633
        ├── run_2705_1659
        ├── run_2705_1708
        ├── run_2705_1719
        ├── run_2705_1731
        ├── run_2705_1741
        ├── run_2705_1750
        └── run_2705_1800

73 directories
Human DNA-related files (SAM, BAM, and BED) in the 'human' directory are created once per sub-project and remain unchanged across runs.
Intermediate metagenomic files in the 'metagenomic' directory are overwritten with each run and should be inspected beforehand if desired.
Results are stored in the 'results' directory (including FastQC, host DNA analysis, and run-specific results like Kraken2 and Bracken).

================================================= METAGENOMIC ABUNDANCE ESTIMATION =================================================
⚠️  This step assumes reads have already been trimmed with Trimmomatic and host DNA removed with Bowtie2. Processed reads must be in the correct directory.

Processing sample: ZC1_S4

Classifying metagenomic reads with Kraken2...
kraken2 --db "/scratch/users/k24087895/final_project/data/databases/k2_eupathdb48_20230407" --threads 8 --report "/scratch/users/k24087895/final_project/zymobiomics_folder/results/runs/run_0806_2336/reports/ZC1_S4.k2report" 		--report-minimizer-data --paired --minimum-hit-groups 1 		--classified-out "/scratch/users/k24087895/final_project/zymobiomics_folder/processed_data/metagenomic/classified/ZC1_S4_classified#.fastq" --unclassified-out "/scratch/users/k24087895/final_project/zymobiomics_folder/processed_data/metagenomic/unclassified/ZC1_S4_unclassified#.fastq" 		--output "/scratch/users/k24087895/final_project/zymobiomics_folder/processed_data/metagenomic/kraken2/ZC1_S4.kraken2" --use-names "/scratch/users/k24087895/final_project/zymobiomics_folder/processed_data/metagenomic/filtered_fastq/ZC1_S4_metagenomic.1" "/scratch/users/k24087895/final_project/zymobiomics_folder/processed_data/metagenomic/filtered_fastq/ZC1_S4_metagenomic.2" 2>&1
Loading database information... done.
287710 sequences (51.71 Mbp) processed in 1.980s (8716.5 Kseq/m, 1566.63 Mbp/m).
  15167 sequences classified (5.27%)
  272543 sequences unclassified (94.73%)
✅  Classification complete.

Estimating species abundance with Bracken...
 >> Checking for Valid Options...
 >> Running Bracken 
      >> python src/est_abundance.py -i /scratch/users/k24087895/final_project/zymobiomics_folder/results/runs/run_0806_2336/reports/ZC1_S4.k2report -o /scratch/users/k24087895/final_project/zymobiomics_folder/processed_data/metagenomic/bracken/ZC1_S4.bracken -k /scratch/users/k24087895/final_project/data/databases/k2_eupathdb48_20230407/database100mers.kmer_distrib -l S -t 5
>> Checking report file: /scratch/users/k24087895/final_project/zymobiomics_folder/results/runs/run_0806_2336/reports/ZC1_S4.k2report
PROGRAM START TIME: 06-08-2025 22:36:43
BRACKEN SUMMARY (Kraken report: /scratch/users/k24087895/final_project/zymobiomics_folder/results/runs/run_0806_2336/reports/ZC1_S4.k2report)
    >>> Threshold: 5 
    >>> Number of species in sample: 206 
	  >> Number of species with reads > threshold: 87 
	  >> Number of species with reads < threshold: 119 
    >>> Total reads in sample: 287710
	  >> Total reads kept at species level (reads > threshold): 14604
	  >> Total reads discarded (species reads < threshold): 252
	  >> Reads distributed: 288
	  >> Reads not distributed (eg. no species above threshold): 23
	  >> Unclassified reads: 272543
BRACKEN OUTPUT PRODUCED: /scratch/users/k24087895/final_project/zymobiomics_folder/processed_data/metagenomic/bracken/ZC1_S4.bracken
PROGRAM END TIME: 06-08-2025 22:36:43
  Bracken complete.
✅  Abundance estimated.

Generating Krona visualization...
Writing /scratch/users/k24087895/final_project/zymobiomics_folder/results/runs/run_0806_2336/krona/ZC1_S4.krona.html...
✅  Krona plot generated.

Processing sample: ZC2_S5

Classifying metagenomic reads with Kraken2...
kraken2 --db "/scratch/users/k24087895/final_project/data/databases/k2_eupathdb48_20230407" --threads 8 --report "/scratch/users/k24087895/final_project/zymobiomics_folder/results/runs/run_0806_2336/reports/ZC2_S5.k2report" 		--report-minimizer-data --paired --minimum-hit-groups 1 		--classified-out "/scratch/users/k24087895/final_project/zymobiomics_folder/processed_data/metagenomic/classified/ZC2_S5_classified#.fastq" --unclassified-out "/scratch/users/k24087895/final_project/zymobiomics_folder/processed_data/metagenomic/unclassified/ZC2_S5_unclassified#.fastq" 		--output "/scratch/users/k24087895/final_project/zymobiomics_folder/processed_data/metagenomic/kraken2/ZC2_S5.kraken2" --use-names "/scratch/users/k24087895/final_project/zymobiomics_folder/processed_data/metagenomic/filtered_fastq/ZC2_S5_metagenomic.1" "/scratch/users/k24087895/final_project/zymobiomics_folder/processed_data/metagenomic/filtered_fastq/ZC2_S5_metagenomic.2" 2>&1
Loading database information... done.
267582 sequences (38.37 Mbp) processed in 1.481s (10838.4 Kseq/m, 1554.06 Mbp/m).
  13677 sequences classified (5.11%)
  253905 sequences unclassified (94.89%)
✅  Classification complete.

Estimating species abundance with Bracken...
 >> Checking for Valid Options...
 >> Running Bracken 
      >> python src/est_abundance.py -i /scratch/users/k24087895/final_project/zymobiomics_folder/results/runs/run_0806_2336/reports/ZC2_S5.k2report -o /scratch/users/k24087895/final_project/zymobiomics_folder/processed_data/metagenomic/bracken/ZC2_S5.bracken -k /scratch/users/k24087895/final_project/data/databases/k2_eupathdb48_20230407/database100mers.kmer_distrib -l S -t 5
>> Checking report file: /scratch/users/k24087895/final_project/zymobiomics_folder/results/runs/run_0806_2336/reports/ZC2_S5.k2report
PROGRAM START TIME: 06-08-2025 22:36:59
BRACKEN SUMMARY (Kraken report: /scratch/users/k24087895/final_project/zymobiomics_folder/results/runs/run_0806_2336/reports/ZC2_S5.k2report)
    >>> Threshold: 5 
    >>> Number of species in sample: 189 
	  >> Number of species with reads > threshold: 65 
	  >> Number of species with reads < threshold: 124 
    >>> Total reads in sample: 267582
	  >> Total reads kept at species level (reads > threshold): 13110
	  >> Total reads discarded (species reads < threshold): 284
	  >> Reads distributed: 269
	  >> Reads not distributed (eg. no species above threshold): 14
	  >> Unclassified reads: 253905
BRACKEN OUTPUT PRODUCED: /scratch/users/k24087895/final_project/zymobiomics_folder/processed_data/metagenomic/bracken/ZC2_S5.bracken
PROGRAM END TIME: 06-08-2025 22:36:59
  Bracken complete.
✅  Abundance estimated.

Generating Krona visualization...
Writing /scratch/users/k24087895/final_project/zymobiomics_folder/results/runs/run_0806_2336/krona/ZC2_S5.krona.html...
✅  Krona plot generated.

Processing sample: ZC3_S6

Classifying metagenomic reads with Kraken2...
kraken2 --db "/scratch/users/k24087895/final_project/data/databases/k2_eupathdb48_20230407" --threads 8 --report "/scratch/users/k24087895/final_project/zymobiomics_folder/results/runs/run_0806_2336/reports/ZC3_S6.k2report" 		--report-minimizer-data --paired --minimum-hit-groups 1 		--classified-out "/scratch/users/k24087895/final_project/zymobiomics_folder/processed_data/metagenomic/classified/ZC3_S6_classified#.fastq" --unclassified-out "/scratch/users/k24087895/final_project/zymobiomics_folder/processed_data/metagenomic/unclassified/ZC3_S6_unclassified#.fastq" 		--output "/scratch/users/k24087895/final_project/zymobiomics_folder/processed_data/metagenomic/kraken2/ZC3_S6.kraken2" --use-names "/scratch/users/k24087895/final_project/zymobiomics_folder/processed_data/metagenomic/filtered_fastq/ZC3_S6_metagenomic.1" "/scratch/users/k24087895/final_project/zymobiomics_folder/processed_data/metagenomic/filtered_fastq/ZC3_S6_metagenomic.2" 2>&1
Loading database information... done.
273941 sequences (42.88 Mbp) processed in 1.765s (9314.6 Kseq/m, 1457.85 Mbp/m).
  16169 sequences classified (5.90%)
  257772 sequences unclassified (94.10%)
✅  Classification complete.

Estimating species abundance with Bracken...
 >> Checking for Valid Options...
 >> Running Bracken 
      >> python src/est_abundance.py -i /scratch/users/k24087895/final_project/zymobiomics_folder/results/runs/run_0806_2336/reports/ZC3_S6.k2report -o /scratch/users/k24087895/final_project/zymobiomics_folder/processed_data/metagenomic/bracken/ZC3_S6.bracken -k /scratch/users/k24087895/final_project/data/databases/k2_eupathdb48_20230407/database100mers.kmer_distrib -l S -t 5
>> Checking report file: /scratch/users/k24087895/final_project/zymobiomics_folder/results/runs/run_0806_2336/reports/ZC3_S6.k2report
PROGRAM START TIME: 06-08-2025 22:37:15
BRACKEN SUMMARY (Kraken report: /scratch/users/k24087895/final_project/zymobiomics_folder/results/runs/run_0806_2336/reports/ZC3_S6.k2report)
    >>> Threshold: 5 
    >>> Number of species in sample: 188 
	  >> Number of species with reads > threshold: 66 
	  >> Number of species with reads < threshold: 122 
    >>> Total reads in sample: 273941
	  >> Total reads kept at species level (reads > threshold): 15575
	  >> Total reads discarded (species reads < threshold): 274
	  >> Reads distributed: 299
	  >> Reads not distributed (eg. no species above threshold): 21
	  >> Unclassified reads: 257772
BRACKEN OUTPUT PRODUCED: /scratch/users/k24087895/final_project/zymobiomics_folder/processed_data/metagenomic/bracken/ZC3_S6.bracken
PROGRAM END TIME: 06-08-2025 22:37:15
  Bracken complete.
✅  Abundance estimated.

Generating Krona visualization...
Writing /scratch/users/k24087895/final_project/zymobiomics_folder/results/runs/run_0806_2336/krona/ZC3_S6.krona.html...
✅  Krona plot generated.

Processing sample: ZC4_S7

Classifying metagenomic reads with Kraken2...
kraken2 --db "/scratch/users/k24087895/final_project/data/databases/k2_eupathdb48_20230407" --threads 8 --report "/scratch/users/k24087895/final_project/zymobiomics_folder/results/runs/run_0806_2336/reports/ZC4_S7.k2report" 		--report-minimizer-data --paired --minimum-hit-groups 1 		--classified-out "/scratch/users/k24087895/final_project/zymobiomics_folder/processed_data/metagenomic/classified/ZC4_S7_classified#.fastq" --unclassified-out "/scratch/users/k24087895/final_project/zymobiomics_folder/processed_data/metagenomic/unclassified/ZC4_S7_unclassified#.fastq" 		--output "/scratch/users/k24087895/final_project/zymobiomics_folder/processed_data/metagenomic/kraken2/ZC4_S7.kraken2" --use-names "/scratch/users/k24087895/final_project/zymobiomics_folder/processed_data/metagenomic/filtered_fastq/ZC4_S7_metagenomic.1" "/scratch/users/k24087895/final_project/zymobiomics_folder/processed_data/metagenomic/filtered_fastq/ZC4_S7_metagenomic.2" 2>&1
Loading database information... done.
238874 sequences (35.00 Mbp) processed in 1.525s (9399.9 Kseq/m, 1377.38 Mbp/m).
  12357 sequences classified (5.17%)
  226517 sequences unclassified (94.83%)
✅  Classification complete.

Estimating species abundance with Bracken...
 >> Checking for Valid Options...
 >> Running Bracken 
      >> python src/est_abundance.py -i /scratch/users/k24087895/final_project/zymobiomics_folder/results/runs/run_0806_2336/reports/ZC4_S7.k2report -o /scratch/users/k24087895/final_project/zymobiomics_folder/processed_data/metagenomic/bracken/ZC4_S7.bracken -k /scratch/users/k24087895/final_project/data/databases/k2_eupathdb48_20230407/database100mers.kmer_distrib -l S -t 5
>> Checking report file: /scratch/users/k24087895/final_project/zymobiomics_folder/results/runs/run_0806_2336/reports/ZC4_S7.k2report
PROGRAM START TIME: 06-08-2025 22:37:31
BRACKEN SUMMARY (Kraken report: /scratch/users/k24087895/final_project/zymobiomics_folder/results/runs/run_0806_2336/reports/ZC4_S7.k2report)
    >>> Threshold: 5 
    >>> Number of species in sample: 183 
	  >> Number of species with reads > threshold: 52 
	  >> Number of species with reads < threshold: 131 
    >>> Total reads in sample: 238874
	  >> Total reads kept at species level (reads > threshold): 11814
	  >> Total reads discarded (species reads < threshold): 292
	  >> Reads distributed: 216
	  >> Reads not distributed (eg. no species above threshold): 35
	  >> Unclassified reads: 226517
BRACKEN OUTPUT PRODUCED: /scratch/users/k24087895/final_project/zymobiomics_folder/processed_data/metagenomic/bracken/ZC4_S7.bracken
PROGRAM END TIME: 06-08-2025 22:37:31
  Bracken complete.
✅  Abundance estimated.

Generating Krona visualization...
Writing /scratch/users/k24087895/final_project/zymobiomics_folder/results/runs/run_0806_2336/krona/ZC4_S7.krona.html...
✅  Krona plot generated.

Processing sample: ZP1_S20

Classifying metagenomic reads with Kraken2...
kraken2 --db "/scratch/users/k24087895/final_project/data/databases/k2_eupathdb48_20230407" --threads 8 --report "/scratch/users/k24087895/final_project/zymobiomics_folder/results/runs/run_0806_2336/reports/ZP1_S20.k2report" 		--report-minimizer-data --paired --minimum-hit-groups 1 		--classified-out "/scratch/users/k24087895/final_project/zymobiomics_folder/processed_data/metagenomic/classified/ZP1_S20_classified#.fastq" --unclassified-out "/scratch/users/k24087895/final_project/zymobiomics_folder/processed_data/metagenomic/unclassified/ZP1_S20_unclassified#.fastq" 		--output "/scratch/users/k24087895/final_project/zymobiomics_folder/processed_data/metagenomic/kraken2/ZP1_S20.kraken2" --use-names "/scratch/users/k24087895/final_project/zymobiomics_folder/processed_data/metagenomic/filtered_fastq/ZP1_S20_metagenomic.1" "/scratch/users/k24087895/final_project/zymobiomics_folder/processed_data/metagenomic/filtered_fastq/ZP1_S20_metagenomic.2" 2>&1
Loading database information... done.
299531 sequences (46.78 Mbp) processed in 1.818s (9883.1 Kseq/m, 1543.66 Mbp/m).
  11612 sequences classified (3.88%)
  287919 sequences unclassified (96.12%)
✅  Classification complete.

Estimating species abundance with Bracken...
 >> Checking for Valid Options...
 >> Running Bracken 
      >> python src/est_abundance.py -i /scratch/users/k24087895/final_project/zymobiomics_folder/results/runs/run_0806_2336/reports/ZP1_S20.k2report -o /scratch/users/k24087895/final_project/zymobiomics_folder/processed_data/metagenomic/bracken/ZP1_S20.bracken -k /scratch/users/k24087895/final_project/data/databases/k2_eupathdb48_20230407/database100mers.kmer_distrib -l S -t 5
>> Checking report file: /scratch/users/k24087895/final_project/zymobiomics_folder/results/runs/run_0806_2336/reports/ZP1_S20.k2report
PROGRAM START TIME: 06-08-2025 22:37:47
BRACKEN SUMMARY (Kraken report: /scratch/users/k24087895/final_project/zymobiomics_folder/results/runs/run_0806_2336/reports/ZP1_S20.k2report)
    >>> Threshold: 5 
    >>> Number of species in sample: 199 
	  >> Number of species with reads > threshold: 82 
	  >> Number of species with reads < threshold: 117 
    >>> Total reads in sample: 299531
	  >> Total reads kept at species level (reads > threshold): 11076
	  >> Total reads discarded (species reads < threshold): 258
	  >> Reads distributed: 251
	  >> Reads not distributed (eg. no species above threshold): 27
	  >> Unclassified reads: 287919
BRACKEN OUTPUT PRODUCED: /scratch/users/k24087895/final_project/zymobiomics_folder/processed_data/metagenomic/bracken/ZP1_S20.bracken
PROGRAM END TIME: 06-08-2025 22:37:47
  Bracken complete.
✅  Abundance estimated.

Generating Krona visualization...
Writing /scratch/users/k24087895/final_project/zymobiomics_folder/results/runs/run_0806_2336/krona/ZP1_S20.krona.html...
✅  Krona plot generated.

Processing sample: ZP2_S21

Classifying metagenomic reads with Kraken2...
kraken2 --db "/scratch/users/k24087895/final_project/data/databases/k2_eupathdb48_20230407" --threads 8 --report "/scratch/users/k24087895/final_project/zymobiomics_folder/results/runs/run_0806_2336/reports/ZP2_S21.k2report" 		--report-minimizer-data --paired --minimum-hit-groups 1 		--classified-out "/scratch/users/k24087895/final_project/zymobiomics_folder/processed_data/metagenomic/classified/ZP2_S21_classified#.fastq" --unclassified-out "/scratch/users/k24087895/final_project/zymobiomics_folder/processed_data/metagenomic/unclassified/ZP2_S21_unclassified#.fastq" 		--output "/scratch/users/k24087895/final_project/zymobiomics_folder/processed_data/metagenomic/kraken2/ZP2_S21.kraken2" --use-names "/scratch/users/k24087895/final_project/zymobiomics_folder/processed_data/metagenomic/filtered_fastq/ZP2_S21_metagenomic.1" "/scratch/users/k24087895/final_project/zymobiomics_folder/processed_data/metagenomic/filtered_fastq/ZP2_S21_metagenomic.2" 2>&1
Loading database information... done.
293442 sequences (42.99 Mbp) processed in 1.685s (10449.3 Kseq/m, 1530.88 Mbp/m).
  10967 sequences classified (3.74%)
  282475 sequences unclassified (96.26%)
✅  Classification complete.

Estimating species abundance with Bracken...
 >> Checking for Valid Options...
 >> Running Bracken 
      >> python src/est_abundance.py -i /scratch/users/k24087895/final_project/zymobiomics_folder/results/runs/run_0806_2336/reports/ZP2_S21.k2report -o /scratch/users/k24087895/final_project/zymobiomics_folder/processed_data/metagenomic/bracken/ZP2_S21.bracken -k /scratch/users/k24087895/final_project/data/databases/k2_eupathdb48_20230407/database100mers.kmer_distrib -l S -t 5
>> Checking report file: /scratch/users/k24087895/final_project/zymobiomics_folder/results/runs/run_0806_2336/reports/ZP2_S21.k2report
PROGRAM START TIME: 06-08-2025 22:38:03
BRACKEN SUMMARY (Kraken report: /scratch/users/k24087895/final_project/zymobiomics_folder/results/runs/run_0806_2336/reports/ZP2_S21.k2report)
    >>> Threshold: 5 
    >>> Number of species in sample: 189 
	  >> Number of species with reads > threshold: 66 
	  >> Number of species with reads < threshold: 123 
    >>> Total reads in sample: 293442
	  >> Total reads kept at species level (reads > threshold): 10482
	  >> Total reads discarded (species reads < threshold): 255
	  >> Reads distributed: 211
	  >> Reads not distributed (eg. no species above threshold): 19
	  >> Unclassified reads: 282475
BRACKEN OUTPUT PRODUCED: /scratch/users/k24087895/final_project/zymobiomics_folder/processed_data/metagenomic/bracken/ZP2_S21.bracken
PROGRAM END TIME: 06-08-2025 22:38:03
  Bracken complete.
✅  Abundance estimated.

Generating Krona visualization...
Writing /scratch/users/k24087895/final_project/zymobiomics_folder/results/runs/run_0806_2336/krona/ZP2_S21.krona.html...
✅  Krona plot generated.

Processing sample: ZP3_S22

Classifying metagenomic reads with Kraken2...
kraken2 --db "/scratch/users/k24087895/final_project/data/databases/k2_eupathdb48_20230407" --threads 8 --report "/scratch/users/k24087895/final_project/zymobiomics_folder/results/runs/run_0806_2336/reports/ZP3_S22.k2report" 		--report-minimizer-data --paired --minimum-hit-groups 1 		--classified-out "/scratch/users/k24087895/final_project/zymobiomics_folder/processed_data/metagenomic/classified/ZP3_S22_classified#.fastq" --unclassified-out "/scratch/users/k24087895/final_project/zymobiomics_folder/processed_data/metagenomic/unclassified/ZP3_S22_unclassified#.fastq" 		--output "/scratch/users/k24087895/final_project/zymobiomics_folder/processed_data/metagenomic/kraken2/ZP3_S22.kraken2" --use-names "/scratch/users/k24087895/final_project/zymobiomics_folder/processed_data/metagenomic/filtered_fastq/ZP3_S22_metagenomic.1" "/scratch/users/k24087895/final_project/zymobiomics_folder/processed_data/metagenomic/filtered_fastq/ZP3_S22_metagenomic.2" 2>&1
Loading database information... done.
326854 sequences (47.05 Mbp) processed in 1.857s (10563.5 Kseq/m, 1520.54 Mbp/m).
  12301 sequences classified (3.76%)
  314553 sequences unclassified (96.24%)
✅  Classification complete.

Estimating species abundance with Bracken...
 >> Checking for Valid Options...
 >> Running Bracken 
      >> python src/est_abundance.py -i /scratch/users/k24087895/final_project/zymobiomics_folder/results/runs/run_0806_2336/reports/ZP3_S22.k2report -o /scratch/users/k24087895/final_project/zymobiomics_folder/processed_data/metagenomic/bracken/ZP3_S22.bracken -k /scratch/users/k24087895/final_project/data/databases/k2_eupathdb48_20230407/database100mers.kmer_distrib -l S -t 5
>> Checking report file: /scratch/users/k24087895/final_project/zymobiomics_folder/results/runs/run_0806_2336/reports/ZP3_S22.k2report
PROGRAM START TIME: 06-08-2025 22:38:19
BRACKEN SUMMARY (Kraken report: /scratch/users/k24087895/final_project/zymobiomics_folder/results/runs/run_0806_2336/reports/ZP3_S22.k2report)
    >>> Threshold: 5 
    >>> Number of species in sample: 196 
	  >> Number of species with reads > threshold: 75 
	  >> Number of species with reads < threshold: 121 
    >>> Total reads in sample: 326854
	  >> Total reads kept at species level (reads > threshold): 11725
	  >> Total reads discarded (species reads < threshold): 292
	  >> Reads distributed: 256
	  >> Reads not distributed (eg. no species above threshold): 28
	  >> Unclassified reads: 314553
BRACKEN OUTPUT PRODUCED: /scratch/users/k24087895/final_project/zymobiomics_folder/processed_data/metagenomic/bracken/ZP3_S22.bracken
PROGRAM END TIME: 06-08-2025 22:38:19
  Bracken complete.
✅  Abundance estimated.

Generating Krona visualization...
Writing /scratch/users/k24087895/final_project/zymobiomics_folder/results/runs/run_0806_2336/krona/ZP3_S22.krona.html...
✅  Krona plot generated.

Metagenomic classification completed in: 00:01:52

Calculating read length statistics...
ZC1_S4_metagenomic.1: mean = 90.3, median = 78.0
ZC2_S5_metagenomic.1: mean = 71.7, median = 63.0
ZC3_S6_metagenomic.1: mean = 78.4, median = 67.0
ZC4_S7_metagenomic.1: mean = 73.4, median = 62.0
ZP1_S20_metagenomic.1: mean = 78.2, median = 69.0
ZP2_S21_metagenomic.1: mean = 73.4, median = 64.0
ZP3_S22_metagenomic.1: mean = 72.0, median = 62.0
ZC1_S4_metagenomic.2: mean = 89.5, median = 78.0
ZC2_S5_metagenomic.2: mean = 71.7, median = 63.0
ZC3_S6_metagenomic.2: mean = 78.1, median = 67.0
ZC4_S7_metagenomic.2: mean = 73.2, median = 62.0
ZP1_S20_metagenomic.2: mean = 78.0, median = 69.0
ZP2_S21_metagenomic.2: mean = 73.1, median = 64.0
ZP3_S22_metagenomic.2: mean = 72.0, median = 63.0
ZC1_S4_classified_1.fastq: mean = 94.4, median = 83.0
ZC1_S4_classified_2.fastq: mean = 93.5, median = 82.0
ZC2_S5_classified_1.fastq: mean = 74.6, median = 65.0
ZC2_S5_classified_2.fastq: mean = 74.5, median = 65.0
ZC3_S6_classified_1.fastq: mean = 81.7, median = 70.0
ZC3_S6_classified_2.fastq: mean = 81.4, median = 70.0
ZC4_S7_classified_1.fastq: mean = 76.3, median = 64.0
ZC4_S7_classified_2.fastq: mean = 76.1, median = 64.0
ZP1_S20_classified_1.fastq: mean = 80.6, median = 71.0
ZP1_S20_classified_2.fastq: mean = 80.3, median = 71.0
ZP2_S21_classified_1.fastq: mean = 76.4, median = 66.0
ZP2_S21_classified_2.fastq: mean = 76.0, median = 66.0
ZP3_S22_classified_1.fastq: mean = 74.0, median = 64.0
ZP3_S22_classified_2.fastq: mean = 73.9, median = 64.0
ZC1_S4_unclassified_1.fastq: mean = 90.0, median = 78.0
ZC1_S4_unclassified_2.fastq: mean = 89.2, median = 78.0
ZC2_S5_unclassified_1.fastq: mean = 71.6, median = 62.0
ZC2_S5_unclassified_2.fastq: mean = 71.5, median = 63.0
ZC3_S6_unclassified_1.fastq: mean = 78.2, median = 67.0
ZC3_S6_unclassified_2.fastq: mean = 77.9, median = 67.0
ZC4_S7_unclassified_1.fastq: mean = 73.2, median = 62.0
ZC4_S7_unclassified_2.fastq: mean = 73.0, median = 62.0
ZP1_S20_unclassified_1.fastq: mean = 78.1, median = 69.0
ZP1_S20_unclassified_2.fastq: mean = 77.9, median = 69.0
ZP2_S21_unclassified_1.fastq: mean = 73.3, median = 64.0
ZP2_S21_unclassified_2.fastq: mean = 73.0, median = 64.0
ZP3_S22_unclassified_1.fastq: mean = 71.9, median = 62.0
ZP3_S22_unclassified_2.fastq: mean = 71.9, median = 63.0
✅ Statistics generated.

Combining Bracken reports...
✅ Bracken reports combined.

Copying SLURM job logs...
✅ SLURM job logs copied.

================================================= COMPARISON TO GROUND TRUTH =================================================

================================================= METAGENOMIC DIVERSITY ANALYSIS =================================================
Calculating alpha and beta diversity...
✅ Alpha diversity calculated.
✅ Beta diversity heatmap generated.
✅  Diversity analysis completed successfully.

✅  Pipeline completed successfully.

Copying final SLURM job logs
