✅ Conda environment 'final_project' activated.
📦 Downloading NCBI taxonomy to: /scratch/users/k24087895/final_project/metagenome_analysis/data/databases/custom_db
📦 Downloading human reference library to: /scratch/users/k24087895/final_project/metagenome_analysis/data/databases/custom_db
📥 Downloading selected genomes...
🧬 Tagging genome headers with taxids...
Tagging GCF_000005845.2_ASM584v2_genomic.fna with taxid 562...
>kraken:taxid|562|NC_000913.3 Escherichia coli str. K-12 substr. MG1655, complete genome
Tagging GCF_000006765.1_ASM676v1_genomic.fna with taxid 208964...
>kraken:taxid|208964|NC_002516.2 Pseudomonas aeruginosa PAO1, complete genome
Tagging GCF_000006945.2_ASM694v2_genomic.fna with taxid 28901...
>kraken:taxid|28901|NC_003197.2 Salmonella enterica subsp. enterica serovar Typhimurium str. LT2, complete genome
Tagging GCF_000008865.2_ASM886v2_genomic.fna with taxid 562...
>kraken:taxid|562|NC_002695.2 Escherichia coli O157:H7 str. Sakai DNA, complete genome
Tagging GCF_000009045.1_ASM904v1_genomic.fna with taxid 224308...
>kraken:taxid|224308|NC_000964.3 Bacillus subtilis subsp. subtilis str. 168 complete genome
Tagging GCF_000013425.1_ASM1342v1_genomic.fna with taxid 1280...
>kraken:taxid|1280|NC_007795.1 Staphylococcus aureus subsp. aureus NCTC 8325 chromosome, complete genome
Tagging GCF_000091045.1_ASM9104v1_genomic.fna with taxid 5207...
>kraken:taxid|5207|NC_006670.1 Cryptococcus neoformans var. neoformans JEC21 chromosome 1, complete sequence
Tagging GCF_000146045.2_R64_genomic.fna with taxid 4932...
>kraken:taxid|4932|NC_001133.9 Saccharomyces cerevisiae S288C chromosome I, complete sequence
Tagging GCF_000196035.1_ASM19603v1_genomic.fna with taxid 169963...
>kraken:taxid|169963|NC_003210.1 Listeria monocytogenes EGD-e chromosome, complete genome
Tagging GCF_000393015.1_Ente_faec_T5_V1_genomic.fna with taxid 1351...
>kraken:taxid|1351|NZ_KB944666.1 Enterococcus faecalis EnGen0336 strain T5 acAro-supercont1.1, whole genome shotgun sequence
Tagging GCF_029961225.1_ASM2996122v1_genomic.fna with taxid 1613...
>kraken:taxid|1613|NZ_CP124737.1 Limosilactobacillus fermentum strain EFEL6800 chromosome, complete genome
📚 Adding genomes to Kraken2 DB...
Adding GCF_000005845.2_ASM584v2_genomic.fna...
Adding GCF_000006765.1_ASM676v1_genomic.fna...
Adding GCF_000006945.2_ASM694v2_genomic.fna...
Adding GCF_000008865.2_ASM886v2_genomic.fna...
Adding GCF_000009045.1_ASM904v1_genomic.fna...
Adding GCF_000013425.1_ASM1342v1_genomic.fna...
Adding GCF_000091045.1_ASM9104v1_genomic.fna...
Adding GCF_000146045.2_R64_genomic.fna...
Adding GCF_000196035.1_ASM19603v1_genomic.fna...
Adding GCF_000393015.1_Ente_faec_T5_V1_genomic.fna...
Adding GCF_029961225.1_ASM2996122v1_genomic.fna...
🔧 Building Kraken2 database (max size = 16G)...
Creating sequence ID to taxonomy ID map (step 1)...
Sequence ID to taxonomy ID map complete. [0.036s]
Estimating required capacity (step 2)...
Estimated hash table requirement: 4244496088 bytes
Specifying lower maximum hash table size of 16 bytes
Capacity estimation complete. [2m30.770s]
Building database files (step 3)...
